[2024-10-21T02:39:31.767+0000] {taskinstance.py:1159} INFO - Dependencies all met for dep_context=non-requeueable deps ti=<TaskInstance: crypto_tickers_etl.transform manual__2024-10-21T02:34:18.846106+00:00 [queued]>
[2024-10-21T02:39:31.776+0000] {taskinstance.py:1159} INFO - Dependencies all met for dep_context=requeueable deps ti=<TaskInstance: crypto_tickers_etl.transform manual__2024-10-21T02:34:18.846106+00:00 [queued]>
[2024-10-21T02:39:31.777+0000] {taskinstance.py:1361} INFO - Starting attempt 2 of 2
[2024-10-21T02:39:31.790+0000] {taskinstance.py:1382} INFO - Executing <Task(PythonOperator): transform> on 2024-10-21 02:34:18.846106+00:00
[2024-10-21T02:39:31.802+0000] {standard_task_runner.py:57} INFO - Started process 323 to run task
[2024-10-21T02:39:31.805+0000] {standard_task_runner.py:84} INFO - Running: ['***', 'tasks', 'run', 'crypto_tickers_etl', 'transform', 'manual__2024-10-21T02:34:18.846106+00:00', '--job-id', '696', '--raw', '--subdir', 'DAGS_FOLDER/crypto_etl_dag.py', '--cfg-path', '/tmp/tmp2tpbu448']
[2024-10-21T02:39:31.806+0000] {standard_task_runner.py:85} INFO - Job 696: Subtask transform
[2024-10-21T02:39:31.865+0000] {task_command.py:416} INFO - Running <TaskInstance: crypto_tickers_etl.transform manual__2024-10-21T02:34:18.846106+00:00 [running]> on host 9ef7466b1d1e
[2024-10-21T02:39:32.005+0000] {taskinstance.py:1662} INFO - Exporting env vars: AIRFLOW_CTX_DAG_OWNER='***' AIRFLOW_CTX_DAG_ID='crypto_tickers_etl' AIRFLOW_CTX_TASK_ID='transform' AIRFLOW_CTX_EXECUTION_DATE='2024-10-21T02:34:18.846106+00:00' AIRFLOW_CTX_TRY_NUMBER='2' AIRFLOW_CTX_DAG_RUN_ID='manual__2024-10-21T02:34:18.846106+00:00'
[2024-10-21T02:39:32.030+0000] {taskinstance.py:1937} ERROR - Task failed with exception
Traceback (most recent call last):
  File "/home/airflow/.local/lib/python3.8/site-packages/airflow/operators/python.py", line 192, in execute
    return_value = self.execute_callable()
  File "/home/airflow/.local/lib/python3.8/site-packages/airflow/operators/python.py", line 209, in execute_callable
    return self.python_callable(*self.op_args, **self.op_kwargs)
  File "/opt/airflow/dags/crypto_etl_dag.py", line 19, in transform_data
    tickers = data['tickers']
KeyError: 'tickers'
[2024-10-21T02:39:32.048+0000] {taskinstance.py:1400} INFO - Marking task as FAILED. dag_id=crypto_tickers_etl, task_id=transform, execution_date=20241021T023418, start_date=20241021T023931, end_date=20241021T023932
[2024-10-21T02:39:32.076+0000] {standard_task_runner.py:104} ERROR - Failed to execute job 696 for task transform ('tickers'; 323)
[2024-10-21T02:39:32.099+0000] {local_task_job_runner.py:228} INFO - Task exited with return code 1
[2024-10-21T02:39:32.132+0000] {taskinstance.py:2778} INFO - 0 downstream tasks scheduled from follow-on schedule check
