[2024-10-21T02:40:03.049+0000] {taskinstance.py:1159} INFO - Dependencies all met for dep_context=non-requeueable deps ti=<TaskInstance: crypto_tickers_etl.load scheduled__2024-09-21T00:00:00+00:00 [queued]>
[2024-10-21T02:40:03.074+0000] {taskinstance.py:1159} INFO - Dependencies all met for dep_context=requeueable deps ti=<TaskInstance: crypto_tickers_etl.load scheduled__2024-09-21T00:00:00+00:00 [queued]>
[2024-10-21T02:40:03.076+0000] {taskinstance.py:1361} INFO - Starting attempt 1 of 2
[2024-10-21T02:40:03.112+0000] {taskinstance.py:1382} INFO - Executing <Task(PythonOperator): load> on 2024-09-21 00:00:00+00:00
[2024-10-21T02:40:03.136+0000] {standard_task_runner.py:57} INFO - Started process 444 to run task
[2024-10-21T02:40:03.142+0000] {standard_task_runner.py:84} INFO - Running: ['***', 'tasks', 'run', 'crypto_tickers_etl', 'load', 'scheduled__2024-09-21T00:00:00+00:00', '--job-id', '733', '--raw', '--subdir', 'DAGS_FOLDER/crypto_etl_dag.py', '--cfg-path', '/tmp/tmpzldbbww4']
[2024-10-21T02:40:03.144+0000] {standard_task_runner.py:85} INFO - Job 733: Subtask load
[2024-10-21T02:40:03.256+0000] {task_command.py:416} INFO - Running <TaskInstance: crypto_tickers_etl.load scheduled__2024-09-21T00:00:00+00:00 [running]> on host 9ef7466b1d1e
[2024-10-21T02:40:03.516+0000] {taskinstance.py:1662} INFO - Exporting env vars: AIRFLOW_CTX_DAG_OWNER='***' AIRFLOW_CTX_DAG_ID='crypto_tickers_etl' AIRFLOW_CTX_TASK_ID='load' AIRFLOW_CTX_EXECUTION_DATE='2024-09-21T00:00:00+00:00' AIRFLOW_CTX_TRY_NUMBER='1' AIRFLOW_CTX_DAG_RUN_ID='scheduled__2024-09-21T00:00:00+00:00'
[2024-10-21T02:40:03.535+0000] {taskinstance.py:1937} ERROR - Task failed with exception
Traceback (most recent call last):
  File "/home/airflow/.local/lib/python3.8/site-packages/airflow/operators/python.py", line 192, in execute
    return_value = self.execute_callable()
  File "/home/airflow/.local/lib/python3.8/site-packages/airflow/operators/python.py", line 209, in execute_callable
    return self.python_callable(*self.op_args, **self.op_kwargs)
  File "/opt/airflow/dags/crypto_etl_dag.py", line 36, in load_to_db
    df = pd.read_csv(data_path, parse_dates=['timestamp', 'last_traded_at', 'last_fetch_at'])
  File "/home/airflow/.local/lib/python3.8/site-packages/pandas/io/parsers/readers.py", line 912, in read_csv
    return _read(filepath_or_buffer, kwds)
  File "/home/airflow/.local/lib/python3.8/site-packages/pandas/io/parsers/readers.py", line 577, in _read
    parser = TextFileReader(filepath_or_buffer, **kwds)
  File "/home/airflow/.local/lib/python3.8/site-packages/pandas/io/parsers/readers.py", line 1407, in __init__
    self._engine = self._make_engine(f, self.engine)
  File "/home/airflow/.local/lib/python3.8/site-packages/pandas/io/parsers/readers.py", line 1679, in _make_engine
    return mapping[engine](f, **self.options)
  File "/home/airflow/.local/lib/python3.8/site-packages/pandas/io/parsers/c_parser_wrapper.py", line 93, in __init__
    self._reader = parsers.TextReader(src, **kwds)
  File "pandas/_libs/parsers.pyx", line 557, in pandas._libs.parsers.TextReader.__cinit__
pandas.errors.EmptyDataError: No columns to parse from file
[2024-10-21T02:40:03.561+0000] {taskinstance.py:1400} INFO - Marking task as UP_FOR_RETRY. dag_id=crypto_tickers_etl, task_id=load, execution_date=20240921T000000, start_date=20241021T024003, end_date=20241021T024003
[2024-10-21T02:40:03.590+0000] {standard_task_runner.py:104} ERROR - Failed to execute job 733 for task load (No columns to parse from file; 444)
[2024-10-21T02:40:03.643+0000] {local_task_job_runner.py:228} INFO - Task exited with return code 1
[2024-10-21T02:40:03.681+0000] {taskinstance.py:2778} INFO - 0 downstream tasks scheduled from follow-on schedule check
