[2024-10-19T16:05:35.238+0000] {processor.py:157} INFO - Started process (PID=98) to work on /home/airflow/.local/lib/python3.8/site-packages/airflow/example_dags/example_subdag_operator.py
[2024-10-19T16:05:35.241+0000] {processor.py:829} INFO - Processing file /home/airflow/.local/lib/python3.8/site-packages/airflow/example_dags/example_subdag_operator.py for tasks to queue
[2024-10-19T16:05:35.247+0000] {logging_mixin.py:154} INFO - [2024-10-19T16:05:35.246+0000] {dagbag.py:536} INFO - Filling up the DagBag from /home/airflow/.local/lib/python3.8/site-packages/airflow/example_dags/example_subdag_operator.py
[2024-10-19T16:05:35.331+0000] {processor.py:839} INFO - DAG(s) dict_keys(['example_subdag_operator.section-1', 'example_subdag_operator.section-2', 'example_subdag_operator']) retrieved from /home/airflow/.local/lib/python3.8/site-packages/airflow/example_dags/example_subdag_operator.py
[2024-10-19T16:05:35.370+0000] {logging_mixin.py:154} INFO - [2024-10-19T16:05:35.370+0000] {dag.py:2941} INFO - Sync 3 DAGs
[2024-10-19T16:05:35.416+0000] {logging_mixin.py:154} INFO - [2024-10-19T16:05:35.416+0000] {dag.py:3722} INFO - Setting next_dagrun for example_subdag_operator to 2022-01-01T00:00:00+00:00, run_after=2022-01-01T00:00:00+00:00
[2024-10-19T16:05:35.424+0000] {logging_mixin.py:154} INFO - [2024-10-19T16:05:35.423+0000] {dag.py:3722} INFO - Setting next_dagrun for example_subdag_operator.section-1 to None, run_after=None
[2024-10-19T16:05:35.427+0000] {logging_mixin.py:154} INFO - [2024-10-19T16:05:35.426+0000] {dag.py:3722} INFO - Setting next_dagrun for example_subdag_operator.section-2 to None, run_after=None
[2024-10-19T16:05:35.443+0000] {logging_mixin.py:154} INFO - [2024-10-19T16:05:35.443+0000] {dag.py:2941} INFO - Sync 2 DAGs
[2024-10-19T16:05:35.457+0000] {logging_mixin.py:154} INFO - [2024-10-19T16:05:35.457+0000] {dag.py:3722} INFO - Setting next_dagrun for example_subdag_operator.section-1 to None, run_after=None
[2024-10-19T16:05:35.458+0000] {logging_mixin.py:154} INFO - [2024-10-19T16:05:35.458+0000] {dag.py:3722} INFO - Setting next_dagrun for example_subdag_operator.section-2 to None, run_after=None
[2024-10-19T16:05:35.483+0000] {processor.py:179} INFO - Processing /home/airflow/.local/lib/python3.8/site-packages/airflow/example_dags/example_subdag_operator.py took 0.254 seconds
[2024-10-19T16:06:05.581+0000] {processor.py:157} INFO - Started process (PID=152) to work on /home/airflow/.local/lib/python3.8/site-packages/airflow/example_dags/example_subdag_operator.py
[2024-10-19T16:06:05.583+0000] {processor.py:829} INFO - Processing file /home/airflow/.local/lib/python3.8/site-packages/airflow/example_dags/example_subdag_operator.py for tasks to queue
[2024-10-19T16:06:05.586+0000] {logging_mixin.py:154} INFO - [2024-10-19T16:06:05.585+0000] {dagbag.py:536} INFO - Filling up the DagBag from /home/airflow/.local/lib/python3.8/site-packages/airflow/example_dags/example_subdag_operator.py
[2024-10-19T16:06:05.622+0000] {processor.py:839} INFO - DAG(s) dict_keys(['example_subdag_operator.section-1', 'example_subdag_operator.section-2', 'example_subdag_operator']) retrieved from /home/airflow/.local/lib/python3.8/site-packages/airflow/example_dags/example_subdag_operator.py
[2024-10-19T16:06:05.644+0000] {logging_mixin.py:154} INFO - [2024-10-19T16:06:05.644+0000] {dag.py:2941} INFO - Sync 3 DAGs
[2024-10-19T16:06:05.671+0000] {logging_mixin.py:154} INFO - [2024-10-19T16:06:05.671+0000] {dag.py:3722} INFO - Setting next_dagrun for example_subdag_operator to 2022-01-01T00:00:00+00:00, run_after=2022-01-01T00:00:00+00:00
[2024-10-19T16:06:05.675+0000] {logging_mixin.py:154} INFO - [2024-10-19T16:06:05.675+0000] {dag.py:3722} INFO - Setting next_dagrun for example_subdag_operator.section-1 to None, run_after=None
[2024-10-19T16:06:05.678+0000] {logging_mixin.py:154} INFO - [2024-10-19T16:06:05.677+0000] {dag.py:3722} INFO - Setting next_dagrun for example_subdag_operator.section-2 to None, run_after=None
[2024-10-19T16:06:05.688+0000] {logging_mixin.py:154} INFO - [2024-10-19T16:06:05.688+0000] {dag.py:2941} INFO - Sync 2 DAGs
[2024-10-19T16:06:05.698+0000] {logging_mixin.py:154} INFO - [2024-10-19T16:06:05.698+0000] {dag.py:3722} INFO - Setting next_dagrun for example_subdag_operator.section-1 to None, run_after=None
[2024-10-19T16:06:05.699+0000] {logging_mixin.py:154} INFO - [2024-10-19T16:06:05.699+0000] {dag.py:3722} INFO - Setting next_dagrun for example_subdag_operator.section-2 to None, run_after=None
[2024-10-19T16:06:05.717+0000] {processor.py:179} INFO - Processing /home/airflow/.local/lib/python3.8/site-packages/airflow/example_dags/example_subdag_operator.py took 0.139 seconds
[2024-10-19T16:06:35.875+0000] {processor.py:157} INFO - Started process (PID=206) to work on /home/airflow/.local/lib/python3.8/site-packages/airflow/example_dags/example_subdag_operator.py
[2024-10-19T16:06:35.876+0000] {processor.py:829} INFO - Processing file /home/airflow/.local/lib/python3.8/site-packages/airflow/example_dags/example_subdag_operator.py for tasks to queue
[2024-10-19T16:06:35.878+0000] {logging_mixin.py:154} INFO - [2024-10-19T16:06:35.878+0000] {dagbag.py:536} INFO - Filling up the DagBag from /home/airflow/.local/lib/python3.8/site-packages/airflow/example_dags/example_subdag_operator.py
[2024-10-19T16:06:35.905+0000] {processor.py:839} INFO - DAG(s) dict_keys(['example_subdag_operator.section-1', 'example_subdag_operator.section-2', 'example_subdag_operator']) retrieved from /home/airflow/.local/lib/python3.8/site-packages/airflow/example_dags/example_subdag_operator.py
[2024-10-19T16:06:35.922+0000] {logging_mixin.py:154} INFO - [2024-10-19T16:06:35.922+0000] {dag.py:2941} INFO - Sync 3 DAGs
[2024-10-19T16:06:35.949+0000] {logging_mixin.py:154} INFO - [2024-10-19T16:06:35.948+0000] {dag.py:3722} INFO - Setting next_dagrun for example_subdag_operator to 2022-01-01T00:00:00+00:00, run_after=2022-01-01T00:00:00+00:00
[2024-10-19T16:06:35.953+0000] {logging_mixin.py:154} INFO - [2024-10-19T16:06:35.952+0000] {dag.py:3722} INFO - Setting next_dagrun for example_subdag_operator.section-1 to None, run_after=None
[2024-10-19T16:06:35.955+0000] {logging_mixin.py:154} INFO - [2024-10-19T16:06:35.955+0000] {dag.py:3722} INFO - Setting next_dagrun for example_subdag_operator.section-2 to None, run_after=None
[2024-10-19T16:06:35.963+0000] {logging_mixin.py:154} INFO - [2024-10-19T16:06:35.962+0000] {dag.py:2941} INFO - Sync 2 DAGs
[2024-10-19T16:06:35.969+0000] {logging_mixin.py:154} INFO - [2024-10-19T16:06:35.969+0000] {dag.py:3722} INFO - Setting next_dagrun for example_subdag_operator.section-1 to None, run_after=None
[2024-10-19T16:06:35.970+0000] {logging_mixin.py:154} INFO - [2024-10-19T16:06:35.970+0000] {dag.py:3722} INFO - Setting next_dagrun for example_subdag_operator.section-2 to None, run_after=None
[2024-10-19T16:06:35.984+0000] {processor.py:179} INFO - Processing /home/airflow/.local/lib/python3.8/site-packages/airflow/example_dags/example_subdag_operator.py took 0.112 seconds
