[2024-10-19T16:05:32.092+0000] {processor.py:157} INFO - Started process (PID=77) to work on /home/airflow/.local/lib/python3.8/site-packages/airflow/example_dags/example_python_operator.py
[2024-10-19T16:05:32.095+0000] {processor.py:829} INFO - Processing file /home/airflow/.local/lib/python3.8/site-packages/airflow/example_dags/example_python_operator.py for tasks to queue
[2024-10-19T16:05:32.101+0000] {logging_mixin.py:154} INFO - [2024-10-19T16:05:32.100+0000] {dagbag.py:536} INFO - Filling up the DagBag from /home/airflow/.local/lib/python3.8/site-packages/airflow/example_dags/example_python_operator.py
[2024-10-19T16:05:32.172+0000] {processor.py:839} INFO - DAG(s) dict_keys(['example_python_operator']) retrieved from /home/airflow/.local/lib/python3.8/site-packages/airflow/example_dags/example_python_operator.py
[2024-10-19T16:05:32.218+0000] {logging_mixin.py:154} INFO - [2024-10-19T16:05:32.217+0000] {dag.py:2941} INFO - Sync 1 DAGs
[2024-10-19T16:05:32.291+0000] {logging_mixin.py:154} INFO - [2024-10-19T16:05:32.290+0000] {dag.py:3722} INFO - Setting next_dagrun for example_python_operator to None, run_after=None
[2024-10-19T16:05:32.356+0000] {processor.py:179} INFO - Processing /home/airflow/.local/lib/python3.8/site-packages/airflow/example_dags/example_python_operator.py took 0.272 seconds
[2024-10-19T16:06:03.235+0000] {processor.py:157} INFO - Started process (PID=131) to work on /home/airflow/.local/lib/python3.8/site-packages/airflow/example_dags/example_python_operator.py
[2024-10-19T16:06:03.237+0000] {processor.py:829} INFO - Processing file /home/airflow/.local/lib/python3.8/site-packages/airflow/example_dags/example_python_operator.py for tasks to queue
[2024-10-19T16:06:03.240+0000] {logging_mixin.py:154} INFO - [2024-10-19T16:06:03.240+0000] {dagbag.py:536} INFO - Filling up the DagBag from /home/airflow/.local/lib/python3.8/site-packages/airflow/example_dags/example_python_operator.py
[2024-10-19T16:06:03.258+0000] {processor.py:839} INFO - DAG(s) dict_keys(['example_python_operator']) retrieved from /home/airflow/.local/lib/python3.8/site-packages/airflow/example_dags/example_python_operator.py
[2024-10-19T16:06:03.467+0000] {logging_mixin.py:154} INFO - [2024-10-19T16:06:03.467+0000] {dag.py:2941} INFO - Sync 1 DAGs
[2024-10-19T16:06:03.497+0000] {logging_mixin.py:154} INFO - [2024-10-19T16:06:03.497+0000] {dag.py:3722} INFO - Setting next_dagrun for example_python_operator to None, run_after=None
[2024-10-19T16:06:03.544+0000] {processor.py:179} INFO - Processing /home/airflow/.local/lib/python3.8/site-packages/airflow/example_dags/example_python_operator.py took 0.314 seconds
[2024-10-19T16:06:33.622+0000] {processor.py:157} INFO - Started process (PID=185) to work on /home/airflow/.local/lib/python3.8/site-packages/airflow/example_dags/example_python_operator.py
[2024-10-19T16:06:33.623+0000] {processor.py:829} INFO - Processing file /home/airflow/.local/lib/python3.8/site-packages/airflow/example_dags/example_python_operator.py for tasks to queue
[2024-10-19T16:06:33.627+0000] {logging_mixin.py:154} INFO - [2024-10-19T16:06:33.626+0000] {dagbag.py:536} INFO - Filling up the DagBag from /home/airflow/.local/lib/python3.8/site-packages/airflow/example_dags/example_python_operator.py
[2024-10-19T16:06:33.637+0000] {processor.py:839} INFO - DAG(s) dict_keys(['example_python_operator']) retrieved from /home/airflow/.local/lib/python3.8/site-packages/airflow/example_dags/example_python_operator.py
[2024-10-19T16:06:33.660+0000] {logging_mixin.py:154} INFO - [2024-10-19T16:06:33.660+0000] {dag.py:2941} INFO - Sync 1 DAGs
[2024-10-19T16:06:33.673+0000] {logging_mixin.py:154} INFO - [2024-10-19T16:06:33.673+0000] {dag.py:3722} INFO - Setting next_dagrun for example_python_operator to None, run_after=None
[2024-10-19T16:06:33.700+0000] {processor.py:179} INFO - Processing /home/airflow/.local/lib/python3.8/site-packages/airflow/example_dags/example_python_operator.py took 0.081 seconds
