[2024-10-19T16:05:33.308+0000] {processor.py:157} INFO - Started process (PID=84) to work on /home/airflow/.local/lib/python3.8/site-packages/airflow/example_dags/example_datasets.py
[2024-10-19T16:05:33.310+0000] {processor.py:829} INFO - Processing file /home/airflow/.local/lib/python3.8/site-packages/airflow/example_dags/example_datasets.py for tasks to queue
[2024-10-19T16:05:33.315+0000] {logging_mixin.py:154} INFO - [2024-10-19T16:05:33.315+0000] {dagbag.py:536} INFO - Filling up the DagBag from /home/airflow/.local/lib/python3.8/site-packages/airflow/example_dags/example_datasets.py
[2024-10-19T16:05:33.339+0000] {processor.py:839} INFO - DAG(s) dict_keys(['dataset_produces_2', 'dataset_consumes_unknown_never_scheduled', 'dataset_consumes_1_and_2', 'dataset_consumes_1_never_scheduled', 'dataset_produces_1', 'dataset_consumes_1']) retrieved from /home/airflow/.local/lib/python3.8/site-packages/airflow/example_dags/example_datasets.py
[2024-10-19T16:05:33.398+0000] {logging_mixin.py:154} INFO - [2024-10-19T16:05:33.397+0000] {dag.py:2941} INFO - Sync 6 DAGs
[2024-10-19T16:05:33.472+0000] {logging_mixin.py:154} INFO - [2024-10-19T16:05:33.471+0000] {dag.py:3722} INFO - Setting next_dagrun for dataset_consumes_1 to None, run_after=None
[2024-10-19T16:05:33.481+0000] {logging_mixin.py:154} INFO - [2024-10-19T16:05:33.481+0000] {dag.py:3722} INFO - Setting next_dagrun for dataset_consumes_1_and_2 to None, run_after=None
[2024-10-19T16:05:33.485+0000] {logging_mixin.py:154} INFO - [2024-10-19T16:05:33.484+0000] {dag.py:3722} INFO - Setting next_dagrun for dataset_consumes_1_never_scheduled to None, run_after=None
[2024-10-19T16:05:33.488+0000] {logging_mixin.py:154} INFO - [2024-10-19T16:05:33.488+0000] {dag.py:3722} INFO - Setting next_dagrun for dataset_consumes_unknown_never_scheduled to None, run_after=None
[2024-10-19T16:05:33.499+0000] {logging_mixin.py:154} INFO - [2024-10-19T16:05:33.499+0000] {dag.py:3722} INFO - Setting next_dagrun for dataset_produces_1 to 2024-10-18T00:00:00+00:00, run_after=2024-10-19T00:00:00+00:00
[2024-10-19T16:05:33.503+0000] {logging_mixin.py:154} INFO - [2024-10-19T16:05:33.502+0000] {dag.py:3722} INFO - Setting next_dagrun for dataset_produces_2 to None, run_after=None
[2024-10-19T16:05:33.600+0000] {processor.py:179} INFO - Processing /home/airflow/.local/lib/python3.8/site-packages/airflow/example_dags/example_datasets.py took 0.299 seconds
[2024-10-19T16:06:04.178+0000] {processor.py:157} INFO - Started process (PID=138) to work on /home/airflow/.local/lib/python3.8/site-packages/airflow/example_dags/example_datasets.py
[2024-10-19T16:06:04.180+0000] {processor.py:829} INFO - Processing file /home/airflow/.local/lib/python3.8/site-packages/airflow/example_dags/example_datasets.py for tasks to queue
[2024-10-19T16:06:04.184+0000] {logging_mixin.py:154} INFO - [2024-10-19T16:06:04.183+0000] {dagbag.py:536} INFO - Filling up the DagBag from /home/airflow/.local/lib/python3.8/site-packages/airflow/example_dags/example_datasets.py
[2024-10-19T16:06:04.198+0000] {processor.py:839} INFO - DAG(s) dict_keys(['dataset_produces_1', 'dataset_produces_2', 'dataset_consumes_unknown_never_scheduled', 'dataset_consumes_1_and_2', 'dataset_consumes_1_never_scheduled', 'dataset_consumes_1']) retrieved from /home/airflow/.local/lib/python3.8/site-packages/airflow/example_dags/example_datasets.py
[2024-10-19T16:06:04.263+0000] {logging_mixin.py:154} INFO - [2024-10-19T16:06:04.262+0000] {dag.py:2941} INFO - Sync 6 DAGs
[2024-10-19T16:06:04.306+0000] {logging_mixin.py:154} INFO - [2024-10-19T16:06:04.306+0000] {dag.py:3722} INFO - Setting next_dagrun for dataset_consumes_1 to None, run_after=None
[2024-10-19T16:06:04.314+0000] {logging_mixin.py:154} INFO - [2024-10-19T16:06:04.314+0000] {dag.py:3722} INFO - Setting next_dagrun for dataset_consumes_1_and_2 to None, run_after=None
[2024-10-19T16:06:04.318+0000] {logging_mixin.py:154} INFO - [2024-10-19T16:06:04.317+0000] {dag.py:3722} INFO - Setting next_dagrun for dataset_consumes_1_never_scheduled to None, run_after=None
[2024-10-19T16:06:04.321+0000] {logging_mixin.py:154} INFO - [2024-10-19T16:06:04.321+0000] {dag.py:3722} INFO - Setting next_dagrun for dataset_consumes_unknown_never_scheduled to None, run_after=None
[2024-10-19T16:06:04.327+0000] {logging_mixin.py:154} INFO - [2024-10-19T16:06:04.327+0000] {dag.py:3722} INFO - Setting next_dagrun for dataset_produces_1 to 2024-10-18T00:00:00+00:00, run_after=2024-10-19T00:00:00+00:00
[2024-10-19T16:06:04.331+0000] {logging_mixin.py:154} INFO - [2024-10-19T16:06:04.331+0000] {dag.py:3722} INFO - Setting next_dagrun for dataset_produces_2 to None, run_after=None
[2024-10-19T16:06:04.393+0000] {processor.py:179} INFO - Processing /home/airflow/.local/lib/python3.8/site-packages/airflow/example_dags/example_datasets.py took 0.220 seconds
[2024-10-19T16:06:35.103+0000] {processor.py:157} INFO - Started process (PID=192) to work on /home/airflow/.local/lib/python3.8/site-packages/airflow/example_dags/example_datasets.py
[2024-10-19T16:06:35.104+0000] {processor.py:829} INFO - Processing file /home/airflow/.local/lib/python3.8/site-packages/airflow/example_dags/example_datasets.py for tasks to queue
[2024-10-19T16:06:35.106+0000] {logging_mixin.py:154} INFO - [2024-10-19T16:06:35.106+0000] {dagbag.py:536} INFO - Filling up the DagBag from /home/airflow/.local/lib/python3.8/site-packages/airflow/example_dags/example_datasets.py
[2024-10-19T16:06:35.123+0000] {processor.py:839} INFO - DAG(s) dict_keys(['dataset_consumes_1_and_2', 'dataset_produces_2', 'dataset_produces_1', 'dataset_consumes_unknown_never_scheduled', 'dataset_consumes_1_never_scheduled', 'dataset_consumes_1']) retrieved from /home/airflow/.local/lib/python3.8/site-packages/airflow/example_dags/example_datasets.py
[2024-10-19T16:06:35.166+0000] {logging_mixin.py:154} INFO - [2024-10-19T16:06:35.166+0000] {dag.py:2941} INFO - Sync 6 DAGs
[2024-10-19T16:06:35.190+0000] {logging_mixin.py:154} INFO - [2024-10-19T16:06:35.189+0000] {dag.py:3722} INFO - Setting next_dagrun for dataset_consumes_1 to None, run_after=None
[2024-10-19T16:06:35.194+0000] {logging_mixin.py:154} INFO - [2024-10-19T16:06:35.194+0000] {dag.py:3722} INFO - Setting next_dagrun for dataset_consumes_1_and_2 to None, run_after=None
[2024-10-19T16:06:35.197+0000] {logging_mixin.py:154} INFO - [2024-10-19T16:06:35.196+0000] {dag.py:3722} INFO - Setting next_dagrun for dataset_consumes_1_never_scheduled to None, run_after=None
[2024-10-19T16:06:35.199+0000] {logging_mixin.py:154} INFO - [2024-10-19T16:06:35.199+0000] {dag.py:3722} INFO - Setting next_dagrun for dataset_consumes_unknown_never_scheduled to None, run_after=None
[2024-10-19T16:06:35.204+0000] {logging_mixin.py:154} INFO - [2024-10-19T16:06:35.203+0000] {dag.py:3722} INFO - Setting next_dagrun for dataset_produces_1 to 2024-10-18T00:00:00+00:00, run_after=2024-10-19T00:00:00+00:00
[2024-10-19T16:06:35.207+0000] {logging_mixin.py:154} INFO - [2024-10-19T16:06:35.206+0000] {dag.py:3722} INFO - Setting next_dagrun for dataset_produces_2 to None, run_after=None
[2024-10-19T16:06:35.248+0000] {processor.py:179} INFO - Processing /home/airflow/.local/lib/python3.8/site-packages/airflow/example_dags/example_datasets.py took 0.148 seconds
