[2024-10-19T16:05:31.075+0000] {processor.py:157} INFO - Started process (PID=64) to work on /home/airflow/.local/lib/python3.8/site-packages/airflow/example_dags/example_latest_only_with_trigger.py
[2024-10-19T16:05:31.083+0000] {processor.py:829} INFO - Processing file /home/airflow/.local/lib/python3.8/site-packages/airflow/example_dags/example_latest_only_with_trigger.py for tasks to queue
[2024-10-19T16:05:31.104+0000] {logging_mixin.py:154} INFO - [2024-10-19T16:05:31.104+0000] {dagbag.py:536} INFO - Filling up the DagBag from /home/airflow/.local/lib/python3.8/site-packages/airflow/example_dags/example_latest_only_with_trigger.py
[2024-10-19T16:05:31.132+0000] {processor.py:839} INFO - DAG(s) dict_keys(['latest_only_with_trigger']) retrieved from /home/airflow/.local/lib/python3.8/site-packages/airflow/example_dags/example_latest_only_with_trigger.py
[2024-10-19T16:05:31.198+0000] {logging_mixin.py:154} INFO - [2024-10-19T16:05:31.197+0000] {dag.py:2941} INFO - Sync 1 DAGs
[2024-10-19T16:05:31.262+0000] {logging_mixin.py:154} INFO - [2024-10-19T16:05:31.262+0000] {dag.py:3722} INFO - Setting next_dagrun for latest_only_with_trigger to 2024-10-19T12:05:31.260069+00:00, run_after=2024-10-19T16:05:31.260069+00:00
[2024-10-19T16:05:31.305+0000] {processor.py:179} INFO - Processing /home/airflow/.local/lib/python3.8/site-packages/airflow/example_dags/example_latest_only_with_trigger.py took 0.236 seconds
[2024-10-19T16:06:01.512+0000] {processor.py:157} INFO - Started process (PID=117) to work on /home/airflow/.local/lib/python3.8/site-packages/airflow/example_dags/example_latest_only_with_trigger.py
[2024-10-19T16:06:01.514+0000] {processor.py:829} INFO - Processing file /home/airflow/.local/lib/python3.8/site-packages/airflow/example_dags/example_latest_only_with_trigger.py for tasks to queue
[2024-10-19T16:06:01.516+0000] {logging_mixin.py:154} INFO - [2024-10-19T16:06:01.516+0000] {dagbag.py:536} INFO - Filling up the DagBag from /home/airflow/.local/lib/python3.8/site-packages/airflow/example_dags/example_latest_only_with_trigger.py
[2024-10-19T16:06:01.524+0000] {processor.py:839} INFO - DAG(s) dict_keys(['latest_only_with_trigger']) retrieved from /home/airflow/.local/lib/python3.8/site-packages/airflow/example_dags/example_latest_only_with_trigger.py
[2024-10-19T16:06:01.551+0000] {logging_mixin.py:154} INFO - [2024-10-19T16:06:01.551+0000] {dag.py:2941} INFO - Sync 1 DAGs
[2024-10-19T16:06:01.576+0000] {logging_mixin.py:154} INFO - [2024-10-19T16:06:01.576+0000] {dag.py:3722} INFO - Setting next_dagrun for latest_only_with_trigger to 2024-10-19T12:06:01.576009+00:00, run_after=2024-10-19T16:06:01.576009+00:00
[2024-10-19T16:06:01.599+0000] {processor.py:179} INFO - Processing /home/airflow/.local/lib/python3.8/site-packages/airflow/example_dags/example_latest_only_with_trigger.py took 0.091 seconds
[2024-10-19T16:06:32.042+0000] {processor.py:157} INFO - Started process (PID=178) to work on /home/airflow/.local/lib/python3.8/site-packages/airflow/example_dags/example_latest_only_with_trigger.py
[2024-10-19T16:06:32.043+0000] {processor.py:829} INFO - Processing file /home/airflow/.local/lib/python3.8/site-packages/airflow/example_dags/example_latest_only_with_trigger.py for tasks to queue
[2024-10-19T16:06:32.046+0000] {logging_mixin.py:154} INFO - [2024-10-19T16:06:32.046+0000] {dagbag.py:536} INFO - Filling up the DagBag from /home/airflow/.local/lib/python3.8/site-packages/airflow/example_dags/example_latest_only_with_trigger.py
[2024-10-19T16:06:32.051+0000] {processor.py:839} INFO - DAG(s) dict_keys(['latest_only_with_trigger']) retrieved from /home/airflow/.local/lib/python3.8/site-packages/airflow/example_dags/example_latest_only_with_trigger.py
[2024-10-19T16:06:32.078+0000] {logging_mixin.py:154} INFO - [2024-10-19T16:06:32.077+0000] {dag.py:2941} INFO - Sync 1 DAGs
[2024-10-19T16:06:32.103+0000] {logging_mixin.py:154} INFO - [2024-10-19T16:06:32.103+0000] {dag.py:3722} INFO - Setting next_dagrun for latest_only_with_trigger to 2024-10-19T12:06:32.103453+00:00, run_after=2024-10-19T16:06:32.103453+00:00
[2024-10-19T16:06:32.130+0000] {processor.py:179} INFO - Processing /home/airflow/.local/lib/python3.8/site-packages/airflow/example_dags/example_latest_only_with_trigger.py took 0.092 seconds
