[2024-10-19T16:05:33.853+0000] {processor.py:157} INFO - Started process (PID=88) to work on /home/airflow/.local/lib/python3.8/site-packages/airflow/example_dags/example_setup_teardown_taskflow.py
[2024-10-19T16:05:33.856+0000] {processor.py:829} INFO - Processing file /home/airflow/.local/lib/python3.8/site-packages/airflow/example_dags/example_setup_teardown_taskflow.py for tasks to queue
[2024-10-19T16:05:33.862+0000] {logging_mixin.py:154} INFO - [2024-10-19T16:05:33.861+0000] {dagbag.py:536} INFO - Filling up the DagBag from /home/airflow/.local/lib/python3.8/site-packages/airflow/example_dags/example_setup_teardown_taskflow.py
[2024-10-19T16:05:33.898+0000] {processor.py:839} INFO - DAG(s) dict_keys(['example_setup_teardown_taskflow']) retrieved from /home/airflow/.local/lib/python3.8/site-packages/airflow/example_dags/example_setup_teardown_taskflow.py
[2024-10-19T16:05:33.975+0000] {logging_mixin.py:154} INFO - [2024-10-19T16:05:33.975+0000] {dag.py:2941} INFO - Sync 1 DAGs
[2024-10-19T16:05:34.029+0000] {logging_mixin.py:154} INFO - [2024-10-19T16:05:34.029+0000] {dag.py:3722} INFO - Setting next_dagrun for example_setup_teardown_taskflow to 2024-10-18T16:05:34.028913+00:00, run_after=2024-10-19T16:05:34.028913+00:00
[2024-10-19T16:05:34.085+0000] {processor.py:179} INFO - Processing /home/airflow/.local/lib/python3.8/site-packages/airflow/example_dags/example_setup_teardown_taskflow.py took 0.249 seconds
[2024-10-19T16:06:04.493+0000] {processor.py:157} INFO - Started process (PID=142) to work on /home/airflow/.local/lib/python3.8/site-packages/airflow/example_dags/example_setup_teardown_taskflow.py
[2024-10-19T16:06:04.494+0000] {processor.py:829} INFO - Processing file /home/airflow/.local/lib/python3.8/site-packages/airflow/example_dags/example_setup_teardown_taskflow.py for tasks to queue
[2024-10-19T16:06:04.498+0000] {logging_mixin.py:154} INFO - [2024-10-19T16:06:04.498+0000] {dagbag.py:536} INFO - Filling up the DagBag from /home/airflow/.local/lib/python3.8/site-packages/airflow/example_dags/example_setup_teardown_taskflow.py
[2024-10-19T16:06:04.510+0000] {processor.py:839} INFO - DAG(s) dict_keys(['example_setup_teardown_taskflow']) retrieved from /home/airflow/.local/lib/python3.8/site-packages/airflow/example_dags/example_setup_teardown_taskflow.py
[2024-10-19T16:06:04.547+0000] {logging_mixin.py:154} INFO - [2024-10-19T16:06:04.546+0000] {dag.py:2941} INFO - Sync 1 DAGs
[2024-10-19T16:06:04.587+0000] {logging_mixin.py:154} INFO - [2024-10-19T16:06:04.587+0000] {dag.py:3722} INFO - Setting next_dagrun for example_setup_teardown_taskflow to 2024-10-18T16:06:04.586609+00:00, run_after=2024-10-19T16:06:04.586609+00:00
[2024-10-19T16:06:04.617+0000] {processor.py:179} INFO - Processing /home/airflow/.local/lib/python3.8/site-packages/airflow/example_dags/example_setup_teardown_taskflow.py took 0.128 seconds
[2024-10-19T16:06:35.313+0000] {processor.py:157} INFO - Started process (PID=196) to work on /home/airflow/.local/lib/python3.8/site-packages/airflow/example_dags/example_setup_teardown_taskflow.py
[2024-10-19T16:06:35.314+0000] {processor.py:829} INFO - Processing file /home/airflow/.local/lib/python3.8/site-packages/airflow/example_dags/example_setup_teardown_taskflow.py for tasks to queue
[2024-10-19T16:06:35.317+0000] {logging_mixin.py:154} INFO - [2024-10-19T16:06:35.317+0000] {dagbag.py:536} INFO - Filling up the DagBag from /home/airflow/.local/lib/python3.8/site-packages/airflow/example_dags/example_setup_teardown_taskflow.py
[2024-10-19T16:06:35.326+0000] {processor.py:839} INFO - DAG(s) dict_keys(['example_setup_teardown_taskflow']) retrieved from /home/airflow/.local/lib/python3.8/site-packages/airflow/example_dags/example_setup_teardown_taskflow.py
[2024-10-19T16:06:35.351+0000] {logging_mixin.py:154} INFO - [2024-10-19T16:06:35.351+0000] {dag.py:2941} INFO - Sync 1 DAGs
[2024-10-19T16:06:35.375+0000] {logging_mixin.py:154} INFO - [2024-10-19T16:06:35.375+0000] {dag.py:3722} INFO - Setting next_dagrun for example_setup_teardown_taskflow to 2024-10-18T16:06:35.374974+00:00, run_after=2024-10-19T16:06:35.374974+00:00
[2024-10-19T16:06:35.403+0000] {processor.py:179} INFO - Processing /home/airflow/.local/lib/python3.8/site-packages/airflow/example_dags/example_setup_teardown_taskflow.py took 0.092 seconds
