[2024-10-19T16:05:36.002+0000] {processor.py:157} INFO - Started process (PID=103) to work on /home/airflow/.local/lib/python3.8/site-packages/airflow/example_dags/example_sla_dag.py
[2024-10-19T16:05:36.003+0000] {processor.py:829} INFO - Processing file /home/airflow/.local/lib/python3.8/site-packages/airflow/example_dags/example_sla_dag.py for tasks to queue
[2024-10-19T16:05:36.007+0000] {logging_mixin.py:154} INFO - [2024-10-19T16:05:36.007+0000] {dagbag.py:536} INFO - Filling up the DagBag from /home/airflow/.local/lib/python3.8/site-packages/airflow/example_dags/example_sla_dag.py
[2024-10-19T16:05:36.024+0000] {processor.py:839} INFO - DAG(s) dict_keys(['example_sla_dag']) retrieved from /home/airflow/.local/lib/python3.8/site-packages/airflow/example_dags/example_sla_dag.py
[2024-10-19T16:05:36.068+0000] {logging_mixin.py:154} INFO - [2024-10-19T16:05:36.068+0000] {dag.py:2941} INFO - Sync 1 DAGs
[2024-10-19T16:05:36.109+0000] {logging_mixin.py:154} INFO - [2024-10-19T16:05:36.108+0000] {dag.py:3722} INFO - Setting next_dagrun for example_sla_dag to 2024-10-19T16:02:00+00:00, run_after=2024-10-19T16:04:00+00:00
[2024-10-19T16:05:36.146+0000] {processor.py:179} INFO - Processing /home/airflow/.local/lib/python3.8/site-packages/airflow/example_dags/example_sla_dag.py took 0.148 seconds
[2024-10-19T16:06:06.284+0000] {processor.py:157} INFO - Started process (PID=157) to work on /home/airflow/.local/lib/python3.8/site-packages/airflow/example_dags/example_sla_dag.py
[2024-10-19T16:06:06.286+0000] {processor.py:829} INFO - Processing file /home/airflow/.local/lib/python3.8/site-packages/airflow/example_dags/example_sla_dag.py for tasks to queue
[2024-10-19T16:06:06.291+0000] {logging_mixin.py:154} INFO - [2024-10-19T16:06:06.291+0000] {dagbag.py:536} INFO - Filling up the DagBag from /home/airflow/.local/lib/python3.8/site-packages/airflow/example_dags/example_sla_dag.py
[2024-10-19T16:06:06.306+0000] {processor.py:839} INFO - DAG(s) dict_keys(['example_sla_dag']) retrieved from /home/airflow/.local/lib/python3.8/site-packages/airflow/example_dags/example_sla_dag.py
[2024-10-19T16:06:06.343+0000] {logging_mixin.py:154} INFO - [2024-10-19T16:06:06.343+0000] {dag.py:2941} INFO - Sync 1 DAGs
[2024-10-19T16:06:06.384+0000] {logging_mixin.py:154} INFO - [2024-10-19T16:06:06.384+0000] {dag.py:3722} INFO - Setting next_dagrun for example_sla_dag to 2024-10-19T16:04:00+00:00, run_after=2024-10-19T16:06:00+00:00
[2024-10-19T16:06:06.413+0000] {processor.py:179} INFO - Processing /home/airflow/.local/lib/python3.8/site-packages/airflow/example_dags/example_sla_dag.py took 0.135 seconds
[2024-10-19T16:06:37.224+0000] {processor.py:157} INFO - Started process (PID=211) to work on /home/airflow/.local/lib/python3.8/site-packages/airflow/example_dags/example_sla_dag.py
[2024-10-19T16:06:37.226+0000] {processor.py:829} INFO - Processing file /home/airflow/.local/lib/python3.8/site-packages/airflow/example_dags/example_sla_dag.py for tasks to queue
[2024-10-19T16:06:37.228+0000] {logging_mixin.py:154} INFO - [2024-10-19T16:06:37.228+0000] {dagbag.py:536} INFO - Filling up the DagBag from /home/airflow/.local/lib/python3.8/site-packages/airflow/example_dags/example_sla_dag.py
[2024-10-19T16:06:37.237+0000] {processor.py:839} INFO - DAG(s) dict_keys(['example_sla_dag']) retrieved from /home/airflow/.local/lib/python3.8/site-packages/airflow/example_dags/example_sla_dag.py
[2024-10-19T16:06:37.260+0000] {logging_mixin.py:154} INFO - [2024-10-19T16:06:37.259+0000] {dag.py:2941} INFO - Sync 1 DAGs
[2024-10-19T16:06:37.288+0000] {logging_mixin.py:154} INFO - [2024-10-19T16:06:37.288+0000] {dag.py:3722} INFO - Setting next_dagrun for example_sla_dag to 2024-10-19T16:04:00+00:00, run_after=2024-10-19T16:06:00+00:00
[2024-10-19T16:06:37.310+0000] {processor.py:179} INFO - Processing /home/airflow/.local/lib/python3.8/site-packages/airflow/example_dags/example_sla_dag.py took 0.089 seconds
