[2024-10-19T16:05:32.947+0000] {processor.py:157} INFO - Started process (PID=82) to work on /home/airflow/.local/lib/python3.8/site-packages/airflow/example_dags/example_external_task_marker_dag.py
[2024-10-19T16:05:32.960+0000] {processor.py:829} INFO - Processing file /home/airflow/.local/lib/python3.8/site-packages/airflow/example_dags/example_external_task_marker_dag.py for tasks to queue
[2024-10-19T16:05:32.976+0000] {logging_mixin.py:154} INFO - [2024-10-19T16:05:32.975+0000] {dagbag.py:536} INFO - Filling up the DagBag from /home/airflow/.local/lib/python3.8/site-packages/airflow/example_dags/example_external_task_marker_dag.py
[2024-10-19T16:05:33.026+0000] {processor.py:839} INFO - DAG(s) dict_keys(['example_external_task_marker_parent', 'example_external_task_marker_child']) retrieved from /home/airflow/.local/lib/python3.8/site-packages/airflow/example_dags/example_external_task_marker_dag.py
[2024-10-19T16:05:33.150+0000] {logging_mixin.py:154} INFO - [2024-10-19T16:05:33.150+0000] {dag.py:2941} INFO - Sync 2 DAGs
[2024-10-19T16:05:33.188+0000] {logging_mixin.py:154} INFO - [2024-10-19T16:05:33.188+0000] {dag.py:3722} INFO - Setting next_dagrun for example_external_task_marker_child to None, run_after=None
[2024-10-19T16:05:33.197+0000] {logging_mixin.py:154} INFO - [2024-10-19T16:05:33.196+0000] {dag.py:3722} INFO - Setting next_dagrun for example_external_task_marker_parent to None, run_after=None
[2024-10-19T16:05:33.245+0000] {processor.py:179} INFO - Processing /home/airflow/.local/lib/python3.8/site-packages/airflow/example_dags/example_external_task_marker_dag.py took 0.327 seconds
[2024-10-19T16:06:04.019+0000] {processor.py:157} INFO - Started process (PID=136) to work on /home/airflow/.local/lib/python3.8/site-packages/airflow/example_dags/example_external_task_marker_dag.py
[2024-10-19T16:06:04.022+0000] {processor.py:829} INFO - Processing file /home/airflow/.local/lib/python3.8/site-packages/airflow/example_dags/example_external_task_marker_dag.py for tasks to queue
[2024-10-19T16:06:04.025+0000] {logging_mixin.py:154} INFO - [2024-10-19T16:06:04.025+0000] {dagbag.py:536} INFO - Filling up the DagBag from /home/airflow/.local/lib/python3.8/site-packages/airflow/example_dags/example_external_task_marker_dag.py
[2024-10-19T16:06:04.037+0000] {processor.py:839} INFO - DAG(s) dict_keys(['example_external_task_marker_parent', 'example_external_task_marker_child']) retrieved from /home/airflow/.local/lib/python3.8/site-packages/airflow/example_dags/example_external_task_marker_dag.py
[2024-10-19T16:06:04.079+0000] {logging_mixin.py:154} INFO - [2024-10-19T16:06:04.079+0000] {dag.py:2941} INFO - Sync 2 DAGs
[2024-10-19T16:06:04.098+0000] {logging_mixin.py:154} INFO - [2024-10-19T16:06:04.098+0000] {dag.py:3722} INFO - Setting next_dagrun for example_external_task_marker_child to None, run_after=None
[2024-10-19T16:06:04.104+0000] {logging_mixin.py:154} INFO - [2024-10-19T16:06:04.104+0000] {dag.py:3722} INFO - Setting next_dagrun for example_external_task_marker_parent to None, run_after=None
[2024-10-19T16:06:04.138+0000] {processor.py:179} INFO - Processing /home/airflow/.local/lib/python3.8/site-packages/airflow/example_dags/example_external_task_marker_dag.py took 0.123 seconds
[2024-10-19T16:06:34.994+0000] {processor.py:157} INFO - Started process (PID=190) to work on /home/airflow/.local/lib/python3.8/site-packages/airflow/example_dags/example_external_task_marker_dag.py
[2024-10-19T16:06:34.995+0000] {processor.py:829} INFO - Processing file /home/airflow/.local/lib/python3.8/site-packages/airflow/example_dags/example_external_task_marker_dag.py for tasks to queue
[2024-10-19T16:06:34.998+0000] {logging_mixin.py:154} INFO - [2024-10-19T16:06:34.997+0000] {dagbag.py:536} INFO - Filling up the DagBag from /home/airflow/.local/lib/python3.8/site-packages/airflow/example_dags/example_external_task_marker_dag.py
[2024-10-19T16:06:35.004+0000] {processor.py:839} INFO - DAG(s) dict_keys(['example_external_task_marker_child', 'example_external_task_marker_parent']) retrieved from /home/airflow/.local/lib/python3.8/site-packages/airflow/example_dags/example_external_task_marker_dag.py
[2024-10-19T16:06:35.031+0000] {logging_mixin.py:154} INFO - [2024-10-19T16:06:35.030+0000] {dag.py:2941} INFO - Sync 2 DAGs
[2024-10-19T16:06:35.045+0000] {logging_mixin.py:154} INFO - [2024-10-19T16:06:35.045+0000] {dag.py:3722} INFO - Setting next_dagrun for example_external_task_marker_child to None, run_after=None
[2024-10-19T16:06:35.050+0000] {logging_mixin.py:154} INFO - [2024-10-19T16:06:35.050+0000] {dag.py:3722} INFO - Setting next_dagrun for example_external_task_marker_parent to None, run_after=None
[2024-10-19T16:06:35.070+0000] {processor.py:179} INFO - Processing /home/airflow/.local/lib/python3.8/site-packages/airflow/example_dags/example_external_task_marker_dag.py took 0.079 seconds
