[2024-10-19T16:05:32.709+0000] {processor.py:157} INFO - Started process (PID=80) to work on /home/airflow/.local/lib/python3.8/site-packages/airflow/example_dags/example_branch_operator_decorator.py
[2024-10-19T16:05:32.710+0000] {processor.py:829} INFO - Processing file /home/airflow/.local/lib/python3.8/site-packages/airflow/example_dags/example_branch_operator_decorator.py for tasks to queue
[2024-10-19T16:05:32.714+0000] {logging_mixin.py:154} INFO - [2024-10-19T16:05:32.713+0000] {dagbag.py:536} INFO - Filling up the DagBag from /home/airflow/.local/lib/python3.8/site-packages/airflow/example_dags/example_branch_operator_decorator.py
[2024-10-19T16:05:32.736+0000] {processor.py:839} INFO - DAG(s) dict_keys(['example_branch_python_operator_decorator']) retrieved from /home/airflow/.local/lib/python3.8/site-packages/airflow/example_dags/example_branch_operator_decorator.py
[2024-10-19T16:05:32.761+0000] {logging_mixin.py:154} INFO - [2024-10-19T16:05:32.760+0000] {dag.py:2941} INFO - Sync 1 DAGs
[2024-10-19T16:05:32.807+0000] {logging_mixin.py:154} INFO - [2024-10-19T16:05:32.807+0000] {dag.py:3722} INFO - Setting next_dagrun for example_branch_python_operator_decorator to 2024-10-18T00:00:00+00:00, run_after=2024-10-19T00:00:00+00:00
[2024-10-19T16:05:32.849+0000] {processor.py:179} INFO - Processing /home/airflow/.local/lib/python3.8/site-packages/airflow/example_dags/example_branch_operator_decorator.py took 0.146 seconds
[2024-10-19T16:06:03.819+0000] {processor.py:157} INFO - Started process (PID=134) to work on /home/airflow/.local/lib/python3.8/site-packages/airflow/example_dags/example_branch_operator_decorator.py
[2024-10-19T16:06:03.821+0000] {processor.py:829} INFO - Processing file /home/airflow/.local/lib/python3.8/site-packages/airflow/example_dags/example_branch_operator_decorator.py for tasks to queue
[2024-10-19T16:06:03.825+0000] {logging_mixin.py:154} INFO - [2024-10-19T16:06:03.825+0000] {dagbag.py:536} INFO - Filling up the DagBag from /home/airflow/.local/lib/python3.8/site-packages/airflow/example_dags/example_branch_operator_decorator.py
[2024-10-19T16:06:03.847+0000] {processor.py:839} INFO - DAG(s) dict_keys(['example_branch_python_operator_decorator']) retrieved from /home/airflow/.local/lib/python3.8/site-packages/airflow/example_dags/example_branch_operator_decorator.py
[2024-10-19T16:06:03.890+0000] {logging_mixin.py:154} INFO - [2024-10-19T16:06:03.890+0000] {dag.py:2941} INFO - Sync 1 DAGs
[2024-10-19T16:06:03.936+0000] {logging_mixin.py:154} INFO - [2024-10-19T16:06:03.936+0000] {dag.py:3722} INFO - Setting next_dagrun for example_branch_python_operator_decorator to 2024-10-18T00:00:00+00:00, run_after=2024-10-19T00:00:00+00:00
[2024-10-19T16:06:03.973+0000] {processor.py:179} INFO - Processing /home/airflow/.local/lib/python3.8/site-packages/airflow/example_dags/example_branch_operator_decorator.py took 0.159 seconds
[2024-10-19T16:06:34.742+0000] {processor.py:157} INFO - Started process (PID=188) to work on /home/airflow/.local/lib/python3.8/site-packages/airflow/example_dags/example_branch_operator_decorator.py
[2024-10-19T16:06:34.743+0000] {processor.py:829} INFO - Processing file /home/airflow/.local/lib/python3.8/site-packages/airflow/example_dags/example_branch_operator_decorator.py for tasks to queue
[2024-10-19T16:06:34.745+0000] {logging_mixin.py:154} INFO - [2024-10-19T16:06:34.745+0000] {dagbag.py:536} INFO - Filling up the DagBag from /home/airflow/.local/lib/python3.8/site-packages/airflow/example_dags/example_branch_operator_decorator.py
[2024-10-19T16:06:34.754+0000] {processor.py:839} INFO - DAG(s) dict_keys(['example_branch_python_operator_decorator']) retrieved from /home/airflow/.local/lib/python3.8/site-packages/airflow/example_dags/example_branch_operator_decorator.py
[2024-10-19T16:06:34.782+0000] {logging_mixin.py:154} INFO - [2024-10-19T16:06:34.782+0000] {dag.py:2941} INFO - Sync 1 DAGs
[2024-10-19T16:06:34.807+0000] {logging_mixin.py:154} INFO - [2024-10-19T16:06:34.807+0000] {dag.py:3722} INFO - Setting next_dagrun for example_branch_python_operator_decorator to 2024-10-18T00:00:00+00:00, run_after=2024-10-19T00:00:00+00:00
[2024-10-19T16:06:34.827+0000] {processor.py:179} INFO - Processing /home/airflow/.local/lib/python3.8/site-packages/airflow/example_dags/example_branch_operator_decorator.py took 0.089 seconds
