[2024-10-19T16:05:31.055+0000] {processor.py:157} INFO - Started process (PID=63) to work on /home/airflow/.local/lib/python3.8/site-packages/airflow/example_dags/example_dag_decorator.py
[2024-10-19T16:05:31.057+0000] {processor.py:829} INFO - Processing file /home/airflow/.local/lib/python3.8/site-packages/airflow/example_dags/example_dag_decorator.py for tasks to queue
[2024-10-19T16:05:31.066+0000] {logging_mixin.py:154} INFO - [2024-10-19T16:05:31.065+0000] {dagbag.py:536} INFO - Filling up the DagBag from /home/airflow/.local/lib/python3.8/site-packages/airflow/example_dags/example_dag_decorator.py
[2024-10-19T16:05:31.381+0000] {processor.py:839} INFO - DAG(s) dict_keys(['example_dag_decorator']) retrieved from /home/airflow/.local/lib/python3.8/site-packages/airflow/example_dags/example_dag_decorator.py
[2024-10-19T16:05:31.423+0000] {logging_mixin.py:154} INFO - [2024-10-19T16:05:31.423+0000] {dag.py:2941} INFO - Sync 1 DAGs
[2024-10-19T16:05:31.451+0000] {logging_mixin.py:154} INFO - [2024-10-19T16:05:31.451+0000] {dag.py:3722} INFO - Setting next_dagrun for example_dag_decorator to None, run_after=None
[2024-10-19T16:05:31.499+0000] {processor.py:179} INFO - Processing /home/airflow/.local/lib/python3.8/site-packages/airflow/example_dags/example_dag_decorator.py took 0.450 seconds
[2024-10-19T16:06:01.637+0000] {processor.py:157} INFO - Started process (PID=118) to work on /home/airflow/.local/lib/python3.8/site-packages/airflow/example_dags/example_dag_decorator.py
[2024-10-19T16:06:01.639+0000] {processor.py:829} INFO - Processing file /home/airflow/.local/lib/python3.8/site-packages/airflow/example_dags/example_dag_decorator.py for tasks to queue
[2024-10-19T16:06:01.642+0000] {logging_mixin.py:154} INFO - [2024-10-19T16:06:01.641+0000] {dagbag.py:536} INFO - Filling up the DagBag from /home/airflow/.local/lib/python3.8/site-packages/airflow/example_dags/example_dag_decorator.py
[2024-10-19T16:06:01.738+0000] {processor.py:839} INFO - DAG(s) dict_keys(['example_dag_decorator']) retrieved from /home/airflow/.local/lib/python3.8/site-packages/airflow/example_dags/example_dag_decorator.py
[2024-10-19T16:06:01.985+0000] {logging_mixin.py:154} INFO - [2024-10-19T16:06:01.984+0000] {dag.py:2941} INFO - Sync 1 DAGs
[2024-10-19T16:06:02.013+0000] {logging_mixin.py:154} INFO - [2024-10-19T16:06:02.012+0000] {dag.py:3722} INFO - Setting next_dagrun for example_dag_decorator to None, run_after=None
[2024-10-19T16:06:02.046+0000] {processor.py:179} INFO - Processing /home/airflow/.local/lib/python3.8/site-packages/airflow/example_dags/example_dag_decorator.py took 0.412 seconds
[2024-10-19T16:06:32.277+0000] {processor.py:157} INFO - Started process (PID=181) to work on /home/airflow/.local/lib/python3.8/site-packages/airflow/example_dags/example_dag_decorator.py
[2024-10-19T16:06:32.278+0000] {processor.py:829} INFO - Processing file /home/airflow/.local/lib/python3.8/site-packages/airflow/example_dags/example_dag_decorator.py for tasks to queue
[2024-10-19T16:06:32.281+0000] {logging_mixin.py:154} INFO - [2024-10-19T16:06:32.280+0000] {dagbag.py:536} INFO - Filling up the DagBag from /home/airflow/.local/lib/python3.8/site-packages/airflow/example_dags/example_dag_decorator.py
[2024-10-19T16:06:32.370+0000] {processor.py:839} INFO - DAG(s) dict_keys(['example_dag_decorator']) retrieved from /home/airflow/.local/lib/python3.8/site-packages/airflow/example_dags/example_dag_decorator.py
[2024-10-19T16:06:32.639+0000] {logging_mixin.py:154} INFO - [2024-10-19T16:06:32.639+0000] {dag.py:2941} INFO - Sync 1 DAGs
[2024-10-19T16:06:32.651+0000] {logging_mixin.py:154} INFO - [2024-10-19T16:06:32.651+0000] {dag.py:3722} INFO - Setting next_dagrun for example_dag_decorator to None, run_after=None
[2024-10-19T16:06:32.678+0000] {processor.py:179} INFO - Processing /home/airflow/.local/lib/python3.8/site-packages/airflow/example_dags/example_dag_decorator.py took 0.405 seconds
