[2024-10-19T16:05:34.277+0000] {processor.py:157} INFO - Started process (PID=91) to work on /home/airflow/.local/lib/python3.8/site-packages/airflow/example_dags/example_dynamic_task_mapping_with_no_taskflow_operators.py
[2024-10-19T16:05:34.281+0000] {processor.py:829} INFO - Processing file /home/airflow/.local/lib/python3.8/site-packages/airflow/example_dags/example_dynamic_task_mapping_with_no_taskflow_operators.py for tasks to queue
[2024-10-19T16:05:34.299+0000] {logging_mixin.py:154} INFO - [2024-10-19T16:05:34.298+0000] {dagbag.py:536} INFO - Filling up the DagBag from /home/airflow/.local/lib/python3.8/site-packages/airflow/example_dags/example_dynamic_task_mapping_with_no_taskflow_operators.py
[2024-10-19T16:05:34.357+0000] {processor.py:839} INFO - DAG(s) dict_keys(['example_dynamic_task_mapping_with_no_taskflow_operators']) retrieved from /home/airflow/.local/lib/python3.8/site-packages/airflow/example_dags/example_dynamic_task_mapping_with_no_taskflow_operators.py
[2024-10-19T16:05:34.420+0000] {logging_mixin.py:154} INFO - [2024-10-19T16:05:34.419+0000] {dag.py:2941} INFO - Sync 1 DAGs
[2024-10-19T16:05:34.458+0000] {logging_mixin.py:154} INFO - [2024-10-19T16:05:34.458+0000] {dag.py:3722} INFO - Setting next_dagrun for example_dynamic_task_mapping_with_no_taskflow_operators to 2024-10-18T16:05:34.457786+00:00, run_after=2024-10-19T16:05:34.457786+00:00
[2024-10-19T16:05:34.494+0000] {processor.py:179} INFO - Processing /home/airflow/.local/lib/python3.8/site-packages/airflow/example_dags/example_dynamic_task_mapping_with_no_taskflow_operators.py took 0.233 seconds
[2024-10-19T16:06:04.748+0000] {processor.py:157} INFO - Started process (PID=145) to work on /home/airflow/.local/lib/python3.8/site-packages/airflow/example_dags/example_dynamic_task_mapping_with_no_taskflow_operators.py
[2024-10-19T16:06:04.751+0000] {processor.py:829} INFO - Processing file /home/airflow/.local/lib/python3.8/site-packages/airflow/example_dags/example_dynamic_task_mapping_with_no_taskflow_operators.py for tasks to queue
[2024-10-19T16:06:04.755+0000] {logging_mixin.py:154} INFO - [2024-10-19T16:06:04.754+0000] {dagbag.py:536} INFO - Filling up the DagBag from /home/airflow/.local/lib/python3.8/site-packages/airflow/example_dags/example_dynamic_task_mapping_with_no_taskflow_operators.py
[2024-10-19T16:06:04.764+0000] {processor.py:839} INFO - DAG(s) dict_keys(['example_dynamic_task_mapping_with_no_taskflow_operators']) retrieved from /home/airflow/.local/lib/python3.8/site-packages/airflow/example_dags/example_dynamic_task_mapping_with_no_taskflow_operators.py
[2024-10-19T16:06:04.798+0000] {logging_mixin.py:154} INFO - [2024-10-19T16:06:04.798+0000] {dag.py:2941} INFO - Sync 1 DAGs
[2024-10-19T16:06:04.837+0000] {logging_mixin.py:154} INFO - [2024-10-19T16:06:04.837+0000] {dag.py:3722} INFO - Setting next_dagrun for example_dynamic_task_mapping_with_no_taskflow_operators to 2024-10-18T16:06:04.836495+00:00, run_after=2024-10-19T16:06:04.836495+00:00
[2024-10-19T16:06:04.875+0000] {processor.py:179} INFO - Processing /home/airflow/.local/lib/python3.8/site-packages/airflow/example_dags/example_dynamic_task_mapping_with_no_taskflow_operators.py took 0.131 seconds
[2024-10-19T16:06:35.514+0000] {processor.py:157} INFO - Started process (PID=199) to work on /home/airflow/.local/lib/python3.8/site-packages/airflow/example_dags/example_dynamic_task_mapping_with_no_taskflow_operators.py
[2024-10-19T16:06:35.516+0000] {processor.py:829} INFO - Processing file /home/airflow/.local/lib/python3.8/site-packages/airflow/example_dags/example_dynamic_task_mapping_with_no_taskflow_operators.py for tasks to queue
[2024-10-19T16:06:35.518+0000] {logging_mixin.py:154} INFO - [2024-10-19T16:06:35.518+0000] {dagbag.py:536} INFO - Filling up the DagBag from /home/airflow/.local/lib/python3.8/site-packages/airflow/example_dags/example_dynamic_task_mapping_with_no_taskflow_operators.py
[2024-10-19T16:06:35.525+0000] {processor.py:839} INFO - DAG(s) dict_keys(['example_dynamic_task_mapping_with_no_taskflow_operators']) retrieved from /home/airflow/.local/lib/python3.8/site-packages/airflow/example_dags/example_dynamic_task_mapping_with_no_taskflow_operators.py
[2024-10-19T16:06:35.547+0000] {logging_mixin.py:154} INFO - [2024-10-19T16:06:35.547+0000] {dag.py:2941} INFO - Sync 1 DAGs
[2024-10-19T16:06:35.574+0000] {logging_mixin.py:154} INFO - [2024-10-19T16:06:35.574+0000] {dag.py:3722} INFO - Setting next_dagrun for example_dynamic_task_mapping_with_no_taskflow_operators to 2024-10-18T16:06:35.573712+00:00, run_after=2024-10-19T16:06:35.573712+00:00
[2024-10-19T16:06:35.597+0000] {processor.py:179} INFO - Processing /home/airflow/.local/lib/python3.8/site-packages/airflow/example_dags/example_dynamic_task_mapping_with_no_taskflow_operators.py took 0.086 seconds
