[2024-10-19T16:05:31.360+0000] {processor.py:157} INFO - Started process (PID=65) to work on /home/airflow/.local/lib/python3.8/site-packages/airflow/example_dags/example_task_group.py
[2024-10-19T16:05:31.361+0000] {processor.py:829} INFO - Processing file /home/airflow/.local/lib/python3.8/site-packages/airflow/example_dags/example_task_group.py for tasks to queue
[2024-10-19T16:05:31.364+0000] {logging_mixin.py:154} INFO - [2024-10-19T16:05:31.363+0000] {dagbag.py:536} INFO - Filling up the DagBag from /home/airflow/.local/lib/python3.8/site-packages/airflow/example_dags/example_task_group.py
[2024-10-19T16:05:31.385+0000] {processor.py:839} INFO - DAG(s) dict_keys(['example_task_group']) retrieved from /home/airflow/.local/lib/python3.8/site-packages/airflow/example_dags/example_task_group.py
[2024-10-19T16:05:31.409+0000] {logging_mixin.py:154} INFO - [2024-10-19T16:05:31.409+0000] {dag.py:2941} INFO - Sync 1 DAGs
[2024-10-19T16:05:31.454+0000] {logging_mixin.py:154} INFO - [2024-10-19T16:05:31.454+0000] {dag.py:3722} INFO - Setting next_dagrun for example_task_group to 2024-10-18T16:05:31.454175+00:00, run_after=2024-10-19T16:05:31.454175+00:00
[2024-10-19T16:05:31.511+0000] {processor.py:179} INFO - Processing /home/airflow/.local/lib/python3.8/site-packages/airflow/example_dags/example_task_group.py took 0.158 seconds
[2024-10-19T16:06:01.638+0000] {processor.py:157} INFO - Started process (PID=119) to work on /home/airflow/.local/lib/python3.8/site-packages/airflow/example_dags/example_task_group.py
[2024-10-19T16:06:01.640+0000] {processor.py:829} INFO - Processing file /home/airflow/.local/lib/python3.8/site-packages/airflow/example_dags/example_task_group.py for tasks to queue
[2024-10-19T16:06:01.643+0000] {logging_mixin.py:154} INFO - [2024-10-19T16:06:01.642+0000] {dagbag.py:536} INFO - Filling up the DagBag from /home/airflow/.local/lib/python3.8/site-packages/airflow/example_dags/example_task_group.py
[2024-10-19T16:06:01.652+0000] {processor.py:839} INFO - DAG(s) dict_keys(['example_task_group']) retrieved from /home/airflow/.local/lib/python3.8/site-packages/airflow/example_dags/example_task_group.py
[2024-10-19T16:06:01.693+0000] {logging_mixin.py:154} INFO - [2024-10-19T16:06:01.693+0000] {dag.py:2941} INFO - Sync 1 DAGs
[2024-10-19T16:06:01.729+0000] {logging_mixin.py:154} INFO - [2024-10-19T16:06:01.729+0000] {dag.py:3722} INFO - Setting next_dagrun for example_task_group to 2024-10-18T16:06:01.729357+00:00, run_after=2024-10-19T16:06:01.729357+00:00
[2024-10-19T16:06:01.759+0000] {processor.py:179} INFO - Processing /home/airflow/.local/lib/python3.8/site-packages/airflow/example_dags/example_task_group.py took 0.125 seconds
[2024-10-19T16:06:32.044+0000] {processor.py:157} INFO - Started process (PID=179) to work on /home/airflow/.local/lib/python3.8/site-packages/airflow/example_dags/example_task_group.py
[2024-10-19T16:06:32.045+0000] {processor.py:829} INFO - Processing file /home/airflow/.local/lib/python3.8/site-packages/airflow/example_dags/example_task_group.py for tasks to queue
[2024-10-19T16:06:32.047+0000] {logging_mixin.py:154} INFO - [2024-10-19T16:06:32.047+0000] {dagbag.py:536} INFO - Filling up the DagBag from /home/airflow/.local/lib/python3.8/site-packages/airflow/example_dags/example_task_group.py
[2024-10-19T16:06:32.055+0000] {processor.py:839} INFO - DAG(s) dict_keys(['example_task_group']) retrieved from /home/airflow/.local/lib/python3.8/site-packages/airflow/example_dags/example_task_group.py
[2024-10-19T16:06:32.083+0000] {logging_mixin.py:154} INFO - [2024-10-19T16:06:32.082+0000] {dag.py:2941} INFO - Sync 1 DAGs
[2024-10-19T16:06:32.107+0000] {logging_mixin.py:154} INFO - [2024-10-19T16:06:32.107+0000] {dag.py:3722} INFO - Setting next_dagrun for example_task_group to 2024-10-18T16:06:32.106890+00:00, run_after=2024-10-19T16:06:32.106890+00:00
[2024-10-19T16:06:32.135+0000] {processor.py:179} INFO - Processing /home/airflow/.local/lib/python3.8/site-packages/airflow/example_dags/example_task_group.py took 0.094 seconds
