[2024-10-19T16:05:32.051+0000] {processor.py:157} INFO - Started process (PID=76) to work on /home/airflow/.local/lib/python3.8/site-packages/airflow/example_dags/example_xcomargs.py
[2024-10-19T16:05:32.054+0000] {processor.py:829} INFO - Processing file /home/airflow/.local/lib/python3.8/site-packages/airflow/example_dags/example_xcomargs.py for tasks to queue
[2024-10-19T16:05:32.060+0000] {logging_mixin.py:154} INFO - [2024-10-19T16:05:32.059+0000] {dagbag.py:536} INFO - Filling up the DagBag from /home/airflow/.local/lib/python3.8/site-packages/airflow/example_dags/example_xcomargs.py
[2024-10-19T16:05:32.089+0000] {processor.py:839} INFO - DAG(s) dict_keys(['example_xcom_args_with_operators', 'example_xcom_args']) retrieved from /home/airflow/.local/lib/python3.8/site-packages/airflow/example_dags/example_xcomargs.py
[2024-10-19T16:05:32.145+0000] {logging_mixin.py:154} INFO - [2024-10-19T16:05:32.144+0000] {dag.py:2941} INFO - Sync 2 DAGs
[2024-10-19T16:05:32.191+0000] {logging_mixin.py:154} INFO - [2024-10-19T16:05:32.191+0000] {dag.py:3722} INFO - Setting next_dagrun for example_xcom_args to None, run_after=None
[2024-10-19T16:05:32.204+0000] {logging_mixin.py:154} INFO - [2024-10-19T16:05:32.204+0000] {dag.py:3722} INFO - Setting next_dagrun for example_xcom_args_with_operators to None, run_after=None
[2024-10-19T16:05:32.292+0000] {processor.py:179} INFO - Processing /home/airflow/.local/lib/python3.8/site-packages/airflow/example_dags/example_xcomargs.py took 0.247 seconds
[2024-10-19T16:06:03.220+0000] {processor.py:157} INFO - Started process (PID=130) to work on /home/airflow/.local/lib/python3.8/site-packages/airflow/example_dags/example_xcomargs.py
[2024-10-19T16:06:03.222+0000] {processor.py:829} INFO - Processing file /home/airflow/.local/lib/python3.8/site-packages/airflow/example_dags/example_xcomargs.py for tasks to queue
[2024-10-19T16:06:03.228+0000] {logging_mixin.py:154} INFO - [2024-10-19T16:06:03.226+0000] {dagbag.py:536} INFO - Filling up the DagBag from /home/airflow/.local/lib/python3.8/site-packages/airflow/example_dags/example_xcomargs.py
[2024-10-19T16:06:03.243+0000] {processor.py:839} INFO - DAG(s) dict_keys(['example_xcom_args', 'example_xcom_args_with_operators']) retrieved from /home/airflow/.local/lib/python3.8/site-packages/airflow/example_dags/example_xcomargs.py
[2024-10-19T16:06:03.293+0000] {logging_mixin.py:154} INFO - [2024-10-19T16:06:03.292+0000] {dag.py:2941} INFO - Sync 2 DAGs
[2024-10-19T16:06:03.309+0000] {logging_mixin.py:154} INFO - [2024-10-19T16:06:03.308+0000] {dag.py:3722} INFO - Setting next_dagrun for example_xcom_args to None, run_after=None
[2024-10-19T16:06:03.314+0000] {logging_mixin.py:154} INFO - [2024-10-19T16:06:03.314+0000] {dag.py:3722} INFO - Setting next_dagrun for example_xcom_args_with_operators to None, run_after=None
[2024-10-19T16:06:03.359+0000] {processor.py:179} INFO - Processing /home/airflow/.local/lib/python3.8/site-packages/airflow/example_dags/example_xcomargs.py took 0.144 seconds
[2024-10-19T16:06:33.508+0000] {processor.py:157} INFO - Started process (PID=184) to work on /home/airflow/.local/lib/python3.8/site-packages/airflow/example_dags/example_xcomargs.py
[2024-10-19T16:06:33.509+0000] {processor.py:829} INFO - Processing file /home/airflow/.local/lib/python3.8/site-packages/airflow/example_dags/example_xcomargs.py for tasks to queue
[2024-10-19T16:06:33.511+0000] {logging_mixin.py:154} INFO - [2024-10-19T16:06:33.511+0000] {dagbag.py:536} INFO - Filling up the DagBag from /home/airflow/.local/lib/python3.8/site-packages/airflow/example_dags/example_xcomargs.py
[2024-10-19T16:06:33.518+0000] {processor.py:839} INFO - DAG(s) dict_keys(['example_xcom_args', 'example_xcom_args_with_operators']) retrieved from /home/airflow/.local/lib/python3.8/site-packages/airflow/example_dags/example_xcomargs.py
[2024-10-19T16:06:33.544+0000] {logging_mixin.py:154} INFO - [2024-10-19T16:06:33.544+0000] {dag.py:2941} INFO - Sync 2 DAGs
[2024-10-19T16:06:33.556+0000] {logging_mixin.py:154} INFO - [2024-10-19T16:06:33.556+0000] {dag.py:3722} INFO - Setting next_dagrun for example_xcom_args to None, run_after=None
[2024-10-19T16:06:33.562+0000] {logging_mixin.py:154} INFO - [2024-10-19T16:06:33.562+0000] {dag.py:3722} INFO - Setting next_dagrun for example_xcom_args_with_operators to None, run_after=None
[2024-10-19T16:06:33.585+0000] {processor.py:179} INFO - Processing /home/airflow/.local/lib/python3.8/site-packages/airflow/example_dags/example_xcomargs.py took 0.080 seconds
