[2024-10-19T16:05:35.846+0000] {processor.py:157} INFO - Started process (PID=102) to work on /home/airflow/.local/lib/python3.8/site-packages/airflow/example_dags/example_setup_teardown.py
[2024-10-19T16:05:35.849+0000] {processor.py:829} INFO - Processing file /home/airflow/.local/lib/python3.8/site-packages/airflow/example_dags/example_setup_teardown.py for tasks to queue
[2024-10-19T16:05:35.854+0000] {logging_mixin.py:154} INFO - [2024-10-19T16:05:35.854+0000] {dagbag.py:536} INFO - Filling up the DagBag from /home/airflow/.local/lib/python3.8/site-packages/airflow/example_dags/example_setup_teardown.py
[2024-10-19T16:05:35.881+0000] {processor.py:839} INFO - DAG(s) dict_keys(['example_setup_teardown']) retrieved from /home/airflow/.local/lib/python3.8/site-packages/airflow/example_dags/example_setup_teardown.py
[2024-10-19T16:05:35.941+0000] {logging_mixin.py:154} INFO - [2024-10-19T16:05:35.941+0000] {dag.py:2941} INFO - Sync 1 DAGs
[2024-10-19T16:05:35.991+0000] {logging_mixin.py:154} INFO - [2024-10-19T16:05:35.991+0000] {dag.py:3722} INFO - Setting next_dagrun for example_setup_teardown to 2024-10-18T16:05:35.990894+00:00, run_after=2024-10-19T16:05:35.990894+00:00
[2024-10-19T16:05:36.030+0000] {processor.py:179} INFO - Processing /home/airflow/.local/lib/python3.8/site-packages/airflow/example_dags/example_setup_teardown.py took 0.189 seconds
[2024-10-19T16:06:06.120+0000] {processor.py:157} INFO - Started process (PID=156) to work on /home/airflow/.local/lib/python3.8/site-packages/airflow/example_dags/example_setup_teardown.py
[2024-10-19T16:06:06.123+0000] {processor.py:829} INFO - Processing file /home/airflow/.local/lib/python3.8/site-packages/airflow/example_dags/example_setup_teardown.py for tasks to queue
[2024-10-19T16:06:06.126+0000] {logging_mixin.py:154} INFO - [2024-10-19T16:06:06.125+0000] {dagbag.py:536} INFO - Filling up the DagBag from /home/airflow/.local/lib/python3.8/site-packages/airflow/example_dags/example_setup_teardown.py
[2024-10-19T16:06:06.140+0000] {processor.py:839} INFO - DAG(s) dict_keys(['example_setup_teardown']) retrieved from /home/airflow/.local/lib/python3.8/site-packages/airflow/example_dags/example_setup_teardown.py
[2024-10-19T16:06:06.171+0000] {logging_mixin.py:154} INFO - [2024-10-19T16:06:06.171+0000] {dag.py:2941} INFO - Sync 1 DAGs
[2024-10-19T16:06:06.206+0000] {logging_mixin.py:154} INFO - [2024-10-19T16:06:06.205+0000] {dag.py:3722} INFO - Setting next_dagrun for example_setup_teardown to 2024-10-18T16:06:06.205338+00:00, run_after=2024-10-19T16:06:06.205338+00:00
[2024-10-19T16:06:06.238+0000] {processor.py:179} INFO - Processing /home/airflow/.local/lib/python3.8/site-packages/airflow/example_dags/example_setup_teardown.py took 0.122 seconds
[2024-10-19T16:06:37.103+0000] {processor.py:157} INFO - Started process (PID=210) to work on /home/airflow/.local/lib/python3.8/site-packages/airflow/example_dags/example_setup_teardown.py
[2024-10-19T16:06:37.105+0000] {processor.py:829} INFO - Processing file /home/airflow/.local/lib/python3.8/site-packages/airflow/example_dags/example_setup_teardown.py for tasks to queue
[2024-10-19T16:06:37.109+0000] {logging_mixin.py:154} INFO - [2024-10-19T16:06:37.108+0000] {dagbag.py:536} INFO - Filling up the DagBag from /home/airflow/.local/lib/python3.8/site-packages/airflow/example_dags/example_setup_teardown.py
[2024-10-19T16:06:37.117+0000] {processor.py:839} INFO - DAG(s) dict_keys(['example_setup_teardown']) retrieved from /home/airflow/.local/lib/python3.8/site-packages/airflow/example_dags/example_setup_teardown.py
[2024-10-19T16:06:37.142+0000] {logging_mixin.py:154} INFO - [2024-10-19T16:06:37.142+0000] {dag.py:2941} INFO - Sync 1 DAGs
[2024-10-19T16:06:37.169+0000] {logging_mixin.py:154} INFO - [2024-10-19T16:06:37.169+0000] {dag.py:3722} INFO - Setting next_dagrun for example_setup_teardown to 2024-10-18T16:06:37.168885+00:00, run_after=2024-10-19T16:06:37.168885+00:00
[2024-10-19T16:06:37.194+0000] {processor.py:179} INFO - Processing /home/airflow/.local/lib/python3.8/site-packages/airflow/example_dags/example_setup_teardown.py took 0.095 seconds
