[2024-10-19T16:05:35.055+0000] {processor.py:157} INFO - Started process (PID=97) to work on /home/airflow/.local/lib/python3.8/site-packages/airflow/example_dags/example_sensor_decorator.py
[2024-10-19T16:05:35.062+0000] {processor.py:829} INFO - Processing file /home/airflow/.local/lib/python3.8/site-packages/airflow/example_dags/example_sensor_decorator.py for tasks to queue
[2024-10-19T16:05:35.092+0000] {logging_mixin.py:154} INFO - [2024-10-19T16:05:35.085+0000] {dagbag.py:536} INFO - Filling up the DagBag from /home/airflow/.local/lib/python3.8/site-packages/airflow/example_dags/example_sensor_decorator.py
[2024-10-19T16:05:35.176+0000] {processor.py:839} INFO - DAG(s) dict_keys(['example_sensor_decorator']) retrieved from /home/airflow/.local/lib/python3.8/site-packages/airflow/example_dags/example_sensor_decorator.py
[2024-10-19T16:05:35.228+0000] {logging_mixin.py:154} INFO - [2024-10-19T16:05:35.228+0000] {dag.py:2941} INFO - Sync 1 DAGs
[2024-10-19T16:05:35.258+0000] {logging_mixin.py:154} INFO - [2024-10-19T16:05:35.257+0000] {dag.py:3722} INFO - Setting next_dagrun for example_sensor_decorator to None, run_after=None
[2024-10-19T16:05:35.323+0000] {processor.py:179} INFO - Processing /home/airflow/.local/lib/python3.8/site-packages/airflow/example_dags/example_sensor_decorator.py took 0.306 seconds
[2024-10-19T16:06:05.439+0000] {processor.py:157} INFO - Started process (PID=151) to work on /home/airflow/.local/lib/python3.8/site-packages/airflow/example_dags/example_sensor_decorator.py
[2024-10-19T16:06:05.440+0000] {processor.py:829} INFO - Processing file /home/airflow/.local/lib/python3.8/site-packages/airflow/example_dags/example_sensor_decorator.py for tasks to queue
[2024-10-19T16:06:05.444+0000] {logging_mixin.py:154} INFO - [2024-10-19T16:06:05.443+0000] {dagbag.py:536} INFO - Filling up the DagBag from /home/airflow/.local/lib/python3.8/site-packages/airflow/example_dags/example_sensor_decorator.py
[2024-10-19T16:06:05.451+0000] {processor.py:839} INFO - DAG(s) dict_keys(['example_sensor_decorator']) retrieved from /home/airflow/.local/lib/python3.8/site-packages/airflow/example_dags/example_sensor_decorator.py
[2024-10-19T16:06:05.487+0000] {logging_mixin.py:154} INFO - [2024-10-19T16:06:05.487+0000] {dag.py:2941} INFO - Sync 1 DAGs
[2024-10-19T16:06:05.505+0000] {logging_mixin.py:154} INFO - [2024-10-19T16:06:05.505+0000] {dag.py:3722} INFO - Setting next_dagrun for example_sensor_decorator to None, run_after=None
[2024-10-19T16:06:05.537+0000] {processor.py:179} INFO - Processing /home/airflow/.local/lib/python3.8/site-packages/airflow/example_dags/example_sensor_decorator.py took 0.104 seconds
[2024-10-19T16:06:35.853+0000] {processor.py:157} INFO - Started process (PID=205) to work on /home/airflow/.local/lib/python3.8/site-packages/airflow/example_dags/example_sensor_decorator.py
[2024-10-19T16:06:35.854+0000] {processor.py:829} INFO - Processing file /home/airflow/.local/lib/python3.8/site-packages/airflow/example_dags/example_sensor_decorator.py for tasks to queue
[2024-10-19T16:06:35.856+0000] {logging_mixin.py:154} INFO - [2024-10-19T16:06:35.855+0000] {dagbag.py:536} INFO - Filling up the DagBag from /home/airflow/.local/lib/python3.8/site-packages/airflow/example_dags/example_sensor_decorator.py
[2024-10-19T16:06:35.862+0000] {processor.py:839} INFO - DAG(s) dict_keys(['example_sensor_decorator']) retrieved from /home/airflow/.local/lib/python3.8/site-packages/airflow/example_dags/example_sensor_decorator.py
[2024-10-19T16:06:35.883+0000] {logging_mixin.py:154} INFO - [2024-10-19T16:06:35.883+0000] {dag.py:2941} INFO - Sync 1 DAGs
[2024-10-19T16:06:35.897+0000] {logging_mixin.py:154} INFO - [2024-10-19T16:06:35.897+0000] {dag.py:3722} INFO - Setting next_dagrun for example_sensor_decorator to None, run_after=None
[2024-10-19T16:06:35.926+0000] {processor.py:179} INFO - Processing /home/airflow/.local/lib/python3.8/site-packages/airflow/example_dags/example_sensor_decorator.py took 0.077 seconds
