[2024-10-19T16:05:34.765+0000] {processor.py:157} INFO - Started process (PID=95) to work on /home/airflow/.local/lib/python3.8/site-packages/airflow/example_dags/example_short_circuit_operator.py
[2024-10-19T16:05:34.773+0000] {processor.py:829} INFO - Processing file /home/airflow/.local/lib/python3.8/site-packages/airflow/example_dags/example_short_circuit_operator.py for tasks to queue
[2024-10-19T16:05:34.779+0000] {logging_mixin.py:154} INFO - [2024-10-19T16:05:34.778+0000] {dagbag.py:536} INFO - Filling up the DagBag from /home/airflow/.local/lib/python3.8/site-packages/airflow/example_dags/example_short_circuit_operator.py
[2024-10-19T16:05:34.812+0000] {processor.py:839} INFO - DAG(s) dict_keys(['example_short_circuit_operator']) retrieved from /home/airflow/.local/lib/python3.8/site-packages/airflow/example_dags/example_short_circuit_operator.py
[2024-10-19T16:05:34.862+0000] {logging_mixin.py:154} INFO - [2024-10-19T16:05:34.861+0000] {dag.py:2941} INFO - Sync 1 DAGs
[2024-10-19T16:05:34.907+0000] {logging_mixin.py:154} INFO - [2024-10-19T16:05:34.906+0000] {dag.py:3722} INFO - Setting next_dagrun for example_short_circuit_operator to 2024-10-18T16:05:34.906365+00:00, run_after=2024-10-19T16:05:34.906365+00:00
[2024-10-19T16:05:34.944+0000] {processor.py:179} INFO - Processing /home/airflow/.local/lib/python3.8/site-packages/airflow/example_dags/example_short_circuit_operator.py took 0.187 seconds
[2024-10-19T16:06:05.086+0000] {processor.py:157} INFO - Started process (PID=149) to work on /home/airflow/.local/lib/python3.8/site-packages/airflow/example_dags/example_short_circuit_operator.py
[2024-10-19T16:06:05.090+0000] {processor.py:829} INFO - Processing file /home/airflow/.local/lib/python3.8/site-packages/airflow/example_dags/example_short_circuit_operator.py for tasks to queue
[2024-10-19T16:06:05.097+0000] {logging_mixin.py:154} INFO - [2024-10-19T16:06:05.096+0000] {dagbag.py:536} INFO - Filling up the DagBag from /home/airflow/.local/lib/python3.8/site-packages/airflow/example_dags/example_short_circuit_operator.py
[2024-10-19T16:06:05.115+0000] {processor.py:839} INFO - DAG(s) dict_keys(['example_short_circuit_operator']) retrieved from /home/airflow/.local/lib/python3.8/site-packages/airflow/example_dags/example_short_circuit_operator.py
[2024-10-19T16:06:05.178+0000] {logging_mixin.py:154} INFO - [2024-10-19T16:06:05.177+0000] {dag.py:2941} INFO - Sync 1 DAGs
[2024-10-19T16:06:05.219+0000] {logging_mixin.py:154} INFO - [2024-10-19T16:06:05.218+0000] {dag.py:3722} INFO - Setting next_dagrun for example_short_circuit_operator to 2024-10-18T16:06:05.218223+00:00, run_after=2024-10-19T16:06:05.218223+00:00
[2024-10-19T16:06:05.265+0000] {processor.py:179} INFO - Processing /home/airflow/.local/lib/python3.8/site-packages/airflow/example_dags/example_short_circuit_operator.py took 0.195 seconds
[2024-10-19T16:06:35.737+0000] {processor.py:157} INFO - Started process (PID=203) to work on /home/airflow/.local/lib/python3.8/site-packages/airflow/example_dags/example_short_circuit_operator.py
[2024-10-19T16:06:35.738+0000] {processor.py:829} INFO - Processing file /home/airflow/.local/lib/python3.8/site-packages/airflow/example_dags/example_short_circuit_operator.py for tasks to queue
[2024-10-19T16:06:35.741+0000] {logging_mixin.py:154} INFO - [2024-10-19T16:06:35.741+0000] {dagbag.py:536} INFO - Filling up the DagBag from /home/airflow/.local/lib/python3.8/site-packages/airflow/example_dags/example_short_circuit_operator.py
[2024-10-19T16:06:35.749+0000] {processor.py:839} INFO - DAG(s) dict_keys(['example_short_circuit_operator']) retrieved from /home/airflow/.local/lib/python3.8/site-packages/airflow/example_dags/example_short_circuit_operator.py
[2024-10-19T16:06:35.775+0000] {logging_mixin.py:154} INFO - [2024-10-19T16:06:35.775+0000] {dag.py:2941} INFO - Sync 1 DAGs
[2024-10-19T16:06:35.801+0000] {logging_mixin.py:154} INFO - [2024-10-19T16:06:35.800+0000] {dag.py:3722} INFO - Setting next_dagrun for example_short_circuit_operator to 2024-10-18T16:06:35.800577+00:00, run_after=2024-10-19T16:06:35.800577+00:00
[2024-10-19T16:06:35.824+0000] {processor.py:179} INFO - Processing /home/airflow/.local/lib/python3.8/site-packages/airflow/example_dags/example_short_circuit_operator.py took 0.090 seconds
