[2024-10-19T16:05:34.672+0000] {processor.py:157} INFO - Started process (PID=94) to work on /home/airflow/.local/lib/python3.8/site-packages/airflow/example_dags/example_short_circuit_decorator.py
[2024-10-19T16:05:34.674+0000] {processor.py:829} INFO - Processing file /home/airflow/.local/lib/python3.8/site-packages/airflow/example_dags/example_short_circuit_decorator.py for tasks to queue
[2024-10-19T16:05:34.681+0000] {logging_mixin.py:154} INFO - [2024-10-19T16:05:34.680+0000] {dagbag.py:536} INFO - Filling up the DagBag from /home/airflow/.local/lib/python3.8/site-packages/airflow/example_dags/example_short_circuit_decorator.py
[2024-10-19T16:05:34.717+0000] {processor.py:839} INFO - DAG(s) dict_keys(['example_short_circuit_decorator']) retrieved from /home/airflow/.local/lib/python3.8/site-packages/airflow/example_dags/example_short_circuit_decorator.py
[2024-10-19T16:05:34.773+0000] {logging_mixin.py:154} INFO - [2024-10-19T16:05:34.773+0000] {dag.py:2941} INFO - Sync 1 DAGs
[2024-10-19T16:05:34.828+0000] {logging_mixin.py:154} INFO - [2024-10-19T16:05:34.827+0000] {dag.py:3722} INFO - Setting next_dagrun for example_short_circuit_decorator to 2024-10-18T16:05:34.827423+00:00, run_after=2024-10-19T16:05:34.827423+00:00
[2024-10-19T16:05:34.868+0000] {processor.py:179} INFO - Processing /home/airflow/.local/lib/python3.8/site-packages/airflow/example_dags/example_short_circuit_decorator.py took 0.208 seconds
[2024-10-19T16:06:05.033+0000] {processor.py:157} INFO - Started process (PID=148) to work on /home/airflow/.local/lib/python3.8/site-packages/airflow/example_dags/example_short_circuit_decorator.py
[2024-10-19T16:06:05.035+0000] {processor.py:829} INFO - Processing file /home/airflow/.local/lib/python3.8/site-packages/airflow/example_dags/example_short_circuit_decorator.py for tasks to queue
[2024-10-19T16:06:05.039+0000] {logging_mixin.py:154} INFO - [2024-10-19T16:06:05.038+0000] {dagbag.py:536} INFO - Filling up the DagBag from /home/airflow/.local/lib/python3.8/site-packages/airflow/example_dags/example_short_circuit_decorator.py
[2024-10-19T16:06:05.053+0000] {processor.py:839} INFO - DAG(s) dict_keys(['example_short_circuit_decorator']) retrieved from /home/airflow/.local/lib/python3.8/site-packages/airflow/example_dags/example_short_circuit_decorator.py
[2024-10-19T16:06:05.094+0000] {logging_mixin.py:154} INFO - [2024-10-19T16:06:05.093+0000] {dag.py:2941} INFO - Sync 1 DAGs
[2024-10-19T16:06:05.148+0000] {logging_mixin.py:154} INFO - [2024-10-19T16:06:05.148+0000] {dag.py:3722} INFO - Setting next_dagrun for example_short_circuit_decorator to 2024-10-18T16:06:05.147792+00:00, run_after=2024-10-19T16:06:05.147792+00:00
[2024-10-19T16:06:05.183+0000] {processor.py:179} INFO - Processing /home/airflow/.local/lib/python3.8/site-packages/airflow/example_dags/example_short_circuit_decorator.py took 0.154 seconds
[2024-10-19T16:06:35.667+0000] {processor.py:157} INFO - Started process (PID=202) to work on /home/airflow/.local/lib/python3.8/site-packages/airflow/example_dags/example_short_circuit_decorator.py
[2024-10-19T16:06:35.668+0000] {processor.py:829} INFO - Processing file /home/airflow/.local/lib/python3.8/site-packages/airflow/example_dags/example_short_circuit_decorator.py for tasks to queue
[2024-10-19T16:06:35.671+0000] {logging_mixin.py:154} INFO - [2024-10-19T16:06:35.670+0000] {dagbag.py:536} INFO - Filling up the DagBag from /home/airflow/.local/lib/python3.8/site-packages/airflow/example_dags/example_short_circuit_decorator.py
[2024-10-19T16:06:35.679+0000] {processor.py:839} INFO - DAG(s) dict_keys(['example_short_circuit_decorator']) retrieved from /home/airflow/.local/lib/python3.8/site-packages/airflow/example_dags/example_short_circuit_decorator.py
[2024-10-19T16:06:35.704+0000] {logging_mixin.py:154} INFO - [2024-10-19T16:06:35.704+0000] {dag.py:2941} INFO - Sync 1 DAGs
[2024-10-19T16:06:35.727+0000] {logging_mixin.py:154} INFO - [2024-10-19T16:06:35.727+0000] {dag.py:3722} INFO - Setting next_dagrun for example_short_circuit_decorator to 2024-10-18T16:06:35.726889+00:00, run_after=2024-10-19T16:06:35.726889+00:00
[2024-10-19T16:06:35.749+0000] {processor.py:179} INFO - Processing /home/airflow/.local/lib/python3.8/site-packages/airflow/example_dags/example_short_circuit_decorator.py took 0.084 seconds
