[2024-10-19T16:05:35.576+0000] {processor.py:157} INFO - Started process (PID=100) to work on /home/airflow/.local/lib/python3.8/site-packages/airflow/example_dags/example_bash_operator.py
[2024-10-19T16:05:35.595+0000] {processor.py:829} INFO - Processing file /home/airflow/.local/lib/python3.8/site-packages/airflow/example_dags/example_bash_operator.py for tasks to queue
[2024-10-19T16:05:35.608+0000] {logging_mixin.py:154} INFO - [2024-10-19T16:05:35.607+0000] {dagbag.py:536} INFO - Filling up the DagBag from /home/airflow/.local/lib/python3.8/site-packages/airflow/example_dags/example_bash_operator.py
[2024-10-19T16:05:35.648+0000] {processor.py:839} INFO - DAG(s) dict_keys(['example_bash_operator']) retrieved from /home/airflow/.local/lib/python3.8/site-packages/airflow/example_dags/example_bash_operator.py
[2024-10-19T16:05:35.725+0000] {logging_mixin.py:154} INFO - [2024-10-19T16:05:35.724+0000] {dag.py:2941} INFO - Sync 1 DAGs
[2024-10-19T16:05:35.762+0000] {logging_mixin.py:154} INFO - [2024-10-19T16:05:35.761+0000] {dag.py:3722} INFO - Setting next_dagrun for example_bash_operator to 2024-10-18T00:00:00+00:00, run_after=2024-10-19T00:00:00+00:00
[2024-10-19T16:05:35.796+0000] {processor.py:179} INFO - Processing /home/airflow/.local/lib/python3.8/site-packages/airflow/example_dags/example_bash_operator.py took 0.248 seconds
[2024-10-19T16:06:05.923+0000] {processor.py:157} INFO - Started process (PID=154) to work on /home/airflow/.local/lib/python3.8/site-packages/airflow/example_dags/example_bash_operator.py
[2024-10-19T16:06:05.925+0000] {processor.py:829} INFO - Processing file /home/airflow/.local/lib/python3.8/site-packages/airflow/example_dags/example_bash_operator.py for tasks to queue
[2024-10-19T16:06:05.928+0000] {logging_mixin.py:154} INFO - [2024-10-19T16:06:05.927+0000] {dagbag.py:536} INFO - Filling up the DagBag from /home/airflow/.local/lib/python3.8/site-packages/airflow/example_dags/example_bash_operator.py
[2024-10-19T16:06:05.944+0000] {processor.py:839} INFO - DAG(s) dict_keys(['example_bash_operator']) retrieved from /home/airflow/.local/lib/python3.8/site-packages/airflow/example_dags/example_bash_operator.py
[2024-10-19T16:06:05.988+0000] {logging_mixin.py:154} INFO - [2024-10-19T16:06:05.988+0000] {dag.py:2941} INFO - Sync 1 DAGs
[2024-10-19T16:06:06.022+0000] {logging_mixin.py:154} INFO - [2024-10-19T16:06:06.021+0000] {dag.py:3722} INFO - Setting next_dagrun for example_bash_operator to 2024-10-18T00:00:00+00:00, run_after=2024-10-19T00:00:00+00:00
[2024-10-19T16:06:06.055+0000] {processor.py:179} INFO - Processing /home/airflow/.local/lib/python3.8/site-packages/airflow/example_dags/example_bash_operator.py took 0.136 seconds
[2024-10-19T16:06:36.091+0000] {processor.py:157} INFO - Started process (PID=208) to work on /home/airflow/.local/lib/python3.8/site-packages/airflow/example_dags/example_bash_operator.py
[2024-10-19T16:06:36.093+0000] {processor.py:829} INFO - Processing file /home/airflow/.local/lib/python3.8/site-packages/airflow/example_dags/example_bash_operator.py for tasks to queue
[2024-10-19T16:06:36.096+0000] {logging_mixin.py:154} INFO - [2024-10-19T16:06:36.095+0000] {dagbag.py:536} INFO - Filling up the DagBag from /home/airflow/.local/lib/python3.8/site-packages/airflow/example_dags/example_bash_operator.py
[2024-10-19T16:06:36.106+0000] {processor.py:839} INFO - DAG(s) dict_keys(['example_bash_operator']) retrieved from /home/airflow/.local/lib/python3.8/site-packages/airflow/example_dags/example_bash_operator.py
[2024-10-19T16:06:36.143+0000] {logging_mixin.py:154} INFO - [2024-10-19T16:06:36.143+0000] {dag.py:2941} INFO - Sync 1 DAGs
[2024-10-19T16:06:36.173+0000] {logging_mixin.py:154} INFO - [2024-10-19T16:06:36.173+0000] {dag.py:3722} INFO - Setting next_dagrun for example_bash_operator to 2024-10-18T00:00:00+00:00, run_after=2024-10-19T00:00:00+00:00
[2024-10-19T16:06:36.203+0000] {processor.py:179} INFO - Processing /home/airflow/.local/lib/python3.8/site-packages/airflow/example_dags/example_bash_operator.py took 0.114 seconds
