[2024-10-19T16:05:33.653+0000] {processor.py:157} INFO - Started process (PID=86) to work on /home/airflow/.local/lib/python3.8/site-packages/airflow/example_dags/example_trigger_target_dag.py
[2024-10-19T16:05:33.654+0000] {processor.py:829} INFO - Processing file /home/airflow/.local/lib/python3.8/site-packages/airflow/example_dags/example_trigger_target_dag.py for tasks to queue
[2024-10-19T16:05:33.658+0000] {logging_mixin.py:154} INFO - [2024-10-19T16:05:33.658+0000] {dagbag.py:536} INFO - Filling up the DagBag from /home/airflow/.local/lib/python3.8/site-packages/airflow/example_dags/example_trigger_target_dag.py
[2024-10-19T16:05:33.673+0000] {processor.py:839} INFO - DAG(s) dict_keys(['example_trigger_target_dag']) retrieved from /home/airflow/.local/lib/python3.8/site-packages/airflow/example_dags/example_trigger_target_dag.py
[2024-10-19T16:05:33.714+0000] {logging_mixin.py:154} INFO - [2024-10-19T16:05:33.714+0000] {dag.py:2941} INFO - Sync 1 DAGs
[2024-10-19T16:05:33.739+0000] {logging_mixin.py:154} INFO - [2024-10-19T16:05:33.739+0000] {dag.py:3722} INFO - Setting next_dagrun for example_trigger_target_dag to None, run_after=None
[2024-10-19T16:05:33.780+0000] {processor.py:179} INFO - Processing /home/airflow/.local/lib/python3.8/site-packages/airflow/example_dags/example_trigger_target_dag.py took 0.133 seconds
[2024-10-19T16:06:04.354+0000] {processor.py:157} INFO - Started process (PID=140) to work on /home/airflow/.local/lib/python3.8/site-packages/airflow/example_dags/example_trigger_target_dag.py
[2024-10-19T16:06:04.356+0000] {processor.py:829} INFO - Processing file /home/airflow/.local/lib/python3.8/site-packages/airflow/example_dags/example_trigger_target_dag.py for tasks to queue
[2024-10-19T16:06:04.360+0000] {logging_mixin.py:154} INFO - [2024-10-19T16:06:04.360+0000] {dagbag.py:536} INFO - Filling up the DagBag from /home/airflow/.local/lib/python3.8/site-packages/airflow/example_dags/example_trigger_target_dag.py
[2024-10-19T16:06:04.370+0000] {processor.py:839} INFO - DAG(s) dict_keys(['example_trigger_target_dag']) retrieved from /home/airflow/.local/lib/python3.8/site-packages/airflow/example_dags/example_trigger_target_dag.py
[2024-10-19T16:06:04.402+0000] {logging_mixin.py:154} INFO - [2024-10-19T16:06:04.402+0000] {dag.py:2941} INFO - Sync 1 DAGs
[2024-10-19T16:06:04.421+0000] {logging_mixin.py:154} INFO - [2024-10-19T16:06:04.421+0000] {dag.py:3722} INFO - Setting next_dagrun for example_trigger_target_dag to None, run_after=None
[2024-10-19T16:06:04.453+0000] {processor.py:179} INFO - Processing /home/airflow/.local/lib/python3.8/site-packages/airflow/example_dags/example_trigger_target_dag.py took 0.104 seconds
[2024-10-19T16:06:35.213+0000] {processor.py:157} INFO - Started process (PID=194) to work on /home/airflow/.local/lib/python3.8/site-packages/airflow/example_dags/example_trigger_target_dag.py
[2024-10-19T16:06:35.215+0000] {processor.py:829} INFO - Processing file /home/airflow/.local/lib/python3.8/site-packages/airflow/example_dags/example_trigger_target_dag.py for tasks to queue
[2024-10-19T16:06:35.217+0000] {logging_mixin.py:154} INFO - [2024-10-19T16:06:35.217+0000] {dagbag.py:536} INFO - Filling up the DagBag from /home/airflow/.local/lib/python3.8/site-packages/airflow/example_dags/example_trigger_target_dag.py
[2024-10-19T16:06:35.224+0000] {processor.py:839} INFO - DAG(s) dict_keys(['example_trigger_target_dag']) retrieved from /home/airflow/.local/lib/python3.8/site-packages/airflow/example_dags/example_trigger_target_dag.py
[2024-10-19T16:06:35.246+0000] {logging_mixin.py:154} INFO - [2024-10-19T16:06:35.246+0000] {dag.py:2941} INFO - Sync 1 DAGs
[2024-10-19T16:06:35.260+0000] {logging_mixin.py:154} INFO - [2024-10-19T16:06:35.260+0000] {dag.py:3722} INFO - Setting next_dagrun for example_trigger_target_dag to None, run_after=None
[2024-10-19T16:06:35.284+0000] {processor.py:179} INFO - Processing /home/airflow/.local/lib/python3.8/site-packages/airflow/example_dags/example_trigger_target_dag.py took 0.074 seconds
