[2024-10-19T16:05:36.840+0000] {processor.py:157} INFO - Started process (PID=110) to work on /home/airflow/.local/lib/python3.8/site-packages/airflow/example_dags/example_xcom.py
[2024-10-19T16:05:36.841+0000] {processor.py:829} INFO - Processing file /home/airflow/.local/lib/python3.8/site-packages/airflow/example_dags/example_xcom.py for tasks to queue
[2024-10-19T16:05:36.846+0000] {logging_mixin.py:154} INFO - [2024-10-19T16:05:36.845+0000] {dagbag.py:536} INFO - Filling up the DagBag from /home/airflow/.local/lib/python3.8/site-packages/airflow/example_dags/example_xcom.py
[2024-10-19T16:05:36.856+0000] {processor.py:839} INFO - DAG(s) dict_keys(['example_xcom']) retrieved from /home/airflow/.local/lib/python3.8/site-packages/airflow/example_dags/example_xcom.py
[2024-10-19T16:05:36.895+0000] {logging_mixin.py:154} INFO - [2024-10-19T16:05:36.895+0000] {dag.py:2941} INFO - Sync 1 DAGs
[2024-10-19T16:05:36.939+0000] {logging_mixin.py:154} INFO - [2024-10-19T16:05:36.939+0000] {dag.py:3722} INFO - Setting next_dagrun for example_xcom to 2021-01-01T00:00:00+00:00, run_after=2021-01-01T00:00:00+00:00
[2024-10-19T16:05:36.979+0000] {processor.py:179} INFO - Processing /home/airflow/.local/lib/python3.8/site-packages/airflow/example_dags/example_xcom.py took 0.144 seconds
[2024-10-19T16:06:07.899+0000] {processor.py:157} INFO - Started process (PID=164) to work on /home/airflow/.local/lib/python3.8/site-packages/airflow/example_dags/example_xcom.py
[2024-10-19T16:06:07.901+0000] {processor.py:829} INFO - Processing file /home/airflow/.local/lib/python3.8/site-packages/airflow/example_dags/example_xcom.py for tasks to queue
[2024-10-19T16:06:07.903+0000] {logging_mixin.py:154} INFO - [2024-10-19T16:06:07.903+0000] {dagbag.py:536} INFO - Filling up the DagBag from /home/airflow/.local/lib/python3.8/site-packages/airflow/example_dags/example_xcom.py
[2024-10-19T16:06:07.910+0000] {processor.py:839} INFO - DAG(s) dict_keys(['example_xcom']) retrieved from /home/airflow/.local/lib/python3.8/site-packages/airflow/example_dags/example_xcom.py
[2024-10-19T16:06:07.936+0000] {logging_mixin.py:154} INFO - [2024-10-19T16:06:07.935+0000] {dag.py:2941} INFO - Sync 1 DAGs
[2024-10-19T16:06:07.960+0000] {logging_mixin.py:154} INFO - [2024-10-19T16:06:07.960+0000] {dag.py:3722} INFO - Setting next_dagrun for example_xcom to 2021-01-01T00:00:00+00:00, run_after=2021-01-01T00:00:00+00:00
[2024-10-19T16:06:07.985+0000] {processor.py:179} INFO - Processing /home/airflow/.local/lib/python3.8/site-packages/airflow/example_dags/example_xcom.py took 0.089 seconds
[2024-10-19T16:06:38.745+0000] {processor.py:157} INFO - Started process (PID=218) to work on /home/airflow/.local/lib/python3.8/site-packages/airflow/example_dags/example_xcom.py
[2024-10-19T16:06:38.746+0000] {processor.py:829} INFO - Processing file /home/airflow/.local/lib/python3.8/site-packages/airflow/example_dags/example_xcom.py for tasks to queue
[2024-10-19T16:06:38.749+0000] {logging_mixin.py:154} INFO - [2024-10-19T16:06:38.748+0000] {dagbag.py:536} INFO - Filling up the DagBag from /home/airflow/.local/lib/python3.8/site-packages/airflow/example_dags/example_xcom.py
[2024-10-19T16:06:38.757+0000] {processor.py:839} INFO - DAG(s) dict_keys(['example_xcom']) retrieved from /home/airflow/.local/lib/python3.8/site-packages/airflow/example_dags/example_xcom.py
[2024-10-19T16:06:38.783+0000] {logging_mixin.py:154} INFO - [2024-10-19T16:06:38.783+0000] {dag.py:2941} INFO - Sync 1 DAGs
[2024-10-19T16:06:38.809+0000] {logging_mixin.py:154} INFO - [2024-10-19T16:06:38.809+0000] {dag.py:3722} INFO - Setting next_dagrun for example_xcom to 2021-01-01T00:00:00+00:00, run_after=2021-01-01T00:00:00+00:00
[2024-10-19T16:06:38.835+0000] {processor.py:179} INFO - Processing /home/airflow/.local/lib/python3.8/site-packages/airflow/example_dags/example_xcom.py took 0.093 seconds
