[2024-10-19T16:05:34.923+0000] {processor.py:157} INFO - Started process (PID=96) to work on /home/airflow/.local/lib/python3.8/site-packages/airflow/example_dags/example_time_delta_sensor_async.py
[2024-10-19T16:05:34.925+0000] {processor.py:829} INFO - Processing file /home/airflow/.local/lib/python3.8/site-packages/airflow/example_dags/example_time_delta_sensor_async.py for tasks to queue
[2024-10-19T16:05:34.928+0000] {logging_mixin.py:154} INFO - [2024-10-19T16:05:34.927+0000] {dagbag.py:536} INFO - Filling up the DagBag from /home/airflow/.local/lib/python3.8/site-packages/airflow/example_dags/example_time_delta_sensor_async.py
[2024-10-19T16:05:34.940+0000] {processor.py:839} INFO - DAG(s) dict_keys(['example_time_delta_sensor_async']) retrieved from /home/airflow/.local/lib/python3.8/site-packages/airflow/example_dags/example_time_delta_sensor_async.py
[2024-10-19T16:05:35.019+0000] {logging_mixin.py:154} INFO - [2024-10-19T16:05:35.018+0000] {dag.py:2941} INFO - Sync 1 DAGs
[2024-10-19T16:05:35.098+0000] {logging_mixin.py:154} INFO - [2024-10-19T16:05:35.097+0000] {dag.py:3722} INFO - Setting next_dagrun for example_time_delta_sensor_async to None, run_after=None
[2024-10-19T16:05:35.166+0000] {processor.py:179} INFO - Processing /home/airflow/.local/lib/python3.8/site-packages/airflow/example_dags/example_time_delta_sensor_async.py took 0.248 seconds
[2024-10-19T16:06:05.237+0000] {processor.py:157} INFO - Started process (PID=150) to work on /home/airflow/.local/lib/python3.8/site-packages/airflow/example_dags/example_time_delta_sensor_async.py
[2024-10-19T16:06:05.240+0000] {processor.py:829} INFO - Processing file /home/airflow/.local/lib/python3.8/site-packages/airflow/example_dags/example_time_delta_sensor_async.py for tasks to queue
[2024-10-19T16:06:05.243+0000] {logging_mixin.py:154} INFO - [2024-10-19T16:06:05.243+0000] {dagbag.py:536} INFO - Filling up the DagBag from /home/airflow/.local/lib/python3.8/site-packages/airflow/example_dags/example_time_delta_sensor_async.py
[2024-10-19T16:06:05.257+0000] {processor.py:839} INFO - DAG(s) dict_keys(['example_time_delta_sensor_async']) retrieved from /home/airflow/.local/lib/python3.8/site-packages/airflow/example_dags/example_time_delta_sensor_async.py
[2024-10-19T16:06:05.306+0000] {logging_mixin.py:154} INFO - [2024-10-19T16:06:05.306+0000] {dag.py:2941} INFO - Sync 1 DAGs
[2024-10-19T16:06:05.347+0000] {logging_mixin.py:154} INFO - [2024-10-19T16:06:05.347+0000] {dag.py:3722} INFO - Setting next_dagrun for example_time_delta_sensor_async to None, run_after=None
[2024-10-19T16:06:05.394+0000] {processor.py:179} INFO - Processing /home/airflow/.local/lib/python3.8/site-packages/airflow/example_dags/example_time_delta_sensor_async.py took 0.161 seconds
[2024-10-19T16:06:35.778+0000] {processor.py:157} INFO - Started process (PID=204) to work on /home/airflow/.local/lib/python3.8/site-packages/airflow/example_dags/example_time_delta_sensor_async.py
[2024-10-19T16:06:35.779+0000] {processor.py:829} INFO - Processing file /home/airflow/.local/lib/python3.8/site-packages/airflow/example_dags/example_time_delta_sensor_async.py for tasks to queue
[2024-10-19T16:06:35.782+0000] {logging_mixin.py:154} INFO - [2024-10-19T16:06:35.781+0000] {dagbag.py:536} INFO - Filling up the DagBag from /home/airflow/.local/lib/python3.8/site-packages/airflow/example_dags/example_time_delta_sensor_async.py
[2024-10-19T16:06:35.788+0000] {processor.py:839} INFO - DAG(s) dict_keys(['example_time_delta_sensor_async']) retrieved from /home/airflow/.local/lib/python3.8/site-packages/airflow/example_dags/example_time_delta_sensor_async.py
[2024-10-19T16:06:35.810+0000] {logging_mixin.py:154} INFO - [2024-10-19T16:06:35.809+0000] {dag.py:2941} INFO - Sync 1 DAGs
[2024-10-19T16:06:35.822+0000] {logging_mixin.py:154} INFO - [2024-10-19T16:06:35.822+0000] {dag.py:3722} INFO - Setting next_dagrun for example_time_delta_sensor_async to None, run_after=None
[2024-10-19T16:06:35.846+0000] {processor.py:179} INFO - Processing /home/airflow/.local/lib/python3.8/site-packages/airflow/example_dags/example_time_delta_sensor_async.py took 0.071 seconds
