[2024-10-19T16:05:36.087+0000] {processor.py:157} INFO - Started process (PID=104) to work on /home/airflow/.local/lib/python3.8/site-packages/airflow/example_dags/example_branch_python_dop_operator_3.py
[2024-10-19T16:05:36.089+0000] {processor.py:829} INFO - Processing file /home/airflow/.local/lib/python3.8/site-packages/airflow/example_dags/example_branch_python_dop_operator_3.py for tasks to queue
[2024-10-19T16:05:36.092+0000] {logging_mixin.py:154} INFO - [2024-10-19T16:05:36.091+0000] {dagbag.py:536} INFO - Filling up the DagBag from /home/airflow/.local/lib/python3.8/site-packages/airflow/example_dags/example_branch_python_dop_operator_3.py
[2024-10-19T16:05:36.106+0000] {processor.py:839} INFO - DAG(s) dict_keys(['example_branch_dop_operator_v3']) retrieved from /home/airflow/.local/lib/python3.8/site-packages/airflow/example_dags/example_branch_python_dop_operator_3.py
[2024-10-19T16:05:36.148+0000] {logging_mixin.py:154} INFO - [2024-10-19T16:05:36.148+0000] {dag.py:2941} INFO - Sync 1 DAGs
[2024-10-19T16:05:36.207+0000] {logging_mixin.py:154} INFO - [2024-10-19T16:05:36.207+0000] {dag.py:3722} INFO - Setting next_dagrun for example_branch_dop_operator_v3 to 2024-10-19T16:04:00+00:00, run_after=2024-10-19T16:05:00+00:00
[2024-10-19T16:05:36.251+0000] {processor.py:179} INFO - Processing /home/airflow/.local/lib/python3.8/site-packages/airflow/example_dags/example_branch_python_dop_operator_3.py took 0.167 seconds
[2024-10-19T16:06:06.354+0000] {processor.py:157} INFO - Started process (PID=158) to work on /home/airflow/.local/lib/python3.8/site-packages/airflow/example_dags/example_branch_python_dop_operator_3.py
[2024-10-19T16:06:06.355+0000] {processor.py:829} INFO - Processing file /home/airflow/.local/lib/python3.8/site-packages/airflow/example_dags/example_branch_python_dop_operator_3.py for tasks to queue
[2024-10-19T16:06:06.358+0000] {logging_mixin.py:154} INFO - [2024-10-19T16:06:06.358+0000] {dagbag.py:536} INFO - Filling up the DagBag from /home/airflow/.local/lib/python3.8/site-packages/airflow/example_dags/example_branch_python_dop_operator_3.py
[2024-10-19T16:06:06.370+0000] {processor.py:839} INFO - DAG(s) dict_keys(['example_branch_dop_operator_v3']) retrieved from /home/airflow/.local/lib/python3.8/site-packages/airflow/example_dags/example_branch_python_dop_operator_3.py
[2024-10-19T16:06:06.397+0000] {logging_mixin.py:154} INFO - [2024-10-19T16:06:06.397+0000] {dag.py:2941} INFO - Sync 1 DAGs
[2024-10-19T16:06:06.430+0000] {logging_mixin.py:154} INFO - [2024-10-19T16:06:06.430+0000] {dag.py:3722} INFO - Setting next_dagrun for example_branch_dop_operator_v3 to 2024-10-19T16:05:00+00:00, run_after=2024-10-19T16:06:00+00:00
[2024-10-19T16:06:06.460+0000] {processor.py:179} INFO - Processing /home/airflow/.local/lib/python3.8/site-packages/airflow/example_dags/example_branch_python_dop_operator_3.py took 0.110 seconds
[2024-10-19T16:06:37.286+0000] {processor.py:157} INFO - Started process (PID=212) to work on /home/airflow/.local/lib/python3.8/site-packages/airflow/example_dags/example_branch_python_dop_operator_3.py
[2024-10-19T16:06:37.287+0000] {processor.py:829} INFO - Processing file /home/airflow/.local/lib/python3.8/site-packages/airflow/example_dags/example_branch_python_dop_operator_3.py for tasks to queue
[2024-10-19T16:06:37.290+0000] {logging_mixin.py:154} INFO - [2024-10-19T16:06:37.289+0000] {dagbag.py:536} INFO - Filling up the DagBag from /home/airflow/.local/lib/python3.8/site-packages/airflow/example_dags/example_branch_python_dop_operator_3.py
[2024-10-19T16:06:37.298+0000] {processor.py:839} INFO - DAG(s) dict_keys(['example_branch_dop_operator_v3']) retrieved from /home/airflow/.local/lib/python3.8/site-packages/airflow/example_dags/example_branch_python_dop_operator_3.py
[2024-10-19T16:06:37.320+0000] {logging_mixin.py:154} INFO - [2024-10-19T16:06:37.320+0000] {dag.py:2941} INFO - Sync 1 DAGs
[2024-10-19T16:06:37.348+0000] {logging_mixin.py:154} INFO - [2024-10-19T16:06:37.348+0000] {dag.py:3722} INFO - Setting next_dagrun for example_branch_dop_operator_v3 to 2024-10-19T16:05:00+00:00, run_after=2024-10-19T16:06:00+00:00
[2024-10-19T16:06:37.375+0000] {processor.py:179} INFO - Processing /home/airflow/.local/lib/python3.8/site-packages/airflow/example_dags/example_branch_python_dop_operator_3.py took 0.091 seconds
