[2024-10-19T16:05:32.789+0000] {processor.py:157} INFO - Started process (PID=81) to work on /home/airflow/.local/lib/python3.8/site-packages/airflow/example_dags/example_branch_datetime_operator.py
[2024-10-19T16:05:32.791+0000] {processor.py:829} INFO - Processing file /home/airflow/.local/lib/python3.8/site-packages/airflow/example_dags/example_branch_datetime_operator.py for tasks to queue
[2024-10-19T16:05:32.794+0000] {logging_mixin.py:154} INFO - [2024-10-19T16:05:32.794+0000] {dagbag.py:536} INFO - Filling up the DagBag from /home/airflow/.local/lib/python3.8/site-packages/airflow/example_dags/example_branch_datetime_operator.py
[2024-10-19T16:05:32.818+0000] {processor.py:839} INFO - DAG(s) dict_keys(['example_branch_datetime_operator', 'example_branch_datetime_operator_2', 'example_branch_datetime_operator_3']) retrieved from /home/airflow/.local/lib/python3.8/site-packages/airflow/example_dags/example_branch_datetime_operator.py
[2024-10-19T16:05:32.914+0000] {logging_mixin.py:154} INFO - [2024-10-19T16:05:32.914+0000] {dag.py:2941} INFO - Sync 3 DAGs
[2024-10-19T16:05:33.000+0000] {logging_mixin.py:154} INFO - [2024-10-19T16:05:33.000+0000] {dag.py:3722} INFO - Setting next_dagrun for example_branch_datetime_operator to 2024-10-18T00:00:00+00:00, run_after=2024-10-19T00:00:00+00:00
[2024-10-19T16:05:33.008+0000] {logging_mixin.py:154} INFO - [2024-10-19T16:05:33.008+0000] {dag.py:3722} INFO - Setting next_dagrun for example_branch_datetime_operator_2 to 2024-10-18T00:00:00+00:00, run_after=2024-10-19T00:00:00+00:00
[2024-10-19T16:05:33.013+0000] {logging_mixin.py:154} INFO - [2024-10-19T16:05:33.013+0000] {dag.py:3722} INFO - Setting next_dagrun for example_branch_datetime_operator_3 to 2024-10-18T00:00:00+00:00, run_after=2024-10-19T00:00:00+00:00
[2024-10-19T16:05:33.077+0000] {processor.py:179} INFO - Processing /home/airflow/.local/lib/python3.8/site-packages/airflow/example_dags/example_branch_datetime_operator.py took 0.294 seconds
[2024-10-19T16:06:03.827+0000] {processor.py:157} INFO - Started process (PID=135) to work on /home/airflow/.local/lib/python3.8/site-packages/airflow/example_dags/example_branch_datetime_operator.py
[2024-10-19T16:06:03.829+0000] {processor.py:829} INFO - Processing file /home/airflow/.local/lib/python3.8/site-packages/airflow/example_dags/example_branch_datetime_operator.py for tasks to queue
[2024-10-19T16:06:03.835+0000] {logging_mixin.py:154} INFO - [2024-10-19T16:06:03.834+0000] {dagbag.py:536} INFO - Filling up the DagBag from /home/airflow/.local/lib/python3.8/site-packages/airflow/example_dags/example_branch_datetime_operator.py
[2024-10-19T16:06:03.854+0000] {processor.py:839} INFO - DAG(s) dict_keys(['example_branch_datetime_operator', 'example_branch_datetime_operator_3', 'example_branch_datetime_operator_2']) retrieved from /home/airflow/.local/lib/python3.8/site-packages/airflow/example_dags/example_branch_datetime_operator.py
[2024-10-19T16:06:03.904+0000] {logging_mixin.py:154} INFO - [2024-10-19T16:06:03.903+0000] {dag.py:2941} INFO - Sync 3 DAGs
[2024-10-19T16:06:03.948+0000] {logging_mixin.py:154} INFO - [2024-10-19T16:06:03.948+0000] {dag.py:3722} INFO - Setting next_dagrun for example_branch_datetime_operator to 2024-10-18T00:00:00+00:00, run_after=2024-10-19T00:00:00+00:00
[2024-10-19T16:06:03.959+0000] {logging_mixin.py:154} INFO - [2024-10-19T16:06:03.959+0000] {dag.py:3722} INFO - Setting next_dagrun for example_branch_datetime_operator_2 to 2024-10-18T00:00:00+00:00, run_after=2024-10-19T00:00:00+00:00
[2024-10-19T16:06:03.965+0000] {logging_mixin.py:154} INFO - [2024-10-19T16:06:03.965+0000] {dag.py:3722} INFO - Setting next_dagrun for example_branch_datetime_operator_3 to 2024-10-18T00:00:00+00:00, run_after=2024-10-19T00:00:00+00:00
[2024-10-19T16:06:03.999+0000] {processor.py:179} INFO - Processing /home/airflow/.local/lib/python3.8/site-packages/airflow/example_dags/example_branch_datetime_operator.py took 0.177 seconds
[2024-10-19T16:06:34.862+0000] {processor.py:157} INFO - Started process (PID=189) to work on /home/airflow/.local/lib/python3.8/site-packages/airflow/example_dags/example_branch_datetime_operator.py
[2024-10-19T16:06:34.863+0000] {processor.py:829} INFO - Processing file /home/airflow/.local/lib/python3.8/site-packages/airflow/example_dags/example_branch_datetime_operator.py for tasks to queue
[2024-10-19T16:06:34.866+0000] {logging_mixin.py:154} INFO - [2024-10-19T16:06:34.866+0000] {dagbag.py:536} INFO - Filling up the DagBag from /home/airflow/.local/lib/python3.8/site-packages/airflow/example_dags/example_branch_datetime_operator.py
[2024-10-19T16:06:34.875+0000] {processor.py:839} INFO - DAG(s) dict_keys(['example_branch_datetime_operator', 'example_branch_datetime_operator_2', 'example_branch_datetime_operator_3']) retrieved from /home/airflow/.local/lib/python3.8/site-packages/airflow/example_dags/example_branch_datetime_operator.py
[2024-10-19T16:06:34.905+0000] {logging_mixin.py:154} INFO - [2024-10-19T16:06:34.904+0000] {dag.py:2941} INFO - Sync 3 DAGs
[2024-10-19T16:06:34.929+0000] {logging_mixin.py:154} INFO - [2024-10-19T16:06:34.929+0000] {dag.py:3722} INFO - Setting next_dagrun for example_branch_datetime_operator to 2024-10-18T00:00:00+00:00, run_after=2024-10-19T00:00:00+00:00
[2024-10-19T16:06:34.935+0000] {logging_mixin.py:154} INFO - [2024-10-19T16:06:34.935+0000] {dag.py:3722} INFO - Setting next_dagrun for example_branch_datetime_operator_2 to 2024-10-18T00:00:00+00:00, run_after=2024-10-19T00:00:00+00:00
[2024-10-19T16:06:34.938+0000] {logging_mixin.py:154} INFO - [2024-10-19T16:06:34.938+0000] {dag.py:3722} INFO - Setting next_dagrun for example_branch_datetime_operator_3 to 2024-10-18T00:00:00+00:00, run_after=2024-10-19T00:00:00+00:00
[2024-10-19T16:06:34.958+0000] {processor.py:179} INFO - Processing /home/airflow/.local/lib/python3.8/site-packages/airflow/example_dags/example_branch_datetime_operator.py took 0.099 seconds
