[2024-10-19T16:05:34.541+0000] {processor.py:157} INFO - Started process (PID=93) to work on /home/airflow/.local/lib/python3.8/site-packages/airflow/example_dags/example_branch_day_of_week_operator.py
[2024-10-19T16:05:34.543+0000] {processor.py:829} INFO - Processing file /home/airflow/.local/lib/python3.8/site-packages/airflow/example_dags/example_branch_day_of_week_operator.py for tasks to queue
[2024-10-19T16:05:34.547+0000] {logging_mixin.py:154} INFO - [2024-10-19T16:05:34.547+0000] {dagbag.py:536} INFO - Filling up the DagBag from /home/airflow/.local/lib/python3.8/site-packages/airflow/example_dags/example_branch_day_of_week_operator.py
[2024-10-19T16:05:34.563+0000] {processor.py:839} INFO - DAG(s) dict_keys(['example_weekday_branch_operator']) retrieved from /home/airflow/.local/lib/python3.8/site-packages/airflow/example_dags/example_branch_day_of_week_operator.py
[2024-10-19T16:05:34.610+0000] {logging_mixin.py:154} INFO - [2024-10-19T16:05:34.610+0000] {dag.py:2941} INFO - Sync 1 DAGs
[2024-10-19T16:05:34.660+0000] {logging_mixin.py:154} INFO - [2024-10-19T16:05:34.660+0000] {dag.py:3722} INFO - Setting next_dagrun for example_weekday_branch_operator to 2024-10-18T00:00:00+00:00, run_after=2024-10-19T00:00:00+00:00
[2024-10-19T16:05:34.708+0000] {processor.py:179} INFO - Processing /home/airflow/.local/lib/python3.8/site-packages/airflow/example_dags/example_branch_day_of_week_operator.py took 0.171 seconds
[2024-10-19T16:06:04.914+0000] {processor.py:157} INFO - Started process (PID=147) to work on /home/airflow/.local/lib/python3.8/site-packages/airflow/example_dags/example_branch_day_of_week_operator.py
[2024-10-19T16:06:04.916+0000] {processor.py:829} INFO - Processing file /home/airflow/.local/lib/python3.8/site-packages/airflow/example_dags/example_branch_day_of_week_operator.py for tasks to queue
[2024-10-19T16:06:04.918+0000] {logging_mixin.py:154} INFO - [2024-10-19T16:06:04.918+0000] {dagbag.py:536} INFO - Filling up the DagBag from /home/airflow/.local/lib/python3.8/site-packages/airflow/example_dags/example_branch_day_of_week_operator.py
[2024-10-19T16:06:04.928+0000] {processor.py:839} INFO - DAG(s) dict_keys(['example_weekday_branch_operator']) retrieved from /home/airflow/.local/lib/python3.8/site-packages/airflow/example_dags/example_branch_day_of_week_operator.py
[2024-10-19T16:06:04.957+0000] {logging_mixin.py:154} INFO - [2024-10-19T16:06:04.957+0000] {dag.py:2941} INFO - Sync 1 DAGs
[2024-10-19T16:06:04.992+0000] {logging_mixin.py:154} INFO - [2024-10-19T16:06:04.991+0000] {dag.py:3722} INFO - Setting next_dagrun for example_weekday_branch_operator to 2024-10-18T00:00:00+00:00, run_after=2024-10-19T00:00:00+00:00
[2024-10-19T16:06:05.030+0000] {processor.py:179} INFO - Processing /home/airflow/.local/lib/python3.8/site-packages/airflow/example_dags/example_branch_day_of_week_operator.py took 0.120 seconds
[2024-10-19T16:06:35.626+0000] {processor.py:157} INFO - Started process (PID=201) to work on /home/airflow/.local/lib/python3.8/site-packages/airflow/example_dags/example_branch_day_of_week_operator.py
[2024-10-19T16:06:35.627+0000] {processor.py:829} INFO - Processing file /home/airflow/.local/lib/python3.8/site-packages/airflow/example_dags/example_branch_day_of_week_operator.py for tasks to queue
[2024-10-19T16:06:35.630+0000] {logging_mixin.py:154} INFO - [2024-10-19T16:06:35.629+0000] {dagbag.py:536} INFO - Filling up the DagBag from /home/airflow/.local/lib/python3.8/site-packages/airflow/example_dags/example_branch_day_of_week_operator.py
[2024-10-19T16:06:35.637+0000] {processor.py:839} INFO - DAG(s) dict_keys(['example_weekday_branch_operator']) retrieved from /home/airflow/.local/lib/python3.8/site-packages/airflow/example_dags/example_branch_day_of_week_operator.py
[2024-10-19T16:06:35.661+0000] {logging_mixin.py:154} INFO - [2024-10-19T16:06:35.661+0000] {dag.py:2941} INFO - Sync 1 DAGs
[2024-10-19T16:06:35.685+0000] {logging_mixin.py:154} INFO - [2024-10-19T16:06:35.685+0000] {dag.py:3722} INFO - Setting next_dagrun for example_weekday_branch_operator to 2024-10-18T00:00:00+00:00, run_after=2024-10-19T00:00:00+00:00
[2024-10-19T16:06:35.708+0000] {processor.py:179} INFO - Processing /home/airflow/.local/lib/python3.8/site-packages/airflow/example_dags/example_branch_day_of_week_operator.py took 0.085 seconds
