[2024-10-19T16:05:33.445+0000] {processor.py:157} INFO - Started process (PID=85) to work on /home/airflow/.local/lib/python3.8/site-packages/airflow/example_dags/tutorial_taskflow_api.py
[2024-10-19T16:05:33.453+0000] {processor.py:829} INFO - Processing file /home/airflow/.local/lib/python3.8/site-packages/airflow/example_dags/tutorial_taskflow_api.py for tasks to queue
[2024-10-19T16:05:33.460+0000] {logging_mixin.py:154} INFO - [2024-10-19T16:05:33.459+0000] {dagbag.py:536} INFO - Filling up the DagBag from /home/airflow/.local/lib/python3.8/site-packages/airflow/example_dags/tutorial_taskflow_api.py
[2024-10-19T16:05:33.501+0000] {processor.py:839} INFO - DAG(s) dict_keys(['tutorial_taskflow_api']) retrieved from /home/airflow/.local/lib/python3.8/site-packages/airflow/example_dags/tutorial_taskflow_api.py
[2024-10-19T16:05:33.600+0000] {logging_mixin.py:154} INFO - [2024-10-19T16:05:33.600+0000] {dag.py:2941} INFO - Sync 1 DAGs
[2024-10-19T16:05:33.628+0000] {logging_mixin.py:154} INFO - [2024-10-19T16:05:33.628+0000] {dag.py:3722} INFO - Setting next_dagrun for tutorial_taskflow_api to None, run_after=None
[2024-10-19T16:05:33.667+0000] {processor.py:179} INFO - Processing /home/airflow/.local/lib/python3.8/site-packages/airflow/example_dags/tutorial_taskflow_api.py took 0.249 seconds
[2024-10-19T16:06:04.208+0000] {processor.py:157} INFO - Started process (PID=139) to work on /home/airflow/.local/lib/python3.8/site-packages/airflow/example_dags/tutorial_taskflow_api.py
[2024-10-19T16:06:04.210+0000] {processor.py:829} INFO - Processing file /home/airflow/.local/lib/python3.8/site-packages/airflow/example_dags/tutorial_taskflow_api.py for tasks to queue
[2024-10-19T16:06:04.214+0000] {logging_mixin.py:154} INFO - [2024-10-19T16:06:04.213+0000] {dagbag.py:536} INFO - Filling up the DagBag from /home/airflow/.local/lib/python3.8/site-packages/airflow/example_dags/tutorial_taskflow_api.py
[2024-10-19T16:06:04.223+0000] {processor.py:839} INFO - DAG(s) dict_keys(['tutorial_taskflow_api']) retrieved from /home/airflow/.local/lib/python3.8/site-packages/airflow/example_dags/tutorial_taskflow_api.py
[2024-10-19T16:06:04.251+0000] {logging_mixin.py:154} INFO - [2024-10-19T16:06:04.251+0000] {dag.py:2941} INFO - Sync 1 DAGs
[2024-10-19T16:06:04.274+0000] {logging_mixin.py:154} INFO - [2024-10-19T16:06:04.274+0000] {dag.py:3722} INFO - Setting next_dagrun for tutorial_taskflow_api to None, run_after=None
[2024-10-19T16:06:04.312+0000] {processor.py:179} INFO - Processing /home/airflow/.local/lib/python3.8/site-packages/airflow/example_dags/tutorial_taskflow_api.py took 0.109 seconds
[2024-10-19T16:06:35.103+0000] {processor.py:157} INFO - Started process (PID=193) to work on /home/airflow/.local/lib/python3.8/site-packages/airflow/example_dags/tutorial_taskflow_api.py
[2024-10-19T16:06:35.104+0000] {processor.py:829} INFO - Processing file /home/airflow/.local/lib/python3.8/site-packages/airflow/example_dags/tutorial_taskflow_api.py for tasks to queue
[2024-10-19T16:06:35.106+0000] {logging_mixin.py:154} INFO - [2024-10-19T16:06:35.106+0000] {dagbag.py:536} INFO - Filling up the DagBag from /home/airflow/.local/lib/python3.8/site-packages/airflow/example_dags/tutorial_taskflow_api.py
[2024-10-19T16:06:35.120+0000] {processor.py:839} INFO - DAG(s) dict_keys(['tutorial_taskflow_api']) retrieved from /home/airflow/.local/lib/python3.8/site-packages/airflow/example_dags/tutorial_taskflow_api.py
[2024-10-19T16:06:35.145+0000] {logging_mixin.py:154} INFO - [2024-10-19T16:06:35.145+0000] {dag.py:2941} INFO - Sync 1 DAGs
[2024-10-19T16:06:35.159+0000] {logging_mixin.py:154} INFO - [2024-10-19T16:06:35.159+0000] {dag.py:3722} INFO - Setting next_dagrun for tutorial_taskflow_api to None, run_after=None
[2024-10-19T16:06:35.185+0000] {processor.py:179} INFO - Processing /home/airflow/.local/lib/python3.8/site-packages/airflow/example_dags/tutorial_taskflow_api.py took 0.085 seconds
