[2024-10-19T16:05:31.809+0000] {processor.py:157} INFO - Started process (PID=74) to work on /home/airflow/.local/lib/python3.8/site-packages/airflow/example_dags/tutorial_dag.py
[2024-10-19T16:05:31.812+0000] {processor.py:829} INFO - Processing file /home/airflow/.local/lib/python3.8/site-packages/airflow/example_dags/tutorial_dag.py for tasks to queue
[2024-10-19T16:05:31.817+0000] {logging_mixin.py:154} INFO - [2024-10-19T16:05:31.816+0000] {dagbag.py:536} INFO - Filling up the DagBag from /home/airflow/.local/lib/python3.8/site-packages/airflow/example_dags/tutorial_dag.py
[2024-10-19T16:05:31.834+0000] {processor.py:839} INFO - DAG(s) dict_keys(['tutorial_dag']) retrieved from /home/airflow/.local/lib/python3.8/site-packages/airflow/example_dags/tutorial_dag.py
[2024-10-19T16:05:31.870+0000] {logging_mixin.py:154} INFO - [2024-10-19T16:05:31.870+0000] {dag.py:2941} INFO - Sync 1 DAGs
[2024-10-19T16:05:31.909+0000] {logging_mixin.py:154} INFO - [2024-10-19T16:05:31.909+0000] {dag.py:3722} INFO - Setting next_dagrun for tutorial_dag to None, run_after=None
[2024-10-19T16:05:31.958+0000] {processor.py:179} INFO - Processing /home/airflow/.local/lib/python3.8/site-packages/airflow/example_dags/tutorial_dag.py took 0.154 seconds
[2024-10-19T16:06:02.087+0000] {processor.py:157} INFO - Started process (PID=128) to work on /home/airflow/.local/lib/python3.8/site-packages/airflow/example_dags/tutorial_dag.py
[2024-10-19T16:06:02.089+0000] {processor.py:829} INFO - Processing file /home/airflow/.local/lib/python3.8/site-packages/airflow/example_dags/tutorial_dag.py for tasks to queue
[2024-10-19T16:06:02.091+0000] {logging_mixin.py:154} INFO - [2024-10-19T16:06:02.091+0000] {dagbag.py:536} INFO - Filling up the DagBag from /home/airflow/.local/lib/python3.8/site-packages/airflow/example_dags/tutorial_dag.py
[2024-10-19T16:06:02.097+0000] {processor.py:839} INFO - DAG(s) dict_keys(['tutorial_dag']) retrieved from /home/airflow/.local/lib/python3.8/site-packages/airflow/example_dags/tutorial_dag.py
[2024-10-19T16:06:02.120+0000] {logging_mixin.py:154} INFO - [2024-10-19T16:06:02.119+0000] {dag.py:2941} INFO - Sync 1 DAGs
[2024-10-19T16:06:02.133+0000] {logging_mixin.py:154} INFO - [2024-10-19T16:06:02.133+0000] {dag.py:3722} INFO - Setting next_dagrun for tutorial_dag to None, run_after=None
[2024-10-19T16:06:02.158+0000] {processor.py:179} INFO - Processing /home/airflow/.local/lib/python3.8/site-packages/airflow/example_dags/tutorial_dag.py took 0.074 seconds
[2024-10-19T16:06:32.277+0000] {processor.py:157} INFO - Started process (PID=182) to work on /home/airflow/.local/lib/python3.8/site-packages/airflow/example_dags/tutorial_dag.py
[2024-10-19T16:06:32.278+0000] {processor.py:829} INFO - Processing file /home/airflow/.local/lib/python3.8/site-packages/airflow/example_dags/tutorial_dag.py for tasks to queue
[2024-10-19T16:06:32.281+0000] {logging_mixin.py:154} INFO - [2024-10-19T16:06:32.280+0000] {dagbag.py:536} INFO - Filling up the DagBag from /home/airflow/.local/lib/python3.8/site-packages/airflow/example_dags/tutorial_dag.py
[2024-10-19T16:06:32.286+0000] {processor.py:839} INFO - DAG(s) dict_keys(['tutorial_dag']) retrieved from /home/airflow/.local/lib/python3.8/site-packages/airflow/example_dags/tutorial_dag.py
[2024-10-19T16:06:32.311+0000] {logging_mixin.py:154} INFO - [2024-10-19T16:06:32.311+0000] {dag.py:2941} INFO - Sync 1 DAGs
[2024-10-19T16:06:32.326+0000] {logging_mixin.py:154} INFO - [2024-10-19T16:06:32.326+0000] {dag.py:3722} INFO - Setting next_dagrun for tutorial_dag to None, run_after=None
[2024-10-19T16:06:32.349+0000] {processor.py:179} INFO - Processing /home/airflow/.local/lib/python3.8/site-packages/airflow/example_dags/tutorial_dag.py took 0.075 seconds
