[2024-10-20T10:15:16.184+0000] {processor.py:157} INFO - Started process (PID=63) to work on /opt/airflow/dags/covid_dag.py
[2024-10-20T10:15:16.185+0000] {processor.py:829} INFO - Processing file /opt/airflow/dags/covid_dag.py for tasks to queue
[2024-10-20T10:15:16.190+0000] {logging_mixin.py:154} INFO - [2024-10-20T10:15:16.189+0000] {dagbag.py:536} INFO - Filling up the DagBag from /opt/airflow/dags/covid_dag.py
[2024-10-20T10:15:18.233+0000] {processor.py:839} INFO - DAG(s) dict_keys(['covid_etl']) retrieved from /opt/airflow/dags/covid_dag.py
[2024-10-20T10:15:18.531+0000] {logging_mixin.py:154} INFO - [2024-10-20T10:15:18.531+0000] {manager.py:499} INFO - Created Permission View: %s
[2024-10-20T10:15:18.550+0000] {logging_mixin.py:154} INFO - [2024-10-20T10:15:18.549+0000] {manager.py:499} INFO - Created Permission View: %s
[2024-10-20T10:15:18.565+0000] {logging_mixin.py:154} INFO - [2024-10-20T10:15:18.564+0000] {manager.py:499} INFO - Created Permission View: %s
[2024-10-20T10:15:18.566+0000] {logging_mixin.py:154} INFO - [2024-10-20T10:15:18.565+0000] {dag.py:2941} INFO - Sync 1 DAGs
[2024-10-20T10:15:18.589+0000] {logging_mixin.py:154} INFO - [2024-10-20T10:15:18.588+0000] {dag.py:2963} INFO - Creating ORM DAG for covid_etl
[2024-10-20T10:15:18.602+0000] {logging_mixin.py:154} INFO - [2024-10-20T10:15:18.602+0000] {dag.py:3722} INFO - Setting next_dagrun for covid_etl to 2024-09-01T00:00:00+00:00, run_after=2024-09-02T00:00:00+00:00
[2024-10-20T10:15:18.638+0000] {processor.py:179} INFO - Processing /opt/airflow/dags/covid_dag.py took 2.460 seconds
[2024-10-20T10:15:48.854+0000] {processor.py:157} INFO - Started process (PID=128) to work on /opt/airflow/dags/covid_dag.py
[2024-10-20T10:15:48.865+0000] {processor.py:829} INFO - Processing file /opt/airflow/dags/covid_dag.py for tasks to queue
[2024-10-20T10:15:48.912+0000] {logging_mixin.py:154} INFO - [2024-10-20T10:15:48.888+0000] {dagbag.py:536} INFO - Filling up the DagBag from /opt/airflow/dags/covid_dag.py
[2024-10-20T10:15:57.125+0000] {processor.py:839} INFO - DAG(s) dict_keys(['covid_etl']) retrieved from /opt/airflow/dags/covid_dag.py
[2024-10-20T10:15:57.197+0000] {logging_mixin.py:154} INFO - [2024-10-20T10:15:57.196+0000] {dag.py:2941} INFO - Sync 1 DAGs
[2024-10-20T10:15:57.388+0000] {processor.py:179} INFO - Processing /opt/airflow/dags/covid_dag.py took 8.575 seconds
[2024-10-20T10:16:28.208+0000] {processor.py:157} INFO - Started process (PID=230) to work on /opt/airflow/dags/covid_dag.py
[2024-10-20T10:16:28.210+0000] {processor.py:829} INFO - Processing file /opt/airflow/dags/covid_dag.py for tasks to queue
[2024-10-20T10:16:28.214+0000] {logging_mixin.py:154} INFO - [2024-10-20T10:16:28.213+0000] {dagbag.py:536} INFO - Filling up the DagBag from /opt/airflow/dags/covid_dag.py
[2024-10-20T10:16:29.703+0000] {processor.py:839} INFO - DAG(s) dict_keys(['covid_etl']) retrieved from /opt/airflow/dags/covid_dag.py
[2024-10-20T10:16:29.742+0000] {logging_mixin.py:154} INFO - [2024-10-20T10:16:29.741+0000] {dag.py:2941} INFO - Sync 1 DAGs
[2024-10-20T10:16:29.996+0000] {processor.py:179} INFO - Processing /opt/airflow/dags/covid_dag.py took 1.793 seconds
[2024-10-20T10:17:00.423+0000] {processor.py:157} INFO - Started process (PID=290) to work on /opt/airflow/dags/covid_dag.py
[2024-10-20T10:17:00.425+0000] {processor.py:829} INFO - Processing file /opt/airflow/dags/covid_dag.py for tasks to queue
[2024-10-20T10:17:00.429+0000] {logging_mixin.py:154} INFO - [2024-10-20T10:17:00.428+0000] {dagbag.py:536} INFO - Filling up the DagBag from /opt/airflow/dags/covid_dag.py
[2024-10-20T10:17:01.324+0000] {processor.py:839} INFO - DAG(s) dict_keys(['covid_etl']) retrieved from /opt/airflow/dags/covid_dag.py
[2024-10-20T10:17:01.359+0000] {logging_mixin.py:154} INFO - [2024-10-20T10:17:01.356+0000] {dag.py:2941} INFO - Sync 1 DAGs
[2024-10-20T10:17:01.436+0000] {processor.py:179} INFO - Processing /opt/airflow/dags/covid_dag.py took 1.019 seconds
[2024-10-20T10:17:31.764+0000] {processor.py:157} INFO - Started process (PID=346) to work on /opt/airflow/dags/covid_dag.py
[2024-10-20T10:17:31.765+0000] {processor.py:829} INFO - Processing file /opt/airflow/dags/covid_dag.py for tasks to queue
[2024-10-20T10:17:31.769+0000] {logging_mixin.py:154} INFO - [2024-10-20T10:17:31.769+0000] {dagbag.py:536} INFO - Filling up the DagBag from /opt/airflow/dags/covid_dag.py
[2024-10-20T10:17:32.600+0000] {processor.py:839} INFO - DAG(s) dict_keys(['covid_etl']) retrieved from /opt/airflow/dags/covid_dag.py
[2024-10-20T10:17:32.636+0000] {logging_mixin.py:154} INFO - [2024-10-20T10:17:32.635+0000] {dag.py:2941} INFO - Sync 1 DAGs
[2024-10-20T10:17:32.701+0000] {processor.py:179} INFO - Processing /opt/airflow/dags/covid_dag.py took 0.944 seconds
[2024-10-20T10:17:46.225+0000] {processor.py:157} INFO - Started process (PID=397) to work on /opt/airflow/dags/covid_dag.py
[2024-10-20T10:17:46.227+0000] {processor.py:829} INFO - Processing file /opt/airflow/dags/covid_dag.py for tasks to queue
[2024-10-20T10:17:46.229+0000] {logging_mixin.py:154} INFO - [2024-10-20T10:17:46.229+0000] {dagbag.py:536} INFO - Filling up the DagBag from /opt/airflow/dags/covid_dag.py
[2024-10-20T10:17:46.807+0000] {processor.py:839} INFO - DAG(s) dict_keys(['covid_etl']) retrieved from /opt/airflow/dags/covid_dag.py
[2024-10-20T10:17:46.919+0000] {logging_mixin.py:154} INFO - [2024-10-20T10:17:46.918+0000] {dag.py:2941} INFO - Sync 1 DAGs
[2024-10-20T10:17:46.977+0000] {processor.py:179} INFO - Processing /opt/airflow/dags/covid_dag.py took 0.755 seconds
[2024-10-20T10:17:51.069+0000] {processor.py:157} INFO - Started process (PID=406) to work on /opt/airflow/dags/covid_dag.py
[2024-10-20T10:17:51.070+0000] {processor.py:829} INFO - Processing file /opt/airflow/dags/covid_dag.py for tasks to queue
[2024-10-20T10:17:51.073+0000] {logging_mixin.py:154} INFO - [2024-10-20T10:17:51.072+0000] {dagbag.py:536} INFO - Filling up the DagBag from /opt/airflow/dags/covid_dag.py
[2024-10-20T10:17:51.653+0000] {processor.py:839} INFO - DAG(s) dict_keys(['covid_etl']) retrieved from /opt/airflow/dags/covid_dag.py
[2024-10-20T10:17:51.668+0000] {logging_mixin.py:154} INFO - [2024-10-20T10:17:51.667+0000] {dag.py:2941} INFO - Sync 1 DAGs
[2024-10-20T10:17:51.752+0000] {processor.py:179} INFO - Processing /opt/airflow/dags/covid_dag.py took 0.688 seconds
[2024-10-20T10:18:21.913+0000] {processor.py:157} INFO - Started process (PID=464) to work on /opt/airflow/dags/covid_dag.py
[2024-10-20T10:18:21.914+0000] {processor.py:829} INFO - Processing file /opt/airflow/dags/covid_dag.py for tasks to queue
[2024-10-20T10:18:21.918+0000] {logging_mixin.py:154} INFO - [2024-10-20T10:18:21.917+0000] {dagbag.py:536} INFO - Filling up the DagBag from /opt/airflow/dags/covid_dag.py
[2024-10-20T10:18:22.693+0000] {processor.py:839} INFO - DAG(s) dict_keys(['covid_etl']) retrieved from /opt/airflow/dags/covid_dag.py
[2024-10-20T10:18:22.853+0000] {logging_mixin.py:154} INFO - [2024-10-20T10:18:22.852+0000] {dag.py:2941} INFO - Sync 1 DAGs
[2024-10-20T10:18:23.141+0000] {processor.py:179} INFO - Processing /opt/airflow/dags/covid_dag.py took 1.233 seconds
[2024-10-20T10:18:39.140+0000] {processor.py:157} INFO - Started process (PID=507) to work on /opt/airflow/dags/covid_dag.py
[2024-10-20T10:18:39.141+0000] {processor.py:829} INFO - Processing file /opt/airflow/dags/covid_dag.py for tasks to queue
[2024-10-20T10:18:39.146+0000] {logging_mixin.py:154} INFO - [2024-10-20T10:18:39.146+0000] {dagbag.py:536} INFO - Filling up the DagBag from /opt/airflow/dags/covid_dag.py
[2024-10-20T10:18:39.950+0000] {processor.py:839} INFO - DAG(s) dict_keys(['covid_etl']) retrieved from /opt/airflow/dags/covid_dag.py
[2024-10-20T10:18:39.967+0000] {logging_mixin.py:154} INFO - [2024-10-20T10:18:39.966+0000] {dag.py:2941} INFO - Sync 1 DAGs
[2024-10-20T10:18:40.028+0000] {processor.py:179} INFO - Processing /opt/airflow/dags/covid_dag.py took 0.894 seconds
[2024-10-20T10:18:41.261+0000] {processor.py:157} INFO - Started process (PID=511) to work on /opt/airflow/dags/covid_dag.py
[2024-10-20T10:18:41.263+0000] {processor.py:829} INFO - Processing file /opt/airflow/dags/covid_dag.py for tasks to queue
[2024-10-20T10:18:41.266+0000] {logging_mixin.py:154} INFO - [2024-10-20T10:18:41.266+0000] {dagbag.py:536} INFO - Filling up the DagBag from /opt/airflow/dags/covid_dag.py
[2024-10-20T10:18:41.967+0000] {processor.py:839} INFO - DAG(s) dict_keys(['covid_etl']) retrieved from /opt/airflow/dags/covid_dag.py
[2024-10-20T10:18:41.981+0000] {logging_mixin.py:154} INFO - [2024-10-20T10:18:41.980+0000] {dag.py:2941} INFO - Sync 1 DAGs
[2024-10-20T10:18:42.033+0000] {processor.py:179} INFO - Processing /opt/airflow/dags/covid_dag.py took 0.776 seconds
[2024-10-20T10:19:51.085+0000] {processor.py:157} INFO - Started process (PID=63) to work on /opt/airflow/dags/covid_dag.py
[2024-10-20T10:19:51.086+0000] {processor.py:829} INFO - Processing file /opt/airflow/dags/covid_dag.py for tasks to queue
[2024-10-20T10:19:51.090+0000] {logging_mixin.py:154} INFO - [2024-10-20T10:19:51.089+0000] {dagbag.py:536} INFO - Filling up the DagBag from /opt/airflow/dags/covid_dag.py
[2024-10-20T10:19:52.788+0000] {processor.py:839} INFO - DAG(s) dict_keys(['covid_etl']) retrieved from /opt/airflow/dags/covid_dag.py
[2024-10-20T10:19:53.185+0000] {logging_mixin.py:154} INFO - [2024-10-20T10:19:53.183+0000] {dag.py:2941} INFO - Sync 1 DAGs
[2024-10-20T10:19:53.283+0000] {processor.py:179} INFO - Processing /opt/airflow/dags/covid_dag.py took 2.202 seconds
[2024-10-20T10:20:07.207+0000] {processor.py:157} INFO - Started process (PID=56) to work on /opt/airflow/dags/covid_dag.py
[2024-10-20T10:20:07.208+0000] {processor.py:829} INFO - Processing file /opt/airflow/dags/covid_dag.py for tasks to queue
[2024-10-20T10:20:07.211+0000] {logging_mixin.py:154} INFO - [2024-10-20T10:20:07.210+0000] {dagbag.py:536} INFO - Filling up the DagBag from /opt/airflow/dags/covid_dag.py
[2024-10-20T10:20:07.823+0000] {processor.py:839} INFO - DAG(s) dict_keys(['covid_etl']) retrieved from /opt/airflow/dags/covid_dag.py
[2024-10-20T10:20:07.848+0000] {logging_mixin.py:154} INFO - [2024-10-20T10:20:07.848+0000] {dag.py:2941} INFO - Sync 1 DAGs
[2024-10-20T10:20:07.897+0000] {processor.py:179} INFO - Processing /opt/airflow/dags/covid_dag.py took 0.695 seconds
[2024-10-20T10:20:37.967+0000] {processor.py:157} INFO - Started process (PID=114) to work on /opt/airflow/dags/covid_dag.py
[2024-10-20T10:20:37.969+0000] {processor.py:829} INFO - Processing file /opt/airflow/dags/covid_dag.py for tasks to queue
[2024-10-20T10:20:37.973+0000] {logging_mixin.py:154} INFO - [2024-10-20T10:20:37.972+0000] {dagbag.py:536} INFO - Filling up the DagBag from /opt/airflow/dags/covid_dag.py
[2024-10-20T10:20:38.802+0000] {processor.py:839} INFO - DAG(s) dict_keys(['covid_etl']) retrieved from /opt/airflow/dags/covid_dag.py
[2024-10-20T10:20:38.839+0000] {logging_mixin.py:154} INFO - [2024-10-20T10:20:38.837+0000] {dag.py:2941} INFO - Sync 1 DAGs
[2024-10-20T10:20:38.919+0000] {processor.py:179} INFO - Processing /opt/airflow/dags/covid_dag.py took 0.959 seconds
[2024-10-20T10:21:09.400+0000] {processor.py:157} INFO - Started process (PID=172) to work on /opt/airflow/dags/covid_dag.py
[2024-10-20T10:21:09.402+0000] {processor.py:829} INFO - Processing file /opt/airflow/dags/covid_dag.py for tasks to queue
[2024-10-20T10:21:09.407+0000] {logging_mixin.py:154} INFO - [2024-10-20T10:21:09.406+0000] {dagbag.py:536} INFO - Filling up the DagBag from /opt/airflow/dags/covid_dag.py
[2024-10-20T10:21:10.181+0000] {processor.py:839} INFO - DAG(s) dict_keys(['covid_etl']) retrieved from /opt/airflow/dags/covid_dag.py
[2024-10-20T10:21:10.220+0000] {logging_mixin.py:154} INFO - [2024-10-20T10:21:10.220+0000] {dag.py:2941} INFO - Sync 1 DAGs
[2024-10-20T10:21:10.451+0000] {processor.py:179} INFO - Processing /opt/airflow/dags/covid_dag.py took 1.056 seconds
[2024-10-20T10:21:40.733+0000] {processor.py:157} INFO - Started process (PID=297) to work on /opt/airflow/dags/covid_dag.py
[2024-10-20T10:21:40.742+0000] {processor.py:829} INFO - Processing file /opt/airflow/dags/covid_dag.py for tasks to queue
[2024-10-20T10:21:40.768+0000] {logging_mixin.py:154} INFO - [2024-10-20T10:21:40.760+0000] {dagbag.py:536} INFO - Filling up the DagBag from /opt/airflow/dags/covid_dag.py
[2024-10-20T10:21:47.274+0000] {processor.py:839} INFO - DAG(s) dict_keys(['covid_etl']) retrieved from /opt/airflow/dags/covid_dag.py
[2024-10-20T10:21:47.331+0000] {logging_mixin.py:154} INFO - [2024-10-20T10:21:47.330+0000] {dag.py:2941} INFO - Sync 1 DAGs
[2024-10-20T10:21:47.382+0000] {logging_mixin.py:154} INFO - [2024-10-20T10:21:47.381+0000] {dag.py:3722} INFO - Setting next_dagrun for covid_etl to 2024-10-03T00:00:00+00:00, run_after=2024-10-04T00:00:00+00:00
[2024-10-20T10:21:47.436+0000] {processor.py:179} INFO - Processing /opt/airflow/dags/covid_dag.py took 6.711 seconds
[2024-10-20T10:22:17.735+0000] {processor.py:157} INFO - Started process (PID=435) to work on /opt/airflow/dags/covid_dag.py
[2024-10-20T10:22:17.736+0000] {processor.py:829} INFO - Processing file /opt/airflow/dags/covid_dag.py for tasks to queue
[2024-10-20T10:22:17.739+0000] {logging_mixin.py:154} INFO - [2024-10-20T10:22:17.739+0000] {dagbag.py:536} INFO - Filling up the DagBag from /opt/airflow/dags/covid_dag.py
[2024-10-20T10:22:18.337+0000] {processor.py:839} INFO - DAG(s) dict_keys(['covid_etl']) retrieved from /opt/airflow/dags/covid_dag.py
[2024-10-20T10:22:18.360+0000] {logging_mixin.py:154} INFO - [2024-10-20T10:22:18.360+0000] {dag.py:2941} INFO - Sync 1 DAGs
[2024-10-20T10:22:18.389+0000] {logging_mixin.py:154} INFO - [2024-10-20T10:22:18.388+0000] {dag.py:3722} INFO - Setting next_dagrun for covid_etl to 2024-10-20T00:00:00+00:00, run_after=2024-10-21T00:00:00+00:00
[2024-10-20T10:22:18.419+0000] {processor.py:179} INFO - Processing /opt/airflow/dags/covid_dag.py took 0.687 seconds
[2024-10-20T10:22:48.976+0000] {processor.py:157} INFO - Started process (PID=493) to work on /opt/airflow/dags/covid_dag.py
[2024-10-20T10:22:48.978+0000] {processor.py:829} INFO - Processing file /opt/airflow/dags/covid_dag.py for tasks to queue
[2024-10-20T10:22:48.981+0000] {logging_mixin.py:154} INFO - [2024-10-20T10:22:48.981+0000] {dagbag.py:536} INFO - Filling up the DagBag from /opt/airflow/dags/covid_dag.py
[2024-10-20T10:22:49.818+0000] {processor.py:839} INFO - DAG(s) dict_keys(['covid_etl']) retrieved from /opt/airflow/dags/covid_dag.py
[2024-10-20T10:22:49.848+0000] {logging_mixin.py:154} INFO - [2024-10-20T10:22:49.847+0000] {dag.py:2941} INFO - Sync 1 DAGs
[2024-10-20T10:22:49.886+0000] {logging_mixin.py:154} INFO - [2024-10-20T10:22:49.886+0000] {dag.py:3722} INFO - Setting next_dagrun for covid_etl to 2024-10-20T00:00:00+00:00, run_after=2024-10-21T00:00:00+00:00
[2024-10-20T10:22:49.920+0000] {processor.py:179} INFO - Processing /opt/airflow/dags/covid_dag.py took 0.949 seconds
[2024-10-20T10:23:20.499+0000] {processor.py:157} INFO - Started process (PID=551) to work on /opt/airflow/dags/covid_dag.py
[2024-10-20T10:23:20.501+0000] {processor.py:829} INFO - Processing file /opt/airflow/dags/covid_dag.py for tasks to queue
[2024-10-20T10:23:20.505+0000] {logging_mixin.py:154} INFO - [2024-10-20T10:23:20.504+0000] {dagbag.py:536} INFO - Filling up the DagBag from /opt/airflow/dags/covid_dag.py
[2024-10-20T10:23:21.260+0000] {processor.py:839} INFO - DAG(s) dict_keys(['covid_etl']) retrieved from /opt/airflow/dags/covid_dag.py
[2024-10-20T10:23:21.289+0000] {logging_mixin.py:154} INFO - [2024-10-20T10:23:21.289+0000] {dag.py:2941} INFO - Sync 1 DAGs
[2024-10-20T10:23:21.326+0000] {logging_mixin.py:154} INFO - [2024-10-20T10:23:21.326+0000] {dag.py:3722} INFO - Setting next_dagrun for covid_etl to 2024-10-20T00:00:00+00:00, run_after=2024-10-21T00:00:00+00:00
[2024-10-20T10:23:21.363+0000] {processor.py:179} INFO - Processing /opt/airflow/dags/covid_dag.py took 0.869 seconds
[2024-10-20T10:23:51.577+0000] {processor.py:157} INFO - Started process (PID=609) to work on /opt/airflow/dags/covid_dag.py
[2024-10-20T10:23:51.578+0000] {processor.py:829} INFO - Processing file /opt/airflow/dags/covid_dag.py for tasks to queue
[2024-10-20T10:23:51.582+0000] {logging_mixin.py:154} INFO - [2024-10-20T10:23:51.581+0000] {dagbag.py:536} INFO - Filling up the DagBag from /opt/airflow/dags/covid_dag.py
[2024-10-20T10:23:52.400+0000] {processor.py:839} INFO - DAG(s) dict_keys(['covid_etl']) retrieved from /opt/airflow/dags/covid_dag.py
[2024-10-20T10:23:52.435+0000] {logging_mixin.py:154} INFO - [2024-10-20T10:23:52.435+0000] {dag.py:2941} INFO - Sync 1 DAGs
[2024-10-20T10:23:52.473+0000] {logging_mixin.py:154} INFO - [2024-10-20T10:23:52.473+0000] {dag.py:3722} INFO - Setting next_dagrun for covid_etl to 2024-10-20T00:00:00+00:00, run_after=2024-10-21T00:00:00+00:00
[2024-10-20T10:23:52.512+0000] {processor.py:179} INFO - Processing /opt/airflow/dags/covid_dag.py took 0.941 seconds
[2024-10-20T10:24:22.635+0000] {processor.py:157} INFO - Started process (PID=667) to work on /opt/airflow/dags/covid_dag.py
[2024-10-20T10:24:22.637+0000] {processor.py:829} INFO - Processing file /opt/airflow/dags/covid_dag.py for tasks to queue
[2024-10-20T10:24:22.642+0000] {logging_mixin.py:154} INFO - [2024-10-20T10:24:22.642+0000] {dagbag.py:536} INFO - Filling up the DagBag from /opt/airflow/dags/covid_dag.py
[2024-10-20T10:24:23.476+0000] {processor.py:839} INFO - DAG(s) dict_keys(['covid_etl']) retrieved from /opt/airflow/dags/covid_dag.py
[2024-10-20T10:24:23.510+0000] {logging_mixin.py:154} INFO - [2024-10-20T10:24:23.510+0000] {dag.py:2941} INFO - Sync 1 DAGs
[2024-10-20T10:24:23.551+0000] {logging_mixin.py:154} INFO - [2024-10-20T10:24:23.550+0000] {dag.py:3722} INFO - Setting next_dagrun for covid_etl to 2024-10-20T00:00:00+00:00, run_after=2024-10-21T00:00:00+00:00
[2024-10-20T10:24:23.588+0000] {processor.py:179} INFO - Processing /opt/airflow/dags/covid_dag.py took 0.959 seconds
[2024-10-20T10:24:54.287+0000] {processor.py:157} INFO - Started process (PID=725) to work on /opt/airflow/dags/covid_dag.py
[2024-10-20T10:24:54.288+0000] {processor.py:829} INFO - Processing file /opt/airflow/dags/covid_dag.py for tasks to queue
[2024-10-20T10:24:54.293+0000] {logging_mixin.py:154} INFO - [2024-10-20T10:24:54.293+0000] {dagbag.py:536} INFO - Filling up the DagBag from /opt/airflow/dags/covid_dag.py
[2024-10-20T10:24:55.119+0000] {processor.py:839} INFO - DAG(s) dict_keys(['covid_etl']) retrieved from /opt/airflow/dags/covid_dag.py
[2024-10-20T10:24:55.166+0000] {logging_mixin.py:154} INFO - [2024-10-20T10:24:55.164+0000] {dag.py:2941} INFO - Sync 1 DAGs
[2024-10-20T10:24:55.207+0000] {logging_mixin.py:154} INFO - [2024-10-20T10:24:55.207+0000] {dag.py:3722} INFO - Setting next_dagrun for covid_etl to 2024-10-20T00:00:00+00:00, run_after=2024-10-21T00:00:00+00:00
[2024-10-20T10:24:55.249+0000] {processor.py:179} INFO - Processing /opt/airflow/dags/covid_dag.py took 0.968 seconds
[2024-10-20T10:25:25.350+0000] {processor.py:157} INFO - Started process (PID=783) to work on /opt/airflow/dags/covid_dag.py
[2024-10-20T10:25:25.351+0000] {processor.py:829} INFO - Processing file /opt/airflow/dags/covid_dag.py for tasks to queue
[2024-10-20T10:25:25.357+0000] {logging_mixin.py:154} INFO - [2024-10-20T10:25:25.356+0000] {dagbag.py:536} INFO - Filling up the DagBag from /opt/airflow/dags/covid_dag.py
[2024-10-20T10:25:26.150+0000] {processor.py:839} INFO - DAG(s) dict_keys(['covid_etl']) retrieved from /opt/airflow/dags/covid_dag.py
[2024-10-20T10:25:26.180+0000] {logging_mixin.py:154} INFO - [2024-10-20T10:25:26.179+0000] {dag.py:2941} INFO - Sync 1 DAGs
[2024-10-20T10:25:26.216+0000] {logging_mixin.py:154} INFO - [2024-10-20T10:25:26.216+0000] {dag.py:3722} INFO - Setting next_dagrun for covid_etl to 2024-10-20T00:00:00+00:00, run_after=2024-10-21T00:00:00+00:00
[2024-10-20T10:25:26.254+0000] {processor.py:179} INFO - Processing /opt/airflow/dags/covid_dag.py took 0.909 seconds
[2024-10-20T10:25:56.866+0000] {processor.py:157} INFO - Started process (PID=841) to work on /opt/airflow/dags/covid_dag.py
[2024-10-20T10:25:56.868+0000] {processor.py:829} INFO - Processing file /opt/airflow/dags/covid_dag.py for tasks to queue
[2024-10-20T10:25:56.872+0000] {logging_mixin.py:154} INFO - [2024-10-20T10:25:56.871+0000] {dagbag.py:536} INFO - Filling up the DagBag from /opt/airflow/dags/covid_dag.py
[2024-10-20T10:25:57.599+0000] {processor.py:839} INFO - DAG(s) dict_keys(['covid_etl']) retrieved from /opt/airflow/dags/covid_dag.py
[2024-10-20T10:25:57.631+0000] {logging_mixin.py:154} INFO - [2024-10-20T10:25:57.630+0000] {dag.py:2941} INFO - Sync 1 DAGs
[2024-10-20T10:25:57.666+0000] {logging_mixin.py:154} INFO - [2024-10-20T10:25:57.666+0000] {dag.py:3722} INFO - Setting next_dagrun for covid_etl to 2024-10-20T00:00:00+00:00, run_after=2024-10-21T00:00:00+00:00
[2024-10-20T10:25:57.704+0000] {processor.py:179} INFO - Processing /opt/airflow/dags/covid_dag.py took 0.843 seconds
[2024-10-20T10:26:28.067+0000] {processor.py:157} INFO - Started process (PID=899) to work on /opt/airflow/dags/covid_dag.py
[2024-10-20T10:26:28.069+0000] {processor.py:829} INFO - Processing file /opt/airflow/dags/covid_dag.py for tasks to queue
[2024-10-20T10:26:28.073+0000] {logging_mixin.py:154} INFO - [2024-10-20T10:26:28.073+0000] {dagbag.py:536} INFO - Filling up the DagBag from /opt/airflow/dags/covid_dag.py
[2024-10-20T10:26:28.820+0000] {processor.py:839} INFO - DAG(s) dict_keys(['covid_etl']) retrieved from /opt/airflow/dags/covid_dag.py
[2024-10-20T10:26:28.854+0000] {logging_mixin.py:154} INFO - [2024-10-20T10:26:28.852+0000] {dag.py:2941} INFO - Sync 1 DAGs
[2024-10-20T10:26:28.893+0000] {logging_mixin.py:154} INFO - [2024-10-20T10:26:28.892+0000] {dag.py:3722} INFO - Setting next_dagrun for covid_etl to 2024-10-20T00:00:00+00:00, run_after=2024-10-21T00:00:00+00:00
[2024-10-20T10:26:28.931+0000] {processor.py:179} INFO - Processing /opt/airflow/dags/covid_dag.py took 0.869 seconds
[2024-10-20T10:26:59.746+0000] {processor.py:157} INFO - Started process (PID=957) to work on /opt/airflow/dags/covid_dag.py
[2024-10-20T10:26:59.748+0000] {processor.py:829} INFO - Processing file /opt/airflow/dags/covid_dag.py for tasks to queue
[2024-10-20T10:26:59.752+0000] {logging_mixin.py:154} INFO - [2024-10-20T10:26:59.752+0000] {dagbag.py:536} INFO - Filling up the DagBag from /opt/airflow/dags/covid_dag.py
[2024-10-20T10:27:00.528+0000] {processor.py:839} INFO - DAG(s) dict_keys(['covid_etl']) retrieved from /opt/airflow/dags/covid_dag.py
[2024-10-20T10:27:00.556+0000] {logging_mixin.py:154} INFO - [2024-10-20T10:27:00.555+0000] {dag.py:2941} INFO - Sync 1 DAGs
[2024-10-20T10:27:00.590+0000] {logging_mixin.py:154} INFO - [2024-10-20T10:27:00.590+0000] {dag.py:3722} INFO - Setting next_dagrun for covid_etl to 2024-10-20T00:00:00+00:00, run_after=2024-10-21T00:00:00+00:00
[2024-10-20T10:27:00.623+0000] {processor.py:179} INFO - Processing /opt/airflow/dags/covid_dag.py took 0.882 seconds
[2024-10-20T10:27:31.301+0000] {processor.py:157} INFO - Started process (PID=1015) to work on /opt/airflow/dags/covid_dag.py
[2024-10-20T10:27:31.303+0000] {processor.py:829} INFO - Processing file /opt/airflow/dags/covid_dag.py for tasks to queue
[2024-10-20T10:27:31.306+0000] {logging_mixin.py:154} INFO - [2024-10-20T10:27:31.306+0000] {dagbag.py:536} INFO - Filling up the DagBag from /opt/airflow/dags/covid_dag.py
[2024-10-20T10:27:32.030+0000] {processor.py:839} INFO - DAG(s) dict_keys(['covid_etl']) retrieved from /opt/airflow/dags/covid_dag.py
[2024-10-20T10:27:32.062+0000] {logging_mixin.py:154} INFO - [2024-10-20T10:27:32.061+0000] {dag.py:2941} INFO - Sync 1 DAGs
[2024-10-20T10:27:32.098+0000] {logging_mixin.py:154} INFO - [2024-10-20T10:27:32.098+0000] {dag.py:3722} INFO - Setting next_dagrun for covid_etl to 2024-10-20T00:00:00+00:00, run_after=2024-10-21T00:00:00+00:00
[2024-10-20T10:27:32.145+0000] {processor.py:179} INFO - Processing /opt/airflow/dags/covid_dag.py took 0.850 seconds
[2024-10-20T10:28:02.354+0000] {processor.py:157} INFO - Started process (PID=1073) to work on /opt/airflow/dags/covid_dag.py
[2024-10-20T10:28:02.355+0000] {processor.py:829} INFO - Processing file /opt/airflow/dags/covid_dag.py for tasks to queue
[2024-10-20T10:28:02.361+0000] {logging_mixin.py:154} INFO - [2024-10-20T10:28:02.361+0000] {dagbag.py:536} INFO - Filling up the DagBag from /opt/airflow/dags/covid_dag.py
[2024-10-20T10:28:03.274+0000] {processor.py:839} INFO - DAG(s) dict_keys(['covid_etl']) retrieved from /opt/airflow/dags/covid_dag.py
[2024-10-20T10:28:03.309+0000] {logging_mixin.py:154} INFO - [2024-10-20T10:28:03.308+0000] {dag.py:2941} INFO - Sync 1 DAGs
[2024-10-20T10:28:03.349+0000] {logging_mixin.py:154} INFO - [2024-10-20T10:28:03.348+0000] {dag.py:3722} INFO - Setting next_dagrun for covid_etl to 2024-10-20T00:00:00+00:00, run_after=2024-10-21T00:00:00+00:00
[2024-10-20T10:28:03.403+0000] {processor.py:179} INFO - Processing /opt/airflow/dags/covid_dag.py took 1.055 seconds
[2024-10-20T10:28:33.736+0000] {processor.py:157} INFO - Started process (PID=1132) to work on /opt/airflow/dags/covid_dag.py
[2024-10-20T10:28:33.737+0000] {processor.py:829} INFO - Processing file /opt/airflow/dags/covid_dag.py for tasks to queue
[2024-10-20T10:28:33.740+0000] {logging_mixin.py:154} INFO - [2024-10-20T10:28:33.740+0000] {dagbag.py:536} INFO - Filling up the DagBag from /opt/airflow/dags/covid_dag.py
[2024-10-20T10:28:34.355+0000] {processor.py:839} INFO - DAG(s) dict_keys(['covid_etl']) retrieved from /opt/airflow/dags/covid_dag.py
[2024-10-20T10:28:34.383+0000] {logging_mixin.py:154} INFO - [2024-10-20T10:28:34.382+0000] {dag.py:2941} INFO - Sync 1 DAGs
[2024-10-20T10:28:34.410+0000] {logging_mixin.py:154} INFO - [2024-10-20T10:28:34.409+0000] {dag.py:3722} INFO - Setting next_dagrun for covid_etl to 2024-10-20T00:00:00+00:00, run_after=2024-10-21T00:00:00+00:00
[2024-10-20T10:28:34.439+0000] {processor.py:179} INFO - Processing /opt/airflow/dags/covid_dag.py took 0.706 seconds
