[2024-10-20T02:46:14.344+0000] {processor.py:157} INFO - Started process (PID=63) to work on /opt/airflow/dags/crypto_etl_dag.py
[2024-10-20T02:46:14.345+0000] {processor.py:829} INFO - Processing file /opt/airflow/dags/crypto_etl_dag.py for tasks to queue
[2024-10-20T02:46:14.349+0000] {logging_mixin.py:154} INFO - [2024-10-20T02:46:14.348+0000] {dagbag.py:536} INFO - Filling up the DagBag from /opt/airflow/dags/crypto_etl_dag.py
[2024-10-20T02:46:16.442+0000] {processor.py:839} INFO - DAG(s) dict_keys(['crypto_etl']) retrieved from /opt/airflow/dags/crypto_etl_dag.py
[2024-10-20T02:46:16.781+0000] {logging_mixin.py:154} INFO - [2024-10-20T02:46:16.780+0000] {dag.py:2941} INFO - Sync 1 DAGs
[2024-10-20T02:46:16.818+0000] {logging_mixin.py:154} INFO - [2024-10-20T02:46:16.817+0000] {dag.py:3722} INFO - Setting next_dagrun for crypto_etl to 2024-10-19T00:00:00+00:00, run_after=2024-10-20T00:00:00+00:00
[2024-10-20T02:46:16.895+0000] {processor.py:179} INFO - Processing /opt/airflow/dags/crypto_etl_dag.py took 2.557 seconds
[2024-10-20T02:46:47.033+0000] {processor.py:157} INFO - Started process (PID=129) to work on /opt/airflow/dags/crypto_etl_dag.py
[2024-10-20T02:46:47.035+0000] {processor.py:829} INFO - Processing file /opt/airflow/dags/crypto_etl_dag.py for tasks to queue
[2024-10-20T02:46:47.038+0000] {logging_mixin.py:154} INFO - [2024-10-20T02:46:47.037+0000] {dagbag.py:536} INFO - Filling up the DagBag from /opt/airflow/dags/crypto_etl_dag.py
[2024-10-20T02:46:47.463+0000] {processor.py:839} INFO - DAG(s) dict_keys(['crypto_etl']) retrieved from /opt/airflow/dags/crypto_etl_dag.py
[2024-10-20T02:46:47.481+0000] {logging_mixin.py:154} INFO - [2024-10-20T02:46:47.481+0000] {dag.py:2941} INFO - Sync 1 DAGs
[2024-10-20T02:46:47.502+0000] {logging_mixin.py:154} INFO - [2024-10-20T02:46:47.502+0000] {dag.py:3722} INFO - Setting next_dagrun for crypto_etl to 2024-10-20T00:00:00+00:00, run_after=2024-10-21T00:00:00+00:00
[2024-10-20T02:46:47.525+0000] {processor.py:179} INFO - Processing /opt/airflow/dags/crypto_etl_dag.py took 0.495 seconds
[2024-10-20T02:47:18.094+0000] {processor.py:157} INFO - Started process (PID=192) to work on /opt/airflow/dags/crypto_etl_dag.py
[2024-10-20T02:47:18.095+0000] {processor.py:829} INFO - Processing file /opt/airflow/dags/crypto_etl_dag.py for tasks to queue
[2024-10-20T02:47:18.098+0000] {logging_mixin.py:154} INFO - [2024-10-20T02:47:18.097+0000] {dagbag.py:536} INFO - Filling up the DagBag from /opt/airflow/dags/crypto_etl_dag.py
[2024-10-20T02:47:18.618+0000] {processor.py:839} INFO - DAG(s) dict_keys(['crypto_etl']) retrieved from /opt/airflow/dags/crypto_etl_dag.py
[2024-10-20T02:47:18.639+0000] {logging_mixin.py:154} INFO - [2024-10-20T02:47:18.638+0000] {dag.py:2941} INFO - Sync 1 DAGs
[2024-10-20T02:47:18.667+0000] {logging_mixin.py:154} INFO - [2024-10-20T02:47:18.667+0000] {dag.py:3722} INFO - Setting next_dagrun for crypto_etl to 2024-10-20T00:00:00+00:00, run_after=2024-10-21T00:00:00+00:00
[2024-10-20T02:47:18.691+0000] {processor.py:179} INFO - Processing /opt/airflow/dags/crypto_etl_dag.py took 0.600 seconds
[2024-10-20T02:47:48.852+0000] {processor.py:157} INFO - Started process (PID=252) to work on /opt/airflow/dags/crypto_etl_dag.py
[2024-10-20T02:47:48.854+0000] {processor.py:829} INFO - Processing file /opt/airflow/dags/crypto_etl_dag.py for tasks to queue
[2024-10-20T02:47:48.858+0000] {logging_mixin.py:154} INFO - [2024-10-20T02:47:48.857+0000] {dagbag.py:536} INFO - Filling up the DagBag from /opt/airflow/dags/crypto_etl_dag.py
[2024-10-20T02:47:49.655+0000] {processor.py:839} INFO - DAG(s) dict_keys(['crypto_etl']) retrieved from /opt/airflow/dags/crypto_etl_dag.py
[2024-10-20T02:47:49.691+0000] {logging_mixin.py:154} INFO - [2024-10-20T02:47:49.690+0000] {dag.py:2941} INFO - Sync 1 DAGs
[2024-10-20T02:47:49.716+0000] {logging_mixin.py:154} INFO - [2024-10-20T02:47:49.716+0000] {dag.py:3722} INFO - Setting next_dagrun for crypto_etl to 2024-10-20T00:00:00+00:00, run_after=2024-10-21T00:00:00+00:00
[2024-10-20T02:47:49.741+0000] {processor.py:179} INFO - Processing /opt/airflow/dags/crypto_etl_dag.py took 0.892 seconds
[2024-10-20T02:48:20.130+0000] {processor.py:157} INFO - Started process (PID=308) to work on /opt/airflow/dags/crypto_etl_dag.py
[2024-10-20T02:48:20.131+0000] {processor.py:829} INFO - Processing file /opt/airflow/dags/crypto_etl_dag.py for tasks to queue
[2024-10-20T02:48:20.134+0000] {logging_mixin.py:154} INFO - [2024-10-20T02:48:20.133+0000] {dagbag.py:536} INFO - Filling up the DagBag from /opt/airflow/dags/crypto_etl_dag.py
[2024-10-20T02:48:20.617+0000] {processor.py:839} INFO - DAG(s) dict_keys(['crypto_etl']) retrieved from /opt/airflow/dags/crypto_etl_dag.py
[2024-10-20T02:48:20.636+0000] {logging_mixin.py:154} INFO - [2024-10-20T02:48:20.636+0000] {dag.py:2941} INFO - Sync 1 DAGs
[2024-10-20T02:48:20.659+0000] {logging_mixin.py:154} INFO - [2024-10-20T02:48:20.658+0000] {dag.py:3722} INFO - Setting next_dagrun for crypto_etl to 2024-10-20T00:00:00+00:00, run_after=2024-10-21T00:00:00+00:00
[2024-10-20T02:48:20.683+0000] {processor.py:179} INFO - Processing /opt/airflow/dags/crypto_etl_dag.py took 0.556 seconds
[2024-10-20T02:48:51.045+0000] {processor.py:157} INFO - Started process (PID=364) to work on /opt/airflow/dags/crypto_etl_dag.py
[2024-10-20T02:48:51.047+0000] {processor.py:829} INFO - Processing file /opt/airflow/dags/crypto_etl_dag.py for tasks to queue
[2024-10-20T02:48:51.049+0000] {logging_mixin.py:154} INFO - [2024-10-20T02:48:51.049+0000] {dagbag.py:536} INFO - Filling up the DagBag from /opt/airflow/dags/crypto_etl_dag.py
[2024-10-20T02:48:51.625+0000] {processor.py:839} INFO - DAG(s) dict_keys(['crypto_etl']) retrieved from /opt/airflow/dags/crypto_etl_dag.py
[2024-10-20T02:48:51.648+0000] {logging_mixin.py:154} INFO - [2024-10-20T02:48:51.647+0000] {dag.py:2941} INFO - Sync 1 DAGs
[2024-10-20T02:48:51.677+0000] {logging_mixin.py:154} INFO - [2024-10-20T02:48:51.677+0000] {dag.py:3722} INFO - Setting next_dagrun for crypto_etl to 2024-10-20T00:00:00+00:00, run_after=2024-10-21T00:00:00+00:00
[2024-10-20T02:48:51.705+0000] {processor.py:179} INFO - Processing /opt/airflow/dags/crypto_etl_dag.py took 0.664 seconds
[2024-10-20T02:49:21.757+0000] {processor.py:157} INFO - Started process (PID=423) to work on /opt/airflow/dags/crypto_etl_dag.py
[2024-10-20T02:49:21.758+0000] {processor.py:829} INFO - Processing file /opt/airflow/dags/crypto_etl_dag.py for tasks to queue
[2024-10-20T02:49:21.761+0000] {logging_mixin.py:154} INFO - [2024-10-20T02:49:21.761+0000] {dagbag.py:536} INFO - Filling up the DagBag from /opt/airflow/dags/crypto_etl_dag.py
[2024-10-20T02:49:22.189+0000] {processor.py:839} INFO - DAG(s) dict_keys(['crypto_etl']) retrieved from /opt/airflow/dags/crypto_etl_dag.py
[2024-10-20T02:49:22.207+0000] {logging_mixin.py:154} INFO - [2024-10-20T02:49:22.206+0000] {dag.py:2941} INFO - Sync 1 DAGs
[2024-10-20T02:49:22.226+0000] {logging_mixin.py:154} INFO - [2024-10-20T02:49:22.226+0000] {dag.py:3722} INFO - Setting next_dagrun for crypto_etl to 2024-10-20T00:00:00+00:00, run_after=2024-10-21T00:00:00+00:00
[2024-10-20T02:49:22.249+0000] {processor.py:179} INFO - Processing /opt/airflow/dags/crypto_etl_dag.py took 0.494 seconds
[2024-10-20T02:49:53.253+0000] {processor.py:157} INFO - Started process (PID=481) to work on /opt/airflow/dags/crypto_etl_dag.py
[2024-10-20T02:49:53.255+0000] {processor.py:829} INFO - Processing file /opt/airflow/dags/crypto_etl_dag.py for tasks to queue
[2024-10-20T02:49:53.258+0000] {logging_mixin.py:154} INFO - [2024-10-20T02:49:53.257+0000] {dagbag.py:536} INFO - Filling up the DagBag from /opt/airflow/dags/crypto_etl_dag.py
[2024-10-20T02:49:53.690+0000] {processor.py:839} INFO - DAG(s) dict_keys(['crypto_etl']) retrieved from /opt/airflow/dags/crypto_etl_dag.py
[2024-10-20T02:49:53.708+0000] {logging_mixin.py:154} INFO - [2024-10-20T02:49:53.707+0000] {dag.py:2941} INFO - Sync 1 DAGs
[2024-10-20T02:49:53.726+0000] {logging_mixin.py:154} INFO - [2024-10-20T02:49:53.726+0000] {dag.py:3722} INFO - Setting next_dagrun for crypto_etl to 2024-10-20T00:00:00+00:00, run_after=2024-10-21T00:00:00+00:00
[2024-10-20T02:49:53.749+0000] {processor.py:179} INFO - Processing /opt/airflow/dags/crypto_etl_dag.py took 0.499 seconds
[2024-10-20T02:50:24.668+0000] {processor.py:157} INFO - Started process (PID=540) to work on /opt/airflow/dags/crypto_etl_dag.py
[2024-10-20T02:50:24.670+0000] {processor.py:829} INFO - Processing file /opt/airflow/dags/crypto_etl_dag.py for tasks to queue
[2024-10-20T02:50:24.672+0000] {logging_mixin.py:154} INFO - [2024-10-20T02:50:24.672+0000] {dagbag.py:536} INFO - Filling up the DagBag from /opt/airflow/dags/crypto_etl_dag.py
[2024-10-20T02:50:25.379+0000] {processor.py:839} INFO - DAG(s) dict_keys(['crypto_etl']) retrieved from /opt/airflow/dags/crypto_etl_dag.py
[2024-10-20T02:50:25.409+0000] {logging_mixin.py:154} INFO - [2024-10-20T02:50:25.408+0000] {dag.py:2941} INFO - Sync 1 DAGs
[2024-10-20T02:50:25.444+0000] {logging_mixin.py:154} INFO - [2024-10-20T02:50:25.444+0000] {dag.py:3722} INFO - Setting next_dagrun for crypto_etl to 2024-10-20T00:00:00+00:00, run_after=2024-10-21T00:00:00+00:00
[2024-10-20T02:50:25.481+0000] {processor.py:179} INFO - Processing /opt/airflow/dags/crypto_etl_dag.py took 0.817 seconds
[2024-10-20T02:50:56.309+0000] {processor.py:157} INFO - Started process (PID=598) to work on /opt/airflow/dags/crypto_etl_dag.py
[2024-10-20T02:50:56.310+0000] {processor.py:829} INFO - Processing file /opt/airflow/dags/crypto_etl_dag.py for tasks to queue
[2024-10-20T02:50:56.312+0000] {logging_mixin.py:154} INFO - [2024-10-20T02:50:56.311+0000] {dagbag.py:536} INFO - Filling up the DagBag from /opt/airflow/dags/crypto_etl_dag.py
[2024-10-20T02:50:56.773+0000] {processor.py:839} INFO - DAG(s) dict_keys(['crypto_etl']) retrieved from /opt/airflow/dags/crypto_etl_dag.py
[2024-10-20T02:50:56.790+0000] {logging_mixin.py:154} INFO - [2024-10-20T02:50:56.790+0000] {dag.py:2941} INFO - Sync 1 DAGs
[2024-10-20T02:50:56.810+0000] {logging_mixin.py:154} INFO - [2024-10-20T02:50:56.809+0000] {dag.py:3722} INFO - Setting next_dagrun for crypto_etl to 2024-10-20T00:00:00+00:00, run_after=2024-10-21T00:00:00+00:00
[2024-10-20T02:50:56.833+0000] {processor.py:179} INFO - Processing /opt/airflow/dags/crypto_etl_dag.py took 0.527 seconds
[2024-10-20T02:51:26.961+0000] {processor.py:157} INFO - Started process (PID=658) to work on /opt/airflow/dags/crypto_etl_dag.py
[2024-10-20T02:51:26.962+0000] {processor.py:829} INFO - Processing file /opt/airflow/dags/crypto_etl_dag.py for tasks to queue
[2024-10-20T02:51:26.965+0000] {logging_mixin.py:154} INFO - [2024-10-20T02:51:26.965+0000] {dagbag.py:536} INFO - Filling up the DagBag from /opt/airflow/dags/crypto_etl_dag.py
[2024-10-20T02:51:27.473+0000] {processor.py:839} INFO - DAG(s) dict_keys(['crypto_etl']) retrieved from /opt/airflow/dags/crypto_etl_dag.py
[2024-10-20T02:51:27.494+0000] {logging_mixin.py:154} INFO - [2024-10-20T02:51:27.493+0000] {dag.py:2941} INFO - Sync 1 DAGs
[2024-10-20T02:51:27.514+0000] {logging_mixin.py:154} INFO - [2024-10-20T02:51:27.513+0000] {dag.py:3722} INFO - Setting next_dagrun for crypto_etl to 2024-10-20T00:00:00+00:00, run_after=2024-10-21T00:00:00+00:00
[2024-10-20T02:51:27.535+0000] {processor.py:179} INFO - Processing /opt/airflow/dags/crypto_etl_dag.py took 0.576 seconds
[2024-10-20T02:51:58.447+0000] {processor.py:157} INFO - Started process (PID=717) to work on /opt/airflow/dags/crypto_etl_dag.py
[2024-10-20T02:51:58.448+0000] {processor.py:829} INFO - Processing file /opt/airflow/dags/crypto_etl_dag.py for tasks to queue
[2024-10-20T02:51:58.450+0000] {logging_mixin.py:154} INFO - [2024-10-20T02:51:58.450+0000] {dagbag.py:536} INFO - Filling up the DagBag from /opt/airflow/dags/crypto_etl_dag.py
[2024-10-20T02:51:58.909+0000] {processor.py:839} INFO - DAG(s) dict_keys(['crypto_etl']) retrieved from /opt/airflow/dags/crypto_etl_dag.py
[2024-10-20T02:51:58.928+0000] {logging_mixin.py:154} INFO - [2024-10-20T02:51:58.927+0000] {dag.py:2941} INFO - Sync 1 DAGs
[2024-10-20T02:51:58.952+0000] {logging_mixin.py:154} INFO - [2024-10-20T02:51:58.952+0000] {dag.py:3722} INFO - Setting next_dagrun for crypto_etl to 2024-10-20T00:00:00+00:00, run_after=2024-10-21T00:00:00+00:00
[2024-10-20T02:51:58.976+0000] {processor.py:179} INFO - Processing /opt/airflow/dags/crypto_etl_dag.py took 0.533 seconds
[2024-10-20T02:52:29.801+0000] {processor.py:157} INFO - Started process (PID=775) to work on /opt/airflow/dags/crypto_etl_dag.py
[2024-10-20T02:52:29.802+0000] {processor.py:829} INFO - Processing file /opt/airflow/dags/crypto_etl_dag.py for tasks to queue
[2024-10-20T02:52:29.804+0000] {logging_mixin.py:154} INFO - [2024-10-20T02:52:29.804+0000] {dagbag.py:536} INFO - Filling up the DagBag from /opt/airflow/dags/crypto_etl_dag.py
[2024-10-20T02:52:30.291+0000] {processor.py:839} INFO - DAG(s) dict_keys(['crypto_etl']) retrieved from /opt/airflow/dags/crypto_etl_dag.py
[2024-10-20T02:52:30.311+0000] {logging_mixin.py:154} INFO - [2024-10-20T02:52:30.310+0000] {dag.py:2941} INFO - Sync 1 DAGs
[2024-10-20T02:52:30.337+0000] {logging_mixin.py:154} INFO - [2024-10-20T02:52:30.336+0000] {dag.py:3722} INFO - Setting next_dagrun for crypto_etl to 2024-10-20T00:00:00+00:00, run_after=2024-10-21T00:00:00+00:00
[2024-10-20T02:52:30.361+0000] {processor.py:179} INFO - Processing /opt/airflow/dags/crypto_etl_dag.py took 0.563 seconds
[2024-10-20T02:52:56.615+0000] {processor.py:157} INFO - Started process (PID=820) to work on /opt/airflow/dags/crypto_etl_dag.py
[2024-10-20T02:52:56.616+0000] {processor.py:829} INFO - Processing file /opt/airflow/dags/crypto_etl_dag.py for tasks to queue
[2024-10-20T02:52:56.619+0000] {logging_mixin.py:154} INFO - [2024-10-20T02:52:56.619+0000] {dagbag.py:536} INFO - Filling up the DagBag from /opt/airflow/dags/crypto_etl_dag.py
[2024-10-20T02:52:57.193+0000] {processor.py:839} INFO - DAG(s) dict_keys(['crypto_etl']) retrieved from /opt/airflow/dags/crypto_etl_dag.py
[2024-10-20T02:52:57.318+0000] {logging_mixin.py:154} INFO - [2024-10-20T02:52:57.318+0000] {dag.py:2941} INFO - Sync 1 DAGs
[2024-10-20T02:52:57.341+0000] {logging_mixin.py:154} INFO - [2024-10-20T02:52:57.341+0000] {dag.py:3722} INFO - Setting next_dagrun for crypto_etl to 2024-10-20T00:00:00+00:00, run_after=2024-10-21T00:00:00+00:00
[2024-10-20T02:52:57.376+0000] {processor.py:179} INFO - Processing /opt/airflow/dags/crypto_etl_dag.py took 0.766 seconds
[2024-10-20T02:53:19.220+0000] {processor.py:157} INFO - Started process (PID=854) to work on /opt/airflow/dags/crypto_etl_dag.py
[2024-10-20T02:53:19.221+0000] {processor.py:829} INFO - Processing file /opt/airflow/dags/crypto_etl_dag.py for tasks to queue
[2024-10-20T02:53:19.225+0000] {logging_mixin.py:154} INFO - [2024-10-20T02:53:19.224+0000] {dagbag.py:536} INFO - Filling up the DagBag from /opt/airflow/dags/crypto_etl_dag.py
[2024-10-20T02:53:19.727+0000] {processor.py:839} INFO - DAG(s) dict_keys(['crypto_etl']) retrieved from /opt/airflow/dags/crypto_etl_dag.py
[2024-10-20T02:53:19.739+0000] {logging_mixin.py:154} INFO - [2024-10-20T02:53:19.738+0000] {dag.py:2941} INFO - Sync 1 DAGs
[2024-10-20T02:53:19.759+0000] {logging_mixin.py:154} INFO - [2024-10-20T02:53:19.759+0000] {dag.py:3722} INFO - Setting next_dagrun for crypto_etl to 2024-10-20T00:00:00+00:00, run_after=2024-10-21T00:00:00+00:00
[2024-10-20T02:53:19.787+0000] {processor.py:179} INFO - Processing /opt/airflow/dags/crypto_etl_dag.py took 0.571 seconds
[2024-10-20T02:53:26.904+0000] {processor.py:157} INFO - Started process (PID=878) to work on /opt/airflow/dags/crypto_etl_dag.py
[2024-10-20T02:53:26.905+0000] {processor.py:829} INFO - Processing file /opt/airflow/dags/crypto_etl_dag.py for tasks to queue
[2024-10-20T02:53:26.908+0000] {logging_mixin.py:154} INFO - [2024-10-20T02:53:26.907+0000] {dagbag.py:536} INFO - Filling up the DagBag from /opt/airflow/dags/crypto_etl_dag.py
[2024-10-20T02:53:27.369+0000] {processor.py:839} INFO - DAG(s) dict_keys(['crypto_etl']) retrieved from /opt/airflow/dags/crypto_etl_dag.py
[2024-10-20T02:53:27.467+0000] {logging_mixin.py:154} INFO - [2024-10-20T02:53:27.467+0000] {dag.py:2941} INFO - Sync 1 DAGs
[2024-10-20T02:53:27.489+0000] {logging_mixin.py:154} INFO - [2024-10-20T02:53:27.489+0000] {dag.py:3722} INFO - Setting next_dagrun for crypto_etl to 2024-10-20T00:00:00+00:00, run_after=2024-10-21T00:00:00+00:00
[2024-10-20T02:53:27.518+0000] {processor.py:179} INFO - Processing /opt/airflow/dags/crypto_etl_dag.py took 0.618 seconds
[2024-10-20T02:53:31.885+0000] {processor.py:157} INFO - Started process (PID=903) to work on /opt/airflow/dags/crypto_etl_dag.py
[2024-10-20T02:53:31.886+0000] {processor.py:829} INFO - Processing file /opt/airflow/dags/crypto_etl_dag.py for tasks to queue
[2024-10-20T02:53:31.889+0000] {logging_mixin.py:154} INFO - [2024-10-20T02:53:31.888+0000] {dagbag.py:536} INFO - Filling up the DagBag from /opt/airflow/dags/crypto_etl_dag.py
[2024-10-20T02:53:32.394+0000] {processor.py:839} INFO - DAG(s) dict_keys(['crypto_etl']) retrieved from /opt/airflow/dags/crypto_etl_dag.py
[2024-10-20T02:53:32.407+0000] {logging_mixin.py:154} INFO - [2024-10-20T02:53:32.406+0000] {dag.py:2941} INFO - Sync 1 DAGs
[2024-10-20T02:53:32.430+0000] {logging_mixin.py:154} INFO - [2024-10-20T02:53:32.429+0000] {dag.py:3722} INFO - Setting next_dagrun for crypto_etl to 2024-10-20T00:00:00+00:00, run_after=2024-10-21T00:00:00+00:00
[2024-10-20T02:53:32.456+0000] {processor.py:179} INFO - Processing /opt/airflow/dags/crypto_etl_dag.py took 0.575 seconds
[2024-10-20T02:54:03.057+0000] {processor.py:157} INFO - Started process (PID=959) to work on /opt/airflow/dags/crypto_etl_dag.py
[2024-10-20T02:54:03.058+0000] {processor.py:829} INFO - Processing file /opt/airflow/dags/crypto_etl_dag.py for tasks to queue
[2024-10-20T02:54:03.062+0000] {logging_mixin.py:154} INFO - [2024-10-20T02:54:03.061+0000] {dagbag.py:536} INFO - Filling up the DagBag from /opt/airflow/dags/crypto_etl_dag.py
[2024-10-20T02:54:03.717+0000] {processor.py:839} INFO - DAG(s) dict_keys(['crypto_etl']) retrieved from /opt/airflow/dags/crypto_etl_dag.py
[2024-10-20T02:54:03.831+0000] {logging_mixin.py:154} INFO - [2024-10-20T02:54:03.830+0000] {dag.py:2941} INFO - Sync 1 DAGs
[2024-10-20T02:54:03.852+0000] {logging_mixin.py:154} INFO - [2024-10-20T02:54:03.852+0000] {dag.py:3722} INFO - Setting next_dagrun for crypto_etl to 2024-10-20T00:00:00+00:00, run_after=2024-10-21T00:00:00+00:00
[2024-10-20T02:54:03.879+0000] {processor.py:179} INFO - Processing /opt/airflow/dags/crypto_etl_dag.py took 0.826 seconds
[2024-10-20T02:54:34.503+0000] {processor.py:157} INFO - Started process (PID=1015) to work on /opt/airflow/dags/crypto_etl_dag.py
[2024-10-20T02:54:34.504+0000] {processor.py:829} INFO - Processing file /opt/airflow/dags/crypto_etl_dag.py for tasks to queue
[2024-10-20T02:54:34.506+0000] {logging_mixin.py:154} INFO - [2024-10-20T02:54:34.506+0000] {dagbag.py:536} INFO - Filling up the DagBag from /opt/airflow/dags/crypto_etl_dag.py
[2024-10-20T02:54:35.018+0000] {processor.py:839} INFO - DAG(s) dict_keys(['crypto_etl']) retrieved from /opt/airflow/dags/crypto_etl_dag.py
[2024-10-20T02:54:35.045+0000] {logging_mixin.py:154} INFO - [2024-10-20T02:54:35.044+0000] {dag.py:2941} INFO - Sync 1 DAGs
[2024-10-20T02:54:35.079+0000] {logging_mixin.py:154} INFO - [2024-10-20T02:54:35.078+0000] {dag.py:3722} INFO - Setting next_dagrun for crypto_etl to 2024-10-20T00:00:00+00:00, run_after=2024-10-21T00:00:00+00:00
[2024-10-20T02:54:35.118+0000] {processor.py:179} INFO - Processing /opt/airflow/dags/crypto_etl_dag.py took 0.619 seconds
[2024-10-20T02:55:05.628+0000] {processor.py:157} INFO - Started process (PID=1071) to work on /opt/airflow/dags/crypto_etl_dag.py
[2024-10-20T02:55:05.629+0000] {processor.py:829} INFO - Processing file /opt/airflow/dags/crypto_etl_dag.py for tasks to queue
[2024-10-20T02:55:05.632+0000] {logging_mixin.py:154} INFO - [2024-10-20T02:55:05.631+0000] {dagbag.py:536} INFO - Filling up the DagBag from /opt/airflow/dags/crypto_etl_dag.py
[2024-10-20T02:55:06.056+0000] {processor.py:839} INFO - DAG(s) dict_keys(['crypto_etl']) retrieved from /opt/airflow/dags/crypto_etl_dag.py
[2024-10-20T02:55:06.082+0000] {logging_mixin.py:154} INFO - [2024-10-20T02:55:06.081+0000] {dag.py:2941} INFO - Sync 1 DAGs
[2024-10-20T02:55:06.106+0000] {logging_mixin.py:154} INFO - [2024-10-20T02:55:06.106+0000] {dag.py:3722} INFO - Setting next_dagrun for crypto_etl to 2024-10-20T00:00:00+00:00, run_after=2024-10-21T00:00:00+00:00
[2024-10-20T02:55:06.141+0000] {processor.py:179} INFO - Processing /opt/airflow/dags/crypto_etl_dag.py took 0.516 seconds
[2024-10-20T02:55:08.210+0000] {processor.py:157} INFO - Started process (PID=1073) to work on /opt/airflow/dags/crypto_etl_dag.py
[2024-10-20T02:55:08.211+0000] {processor.py:829} INFO - Processing file /opt/airflow/dags/crypto_etl_dag.py for tasks to queue
[2024-10-20T02:55:08.213+0000] {logging_mixin.py:154} INFO - [2024-10-20T02:55:08.213+0000] {dagbag.py:536} INFO - Filling up the DagBag from /opt/airflow/dags/crypto_etl_dag.py
[2024-10-20T02:55:08.798+0000] {processor.py:839} INFO - DAG(s) dict_keys(['crypto_etl']) retrieved from /opt/airflow/dags/crypto_etl_dag.py
[2024-10-20T02:55:08.927+0000] {logging_mixin.py:154} INFO - [2024-10-20T02:55:08.927+0000] {dag.py:2941} INFO - Sync 1 DAGs
[2024-10-20T02:55:08.948+0000] {logging_mixin.py:154} INFO - [2024-10-20T02:55:08.948+0000] {dag.py:3722} INFO - Setting next_dagrun for crypto_etl to 2024-10-20T00:00:00+00:00, run_after=2024-10-21T00:00:00+00:00
[2024-10-20T02:55:08.981+0000] {processor.py:179} INFO - Processing /opt/airflow/dags/crypto_etl_dag.py took 0.774 seconds
[2024-10-20T02:55:39.621+0000] {processor.py:157} INFO - Started process (PID=1129) to work on /opt/airflow/dags/crypto_etl_dag.py
[2024-10-20T02:55:39.622+0000] {processor.py:829} INFO - Processing file /opt/airflow/dags/crypto_etl_dag.py for tasks to queue
[2024-10-20T02:55:39.625+0000] {logging_mixin.py:154} INFO - [2024-10-20T02:55:39.625+0000] {dagbag.py:536} INFO - Filling up the DagBag from /opt/airflow/dags/crypto_etl_dag.py
[2024-10-20T02:55:40.197+0000] {processor.py:839} INFO - DAG(s) dict_keys(['crypto_etl']) retrieved from /opt/airflow/dags/crypto_etl_dag.py
[2024-10-20T02:55:40.219+0000] {logging_mixin.py:154} INFO - [2024-10-20T02:55:40.218+0000] {dag.py:2941} INFO - Sync 1 DAGs
[2024-10-20T02:55:40.241+0000] {logging_mixin.py:154} INFO - [2024-10-20T02:55:40.241+0000] {dag.py:3722} INFO - Setting next_dagrun for crypto_etl to 2024-10-20T00:00:00+00:00, run_after=2024-10-21T00:00:00+00:00
[2024-10-20T02:55:40.271+0000] {processor.py:179} INFO - Processing /opt/airflow/dags/crypto_etl_dag.py took 0.655 seconds
[2024-10-20T02:55:46.277+0000] {processor.py:157} INFO - Started process (PID=1133) to work on /opt/airflow/dags/crypto_etl_dag.py
[2024-10-20T02:55:46.279+0000] {processor.py:829} INFO - Processing file /opt/airflow/dags/crypto_etl_dag.py for tasks to queue
[2024-10-20T02:55:46.281+0000] {logging_mixin.py:154} INFO - [2024-10-20T02:55:46.281+0000] {dagbag.py:536} INFO - Filling up the DagBag from /opt/airflow/dags/crypto_etl_dag.py
[2024-10-20T02:55:46.779+0000] {processor.py:839} INFO - DAG(s) dict_keys(['crypto_etl']) retrieved from /opt/airflow/dags/crypto_etl_dag.py
[2024-10-20T02:55:46.898+0000] {logging_mixin.py:154} INFO - [2024-10-20T02:55:46.897+0000] {dag.py:2941} INFO - Sync 1 DAGs
[2024-10-20T02:55:46.920+0000] {logging_mixin.py:154} INFO - [2024-10-20T02:55:46.920+0000] {dag.py:3722} INFO - Setting next_dagrun for crypto_etl to 2024-10-20T00:00:00+00:00, run_after=2024-10-21T00:00:00+00:00
[2024-10-20T02:55:46.948+0000] {processor.py:179} INFO - Processing /opt/airflow/dags/crypto_etl_dag.py took 0.674 seconds
[2024-10-20T02:55:48.376+0000] {processor.py:157} INFO - Started process (PID=1142) to work on /opt/airflow/dags/crypto_etl_dag.py
[2024-10-20T02:55:48.378+0000] {processor.py:829} INFO - Processing file /opt/airflow/dags/crypto_etl_dag.py for tasks to queue
[2024-10-20T02:55:48.381+0000] {logging_mixin.py:154} INFO - [2024-10-20T02:55:48.380+0000] {dagbag.py:536} INFO - Filling up the DagBag from /opt/airflow/dags/crypto_etl_dag.py
[2024-10-20T02:55:48.891+0000] {processor.py:839} INFO - DAG(s) dict_keys(['crypto_etl']) retrieved from /opt/airflow/dags/crypto_etl_dag.py
[2024-10-20T02:55:48.906+0000] {logging_mixin.py:154} INFO - [2024-10-20T02:55:48.905+0000] {dag.py:2941} INFO - Sync 1 DAGs
[2024-10-20T02:55:48.929+0000] {logging_mixin.py:154} INFO - [2024-10-20T02:55:48.929+0000] {dag.py:3722} INFO - Setting next_dagrun for crypto_etl to 2024-10-20T00:00:00+00:00, run_after=2024-10-21T00:00:00+00:00
[2024-10-20T02:55:48.962+0000] {processor.py:179} INFO - Processing /opt/airflow/dags/crypto_etl_dag.py took 0.589 seconds
[2024-10-20T02:56:19.047+0000] {processor.py:157} INFO - Started process (PID=1198) to work on /opt/airflow/dags/crypto_etl_dag.py
[2024-10-20T02:56:19.048+0000] {processor.py:829} INFO - Processing file /opt/airflow/dags/crypto_etl_dag.py for tasks to queue
[2024-10-20T02:56:19.050+0000] {logging_mixin.py:154} INFO - [2024-10-20T02:56:19.050+0000] {dagbag.py:536} INFO - Filling up the DagBag from /opt/airflow/dags/crypto_etl_dag.py
[2024-10-20T02:56:19.576+0000] {processor.py:839} INFO - DAG(s) dict_keys(['crypto_etl']) retrieved from /opt/airflow/dags/crypto_etl_dag.py
[2024-10-20T02:56:19.705+0000] {logging_mixin.py:154} INFO - [2024-10-20T02:56:19.704+0000] {dag.py:2941} INFO - Sync 1 DAGs
[2024-10-20T02:56:19.725+0000] {logging_mixin.py:154} INFO - [2024-10-20T02:56:19.725+0000] {dag.py:3722} INFO - Setting next_dagrun for crypto_etl to 2024-10-20T00:00:00+00:00, run_after=2024-10-21T00:00:00+00:00
[2024-10-20T02:56:19.751+0000] {processor.py:179} INFO - Processing /opt/airflow/dags/crypto_etl_dag.py took 0.709 seconds
[2024-10-20T02:56:50.102+0000] {processor.py:157} INFO - Started process (PID=1254) to work on /opt/airflow/dags/crypto_etl_dag.py
[2024-10-20T02:56:50.104+0000] {processor.py:829} INFO - Processing file /opt/airflow/dags/crypto_etl_dag.py for tasks to queue
[2024-10-20T02:56:50.106+0000] {logging_mixin.py:154} INFO - [2024-10-20T02:56:50.106+0000] {dagbag.py:536} INFO - Filling up the DagBag from /opt/airflow/dags/crypto_etl_dag.py
[2024-10-20T02:56:50.542+0000] {processor.py:839} INFO - DAG(s) dict_keys(['crypto_etl']) retrieved from /opt/airflow/dags/crypto_etl_dag.py
[2024-10-20T02:56:50.559+0000] {logging_mixin.py:154} INFO - [2024-10-20T02:56:50.559+0000] {dag.py:2941} INFO - Sync 1 DAGs
[2024-10-20T02:56:50.580+0000] {logging_mixin.py:154} INFO - [2024-10-20T02:56:50.579+0000] {dag.py:3722} INFO - Setting next_dagrun for crypto_etl to 2024-10-20T00:00:00+00:00, run_after=2024-10-21T00:00:00+00:00
[2024-10-20T02:56:50.601+0000] {processor.py:179} INFO - Processing /opt/airflow/dags/crypto_etl_dag.py took 0.501 seconds
[2024-10-20T02:57:21.044+0000] {processor.py:157} INFO - Started process (PID=1310) to work on /opt/airflow/dags/crypto_etl_dag.py
[2024-10-20T02:57:21.045+0000] {processor.py:829} INFO - Processing file /opt/airflow/dags/crypto_etl_dag.py for tasks to queue
[2024-10-20T02:57:21.047+0000] {logging_mixin.py:154} INFO - [2024-10-20T02:57:21.047+0000] {dagbag.py:536} INFO - Filling up the DagBag from /opt/airflow/dags/crypto_etl_dag.py
[2024-10-20T02:57:21.431+0000] {processor.py:839} INFO - DAG(s) dict_keys(['crypto_etl']) retrieved from /opt/airflow/dags/crypto_etl_dag.py
[2024-10-20T02:57:21.450+0000] {logging_mixin.py:154} INFO - [2024-10-20T02:57:21.449+0000] {dag.py:2941} INFO - Sync 1 DAGs
[2024-10-20T02:57:21.470+0000] {logging_mixin.py:154} INFO - [2024-10-20T02:57:21.470+0000] {dag.py:3722} INFO - Setting next_dagrun for crypto_etl to 2024-10-20T00:00:00+00:00, run_after=2024-10-21T00:00:00+00:00
[2024-10-20T02:57:21.491+0000] {processor.py:179} INFO - Processing /opt/airflow/dags/crypto_etl_dag.py took 0.450 seconds
[2024-10-20T02:57:27.368+0000] {processor.py:157} INFO - Started process (PID=1316) to work on /opt/airflow/dags/crypto_etl_dag.py
[2024-10-20T02:57:27.369+0000] {processor.py:829} INFO - Processing file /opt/airflow/dags/crypto_etl_dag.py for tasks to queue
[2024-10-20T02:57:27.371+0000] {logging_mixin.py:154} INFO - [2024-10-20T02:57:27.371+0000] {dagbag.py:536} INFO - Filling up the DagBag from /opt/airflow/dags/crypto_etl_dag.py
[2024-10-20T02:57:27.826+0000] {processor.py:839} INFO - DAG(s) dict_keys(['crypto_etl']) retrieved from /opt/airflow/dags/crypto_etl_dag.py
[2024-10-20T02:57:27.926+0000] {logging_mixin.py:154} INFO - [2024-10-20T02:57:27.926+0000] {dag.py:2941} INFO - Sync 1 DAGs
[2024-10-20T02:57:27.947+0000] {logging_mixin.py:154} INFO - [2024-10-20T02:57:27.946+0000] {dag.py:3722} INFO - Setting next_dagrun for crypto_etl to 2024-10-20T00:00:00+00:00, run_after=2024-10-21T00:00:00+00:00
[2024-10-20T02:57:27.975+0000] {processor.py:179} INFO - Processing /opt/airflow/dags/crypto_etl_dag.py took 0.611 seconds
[2024-10-20T02:57:58.029+0000] {processor.py:157} INFO - Started process (PID=1372) to work on /opt/airflow/dags/crypto_etl_dag.py
[2024-10-20T02:57:58.030+0000] {processor.py:829} INFO - Processing file /opt/airflow/dags/crypto_etl_dag.py for tasks to queue
[2024-10-20T02:57:58.033+0000] {logging_mixin.py:154} INFO - [2024-10-20T02:57:58.032+0000] {dagbag.py:536} INFO - Filling up the DagBag from /opt/airflow/dags/crypto_etl_dag.py
[2024-10-20T02:57:58.584+0000] {processor.py:839} INFO - DAG(s) dict_keys(['crypto_etl']) retrieved from /opt/airflow/dags/crypto_etl_dag.py
[2024-10-20T02:57:58.609+0000] {logging_mixin.py:154} INFO - [2024-10-20T02:57:58.608+0000] {dag.py:2941} INFO - Sync 1 DAGs
[2024-10-20T02:57:58.640+0000] {logging_mixin.py:154} INFO - [2024-10-20T02:57:58.640+0000] {dag.py:3722} INFO - Setting next_dagrun for crypto_etl to 2024-10-20T00:00:00+00:00, run_after=2024-10-21T00:00:00+00:00
[2024-10-20T02:57:58.676+0000] {processor.py:179} INFO - Processing /opt/airflow/dags/crypto_etl_dag.py took 0.650 seconds
[2024-10-20T02:58:18.846+0000] {processor.py:157} INFO - Started process (PID=1424) to work on /opt/airflow/dags/crypto_etl_dag.py
[2024-10-20T02:58:18.849+0000] {processor.py:829} INFO - Processing file /opt/airflow/dags/crypto_etl_dag.py for tasks to queue
[2024-10-20T02:58:18.853+0000] {logging_mixin.py:154} INFO - [2024-10-20T02:58:18.853+0000] {dagbag.py:536} INFO - Filling up the DagBag from /opt/airflow/dags/crypto_etl_dag.py
[2024-10-20T02:58:19.208+0000] {processor.py:839} INFO - DAG(s) dict_keys(['crypto_etl']) retrieved from /opt/airflow/dags/crypto_etl_dag.py
[2024-10-20T02:58:19.314+0000] {logging_mixin.py:154} INFO - [2024-10-20T02:58:19.313+0000] {dag.py:2941} INFO - Sync 1 DAGs
[2024-10-20T02:58:19.336+0000] {logging_mixin.py:154} INFO - [2024-10-20T02:58:19.336+0000] {dag.py:3722} INFO - Setting next_dagrun for crypto_etl to 2024-10-20T00:00:00+00:00, run_after=2024-10-21T00:00:00+00:00
[2024-10-20T02:58:19.367+0000] {processor.py:179} INFO - Processing /opt/airflow/dags/crypto_etl_dag.py took 0.525 seconds
[2024-10-20T02:58:49.669+0000] {processor.py:157} INFO - Started process (PID=1480) to work on /opt/airflow/dags/crypto_etl_dag.py
[2024-10-20T02:58:49.670+0000] {processor.py:829} INFO - Processing file /opt/airflow/dags/crypto_etl_dag.py for tasks to queue
[2024-10-20T02:58:49.673+0000] {logging_mixin.py:154} INFO - [2024-10-20T02:58:49.673+0000] {dagbag.py:536} INFO - Filling up the DagBag from /opt/airflow/dags/crypto_etl_dag.py
[2024-10-20T02:58:50.028+0000] {processor.py:839} INFO - DAG(s) dict_keys(['crypto_etl']) retrieved from /opt/airflow/dags/crypto_etl_dag.py
[2024-10-20T02:58:50.052+0000] {logging_mixin.py:154} INFO - [2024-10-20T02:58:50.052+0000] {dag.py:2941} INFO - Sync 1 DAGs
[2024-10-20T02:58:50.077+0000] {logging_mixin.py:154} INFO - [2024-10-20T02:58:50.077+0000] {dag.py:3722} INFO - Setting next_dagrun for crypto_etl to 2024-10-20T00:00:00+00:00, run_after=2024-10-21T00:00:00+00:00
[2024-10-20T02:58:50.101+0000] {processor.py:179} INFO - Processing /opt/airflow/dags/crypto_etl_dag.py took 0.437 seconds
[2024-10-20T02:59:49.642+0000] {processor.py:157} INFO - Started process (PID=64) to work on /opt/airflow/dags/crypto_etl_dag.py
[2024-10-20T02:59:49.643+0000] {processor.py:829} INFO - Processing file /opt/airflow/dags/crypto_etl_dag.py for tasks to queue
[2024-10-20T02:59:49.645+0000] {logging_mixin.py:154} INFO - [2024-10-20T02:59:49.645+0000] {dagbag.py:536} INFO - Filling up the DagBag from /opt/airflow/dags/crypto_etl_dag.py
[2024-10-20T02:59:51.551+0000] {processor.py:839} INFO - DAG(s) dict_keys(['crypto_etl']) retrieved from /opt/airflow/dags/crypto_etl_dag.py
[2024-10-20T02:59:51.814+0000] {logging_mixin.py:154} INFO - [2024-10-20T02:59:51.813+0000] {dag.py:2941} INFO - Sync 1 DAGs
[2024-10-20T02:59:51.843+0000] {logging_mixin.py:154} INFO - [2024-10-20T02:59:51.842+0000] {dag.py:3722} INFO - Setting next_dagrun for crypto_etl to 2024-10-20T00:00:00+00:00, run_after=2024-10-21T00:00:00+00:00
[2024-10-20T02:59:51.886+0000] {processor.py:179} INFO - Processing /opt/airflow/dags/crypto_etl_dag.py took 2.247 seconds
[2024-10-20T03:00:22.700+0000] {processor.py:157} INFO - Started process (PID=138) to work on /opt/airflow/dags/crypto_etl_dag.py
[2024-10-20T03:00:22.701+0000] {processor.py:829} INFO - Processing file /opt/airflow/dags/crypto_etl_dag.py for tasks to queue
[2024-10-20T03:00:22.704+0000] {logging_mixin.py:154} INFO - [2024-10-20T03:00:22.704+0000] {dagbag.py:536} INFO - Filling up the DagBag from /opt/airflow/dags/crypto_etl_dag.py
[2024-10-20T03:00:23.654+0000] {processor.py:839} INFO - DAG(s) dict_keys(['crypto_etl']) retrieved from /opt/airflow/dags/crypto_etl_dag.py
[2024-10-20T03:00:23.683+0000] {logging_mixin.py:154} INFO - [2024-10-20T03:00:23.683+0000] {dag.py:2941} INFO - Sync 1 DAGs
[2024-10-20T03:00:23.714+0000] {logging_mixin.py:154} INFO - [2024-10-20T03:00:23.714+0000] {dag.py:3722} INFO - Setting next_dagrun for crypto_etl to 2024-10-20T00:00:00+00:00, run_after=2024-10-21T00:00:00+00:00
[2024-10-20T03:00:23.748+0000] {processor.py:179} INFO - Processing /opt/airflow/dags/crypto_etl_dag.py took 1.052 seconds
[2024-10-20T03:00:53.897+0000] {processor.py:157} INFO - Started process (PID=194) to work on /opt/airflow/dags/crypto_etl_dag.py
[2024-10-20T03:00:53.898+0000] {processor.py:829} INFO - Processing file /opt/airflow/dags/crypto_etl_dag.py for tasks to queue
[2024-10-20T03:00:53.901+0000] {logging_mixin.py:154} INFO - [2024-10-20T03:00:53.900+0000] {dagbag.py:536} INFO - Filling up the DagBag from /opt/airflow/dags/crypto_etl_dag.py
[2024-10-20T03:00:54.768+0000] {processor.py:839} INFO - DAG(s) dict_keys(['crypto_etl']) retrieved from /opt/airflow/dags/crypto_etl_dag.py
[2024-10-20T03:00:54.794+0000] {logging_mixin.py:154} INFO - [2024-10-20T03:00:54.793+0000] {dag.py:2941} INFO - Sync 1 DAGs
[2024-10-20T03:00:54.819+0000] {logging_mixin.py:154} INFO - [2024-10-20T03:00:54.819+0000] {dag.py:3722} INFO - Setting next_dagrun for crypto_etl to 2024-10-20T00:00:00+00:00, run_after=2024-10-21T00:00:00+00:00
[2024-10-20T03:00:54.842+0000] {processor.py:179} INFO - Processing /opt/airflow/dags/crypto_etl_dag.py took 0.950 seconds
[2024-10-20T03:01:25.187+0000] {processor.py:157} INFO - Started process (PID=251) to work on /opt/airflow/dags/crypto_etl_dag.py
[2024-10-20T03:01:25.188+0000] {processor.py:829} INFO - Processing file /opt/airflow/dags/crypto_etl_dag.py for tasks to queue
[2024-10-20T03:01:25.190+0000] {logging_mixin.py:154} INFO - [2024-10-20T03:01:25.190+0000] {dagbag.py:536} INFO - Filling up the DagBag from /opt/airflow/dags/crypto_etl_dag.py
[2024-10-20T03:01:25.642+0000] {processor.py:839} INFO - DAG(s) dict_keys(['crypto_etl']) retrieved from /opt/airflow/dags/crypto_etl_dag.py
[2024-10-20T03:01:25.663+0000] {logging_mixin.py:154} INFO - [2024-10-20T03:01:25.662+0000] {dag.py:2941} INFO - Sync 1 DAGs
[2024-10-20T03:01:25.684+0000] {logging_mixin.py:154} INFO - [2024-10-20T03:01:25.684+0000] {dag.py:3722} INFO - Setting next_dagrun for crypto_etl to 2024-10-20T00:00:00+00:00, run_after=2024-10-21T00:00:00+00:00
[2024-10-20T03:01:25.711+0000] {processor.py:179} INFO - Processing /opt/airflow/dags/crypto_etl_dag.py took 0.528 seconds
[2024-10-20T03:01:45.925+0000] {processor.py:157} INFO - Started process (PID=292) to work on /opt/airflow/dags/crypto_etl_dag.py
[2024-10-20T03:01:45.926+0000] {processor.py:829} INFO - Processing file /opt/airflow/dags/crypto_etl_dag.py for tasks to queue
[2024-10-20T03:01:45.929+0000] {logging_mixin.py:154} INFO - [2024-10-20T03:01:45.929+0000] {dagbag.py:536} INFO - Filling up the DagBag from /opt/airflow/dags/crypto_etl_dag.py
[2024-10-20T03:01:46.504+0000] {processor.py:839} INFO - DAG(s) dict_keys(['crypto_etl']) retrieved from /opt/airflow/dags/crypto_etl_dag.py
[2024-10-20T03:01:46.612+0000] {logging_mixin.py:154} INFO - [2024-10-20T03:01:46.611+0000] {dag.py:2941} INFO - Sync 1 DAGs
[2024-10-20T03:01:46.633+0000] {logging_mixin.py:154} INFO - [2024-10-20T03:01:46.632+0000] {dag.py:3722} INFO - Setting next_dagrun for crypto_etl to 2024-10-20T00:00:00+00:00, run_after=2024-10-21T00:00:00+00:00
[2024-10-20T03:01:46.664+0000] {processor.py:179} INFO - Processing /opt/airflow/dags/crypto_etl_dag.py took 0.744 seconds
[2024-10-20T03:02:16.844+0000] {processor.py:157} INFO - Started process (PID=348) to work on /opt/airflow/dags/crypto_etl_dag.py
[2024-10-20T03:02:16.845+0000] {processor.py:829} INFO - Processing file /opt/airflow/dags/crypto_etl_dag.py for tasks to queue
[2024-10-20T03:02:16.848+0000] {logging_mixin.py:154} INFO - [2024-10-20T03:02:16.848+0000] {dagbag.py:536} INFO - Filling up the DagBag from /opt/airflow/dags/crypto_etl_dag.py
[2024-10-20T03:02:17.277+0000] {processor.py:839} INFO - DAG(s) dict_keys(['crypto_etl']) retrieved from /opt/airflow/dags/crypto_etl_dag.py
[2024-10-20T03:02:17.295+0000] {logging_mixin.py:154} INFO - [2024-10-20T03:02:17.294+0000] {dag.py:2941} INFO - Sync 1 DAGs
[2024-10-20T03:02:17.315+0000] {logging_mixin.py:154} INFO - [2024-10-20T03:02:17.315+0000] {dag.py:3722} INFO - Setting next_dagrun for crypto_etl to 2024-10-20T00:00:00+00:00, run_after=2024-10-21T00:00:00+00:00
[2024-10-20T03:02:17.338+0000] {processor.py:179} INFO - Processing /opt/airflow/dags/crypto_etl_dag.py took 0.498 seconds
[2024-10-20T03:02:24.140+0000] {processor.py:157} INFO - Started process (PID=364) to work on /opt/airflow/dags/crypto_etl_dag.py
[2024-10-20T03:02:24.141+0000] {processor.py:829} INFO - Processing file /opt/airflow/dags/crypto_etl_dag.py for tasks to queue
[2024-10-20T03:02:24.144+0000] {logging_mixin.py:154} INFO - [2024-10-20T03:02:24.143+0000] {dagbag.py:536} INFO - Filling up the DagBag from /opt/airflow/dags/crypto_etl_dag.py
[2024-10-20T03:02:24.727+0000] {processor.py:839} INFO - DAG(s) dict_keys(['crypto_etl']) retrieved from /opt/airflow/dags/crypto_etl_dag.py
[2024-10-20T03:02:24.873+0000] {logging_mixin.py:154} INFO - [2024-10-20T03:02:24.872+0000] {dag.py:2941} INFO - Sync 1 DAGs
[2024-10-20T03:02:24.909+0000] {logging_mixin.py:154} INFO - [2024-10-20T03:02:24.909+0000] {dag.py:3722} INFO - Setting next_dagrun for crypto_etl to 2024-10-20T00:00:00+00:00, run_after=2024-10-21T00:00:00+00:00
[2024-10-20T03:02:24.942+0000] {processor.py:179} INFO - Processing /opt/airflow/dags/crypto_etl_dag.py took 0.805 seconds
[2024-10-20T03:02:26.288+0000] {processor.py:157} INFO - Started process (PID=371) to work on /opt/airflow/dags/crypto_etl_dag.py
[2024-10-20T03:02:26.290+0000] {processor.py:829} INFO - Processing file /opt/airflow/dags/crypto_etl_dag.py for tasks to queue
[2024-10-20T03:02:26.294+0000] {logging_mixin.py:154} INFO - [2024-10-20T03:02:26.293+0000] {dagbag.py:536} INFO - Filling up the DagBag from /opt/airflow/dags/crypto_etl_dag.py
[2024-10-20T03:02:26.943+0000] {processor.py:839} INFO - DAG(s) dict_keys(['crypto_etl']) retrieved from /opt/airflow/dags/crypto_etl_dag.py
[2024-10-20T03:02:26.967+0000] {logging_mixin.py:154} INFO - [2024-10-20T03:02:26.966+0000] {dag.py:2941} INFO - Sync 1 DAGs
[2024-10-20T03:02:27.006+0000] {logging_mixin.py:154} INFO - [2024-10-20T03:02:27.006+0000] {dag.py:3722} INFO - Setting next_dagrun for crypto_etl to 2024-10-20T00:00:00+00:00, run_after=2024-10-21T00:00:00+00:00
[2024-10-20T03:02:27.050+0000] {processor.py:179} INFO - Processing /opt/airflow/dags/crypto_etl_dag.py took 0.766 seconds
[2024-10-20T03:02:57.119+0000] {processor.py:157} INFO - Started process (PID=430) to work on /opt/airflow/dags/crypto_etl_dag.py
[2024-10-20T03:02:57.120+0000] {processor.py:829} INFO - Processing file /opt/airflow/dags/crypto_etl_dag.py for tasks to queue
[2024-10-20T03:02:57.122+0000] {logging_mixin.py:154} INFO - [2024-10-20T03:02:57.122+0000] {dagbag.py:536} INFO - Filling up the DagBag from /opt/airflow/dags/crypto_etl_dag.py
[2024-10-20T03:02:57.549+0000] {processor.py:839} INFO - DAG(s) dict_keys(['crypto_etl']) retrieved from /opt/airflow/dags/crypto_etl_dag.py
[2024-10-20T03:02:57.567+0000] {logging_mixin.py:154} INFO - [2024-10-20T03:02:57.566+0000] {dag.py:2941} INFO - Sync 1 DAGs
[2024-10-20T03:02:57.587+0000] {logging_mixin.py:154} INFO - [2024-10-20T03:02:57.587+0000] {dag.py:3722} INFO - Setting next_dagrun for crypto_etl to 2024-10-20T00:00:00+00:00, run_after=2024-10-21T00:00:00+00:00
[2024-10-20T03:02:57.608+0000] {processor.py:179} INFO - Processing /opt/airflow/dags/crypto_etl_dag.py took 0.492 seconds
[2024-10-20T03:03:28.277+0000] {processor.py:157} INFO - Started process (PID=486) to work on /opt/airflow/dags/crypto_etl_dag.py
[2024-10-20T03:03:28.278+0000] {processor.py:829} INFO - Processing file /opt/airflow/dags/crypto_etl_dag.py for tasks to queue
[2024-10-20T03:03:28.280+0000] {logging_mixin.py:154} INFO - [2024-10-20T03:03:28.280+0000] {dagbag.py:536} INFO - Filling up the DagBag from /opt/airflow/dags/crypto_etl_dag.py
[2024-10-20T03:03:28.686+0000] {processor.py:839} INFO - DAG(s) dict_keys(['crypto_etl']) retrieved from /opt/airflow/dags/crypto_etl_dag.py
[2024-10-20T03:03:28.704+0000] {logging_mixin.py:154} INFO - [2024-10-20T03:03:28.703+0000] {dag.py:2941} INFO - Sync 1 DAGs
[2024-10-20T03:03:28.724+0000] {logging_mixin.py:154} INFO - [2024-10-20T03:03:28.724+0000] {dag.py:3722} INFO - Setting next_dagrun for crypto_etl to 2024-10-20T00:00:00+00:00, run_after=2024-10-21T00:00:00+00:00
[2024-10-20T03:03:28.749+0000] {processor.py:179} INFO - Processing /opt/airflow/dags/crypto_etl_dag.py took 0.475 seconds
[2024-10-20T03:03:58.828+0000] {processor.py:157} INFO - Started process (PID=545) to work on /opt/airflow/dags/crypto_etl_dag.py
[2024-10-20T03:03:58.829+0000] {processor.py:829} INFO - Processing file /opt/airflow/dags/crypto_etl_dag.py for tasks to queue
[2024-10-20T03:03:58.831+0000] {logging_mixin.py:154} INFO - [2024-10-20T03:03:58.831+0000] {dagbag.py:536} INFO - Filling up the DagBag from /opt/airflow/dags/crypto_etl_dag.py
[2024-10-20T03:03:59.250+0000] {processor.py:839} INFO - DAG(s) dict_keys(['crypto_etl']) retrieved from /opt/airflow/dags/crypto_etl_dag.py
[2024-10-20T03:03:59.267+0000] {logging_mixin.py:154} INFO - [2024-10-20T03:03:59.267+0000] {dag.py:2941} INFO - Sync 1 DAGs
[2024-10-20T03:03:59.287+0000] {logging_mixin.py:154} INFO - [2024-10-20T03:03:59.287+0000] {dag.py:3722} INFO - Setting next_dagrun for crypto_etl to 2024-10-20T00:00:00+00:00, run_after=2024-10-21T00:00:00+00:00
[2024-10-20T03:03:59.310+0000] {processor.py:179} INFO - Processing /opt/airflow/dags/crypto_etl_dag.py took 0.484 seconds
[2024-10-20T03:04:29.431+0000] {processor.py:157} INFO - Started process (PID=603) to work on /opt/airflow/dags/crypto_etl_dag.py
[2024-10-20T03:04:29.432+0000] {processor.py:829} INFO - Processing file /opt/airflow/dags/crypto_etl_dag.py for tasks to queue
[2024-10-20T03:04:29.435+0000] {logging_mixin.py:154} INFO - [2024-10-20T03:04:29.434+0000] {dagbag.py:536} INFO - Filling up the DagBag from /opt/airflow/dags/crypto_etl_dag.py
[2024-10-20T03:04:29.905+0000] {processor.py:839} INFO - DAG(s) dict_keys(['crypto_etl']) retrieved from /opt/airflow/dags/crypto_etl_dag.py
[2024-10-20T03:04:29.926+0000] {logging_mixin.py:154} INFO - [2024-10-20T03:04:29.925+0000] {dag.py:2941} INFO - Sync 1 DAGs
[2024-10-20T03:04:29.948+0000] {logging_mixin.py:154} INFO - [2024-10-20T03:04:29.948+0000] {dag.py:3722} INFO - Setting next_dagrun for crypto_etl to 2024-10-20T00:00:00+00:00, run_after=2024-10-21T00:00:00+00:00
[2024-10-20T03:04:29.973+0000] {processor.py:179} INFO - Processing /opt/airflow/dags/crypto_etl_dag.py took 0.546 seconds
[2024-10-20T03:05:00.049+0000] {processor.py:157} INFO - Started process (PID=662) to work on /opt/airflow/dags/crypto_etl_dag.py
[2024-10-20T03:05:00.051+0000] {processor.py:829} INFO - Processing file /opt/airflow/dags/crypto_etl_dag.py for tasks to queue
[2024-10-20T03:05:00.053+0000] {logging_mixin.py:154} INFO - [2024-10-20T03:05:00.053+0000] {dagbag.py:536} INFO - Filling up the DagBag from /opt/airflow/dags/crypto_etl_dag.py
[2024-10-20T03:05:00.491+0000] {processor.py:839} INFO - DAG(s) dict_keys(['crypto_etl']) retrieved from /opt/airflow/dags/crypto_etl_dag.py
[2024-10-20T03:05:00.510+0000] {logging_mixin.py:154} INFO - [2024-10-20T03:05:00.510+0000] {dag.py:2941} INFO - Sync 1 DAGs
[2024-10-20T03:05:00.531+0000] {logging_mixin.py:154} INFO - [2024-10-20T03:05:00.530+0000] {dag.py:3722} INFO - Setting next_dagrun for crypto_etl to 2024-10-20T00:00:00+00:00, run_after=2024-10-21T00:00:00+00:00
[2024-10-20T03:05:00.555+0000] {processor.py:179} INFO - Processing /opt/airflow/dags/crypto_etl_dag.py took 0.509 seconds
[2024-10-20T03:05:30.649+0000] {processor.py:157} INFO - Started process (PID=721) to work on /opt/airflow/dags/crypto_etl_dag.py
[2024-10-20T03:05:30.651+0000] {processor.py:829} INFO - Processing file /opt/airflow/dags/crypto_etl_dag.py for tasks to queue
[2024-10-20T03:05:30.653+0000] {logging_mixin.py:154} INFO - [2024-10-20T03:05:30.653+0000] {dagbag.py:536} INFO - Filling up the DagBag from /opt/airflow/dags/crypto_etl_dag.py
[2024-10-20T03:05:31.104+0000] {processor.py:839} INFO - DAG(s) dict_keys(['crypto_etl']) retrieved from /opt/airflow/dags/crypto_etl_dag.py
[2024-10-20T03:05:31.125+0000] {logging_mixin.py:154} INFO - [2024-10-20T03:05:31.124+0000] {dag.py:2941} INFO - Sync 1 DAGs
[2024-10-20T03:05:31.146+0000] {logging_mixin.py:154} INFO - [2024-10-20T03:05:31.146+0000] {dag.py:3722} INFO - Setting next_dagrun for crypto_etl to 2024-10-20T00:00:00+00:00, run_after=2024-10-21T00:00:00+00:00
[2024-10-20T03:05:31.171+0000] {processor.py:179} INFO - Processing /opt/airflow/dags/crypto_etl_dag.py took 0.525 seconds
[2024-10-20T03:06:01.924+0000] {processor.py:157} INFO - Started process (PID=778) to work on /opt/airflow/dags/crypto_etl_dag.py
[2024-10-20T03:06:01.925+0000] {processor.py:829} INFO - Processing file /opt/airflow/dags/crypto_etl_dag.py for tasks to queue
[2024-10-20T03:06:01.928+0000] {logging_mixin.py:154} INFO - [2024-10-20T03:06:01.927+0000] {dagbag.py:536} INFO - Filling up the DagBag from /opt/airflow/dags/crypto_etl_dag.py
[2024-10-20T03:06:02.374+0000] {processor.py:839} INFO - DAG(s) dict_keys(['crypto_etl']) retrieved from /opt/airflow/dags/crypto_etl_dag.py
[2024-10-20T03:06:02.395+0000] {logging_mixin.py:154} INFO - [2024-10-20T03:06:02.394+0000] {dag.py:2941} INFO - Sync 1 DAGs
[2024-10-20T03:06:02.417+0000] {logging_mixin.py:154} INFO - [2024-10-20T03:06:02.417+0000] {dag.py:3722} INFO - Setting next_dagrun for crypto_etl to 2024-10-20T00:00:00+00:00, run_after=2024-10-21T00:00:00+00:00
[2024-10-20T03:06:02.443+0000] {processor.py:179} INFO - Processing /opt/airflow/dags/crypto_etl_dag.py took 0.523 seconds
[2024-10-20T03:06:32.988+0000] {processor.py:157} INFO - Started process (PID=834) to work on /opt/airflow/dags/crypto_etl_dag.py
[2024-10-20T03:06:32.989+0000] {processor.py:829} INFO - Processing file /opt/airflow/dags/crypto_etl_dag.py for tasks to queue
[2024-10-20T03:06:32.991+0000] {logging_mixin.py:154} INFO - [2024-10-20T03:06:32.991+0000] {dagbag.py:536} INFO - Filling up the DagBag from /opt/airflow/dags/crypto_etl_dag.py
[2024-10-20T03:06:33.543+0000] {processor.py:839} INFO - DAG(s) dict_keys(['crypto_etl']) retrieved from /opt/airflow/dags/crypto_etl_dag.py
[2024-10-20T03:06:33.562+0000] {logging_mixin.py:154} INFO - [2024-10-20T03:06:33.562+0000] {dag.py:2941} INFO - Sync 1 DAGs
[2024-10-20T03:06:33.588+0000] {logging_mixin.py:154} INFO - [2024-10-20T03:06:33.587+0000] {dag.py:3722} INFO - Setting next_dagrun for crypto_etl to 2024-10-20T00:00:00+00:00, run_after=2024-10-21T00:00:00+00:00
[2024-10-20T03:06:33.612+0000] {processor.py:179} INFO - Processing /opt/airflow/dags/crypto_etl_dag.py took 0.627 seconds
[2024-10-20T03:07:03.909+0000] {processor.py:157} INFO - Started process (PID=893) to work on /opt/airflow/dags/crypto_etl_dag.py
[2024-10-20T03:07:03.910+0000] {processor.py:829} INFO - Processing file /opt/airflow/dags/crypto_etl_dag.py for tasks to queue
[2024-10-20T03:07:03.914+0000] {logging_mixin.py:154} INFO - [2024-10-20T03:07:03.914+0000] {dagbag.py:536} INFO - Filling up the DagBag from /opt/airflow/dags/crypto_etl_dag.py
[2024-10-20T03:07:04.478+0000] {processor.py:839} INFO - DAG(s) dict_keys(['crypto_etl']) retrieved from /opt/airflow/dags/crypto_etl_dag.py
[2024-10-20T03:07:04.510+0000] {logging_mixin.py:154} INFO - [2024-10-20T03:07:04.509+0000] {dag.py:2941} INFO - Sync 1 DAGs
[2024-10-20T03:07:04.544+0000] {logging_mixin.py:154} INFO - [2024-10-20T03:07:04.544+0000] {dag.py:3722} INFO - Setting next_dagrun for crypto_etl to 2024-10-20T00:00:00+00:00, run_after=2024-10-21T00:00:00+00:00
[2024-10-20T03:07:04.612+0000] {processor.py:179} INFO - Processing /opt/airflow/dags/crypto_etl_dag.py took 0.709 seconds
[2024-10-20T03:07:34.749+0000] {processor.py:157} INFO - Started process (PID=950) to work on /opt/airflow/dags/crypto_etl_dag.py
[2024-10-20T03:07:34.751+0000] {processor.py:829} INFO - Processing file /opt/airflow/dags/crypto_etl_dag.py for tasks to queue
[2024-10-20T03:07:34.754+0000] {logging_mixin.py:154} INFO - [2024-10-20T03:07:34.753+0000] {dagbag.py:536} INFO - Filling up the DagBag from /opt/airflow/dags/crypto_etl_dag.py
[2024-10-20T03:07:35.218+0000] {processor.py:839} INFO - DAG(s) dict_keys(['crypto_etl']) retrieved from /opt/airflow/dags/crypto_etl_dag.py
[2024-10-20T03:07:35.237+0000] {logging_mixin.py:154} INFO - [2024-10-20T03:07:35.237+0000] {dag.py:2941} INFO - Sync 1 DAGs
[2024-10-20T03:07:35.259+0000] {logging_mixin.py:154} INFO - [2024-10-20T03:07:35.259+0000] {dag.py:3722} INFO - Setting next_dagrun for crypto_etl to 2024-10-20T00:00:00+00:00, run_after=2024-10-21T00:00:00+00:00
[2024-10-20T03:07:35.279+0000] {processor.py:179} INFO - Processing /opt/airflow/dags/crypto_etl_dag.py took 0.533 seconds
[2024-10-20T03:08:45.551+0000] {processor.py:157} INFO - Started process (PID=63) to work on /opt/airflow/dags/crypto_etl_dag.py
[2024-10-20T03:08:45.553+0000] {processor.py:829} INFO - Processing file /opt/airflow/dags/crypto_etl_dag.py for tasks to queue
[2024-10-20T03:08:45.557+0000] {logging_mixin.py:154} INFO - [2024-10-20T03:08:45.556+0000] {dagbag.py:536} INFO - Filling up the DagBag from /opt/airflow/dags/crypto_etl_dag.py
[2024-10-20T03:08:47.589+0000] {processor.py:839} INFO - DAG(s) dict_keys(['crypto_etl']) retrieved from /opt/airflow/dags/crypto_etl_dag.py
[2024-10-20T03:08:47.933+0000] {logging_mixin.py:154} INFO - [2024-10-20T03:08:47.933+0000] {dag.py:2941} INFO - Sync 1 DAGs
[2024-10-20T03:08:47.973+0000] {logging_mixin.py:154} INFO - [2024-10-20T03:08:47.972+0000] {dag.py:3722} INFO - Setting next_dagrun for crypto_etl to 2024-10-20T00:00:00+00:00, run_after=2024-10-21T00:00:00+00:00
[2024-10-20T03:08:48.023+0000] {processor.py:179} INFO - Processing /opt/airflow/dags/crypto_etl_dag.py took 2.476 seconds
[2024-10-20T03:09:18.390+0000] {processor.py:157} INFO - Started process (PID=136) to work on /opt/airflow/dags/crypto_etl_dag.py
[2024-10-20T03:09:18.392+0000] {processor.py:829} INFO - Processing file /opt/airflow/dags/crypto_etl_dag.py for tasks to queue
[2024-10-20T03:09:18.396+0000] {logging_mixin.py:154} INFO - [2024-10-20T03:09:18.396+0000] {dagbag.py:536} INFO - Filling up the DagBag from /opt/airflow/dags/crypto_etl_dag.py
[2024-10-20T03:09:19.013+0000] {processor.py:839} INFO - DAG(s) dict_keys(['crypto_etl']) retrieved from /opt/airflow/dags/crypto_etl_dag.py
[2024-10-20T03:09:19.034+0000] {logging_mixin.py:154} INFO - [2024-10-20T03:09:19.033+0000] {dag.py:2941} INFO - Sync 1 DAGs
[2024-10-20T03:09:19.058+0000] {logging_mixin.py:154} INFO - [2024-10-20T03:09:19.058+0000] {dag.py:3722} INFO - Setting next_dagrun for crypto_etl to 2024-10-20T00:00:00+00:00, run_after=2024-10-21T00:00:00+00:00
[2024-10-20T03:09:19.090+0000] {processor.py:179} INFO - Processing /opt/airflow/dags/crypto_etl_dag.py took 0.704 seconds
[2024-10-20T03:09:49.235+0000] {processor.py:157} INFO - Started process (PID=189) to work on /opt/airflow/dags/crypto_etl_dag.py
[2024-10-20T03:09:49.236+0000] {processor.py:829} INFO - Processing file /opt/airflow/dags/crypto_etl_dag.py for tasks to queue
[2024-10-20T03:09:49.239+0000] {logging_mixin.py:154} INFO - [2024-10-20T03:09:49.238+0000] {dagbag.py:536} INFO - Filling up the DagBag from /opt/airflow/dags/crypto_etl_dag.py
[2024-10-20T03:09:49.683+0000] {processor.py:839} INFO - DAG(s) dict_keys(['crypto_etl']) retrieved from /opt/airflow/dags/crypto_etl_dag.py
[2024-10-20T03:09:49.706+0000] {logging_mixin.py:154} INFO - [2024-10-20T03:09:49.705+0000] {dag.py:2941} INFO - Sync 1 DAGs
[2024-10-20T03:09:49.728+0000] {logging_mixin.py:154} INFO - [2024-10-20T03:09:49.728+0000] {dag.py:3722} INFO - Setting next_dagrun for crypto_etl to 2024-10-20T00:00:00+00:00, run_after=2024-10-21T00:00:00+00:00
[2024-10-20T03:09:49.751+0000] {processor.py:179} INFO - Processing /opt/airflow/dags/crypto_etl_dag.py took 0.520 seconds
[2024-10-20T03:10:19.806+0000] {processor.py:157} INFO - Started process (PID=248) to work on /opt/airflow/dags/crypto_etl_dag.py
[2024-10-20T03:10:19.807+0000] {processor.py:829} INFO - Processing file /opt/airflow/dags/crypto_etl_dag.py for tasks to queue
[2024-10-20T03:10:19.810+0000] {logging_mixin.py:154} INFO - [2024-10-20T03:10:19.809+0000] {dagbag.py:536} INFO - Filling up the DagBag from /opt/airflow/dags/crypto_etl_dag.py
[2024-10-20T03:10:20.264+0000] {processor.py:839} INFO - DAG(s) dict_keys(['crypto_etl']) retrieved from /opt/airflow/dags/crypto_etl_dag.py
[2024-10-20T03:10:20.286+0000] {logging_mixin.py:154} INFO - [2024-10-20T03:10:20.285+0000] {dag.py:2941} INFO - Sync 1 DAGs
[2024-10-20T03:10:20.312+0000] {logging_mixin.py:154} INFO - [2024-10-20T03:10:20.312+0000] {dag.py:3722} INFO - Setting next_dagrun for crypto_etl to 2024-10-20T00:00:00+00:00, run_after=2024-10-21T00:00:00+00:00
[2024-10-20T03:10:20.335+0000] {processor.py:179} INFO - Processing /opt/airflow/dags/crypto_etl_dag.py took 0.534 seconds
[2024-10-20T03:10:50.392+0000] {processor.py:157} INFO - Started process (PID=305) to work on /opt/airflow/dags/crypto_etl_dag.py
[2024-10-20T03:10:50.393+0000] {processor.py:829} INFO - Processing file /opt/airflow/dags/crypto_etl_dag.py for tasks to queue
[2024-10-20T03:10:50.396+0000] {logging_mixin.py:154} INFO - [2024-10-20T03:10:50.396+0000] {dagbag.py:536} INFO - Filling up the DagBag from /opt/airflow/dags/crypto_etl_dag.py
[2024-10-20T03:10:51.143+0000] {processor.py:839} INFO - DAG(s) dict_keys(['crypto_etl']) retrieved from /opt/airflow/dags/crypto_etl_dag.py
[2024-10-20T03:10:51.170+0000] {logging_mixin.py:154} INFO - [2024-10-20T03:10:51.168+0000] {dag.py:2941} INFO - Sync 1 DAGs
[2024-10-20T03:10:51.204+0000] {logging_mixin.py:154} INFO - [2024-10-20T03:10:51.204+0000] {dag.py:3722} INFO - Setting next_dagrun for crypto_etl to 2024-10-20T00:00:00+00:00, run_after=2024-10-21T00:00:00+00:00
[2024-10-20T03:10:51.238+0000] {processor.py:179} INFO - Processing /opt/airflow/dags/crypto_etl_dag.py took 0.851 seconds
[2024-10-20T03:11:22.029+0000] {processor.py:157} INFO - Started process (PID=364) to work on /opt/airflow/dags/crypto_etl_dag.py
[2024-10-20T03:11:22.031+0000] {processor.py:829} INFO - Processing file /opt/airflow/dags/crypto_etl_dag.py for tasks to queue
[2024-10-20T03:11:22.034+0000] {logging_mixin.py:154} INFO - [2024-10-20T03:11:22.033+0000] {dagbag.py:536} INFO - Filling up the DagBag from /opt/airflow/dags/crypto_etl_dag.py
[2024-10-20T03:11:22.527+0000] {processor.py:839} INFO - DAG(s) dict_keys(['crypto_etl']) retrieved from /opt/airflow/dags/crypto_etl_dag.py
[2024-10-20T03:11:22.544+0000] {logging_mixin.py:154} INFO - [2024-10-20T03:11:22.544+0000] {dag.py:2941} INFO - Sync 1 DAGs
[2024-10-20T03:11:22.566+0000] {logging_mixin.py:154} INFO - [2024-10-20T03:11:22.566+0000] {dag.py:3722} INFO - Setting next_dagrun for crypto_etl to 2024-10-20T00:00:00+00:00, run_after=2024-10-21T00:00:00+00:00
[2024-10-20T03:11:22.587+0000] {processor.py:179} INFO - Processing /opt/airflow/dags/crypto_etl_dag.py took 0.562 seconds
[2024-10-20T03:11:53.231+0000] {processor.py:157} INFO - Started process (PID=420) to work on /opt/airflow/dags/crypto_etl_dag.py
[2024-10-20T03:11:53.233+0000] {processor.py:829} INFO - Processing file /opt/airflow/dags/crypto_etl_dag.py for tasks to queue
[2024-10-20T03:11:53.236+0000] {logging_mixin.py:154} INFO - [2024-10-20T03:11:53.236+0000] {dagbag.py:536} INFO - Filling up the DagBag from /opt/airflow/dags/crypto_etl_dag.py
[2024-10-20T03:11:53.676+0000] {processor.py:839} INFO - DAG(s) dict_keys(['crypto_etl']) retrieved from /opt/airflow/dags/crypto_etl_dag.py
[2024-10-20T03:11:53.698+0000] {logging_mixin.py:154} INFO - [2024-10-20T03:11:53.698+0000] {dag.py:2941} INFO - Sync 1 DAGs
[2024-10-20T03:11:53.722+0000] {logging_mixin.py:154} INFO - [2024-10-20T03:11:53.722+0000] {dag.py:3722} INFO - Setting next_dagrun for crypto_etl to 2024-10-20T00:00:00+00:00, run_after=2024-10-21T00:00:00+00:00
[2024-10-20T03:11:53.745+0000] {processor.py:179} INFO - Processing /opt/airflow/dags/crypto_etl_dag.py took 0.518 seconds
[2024-10-20T03:12:23.879+0000] {processor.py:157} INFO - Started process (PID=480) to work on /opt/airflow/dags/crypto_etl_dag.py
[2024-10-20T03:12:23.880+0000] {processor.py:829} INFO - Processing file /opt/airflow/dags/crypto_etl_dag.py for tasks to queue
[2024-10-20T03:12:23.882+0000] {logging_mixin.py:154} INFO - [2024-10-20T03:12:23.882+0000] {dagbag.py:536} INFO - Filling up the DagBag from /opt/airflow/dags/crypto_etl_dag.py
[2024-10-20T03:12:24.339+0000] {processor.py:839} INFO - DAG(s) dict_keys(['crypto_etl']) retrieved from /opt/airflow/dags/crypto_etl_dag.py
[2024-10-20T03:12:24.357+0000] {logging_mixin.py:154} INFO - [2024-10-20T03:12:24.356+0000] {dag.py:2941} INFO - Sync 1 DAGs
[2024-10-20T03:12:24.378+0000] {logging_mixin.py:154} INFO - [2024-10-20T03:12:24.378+0000] {dag.py:3722} INFO - Setting next_dagrun for crypto_etl to 2024-10-20T00:00:00+00:00, run_after=2024-10-21T00:00:00+00:00
[2024-10-20T03:12:24.401+0000] {processor.py:179} INFO - Processing /opt/airflow/dags/crypto_etl_dag.py took 0.525 seconds
[2024-10-20T03:12:54.504+0000] {processor.py:157} INFO - Started process (PID=538) to work on /opt/airflow/dags/crypto_etl_dag.py
[2024-10-20T03:12:54.505+0000] {processor.py:829} INFO - Processing file /opt/airflow/dags/crypto_etl_dag.py for tasks to queue
[2024-10-20T03:12:54.508+0000] {logging_mixin.py:154} INFO - [2024-10-20T03:12:54.508+0000] {dagbag.py:536} INFO - Filling up the DagBag from /opt/airflow/dags/crypto_etl_dag.py
[2024-10-20T03:12:55.088+0000] {processor.py:839} INFO - DAG(s) dict_keys(['crypto_etl']) retrieved from /opt/airflow/dags/crypto_etl_dag.py
[2024-10-20T03:12:55.108+0000] {logging_mixin.py:154} INFO - [2024-10-20T03:12:55.108+0000] {dag.py:2941} INFO - Sync 1 DAGs
[2024-10-20T03:12:55.133+0000] {logging_mixin.py:154} INFO - [2024-10-20T03:12:55.132+0000] {dag.py:3722} INFO - Setting next_dagrun for crypto_etl to 2024-10-20T00:00:00+00:00, run_after=2024-10-21T00:00:00+00:00
[2024-10-20T03:12:55.161+0000] {processor.py:179} INFO - Processing /opt/airflow/dags/crypto_etl_dag.py took 0.660 seconds
[2024-10-20T03:13:25.219+0000] {processor.py:157} INFO - Started process (PID=595) to work on /opt/airflow/dags/crypto_etl_dag.py
[2024-10-20T03:13:25.220+0000] {processor.py:829} INFO - Processing file /opt/airflow/dags/crypto_etl_dag.py for tasks to queue
[2024-10-20T03:13:25.223+0000] {logging_mixin.py:154} INFO - [2024-10-20T03:13:25.223+0000] {dagbag.py:536} INFO - Filling up the DagBag from /opt/airflow/dags/crypto_etl_dag.py
[2024-10-20T03:13:25.676+0000] {processor.py:839} INFO - DAG(s) dict_keys(['crypto_etl']) retrieved from /opt/airflow/dags/crypto_etl_dag.py
[2024-10-20T03:13:25.696+0000] {logging_mixin.py:154} INFO - [2024-10-20T03:13:25.695+0000] {dag.py:2941} INFO - Sync 1 DAGs
[2024-10-20T03:13:25.719+0000] {logging_mixin.py:154} INFO - [2024-10-20T03:13:25.719+0000] {dag.py:3722} INFO - Setting next_dagrun for crypto_etl to 2024-10-20T00:00:00+00:00, run_after=2024-10-21T00:00:00+00:00
[2024-10-20T03:13:25.745+0000] {processor.py:179} INFO - Processing /opt/airflow/dags/crypto_etl_dag.py took 0.529 seconds
[2024-10-20T03:13:55.859+0000] {processor.py:157} INFO - Started process (PID=655) to work on /opt/airflow/dags/crypto_etl_dag.py
[2024-10-20T03:13:55.860+0000] {processor.py:829} INFO - Processing file /opt/airflow/dags/crypto_etl_dag.py for tasks to queue
[2024-10-20T03:13:55.862+0000] {logging_mixin.py:154} INFO - [2024-10-20T03:13:55.862+0000] {dagbag.py:536} INFO - Filling up the DagBag from /opt/airflow/dags/crypto_etl_dag.py
[2024-10-20T03:13:56.323+0000] {processor.py:839} INFO - DAG(s) dict_keys(['crypto_etl']) retrieved from /opt/airflow/dags/crypto_etl_dag.py
[2024-10-20T03:13:56.349+0000] {logging_mixin.py:154} INFO - [2024-10-20T03:13:56.348+0000] {dag.py:2941} INFO - Sync 1 DAGs
[2024-10-20T03:13:56.372+0000] {logging_mixin.py:154} INFO - [2024-10-20T03:13:56.372+0000] {dag.py:3722} INFO - Setting next_dagrun for crypto_etl to 2024-10-20T00:00:00+00:00, run_after=2024-10-21T00:00:00+00:00
[2024-10-20T03:13:56.403+0000] {processor.py:179} INFO - Processing /opt/airflow/dags/crypto_etl_dag.py took 0.547 seconds
[2024-10-20T03:14:26.481+0000] {processor.py:157} INFO - Started process (PID=714) to work on /opt/airflow/dags/crypto_etl_dag.py
[2024-10-20T03:14:26.482+0000] {processor.py:829} INFO - Processing file /opt/airflow/dags/crypto_etl_dag.py for tasks to queue
[2024-10-20T03:14:26.485+0000] {logging_mixin.py:154} INFO - [2024-10-20T03:14:26.485+0000] {dagbag.py:536} INFO - Filling up the DagBag from /opt/airflow/dags/crypto_etl_dag.py
[2024-10-20T03:14:26.937+0000] {processor.py:839} INFO - DAG(s) dict_keys(['crypto_etl']) retrieved from /opt/airflow/dags/crypto_etl_dag.py
[2024-10-20T03:14:26.956+0000] {logging_mixin.py:154} INFO - [2024-10-20T03:14:26.955+0000] {dag.py:2941} INFO - Sync 1 DAGs
[2024-10-20T03:14:26.979+0000] {logging_mixin.py:154} INFO - [2024-10-20T03:14:26.979+0000] {dag.py:3722} INFO - Setting next_dagrun for crypto_etl to 2024-10-20T00:00:00+00:00, run_after=2024-10-21T00:00:00+00:00
[2024-10-20T03:14:27.003+0000] {processor.py:179} INFO - Processing /opt/airflow/dags/crypto_etl_dag.py took 0.526 seconds
[2024-10-20T03:14:57.184+0000] {processor.py:157} INFO - Started process (PID=773) to work on /opt/airflow/dags/crypto_etl_dag.py
[2024-10-20T03:14:57.186+0000] {processor.py:829} INFO - Processing file /opt/airflow/dags/crypto_etl_dag.py for tasks to queue
[2024-10-20T03:14:57.189+0000] {logging_mixin.py:154} INFO - [2024-10-20T03:14:57.188+0000] {dagbag.py:536} INFO - Filling up the DagBag from /opt/airflow/dags/crypto_etl_dag.py
[2024-10-20T03:14:57.621+0000] {processor.py:839} INFO - DAG(s) dict_keys(['crypto_etl']) retrieved from /opt/airflow/dags/crypto_etl_dag.py
[2024-10-20T03:14:57.641+0000] {logging_mixin.py:154} INFO - [2024-10-20T03:14:57.641+0000] {dag.py:2941} INFO - Sync 1 DAGs
[2024-10-20T03:14:57.663+0000] {logging_mixin.py:154} INFO - [2024-10-20T03:14:57.663+0000] {dag.py:3722} INFO - Setting next_dagrun for crypto_etl to 2024-10-20T00:00:00+00:00, run_after=2024-10-21T00:00:00+00:00
[2024-10-20T03:14:57.686+0000] {processor.py:179} INFO - Processing /opt/airflow/dags/crypto_etl_dag.py took 0.505 seconds
[2024-10-20T03:15:27.847+0000] {processor.py:157} INFO - Started process (PID=832) to work on /opt/airflow/dags/crypto_etl_dag.py
[2024-10-20T03:15:27.849+0000] {processor.py:829} INFO - Processing file /opt/airflow/dags/crypto_etl_dag.py for tasks to queue
[2024-10-20T03:15:27.851+0000] {logging_mixin.py:154} INFO - [2024-10-20T03:15:27.851+0000] {dagbag.py:536} INFO - Filling up the DagBag from /opt/airflow/dags/crypto_etl_dag.py
[2024-10-20T03:15:28.346+0000] {processor.py:839} INFO - DAG(s) dict_keys(['crypto_etl']) retrieved from /opt/airflow/dags/crypto_etl_dag.py
[2024-10-20T03:15:28.369+0000] {logging_mixin.py:154} INFO - [2024-10-20T03:15:28.369+0000] {dag.py:2941} INFO - Sync 1 DAGs
[2024-10-20T03:15:28.393+0000] {logging_mixin.py:154} INFO - [2024-10-20T03:15:28.393+0000] {dag.py:3722} INFO - Setting next_dagrun for crypto_etl to 2024-10-20T00:00:00+00:00, run_after=2024-10-21T00:00:00+00:00
[2024-10-20T03:15:28.419+0000] {processor.py:179} INFO - Processing /opt/airflow/dags/crypto_etl_dag.py took 0.576 seconds
[2024-10-20T03:15:58.668+0000] {processor.py:157} INFO - Started process (PID=888) to work on /opt/airflow/dags/crypto_etl_dag.py
[2024-10-20T03:15:58.669+0000] {processor.py:829} INFO - Processing file /opt/airflow/dags/crypto_etl_dag.py for tasks to queue
[2024-10-20T03:15:58.672+0000] {logging_mixin.py:154} INFO - [2024-10-20T03:15:58.671+0000] {dagbag.py:536} INFO - Filling up the DagBag from /opt/airflow/dags/crypto_etl_dag.py
[2024-10-20T03:15:59.171+0000] {processor.py:839} INFO - DAG(s) dict_keys(['crypto_etl']) retrieved from /opt/airflow/dags/crypto_etl_dag.py
[2024-10-20T03:15:59.195+0000] {logging_mixin.py:154} INFO - [2024-10-20T03:15:59.194+0000] {dag.py:2941} INFO - Sync 1 DAGs
[2024-10-20T03:15:59.222+0000] {logging_mixin.py:154} INFO - [2024-10-20T03:15:59.222+0000] {dag.py:3722} INFO - Setting next_dagrun for crypto_etl to 2024-10-20T00:00:00+00:00, run_after=2024-10-21T00:00:00+00:00
[2024-10-20T03:15:59.250+0000] {processor.py:179} INFO - Processing /opt/airflow/dags/crypto_etl_dag.py took 0.585 seconds
[2024-10-20T03:16:29.296+0000] {processor.py:157} INFO - Started process (PID=945) to work on /opt/airflow/dags/crypto_etl_dag.py
[2024-10-20T03:16:29.297+0000] {processor.py:829} INFO - Processing file /opt/airflow/dags/crypto_etl_dag.py for tasks to queue
[2024-10-20T03:16:29.299+0000] {logging_mixin.py:154} INFO - [2024-10-20T03:16:29.299+0000] {dagbag.py:536} INFO - Filling up the DagBag from /opt/airflow/dags/crypto_etl_dag.py
[2024-10-20T03:16:29.808+0000] {processor.py:839} INFO - DAG(s) dict_keys(['crypto_etl']) retrieved from /opt/airflow/dags/crypto_etl_dag.py
[2024-10-20T03:16:29.830+0000] {logging_mixin.py:154} INFO - [2024-10-20T03:16:29.830+0000] {dag.py:2941} INFO - Sync 1 DAGs
[2024-10-20T03:16:29.855+0000] {logging_mixin.py:154} INFO - [2024-10-20T03:16:29.854+0000] {dag.py:3722} INFO - Setting next_dagrun for crypto_etl to 2024-10-20T00:00:00+00:00, run_after=2024-10-21T00:00:00+00:00
[2024-10-20T03:16:29.882+0000] {processor.py:179} INFO - Processing /opt/airflow/dags/crypto_etl_dag.py took 0.589 seconds
[2024-10-20T03:17:01.334+0000] {processor.py:157} INFO - Started process (PID=999) to work on /opt/airflow/dags/crypto_etl_dag.py
[2024-10-20T03:17:01.335+0000] {processor.py:829} INFO - Processing file /opt/airflow/dags/crypto_etl_dag.py for tasks to queue
[2024-10-20T03:17:01.338+0000] {logging_mixin.py:154} INFO - [2024-10-20T03:17:01.337+0000] {dagbag.py:536} INFO - Filling up the DagBag from /opt/airflow/dags/crypto_etl_dag.py
[2024-10-20T03:17:01.762+0000] {processor.py:839} INFO - DAG(s) dict_keys(['crypto_etl']) retrieved from /opt/airflow/dags/crypto_etl_dag.py
[2024-10-20T03:17:01.781+0000] {logging_mixin.py:154} INFO - [2024-10-20T03:17:01.781+0000] {dag.py:2941} INFO - Sync 1 DAGs
[2024-10-20T03:17:01.803+0000] {logging_mixin.py:154} INFO - [2024-10-20T03:17:01.802+0000] {dag.py:3722} INFO - Setting next_dagrun for crypto_etl to 2024-10-20T00:00:00+00:00, run_after=2024-10-21T00:00:00+00:00
[2024-10-20T03:17:01.827+0000] {processor.py:179} INFO - Processing /opt/airflow/dags/crypto_etl_dag.py took 0.496 seconds
[2024-10-20T03:17:31.875+0000] {processor.py:157} INFO - Started process (PID=1051) to work on /opt/airflow/dags/crypto_etl_dag.py
[2024-10-20T03:17:31.876+0000] {processor.py:829} INFO - Processing file /opt/airflow/dags/crypto_etl_dag.py for tasks to queue
[2024-10-20T03:17:31.878+0000] {logging_mixin.py:154} INFO - [2024-10-20T03:17:31.878+0000] {dagbag.py:536} INFO - Filling up the DagBag from /opt/airflow/dags/crypto_etl_dag.py
[2024-10-20T03:17:32.294+0000] {processor.py:839} INFO - DAG(s) dict_keys(['crypto_etl']) retrieved from /opt/airflow/dags/crypto_etl_dag.py
[2024-10-20T03:17:32.315+0000] {logging_mixin.py:154} INFO - [2024-10-20T03:17:32.314+0000] {dag.py:2941} INFO - Sync 1 DAGs
[2024-10-20T03:17:32.335+0000] {logging_mixin.py:154} INFO - [2024-10-20T03:17:32.335+0000] {dag.py:3722} INFO - Setting next_dagrun for crypto_etl to 2024-10-20T00:00:00+00:00, run_after=2024-10-21T00:00:00+00:00
[2024-10-20T03:17:32.358+0000] {processor.py:179} INFO - Processing /opt/airflow/dags/crypto_etl_dag.py took 0.485 seconds
[2024-10-20T07:21:01.140+0000] {processor.py:157} INFO - Started process (PID=64) to work on /opt/airflow/dags/crypto_etl_dag.py
[2024-10-20T07:21:01.143+0000] {processor.py:829} INFO - Processing file /opt/airflow/dags/crypto_etl_dag.py for tasks to queue
[2024-10-20T07:21:01.146+0000] {logging_mixin.py:154} INFO - [2024-10-20T07:21:01.146+0000] {dagbag.py:536} INFO - Filling up the DagBag from /opt/airflow/dags/crypto_etl_dag.py
[2024-10-20T07:21:03.466+0000] {processor.py:839} INFO - DAG(s) dict_keys(['crypto_etl']) retrieved from /opt/airflow/dags/crypto_etl_dag.py
[2024-10-20T07:21:03.844+0000] {logging_mixin.py:154} INFO - [2024-10-20T07:21:03.843+0000] {dag.py:2941} INFO - Sync 1 DAGs
[2024-10-20T07:21:03.888+0000] {logging_mixin.py:154} INFO - [2024-10-20T07:21:03.887+0000] {dag.py:3722} INFO - Setting next_dagrun for crypto_etl to 2024-10-20T00:00:00+00:00, run_after=2024-10-21T00:00:00+00:00
[2024-10-20T07:21:03.935+0000] {processor.py:179} INFO - Processing /opt/airflow/dags/crypto_etl_dag.py took 2.801 seconds
[2024-10-20T07:21:34.772+0000] {processor.py:157} INFO - Started process (PID=133) to work on /opt/airflow/dags/crypto_etl_dag.py
[2024-10-20T07:21:34.774+0000] {processor.py:829} INFO - Processing file /opt/airflow/dags/crypto_etl_dag.py for tasks to queue
[2024-10-20T07:21:34.779+0000] {logging_mixin.py:154} INFO - [2024-10-20T07:21:34.778+0000] {dagbag.py:536} INFO - Filling up the DagBag from /opt/airflow/dags/crypto_etl_dag.py
[2024-10-20T07:21:35.568+0000] {processor.py:839} INFO - DAG(s) dict_keys(['crypto_etl']) retrieved from /opt/airflow/dags/crypto_etl_dag.py
[2024-10-20T07:21:35.599+0000] {logging_mixin.py:154} INFO - [2024-10-20T07:21:35.598+0000] {dag.py:2941} INFO - Sync 1 DAGs
[2024-10-20T07:21:35.631+0000] {logging_mixin.py:154} INFO - [2024-10-20T07:21:35.630+0000] {dag.py:3722} INFO - Setting next_dagrun for crypto_etl to 2024-10-20T00:00:00+00:00, run_after=2024-10-21T00:00:00+00:00
[2024-10-20T07:21:35.673+0000] {processor.py:179} INFO - Processing /opt/airflow/dags/crypto_etl_dag.py took 0.907 seconds
[2024-10-20T07:22:05.751+0000] {processor.py:157} INFO - Started process (PID=192) to work on /opt/airflow/dags/crypto_etl_dag.py
[2024-10-20T07:22:05.753+0000] {processor.py:829} INFO - Processing file /opt/airflow/dags/crypto_etl_dag.py for tasks to queue
[2024-10-20T07:22:05.757+0000] {logging_mixin.py:154} INFO - [2024-10-20T07:22:05.757+0000] {dagbag.py:536} INFO - Filling up the DagBag from /opt/airflow/dags/crypto_etl_dag.py
[2024-10-20T07:22:06.544+0000] {processor.py:839} INFO - DAG(s) dict_keys(['crypto_etl']) retrieved from /opt/airflow/dags/crypto_etl_dag.py
[2024-10-20T07:22:06.580+0000] {logging_mixin.py:154} INFO - [2024-10-20T07:22:06.579+0000] {dag.py:2941} INFO - Sync 1 DAGs
[2024-10-20T07:22:06.656+0000] {logging_mixin.py:154} INFO - [2024-10-20T07:22:06.656+0000] {dag.py:3722} INFO - Setting next_dagrun for crypto_etl to 2024-10-20T00:00:00+00:00, run_after=2024-10-21T00:00:00+00:00
[2024-10-20T07:22:06.694+0000] {processor.py:179} INFO - Processing /opt/airflow/dags/crypto_etl_dag.py took 0.948 seconds
[2024-10-20T07:22:36.968+0000] {processor.py:157} INFO - Started process (PID=252) to work on /opt/airflow/dags/crypto_etl_dag.py
[2024-10-20T07:22:36.970+0000] {processor.py:829} INFO - Processing file /opt/airflow/dags/crypto_etl_dag.py for tasks to queue
[2024-10-20T07:22:36.973+0000] {logging_mixin.py:154} INFO - [2024-10-20T07:22:36.973+0000] {dagbag.py:536} INFO - Filling up the DagBag from /opt/airflow/dags/crypto_etl_dag.py
[2024-10-20T07:22:37.745+0000] {processor.py:839} INFO - DAG(s) dict_keys(['crypto_etl']) retrieved from /opt/airflow/dags/crypto_etl_dag.py
[2024-10-20T07:22:37.780+0000] {logging_mixin.py:154} INFO - [2024-10-20T07:22:37.778+0000] {dag.py:2941} INFO - Sync 1 DAGs
[2024-10-20T07:22:37.814+0000] {logging_mixin.py:154} INFO - [2024-10-20T07:22:37.814+0000] {dag.py:3722} INFO - Setting next_dagrun for crypto_etl to 2024-10-20T00:00:00+00:00, run_after=2024-10-21T00:00:00+00:00
[2024-10-20T07:22:37.866+0000] {processor.py:179} INFO - Processing /opt/airflow/dags/crypto_etl_dag.py took 0.903 seconds
[2024-10-20T07:23:08.079+0000] {processor.py:157} INFO - Started process (PID=307) to work on /opt/airflow/dags/crypto_etl_dag.py
[2024-10-20T07:23:08.080+0000] {processor.py:829} INFO - Processing file /opt/airflow/dags/crypto_etl_dag.py for tasks to queue
[2024-10-20T07:23:08.084+0000] {logging_mixin.py:154} INFO - [2024-10-20T07:23:08.084+0000] {dagbag.py:536} INFO - Filling up the DagBag from /opt/airflow/dags/crypto_etl_dag.py
[2024-10-20T07:23:08.763+0000] {processor.py:839} INFO - DAG(s) dict_keys(['crypto_etl']) retrieved from /opt/airflow/dags/crypto_etl_dag.py
[2024-10-20T07:23:08.796+0000] {logging_mixin.py:154} INFO - [2024-10-20T07:23:08.795+0000] {dag.py:2941} INFO - Sync 1 DAGs
[2024-10-20T07:23:08.834+0000] {logging_mixin.py:154} INFO - [2024-10-20T07:23:08.833+0000] {dag.py:3722} INFO - Setting next_dagrun for crypto_etl to 2024-10-20T00:00:00+00:00, run_after=2024-10-21T00:00:00+00:00
[2024-10-20T07:23:08.868+0000] {processor.py:179} INFO - Processing /opt/airflow/dags/crypto_etl_dag.py took 0.795 seconds
[2024-10-20T07:23:39.106+0000] {processor.py:157} INFO - Started process (PID=366) to work on /opt/airflow/dags/crypto_etl_dag.py
[2024-10-20T07:23:39.108+0000] {processor.py:829} INFO - Processing file /opt/airflow/dags/crypto_etl_dag.py for tasks to queue
[2024-10-20T07:23:39.111+0000] {logging_mixin.py:154} INFO - [2024-10-20T07:23:39.111+0000] {dagbag.py:536} INFO - Filling up the DagBag from /opt/airflow/dags/crypto_etl_dag.py
[2024-10-20T07:23:39.790+0000] {processor.py:839} INFO - DAG(s) dict_keys(['crypto_etl']) retrieved from /opt/airflow/dags/crypto_etl_dag.py
[2024-10-20T07:23:39.821+0000] {logging_mixin.py:154} INFO - [2024-10-20T07:23:39.820+0000] {dag.py:2941} INFO - Sync 1 DAGs
[2024-10-20T07:23:39.877+0000] {logging_mixin.py:154} INFO - [2024-10-20T07:23:39.876+0000] {dag.py:3722} INFO - Setting next_dagrun for crypto_etl to 2024-10-20T00:00:00+00:00, run_after=2024-10-21T00:00:00+00:00
[2024-10-20T07:23:39.908+0000] {processor.py:179} INFO - Processing /opt/airflow/dags/crypto_etl_dag.py took 0.806 seconds
[2024-10-20T07:24:10.098+0000] {processor.py:157} INFO - Started process (PID=426) to work on /opt/airflow/dags/crypto_etl_dag.py
[2024-10-20T07:24:10.100+0000] {processor.py:829} INFO - Processing file /opt/airflow/dags/crypto_etl_dag.py for tasks to queue
[2024-10-20T07:24:10.103+0000] {logging_mixin.py:154} INFO - [2024-10-20T07:24:10.103+0000] {dagbag.py:536} INFO - Filling up the DagBag from /opt/airflow/dags/crypto_etl_dag.py
[2024-10-20T07:24:10.808+0000] {processor.py:839} INFO - DAG(s) dict_keys(['crypto_etl']) retrieved from /opt/airflow/dags/crypto_etl_dag.py
[2024-10-20T07:24:10.837+0000] {logging_mixin.py:154} INFO - [2024-10-20T07:24:10.836+0000] {dag.py:2941} INFO - Sync 1 DAGs
[2024-10-20T07:24:10.870+0000] {logging_mixin.py:154} INFO - [2024-10-20T07:24:10.870+0000] {dag.py:3722} INFO - Setting next_dagrun for crypto_etl to 2024-10-20T00:00:00+00:00, run_after=2024-10-21T00:00:00+00:00
[2024-10-20T07:24:10.905+0000] {processor.py:179} INFO - Processing /opt/airflow/dags/crypto_etl_dag.py took 0.812 seconds
[2024-10-20T07:24:41.191+0000] {processor.py:157} INFO - Started process (PID=486) to work on /opt/airflow/dags/crypto_etl_dag.py
[2024-10-20T07:24:41.193+0000] {processor.py:829} INFO - Processing file /opt/airflow/dags/crypto_etl_dag.py for tasks to queue
[2024-10-20T07:24:41.197+0000] {logging_mixin.py:154} INFO - [2024-10-20T07:24:41.196+0000] {dagbag.py:536} INFO - Filling up the DagBag from /opt/airflow/dags/crypto_etl_dag.py
[2024-10-20T07:24:41.936+0000] {processor.py:839} INFO - DAG(s) dict_keys(['crypto_etl']) retrieved from /opt/airflow/dags/crypto_etl_dag.py
[2024-10-20T07:24:41.971+0000] {logging_mixin.py:154} INFO - [2024-10-20T07:24:41.971+0000] {dag.py:2941} INFO - Sync 1 DAGs
[2024-10-20T07:24:42.008+0000] {logging_mixin.py:154} INFO - [2024-10-20T07:24:42.008+0000] {dag.py:3722} INFO - Setting next_dagrun for crypto_etl to 2024-10-20T00:00:00+00:00, run_after=2024-10-21T00:00:00+00:00
[2024-10-20T07:24:42.045+0000] {processor.py:179} INFO - Processing /opt/airflow/dags/crypto_etl_dag.py took 0.860 seconds
[2024-10-20T07:26:01.490+0000] {processor.py:157} INFO - Started process (PID=512) to work on /opt/airflow/dags/crypto_etl_dag.py
[2024-10-20T07:26:01.492+0000] {processor.py:829} INFO - Processing file /opt/airflow/dags/crypto_etl_dag.py for tasks to queue
[2024-10-20T07:26:01.497+0000] {logging_mixin.py:154} INFO - [2024-10-20T07:26:01.496+0000] {dagbag.py:536} INFO - Filling up the DagBag from /opt/airflow/dags/crypto_etl_dag.py
[2024-10-20T07:26:02.534+0000] {processor.py:839} INFO - DAG(s) dict_keys(['crypto_etl']) retrieved from /opt/airflow/dags/crypto_etl_dag.py
[2024-10-20T07:26:02.588+0000] {logging_mixin.py:154} INFO - [2024-10-20T07:26:02.587+0000] {dag.py:2941} INFO - Sync 1 DAGs
[2024-10-20T07:26:02.628+0000] {logging_mixin.py:154} INFO - [2024-10-20T07:26:02.628+0000] {dag.py:3722} INFO - Setting next_dagrun for crypto_etl to 2024-10-20T00:00:00+00:00, run_after=2024-10-21T00:00:00+00:00
[2024-10-20T07:26:02.668+0000] {processor.py:179} INFO - Processing /opt/airflow/dags/crypto_etl_dag.py took 1.186 seconds
[2024-10-20T07:26:32.867+0000] {processor.py:157} INFO - Started process (PID=570) to work on /opt/airflow/dags/crypto_etl_dag.py
[2024-10-20T07:26:32.869+0000] {processor.py:829} INFO - Processing file /opt/airflow/dags/crypto_etl_dag.py for tasks to queue
[2024-10-20T07:26:32.873+0000] {logging_mixin.py:154} INFO - [2024-10-20T07:26:32.872+0000] {dagbag.py:536} INFO - Filling up the DagBag from /opt/airflow/dags/crypto_etl_dag.py
[2024-10-20T07:26:33.648+0000] {processor.py:839} INFO - DAG(s) dict_keys(['crypto_etl']) retrieved from /opt/airflow/dags/crypto_etl_dag.py
[2024-10-20T07:26:33.712+0000] {logging_mixin.py:154} INFO - [2024-10-20T07:26:33.711+0000] {dag.py:2941} INFO - Sync 1 DAGs
[2024-10-20T07:26:33.754+0000] {logging_mixin.py:154} INFO - [2024-10-20T07:26:33.754+0000] {dag.py:3722} INFO - Setting next_dagrun for crypto_etl to 2024-10-20T00:00:00+00:00, run_after=2024-10-21T00:00:00+00:00
[2024-10-20T07:26:33.790+0000] {processor.py:179} INFO - Processing /opt/airflow/dags/crypto_etl_dag.py took 0.926 seconds
[2024-10-20T07:27:04.773+0000] {processor.py:157} INFO - Started process (PID=629) to work on /opt/airflow/dags/crypto_etl_dag.py
[2024-10-20T07:27:04.775+0000] {processor.py:829} INFO - Processing file /opt/airflow/dags/crypto_etl_dag.py for tasks to queue
[2024-10-20T07:27:04.780+0000] {logging_mixin.py:154} INFO - [2024-10-20T07:27:04.779+0000] {dagbag.py:536} INFO - Filling up the DagBag from /opt/airflow/dags/crypto_etl_dag.py
[2024-10-20T07:27:05.735+0000] {processor.py:839} INFO - DAG(s) dict_keys(['crypto_etl']) retrieved from /opt/airflow/dags/crypto_etl_dag.py
[2024-10-20T07:27:05.783+0000] {logging_mixin.py:154} INFO - [2024-10-20T07:27:05.782+0000] {dag.py:2941} INFO - Sync 1 DAGs
[2024-10-20T07:27:05.832+0000] {logging_mixin.py:154} INFO - [2024-10-20T07:27:05.832+0000] {dag.py:3722} INFO - Setting next_dagrun for crypto_etl to 2024-10-20T00:00:00+00:00, run_after=2024-10-21T00:00:00+00:00
[2024-10-20T07:27:05.874+0000] {processor.py:179} INFO - Processing /opt/airflow/dags/crypto_etl_dag.py took 1.107 seconds
[2024-10-20T07:27:35.990+0000] {processor.py:157} INFO - Started process (PID=689) to work on /opt/airflow/dags/crypto_etl_dag.py
[2024-10-20T07:27:35.992+0000] {processor.py:829} INFO - Processing file /opt/airflow/dags/crypto_etl_dag.py for tasks to queue
[2024-10-20T07:27:35.997+0000] {logging_mixin.py:154} INFO - [2024-10-20T07:27:35.997+0000] {dagbag.py:536} INFO - Filling up the DagBag from /opt/airflow/dags/crypto_etl_dag.py
[2024-10-20T07:27:37.087+0000] {processor.py:839} INFO - DAG(s) dict_keys(['crypto_etl']) retrieved from /opt/airflow/dags/crypto_etl_dag.py
[2024-10-20T07:27:37.128+0000] {logging_mixin.py:154} INFO - [2024-10-20T07:27:37.127+0000] {dag.py:2941} INFO - Sync 1 DAGs
[2024-10-20T07:27:37.178+0000] {logging_mixin.py:154} INFO - [2024-10-20T07:27:37.177+0000] {dag.py:3722} INFO - Setting next_dagrun for crypto_etl to 2024-10-20T00:00:00+00:00, run_after=2024-10-21T00:00:00+00:00
[2024-10-20T07:27:37.227+0000] {processor.py:179} INFO - Processing /opt/airflow/dags/crypto_etl_dag.py took 1.242 seconds
