[2024-10-20T02:46:20.500+0000] {processor.py:157} INFO - Started process (PID=107) to work on /home/airflow/.local/lib/python3.8/site-packages/airflow/example_dags/example_params_trigger_ui.py
[2024-10-20T02:46:20.502+0000] {processor.py:829} INFO - Processing file /home/airflow/.local/lib/python3.8/site-packages/airflow/example_dags/example_params_trigger_ui.py for tasks to queue
[2024-10-20T02:46:20.506+0000] {logging_mixin.py:154} INFO - [2024-10-20T02:46:20.505+0000] {dagbag.py:536} INFO - Filling up the DagBag from /home/airflow/.local/lib/python3.8/site-packages/airflow/example_dags/example_params_trigger_ui.py
[2024-10-20T02:46:20.537+0000] {processor.py:839} INFO - DAG(s) dict_keys(['example_params_trigger_ui']) retrieved from /home/airflow/.local/lib/python3.8/site-packages/airflow/example_dags/example_params_trigger_ui.py
[2024-10-20T02:46:20.620+0000] {logging_mixin.py:154} INFO - [2024-10-20T02:46:20.620+0000] {dag.py:2941} INFO - Sync 1 DAGs
[2024-10-20T02:46:20.646+0000] {logging_mixin.py:154} INFO - [2024-10-20T02:46:20.646+0000] {dag.py:3722} INFO - Setting next_dagrun for example_params_trigger_ui to None, run_after=None
[2024-10-20T02:46:20.678+0000] {processor.py:179} INFO - Processing /home/airflow/.local/lib/python3.8/site-packages/airflow/example_dags/example_params_trigger_ui.py took 0.187 seconds
[2024-10-20T02:46:51.222+0000] {processor.py:157} INFO - Started process (PID=163) to work on /home/airflow/.local/lib/python3.8/site-packages/airflow/example_dags/example_params_trigger_ui.py
[2024-10-20T02:46:51.224+0000] {processor.py:829} INFO - Processing file /home/airflow/.local/lib/python3.8/site-packages/airflow/example_dags/example_params_trigger_ui.py for tasks to queue
[2024-10-20T02:46:51.226+0000] {logging_mixin.py:154} INFO - [2024-10-20T02:46:51.226+0000] {dagbag.py:536} INFO - Filling up the DagBag from /home/airflow/.local/lib/python3.8/site-packages/airflow/example_dags/example_params_trigger_ui.py
[2024-10-20T02:46:51.243+0000] {processor.py:839} INFO - DAG(s) dict_keys(['example_params_trigger_ui']) retrieved from /home/airflow/.local/lib/python3.8/site-packages/airflow/example_dags/example_params_trigger_ui.py
[2024-10-20T02:46:51.294+0000] {logging_mixin.py:154} INFO - [2024-10-20T02:46:51.294+0000] {dag.py:2941} INFO - Sync 1 DAGs
[2024-10-20T02:46:51.306+0000] {logging_mixin.py:154} INFO - [2024-10-20T02:46:51.306+0000] {dag.py:3722} INFO - Setting next_dagrun for example_params_trigger_ui to None, run_after=None
[2024-10-20T02:46:51.327+0000] {processor.py:179} INFO - Processing /home/airflow/.local/lib/python3.8/site-packages/airflow/example_dags/example_params_trigger_ui.py took 0.108 seconds
[2024-10-20T02:47:22.096+0000] {processor.py:157} INFO - Started process (PID=219) to work on /home/airflow/.local/lib/python3.8/site-packages/airflow/example_dags/example_params_trigger_ui.py
[2024-10-20T02:47:22.097+0000] {processor.py:829} INFO - Processing file /home/airflow/.local/lib/python3.8/site-packages/airflow/example_dags/example_params_trigger_ui.py for tasks to queue
[2024-10-20T02:47:22.100+0000] {logging_mixin.py:154} INFO - [2024-10-20T02:47:22.100+0000] {dagbag.py:536} INFO - Filling up the DagBag from /home/airflow/.local/lib/python3.8/site-packages/airflow/example_dags/example_params_trigger_ui.py
[2024-10-20T02:47:22.119+0000] {processor.py:839} INFO - DAG(s) dict_keys(['example_params_trigger_ui']) retrieved from /home/airflow/.local/lib/python3.8/site-packages/airflow/example_dags/example_params_trigger_ui.py
[2024-10-20T02:47:22.176+0000] {logging_mixin.py:154} INFO - [2024-10-20T02:47:22.176+0000] {dag.py:2941} INFO - Sync 1 DAGs
[2024-10-20T02:47:22.192+0000] {logging_mixin.py:154} INFO - [2024-10-20T02:47:22.191+0000] {dag.py:3722} INFO - Setting next_dagrun for example_params_trigger_ui to None, run_after=None
[2024-10-20T02:47:22.217+0000] {processor.py:179} INFO - Processing /home/airflow/.local/lib/python3.8/site-packages/airflow/example_dags/example_params_trigger_ui.py took 0.125 seconds
[2024-10-20T02:47:52.834+0000] {processor.py:157} INFO - Started process (PID=275) to work on /home/airflow/.local/lib/python3.8/site-packages/airflow/example_dags/example_params_trigger_ui.py
[2024-10-20T02:47:52.836+0000] {processor.py:829} INFO - Processing file /home/airflow/.local/lib/python3.8/site-packages/airflow/example_dags/example_params_trigger_ui.py for tasks to queue
[2024-10-20T02:47:52.838+0000] {logging_mixin.py:154} INFO - [2024-10-20T02:47:52.838+0000] {dagbag.py:536} INFO - Filling up the DagBag from /home/airflow/.local/lib/python3.8/site-packages/airflow/example_dags/example_params_trigger_ui.py
[2024-10-20T02:47:52.859+0000] {processor.py:839} INFO - DAG(s) dict_keys(['example_params_trigger_ui']) retrieved from /home/airflow/.local/lib/python3.8/site-packages/airflow/example_dags/example_params_trigger_ui.py
[2024-10-20T02:47:52.918+0000] {logging_mixin.py:154} INFO - [2024-10-20T02:47:52.918+0000] {dag.py:2941} INFO - Sync 1 DAGs
[2024-10-20T02:47:52.933+0000] {logging_mixin.py:154} INFO - [2024-10-20T02:47:52.933+0000] {dag.py:3722} INFO - Setting next_dagrun for example_params_trigger_ui to None, run_after=None
[2024-10-20T02:47:52.960+0000] {processor.py:179} INFO - Processing /home/airflow/.local/lib/python3.8/site-packages/airflow/example_dags/example_params_trigger_ui.py took 0.129 seconds
[2024-10-20T02:48:23.164+0000] {processor.py:157} INFO - Started process (PID=331) to work on /home/airflow/.local/lib/python3.8/site-packages/airflow/example_dags/example_params_trigger_ui.py
[2024-10-20T02:48:23.165+0000] {processor.py:829} INFO - Processing file /home/airflow/.local/lib/python3.8/site-packages/airflow/example_dags/example_params_trigger_ui.py for tasks to queue
[2024-10-20T02:48:23.168+0000] {logging_mixin.py:154} INFO - [2024-10-20T02:48:23.168+0000] {dagbag.py:536} INFO - Filling up the DagBag from /home/airflow/.local/lib/python3.8/site-packages/airflow/example_dags/example_params_trigger_ui.py
[2024-10-20T02:48:23.188+0000] {processor.py:839} INFO - DAG(s) dict_keys(['example_params_trigger_ui']) retrieved from /home/airflow/.local/lib/python3.8/site-packages/airflow/example_dags/example_params_trigger_ui.py
[2024-10-20T02:48:23.242+0000] {logging_mixin.py:154} INFO - [2024-10-20T02:48:23.242+0000] {dag.py:2941} INFO - Sync 1 DAGs
[2024-10-20T02:48:23.259+0000] {logging_mixin.py:154} INFO - [2024-10-20T02:48:23.258+0000] {dag.py:3722} INFO - Setting next_dagrun for example_params_trigger_ui to None, run_after=None
[2024-10-20T02:48:23.285+0000] {processor.py:179} INFO - Processing /home/airflow/.local/lib/python3.8/site-packages/airflow/example_dags/example_params_trigger_ui.py took 0.124 seconds
[2024-10-20T02:48:54.174+0000] {processor.py:157} INFO - Started process (PID=387) to work on /home/airflow/.local/lib/python3.8/site-packages/airflow/example_dags/example_params_trigger_ui.py
[2024-10-20T02:48:54.175+0000] {processor.py:829} INFO - Processing file /home/airflow/.local/lib/python3.8/site-packages/airflow/example_dags/example_params_trigger_ui.py for tasks to queue
[2024-10-20T02:48:54.178+0000] {logging_mixin.py:154} INFO - [2024-10-20T02:48:54.177+0000] {dagbag.py:536} INFO - Filling up the DagBag from /home/airflow/.local/lib/python3.8/site-packages/airflow/example_dags/example_params_trigger_ui.py
[2024-10-20T02:48:54.195+0000] {processor.py:839} INFO - DAG(s) dict_keys(['example_params_trigger_ui']) retrieved from /home/airflow/.local/lib/python3.8/site-packages/airflow/example_dags/example_params_trigger_ui.py
[2024-10-20T02:48:54.249+0000] {logging_mixin.py:154} INFO - [2024-10-20T02:48:54.249+0000] {dag.py:2941} INFO - Sync 1 DAGs
[2024-10-20T02:48:54.264+0000] {logging_mixin.py:154} INFO - [2024-10-20T02:48:54.263+0000] {dag.py:3722} INFO - Setting next_dagrun for example_params_trigger_ui to None, run_after=None
[2024-10-20T02:48:54.294+0000] {processor.py:179} INFO - Processing /home/airflow/.local/lib/python3.8/site-packages/airflow/example_dags/example_params_trigger_ui.py took 0.123 seconds
[2024-10-20T02:49:24.958+0000] {processor.py:157} INFO - Started process (PID=443) to work on /home/airflow/.local/lib/python3.8/site-packages/airflow/example_dags/example_params_trigger_ui.py
[2024-10-20T02:49:24.960+0000] {processor.py:829} INFO - Processing file /home/airflow/.local/lib/python3.8/site-packages/airflow/example_dags/example_params_trigger_ui.py for tasks to queue
[2024-10-20T02:49:24.962+0000] {logging_mixin.py:154} INFO - [2024-10-20T02:49:24.961+0000] {dagbag.py:536} INFO - Filling up the DagBag from /home/airflow/.local/lib/python3.8/site-packages/airflow/example_dags/example_params_trigger_ui.py
[2024-10-20T02:49:24.977+0000] {processor.py:839} INFO - DAG(s) dict_keys(['example_params_trigger_ui']) retrieved from /home/airflow/.local/lib/python3.8/site-packages/airflow/example_dags/example_params_trigger_ui.py
[2024-10-20T02:49:25.031+0000] {logging_mixin.py:154} INFO - [2024-10-20T02:49:25.031+0000] {dag.py:2941} INFO - Sync 1 DAGs
[2024-10-20T02:49:25.045+0000] {logging_mixin.py:154} INFO - [2024-10-20T02:49:25.044+0000] {dag.py:3722} INFO - Setting next_dagrun for example_params_trigger_ui to None, run_after=None
[2024-10-20T02:49:25.070+0000] {processor.py:179} INFO - Processing /home/airflow/.local/lib/python3.8/site-packages/airflow/example_dags/example_params_trigger_ui.py took 0.114 seconds
[2024-10-20T02:49:55.488+0000] {processor.py:157} INFO - Started process (PID=499) to work on /home/airflow/.local/lib/python3.8/site-packages/airflow/example_dags/example_params_trigger_ui.py
[2024-10-20T02:49:55.489+0000] {processor.py:829} INFO - Processing file /home/airflow/.local/lib/python3.8/site-packages/airflow/example_dags/example_params_trigger_ui.py for tasks to queue
[2024-10-20T02:49:55.491+0000] {logging_mixin.py:154} INFO - [2024-10-20T02:49:55.491+0000] {dagbag.py:536} INFO - Filling up the DagBag from /home/airflow/.local/lib/python3.8/site-packages/airflow/example_dags/example_params_trigger_ui.py
[2024-10-20T02:49:55.508+0000] {processor.py:839} INFO - DAG(s) dict_keys(['example_params_trigger_ui']) retrieved from /home/airflow/.local/lib/python3.8/site-packages/airflow/example_dags/example_params_trigger_ui.py
[2024-10-20T02:49:55.572+0000] {logging_mixin.py:154} INFO - [2024-10-20T02:49:55.572+0000] {dag.py:2941} INFO - Sync 1 DAGs
[2024-10-20T02:49:55.587+0000] {logging_mixin.py:154} INFO - [2024-10-20T02:49:55.587+0000] {dag.py:3722} INFO - Setting next_dagrun for example_params_trigger_ui to None, run_after=None
[2024-10-20T02:49:55.616+0000] {processor.py:179} INFO - Processing /home/airflow/.local/lib/python3.8/site-packages/airflow/example_dags/example_params_trigger_ui.py took 0.131 seconds
[2024-10-20T02:50:26.074+0000] {processor.py:157} INFO - Started process (PID=555) to work on /home/airflow/.local/lib/python3.8/site-packages/airflow/example_dags/example_params_trigger_ui.py
[2024-10-20T02:50:26.076+0000] {processor.py:829} INFO - Processing file /home/airflow/.local/lib/python3.8/site-packages/airflow/example_dags/example_params_trigger_ui.py for tasks to queue
[2024-10-20T02:50:26.078+0000] {logging_mixin.py:154} INFO - [2024-10-20T02:50:26.078+0000] {dagbag.py:536} INFO - Filling up the DagBag from /home/airflow/.local/lib/python3.8/site-packages/airflow/example_dags/example_params_trigger_ui.py
[2024-10-20T02:50:26.094+0000] {processor.py:839} INFO - DAG(s) dict_keys(['example_params_trigger_ui']) retrieved from /home/airflow/.local/lib/python3.8/site-packages/airflow/example_dags/example_params_trigger_ui.py
[2024-10-20T02:50:26.151+0000] {logging_mixin.py:154} INFO - [2024-10-20T02:50:26.151+0000] {dag.py:2941} INFO - Sync 1 DAGs
[2024-10-20T02:50:26.165+0000] {logging_mixin.py:154} INFO - [2024-10-20T02:50:26.165+0000] {dag.py:3722} INFO - Setting next_dagrun for example_params_trigger_ui to None, run_after=None
[2024-10-20T02:50:26.191+0000] {processor.py:179} INFO - Processing /home/airflow/.local/lib/python3.8/site-packages/airflow/example_dags/example_params_trigger_ui.py took 0.120 seconds
[2024-10-20T02:50:57.282+0000] {processor.py:157} INFO - Started process (PID=611) to work on /home/airflow/.local/lib/python3.8/site-packages/airflow/example_dags/example_params_trigger_ui.py
[2024-10-20T02:50:57.284+0000] {processor.py:829} INFO - Processing file /home/airflow/.local/lib/python3.8/site-packages/airflow/example_dags/example_params_trigger_ui.py for tasks to queue
[2024-10-20T02:50:57.286+0000] {logging_mixin.py:154} INFO - [2024-10-20T02:50:57.286+0000] {dagbag.py:536} INFO - Filling up the DagBag from /home/airflow/.local/lib/python3.8/site-packages/airflow/example_dags/example_params_trigger_ui.py
[2024-10-20T02:50:57.303+0000] {processor.py:839} INFO - DAG(s) dict_keys(['example_params_trigger_ui']) retrieved from /home/airflow/.local/lib/python3.8/site-packages/airflow/example_dags/example_params_trigger_ui.py
[2024-10-20T02:50:57.354+0000] {logging_mixin.py:154} INFO - [2024-10-20T02:50:57.353+0000] {dag.py:2941} INFO - Sync 1 DAGs
[2024-10-20T02:50:57.366+0000] {logging_mixin.py:154} INFO - [2024-10-20T02:50:57.365+0000] {dag.py:3722} INFO - Setting next_dagrun for example_params_trigger_ui to None, run_after=None
[2024-10-20T02:50:57.391+0000] {processor.py:179} INFO - Processing /home/airflow/.local/lib/python3.8/site-packages/airflow/example_dags/example_params_trigger_ui.py took 0.112 seconds
[2024-10-20T02:51:27.704+0000] {processor.py:157} INFO - Started process (PID=667) to work on /home/airflow/.local/lib/python3.8/site-packages/airflow/example_dags/example_params_trigger_ui.py
[2024-10-20T02:51:27.706+0000] {processor.py:829} INFO - Processing file /home/airflow/.local/lib/python3.8/site-packages/airflow/example_dags/example_params_trigger_ui.py for tasks to queue
[2024-10-20T02:51:27.708+0000] {logging_mixin.py:154} INFO - [2024-10-20T02:51:27.708+0000] {dagbag.py:536} INFO - Filling up the DagBag from /home/airflow/.local/lib/python3.8/site-packages/airflow/example_dags/example_params_trigger_ui.py
[2024-10-20T02:51:27.723+0000] {processor.py:839} INFO - DAG(s) dict_keys(['example_params_trigger_ui']) retrieved from /home/airflow/.local/lib/python3.8/site-packages/airflow/example_dags/example_params_trigger_ui.py
[2024-10-20T02:51:27.775+0000] {logging_mixin.py:154} INFO - [2024-10-20T02:51:27.774+0000] {dag.py:2941} INFO - Sync 1 DAGs
[2024-10-20T02:51:27.786+0000] {logging_mixin.py:154} INFO - [2024-10-20T02:51:27.786+0000] {dag.py:3722} INFO - Setting next_dagrun for example_params_trigger_ui to None, run_after=None
[2024-10-20T02:51:27.809+0000] {processor.py:179} INFO - Processing /home/airflow/.local/lib/python3.8/site-packages/airflow/example_dags/example_params_trigger_ui.py took 0.107 seconds
[2024-10-20T02:51:58.976+0000] {processor.py:157} INFO - Started process (PID=723) to work on /home/airflow/.local/lib/python3.8/site-packages/airflow/example_dags/example_params_trigger_ui.py
[2024-10-20T02:51:58.977+0000] {processor.py:829} INFO - Processing file /home/airflow/.local/lib/python3.8/site-packages/airflow/example_dags/example_params_trigger_ui.py for tasks to queue
[2024-10-20T02:51:58.979+0000] {logging_mixin.py:154} INFO - [2024-10-20T02:51:58.979+0000] {dagbag.py:536} INFO - Filling up the DagBag from /home/airflow/.local/lib/python3.8/site-packages/airflow/example_dags/example_params_trigger_ui.py
[2024-10-20T02:51:58.998+0000] {processor.py:839} INFO - DAG(s) dict_keys(['example_params_trigger_ui']) retrieved from /home/airflow/.local/lib/python3.8/site-packages/airflow/example_dags/example_params_trigger_ui.py
[2024-10-20T02:51:59.060+0000] {logging_mixin.py:154} INFO - [2024-10-20T02:51:59.060+0000] {dag.py:2941} INFO - Sync 1 DAGs
[2024-10-20T02:51:59.078+0000] {logging_mixin.py:154} INFO - [2024-10-20T02:51:59.077+0000] {dag.py:3722} INFO - Setting next_dagrun for example_params_trigger_ui to None, run_after=None
[2024-10-20T02:51:59.109+0000] {processor.py:179} INFO - Processing /home/airflow/.local/lib/python3.8/site-packages/airflow/example_dags/example_params_trigger_ui.py took 0.137 seconds
[2024-10-20T02:52:30.070+0000] {processor.py:157} INFO - Started process (PID=779) to work on /home/airflow/.local/lib/python3.8/site-packages/airflow/example_dags/example_params_trigger_ui.py
[2024-10-20T02:52:30.071+0000] {processor.py:829} INFO - Processing file /home/airflow/.local/lib/python3.8/site-packages/airflow/example_dags/example_params_trigger_ui.py for tasks to queue
[2024-10-20T02:52:30.073+0000] {logging_mixin.py:154} INFO - [2024-10-20T02:52:30.073+0000] {dagbag.py:536} INFO - Filling up the DagBag from /home/airflow/.local/lib/python3.8/site-packages/airflow/example_dags/example_params_trigger_ui.py
[2024-10-20T02:52:30.090+0000] {processor.py:839} INFO - DAG(s) dict_keys(['example_params_trigger_ui']) retrieved from /home/airflow/.local/lib/python3.8/site-packages/airflow/example_dags/example_params_trigger_ui.py
[2024-10-20T02:52:30.150+0000] {logging_mixin.py:154} INFO - [2024-10-20T02:52:30.150+0000] {dag.py:2941} INFO - Sync 1 DAGs
[2024-10-20T02:52:30.163+0000] {logging_mixin.py:154} INFO - [2024-10-20T02:52:30.163+0000] {dag.py:3722} INFO - Setting next_dagrun for example_params_trigger_ui to None, run_after=None
[2024-10-20T02:52:30.192+0000] {processor.py:179} INFO - Processing /home/airflow/.local/lib/python3.8/site-packages/airflow/example_dags/example_params_trigger_ui.py took 0.126 seconds
[2024-10-20T02:53:00.505+0000] {processor.py:157} INFO - Started process (PID=835) to work on /home/airflow/.local/lib/python3.8/site-packages/airflow/example_dags/example_params_trigger_ui.py
[2024-10-20T02:53:00.506+0000] {processor.py:829} INFO - Processing file /home/airflow/.local/lib/python3.8/site-packages/airflow/example_dags/example_params_trigger_ui.py for tasks to queue
[2024-10-20T02:53:00.508+0000] {logging_mixin.py:154} INFO - [2024-10-20T02:53:00.508+0000] {dagbag.py:536} INFO - Filling up the DagBag from /home/airflow/.local/lib/python3.8/site-packages/airflow/example_dags/example_params_trigger_ui.py
[2024-10-20T02:53:00.530+0000] {processor.py:839} INFO - DAG(s) dict_keys(['example_params_trigger_ui']) retrieved from /home/airflow/.local/lib/python3.8/site-packages/airflow/example_dags/example_params_trigger_ui.py
[2024-10-20T02:53:00.592+0000] {logging_mixin.py:154} INFO - [2024-10-20T02:53:00.591+0000] {dag.py:2941} INFO - Sync 1 DAGs
[2024-10-20T02:53:00.614+0000] {logging_mixin.py:154} INFO - [2024-10-20T02:53:00.613+0000] {dag.py:3722} INFO - Setting next_dagrun for example_params_trigger_ui to None, run_after=None
[2024-10-20T02:53:00.657+0000] {processor.py:179} INFO - Processing /home/airflow/.local/lib/python3.8/site-packages/airflow/example_dags/example_params_trigger_ui.py took 0.156 seconds
[2024-10-20T02:53:31.246+0000] {processor.py:157} INFO - Started process (PID=893) to work on /home/airflow/.local/lib/python3.8/site-packages/airflow/example_dags/example_params_trigger_ui.py
[2024-10-20T02:53:31.248+0000] {processor.py:829} INFO - Processing file /home/airflow/.local/lib/python3.8/site-packages/airflow/example_dags/example_params_trigger_ui.py for tasks to queue
[2024-10-20T02:53:31.251+0000] {logging_mixin.py:154} INFO - [2024-10-20T02:53:31.251+0000] {dagbag.py:536} INFO - Filling up the DagBag from /home/airflow/.local/lib/python3.8/site-packages/airflow/example_dags/example_params_trigger_ui.py
[2024-10-20T02:53:31.270+0000] {processor.py:839} INFO - DAG(s) dict_keys(['example_params_trigger_ui']) retrieved from /home/airflow/.local/lib/python3.8/site-packages/airflow/example_dags/example_params_trigger_ui.py
[2024-10-20T02:53:31.335+0000] {logging_mixin.py:154} INFO - [2024-10-20T02:53:31.335+0000] {dag.py:2941} INFO - Sync 1 DAGs
[2024-10-20T02:53:31.351+0000] {logging_mixin.py:154} INFO - [2024-10-20T02:53:31.350+0000] {dag.py:3722} INFO - Setting next_dagrun for example_params_trigger_ui to None, run_after=None
[2024-10-20T02:53:31.373+0000] {processor.py:179} INFO - Processing /home/airflow/.local/lib/python3.8/site-packages/airflow/example_dags/example_params_trigger_ui.py took 0.130 seconds
[2024-10-20T02:54:02.090+0000] {processor.py:157} INFO - Started process (PID=949) to work on /home/airflow/.local/lib/python3.8/site-packages/airflow/example_dags/example_params_trigger_ui.py
[2024-10-20T02:54:02.091+0000] {processor.py:829} INFO - Processing file /home/airflow/.local/lib/python3.8/site-packages/airflow/example_dags/example_params_trigger_ui.py for tasks to queue
[2024-10-20T02:54:02.095+0000] {logging_mixin.py:154} INFO - [2024-10-20T02:54:02.094+0000] {dagbag.py:536} INFO - Filling up the DagBag from /home/airflow/.local/lib/python3.8/site-packages/airflow/example_dags/example_params_trigger_ui.py
[2024-10-20T02:54:02.115+0000] {processor.py:839} INFO - DAG(s) dict_keys(['example_params_trigger_ui']) retrieved from /home/airflow/.local/lib/python3.8/site-packages/airflow/example_dags/example_params_trigger_ui.py
[2024-10-20T02:54:02.198+0000] {logging_mixin.py:154} INFO - [2024-10-20T02:54:02.198+0000] {dag.py:2941} INFO - Sync 1 DAGs
[2024-10-20T02:54:02.218+0000] {logging_mixin.py:154} INFO - [2024-10-20T02:54:02.218+0000] {dag.py:3722} INFO - Setting next_dagrun for example_params_trigger_ui to None, run_after=None
[2024-10-20T02:54:02.268+0000] {processor.py:179} INFO - Processing /home/airflow/.local/lib/python3.8/site-packages/airflow/example_dags/example_params_trigger_ui.py took 0.181 seconds
[2024-10-20T02:54:32.650+0000] {processor.py:157} INFO - Started process (PID=1005) to work on /home/airflow/.local/lib/python3.8/site-packages/airflow/example_dags/example_params_trigger_ui.py
[2024-10-20T02:54:32.651+0000] {processor.py:829} INFO - Processing file /home/airflow/.local/lib/python3.8/site-packages/airflow/example_dags/example_params_trigger_ui.py for tasks to queue
[2024-10-20T02:54:32.654+0000] {logging_mixin.py:154} INFO - [2024-10-20T02:54:32.654+0000] {dagbag.py:536} INFO - Filling up the DagBag from /home/airflow/.local/lib/python3.8/site-packages/airflow/example_dags/example_params_trigger_ui.py
[2024-10-20T02:54:32.677+0000] {processor.py:839} INFO - DAG(s) dict_keys(['example_params_trigger_ui']) retrieved from /home/airflow/.local/lib/python3.8/site-packages/airflow/example_dags/example_params_trigger_ui.py
[2024-10-20T02:54:32.741+0000] {logging_mixin.py:154} INFO - [2024-10-20T02:54:32.741+0000] {dag.py:2941} INFO - Sync 1 DAGs
[2024-10-20T02:54:32.758+0000] {logging_mixin.py:154} INFO - [2024-10-20T02:54:32.758+0000] {dag.py:3722} INFO - Setting next_dagrun for example_params_trigger_ui to None, run_after=None
[2024-10-20T02:54:32.797+0000] {processor.py:179} INFO - Processing /home/airflow/.local/lib/python3.8/site-packages/airflow/example_dags/example_params_trigger_ui.py took 0.151 seconds
[2024-10-20T02:55:03.314+0000] {processor.py:157} INFO - Started process (PID=1061) to work on /home/airflow/.local/lib/python3.8/site-packages/airflow/example_dags/example_params_trigger_ui.py
[2024-10-20T02:55:03.315+0000] {processor.py:829} INFO - Processing file /home/airflow/.local/lib/python3.8/site-packages/airflow/example_dags/example_params_trigger_ui.py for tasks to queue
[2024-10-20T02:55:03.318+0000] {logging_mixin.py:154} INFO - [2024-10-20T02:55:03.317+0000] {dagbag.py:536} INFO - Filling up the DagBag from /home/airflow/.local/lib/python3.8/site-packages/airflow/example_dags/example_params_trigger_ui.py
[2024-10-20T02:55:03.333+0000] {processor.py:839} INFO - DAG(s) dict_keys(['example_params_trigger_ui']) retrieved from /home/airflow/.local/lib/python3.8/site-packages/airflow/example_dags/example_params_trigger_ui.py
[2024-10-20T02:55:03.386+0000] {logging_mixin.py:154} INFO - [2024-10-20T02:55:03.386+0000] {dag.py:2941} INFO - Sync 1 DAGs
[2024-10-20T02:55:03.401+0000] {logging_mixin.py:154} INFO - [2024-10-20T02:55:03.401+0000] {dag.py:3722} INFO - Setting next_dagrun for example_params_trigger_ui to None, run_after=None
[2024-10-20T02:55:03.579+0000] {processor.py:179} INFO - Processing /home/airflow/.local/lib/python3.8/site-packages/airflow/example_dags/example_params_trigger_ui.py took 0.268 seconds
[2024-10-20T02:55:33.799+0000] {processor.py:157} INFO - Started process (PID=1119) to work on /home/airflow/.local/lib/python3.8/site-packages/airflow/example_dags/example_params_trigger_ui.py
[2024-10-20T02:55:33.800+0000] {processor.py:829} INFO - Processing file /home/airflow/.local/lib/python3.8/site-packages/airflow/example_dags/example_params_trigger_ui.py for tasks to queue
[2024-10-20T02:55:33.802+0000] {logging_mixin.py:154} INFO - [2024-10-20T02:55:33.802+0000] {dagbag.py:536} INFO - Filling up the DagBag from /home/airflow/.local/lib/python3.8/site-packages/airflow/example_dags/example_params_trigger_ui.py
[2024-10-20T02:55:33.818+0000] {processor.py:839} INFO - DAG(s) dict_keys(['example_params_trigger_ui']) retrieved from /home/airflow/.local/lib/python3.8/site-packages/airflow/example_dags/example_params_trigger_ui.py
[2024-10-20T02:55:33.873+0000] {logging_mixin.py:154} INFO - [2024-10-20T02:55:33.873+0000] {dag.py:2941} INFO - Sync 1 DAGs
[2024-10-20T02:55:33.887+0000] {logging_mixin.py:154} INFO - [2024-10-20T02:55:33.887+0000] {dag.py:3722} INFO - Setting next_dagrun for example_params_trigger_ui to None, run_after=None
[2024-10-20T02:55:33.911+0000] {processor.py:179} INFO - Processing /home/airflow/.local/lib/python3.8/site-packages/airflow/example_dags/example_params_trigger_ui.py took 0.116 seconds
[2024-10-20T02:56:04.629+0000] {processor.py:157} INFO - Started process (PID=1179) to work on /home/airflow/.local/lib/python3.8/site-packages/airflow/example_dags/example_params_trigger_ui.py
[2024-10-20T02:56:04.630+0000] {processor.py:829} INFO - Processing file /home/airflow/.local/lib/python3.8/site-packages/airflow/example_dags/example_params_trigger_ui.py for tasks to queue
[2024-10-20T02:56:04.633+0000] {logging_mixin.py:154} INFO - [2024-10-20T02:56:04.633+0000] {dagbag.py:536} INFO - Filling up the DagBag from /home/airflow/.local/lib/python3.8/site-packages/airflow/example_dags/example_params_trigger_ui.py
[2024-10-20T02:56:04.663+0000] {processor.py:839} INFO - DAG(s) dict_keys(['example_params_trigger_ui']) retrieved from /home/airflow/.local/lib/python3.8/site-packages/airflow/example_dags/example_params_trigger_ui.py
[2024-10-20T02:56:04.739+0000] {logging_mixin.py:154} INFO - [2024-10-20T02:56:04.739+0000] {dag.py:2941} INFO - Sync 1 DAGs
[2024-10-20T02:56:04.761+0000] {logging_mixin.py:154} INFO - [2024-10-20T02:56:04.761+0000] {dag.py:3722} INFO - Setting next_dagrun for example_params_trigger_ui to None, run_after=None
[2024-10-20T02:56:04.797+0000] {processor.py:179} INFO - Processing /home/airflow/.local/lib/python3.8/site-packages/airflow/example_dags/example_params_trigger_ui.py took 0.172 seconds
[2024-10-20T02:56:34.956+0000] {processor.py:157} INFO - Started process (PID=1235) to work on /home/airflow/.local/lib/python3.8/site-packages/airflow/example_dags/example_params_trigger_ui.py
[2024-10-20T02:56:34.958+0000] {processor.py:829} INFO - Processing file /home/airflow/.local/lib/python3.8/site-packages/airflow/example_dags/example_params_trigger_ui.py for tasks to queue
[2024-10-20T02:56:34.960+0000] {logging_mixin.py:154} INFO - [2024-10-20T02:56:34.960+0000] {dagbag.py:536} INFO - Filling up the DagBag from /home/airflow/.local/lib/python3.8/site-packages/airflow/example_dags/example_params_trigger_ui.py
[2024-10-20T02:56:34.977+0000] {processor.py:839} INFO - DAG(s) dict_keys(['example_params_trigger_ui']) retrieved from /home/airflow/.local/lib/python3.8/site-packages/airflow/example_dags/example_params_trigger_ui.py
[2024-10-20T02:56:35.033+0000] {logging_mixin.py:154} INFO - [2024-10-20T02:56:35.033+0000] {dag.py:2941} INFO - Sync 1 DAGs
[2024-10-20T02:56:35.046+0000] {logging_mixin.py:154} INFO - [2024-10-20T02:56:35.046+0000] {dag.py:3722} INFO - Setting next_dagrun for example_params_trigger_ui to None, run_after=None
[2024-10-20T02:56:35.071+0000] {processor.py:179} INFO - Processing /home/airflow/.local/lib/python3.8/site-packages/airflow/example_dags/example_params_trigger_ui.py took 0.119 seconds
[2024-10-20T02:57:05.578+0000] {processor.py:157} INFO - Started process (PID=1291) to work on /home/airflow/.local/lib/python3.8/site-packages/airflow/example_dags/example_params_trigger_ui.py
[2024-10-20T02:57:05.580+0000] {processor.py:829} INFO - Processing file /home/airflow/.local/lib/python3.8/site-packages/airflow/example_dags/example_params_trigger_ui.py for tasks to queue
[2024-10-20T02:57:05.582+0000] {logging_mixin.py:154} INFO - [2024-10-20T02:57:05.582+0000] {dagbag.py:536} INFO - Filling up the DagBag from /home/airflow/.local/lib/python3.8/site-packages/airflow/example_dags/example_params_trigger_ui.py
[2024-10-20T02:57:05.599+0000] {processor.py:839} INFO - DAG(s) dict_keys(['example_params_trigger_ui']) retrieved from /home/airflow/.local/lib/python3.8/site-packages/airflow/example_dags/example_params_trigger_ui.py
[2024-10-20T02:57:05.653+0000] {logging_mixin.py:154} INFO - [2024-10-20T02:57:05.653+0000] {dag.py:2941} INFO - Sync 1 DAGs
[2024-10-20T02:57:05.879+0000] {logging_mixin.py:154} INFO - [2024-10-20T02:57:05.879+0000] {dag.py:3722} INFO - Setting next_dagrun for example_params_trigger_ui to None, run_after=None
[2024-10-20T02:57:05.904+0000] {processor.py:179} INFO - Processing /home/airflow/.local/lib/python3.8/site-packages/airflow/example_dags/example_params_trigger_ui.py took 0.328 seconds
[2024-10-20T02:57:36.124+0000] {processor.py:157} INFO - Started process (PID=1349) to work on /home/airflow/.local/lib/python3.8/site-packages/airflow/example_dags/example_params_trigger_ui.py
[2024-10-20T02:57:36.126+0000] {processor.py:829} INFO - Processing file /home/airflow/.local/lib/python3.8/site-packages/airflow/example_dags/example_params_trigger_ui.py for tasks to queue
[2024-10-20T02:57:36.128+0000] {logging_mixin.py:154} INFO - [2024-10-20T02:57:36.128+0000] {dagbag.py:536} INFO - Filling up the DagBag from /home/airflow/.local/lib/python3.8/site-packages/airflow/example_dags/example_params_trigger_ui.py
[2024-10-20T02:57:36.145+0000] {processor.py:839} INFO - DAG(s) dict_keys(['example_params_trigger_ui']) retrieved from /home/airflow/.local/lib/python3.8/site-packages/airflow/example_dags/example_params_trigger_ui.py
[2024-10-20T02:57:36.204+0000] {logging_mixin.py:154} INFO - [2024-10-20T02:57:36.204+0000] {dag.py:2941} INFO - Sync 1 DAGs
[2024-10-20T02:57:36.219+0000] {logging_mixin.py:154} INFO - [2024-10-20T02:57:36.219+0000] {dag.py:3722} INFO - Setting next_dagrun for example_params_trigger_ui to None, run_after=None
[2024-10-20T02:57:36.393+0000] {processor.py:179} INFO - Processing /home/airflow/.local/lib/python3.8/site-packages/airflow/example_dags/example_params_trigger_ui.py took 0.271 seconds
[2024-10-20T02:58:06.749+0000] {processor.py:157} INFO - Started process (PID=1405) to work on /home/airflow/.local/lib/python3.8/site-packages/airflow/example_dags/example_params_trigger_ui.py
[2024-10-20T02:58:06.750+0000] {processor.py:829} INFO - Processing file /home/airflow/.local/lib/python3.8/site-packages/airflow/example_dags/example_params_trigger_ui.py for tasks to queue
[2024-10-20T02:58:06.752+0000] {logging_mixin.py:154} INFO - [2024-10-20T02:58:06.752+0000] {dagbag.py:536} INFO - Filling up the DagBag from /home/airflow/.local/lib/python3.8/site-packages/airflow/example_dags/example_params_trigger_ui.py
[2024-10-20T02:58:06.769+0000] {processor.py:839} INFO - DAG(s) dict_keys(['example_params_trigger_ui']) retrieved from /home/airflow/.local/lib/python3.8/site-packages/airflow/example_dags/example_params_trigger_ui.py
[2024-10-20T02:58:06.823+0000] {logging_mixin.py:154} INFO - [2024-10-20T02:58:06.823+0000] {dag.py:2941} INFO - Sync 1 DAGs
[2024-10-20T02:58:06.837+0000] {logging_mixin.py:154} INFO - [2024-10-20T02:58:06.836+0000] {dag.py:3722} INFO - Setting next_dagrun for example_params_trigger_ui to None, run_after=None
[2024-10-20T02:58:06.864+0000] {processor.py:179} INFO - Processing /home/airflow/.local/lib/python3.8/site-packages/airflow/example_dags/example_params_trigger_ui.py took 0.118 seconds
[2024-10-20T02:58:37.047+0000] {processor.py:157} INFO - Started process (PID=1461) to work on /home/airflow/.local/lib/python3.8/site-packages/airflow/example_dags/example_params_trigger_ui.py
[2024-10-20T02:58:37.048+0000] {processor.py:829} INFO - Processing file /home/airflow/.local/lib/python3.8/site-packages/airflow/example_dags/example_params_trigger_ui.py for tasks to queue
[2024-10-20T02:58:37.051+0000] {logging_mixin.py:154} INFO - [2024-10-20T02:58:37.050+0000] {dagbag.py:536} INFO - Filling up the DagBag from /home/airflow/.local/lib/python3.8/site-packages/airflow/example_dags/example_params_trigger_ui.py
[2024-10-20T02:58:37.069+0000] {processor.py:839} INFO - DAG(s) dict_keys(['example_params_trigger_ui']) retrieved from /home/airflow/.local/lib/python3.8/site-packages/airflow/example_dags/example_params_trigger_ui.py
[2024-10-20T02:58:37.129+0000] {logging_mixin.py:154} INFO - [2024-10-20T02:58:37.128+0000] {dag.py:2941} INFO - Sync 1 DAGs
[2024-10-20T02:58:37.144+0000] {logging_mixin.py:154} INFO - [2024-10-20T02:58:37.144+0000] {dag.py:3722} INFO - Setting next_dagrun for example_params_trigger_ui to None, run_after=None
[2024-10-20T02:58:37.177+0000] {processor.py:179} INFO - Processing /home/airflow/.local/lib/python3.8/site-packages/airflow/example_dags/example_params_trigger_ui.py took 0.133 seconds
[2024-10-20T02:59:55.676+0000] {processor.py:157} INFO - Started process (PID=112) to work on /home/airflow/.local/lib/python3.8/site-packages/airflow/example_dags/example_params_trigger_ui.py
[2024-10-20T02:59:55.681+0000] {processor.py:829} INFO - Processing file /home/airflow/.local/lib/python3.8/site-packages/airflow/example_dags/example_params_trigger_ui.py for tasks to queue
[2024-10-20T02:59:55.706+0000] {logging_mixin.py:154} INFO - [2024-10-20T02:59:55.703+0000] {dagbag.py:536} INFO - Filling up the DagBag from /home/airflow/.local/lib/python3.8/site-packages/airflow/example_dags/example_params_trigger_ui.py
[2024-10-20T02:59:55.757+0000] {processor.py:839} INFO - DAG(s) dict_keys(['example_params_trigger_ui']) retrieved from /home/airflow/.local/lib/python3.8/site-packages/airflow/example_dags/example_params_trigger_ui.py
[2024-10-20T02:59:55.929+0000] {logging_mixin.py:154} INFO - [2024-10-20T02:59:55.928+0000] {dag.py:2941} INFO - Sync 1 DAGs
[2024-10-20T02:59:55.985+0000] {logging_mixin.py:154} INFO - [2024-10-20T02:59:55.984+0000] {dag.py:3722} INFO - Setting next_dagrun for example_params_trigger_ui to None, run_after=None
[2024-10-20T02:59:56.097+0000] {processor.py:179} INFO - Processing /home/airflow/.local/lib/python3.8/site-packages/airflow/example_dags/example_params_trigger_ui.py took 0.452 seconds
[2024-10-20T03:00:27.038+0000] {processor.py:157} INFO - Started process (PID=168) to work on /home/airflow/.local/lib/python3.8/site-packages/airflow/example_dags/example_params_trigger_ui.py
[2024-10-20T03:00:27.040+0000] {processor.py:829} INFO - Processing file /home/airflow/.local/lib/python3.8/site-packages/airflow/example_dags/example_params_trigger_ui.py for tasks to queue
[2024-10-20T03:00:27.042+0000] {logging_mixin.py:154} INFO - [2024-10-20T03:00:27.042+0000] {dagbag.py:536} INFO - Filling up the DagBag from /home/airflow/.local/lib/python3.8/site-packages/airflow/example_dags/example_params_trigger_ui.py
[2024-10-20T03:00:27.061+0000] {processor.py:839} INFO - DAG(s) dict_keys(['example_params_trigger_ui']) retrieved from /home/airflow/.local/lib/python3.8/site-packages/airflow/example_dags/example_params_trigger_ui.py
[2024-10-20T03:00:27.122+0000] {logging_mixin.py:154} INFO - [2024-10-20T03:00:27.122+0000] {dag.py:2941} INFO - Sync 1 DAGs
[2024-10-20T03:00:27.136+0000] {logging_mixin.py:154} INFO - [2024-10-20T03:00:27.136+0000] {dag.py:3722} INFO - Setting next_dagrun for example_params_trigger_ui to None, run_after=None
[2024-10-20T03:00:27.211+0000] {processor.py:179} INFO - Processing /home/airflow/.local/lib/python3.8/site-packages/airflow/example_dags/example_params_trigger_ui.py took 0.176 seconds
[2024-10-20T03:00:57.517+0000] {processor.py:157} INFO - Started process (PID=224) to work on /home/airflow/.local/lib/python3.8/site-packages/airflow/example_dags/example_params_trigger_ui.py
[2024-10-20T03:00:57.518+0000] {processor.py:829} INFO - Processing file /home/airflow/.local/lib/python3.8/site-packages/airflow/example_dags/example_params_trigger_ui.py for tasks to queue
[2024-10-20T03:00:57.521+0000] {logging_mixin.py:154} INFO - [2024-10-20T03:00:57.520+0000] {dagbag.py:536} INFO - Filling up the DagBag from /home/airflow/.local/lib/python3.8/site-packages/airflow/example_dags/example_params_trigger_ui.py
[2024-10-20T03:00:57.539+0000] {processor.py:839} INFO - DAG(s) dict_keys(['example_params_trigger_ui']) retrieved from /home/airflow/.local/lib/python3.8/site-packages/airflow/example_dags/example_params_trigger_ui.py
[2024-10-20T03:00:57.598+0000] {logging_mixin.py:154} INFO - [2024-10-20T03:00:57.598+0000] {dag.py:2941} INFO - Sync 1 DAGs
[2024-10-20T03:00:57.615+0000] {logging_mixin.py:154} INFO - [2024-10-20T03:00:57.614+0000] {dag.py:3722} INFO - Setting next_dagrun for example_params_trigger_ui to None, run_after=None
[2024-10-20T03:00:57.639+0000] {processor.py:179} INFO - Processing /home/airflow/.local/lib/python3.8/site-packages/airflow/example_dags/example_params_trigger_ui.py took 0.126 seconds
[2024-10-20T03:01:28.539+0000] {processor.py:157} INFO - Started process (PID=280) to work on /home/airflow/.local/lib/python3.8/site-packages/airflow/example_dags/example_params_trigger_ui.py
[2024-10-20T03:01:28.540+0000] {processor.py:829} INFO - Processing file /home/airflow/.local/lib/python3.8/site-packages/airflow/example_dags/example_params_trigger_ui.py for tasks to queue
[2024-10-20T03:01:28.543+0000] {logging_mixin.py:154} INFO - [2024-10-20T03:01:28.543+0000] {dagbag.py:536} INFO - Filling up the DagBag from /home/airflow/.local/lib/python3.8/site-packages/airflow/example_dags/example_params_trigger_ui.py
[2024-10-20T03:01:28.565+0000] {processor.py:839} INFO - DAG(s) dict_keys(['example_params_trigger_ui']) retrieved from /home/airflow/.local/lib/python3.8/site-packages/airflow/example_dags/example_params_trigger_ui.py
[2024-10-20T03:01:28.627+0000] {logging_mixin.py:154} INFO - [2024-10-20T03:01:28.627+0000] {dag.py:2941} INFO - Sync 1 DAGs
[2024-10-20T03:01:28.641+0000] {logging_mixin.py:154} INFO - [2024-10-20T03:01:28.641+0000] {dag.py:3722} INFO - Setting next_dagrun for example_params_trigger_ui to None, run_after=None
[2024-10-20T03:01:28.671+0000] {processor.py:179} INFO - Processing /home/airflow/.local/lib/python3.8/site-packages/airflow/example_dags/example_params_trigger_ui.py took 0.136 seconds
[2024-10-20T03:01:58.956+0000] {processor.py:157} INFO - Started process (PID=336) to work on /home/airflow/.local/lib/python3.8/site-packages/airflow/example_dags/example_params_trigger_ui.py
[2024-10-20T03:01:58.957+0000] {processor.py:829} INFO - Processing file /home/airflow/.local/lib/python3.8/site-packages/airflow/example_dags/example_params_trigger_ui.py for tasks to queue
[2024-10-20T03:01:58.960+0000] {logging_mixin.py:154} INFO - [2024-10-20T03:01:58.960+0000] {dagbag.py:536} INFO - Filling up the DagBag from /home/airflow/.local/lib/python3.8/site-packages/airflow/example_dags/example_params_trigger_ui.py
[2024-10-20T03:01:58.983+0000] {processor.py:839} INFO - DAG(s) dict_keys(['example_params_trigger_ui']) retrieved from /home/airflow/.local/lib/python3.8/site-packages/airflow/example_dags/example_params_trigger_ui.py
[2024-10-20T03:01:59.049+0000] {logging_mixin.py:154} INFO - [2024-10-20T03:01:59.048+0000] {dag.py:2941} INFO - Sync 1 DAGs
[2024-10-20T03:01:59.065+0000] {logging_mixin.py:154} INFO - [2024-10-20T03:01:59.065+0000] {dag.py:3722} INFO - Setting next_dagrun for example_params_trigger_ui to None, run_after=None
[2024-10-20T03:01:59.103+0000] {processor.py:179} INFO - Processing /home/airflow/.local/lib/python3.8/site-packages/airflow/example_dags/example_params_trigger_ui.py took 0.151 seconds
[2024-10-20T03:02:29.521+0000] {processor.py:157} INFO - Started process (PID=396) to work on /home/airflow/.local/lib/python3.8/site-packages/airflow/example_dags/example_params_trigger_ui.py
[2024-10-20T03:02:29.523+0000] {processor.py:829} INFO - Processing file /home/airflow/.local/lib/python3.8/site-packages/airflow/example_dags/example_params_trigger_ui.py for tasks to queue
[2024-10-20T03:02:29.527+0000] {logging_mixin.py:154} INFO - [2024-10-20T03:02:29.527+0000] {dagbag.py:536} INFO - Filling up the DagBag from /home/airflow/.local/lib/python3.8/site-packages/airflow/example_dags/example_params_trigger_ui.py
[2024-10-20T03:02:29.559+0000] {processor.py:839} INFO - DAG(s) dict_keys(['example_params_trigger_ui']) retrieved from /home/airflow/.local/lib/python3.8/site-packages/airflow/example_dags/example_params_trigger_ui.py
[2024-10-20T03:02:29.628+0000] {logging_mixin.py:154} INFO - [2024-10-20T03:02:29.628+0000] {dag.py:2941} INFO - Sync 1 DAGs
[2024-10-20T03:02:29.642+0000] {logging_mixin.py:154} INFO - [2024-10-20T03:02:29.642+0000] {dag.py:3722} INFO - Setting next_dagrun for example_params_trigger_ui to None, run_after=None
[2024-10-20T03:02:29.673+0000] {processor.py:179} INFO - Processing /home/airflow/.local/lib/python3.8/site-packages/airflow/example_dags/example_params_trigger_ui.py took 0.161 seconds
[2024-10-20T03:03:00.099+0000] {processor.py:157} INFO - Started process (PID=452) to work on /home/airflow/.local/lib/python3.8/site-packages/airflow/example_dags/example_params_trigger_ui.py
[2024-10-20T03:03:00.101+0000] {processor.py:829} INFO - Processing file /home/airflow/.local/lib/python3.8/site-packages/airflow/example_dags/example_params_trigger_ui.py for tasks to queue
[2024-10-20T03:03:00.103+0000] {logging_mixin.py:154} INFO - [2024-10-20T03:03:00.103+0000] {dagbag.py:536} INFO - Filling up the DagBag from /home/airflow/.local/lib/python3.8/site-packages/airflow/example_dags/example_params_trigger_ui.py
[2024-10-20T03:03:00.122+0000] {processor.py:839} INFO - DAG(s) dict_keys(['example_params_trigger_ui']) retrieved from /home/airflow/.local/lib/python3.8/site-packages/airflow/example_dags/example_params_trigger_ui.py
[2024-10-20T03:03:00.189+0000] {logging_mixin.py:154} INFO - [2024-10-20T03:03:00.189+0000] {dag.py:2941} INFO - Sync 1 DAGs
[2024-10-20T03:03:00.202+0000] {logging_mixin.py:154} INFO - [2024-10-20T03:03:00.202+0000] {dag.py:3722} INFO - Setting next_dagrun for example_params_trigger_ui to None, run_after=None
[2024-10-20T03:03:00.227+0000] {processor.py:179} INFO - Processing /home/airflow/.local/lib/python3.8/site-packages/airflow/example_dags/example_params_trigger_ui.py took 0.132 seconds
[2024-10-20T03:03:30.928+0000] {processor.py:157} INFO - Started process (PID=508) to work on /home/airflow/.local/lib/python3.8/site-packages/airflow/example_dags/example_params_trigger_ui.py
[2024-10-20T03:03:30.929+0000] {processor.py:829} INFO - Processing file /home/airflow/.local/lib/python3.8/site-packages/airflow/example_dags/example_params_trigger_ui.py for tasks to queue
[2024-10-20T03:03:30.932+0000] {logging_mixin.py:154} INFO - [2024-10-20T03:03:30.932+0000] {dagbag.py:536} INFO - Filling up the DagBag from /home/airflow/.local/lib/python3.8/site-packages/airflow/example_dags/example_params_trigger_ui.py
[2024-10-20T03:03:30.954+0000] {processor.py:839} INFO - DAG(s) dict_keys(['example_params_trigger_ui']) retrieved from /home/airflow/.local/lib/python3.8/site-packages/airflow/example_dags/example_params_trigger_ui.py
[2024-10-20T03:03:31.015+0000] {logging_mixin.py:154} INFO - [2024-10-20T03:03:31.015+0000] {dag.py:2941} INFO - Sync 1 DAGs
[2024-10-20T03:03:31.028+0000] {logging_mixin.py:154} INFO - [2024-10-20T03:03:31.028+0000] {dag.py:3722} INFO - Setting next_dagrun for example_params_trigger_ui to None, run_after=None
[2024-10-20T03:03:31.054+0000] {processor.py:179} INFO - Processing /home/airflow/.local/lib/python3.8/site-packages/airflow/example_dags/example_params_trigger_ui.py took 0.130 seconds
[2024-10-20T03:04:01.098+0000] {processor.py:157} INFO - Started process (PID=565) to work on /home/airflow/.local/lib/python3.8/site-packages/airflow/example_dags/example_params_trigger_ui.py
[2024-10-20T03:04:01.099+0000] {processor.py:829} INFO - Processing file /home/airflow/.local/lib/python3.8/site-packages/airflow/example_dags/example_params_trigger_ui.py for tasks to queue
[2024-10-20T03:04:01.101+0000] {logging_mixin.py:154} INFO - [2024-10-20T03:04:01.101+0000] {dagbag.py:536} INFO - Filling up the DagBag from /home/airflow/.local/lib/python3.8/site-packages/airflow/example_dags/example_params_trigger_ui.py
[2024-10-20T03:04:01.116+0000] {processor.py:839} INFO - DAG(s) dict_keys(['example_params_trigger_ui']) retrieved from /home/airflow/.local/lib/python3.8/site-packages/airflow/example_dags/example_params_trigger_ui.py
[2024-10-20T03:04:01.165+0000] {logging_mixin.py:154} INFO - [2024-10-20T03:04:01.164+0000] {dag.py:2941} INFO - Sync 1 DAGs
[2024-10-20T03:04:01.178+0000] {logging_mixin.py:154} INFO - [2024-10-20T03:04:01.178+0000] {dag.py:3722} INFO - Setting next_dagrun for example_params_trigger_ui to None, run_after=None
[2024-10-20T03:04:01.201+0000] {processor.py:179} INFO - Processing /home/airflow/.local/lib/python3.8/site-packages/airflow/example_dags/example_params_trigger_ui.py took 0.106 seconds
[2024-10-20T03:04:31.659+0000] {processor.py:157} INFO - Started process (PID=620) to work on /home/airflow/.local/lib/python3.8/site-packages/airflow/example_dags/example_params_trigger_ui.py
[2024-10-20T03:04:31.661+0000] {processor.py:829} INFO - Processing file /home/airflow/.local/lib/python3.8/site-packages/airflow/example_dags/example_params_trigger_ui.py for tasks to queue
[2024-10-20T03:04:31.664+0000] {logging_mixin.py:154} INFO - [2024-10-20T03:04:31.664+0000] {dagbag.py:536} INFO - Filling up the DagBag from /home/airflow/.local/lib/python3.8/site-packages/airflow/example_dags/example_params_trigger_ui.py
[2024-10-20T03:04:31.689+0000] {processor.py:839} INFO - DAG(s) dict_keys(['example_params_trigger_ui']) retrieved from /home/airflow/.local/lib/python3.8/site-packages/airflow/example_dags/example_params_trigger_ui.py
[2024-10-20T03:04:31.753+0000] {logging_mixin.py:154} INFO - [2024-10-20T03:04:31.753+0000] {dag.py:2941} INFO - Sync 1 DAGs
[2024-10-20T03:04:31.767+0000] {logging_mixin.py:154} INFO - [2024-10-20T03:04:31.767+0000] {dag.py:3722} INFO - Setting next_dagrun for example_params_trigger_ui to None, run_after=None
[2024-10-20T03:04:31.791+0000] {processor.py:179} INFO - Processing /home/airflow/.local/lib/python3.8/site-packages/airflow/example_dags/example_params_trigger_ui.py took 0.135 seconds
[2024-10-20T03:05:02.002+0000] {processor.py:157} INFO - Started process (PID=676) to work on /home/airflow/.local/lib/python3.8/site-packages/airflow/example_dags/example_params_trigger_ui.py
[2024-10-20T03:05:02.003+0000] {processor.py:829} INFO - Processing file /home/airflow/.local/lib/python3.8/site-packages/airflow/example_dags/example_params_trigger_ui.py for tasks to queue
[2024-10-20T03:05:02.005+0000] {logging_mixin.py:154} INFO - [2024-10-20T03:05:02.005+0000] {dagbag.py:536} INFO - Filling up the DagBag from /home/airflow/.local/lib/python3.8/site-packages/airflow/example_dags/example_params_trigger_ui.py
[2024-10-20T03:05:02.023+0000] {processor.py:839} INFO - DAG(s) dict_keys(['example_params_trigger_ui']) retrieved from /home/airflow/.local/lib/python3.8/site-packages/airflow/example_dags/example_params_trigger_ui.py
[2024-10-20T03:05:02.077+0000] {logging_mixin.py:154} INFO - [2024-10-20T03:05:02.076+0000] {dag.py:2941} INFO - Sync 1 DAGs
[2024-10-20T03:05:02.090+0000] {logging_mixin.py:154} INFO - [2024-10-20T03:05:02.090+0000] {dag.py:3722} INFO - Setting next_dagrun for example_params_trigger_ui to None, run_after=None
[2024-10-20T03:05:02.117+0000] {processor.py:179} INFO - Processing /home/airflow/.local/lib/python3.8/site-packages/airflow/example_dags/example_params_trigger_ui.py took 0.119 seconds
[2024-10-20T03:05:32.289+0000] {processor.py:157} INFO - Started process (PID=732) to work on /home/airflow/.local/lib/python3.8/site-packages/airflow/example_dags/example_params_trigger_ui.py
[2024-10-20T03:05:32.291+0000] {processor.py:829} INFO - Processing file /home/airflow/.local/lib/python3.8/site-packages/airflow/example_dags/example_params_trigger_ui.py for tasks to queue
[2024-10-20T03:05:32.293+0000] {logging_mixin.py:154} INFO - [2024-10-20T03:05:32.293+0000] {dagbag.py:536} INFO - Filling up the DagBag from /home/airflow/.local/lib/python3.8/site-packages/airflow/example_dags/example_params_trigger_ui.py
[2024-10-20T03:05:32.315+0000] {processor.py:839} INFO - DAG(s) dict_keys(['example_params_trigger_ui']) retrieved from /home/airflow/.local/lib/python3.8/site-packages/airflow/example_dags/example_params_trigger_ui.py
[2024-10-20T03:05:32.381+0000] {logging_mixin.py:154} INFO - [2024-10-20T03:05:32.381+0000] {dag.py:2941} INFO - Sync 1 DAGs
[2024-10-20T03:05:32.403+0000] {logging_mixin.py:154} INFO - [2024-10-20T03:05:32.403+0000] {dag.py:3722} INFO - Setting next_dagrun for example_params_trigger_ui to None, run_after=None
[2024-10-20T03:05:32.434+0000] {processor.py:179} INFO - Processing /home/airflow/.local/lib/python3.8/site-packages/airflow/example_dags/example_params_trigger_ui.py took 0.149 seconds
[2024-10-20T03:06:02.730+0000] {processor.py:157} INFO - Started process (PID=788) to work on /home/airflow/.local/lib/python3.8/site-packages/airflow/example_dags/example_params_trigger_ui.py
[2024-10-20T03:06:02.731+0000] {processor.py:829} INFO - Processing file /home/airflow/.local/lib/python3.8/site-packages/airflow/example_dags/example_params_trigger_ui.py for tasks to queue
[2024-10-20T03:06:02.734+0000] {logging_mixin.py:154} INFO - [2024-10-20T03:06:02.733+0000] {dagbag.py:536} INFO - Filling up the DagBag from /home/airflow/.local/lib/python3.8/site-packages/airflow/example_dags/example_params_trigger_ui.py
[2024-10-20T03:06:02.752+0000] {processor.py:839} INFO - DAG(s) dict_keys(['example_params_trigger_ui']) retrieved from /home/airflow/.local/lib/python3.8/site-packages/airflow/example_dags/example_params_trigger_ui.py
[2024-10-20T03:06:02.808+0000] {logging_mixin.py:154} INFO - [2024-10-20T03:06:02.807+0000] {dag.py:2941} INFO - Sync 1 DAGs
[2024-10-20T03:06:02.820+0000] {logging_mixin.py:154} INFO - [2024-10-20T03:06:02.820+0000] {dag.py:3722} INFO - Setting next_dagrun for example_params_trigger_ui to None, run_after=None
[2024-10-20T03:06:02.845+0000] {processor.py:179} INFO - Processing /home/airflow/.local/lib/python3.8/site-packages/airflow/example_dags/example_params_trigger_ui.py took 0.119 seconds
[2024-10-20T03:06:33.900+0000] {processor.py:157} INFO - Started process (PID=844) to work on /home/airflow/.local/lib/python3.8/site-packages/airflow/example_dags/example_params_trigger_ui.py
[2024-10-20T03:06:33.902+0000] {processor.py:829} INFO - Processing file /home/airflow/.local/lib/python3.8/site-packages/airflow/example_dags/example_params_trigger_ui.py for tasks to queue
[2024-10-20T03:06:33.905+0000] {logging_mixin.py:154} INFO - [2024-10-20T03:06:33.904+0000] {dagbag.py:536} INFO - Filling up the DagBag from /home/airflow/.local/lib/python3.8/site-packages/airflow/example_dags/example_params_trigger_ui.py
[2024-10-20T03:06:33.926+0000] {processor.py:839} INFO - DAG(s) dict_keys(['example_params_trigger_ui']) retrieved from /home/airflow/.local/lib/python3.8/site-packages/airflow/example_dags/example_params_trigger_ui.py
[2024-10-20T03:06:33.985+0000] {logging_mixin.py:154} INFO - [2024-10-20T03:06:33.985+0000] {dag.py:2941} INFO - Sync 1 DAGs
[2024-10-20T03:06:33.998+0000] {logging_mixin.py:154} INFO - [2024-10-20T03:06:33.998+0000] {dag.py:3722} INFO - Setting next_dagrun for example_params_trigger_ui to None, run_after=None
[2024-10-20T03:06:34.021+0000] {processor.py:179} INFO - Processing /home/airflow/.local/lib/python3.8/site-packages/airflow/example_dags/example_params_trigger_ui.py took 0.124 seconds
[2024-10-20T03:07:05.188+0000] {processor.py:157} INFO - Started process (PID=900) to work on /home/airflow/.local/lib/python3.8/site-packages/airflow/example_dags/example_params_trigger_ui.py
[2024-10-20T03:07:05.191+0000] {processor.py:829} INFO - Processing file /home/airflow/.local/lib/python3.8/site-packages/airflow/example_dags/example_params_trigger_ui.py for tasks to queue
[2024-10-20T03:07:05.195+0000] {logging_mixin.py:154} INFO - [2024-10-20T03:07:05.194+0000] {dagbag.py:536} INFO - Filling up the DagBag from /home/airflow/.local/lib/python3.8/site-packages/airflow/example_dags/example_params_trigger_ui.py
[2024-10-20T03:07:05.228+0000] {processor.py:839} INFO - DAG(s) dict_keys(['example_params_trigger_ui']) retrieved from /home/airflow/.local/lib/python3.8/site-packages/airflow/example_dags/example_params_trigger_ui.py
[2024-10-20T03:07:05.301+0000] {logging_mixin.py:154} INFO - [2024-10-20T03:07:05.301+0000] {dag.py:2941} INFO - Sync 1 DAGs
[2024-10-20T03:07:05.320+0000] {logging_mixin.py:154} INFO - [2024-10-20T03:07:05.320+0000] {dag.py:3722} INFO - Setting next_dagrun for example_params_trigger_ui to None, run_after=None
[2024-10-20T03:07:05.354+0000] {processor.py:179} INFO - Processing /home/airflow/.local/lib/python3.8/site-packages/airflow/example_dags/example_params_trigger_ui.py took 0.175 seconds
[2024-10-20T03:07:35.577+0000] {processor.py:157} INFO - Started process (PID=956) to work on /home/airflow/.local/lib/python3.8/site-packages/airflow/example_dags/example_params_trigger_ui.py
[2024-10-20T03:07:35.578+0000] {processor.py:829} INFO - Processing file /home/airflow/.local/lib/python3.8/site-packages/airflow/example_dags/example_params_trigger_ui.py for tasks to queue
[2024-10-20T03:07:35.582+0000] {logging_mixin.py:154} INFO - [2024-10-20T03:07:35.581+0000] {dagbag.py:536} INFO - Filling up the DagBag from /home/airflow/.local/lib/python3.8/site-packages/airflow/example_dags/example_params_trigger_ui.py
[2024-10-20T03:07:35.598+0000] {processor.py:839} INFO - DAG(s) dict_keys(['example_params_trigger_ui']) retrieved from /home/airflow/.local/lib/python3.8/site-packages/airflow/example_dags/example_params_trigger_ui.py
[2024-10-20T03:07:35.650+0000] {logging_mixin.py:154} INFO - [2024-10-20T03:07:35.650+0000] {dag.py:2941} INFO - Sync 1 DAGs
[2024-10-20T03:07:35.663+0000] {logging_mixin.py:154} INFO - [2024-10-20T03:07:35.663+0000] {dag.py:3722} INFO - Setting next_dagrun for example_params_trigger_ui to None, run_after=None
[2024-10-20T03:07:35.688+0000] {processor.py:179} INFO - Processing /home/airflow/.local/lib/python3.8/site-packages/airflow/example_dags/example_params_trigger_ui.py took 0.114 seconds
[2024-10-20T03:08:49.878+0000] {processor.py:157} INFO - Started process (PID=107) to work on /home/airflow/.local/lib/python3.8/site-packages/airflow/example_dags/example_params_trigger_ui.py
[2024-10-20T03:08:49.879+0000] {processor.py:829} INFO - Processing file /home/airflow/.local/lib/python3.8/site-packages/airflow/example_dags/example_params_trigger_ui.py for tasks to queue
[2024-10-20T03:08:49.881+0000] {logging_mixin.py:154} INFO - [2024-10-20T03:08:49.881+0000] {dagbag.py:536} INFO - Filling up the DagBag from /home/airflow/.local/lib/python3.8/site-packages/airflow/example_dags/example_params_trigger_ui.py
[2024-10-20T03:08:49.901+0000] {processor.py:839} INFO - DAG(s) dict_keys(['example_params_trigger_ui']) retrieved from /home/airflow/.local/lib/python3.8/site-packages/airflow/example_dags/example_params_trigger_ui.py
[2024-10-20T03:08:49.915+0000] {logging_mixin.py:154} INFO - [2024-10-20T03:08:49.915+0000] {dag.py:2941} INFO - Sync 1 DAGs
[2024-10-20T03:08:49.931+0000] {logging_mixin.py:154} INFO - [2024-10-20T03:08:49.930+0000] {dag.py:3722} INFO - Setting next_dagrun for example_params_trigger_ui to None, run_after=None
[2024-10-20T03:08:49.960+0000] {processor.py:179} INFO - Processing /home/airflow/.local/lib/python3.8/site-packages/airflow/example_dags/example_params_trigger_ui.py took 0.086 seconds
[2024-10-20T03:09:21.176+0000] {processor.py:157} INFO - Started process (PID=163) to work on /home/airflow/.local/lib/python3.8/site-packages/airflow/example_dags/example_params_trigger_ui.py
[2024-10-20T03:09:21.177+0000] {processor.py:829} INFO - Processing file /home/airflow/.local/lib/python3.8/site-packages/airflow/example_dags/example_params_trigger_ui.py for tasks to queue
[2024-10-20T03:09:21.180+0000] {logging_mixin.py:154} INFO - [2024-10-20T03:09:21.179+0000] {dagbag.py:536} INFO - Filling up the DagBag from /home/airflow/.local/lib/python3.8/site-packages/airflow/example_dags/example_params_trigger_ui.py
[2024-10-20T03:09:21.201+0000] {processor.py:839} INFO - DAG(s) dict_keys(['example_params_trigger_ui']) retrieved from /home/airflow/.local/lib/python3.8/site-packages/airflow/example_dags/example_params_trigger_ui.py
[2024-10-20T03:09:21.263+0000] {logging_mixin.py:154} INFO - [2024-10-20T03:09:21.263+0000] {dag.py:2941} INFO - Sync 1 DAGs
[2024-10-20T03:09:21.277+0000] {logging_mixin.py:154} INFO - [2024-10-20T03:09:21.277+0000] {dag.py:3722} INFO - Setting next_dagrun for example_params_trigger_ui to None, run_after=None
[2024-10-20T03:09:21.305+0000] {processor.py:179} INFO - Processing /home/airflow/.local/lib/python3.8/site-packages/airflow/example_dags/example_params_trigger_ui.py took 0.133 seconds
[2024-10-20T03:09:51.689+0000] {processor.py:157} INFO - Started process (PID=219) to work on /home/airflow/.local/lib/python3.8/site-packages/airflow/example_dags/example_params_trigger_ui.py
[2024-10-20T03:09:51.690+0000] {processor.py:829} INFO - Processing file /home/airflow/.local/lib/python3.8/site-packages/airflow/example_dags/example_params_trigger_ui.py for tasks to queue
[2024-10-20T03:09:51.693+0000] {logging_mixin.py:154} INFO - [2024-10-20T03:09:51.692+0000] {dagbag.py:536} INFO - Filling up the DagBag from /home/airflow/.local/lib/python3.8/site-packages/airflow/example_dags/example_params_trigger_ui.py
[2024-10-20T03:09:51.708+0000] {processor.py:839} INFO - DAG(s) dict_keys(['example_params_trigger_ui']) retrieved from /home/airflow/.local/lib/python3.8/site-packages/airflow/example_dags/example_params_trigger_ui.py
[2024-10-20T03:09:51.760+0000] {logging_mixin.py:154} INFO - [2024-10-20T03:09:51.760+0000] {dag.py:2941} INFO - Sync 1 DAGs
[2024-10-20T03:09:51.772+0000] {logging_mixin.py:154} INFO - [2024-10-20T03:09:51.772+0000] {dag.py:3722} INFO - Setting next_dagrun for example_params_trigger_ui to None, run_after=None
[2024-10-20T03:09:51.797+0000] {processor.py:179} INFO - Processing /home/airflow/.local/lib/python3.8/site-packages/airflow/example_dags/example_params_trigger_ui.py took 0.111 seconds
[2024-10-20T03:10:22.017+0000] {processor.py:157} INFO - Started process (PID=276) to work on /home/airflow/.local/lib/python3.8/site-packages/airflow/example_dags/example_params_trigger_ui.py
[2024-10-20T03:10:22.019+0000] {processor.py:829} INFO - Processing file /home/airflow/.local/lib/python3.8/site-packages/airflow/example_dags/example_params_trigger_ui.py for tasks to queue
[2024-10-20T03:10:22.023+0000] {logging_mixin.py:154} INFO - [2024-10-20T03:10:22.022+0000] {dagbag.py:536} INFO - Filling up the DagBag from /home/airflow/.local/lib/python3.8/site-packages/airflow/example_dags/example_params_trigger_ui.py
[2024-10-20T03:10:22.046+0000] {processor.py:839} INFO - DAG(s) dict_keys(['example_params_trigger_ui']) retrieved from /home/airflow/.local/lib/python3.8/site-packages/airflow/example_dags/example_params_trigger_ui.py
[2024-10-20T03:10:22.142+0000] {logging_mixin.py:154} INFO - [2024-10-20T03:10:22.141+0000] {dag.py:2941} INFO - Sync 1 DAGs
[2024-10-20T03:10:22.167+0000] {logging_mixin.py:154} INFO - [2024-10-20T03:10:22.167+0000] {dag.py:3722} INFO - Setting next_dagrun for example_params_trigger_ui to None, run_after=None
[2024-10-20T03:10:22.224+0000] {processor.py:179} INFO - Processing /home/airflow/.local/lib/python3.8/site-packages/airflow/example_dags/example_params_trigger_ui.py took 0.213 seconds
[2024-10-20T03:10:52.965+0000] {processor.py:157} INFO - Started process (PID=331) to work on /home/airflow/.local/lib/python3.8/site-packages/airflow/example_dags/example_params_trigger_ui.py
[2024-10-20T03:10:52.967+0000] {processor.py:829} INFO - Processing file /home/airflow/.local/lib/python3.8/site-packages/airflow/example_dags/example_params_trigger_ui.py for tasks to queue
[2024-10-20T03:10:52.969+0000] {logging_mixin.py:154} INFO - [2024-10-20T03:10:52.969+0000] {dagbag.py:536} INFO - Filling up the DagBag from /home/airflow/.local/lib/python3.8/site-packages/airflow/example_dags/example_params_trigger_ui.py
[2024-10-20T03:10:52.987+0000] {processor.py:839} INFO - DAG(s) dict_keys(['example_params_trigger_ui']) retrieved from /home/airflow/.local/lib/python3.8/site-packages/airflow/example_dags/example_params_trigger_ui.py
[2024-10-20T03:10:53.047+0000] {logging_mixin.py:154} INFO - [2024-10-20T03:10:53.047+0000] {dag.py:2941} INFO - Sync 1 DAGs
[2024-10-20T03:10:53.059+0000] {logging_mixin.py:154} INFO - [2024-10-20T03:10:53.059+0000] {dag.py:3722} INFO - Setting next_dagrun for example_params_trigger_ui to None, run_after=None
[2024-10-20T03:10:53.081+0000] {processor.py:179} INFO - Processing /home/airflow/.local/lib/python3.8/site-packages/airflow/example_dags/example_params_trigger_ui.py took 0.118 seconds
[2024-10-20T03:11:23.575+0000] {processor.py:157} INFO - Started process (PID=387) to work on /home/airflow/.local/lib/python3.8/site-packages/airflow/example_dags/example_params_trigger_ui.py
[2024-10-20T03:11:23.576+0000] {processor.py:829} INFO - Processing file /home/airflow/.local/lib/python3.8/site-packages/airflow/example_dags/example_params_trigger_ui.py for tasks to queue
[2024-10-20T03:11:23.579+0000] {logging_mixin.py:154} INFO - [2024-10-20T03:11:23.578+0000] {dagbag.py:536} INFO - Filling up the DagBag from /home/airflow/.local/lib/python3.8/site-packages/airflow/example_dags/example_params_trigger_ui.py
[2024-10-20T03:11:23.595+0000] {processor.py:839} INFO - DAG(s) dict_keys(['example_params_trigger_ui']) retrieved from /home/airflow/.local/lib/python3.8/site-packages/airflow/example_dags/example_params_trigger_ui.py
[2024-10-20T03:11:23.648+0000] {logging_mixin.py:154} INFO - [2024-10-20T03:11:23.648+0000] {dag.py:2941} INFO - Sync 1 DAGs
[2024-10-20T03:11:23.660+0000] {logging_mixin.py:154} INFO - [2024-10-20T03:11:23.660+0000] {dag.py:3722} INFO - Setting next_dagrun for example_params_trigger_ui to None, run_after=None
[2024-10-20T03:11:23.681+0000] {processor.py:179} INFO - Processing /home/airflow/.local/lib/python3.8/site-packages/airflow/example_dags/example_params_trigger_ui.py took 0.109 seconds
[2024-10-20T03:11:54.835+0000] {processor.py:157} INFO - Started process (PID=443) to work on /home/airflow/.local/lib/python3.8/site-packages/airflow/example_dags/example_params_trigger_ui.py
[2024-10-20T03:11:54.836+0000] {processor.py:829} INFO - Processing file /home/airflow/.local/lib/python3.8/site-packages/airflow/example_dags/example_params_trigger_ui.py for tasks to queue
[2024-10-20T03:11:54.840+0000] {logging_mixin.py:154} INFO - [2024-10-20T03:11:54.839+0000] {dagbag.py:536} INFO - Filling up the DagBag from /home/airflow/.local/lib/python3.8/site-packages/airflow/example_dags/example_params_trigger_ui.py
[2024-10-20T03:11:54.862+0000] {processor.py:839} INFO - DAG(s) dict_keys(['example_params_trigger_ui']) retrieved from /home/airflow/.local/lib/python3.8/site-packages/airflow/example_dags/example_params_trigger_ui.py
[2024-10-20T03:11:54.923+0000] {logging_mixin.py:154} INFO - [2024-10-20T03:11:54.923+0000] {dag.py:2941} INFO - Sync 1 DAGs
[2024-10-20T03:11:54.939+0000] {logging_mixin.py:154} INFO - [2024-10-20T03:11:54.938+0000] {dag.py:3722} INFO - Setting next_dagrun for example_params_trigger_ui to None, run_after=None
[2024-10-20T03:11:54.970+0000] {processor.py:179} INFO - Processing /home/airflow/.local/lib/python3.8/site-packages/airflow/example_dags/example_params_trigger_ui.py took 0.139 seconds
[2024-10-20T03:12:25.343+0000] {processor.py:157} INFO - Started process (PID=499) to work on /home/airflow/.local/lib/python3.8/site-packages/airflow/example_dags/example_params_trigger_ui.py
[2024-10-20T03:12:25.345+0000] {processor.py:829} INFO - Processing file /home/airflow/.local/lib/python3.8/site-packages/airflow/example_dags/example_params_trigger_ui.py for tasks to queue
[2024-10-20T03:12:25.348+0000] {logging_mixin.py:154} INFO - [2024-10-20T03:12:25.348+0000] {dagbag.py:536} INFO - Filling up the DagBag from /home/airflow/.local/lib/python3.8/site-packages/airflow/example_dags/example_params_trigger_ui.py
[2024-10-20T03:12:25.370+0000] {processor.py:839} INFO - DAG(s) dict_keys(['example_params_trigger_ui']) retrieved from /home/airflow/.local/lib/python3.8/site-packages/airflow/example_dags/example_params_trigger_ui.py
[2024-10-20T03:12:25.429+0000] {logging_mixin.py:154} INFO - [2024-10-20T03:12:25.429+0000] {dag.py:2941} INFO - Sync 1 DAGs
[2024-10-20T03:12:25.443+0000] {logging_mixin.py:154} INFO - [2024-10-20T03:12:25.443+0000] {dag.py:3722} INFO - Setting next_dagrun for example_params_trigger_ui to None, run_after=None
[2024-10-20T03:12:25.469+0000] {processor.py:179} INFO - Processing /home/airflow/.local/lib/python3.8/site-packages/airflow/example_dags/example_params_trigger_ui.py took 0.130 seconds
[2024-10-20T03:12:56.008+0000] {processor.py:157} INFO - Started process (PID=555) to work on /home/airflow/.local/lib/python3.8/site-packages/airflow/example_dags/example_params_trigger_ui.py
[2024-10-20T03:12:56.009+0000] {processor.py:829} INFO - Processing file /home/airflow/.local/lib/python3.8/site-packages/airflow/example_dags/example_params_trigger_ui.py for tasks to queue
[2024-10-20T03:12:56.012+0000] {logging_mixin.py:154} INFO - [2024-10-20T03:12:56.011+0000] {dagbag.py:536} INFO - Filling up the DagBag from /home/airflow/.local/lib/python3.8/site-packages/airflow/example_dags/example_params_trigger_ui.py
[2024-10-20T03:12:56.027+0000] {processor.py:839} INFO - DAG(s) dict_keys(['example_params_trigger_ui']) retrieved from /home/airflow/.local/lib/python3.8/site-packages/airflow/example_dags/example_params_trigger_ui.py
[2024-10-20T03:12:56.083+0000] {logging_mixin.py:154} INFO - [2024-10-20T03:12:56.083+0000] {dag.py:2941} INFO - Sync 1 DAGs
[2024-10-20T03:12:56.096+0000] {logging_mixin.py:154} INFO - [2024-10-20T03:12:56.096+0000] {dag.py:3722} INFO - Setting next_dagrun for example_params_trigger_ui to None, run_after=None
[2024-10-20T03:12:56.118+0000] {processor.py:179} INFO - Processing /home/airflow/.local/lib/python3.8/site-packages/airflow/example_dags/example_params_trigger_ui.py took 0.112 seconds
[2024-10-20T03:13:26.430+0000] {processor.py:157} INFO - Started process (PID=611) to work on /home/airflow/.local/lib/python3.8/site-packages/airflow/example_dags/example_params_trigger_ui.py
[2024-10-20T03:13:26.432+0000] {processor.py:829} INFO - Processing file /home/airflow/.local/lib/python3.8/site-packages/airflow/example_dags/example_params_trigger_ui.py for tasks to queue
[2024-10-20T03:13:26.434+0000] {logging_mixin.py:154} INFO - [2024-10-20T03:13:26.433+0000] {dagbag.py:536} INFO - Filling up the DagBag from /home/airflow/.local/lib/python3.8/site-packages/airflow/example_dags/example_params_trigger_ui.py
[2024-10-20T03:13:26.451+0000] {processor.py:839} INFO - DAG(s) dict_keys(['example_params_trigger_ui']) retrieved from /home/airflow/.local/lib/python3.8/site-packages/airflow/example_dags/example_params_trigger_ui.py
[2024-10-20T03:13:26.508+0000] {logging_mixin.py:154} INFO - [2024-10-20T03:13:26.508+0000] {dag.py:2941} INFO - Sync 1 DAGs
[2024-10-20T03:13:26.528+0000] {logging_mixin.py:154} INFO - [2024-10-20T03:13:26.528+0000] {dag.py:3722} INFO - Setting next_dagrun for example_params_trigger_ui to None, run_after=None
[2024-10-20T03:13:26.563+0000] {processor.py:179} INFO - Processing /home/airflow/.local/lib/python3.8/site-packages/airflow/example_dags/example_params_trigger_ui.py took 0.135 seconds
[2024-10-20T03:13:56.836+0000] {processor.py:157} INFO - Started process (PID=667) to work on /home/airflow/.local/lib/python3.8/site-packages/airflow/example_dags/example_params_trigger_ui.py
[2024-10-20T03:13:56.837+0000] {processor.py:829} INFO - Processing file /home/airflow/.local/lib/python3.8/site-packages/airflow/example_dags/example_params_trigger_ui.py for tasks to queue
[2024-10-20T03:13:56.839+0000] {logging_mixin.py:154} INFO - [2024-10-20T03:13:56.839+0000] {dagbag.py:536} INFO - Filling up the DagBag from /home/airflow/.local/lib/python3.8/site-packages/airflow/example_dags/example_params_trigger_ui.py
[2024-10-20T03:13:56.857+0000] {processor.py:839} INFO - DAG(s) dict_keys(['example_params_trigger_ui']) retrieved from /home/airflow/.local/lib/python3.8/site-packages/airflow/example_dags/example_params_trigger_ui.py
[2024-10-20T03:13:56.912+0000] {logging_mixin.py:154} INFO - [2024-10-20T03:13:56.912+0000] {dag.py:2941} INFO - Sync 1 DAGs
[2024-10-20T03:13:56.924+0000] {logging_mixin.py:154} INFO - [2024-10-20T03:13:56.924+0000] {dag.py:3722} INFO - Setting next_dagrun for example_params_trigger_ui to None, run_after=None
[2024-10-20T03:13:56.945+0000] {processor.py:179} INFO - Processing /home/airflow/.local/lib/python3.8/site-packages/airflow/example_dags/example_params_trigger_ui.py took 0.112 seconds
[2024-10-20T03:14:27.344+0000] {processor.py:157} INFO - Started process (PID=723) to work on /home/airflow/.local/lib/python3.8/site-packages/airflow/example_dags/example_params_trigger_ui.py
[2024-10-20T03:14:27.345+0000] {processor.py:829} INFO - Processing file /home/airflow/.local/lib/python3.8/site-packages/airflow/example_dags/example_params_trigger_ui.py for tasks to queue
[2024-10-20T03:14:27.348+0000] {logging_mixin.py:154} INFO - [2024-10-20T03:14:27.348+0000] {dagbag.py:536} INFO - Filling up the DagBag from /home/airflow/.local/lib/python3.8/site-packages/airflow/example_dags/example_params_trigger_ui.py
[2024-10-20T03:14:27.365+0000] {processor.py:839} INFO - DAG(s) dict_keys(['example_params_trigger_ui']) retrieved from /home/airflow/.local/lib/python3.8/site-packages/airflow/example_dags/example_params_trigger_ui.py
[2024-10-20T03:14:27.416+0000] {logging_mixin.py:154} INFO - [2024-10-20T03:14:27.416+0000] {dag.py:2941} INFO - Sync 1 DAGs
[2024-10-20T03:14:27.428+0000] {logging_mixin.py:154} INFO - [2024-10-20T03:14:27.428+0000] {dag.py:3722} INFO - Setting next_dagrun for example_params_trigger_ui to None, run_after=None
[2024-10-20T03:14:27.459+0000] {processor.py:179} INFO - Processing /home/airflow/.local/lib/python3.8/site-packages/airflow/example_dags/example_params_trigger_ui.py took 0.117 seconds
[2024-10-20T03:14:57.727+0000] {processor.py:157} INFO - Started process (PID=779) to work on /home/airflow/.local/lib/python3.8/site-packages/airflow/example_dags/example_params_trigger_ui.py
[2024-10-20T03:14:57.728+0000] {processor.py:829} INFO - Processing file /home/airflow/.local/lib/python3.8/site-packages/airflow/example_dags/example_params_trigger_ui.py for tasks to queue
[2024-10-20T03:14:57.730+0000] {logging_mixin.py:154} INFO - [2024-10-20T03:14:57.730+0000] {dagbag.py:536} INFO - Filling up the DagBag from /home/airflow/.local/lib/python3.8/site-packages/airflow/example_dags/example_params_trigger_ui.py
[2024-10-20T03:14:57.746+0000] {processor.py:839} INFO - DAG(s) dict_keys(['example_params_trigger_ui']) retrieved from /home/airflow/.local/lib/python3.8/site-packages/airflow/example_dags/example_params_trigger_ui.py
[2024-10-20T03:14:57.796+0000] {logging_mixin.py:154} INFO - [2024-10-20T03:14:57.796+0000] {dag.py:2941} INFO - Sync 1 DAGs
[2024-10-20T03:14:57.808+0000] {logging_mixin.py:154} INFO - [2024-10-20T03:14:57.808+0000] {dag.py:3722} INFO - Setting next_dagrun for example_params_trigger_ui to None, run_after=None
[2024-10-20T03:14:57.830+0000] {processor.py:179} INFO - Processing /home/airflow/.local/lib/python3.8/site-packages/airflow/example_dags/example_params_trigger_ui.py took 0.107 seconds
[2024-10-20T03:15:28.307+0000] {processor.py:157} INFO - Started process (PID=835) to work on /home/airflow/.local/lib/python3.8/site-packages/airflow/example_dags/example_params_trigger_ui.py
[2024-10-20T03:15:28.308+0000] {processor.py:829} INFO - Processing file /home/airflow/.local/lib/python3.8/site-packages/airflow/example_dags/example_params_trigger_ui.py for tasks to queue
[2024-10-20T03:15:28.311+0000] {logging_mixin.py:154} INFO - [2024-10-20T03:15:28.310+0000] {dagbag.py:536} INFO - Filling up the DagBag from /home/airflow/.local/lib/python3.8/site-packages/airflow/example_dags/example_params_trigger_ui.py
[2024-10-20T03:15:28.330+0000] {processor.py:839} INFO - DAG(s) dict_keys(['example_params_trigger_ui']) retrieved from /home/airflow/.local/lib/python3.8/site-packages/airflow/example_dags/example_params_trigger_ui.py
[2024-10-20T03:15:28.387+0000] {logging_mixin.py:154} INFO - [2024-10-20T03:15:28.387+0000] {dag.py:2941} INFO - Sync 1 DAGs
[2024-10-20T03:15:28.400+0000] {logging_mixin.py:154} INFO - [2024-10-20T03:15:28.400+0000] {dag.py:3722} INFO - Setting next_dagrun for example_params_trigger_ui to None, run_after=None
[2024-10-20T03:15:28.426+0000] {processor.py:179} INFO - Processing /home/airflow/.local/lib/python3.8/site-packages/airflow/example_dags/example_params_trigger_ui.py took 0.123 seconds
[2024-10-20T03:15:58.893+0000] {processor.py:157} INFO - Started process (PID=890) to work on /home/airflow/.local/lib/python3.8/site-packages/airflow/example_dags/example_params_trigger_ui.py
[2024-10-20T03:15:58.895+0000] {processor.py:829} INFO - Processing file /home/airflow/.local/lib/python3.8/site-packages/airflow/example_dags/example_params_trigger_ui.py for tasks to queue
[2024-10-20T03:15:58.897+0000] {logging_mixin.py:154} INFO - [2024-10-20T03:15:58.897+0000] {dagbag.py:536} INFO - Filling up the DagBag from /home/airflow/.local/lib/python3.8/site-packages/airflow/example_dags/example_params_trigger_ui.py
[2024-10-20T03:15:58.918+0000] {processor.py:839} INFO - DAG(s) dict_keys(['example_params_trigger_ui']) retrieved from /home/airflow/.local/lib/python3.8/site-packages/airflow/example_dags/example_params_trigger_ui.py
[2024-10-20T03:15:58.982+0000] {logging_mixin.py:154} INFO - [2024-10-20T03:15:58.982+0000] {dag.py:2941} INFO - Sync 1 DAGs
[2024-10-20T03:15:58.997+0000] {logging_mixin.py:154} INFO - [2024-10-20T03:15:58.996+0000] {dag.py:3722} INFO - Setting next_dagrun for example_params_trigger_ui to None, run_after=None
[2024-10-20T03:15:59.025+0000] {processor.py:179} INFO - Processing /home/airflow/.local/lib/python3.8/site-packages/airflow/example_dags/example_params_trigger_ui.py took 0.136 seconds
[2024-10-20T03:16:29.332+0000] {processor.py:157} INFO - Started process (PID=946) to work on /home/airflow/.local/lib/python3.8/site-packages/airflow/example_dags/example_params_trigger_ui.py
[2024-10-20T03:16:29.334+0000] {processor.py:829} INFO - Processing file /home/airflow/.local/lib/python3.8/site-packages/airflow/example_dags/example_params_trigger_ui.py for tasks to queue
[2024-10-20T03:16:29.336+0000] {logging_mixin.py:154} INFO - [2024-10-20T03:16:29.336+0000] {dagbag.py:536} INFO - Filling up the DagBag from /home/airflow/.local/lib/python3.8/site-packages/airflow/example_dags/example_params_trigger_ui.py
[2024-10-20T03:16:29.356+0000] {processor.py:839} INFO - DAG(s) dict_keys(['example_params_trigger_ui']) retrieved from /home/airflow/.local/lib/python3.8/site-packages/airflow/example_dags/example_params_trigger_ui.py
[2024-10-20T03:16:29.424+0000] {logging_mixin.py:154} INFO - [2024-10-20T03:16:29.424+0000] {dag.py:2941} INFO - Sync 1 DAGs
[2024-10-20T03:16:29.442+0000] {logging_mixin.py:154} INFO - [2024-10-20T03:16:29.441+0000] {dag.py:3722} INFO - Setting next_dagrun for example_params_trigger_ui to None, run_after=None
[2024-10-20T03:16:29.476+0000] {processor.py:179} INFO - Processing /home/airflow/.local/lib/python3.8/site-packages/airflow/example_dags/example_params_trigger_ui.py took 0.147 seconds
[2024-10-20T03:17:01.579+0000] {processor.py:157} INFO - Started process (PID=1003) to work on /home/airflow/.local/lib/python3.8/site-packages/airflow/example_dags/example_params_trigger_ui.py
[2024-10-20T03:17:01.581+0000] {processor.py:829} INFO - Processing file /home/airflow/.local/lib/python3.8/site-packages/airflow/example_dags/example_params_trigger_ui.py for tasks to queue
[2024-10-20T03:17:01.583+0000] {logging_mixin.py:154} INFO - [2024-10-20T03:17:01.583+0000] {dagbag.py:536} INFO - Filling up the DagBag from /home/airflow/.local/lib/python3.8/site-packages/airflow/example_dags/example_params_trigger_ui.py
[2024-10-20T03:17:01.599+0000] {processor.py:839} INFO - DAG(s) dict_keys(['example_params_trigger_ui']) retrieved from /home/airflow/.local/lib/python3.8/site-packages/airflow/example_dags/example_params_trigger_ui.py
[2024-10-20T03:17:01.653+0000] {logging_mixin.py:154} INFO - [2024-10-20T03:17:01.653+0000] {dag.py:2941} INFO - Sync 1 DAGs
[2024-10-20T03:17:01.666+0000] {logging_mixin.py:154} INFO - [2024-10-20T03:17:01.666+0000] {dag.py:3722} INFO - Setting next_dagrun for example_params_trigger_ui to None, run_after=None
[2024-10-20T03:17:01.690+0000] {processor.py:179} INFO - Processing /home/airflow/.local/lib/python3.8/site-packages/airflow/example_dags/example_params_trigger_ui.py took 0.114 seconds
[2024-10-20T03:17:33.212+0000] {processor.py:157} INFO - Started process (PID=1059) to work on /home/airflow/.local/lib/python3.8/site-packages/airflow/example_dags/example_params_trigger_ui.py
[2024-10-20T03:17:33.213+0000] {processor.py:829} INFO - Processing file /home/airflow/.local/lib/python3.8/site-packages/airflow/example_dags/example_params_trigger_ui.py for tasks to queue
[2024-10-20T03:17:33.215+0000] {logging_mixin.py:154} INFO - [2024-10-20T03:17:33.215+0000] {dagbag.py:536} INFO - Filling up the DagBag from /home/airflow/.local/lib/python3.8/site-packages/airflow/example_dags/example_params_trigger_ui.py
[2024-10-20T03:17:33.231+0000] {processor.py:839} INFO - DAG(s) dict_keys(['example_params_trigger_ui']) retrieved from /home/airflow/.local/lib/python3.8/site-packages/airflow/example_dags/example_params_trigger_ui.py
[2024-10-20T03:17:33.282+0000] {logging_mixin.py:154} INFO - [2024-10-20T03:17:33.282+0000] {dag.py:2941} INFO - Sync 1 DAGs
[2024-10-20T03:17:33.423+0000] {logging_mixin.py:154} INFO - [2024-10-20T03:17:33.423+0000] {dag.py:3722} INFO - Setting next_dagrun for example_params_trigger_ui to None, run_after=None
[2024-10-20T03:17:33.445+0000] {processor.py:179} INFO - Processing /home/airflow/.local/lib/python3.8/site-packages/airflow/example_dags/example_params_trigger_ui.py took 0.237 seconds
