[2024-10-20T02:46:16.374+0000] {processor.py:157} INFO - Started process (PID=73) to work on /home/airflow/.local/lib/python3.8/site-packages/airflow/example_dags/example_skip_dag.py
[2024-10-20T02:46:16.376+0000] {processor.py:829} INFO - Processing file /home/airflow/.local/lib/python3.8/site-packages/airflow/example_dags/example_skip_dag.py for tasks to queue
[2024-10-20T02:46:16.382+0000] {logging_mixin.py:154} INFO - [2024-10-20T02:46:16.381+0000] {dagbag.py:536} INFO - Filling up the DagBag from /home/airflow/.local/lib/python3.8/site-packages/airflow/example_dags/example_skip_dag.py
[2024-10-20T02:46:16.405+0000] {processor.py:839} INFO - DAG(s) dict_keys(['example_skip_dag']) retrieved from /home/airflow/.local/lib/python3.8/site-packages/airflow/example_dags/example_skip_dag.py
[2024-10-20T02:46:16.430+0000] {logging_mixin.py:154} INFO - [2024-10-20T02:46:16.429+0000] {dag.py:2941} INFO - Sync 1 DAGs
[2024-10-20T02:46:16.548+0000] {logging_mixin.py:154} INFO - [2024-10-20T02:46:16.547+0000] {dag.py:3722} INFO - Setting next_dagrun for example_skip_dag to 2024-10-19T02:46:16.547028+00:00, run_after=2024-10-20T02:46:16.547028+00:00
[2024-10-20T02:46:16.589+0000] {processor.py:179} INFO - Processing /home/airflow/.local/lib/python3.8/site-packages/airflow/example_dags/example_skip_dag.py took 0.222 seconds
[2024-10-20T02:46:46.908+0000] {processor.py:157} INFO - Started process (PID=127) to work on /home/airflow/.local/lib/python3.8/site-packages/airflow/example_dags/example_skip_dag.py
[2024-10-20T02:46:46.909+0000] {processor.py:829} INFO - Processing file /home/airflow/.local/lib/python3.8/site-packages/airflow/example_dags/example_skip_dag.py for tasks to queue
[2024-10-20T02:46:46.911+0000] {logging_mixin.py:154} INFO - [2024-10-20T02:46:46.911+0000] {dagbag.py:536} INFO - Filling up the DagBag from /home/airflow/.local/lib/python3.8/site-packages/airflow/example_dags/example_skip_dag.py
[2024-10-20T02:46:46.918+0000] {processor.py:839} INFO - DAG(s) dict_keys(['example_skip_dag']) retrieved from /home/airflow/.local/lib/python3.8/site-packages/airflow/example_dags/example_skip_dag.py
[2024-10-20T02:46:46.942+0000] {logging_mixin.py:154} INFO - [2024-10-20T02:46:46.941+0000] {dag.py:2941} INFO - Sync 1 DAGs
[2024-10-20T02:46:46.965+0000] {logging_mixin.py:154} INFO - [2024-10-20T02:46:46.965+0000] {dag.py:3722} INFO - Setting next_dagrun for example_skip_dag to 2024-10-19T02:46:46.964805+00:00, run_after=2024-10-20T02:46:46.964805+00:00
[2024-10-20T02:46:46.993+0000] {processor.py:179} INFO - Processing /home/airflow/.local/lib/python3.8/site-packages/airflow/example_dags/example_skip_dag.py took 0.088 seconds
[2024-10-20T02:47:17.076+0000] {processor.py:157} INFO - Started process (PID=183) to work on /home/airflow/.local/lib/python3.8/site-packages/airflow/example_dags/example_skip_dag.py
[2024-10-20T02:47:17.078+0000] {processor.py:829} INFO - Processing file /home/airflow/.local/lib/python3.8/site-packages/airflow/example_dags/example_skip_dag.py for tasks to queue
[2024-10-20T02:47:17.081+0000] {logging_mixin.py:154} INFO - [2024-10-20T02:47:17.080+0000] {dagbag.py:536} INFO - Filling up the DagBag from /home/airflow/.local/lib/python3.8/site-packages/airflow/example_dags/example_skip_dag.py
[2024-10-20T02:47:17.092+0000] {processor.py:839} INFO - DAG(s) dict_keys(['example_skip_dag']) retrieved from /home/airflow/.local/lib/python3.8/site-packages/airflow/example_dags/example_skip_dag.py
[2024-10-20T02:47:17.124+0000] {logging_mixin.py:154} INFO - [2024-10-20T02:47:17.124+0000] {dag.py:2941} INFO - Sync 1 DAGs
[2024-10-20T02:47:17.152+0000] {logging_mixin.py:154} INFO - [2024-10-20T02:47:17.152+0000] {dag.py:3722} INFO - Setting next_dagrun for example_skip_dag to 2024-10-19T02:47:17.151645+00:00, run_after=2024-10-20T02:47:17.151645+00:00
[2024-10-20T02:47:17.179+0000] {processor.py:179} INFO - Processing /home/airflow/.local/lib/python3.8/site-packages/airflow/example_dags/example_skip_dag.py took 0.107 seconds
[2024-10-20T02:47:47.454+0000] {processor.py:157} INFO - Started process (PID=246) to work on /home/airflow/.local/lib/python3.8/site-packages/airflow/example_dags/example_skip_dag.py
[2024-10-20T02:47:47.456+0000] {processor.py:829} INFO - Processing file /home/airflow/.local/lib/python3.8/site-packages/airflow/example_dags/example_skip_dag.py for tasks to queue
[2024-10-20T02:47:47.458+0000] {logging_mixin.py:154} INFO - [2024-10-20T02:47:47.458+0000] {dagbag.py:536} INFO - Filling up the DagBag from /home/airflow/.local/lib/python3.8/site-packages/airflow/example_dags/example_skip_dag.py
[2024-10-20T02:47:47.468+0000] {processor.py:839} INFO - DAG(s) dict_keys(['example_skip_dag']) retrieved from /home/airflow/.local/lib/python3.8/site-packages/airflow/example_dags/example_skip_dag.py
[2024-10-20T02:47:47.491+0000] {logging_mixin.py:154} INFO - [2024-10-20T02:47:47.491+0000] {dag.py:2941} INFO - Sync 1 DAGs
[2024-10-20T02:47:47.519+0000] {logging_mixin.py:154} INFO - [2024-10-20T02:47:47.519+0000] {dag.py:3722} INFO - Setting next_dagrun for example_skip_dag to 2024-10-19T02:47:47.519229+00:00, run_after=2024-10-20T02:47:47.519229+00:00
[2024-10-20T02:47:47.546+0000] {processor.py:179} INFO - Processing /home/airflow/.local/lib/python3.8/site-packages/airflow/example_dags/example_skip_dag.py took 0.095 seconds
[2024-10-20T02:48:17.783+0000] {processor.py:157} INFO - Started process (PID=302) to work on /home/airflow/.local/lib/python3.8/site-packages/airflow/example_dags/example_skip_dag.py
[2024-10-20T02:48:17.784+0000] {processor.py:829} INFO - Processing file /home/airflow/.local/lib/python3.8/site-packages/airflow/example_dags/example_skip_dag.py for tasks to queue
[2024-10-20T02:48:17.787+0000] {logging_mixin.py:154} INFO - [2024-10-20T02:48:17.786+0000] {dagbag.py:536} INFO - Filling up the DagBag from /home/airflow/.local/lib/python3.8/site-packages/airflow/example_dags/example_skip_dag.py
[2024-10-20T02:48:17.793+0000] {processor.py:839} INFO - DAG(s) dict_keys(['example_skip_dag']) retrieved from /home/airflow/.local/lib/python3.8/site-packages/airflow/example_dags/example_skip_dag.py
[2024-10-20T02:48:17.814+0000] {logging_mixin.py:154} INFO - [2024-10-20T02:48:17.814+0000] {dag.py:2941} INFO - Sync 1 DAGs
[2024-10-20T02:48:17.836+0000] {logging_mixin.py:154} INFO - [2024-10-20T02:48:17.836+0000] {dag.py:3722} INFO - Setting next_dagrun for example_skip_dag to 2024-10-19T02:48:17.836296+00:00, run_after=2024-10-20T02:48:17.836296+00:00
[2024-10-20T02:48:17.859+0000] {processor.py:179} INFO - Processing /home/airflow/.local/lib/python3.8/site-packages/airflow/example_dags/example_skip_dag.py took 0.079 seconds
[2024-10-20T02:48:48.520+0000] {processor.py:157} INFO - Started process (PID=358) to work on /home/airflow/.local/lib/python3.8/site-packages/airflow/example_dags/example_skip_dag.py
[2024-10-20T02:48:48.522+0000] {processor.py:829} INFO - Processing file /home/airflow/.local/lib/python3.8/site-packages/airflow/example_dags/example_skip_dag.py for tasks to queue
[2024-10-20T02:48:48.525+0000] {logging_mixin.py:154} INFO - [2024-10-20T02:48:48.524+0000] {dagbag.py:536} INFO - Filling up the DagBag from /home/airflow/.local/lib/python3.8/site-packages/airflow/example_dags/example_skip_dag.py
[2024-10-20T02:48:48.533+0000] {processor.py:839} INFO - DAG(s) dict_keys(['example_skip_dag']) retrieved from /home/airflow/.local/lib/python3.8/site-packages/airflow/example_dags/example_skip_dag.py
[2024-10-20T02:48:48.563+0000] {logging_mixin.py:154} INFO - [2024-10-20T02:48:48.563+0000] {dag.py:2941} INFO - Sync 1 DAGs
[2024-10-20T02:48:48.604+0000] {logging_mixin.py:154} INFO - [2024-10-20T02:48:48.604+0000] {dag.py:3722} INFO - Setting next_dagrun for example_skip_dag to 2024-10-19T02:48:48.603784+00:00, run_after=2024-10-20T02:48:48.603784+00:00
[2024-10-20T02:48:48.638+0000] {processor.py:179} INFO - Processing /home/airflow/.local/lib/python3.8/site-packages/airflow/example_dags/example_skip_dag.py took 0.122 seconds
[2024-10-20T02:49:19.214+0000] {processor.py:157} INFO - Started process (PID=414) to work on /home/airflow/.local/lib/python3.8/site-packages/airflow/example_dags/example_skip_dag.py
[2024-10-20T02:49:19.215+0000] {processor.py:829} INFO - Processing file /home/airflow/.local/lib/python3.8/site-packages/airflow/example_dags/example_skip_dag.py for tasks to queue
[2024-10-20T02:49:19.218+0000] {logging_mixin.py:154} INFO - [2024-10-20T02:49:19.218+0000] {dagbag.py:536} INFO - Filling up the DagBag from /home/airflow/.local/lib/python3.8/site-packages/airflow/example_dags/example_skip_dag.py
[2024-10-20T02:49:19.232+0000] {processor.py:839} INFO - DAG(s) dict_keys(['example_skip_dag']) retrieved from /home/airflow/.local/lib/python3.8/site-packages/airflow/example_dags/example_skip_dag.py
[2024-10-20T02:49:19.265+0000] {logging_mixin.py:154} INFO - [2024-10-20T02:49:19.265+0000] {dag.py:2941} INFO - Sync 1 DAGs
[2024-10-20T02:49:19.292+0000] {logging_mixin.py:154} INFO - [2024-10-20T02:49:19.292+0000] {dag.py:3722} INFO - Setting next_dagrun for example_skip_dag to 2024-10-19T02:49:19.292102+00:00, run_after=2024-10-20T02:49:19.292102+00:00
[2024-10-20T02:49:19.319+0000] {processor.py:179} INFO - Processing /home/airflow/.local/lib/python3.8/site-packages/airflow/example_dags/example_skip_dag.py took 0.108 seconds
[2024-10-20T02:49:49.569+0000] {processor.py:157} INFO - Started process (PID=470) to work on /home/airflow/.local/lib/python3.8/site-packages/airflow/example_dags/example_skip_dag.py
[2024-10-20T02:49:49.570+0000] {processor.py:829} INFO - Processing file /home/airflow/.local/lib/python3.8/site-packages/airflow/example_dags/example_skip_dag.py for tasks to queue
[2024-10-20T02:49:49.572+0000] {logging_mixin.py:154} INFO - [2024-10-20T02:49:49.572+0000] {dagbag.py:536} INFO - Filling up the DagBag from /home/airflow/.local/lib/python3.8/site-packages/airflow/example_dags/example_skip_dag.py
[2024-10-20T02:49:49.578+0000] {processor.py:839} INFO - DAG(s) dict_keys(['example_skip_dag']) retrieved from /home/airflow/.local/lib/python3.8/site-packages/airflow/example_dags/example_skip_dag.py
[2024-10-20T02:49:49.598+0000] {logging_mixin.py:154} INFO - [2024-10-20T02:49:49.598+0000] {dag.py:2941} INFO - Sync 1 DAGs
[2024-10-20T02:49:49.620+0000] {logging_mixin.py:154} INFO - [2024-10-20T02:49:49.619+0000] {dag.py:3722} INFO - Setting next_dagrun for example_skip_dag to 2024-10-19T02:49:49.619668+00:00, run_after=2024-10-20T02:49:49.619668+00:00
[2024-10-20T02:49:49.642+0000] {processor.py:179} INFO - Processing /home/airflow/.local/lib/python3.8/site-packages/airflow/example_dags/example_skip_dag.py took 0.076 seconds
[2024-10-20T02:50:19.800+0000] {processor.py:157} INFO - Started process (PID=526) to work on /home/airflow/.local/lib/python3.8/site-packages/airflow/example_dags/example_skip_dag.py
[2024-10-20T02:50:19.801+0000] {processor.py:829} INFO - Processing file /home/airflow/.local/lib/python3.8/site-packages/airflow/example_dags/example_skip_dag.py for tasks to queue
[2024-10-20T02:50:19.803+0000] {logging_mixin.py:154} INFO - [2024-10-20T02:50:19.803+0000] {dagbag.py:536} INFO - Filling up the DagBag from /home/airflow/.local/lib/python3.8/site-packages/airflow/example_dags/example_skip_dag.py
[2024-10-20T02:50:19.810+0000] {processor.py:839} INFO - DAG(s) dict_keys(['example_skip_dag']) retrieved from /home/airflow/.local/lib/python3.8/site-packages/airflow/example_dags/example_skip_dag.py
[2024-10-20T02:50:19.832+0000] {logging_mixin.py:154} INFO - [2024-10-20T02:50:19.832+0000] {dag.py:2941} INFO - Sync 1 DAGs
[2024-10-20T02:50:19.856+0000] {logging_mixin.py:154} INFO - [2024-10-20T02:50:19.855+0000] {dag.py:3722} INFO - Setting next_dagrun for example_skip_dag to 2024-10-19T02:50:19.855609+00:00, run_after=2024-10-20T02:50:19.855609+00:00
[2024-10-20T02:50:19.879+0000] {processor.py:179} INFO - Processing /home/airflow/.local/lib/python3.8/site-packages/airflow/example_dags/example_skip_dag.py took 0.082 seconds
[2024-10-20T02:50:50.361+0000] {processor.py:157} INFO - Started process (PID=582) to work on /home/airflow/.local/lib/python3.8/site-packages/airflow/example_dags/example_skip_dag.py
[2024-10-20T02:50:50.362+0000] {processor.py:829} INFO - Processing file /home/airflow/.local/lib/python3.8/site-packages/airflow/example_dags/example_skip_dag.py for tasks to queue
[2024-10-20T02:50:50.364+0000] {logging_mixin.py:154} INFO - [2024-10-20T02:50:50.364+0000] {dagbag.py:536} INFO - Filling up the DagBag from /home/airflow/.local/lib/python3.8/site-packages/airflow/example_dags/example_skip_dag.py
[2024-10-20T02:50:50.370+0000] {processor.py:839} INFO - DAG(s) dict_keys(['example_skip_dag']) retrieved from /home/airflow/.local/lib/python3.8/site-packages/airflow/example_dags/example_skip_dag.py
[2024-10-20T02:50:50.394+0000] {logging_mixin.py:154} INFO - [2024-10-20T02:50:50.393+0000] {dag.py:2941} INFO - Sync 1 DAGs
[2024-10-20T02:50:50.416+0000] {logging_mixin.py:154} INFO - [2024-10-20T02:50:50.415+0000] {dag.py:3722} INFO - Setting next_dagrun for example_skip_dag to 2024-10-19T02:50:50.415638+00:00, run_after=2024-10-20T02:50:50.415638+00:00
[2024-10-20T02:50:50.441+0000] {processor.py:179} INFO - Processing /home/airflow/.local/lib/python3.8/site-packages/airflow/example_dags/example_skip_dag.py took 0.083 seconds
[2024-10-20T02:51:20.652+0000] {processor.py:157} INFO - Started process (PID=638) to work on /home/airflow/.local/lib/python3.8/site-packages/airflow/example_dags/example_skip_dag.py
[2024-10-20T02:51:20.655+0000] {processor.py:829} INFO - Processing file /home/airflow/.local/lib/python3.8/site-packages/airflow/example_dags/example_skip_dag.py for tasks to queue
[2024-10-20T02:51:20.657+0000] {logging_mixin.py:154} INFO - [2024-10-20T02:51:20.657+0000] {dagbag.py:536} INFO - Filling up the DagBag from /home/airflow/.local/lib/python3.8/site-packages/airflow/example_dags/example_skip_dag.py
[2024-10-20T02:51:20.666+0000] {processor.py:839} INFO - DAG(s) dict_keys(['example_skip_dag']) retrieved from /home/airflow/.local/lib/python3.8/site-packages/airflow/example_dags/example_skip_dag.py
[2024-10-20T02:51:20.691+0000] {logging_mixin.py:154} INFO - [2024-10-20T02:51:20.691+0000] {dag.py:2941} INFO - Sync 1 DAGs
[2024-10-20T02:51:20.717+0000] {logging_mixin.py:154} INFO - [2024-10-20T02:51:20.716+0000] {dag.py:3722} INFO - Setting next_dagrun for example_skip_dag to 2024-10-19T02:51:20.716556+00:00, run_after=2024-10-20T02:51:20.716556+00:00
[2024-10-20T02:51:20.741+0000] {processor.py:179} INFO - Processing /home/airflow/.local/lib/python3.8/site-packages/airflow/example_dags/example_skip_dag.py took 0.092 seconds
[2024-10-20T02:51:50.844+0000] {processor.py:157} INFO - Started process (PID=693) to work on /home/airflow/.local/lib/python3.8/site-packages/airflow/example_dags/example_skip_dag.py
[2024-10-20T02:51:50.845+0000] {processor.py:829} INFO - Processing file /home/airflow/.local/lib/python3.8/site-packages/airflow/example_dags/example_skip_dag.py for tasks to queue
[2024-10-20T02:51:50.847+0000] {logging_mixin.py:154} INFO - [2024-10-20T02:51:50.847+0000] {dagbag.py:536} INFO - Filling up the DagBag from /home/airflow/.local/lib/python3.8/site-packages/airflow/example_dags/example_skip_dag.py
[2024-10-20T02:51:50.854+0000] {processor.py:839} INFO - DAG(s) dict_keys(['example_skip_dag']) retrieved from /home/airflow/.local/lib/python3.8/site-packages/airflow/example_dags/example_skip_dag.py
[2024-10-20T02:51:50.881+0000] {logging_mixin.py:154} INFO - [2024-10-20T02:51:50.881+0000] {dag.py:2941} INFO - Sync 1 DAGs
[2024-10-20T02:51:50.908+0000] {logging_mixin.py:154} INFO - [2024-10-20T02:51:50.908+0000] {dag.py:3722} INFO - Setting next_dagrun for example_skip_dag to 2024-10-19T02:51:50.908158+00:00, run_after=2024-10-20T02:51:50.908158+00:00
[2024-10-20T02:51:50.934+0000] {processor.py:179} INFO - Processing /home/airflow/.local/lib/python3.8/site-packages/airflow/example_dags/example_skip_dag.py took 0.093 seconds
[2024-10-20T02:52:21.054+0000] {processor.py:157} INFO - Started process (PID=749) to work on /home/airflow/.local/lib/python3.8/site-packages/airflow/example_dags/example_skip_dag.py
[2024-10-20T02:52:21.056+0000] {processor.py:829} INFO - Processing file /home/airflow/.local/lib/python3.8/site-packages/airflow/example_dags/example_skip_dag.py for tasks to queue
[2024-10-20T02:52:21.058+0000] {logging_mixin.py:154} INFO - [2024-10-20T02:52:21.058+0000] {dagbag.py:536} INFO - Filling up the DagBag from /home/airflow/.local/lib/python3.8/site-packages/airflow/example_dags/example_skip_dag.py
[2024-10-20T02:52:21.066+0000] {processor.py:839} INFO - DAG(s) dict_keys(['example_skip_dag']) retrieved from /home/airflow/.local/lib/python3.8/site-packages/airflow/example_dags/example_skip_dag.py
[2024-10-20T02:52:21.089+0000] {logging_mixin.py:154} INFO - [2024-10-20T02:52:21.088+0000] {dag.py:2941} INFO - Sync 1 DAGs
[2024-10-20T02:52:21.114+0000] {logging_mixin.py:154} INFO - [2024-10-20T02:52:21.114+0000] {dag.py:3722} INFO - Setting next_dagrun for example_skip_dag to 2024-10-19T02:52:21.113980+00:00, run_after=2024-10-20T02:52:21.113980+00:00
[2024-10-20T02:52:21.136+0000] {processor.py:179} INFO - Processing /home/airflow/.local/lib/python3.8/site-packages/airflow/example_dags/example_skip_dag.py took 0.085 seconds
[2024-10-20T02:52:51.225+0000] {processor.py:157} INFO - Started process (PID=805) to work on /home/airflow/.local/lib/python3.8/site-packages/airflow/example_dags/example_skip_dag.py
[2024-10-20T02:52:51.227+0000] {processor.py:829} INFO - Processing file /home/airflow/.local/lib/python3.8/site-packages/airflow/example_dags/example_skip_dag.py for tasks to queue
[2024-10-20T02:52:51.230+0000] {logging_mixin.py:154} INFO - [2024-10-20T02:52:51.229+0000] {dagbag.py:536} INFO - Filling up the DagBag from /home/airflow/.local/lib/python3.8/site-packages/airflow/example_dags/example_skip_dag.py
[2024-10-20T02:52:51.236+0000] {processor.py:839} INFO - DAG(s) dict_keys(['example_skip_dag']) retrieved from /home/airflow/.local/lib/python3.8/site-packages/airflow/example_dags/example_skip_dag.py
[2024-10-20T02:52:51.257+0000] {logging_mixin.py:154} INFO - [2024-10-20T02:52:51.257+0000] {dag.py:2941} INFO - Sync 1 DAGs
[2024-10-20T02:52:51.278+0000] {logging_mixin.py:154} INFO - [2024-10-20T02:52:51.278+0000] {dag.py:3722} INFO - Setting next_dagrun for example_skip_dag to 2024-10-19T02:52:51.277921+00:00, run_after=2024-10-20T02:52:51.277921+00:00
[2024-10-20T02:52:51.301+0000] {processor.py:179} INFO - Processing /home/airflow/.local/lib/python3.8/site-packages/airflow/example_dags/example_skip_dag.py took 0.079 seconds
[2024-10-20T02:53:22.005+0000] {processor.py:157} INFO - Started process (PID=863) to work on /home/airflow/.local/lib/python3.8/site-packages/airflow/example_dags/example_skip_dag.py
[2024-10-20T02:53:22.006+0000] {processor.py:829} INFO - Processing file /home/airflow/.local/lib/python3.8/site-packages/airflow/example_dags/example_skip_dag.py for tasks to queue
[2024-10-20T02:53:22.008+0000] {logging_mixin.py:154} INFO - [2024-10-20T02:53:22.008+0000] {dagbag.py:536} INFO - Filling up the DagBag from /home/airflow/.local/lib/python3.8/site-packages/airflow/example_dags/example_skip_dag.py
[2024-10-20T02:53:22.014+0000] {processor.py:839} INFO - DAG(s) dict_keys(['example_skip_dag']) retrieved from /home/airflow/.local/lib/python3.8/site-packages/airflow/example_dags/example_skip_dag.py
[2024-10-20T02:53:22.041+0000] {logging_mixin.py:154} INFO - [2024-10-20T02:53:22.041+0000] {dag.py:2941} INFO - Sync 1 DAGs
[2024-10-20T02:53:22.069+0000] {logging_mixin.py:154} INFO - [2024-10-20T02:53:22.069+0000] {dag.py:3722} INFO - Setting next_dagrun for example_skip_dag to 2024-10-19T02:53:22.068582+00:00, run_after=2024-10-20T02:53:22.068582+00:00
[2024-10-20T02:53:22.096+0000] {processor.py:179} INFO - Processing /home/airflow/.local/lib/python3.8/site-packages/airflow/example_dags/example_skip_dag.py took 0.094 seconds
[2024-10-20T02:53:52.721+0000] {processor.py:157} INFO - Started process (PID=921) to work on /home/airflow/.local/lib/python3.8/site-packages/airflow/example_dags/example_skip_dag.py
[2024-10-20T02:53:52.722+0000] {processor.py:829} INFO - Processing file /home/airflow/.local/lib/python3.8/site-packages/airflow/example_dags/example_skip_dag.py for tasks to queue
[2024-10-20T02:53:52.725+0000] {logging_mixin.py:154} INFO - [2024-10-20T02:53:52.725+0000] {dagbag.py:536} INFO - Filling up the DagBag from /home/airflow/.local/lib/python3.8/site-packages/airflow/example_dags/example_skip_dag.py
[2024-10-20T02:53:52.732+0000] {processor.py:839} INFO - DAG(s) dict_keys(['example_skip_dag']) retrieved from /home/airflow/.local/lib/python3.8/site-packages/airflow/example_dags/example_skip_dag.py
[2024-10-20T02:53:52.758+0000] {logging_mixin.py:154} INFO - [2024-10-20T02:53:52.758+0000] {dag.py:2941} INFO - Sync 1 DAGs
[2024-10-20T02:53:52.784+0000] {logging_mixin.py:154} INFO - [2024-10-20T02:53:52.784+0000] {dag.py:3722} INFO - Setting next_dagrun for example_skip_dag to 2024-10-19T02:53:52.783816+00:00, run_after=2024-10-20T02:53:52.783816+00:00
[2024-10-20T02:53:52.811+0000] {processor.py:179} INFO - Processing /home/airflow/.local/lib/python3.8/site-packages/airflow/example_dags/example_skip_dag.py took 0.094 seconds
[2024-10-20T02:54:23.108+0000] {processor.py:157} INFO - Started process (PID=977) to work on /home/airflow/.local/lib/python3.8/site-packages/airflow/example_dags/example_skip_dag.py
[2024-10-20T02:54:23.110+0000] {processor.py:829} INFO - Processing file /home/airflow/.local/lib/python3.8/site-packages/airflow/example_dags/example_skip_dag.py for tasks to queue
[2024-10-20T02:54:23.112+0000] {logging_mixin.py:154} INFO - [2024-10-20T02:54:23.112+0000] {dagbag.py:536} INFO - Filling up the DagBag from /home/airflow/.local/lib/python3.8/site-packages/airflow/example_dags/example_skip_dag.py
[2024-10-20T02:54:23.119+0000] {processor.py:839} INFO - DAG(s) dict_keys(['example_skip_dag']) retrieved from /home/airflow/.local/lib/python3.8/site-packages/airflow/example_dags/example_skip_dag.py
[2024-10-20T02:54:23.143+0000] {logging_mixin.py:154} INFO - [2024-10-20T02:54:23.143+0000] {dag.py:2941} INFO - Sync 1 DAGs
[2024-10-20T02:54:23.167+0000] {logging_mixin.py:154} INFO - [2024-10-20T02:54:23.167+0000] {dag.py:3722} INFO - Setting next_dagrun for example_skip_dag to 2024-10-19T02:54:23.166948+00:00, run_after=2024-10-20T02:54:23.166948+00:00
[2024-10-20T02:54:23.200+0000] {processor.py:179} INFO - Processing /home/airflow/.local/lib/python3.8/site-packages/airflow/example_dags/example_skip_dag.py took 0.094 seconds
[2024-10-20T02:54:53.568+0000] {processor.py:157} INFO - Started process (PID=1033) to work on /home/airflow/.local/lib/python3.8/site-packages/airflow/example_dags/example_skip_dag.py
[2024-10-20T02:54:53.569+0000] {processor.py:829} INFO - Processing file /home/airflow/.local/lib/python3.8/site-packages/airflow/example_dags/example_skip_dag.py for tasks to queue
[2024-10-20T02:54:53.571+0000] {logging_mixin.py:154} INFO - [2024-10-20T02:54:53.571+0000] {dagbag.py:536} INFO - Filling up the DagBag from /home/airflow/.local/lib/python3.8/site-packages/airflow/example_dags/example_skip_dag.py
[2024-10-20T02:54:53.578+0000] {processor.py:839} INFO - DAG(s) dict_keys(['example_skip_dag']) retrieved from /home/airflow/.local/lib/python3.8/site-packages/airflow/example_dags/example_skip_dag.py
[2024-10-20T02:54:53.603+0000] {logging_mixin.py:154} INFO - [2024-10-20T02:54:53.603+0000] {dag.py:2941} INFO - Sync 1 DAGs
[2024-10-20T02:54:53.626+0000] {logging_mixin.py:154} INFO - [2024-10-20T02:54:53.625+0000] {dag.py:3722} INFO - Setting next_dagrun for example_skip_dag to 2024-10-19T02:54:53.625653+00:00, run_after=2024-10-20T02:54:53.625653+00:00
[2024-10-20T02:54:53.652+0000] {processor.py:179} INFO - Processing /home/airflow/.local/lib/python3.8/site-packages/airflow/example_dags/example_skip_dag.py took 0.087 seconds
[2024-10-20T02:55:24.383+0000] {processor.py:157} INFO - Started process (PID=1091) to work on /home/airflow/.local/lib/python3.8/site-packages/airflow/example_dags/example_skip_dag.py
[2024-10-20T02:55:24.385+0000] {processor.py:829} INFO - Processing file /home/airflow/.local/lib/python3.8/site-packages/airflow/example_dags/example_skip_dag.py for tasks to queue
[2024-10-20T02:55:24.387+0000] {logging_mixin.py:154} INFO - [2024-10-20T02:55:24.387+0000] {dagbag.py:536} INFO - Filling up the DagBag from /home/airflow/.local/lib/python3.8/site-packages/airflow/example_dags/example_skip_dag.py
[2024-10-20T02:55:24.395+0000] {processor.py:839} INFO - DAG(s) dict_keys(['example_skip_dag']) retrieved from /home/airflow/.local/lib/python3.8/site-packages/airflow/example_dags/example_skip_dag.py
[2024-10-20T02:55:24.424+0000] {logging_mixin.py:154} INFO - [2024-10-20T02:55:24.424+0000] {dag.py:2941} INFO - Sync 1 DAGs
[2024-10-20T02:55:24.449+0000] {logging_mixin.py:154} INFO - [2024-10-20T02:55:24.449+0000] {dag.py:3722} INFO - Setting next_dagrun for example_skip_dag to 2024-10-19T02:55:24.449298+00:00, run_after=2024-10-20T02:55:24.449298+00:00
[2024-10-20T02:55:24.481+0000] {processor.py:179} INFO - Processing /home/airflow/.local/lib/python3.8/site-packages/airflow/example_dags/example_skip_dag.py took 0.102 seconds
[2024-10-20T02:55:55.732+0000] {processor.py:157} INFO - Started process (PID=1151) to work on /home/airflow/.local/lib/python3.8/site-packages/airflow/example_dags/example_skip_dag.py
[2024-10-20T02:55:55.734+0000] {processor.py:829} INFO - Processing file /home/airflow/.local/lib/python3.8/site-packages/airflow/example_dags/example_skip_dag.py for tasks to queue
[2024-10-20T02:55:55.736+0000] {logging_mixin.py:154} INFO - [2024-10-20T02:55:55.736+0000] {dagbag.py:536} INFO - Filling up the DagBag from /home/airflow/.local/lib/python3.8/site-packages/airflow/example_dags/example_skip_dag.py
[2024-10-20T02:55:55.744+0000] {processor.py:839} INFO - DAG(s) dict_keys(['example_skip_dag']) retrieved from /home/airflow/.local/lib/python3.8/site-packages/airflow/example_dags/example_skip_dag.py
[2024-10-20T02:55:55.768+0000] {logging_mixin.py:154} INFO - [2024-10-20T02:55:55.768+0000] {dag.py:2941} INFO - Sync 1 DAGs
[2024-10-20T02:55:55.955+0000] {logging_mixin.py:154} INFO - [2024-10-20T02:55:55.955+0000] {dag.py:3722} INFO - Setting next_dagrun for example_skip_dag to 2024-10-19T02:55:55.954863+00:00, run_after=2024-10-20T02:55:55.954863+00:00
[2024-10-20T02:55:55.979+0000] {processor.py:179} INFO - Processing /home/airflow/.local/lib/python3.8/site-packages/airflow/example_dags/example_skip_dag.py took 0.250 seconds
[2024-10-20T02:56:26.445+0000] {processor.py:157} INFO - Started process (PID=1207) to work on /home/airflow/.local/lib/python3.8/site-packages/airflow/example_dags/example_skip_dag.py
[2024-10-20T02:56:26.446+0000] {processor.py:829} INFO - Processing file /home/airflow/.local/lib/python3.8/site-packages/airflow/example_dags/example_skip_dag.py for tasks to queue
[2024-10-20T02:56:26.450+0000] {logging_mixin.py:154} INFO - [2024-10-20T02:56:26.449+0000] {dagbag.py:536} INFO - Filling up the DagBag from /home/airflow/.local/lib/python3.8/site-packages/airflow/example_dags/example_skip_dag.py
[2024-10-20T02:56:26.457+0000] {processor.py:839} INFO - DAG(s) dict_keys(['example_skip_dag']) retrieved from /home/airflow/.local/lib/python3.8/site-packages/airflow/example_dags/example_skip_dag.py
[2024-10-20T02:56:26.492+0000] {logging_mixin.py:154} INFO - [2024-10-20T02:56:26.491+0000] {dag.py:2941} INFO - Sync 1 DAGs
[2024-10-20T02:56:26.523+0000] {logging_mixin.py:154} INFO - [2024-10-20T02:56:26.523+0000] {dag.py:3722} INFO - Setting next_dagrun for example_skip_dag to 2024-10-19T02:56:26.522981+00:00, run_after=2024-10-20T02:56:26.522981+00:00
[2024-10-20T02:56:26.751+0000] {processor.py:179} INFO - Processing /home/airflow/.local/lib/python3.8/site-packages/airflow/example_dags/example_skip_dag.py took 0.311 seconds
[2024-10-20T02:56:56.965+0000] {processor.py:157} INFO - Started process (PID=1263) to work on /home/airflow/.local/lib/python3.8/site-packages/airflow/example_dags/example_skip_dag.py
[2024-10-20T02:56:56.967+0000] {processor.py:829} INFO - Processing file /home/airflow/.local/lib/python3.8/site-packages/airflow/example_dags/example_skip_dag.py for tasks to queue
[2024-10-20T02:56:56.969+0000] {logging_mixin.py:154} INFO - [2024-10-20T02:56:56.969+0000] {dagbag.py:536} INFO - Filling up the DagBag from /home/airflow/.local/lib/python3.8/site-packages/airflow/example_dags/example_skip_dag.py
[2024-10-20T02:56:56.979+0000] {processor.py:839} INFO - DAG(s) dict_keys(['example_skip_dag']) retrieved from /home/airflow/.local/lib/python3.8/site-packages/airflow/example_dags/example_skip_dag.py
[2024-10-20T02:56:57.009+0000] {logging_mixin.py:154} INFO - [2024-10-20T02:56:57.008+0000] {dag.py:2941} INFO - Sync 1 DAGs
[2024-10-20T02:56:57.035+0000] {logging_mixin.py:154} INFO - [2024-10-20T02:56:57.035+0000] {dag.py:3722} INFO - Setting next_dagrun for example_skip_dag to 2024-10-19T02:56:57.034924+00:00, run_after=2024-10-20T02:56:57.034924+00:00
[2024-10-20T02:56:57.060+0000] {processor.py:179} INFO - Processing /home/airflow/.local/lib/python3.8/site-packages/airflow/example_dags/example_skip_dag.py took 0.097 seconds
[2024-10-20T02:57:27.705+0000] {processor.py:157} INFO - Started process (PID=1321) to work on /home/airflow/.local/lib/python3.8/site-packages/airflow/example_dags/example_skip_dag.py
[2024-10-20T02:57:27.707+0000] {processor.py:829} INFO - Processing file /home/airflow/.local/lib/python3.8/site-packages/airflow/example_dags/example_skip_dag.py for tasks to queue
[2024-10-20T02:57:27.709+0000] {logging_mixin.py:154} INFO - [2024-10-20T02:57:27.709+0000] {dagbag.py:536} INFO - Filling up the DagBag from /home/airflow/.local/lib/python3.8/site-packages/airflow/example_dags/example_skip_dag.py
[2024-10-20T02:57:27.715+0000] {processor.py:839} INFO - DAG(s) dict_keys(['example_skip_dag']) retrieved from /home/airflow/.local/lib/python3.8/site-packages/airflow/example_dags/example_skip_dag.py
[2024-10-20T02:57:27.737+0000] {logging_mixin.py:154} INFO - [2024-10-20T02:57:27.737+0000] {dag.py:2941} INFO - Sync 1 DAGs
[2024-10-20T02:57:27.761+0000] {logging_mixin.py:154} INFO - [2024-10-20T02:57:27.761+0000] {dag.py:3722} INFO - Setting next_dagrun for example_skip_dag to 2024-10-19T02:57:27.761115+00:00, run_after=2024-10-20T02:57:27.761115+00:00
[2024-10-20T02:57:27.786+0000] {processor.py:179} INFO - Processing /home/airflow/.local/lib/python3.8/site-packages/airflow/example_dags/example_skip_dag.py took 0.084 seconds
[2024-10-20T02:57:58.733+0000] {processor.py:157} INFO - Started process (PID=1377) to work on /home/airflow/.local/lib/python3.8/site-packages/airflow/example_dags/example_skip_dag.py
[2024-10-20T02:57:58.734+0000] {processor.py:829} INFO - Processing file /home/airflow/.local/lib/python3.8/site-packages/airflow/example_dags/example_skip_dag.py for tasks to queue
[2024-10-20T02:57:58.737+0000] {logging_mixin.py:154} INFO - [2024-10-20T02:57:58.737+0000] {dagbag.py:536} INFO - Filling up the DagBag from /home/airflow/.local/lib/python3.8/site-packages/airflow/example_dags/example_skip_dag.py
[2024-10-20T02:57:58.747+0000] {processor.py:839} INFO - DAG(s) dict_keys(['example_skip_dag']) retrieved from /home/airflow/.local/lib/python3.8/site-packages/airflow/example_dags/example_skip_dag.py
[2024-10-20T02:57:58.778+0000] {logging_mixin.py:154} INFO - [2024-10-20T02:57:58.778+0000] {dag.py:2941} INFO - Sync 1 DAGs
[2024-10-20T02:57:58.981+0000] {logging_mixin.py:154} INFO - [2024-10-20T02:57:58.981+0000] {dag.py:3722} INFO - Setting next_dagrun for example_skip_dag to 2024-10-19T02:57:58.981086+00:00, run_after=2024-10-20T02:57:58.981086+00:00
[2024-10-20T02:57:59.013+0000] {processor.py:179} INFO - Processing /home/airflow/.local/lib/python3.8/site-packages/airflow/example_dags/example_skip_dag.py took 0.284 seconds
[2024-10-20T02:58:29.732+0000] {processor.py:157} INFO - Started process (PID=1433) to work on /home/airflow/.local/lib/python3.8/site-packages/airflow/example_dags/example_skip_dag.py
[2024-10-20T02:58:29.733+0000] {processor.py:829} INFO - Processing file /home/airflow/.local/lib/python3.8/site-packages/airflow/example_dags/example_skip_dag.py for tasks to queue
[2024-10-20T02:58:29.735+0000] {logging_mixin.py:154} INFO - [2024-10-20T02:58:29.735+0000] {dagbag.py:536} INFO - Filling up the DagBag from /home/airflow/.local/lib/python3.8/site-packages/airflow/example_dags/example_skip_dag.py
[2024-10-20T02:58:29.744+0000] {processor.py:839} INFO - DAG(s) dict_keys(['example_skip_dag']) retrieved from /home/airflow/.local/lib/python3.8/site-packages/airflow/example_dags/example_skip_dag.py
[2024-10-20T02:58:29.777+0000] {logging_mixin.py:154} INFO - [2024-10-20T02:58:29.776+0000] {dag.py:2941} INFO - Sync 1 DAGs
[2024-10-20T02:58:29.806+0000] {logging_mixin.py:154} INFO - [2024-10-20T02:58:29.806+0000] {dag.py:3722} INFO - Setting next_dagrun for example_skip_dag to 2024-10-19T02:58:29.806047+00:00, run_after=2024-10-20T02:58:29.806047+00:00
[2024-10-20T02:58:29.841+0000] {processor.py:179} INFO - Processing /home/airflow/.local/lib/python3.8/site-packages/airflow/example_dags/example_skip_dag.py took 0.113 seconds
[2024-10-20T02:59:51.725+0000] {processor.py:157} INFO - Started process (PID=81) to work on /home/airflow/.local/lib/python3.8/site-packages/airflow/example_dags/example_skip_dag.py
[2024-10-20T02:59:51.726+0000] {processor.py:829} INFO - Processing file /home/airflow/.local/lib/python3.8/site-packages/airflow/example_dags/example_skip_dag.py for tasks to queue
[2024-10-20T02:59:51.729+0000] {logging_mixin.py:154} INFO - [2024-10-20T02:59:51.729+0000] {dagbag.py:536} INFO - Filling up the DagBag from /home/airflow/.local/lib/python3.8/site-packages/airflow/example_dags/example_skip_dag.py
[2024-10-20T02:59:51.740+0000] {processor.py:839} INFO - DAG(s) dict_keys(['example_skip_dag']) retrieved from /home/airflow/.local/lib/python3.8/site-packages/airflow/example_dags/example_skip_dag.py
[2024-10-20T02:59:51.757+0000] {logging_mixin.py:154} INFO - [2024-10-20T02:59:51.757+0000] {dag.py:2941} INFO - Sync 1 DAGs
[2024-10-20T02:59:51.808+0000] {logging_mixin.py:154} INFO - [2024-10-20T02:59:51.808+0000] {dag.py:3722} INFO - Setting next_dagrun for example_skip_dag to 2024-10-19T02:59:51.807153+00:00, run_after=2024-10-20T02:59:51.807153+00:00
[2024-10-20T02:59:51.852+0000] {processor.py:179} INFO - Processing /home/airflow/.local/lib/python3.8/site-packages/airflow/example_dags/example_skip_dag.py took 0.130 seconds
[2024-10-20T03:00:23.488+0000] {processor.py:157} INFO - Started process (PID=141) to work on /home/airflow/.local/lib/python3.8/site-packages/airflow/example_dags/example_skip_dag.py
[2024-10-20T03:00:23.490+0000] {processor.py:829} INFO - Processing file /home/airflow/.local/lib/python3.8/site-packages/airflow/example_dags/example_skip_dag.py for tasks to queue
[2024-10-20T03:00:23.494+0000] {logging_mixin.py:154} INFO - [2024-10-20T03:00:23.492+0000] {dagbag.py:536} INFO - Filling up the DagBag from /home/airflow/.local/lib/python3.8/site-packages/airflow/example_dags/example_skip_dag.py
[2024-10-20T03:00:23.508+0000] {processor.py:839} INFO - DAG(s) dict_keys(['example_skip_dag']) retrieved from /home/airflow/.local/lib/python3.8/site-packages/airflow/example_dags/example_skip_dag.py
[2024-10-20T03:00:23.544+0000] {logging_mixin.py:154} INFO - [2024-10-20T03:00:23.544+0000] {dag.py:2941} INFO - Sync 1 DAGs
[2024-10-20T03:00:23.581+0000] {logging_mixin.py:154} INFO - [2024-10-20T03:00:23.581+0000] {dag.py:3722} INFO - Setting next_dagrun for example_skip_dag to 2024-10-19T03:00:23.580698+00:00, run_after=2024-10-20T03:00:23.580698+00:00
[2024-10-20T03:00:23.617+0000] {processor.py:179} INFO - Processing /home/airflow/.local/lib/python3.8/site-packages/airflow/example_dags/example_skip_dag.py took 0.135 seconds
[2024-10-20T03:00:54.055+0000] {processor.py:157} INFO - Started process (PID=197) to work on /home/airflow/.local/lib/python3.8/site-packages/airflow/example_dags/example_skip_dag.py
[2024-10-20T03:00:54.056+0000] {processor.py:829} INFO - Processing file /home/airflow/.local/lib/python3.8/site-packages/airflow/example_dags/example_skip_dag.py for tasks to queue
[2024-10-20T03:00:54.059+0000] {logging_mixin.py:154} INFO - [2024-10-20T03:00:54.059+0000] {dagbag.py:536} INFO - Filling up the DagBag from /home/airflow/.local/lib/python3.8/site-packages/airflow/example_dags/example_skip_dag.py
[2024-10-20T03:00:54.068+0000] {processor.py:839} INFO - DAG(s) dict_keys(['example_skip_dag']) retrieved from /home/airflow/.local/lib/python3.8/site-packages/airflow/example_dags/example_skip_dag.py
[2024-10-20T03:00:54.102+0000] {logging_mixin.py:154} INFO - [2024-10-20T03:00:54.101+0000] {dag.py:2941} INFO - Sync 1 DAGs
[2024-10-20T03:00:54.277+0000] {logging_mixin.py:154} INFO - [2024-10-20T03:00:54.277+0000] {dag.py:3722} INFO - Setting next_dagrun for example_skip_dag to 2024-10-19T03:00:54.276330+00:00, run_after=2024-10-20T03:00:54.276330+00:00
[2024-10-20T03:00:54.324+0000] {processor.py:179} INFO - Processing /home/airflow/.local/lib/python3.8/site-packages/airflow/example_dags/example_skip_dag.py took 0.272 seconds
[2024-10-20T03:01:25.191+0000] {processor.py:157} INFO - Started process (PID=252) to work on /home/airflow/.local/lib/python3.8/site-packages/airflow/example_dags/example_skip_dag.py
[2024-10-20T03:01:25.192+0000] {processor.py:829} INFO - Processing file /home/airflow/.local/lib/python3.8/site-packages/airflow/example_dags/example_skip_dag.py for tasks to queue
[2024-10-20T03:01:25.195+0000] {logging_mixin.py:154} INFO - [2024-10-20T03:01:25.195+0000] {dagbag.py:536} INFO - Filling up the DagBag from /home/airflow/.local/lib/python3.8/site-packages/airflow/example_dags/example_skip_dag.py
[2024-10-20T03:01:25.203+0000] {processor.py:839} INFO - DAG(s) dict_keys(['example_skip_dag']) retrieved from /home/airflow/.local/lib/python3.8/site-packages/airflow/example_dags/example_skip_dag.py
[2024-10-20T03:01:25.231+0000] {logging_mixin.py:154} INFO - [2024-10-20T03:01:25.231+0000] {dag.py:2941} INFO - Sync 1 DAGs
[2024-10-20T03:01:25.259+0000] {logging_mixin.py:154} INFO - [2024-10-20T03:01:25.259+0000] {dag.py:3722} INFO - Setting next_dagrun for example_skip_dag to 2024-10-19T03:01:25.258924+00:00, run_after=2024-10-20T03:01:25.258924+00:00
[2024-10-20T03:01:25.296+0000] {processor.py:179} INFO - Processing /home/airflow/.local/lib/python3.8/site-packages/airflow/example_dags/example_skip_dag.py took 0.108 seconds
[2024-10-20T03:01:55.458+0000] {processor.py:157} INFO - Started process (PID=309) to work on /home/airflow/.local/lib/python3.8/site-packages/airflow/example_dags/example_skip_dag.py
[2024-10-20T03:01:55.459+0000] {processor.py:829} INFO - Processing file /home/airflow/.local/lib/python3.8/site-packages/airflow/example_dags/example_skip_dag.py for tasks to queue
[2024-10-20T03:01:55.462+0000] {logging_mixin.py:154} INFO - [2024-10-20T03:01:55.462+0000] {dagbag.py:536} INFO - Filling up the DagBag from /home/airflow/.local/lib/python3.8/site-packages/airflow/example_dags/example_skip_dag.py
[2024-10-20T03:01:55.471+0000] {processor.py:839} INFO - DAG(s) dict_keys(['example_skip_dag']) retrieved from /home/airflow/.local/lib/python3.8/site-packages/airflow/example_dags/example_skip_dag.py
[2024-10-20T03:01:55.508+0000] {logging_mixin.py:154} INFO - [2024-10-20T03:01:55.508+0000] {dag.py:2941} INFO - Sync 1 DAGs
[2024-10-20T03:01:55.544+0000] {logging_mixin.py:154} INFO - [2024-10-20T03:01:55.543+0000] {dag.py:3722} INFO - Setting next_dagrun for example_skip_dag to 2024-10-19T03:01:55.543164+00:00, run_after=2024-10-20T03:01:55.543164+00:00
[2024-10-20T03:01:55.578+0000] {processor.py:179} INFO - Processing /home/airflow/.local/lib/python3.8/site-packages/airflow/example_dags/example_skip_dag.py took 0.124 seconds
[2024-10-20T03:02:25.996+0000] {processor.py:157} INFO - Started process (PID=367) to work on /home/airflow/.local/lib/python3.8/site-packages/airflow/example_dags/example_skip_dag.py
[2024-10-20T03:02:25.997+0000] {processor.py:829} INFO - Processing file /home/airflow/.local/lib/python3.8/site-packages/airflow/example_dags/example_skip_dag.py for tasks to queue
[2024-10-20T03:02:26.000+0000] {logging_mixin.py:154} INFO - [2024-10-20T03:02:26.000+0000] {dagbag.py:536} INFO - Filling up the DagBag from /home/airflow/.local/lib/python3.8/site-packages/airflow/example_dags/example_skip_dag.py
[2024-10-20T03:02:26.007+0000] {processor.py:839} INFO - DAG(s) dict_keys(['example_skip_dag']) retrieved from /home/airflow/.local/lib/python3.8/site-packages/airflow/example_dags/example_skip_dag.py
[2024-10-20T03:02:26.031+0000] {logging_mixin.py:154} INFO - [2024-10-20T03:02:26.031+0000] {dag.py:2941} INFO - Sync 1 DAGs
[2024-10-20T03:02:26.054+0000] {logging_mixin.py:154} INFO - [2024-10-20T03:02:26.054+0000] {dag.py:3722} INFO - Setting next_dagrun for example_skip_dag to 2024-10-19T03:02:26.053768+00:00, run_after=2024-10-20T03:02:26.053768+00:00
[2024-10-20T03:02:26.083+0000] {processor.py:179} INFO - Processing /home/airflow/.local/lib/python3.8/site-packages/airflow/example_dags/example_skip_dag.py took 0.090 seconds
[2024-10-20T03:02:56.597+0000] {processor.py:157} INFO - Started process (PID=423) to work on /home/airflow/.local/lib/python3.8/site-packages/airflow/example_dags/example_skip_dag.py
[2024-10-20T03:02:56.598+0000] {processor.py:829} INFO - Processing file /home/airflow/.local/lib/python3.8/site-packages/airflow/example_dags/example_skip_dag.py for tasks to queue
[2024-10-20T03:02:56.600+0000] {logging_mixin.py:154} INFO - [2024-10-20T03:02:56.600+0000] {dagbag.py:536} INFO - Filling up the DagBag from /home/airflow/.local/lib/python3.8/site-packages/airflow/example_dags/example_skip_dag.py
[2024-10-20T03:02:56.606+0000] {processor.py:839} INFO - DAG(s) dict_keys(['example_skip_dag']) retrieved from /home/airflow/.local/lib/python3.8/site-packages/airflow/example_dags/example_skip_dag.py
[2024-10-20T03:02:56.629+0000] {logging_mixin.py:154} INFO - [2024-10-20T03:02:56.629+0000] {dag.py:2941} INFO - Sync 1 DAGs
[2024-10-20T03:02:56.651+0000] {logging_mixin.py:154} INFO - [2024-10-20T03:02:56.651+0000] {dag.py:3722} INFO - Setting next_dagrun for example_skip_dag to 2024-10-19T03:02:56.651246+00:00, run_after=2024-10-20T03:02:56.651246+00:00
[2024-10-20T03:02:56.674+0000] {processor.py:179} INFO - Processing /home/airflow/.local/lib/python3.8/site-packages/airflow/example_dags/example_skip_dag.py took 0.080 seconds
[2024-10-20T03:03:26.744+0000] {processor.py:157} INFO - Started process (PID=479) to work on /home/airflow/.local/lib/python3.8/site-packages/airflow/example_dags/example_skip_dag.py
[2024-10-20T03:03:26.745+0000] {processor.py:829} INFO - Processing file /home/airflow/.local/lib/python3.8/site-packages/airflow/example_dags/example_skip_dag.py for tasks to queue
[2024-10-20T03:03:26.748+0000] {logging_mixin.py:154} INFO - [2024-10-20T03:03:26.747+0000] {dagbag.py:536} INFO - Filling up the DagBag from /home/airflow/.local/lib/python3.8/site-packages/airflow/example_dags/example_skip_dag.py
[2024-10-20T03:03:26.754+0000] {processor.py:839} INFO - DAG(s) dict_keys(['example_skip_dag']) retrieved from /home/airflow/.local/lib/python3.8/site-packages/airflow/example_dags/example_skip_dag.py
[2024-10-20T03:03:26.780+0000] {logging_mixin.py:154} INFO - [2024-10-20T03:03:26.779+0000] {dag.py:2941} INFO - Sync 1 DAGs
[2024-10-20T03:03:26.806+0000] {logging_mixin.py:154} INFO - [2024-10-20T03:03:26.806+0000] {dag.py:3722} INFO - Setting next_dagrun for example_skip_dag to 2024-10-19T03:03:26.806392+00:00, run_after=2024-10-20T03:03:26.806392+00:00
[2024-10-20T03:03:26.835+0000] {processor.py:179} INFO - Processing /home/airflow/.local/lib/python3.8/site-packages/airflow/example_dags/example_skip_dag.py took 0.094 seconds
[2024-10-20T03:03:57.211+0000] {processor.py:157} INFO - Started process (PID=535) to work on /home/airflow/.local/lib/python3.8/site-packages/airflow/example_dags/example_skip_dag.py
[2024-10-20T03:03:57.212+0000] {processor.py:829} INFO - Processing file /home/airflow/.local/lib/python3.8/site-packages/airflow/example_dags/example_skip_dag.py for tasks to queue
[2024-10-20T03:03:57.214+0000] {logging_mixin.py:154} INFO - [2024-10-20T03:03:57.214+0000] {dagbag.py:536} INFO - Filling up the DagBag from /home/airflow/.local/lib/python3.8/site-packages/airflow/example_dags/example_skip_dag.py
[2024-10-20T03:03:57.220+0000] {processor.py:839} INFO - DAG(s) dict_keys(['example_skip_dag']) retrieved from /home/airflow/.local/lib/python3.8/site-packages/airflow/example_dags/example_skip_dag.py
[2024-10-20T03:03:57.244+0000] {logging_mixin.py:154} INFO - [2024-10-20T03:03:57.244+0000] {dag.py:2941} INFO - Sync 1 DAGs
[2024-10-20T03:03:57.266+0000] {logging_mixin.py:154} INFO - [2024-10-20T03:03:57.266+0000] {dag.py:3722} INFO - Setting next_dagrun for example_skip_dag to 2024-10-19T03:03:57.266450+00:00, run_after=2024-10-20T03:03:57.266450+00:00
[2024-10-20T03:03:57.287+0000] {processor.py:179} INFO - Processing /home/airflow/.local/lib/python3.8/site-packages/airflow/example_dags/example_skip_dag.py took 0.080 seconds
[2024-10-20T03:04:27.623+0000] {processor.py:157} INFO - Started process (PID=591) to work on /home/airflow/.local/lib/python3.8/site-packages/airflow/example_dags/example_skip_dag.py
[2024-10-20T03:04:27.624+0000] {processor.py:829} INFO - Processing file /home/airflow/.local/lib/python3.8/site-packages/airflow/example_dags/example_skip_dag.py for tasks to queue
[2024-10-20T03:04:27.627+0000] {logging_mixin.py:154} INFO - [2024-10-20T03:04:27.627+0000] {dagbag.py:536} INFO - Filling up the DagBag from /home/airflow/.local/lib/python3.8/site-packages/airflow/example_dags/example_skip_dag.py
[2024-10-20T03:04:27.635+0000] {processor.py:839} INFO - DAG(s) dict_keys(['example_skip_dag']) retrieved from /home/airflow/.local/lib/python3.8/site-packages/airflow/example_dags/example_skip_dag.py
[2024-10-20T03:04:27.663+0000] {logging_mixin.py:154} INFO - [2024-10-20T03:04:27.663+0000] {dag.py:2941} INFO - Sync 1 DAGs
[2024-10-20T03:04:27.691+0000] {logging_mixin.py:154} INFO - [2024-10-20T03:04:27.691+0000] {dag.py:3722} INFO - Setting next_dagrun for example_skip_dag to 2024-10-19T03:04:27.690935+00:00, run_after=2024-10-20T03:04:27.690935+00:00
[2024-10-20T03:04:27.719+0000] {processor.py:179} INFO - Processing /home/airflow/.local/lib/python3.8/site-packages/airflow/example_dags/example_skip_dag.py took 0.099 seconds
[2024-10-20T03:04:58.126+0000] {processor.py:157} INFO - Started process (PID=647) to work on /home/airflow/.local/lib/python3.8/site-packages/airflow/example_dags/example_skip_dag.py
[2024-10-20T03:04:58.127+0000] {processor.py:829} INFO - Processing file /home/airflow/.local/lib/python3.8/site-packages/airflow/example_dags/example_skip_dag.py for tasks to queue
[2024-10-20T03:04:58.130+0000] {logging_mixin.py:154} INFO - [2024-10-20T03:04:58.129+0000] {dagbag.py:536} INFO - Filling up the DagBag from /home/airflow/.local/lib/python3.8/site-packages/airflow/example_dags/example_skip_dag.py
[2024-10-20T03:04:58.136+0000] {processor.py:839} INFO - DAG(s) dict_keys(['example_skip_dag']) retrieved from /home/airflow/.local/lib/python3.8/site-packages/airflow/example_dags/example_skip_dag.py
[2024-10-20T03:04:58.160+0000] {logging_mixin.py:154} INFO - [2024-10-20T03:04:58.160+0000] {dag.py:2941} INFO - Sync 1 DAGs
[2024-10-20T03:04:58.183+0000] {logging_mixin.py:154} INFO - [2024-10-20T03:04:58.183+0000] {dag.py:3722} INFO - Setting next_dagrun for example_skip_dag to 2024-10-19T03:04:58.183454+00:00, run_after=2024-10-20T03:04:58.183454+00:00
[2024-10-20T03:04:58.207+0000] {processor.py:179} INFO - Processing /home/airflow/.local/lib/python3.8/site-packages/airflow/example_dags/example_skip_dag.py took 0.083 seconds
[2024-10-20T03:05:28.284+0000] {processor.py:157} INFO - Started process (PID=703) to work on /home/airflow/.local/lib/python3.8/site-packages/airflow/example_dags/example_skip_dag.py
[2024-10-20T03:05:28.286+0000] {processor.py:829} INFO - Processing file /home/airflow/.local/lib/python3.8/site-packages/airflow/example_dags/example_skip_dag.py for tasks to queue
[2024-10-20T03:05:28.288+0000] {logging_mixin.py:154} INFO - [2024-10-20T03:05:28.288+0000] {dagbag.py:536} INFO - Filling up the DagBag from /home/airflow/.local/lib/python3.8/site-packages/airflow/example_dags/example_skip_dag.py
[2024-10-20T03:05:28.295+0000] {processor.py:839} INFO - DAG(s) dict_keys(['example_skip_dag']) retrieved from /home/airflow/.local/lib/python3.8/site-packages/airflow/example_dags/example_skip_dag.py
[2024-10-20T03:05:28.322+0000] {logging_mixin.py:154} INFO - [2024-10-20T03:05:28.322+0000] {dag.py:2941} INFO - Sync 1 DAGs
[2024-10-20T03:05:28.346+0000] {logging_mixin.py:154} INFO - [2024-10-20T03:05:28.345+0000] {dag.py:3722} INFO - Setting next_dagrun for example_skip_dag to 2024-10-19T03:05:28.345767+00:00, run_after=2024-10-20T03:05:28.345767+00:00
[2024-10-20T03:05:28.370+0000] {processor.py:179} INFO - Processing /home/airflow/.local/lib/python3.8/site-packages/airflow/example_dags/example_skip_dag.py took 0.089 seconds
[2024-10-20T03:05:58.539+0000] {processor.py:157} INFO - Started process (PID=758) to work on /home/airflow/.local/lib/python3.8/site-packages/airflow/example_dags/example_skip_dag.py
[2024-10-20T03:05:58.540+0000] {processor.py:829} INFO - Processing file /home/airflow/.local/lib/python3.8/site-packages/airflow/example_dags/example_skip_dag.py for tasks to queue
[2024-10-20T03:05:58.542+0000] {logging_mixin.py:154} INFO - [2024-10-20T03:05:58.542+0000] {dagbag.py:536} INFO - Filling up the DagBag from /home/airflow/.local/lib/python3.8/site-packages/airflow/example_dags/example_skip_dag.py
[2024-10-20T03:05:58.548+0000] {processor.py:839} INFO - DAG(s) dict_keys(['example_skip_dag']) retrieved from /home/airflow/.local/lib/python3.8/site-packages/airflow/example_dags/example_skip_dag.py
[2024-10-20T03:05:58.572+0000] {logging_mixin.py:154} INFO - [2024-10-20T03:05:58.572+0000] {dag.py:2941} INFO - Sync 1 DAGs
[2024-10-20T03:05:58.596+0000] {logging_mixin.py:154} INFO - [2024-10-20T03:05:58.596+0000] {dag.py:3722} INFO - Setting next_dagrun for example_skip_dag to 2024-10-19T03:05:58.596192+00:00, run_after=2024-10-20T03:05:58.596192+00:00
[2024-10-20T03:05:58.620+0000] {processor.py:179} INFO - Processing /home/airflow/.local/lib/python3.8/site-packages/airflow/example_dags/example_skip_dag.py took 0.084 seconds
[2024-10-20T03:06:28.969+0000] {processor.py:157} INFO - Started process (PID=814) to work on /home/airflow/.local/lib/python3.8/site-packages/airflow/example_dags/example_skip_dag.py
[2024-10-20T03:06:28.970+0000] {processor.py:829} INFO - Processing file /home/airflow/.local/lib/python3.8/site-packages/airflow/example_dags/example_skip_dag.py for tasks to queue
[2024-10-20T03:06:28.972+0000] {logging_mixin.py:154} INFO - [2024-10-20T03:06:28.972+0000] {dagbag.py:536} INFO - Filling up the DagBag from /home/airflow/.local/lib/python3.8/site-packages/airflow/example_dags/example_skip_dag.py
[2024-10-20T03:06:28.980+0000] {processor.py:839} INFO - DAG(s) dict_keys(['example_skip_dag']) retrieved from /home/airflow/.local/lib/python3.8/site-packages/airflow/example_dags/example_skip_dag.py
[2024-10-20T03:06:29.005+0000] {logging_mixin.py:154} INFO - [2024-10-20T03:06:29.005+0000] {dag.py:2941} INFO - Sync 1 DAGs
[2024-10-20T03:06:29.027+0000] {logging_mixin.py:154} INFO - [2024-10-20T03:06:29.027+0000] {dag.py:3722} INFO - Setting next_dagrun for example_skip_dag to 2024-10-19T03:06:29.027010+00:00, run_after=2024-10-20T03:06:29.027010+00:00
[2024-10-20T03:06:29.051+0000] {processor.py:179} INFO - Processing /home/airflow/.local/lib/python3.8/site-packages/airflow/example_dags/example_skip_dag.py took 0.085 seconds
[2024-10-20T03:06:59.304+0000] {processor.py:157} INFO - Started process (PID=870) to work on /home/airflow/.local/lib/python3.8/site-packages/airflow/example_dags/example_skip_dag.py
[2024-10-20T03:06:59.305+0000] {processor.py:829} INFO - Processing file /home/airflow/.local/lib/python3.8/site-packages/airflow/example_dags/example_skip_dag.py for tasks to queue
[2024-10-20T03:06:59.308+0000] {logging_mixin.py:154} INFO - [2024-10-20T03:06:59.307+0000] {dagbag.py:536} INFO - Filling up the DagBag from /home/airflow/.local/lib/python3.8/site-packages/airflow/example_dags/example_skip_dag.py
[2024-10-20T03:06:59.314+0000] {processor.py:839} INFO - DAG(s) dict_keys(['example_skip_dag']) retrieved from /home/airflow/.local/lib/python3.8/site-packages/airflow/example_dags/example_skip_dag.py
[2024-10-20T03:06:59.337+0000] {logging_mixin.py:154} INFO - [2024-10-20T03:06:59.337+0000] {dag.py:2941} INFO - Sync 1 DAGs
[2024-10-20T03:06:59.360+0000] {logging_mixin.py:154} INFO - [2024-10-20T03:06:59.360+0000] {dag.py:3722} INFO - Setting next_dagrun for example_skip_dag to 2024-10-19T03:06:59.359873+00:00, run_after=2024-10-20T03:06:59.359873+00:00
[2024-10-20T03:06:59.381+0000] {processor.py:179} INFO - Processing /home/airflow/.local/lib/python3.8/site-packages/airflow/example_dags/example_skip_dag.py took 0.079 seconds
[2024-10-20T03:07:29.806+0000] {processor.py:157} INFO - Started process (PID=926) to work on /home/airflow/.local/lib/python3.8/site-packages/airflow/example_dags/example_skip_dag.py
[2024-10-20T03:07:29.807+0000] {processor.py:829} INFO - Processing file /home/airflow/.local/lib/python3.8/site-packages/airflow/example_dags/example_skip_dag.py for tasks to queue
[2024-10-20T03:07:29.809+0000] {logging_mixin.py:154} INFO - [2024-10-20T03:07:29.809+0000] {dagbag.py:536} INFO - Filling up the DagBag from /home/airflow/.local/lib/python3.8/site-packages/airflow/example_dags/example_skip_dag.py
[2024-10-20T03:07:29.815+0000] {processor.py:839} INFO - DAG(s) dict_keys(['example_skip_dag']) retrieved from /home/airflow/.local/lib/python3.8/site-packages/airflow/example_dags/example_skip_dag.py
[2024-10-20T03:07:29.838+0000] {logging_mixin.py:154} INFO - [2024-10-20T03:07:29.838+0000] {dag.py:2941} INFO - Sync 1 DAGs
[2024-10-20T03:07:29.860+0000] {logging_mixin.py:154} INFO - [2024-10-20T03:07:29.860+0000] {dag.py:3722} INFO - Setting next_dagrun for example_skip_dag to 2024-10-19T03:07:29.860514+00:00, run_after=2024-10-20T03:07:29.860514+00:00
[2024-10-20T03:07:29.884+0000] {processor.py:179} INFO - Processing /home/airflow/.local/lib/python3.8/site-packages/airflow/example_dags/example_skip_dag.py took 0.082 seconds
[2024-10-20T03:08:47.153+0000] {processor.py:157} INFO - Started process (PID=73) to work on /home/airflow/.local/lib/python3.8/site-packages/airflow/example_dags/example_skip_dag.py
[2024-10-20T03:08:47.155+0000] {processor.py:829} INFO - Processing file /home/airflow/.local/lib/python3.8/site-packages/airflow/example_dags/example_skip_dag.py for tasks to queue
[2024-10-20T03:08:47.158+0000] {logging_mixin.py:154} INFO - [2024-10-20T03:08:47.158+0000] {dagbag.py:536} INFO - Filling up the DagBag from /home/airflow/.local/lib/python3.8/site-packages/airflow/example_dags/example_skip_dag.py
[2024-10-20T03:08:47.181+0000] {processor.py:839} INFO - DAG(s) dict_keys(['example_skip_dag']) retrieved from /home/airflow/.local/lib/python3.8/site-packages/airflow/example_dags/example_skip_dag.py
[2024-10-20T03:08:47.209+0000] {logging_mixin.py:154} INFO - [2024-10-20T03:08:47.208+0000] {dag.py:2941} INFO - Sync 1 DAGs
[2024-10-20T03:08:47.264+0000] {logging_mixin.py:154} INFO - [2024-10-20T03:08:47.263+0000] {dag.py:3722} INFO - Setting next_dagrun for example_skip_dag to 2024-10-19T03:08:47.263043+00:00, run_after=2024-10-20T03:08:47.263043+00:00
[2024-10-20T03:08:47.325+0000] {processor.py:179} INFO - Processing /home/airflow/.local/lib/python3.8/site-packages/airflow/example_dags/example_skip_dag.py took 0.176 seconds
[2024-10-20T03:09:18.248+0000] {processor.py:157} INFO - Started process (PID=134) to work on /home/airflow/.local/lib/python3.8/site-packages/airflow/example_dags/example_skip_dag.py
[2024-10-20T03:09:18.249+0000] {processor.py:829} INFO - Processing file /home/airflow/.local/lib/python3.8/site-packages/airflow/example_dags/example_skip_dag.py for tasks to queue
[2024-10-20T03:09:18.252+0000] {logging_mixin.py:154} INFO - [2024-10-20T03:09:18.251+0000] {dagbag.py:536} INFO - Filling up the DagBag from /home/airflow/.local/lib/python3.8/site-packages/airflow/example_dags/example_skip_dag.py
[2024-10-20T03:09:18.259+0000] {processor.py:839} INFO - DAG(s) dict_keys(['example_skip_dag']) retrieved from /home/airflow/.local/lib/python3.8/site-packages/airflow/example_dags/example_skip_dag.py
[2024-10-20T03:09:18.289+0000] {logging_mixin.py:154} INFO - [2024-10-20T03:09:18.289+0000] {dag.py:2941} INFO - Sync 1 DAGs
[2024-10-20T03:09:18.314+0000] {logging_mixin.py:154} INFO - [2024-10-20T03:09:18.314+0000] {dag.py:3722} INFO - Setting next_dagrun for example_skip_dag to 2024-10-19T03:09:18.314437+00:00, run_after=2024-10-20T03:09:18.314437+00:00
[2024-10-20T03:09:18.339+0000] {processor.py:179} INFO - Processing /home/airflow/.local/lib/python3.8/site-packages/airflow/example_dags/example_skip_dag.py took 0.096 seconds
[2024-10-20T03:09:49.349+0000] {processor.py:157} INFO - Started process (PID=192) to work on /home/airflow/.local/lib/python3.8/site-packages/airflow/example_dags/example_skip_dag.py
[2024-10-20T03:09:49.350+0000] {processor.py:829} INFO - Processing file /home/airflow/.local/lib/python3.8/site-packages/airflow/example_dags/example_skip_dag.py for tasks to queue
[2024-10-20T03:09:49.352+0000] {logging_mixin.py:154} INFO - [2024-10-20T03:09:49.352+0000] {dagbag.py:536} INFO - Filling up the DagBag from /home/airflow/.local/lib/python3.8/site-packages/airflow/example_dags/example_skip_dag.py
[2024-10-20T03:09:49.358+0000] {processor.py:839} INFO - DAG(s) dict_keys(['example_skip_dag']) retrieved from /home/airflow/.local/lib/python3.8/site-packages/airflow/example_dags/example_skip_dag.py
[2024-10-20T03:09:49.385+0000] {logging_mixin.py:154} INFO - [2024-10-20T03:09:49.384+0000] {dag.py:2941} INFO - Sync 1 DAGs
[2024-10-20T03:09:49.408+0000] {logging_mixin.py:154} INFO - [2024-10-20T03:09:49.408+0000] {dag.py:3722} INFO - Setting next_dagrun for example_skip_dag to 2024-10-19T03:09:49.407851+00:00, run_after=2024-10-20T03:09:49.407851+00:00
[2024-10-20T03:09:49.433+0000] {processor.py:179} INFO - Processing /home/airflow/.local/lib/python3.8/site-packages/airflow/example_dags/example_skip_dag.py took 0.089 seconds
[2024-10-20T03:10:19.530+0000] {processor.py:157} INFO - Started process (PID=246) to work on /home/airflow/.local/lib/python3.8/site-packages/airflow/example_dags/example_skip_dag.py
[2024-10-20T03:10:19.531+0000] {processor.py:829} INFO - Processing file /home/airflow/.local/lib/python3.8/site-packages/airflow/example_dags/example_skip_dag.py for tasks to queue
[2024-10-20T03:10:19.535+0000] {logging_mixin.py:154} INFO - [2024-10-20T03:10:19.535+0000] {dagbag.py:536} INFO - Filling up the DagBag from /home/airflow/.local/lib/python3.8/site-packages/airflow/example_dags/example_skip_dag.py
[2024-10-20T03:10:19.545+0000] {processor.py:839} INFO - DAG(s) dict_keys(['example_skip_dag']) retrieved from /home/airflow/.local/lib/python3.8/site-packages/airflow/example_dags/example_skip_dag.py
[2024-10-20T03:10:19.577+0000] {logging_mixin.py:154} INFO - [2024-10-20T03:10:19.577+0000] {dag.py:2941} INFO - Sync 1 DAGs
[2024-10-20T03:10:19.608+0000] {logging_mixin.py:154} INFO - [2024-10-20T03:10:19.608+0000] {dag.py:3722} INFO - Setting next_dagrun for example_skip_dag to 2024-10-19T03:10:19.608300+00:00, run_after=2024-10-20T03:10:19.608300+00:00
[2024-10-20T03:10:19.634+0000] {processor.py:179} INFO - Processing /home/airflow/.local/lib/python3.8/site-packages/airflow/example_dags/example_skip_dag.py took 0.108 seconds
[2024-10-20T03:10:50.017+0000] {processor.py:157} INFO - Started process (PID=302) to work on /home/airflow/.local/lib/python3.8/site-packages/airflow/example_dags/example_skip_dag.py
[2024-10-20T03:10:50.019+0000] {processor.py:829} INFO - Processing file /home/airflow/.local/lib/python3.8/site-packages/airflow/example_dags/example_skip_dag.py for tasks to queue
[2024-10-20T03:10:50.023+0000] {logging_mixin.py:154} INFO - [2024-10-20T03:10:50.022+0000] {dagbag.py:536} INFO - Filling up the DagBag from /home/airflow/.local/lib/python3.8/site-packages/airflow/example_dags/example_skip_dag.py
[2024-10-20T03:10:50.035+0000] {processor.py:839} INFO - DAG(s) dict_keys(['example_skip_dag']) retrieved from /home/airflow/.local/lib/python3.8/site-packages/airflow/example_dags/example_skip_dag.py
[2024-10-20T03:10:50.067+0000] {logging_mixin.py:154} INFO - [2024-10-20T03:10:50.067+0000] {dag.py:2941} INFO - Sync 1 DAGs
[2024-10-20T03:10:50.107+0000] {logging_mixin.py:154} INFO - [2024-10-20T03:10:50.106+0000] {dag.py:3722} INFO - Setting next_dagrun for example_skip_dag to 2024-10-19T03:10:50.106266+00:00, run_after=2024-10-20T03:10:50.106266+00:00
[2024-10-20T03:10:50.158+0000] {processor.py:179} INFO - Processing /home/airflow/.local/lib/python3.8/site-packages/airflow/example_dags/example_skip_dag.py took 0.144 seconds
[2024-10-20T03:11:20.318+0000] {processor.py:157} INFO - Started process (PID=358) to work on /home/airflow/.local/lib/python3.8/site-packages/airflow/example_dags/example_skip_dag.py
[2024-10-20T03:11:20.319+0000] {processor.py:829} INFO - Processing file /home/airflow/.local/lib/python3.8/site-packages/airflow/example_dags/example_skip_dag.py for tasks to queue
[2024-10-20T03:11:20.322+0000] {logging_mixin.py:154} INFO - [2024-10-20T03:11:20.322+0000] {dagbag.py:536} INFO - Filling up the DagBag from /home/airflow/.local/lib/python3.8/site-packages/airflow/example_dags/example_skip_dag.py
[2024-10-20T03:11:20.332+0000] {processor.py:839} INFO - DAG(s) dict_keys(['example_skip_dag']) retrieved from /home/airflow/.local/lib/python3.8/site-packages/airflow/example_dags/example_skip_dag.py
[2024-10-20T03:11:20.368+0000] {logging_mixin.py:154} INFO - [2024-10-20T03:11:20.367+0000] {dag.py:2941} INFO - Sync 1 DAGs
[2024-10-20T03:11:20.397+0000] {logging_mixin.py:154} INFO - [2024-10-20T03:11:20.397+0000] {dag.py:3722} INFO - Setting next_dagrun for example_skip_dag to 2024-10-19T03:11:20.396797+00:00, run_after=2024-10-20T03:11:20.396797+00:00
[2024-10-20T03:11:20.428+0000] {processor.py:179} INFO - Processing /home/airflow/.local/lib/python3.8/site-packages/airflow/example_dags/example_skip_dag.py took 0.114 seconds
[2024-10-20T03:11:50.759+0000] {processor.py:157} INFO - Started process (PID=414) to work on /home/airflow/.local/lib/python3.8/site-packages/airflow/example_dags/example_skip_dag.py
[2024-10-20T03:11:50.761+0000] {processor.py:829} INFO - Processing file /home/airflow/.local/lib/python3.8/site-packages/airflow/example_dags/example_skip_dag.py for tasks to queue
[2024-10-20T03:11:50.763+0000] {logging_mixin.py:154} INFO - [2024-10-20T03:11:50.762+0000] {dagbag.py:536} INFO - Filling up the DagBag from /home/airflow/.local/lib/python3.8/site-packages/airflow/example_dags/example_skip_dag.py
[2024-10-20T03:11:50.769+0000] {processor.py:839} INFO - DAG(s) dict_keys(['example_skip_dag']) retrieved from /home/airflow/.local/lib/python3.8/site-packages/airflow/example_dags/example_skip_dag.py
[2024-10-20T03:11:50.792+0000] {logging_mixin.py:154} INFO - [2024-10-20T03:11:50.792+0000] {dag.py:2941} INFO - Sync 1 DAGs
[2024-10-20T03:11:50.816+0000] {logging_mixin.py:154} INFO - [2024-10-20T03:11:50.815+0000] {dag.py:3722} INFO - Setting next_dagrun for example_skip_dag to 2024-10-19T03:11:50.815689+00:00, run_after=2024-10-20T03:11:50.815689+00:00
[2024-10-20T03:11:50.839+0000] {processor.py:179} INFO - Processing /home/airflow/.local/lib/python3.8/site-packages/airflow/example_dags/example_skip_dag.py took 0.082 seconds
[2024-10-20T03:12:21.060+0000] {processor.py:157} INFO - Started process (PID=470) to work on /home/airflow/.local/lib/python3.8/site-packages/airflow/example_dags/example_skip_dag.py
[2024-10-20T03:12:21.061+0000] {processor.py:829} INFO - Processing file /home/airflow/.local/lib/python3.8/site-packages/airflow/example_dags/example_skip_dag.py for tasks to queue
[2024-10-20T03:12:21.064+0000] {logging_mixin.py:154} INFO - [2024-10-20T03:12:21.063+0000] {dagbag.py:536} INFO - Filling up the DagBag from /home/airflow/.local/lib/python3.8/site-packages/airflow/example_dags/example_skip_dag.py
[2024-10-20T03:12:21.070+0000] {processor.py:839} INFO - DAG(s) dict_keys(['example_skip_dag']) retrieved from /home/airflow/.local/lib/python3.8/site-packages/airflow/example_dags/example_skip_dag.py
[2024-10-20T03:12:21.099+0000] {logging_mixin.py:154} INFO - [2024-10-20T03:12:21.098+0000] {dag.py:2941} INFO - Sync 1 DAGs
[2024-10-20T03:12:21.123+0000] {logging_mixin.py:154} INFO - [2024-10-20T03:12:21.123+0000] {dag.py:3722} INFO - Setting next_dagrun for example_skip_dag to 2024-10-19T03:12:21.123155+00:00, run_after=2024-10-20T03:12:21.123155+00:00
[2024-10-20T03:12:21.147+0000] {processor.py:179} INFO - Processing /home/airflow/.local/lib/python3.8/site-packages/airflow/example_dags/example_skip_dag.py took 0.090 seconds
[2024-10-20T03:12:51.709+0000] {processor.py:157} INFO - Started process (PID=526) to work on /home/airflow/.local/lib/python3.8/site-packages/airflow/example_dags/example_skip_dag.py
[2024-10-20T03:12:51.710+0000] {processor.py:829} INFO - Processing file /home/airflow/.local/lib/python3.8/site-packages/airflow/example_dags/example_skip_dag.py for tasks to queue
[2024-10-20T03:12:51.712+0000] {logging_mixin.py:154} INFO - [2024-10-20T03:12:51.712+0000] {dagbag.py:536} INFO - Filling up the DagBag from /home/airflow/.local/lib/python3.8/site-packages/airflow/example_dags/example_skip_dag.py
[2024-10-20T03:12:51.718+0000] {processor.py:839} INFO - DAG(s) dict_keys(['example_skip_dag']) retrieved from /home/airflow/.local/lib/python3.8/site-packages/airflow/example_dags/example_skip_dag.py
[2024-10-20T03:12:51.742+0000] {logging_mixin.py:154} INFO - [2024-10-20T03:12:51.742+0000] {dag.py:2941} INFO - Sync 1 DAGs
[2024-10-20T03:12:51.764+0000] {logging_mixin.py:154} INFO - [2024-10-20T03:12:51.764+0000] {dag.py:3722} INFO - Setting next_dagrun for example_skip_dag to 2024-10-19T03:12:51.764165+00:00, run_after=2024-10-20T03:12:51.764165+00:00
[2024-10-20T03:12:51.785+0000] {processor.py:179} INFO - Processing /home/airflow/.local/lib/python3.8/site-packages/airflow/example_dags/example_skip_dag.py took 0.079 seconds
[2024-10-20T03:13:22.198+0000] {processor.py:157} INFO - Started process (PID=582) to work on /home/airflow/.local/lib/python3.8/site-packages/airflow/example_dags/example_skip_dag.py
[2024-10-20T03:13:22.200+0000] {processor.py:829} INFO - Processing file /home/airflow/.local/lib/python3.8/site-packages/airflow/example_dags/example_skip_dag.py for tasks to queue
[2024-10-20T03:13:22.202+0000] {logging_mixin.py:154} INFO - [2024-10-20T03:13:22.202+0000] {dagbag.py:536} INFO - Filling up the DagBag from /home/airflow/.local/lib/python3.8/site-packages/airflow/example_dags/example_skip_dag.py
[2024-10-20T03:13:22.209+0000] {processor.py:839} INFO - DAG(s) dict_keys(['example_skip_dag']) retrieved from /home/airflow/.local/lib/python3.8/site-packages/airflow/example_dags/example_skip_dag.py
[2024-10-20T03:13:22.245+0000] {logging_mixin.py:154} INFO - [2024-10-20T03:13:22.245+0000] {dag.py:2941} INFO - Sync 1 DAGs
[2024-10-20T03:13:22.275+0000] {logging_mixin.py:154} INFO - [2024-10-20T03:13:22.274+0000] {dag.py:3722} INFO - Setting next_dagrun for example_skip_dag to 2024-10-19T03:13:22.274572+00:00, run_after=2024-10-20T03:13:22.274572+00:00
[2024-10-20T03:13:22.309+0000] {processor.py:179} INFO - Processing /home/airflow/.local/lib/python3.8/site-packages/airflow/example_dags/example_skip_dag.py took 0.115 seconds
[2024-10-20T03:13:52.697+0000] {processor.py:157} INFO - Started process (PID=638) to work on /home/airflow/.local/lib/python3.8/site-packages/airflow/example_dags/example_skip_dag.py
[2024-10-20T03:13:52.698+0000] {processor.py:829} INFO - Processing file /home/airflow/.local/lib/python3.8/site-packages/airflow/example_dags/example_skip_dag.py for tasks to queue
[2024-10-20T03:13:52.700+0000] {logging_mixin.py:154} INFO - [2024-10-20T03:13:52.700+0000] {dagbag.py:536} INFO - Filling up the DagBag from /home/airflow/.local/lib/python3.8/site-packages/airflow/example_dags/example_skip_dag.py
[2024-10-20T03:13:52.706+0000] {processor.py:839} INFO - DAG(s) dict_keys(['example_skip_dag']) retrieved from /home/airflow/.local/lib/python3.8/site-packages/airflow/example_dags/example_skip_dag.py
[2024-10-20T03:13:52.735+0000] {logging_mixin.py:154} INFO - [2024-10-20T03:13:52.735+0000] {dag.py:2941} INFO - Sync 1 DAGs
[2024-10-20T03:13:52.765+0000] {logging_mixin.py:154} INFO - [2024-10-20T03:13:52.765+0000] {dag.py:3722} INFO - Setting next_dagrun for example_skip_dag to 2024-10-19T03:13:52.764917+00:00, run_after=2024-10-20T03:13:52.764917+00:00
[2024-10-20T03:13:52.792+0000] {processor.py:179} INFO - Processing /home/airflow/.local/lib/python3.8/site-packages/airflow/example_dags/example_skip_dag.py took 0.099 seconds
[2024-10-20T03:14:23.143+0000] {processor.py:157} INFO - Started process (PID=694) to work on /home/airflow/.local/lib/python3.8/site-packages/airflow/example_dags/example_skip_dag.py
[2024-10-20T03:14:23.144+0000] {processor.py:829} INFO - Processing file /home/airflow/.local/lib/python3.8/site-packages/airflow/example_dags/example_skip_dag.py for tasks to queue
[2024-10-20T03:14:23.146+0000] {logging_mixin.py:154} INFO - [2024-10-20T03:14:23.146+0000] {dagbag.py:536} INFO - Filling up the DagBag from /home/airflow/.local/lib/python3.8/site-packages/airflow/example_dags/example_skip_dag.py
[2024-10-20T03:14:23.154+0000] {processor.py:839} INFO - DAG(s) dict_keys(['example_skip_dag']) retrieved from /home/airflow/.local/lib/python3.8/site-packages/airflow/example_dags/example_skip_dag.py
[2024-10-20T03:14:23.179+0000] {logging_mixin.py:154} INFO - [2024-10-20T03:14:23.178+0000] {dag.py:2941} INFO - Sync 1 DAGs
[2024-10-20T03:14:23.206+0000] {logging_mixin.py:154} INFO - [2024-10-20T03:14:23.205+0000] {dag.py:3722} INFO - Setting next_dagrun for example_skip_dag to 2024-10-19T03:14:23.205670+00:00, run_after=2024-10-20T03:14:23.205670+00:00
[2024-10-20T03:14:23.231+0000] {processor.py:179} INFO - Processing /home/airflow/.local/lib/python3.8/site-packages/airflow/example_dags/example_skip_dag.py took 0.092 seconds
[2024-10-20T03:14:53.470+0000] {processor.py:157} INFO - Started process (PID=750) to work on /home/airflow/.local/lib/python3.8/site-packages/airflow/example_dags/example_skip_dag.py
[2024-10-20T03:14:53.471+0000] {processor.py:829} INFO - Processing file /home/airflow/.local/lib/python3.8/site-packages/airflow/example_dags/example_skip_dag.py for tasks to queue
[2024-10-20T03:14:53.473+0000] {logging_mixin.py:154} INFO - [2024-10-20T03:14:53.473+0000] {dagbag.py:536} INFO - Filling up the DagBag from /home/airflow/.local/lib/python3.8/site-packages/airflow/example_dags/example_skip_dag.py
[2024-10-20T03:14:53.479+0000] {processor.py:839} INFO - DAG(s) dict_keys(['example_skip_dag']) retrieved from /home/airflow/.local/lib/python3.8/site-packages/airflow/example_dags/example_skip_dag.py
[2024-10-20T03:14:53.502+0000] {logging_mixin.py:154} INFO - [2024-10-20T03:14:53.502+0000] {dag.py:2941} INFO - Sync 1 DAGs
[2024-10-20T03:14:53.523+0000] {logging_mixin.py:154} INFO - [2024-10-20T03:14:53.523+0000] {dag.py:3722} INFO - Setting next_dagrun for example_skip_dag to 2024-10-19T03:14:53.523081+00:00, run_after=2024-10-20T03:14:53.523081+00:00
[2024-10-20T03:14:53.547+0000] {processor.py:179} INFO - Processing /home/airflow/.local/lib/python3.8/site-packages/airflow/example_dags/example_skip_dag.py took 0.080 seconds
[2024-10-20T03:15:24.087+0000] {processor.py:157} INFO - Started process (PID=806) to work on /home/airflow/.local/lib/python3.8/site-packages/airflow/example_dags/example_skip_dag.py
[2024-10-20T03:15:24.088+0000] {processor.py:829} INFO - Processing file /home/airflow/.local/lib/python3.8/site-packages/airflow/example_dags/example_skip_dag.py for tasks to queue
[2024-10-20T03:15:24.091+0000] {logging_mixin.py:154} INFO - [2024-10-20T03:15:24.090+0000] {dagbag.py:536} INFO - Filling up the DagBag from /home/airflow/.local/lib/python3.8/site-packages/airflow/example_dags/example_skip_dag.py
[2024-10-20T03:15:24.097+0000] {processor.py:839} INFO - DAG(s) dict_keys(['example_skip_dag']) retrieved from /home/airflow/.local/lib/python3.8/site-packages/airflow/example_dags/example_skip_dag.py
[2024-10-20T03:15:24.122+0000] {logging_mixin.py:154} INFO - [2024-10-20T03:15:24.122+0000] {dag.py:2941} INFO - Sync 1 DAGs
[2024-10-20T03:15:24.147+0000] {logging_mixin.py:154} INFO - [2024-10-20T03:15:24.146+0000] {dag.py:3722} INFO - Setting next_dagrun for example_skip_dag to 2024-10-19T03:15:24.146401+00:00, run_after=2024-10-20T03:15:24.146401+00:00
[2024-10-20T03:15:24.175+0000] {processor.py:179} INFO - Processing /home/airflow/.local/lib/python3.8/site-packages/airflow/example_dags/example_skip_dag.py took 0.090 seconds
[2024-10-20T03:15:54.795+0000] {processor.py:157} INFO - Started process (PID=862) to work on /home/airflow/.local/lib/python3.8/site-packages/airflow/example_dags/example_skip_dag.py
[2024-10-20T03:15:54.796+0000] {processor.py:829} INFO - Processing file /home/airflow/.local/lib/python3.8/site-packages/airflow/example_dags/example_skip_dag.py for tasks to queue
[2024-10-20T03:15:54.798+0000] {logging_mixin.py:154} INFO - [2024-10-20T03:15:54.798+0000] {dagbag.py:536} INFO - Filling up the DagBag from /home/airflow/.local/lib/python3.8/site-packages/airflow/example_dags/example_skip_dag.py
[2024-10-20T03:15:54.804+0000] {processor.py:839} INFO - DAG(s) dict_keys(['example_skip_dag']) retrieved from /home/airflow/.local/lib/python3.8/site-packages/airflow/example_dags/example_skip_dag.py
[2024-10-20T03:15:54.827+0000] {logging_mixin.py:154} INFO - [2024-10-20T03:15:54.826+0000] {dag.py:2941} INFO - Sync 1 DAGs
[2024-10-20T03:15:54.851+0000] {logging_mixin.py:154} INFO - [2024-10-20T03:15:54.851+0000] {dag.py:3722} INFO - Setting next_dagrun for example_skip_dag to 2024-10-19T03:15:54.850891+00:00, run_after=2024-10-20T03:15:54.850891+00:00
[2024-10-20T03:15:54.878+0000] {processor.py:179} INFO - Processing /home/airflow/.local/lib/python3.8/site-packages/airflow/example_dags/example_skip_dag.py took 0.088 seconds
[2024-10-20T03:16:25.561+0000] {processor.py:157} INFO - Started process (PID=918) to work on /home/airflow/.local/lib/python3.8/site-packages/airflow/example_dags/example_skip_dag.py
[2024-10-20T03:16:25.562+0000] {processor.py:829} INFO - Processing file /home/airflow/.local/lib/python3.8/site-packages/airflow/example_dags/example_skip_dag.py for tasks to queue
[2024-10-20T03:16:25.564+0000] {logging_mixin.py:154} INFO - [2024-10-20T03:16:25.563+0000] {dagbag.py:536} INFO - Filling up the DagBag from /home/airflow/.local/lib/python3.8/site-packages/airflow/example_dags/example_skip_dag.py
[2024-10-20T03:16:25.569+0000] {processor.py:839} INFO - DAG(s) dict_keys(['example_skip_dag']) retrieved from /home/airflow/.local/lib/python3.8/site-packages/airflow/example_dags/example_skip_dag.py
[2024-10-20T03:16:25.593+0000] {logging_mixin.py:154} INFO - [2024-10-20T03:16:25.593+0000] {dag.py:2941} INFO - Sync 1 DAGs
[2024-10-20T03:16:25.614+0000] {logging_mixin.py:154} INFO - [2024-10-20T03:16:25.614+0000] {dag.py:3722} INFO - Setting next_dagrun for example_skip_dag to 2024-10-19T03:16:25.614071+00:00, run_after=2024-10-20T03:16:25.614071+00:00
[2024-10-20T03:16:25.638+0000] {processor.py:179} INFO - Processing /home/airflow/.local/lib/python3.8/site-packages/airflow/example_dags/example_skip_dag.py took 0.080 seconds
[2024-10-20T03:16:55.891+0000] {processor.py:157} INFO - Started process (PID=974) to work on /home/airflow/.local/lib/python3.8/site-packages/airflow/example_dags/example_skip_dag.py
[2024-10-20T03:16:55.892+0000] {processor.py:829} INFO - Processing file /home/airflow/.local/lib/python3.8/site-packages/airflow/example_dags/example_skip_dag.py for tasks to queue
[2024-10-20T03:16:55.896+0000] {logging_mixin.py:154} INFO - [2024-10-20T03:16:55.896+0000] {dagbag.py:536} INFO - Filling up the DagBag from /home/airflow/.local/lib/python3.8/site-packages/airflow/example_dags/example_skip_dag.py
[2024-10-20T03:16:55.904+0000] {processor.py:839} INFO - DAG(s) dict_keys(['example_skip_dag']) retrieved from /home/airflow/.local/lib/python3.8/site-packages/airflow/example_dags/example_skip_dag.py
[2024-10-20T03:16:55.939+0000] {logging_mixin.py:154} INFO - [2024-10-20T03:16:55.938+0000] {dag.py:2941} INFO - Sync 1 DAGs
[2024-10-20T03:16:55.966+0000] {logging_mixin.py:154} INFO - [2024-10-20T03:16:55.966+0000] {dag.py:3722} INFO - Setting next_dagrun for example_skip_dag to 2024-10-19T03:16:55.966225+00:00, run_after=2024-10-20T03:16:55.966225+00:00
[2024-10-20T03:16:55.995+0000] {processor.py:179} INFO - Processing /home/airflow/.local/lib/python3.8/site-packages/airflow/example_dags/example_skip_dag.py took 0.110 seconds
[2024-10-20T03:17:26.431+0000] {processor.py:157} INFO - Started process (PID=1030) to work on /home/airflow/.local/lib/python3.8/site-packages/airflow/example_dags/example_skip_dag.py
[2024-10-20T03:17:26.433+0000] {processor.py:829} INFO - Processing file /home/airflow/.local/lib/python3.8/site-packages/airflow/example_dags/example_skip_dag.py for tasks to queue
[2024-10-20T03:17:26.436+0000] {logging_mixin.py:154} INFO - [2024-10-20T03:17:26.435+0000] {dagbag.py:536} INFO - Filling up the DagBag from /home/airflow/.local/lib/python3.8/site-packages/airflow/example_dags/example_skip_dag.py
[2024-10-20T03:17:26.444+0000] {processor.py:839} INFO - DAG(s) dict_keys(['example_skip_dag']) retrieved from /home/airflow/.local/lib/python3.8/site-packages/airflow/example_dags/example_skip_dag.py
[2024-10-20T03:17:26.470+0000] {logging_mixin.py:154} INFO - [2024-10-20T03:17:26.470+0000] {dag.py:2941} INFO - Sync 1 DAGs
[2024-10-20T03:17:26.497+0000] {logging_mixin.py:154} INFO - [2024-10-20T03:17:26.497+0000] {dag.py:3722} INFO - Setting next_dagrun for example_skip_dag to 2024-10-19T03:17:26.497458+00:00, run_after=2024-10-20T03:17:26.497458+00:00
[2024-10-20T03:17:26.524+0000] {processor.py:179} INFO - Processing /home/airflow/.local/lib/python3.8/site-packages/airflow/example_dags/example_skip_dag.py took 0.099 seconds
[2024-10-20T07:21:03.994+0000] {processor.py:157} INFO - Started process (PID=81) to work on /home/airflow/.local/lib/python3.8/site-packages/airflow/example_dags/example_skip_dag.py
[2024-10-20T07:21:03.996+0000] {processor.py:829} INFO - Processing file /home/airflow/.local/lib/python3.8/site-packages/airflow/example_dags/example_skip_dag.py for tasks to queue
[2024-10-20T07:21:04.000+0000] {logging_mixin.py:154} INFO - [2024-10-20T07:21:03.999+0000] {dagbag.py:536} INFO - Filling up the DagBag from /home/airflow/.local/lib/python3.8/site-packages/airflow/example_dags/example_skip_dag.py
[2024-10-20T07:21:04.013+0000] {processor.py:839} INFO - DAG(s) dict_keys(['example_skip_dag']) retrieved from /home/airflow/.local/lib/python3.8/site-packages/airflow/example_dags/example_skip_dag.py
[2024-10-20T07:21:04.063+0000] {logging_mixin.py:154} INFO - [2024-10-20T07:21:04.063+0000] {dag.py:2941} INFO - Sync 1 DAGs
[2024-10-20T07:21:04.108+0000] {logging_mixin.py:154} INFO - [2024-10-20T07:21:04.108+0000] {dag.py:3722} INFO - Setting next_dagrun for example_skip_dag to 2024-10-19T07:21:04.108191+00:00, run_after=2024-10-20T07:21:04.108191+00:00
[2024-10-20T07:21:04.148+0000] {processor.py:179} INFO - Processing /home/airflow/.local/lib/python3.8/site-packages/airflow/example_dags/example_skip_dag.py took 0.158 seconds
[2024-10-20T07:21:35.171+0000] {processor.py:157} INFO - Started process (PID=137) to work on /home/airflow/.local/lib/python3.8/site-packages/airflow/example_dags/example_skip_dag.py
[2024-10-20T07:21:35.173+0000] {processor.py:829} INFO - Processing file /home/airflow/.local/lib/python3.8/site-packages/airflow/example_dags/example_skip_dag.py for tasks to queue
[2024-10-20T07:21:35.177+0000] {logging_mixin.py:154} INFO - [2024-10-20T07:21:35.177+0000] {dagbag.py:536} INFO - Filling up the DagBag from /home/airflow/.local/lib/python3.8/site-packages/airflow/example_dags/example_skip_dag.py
[2024-10-20T07:21:35.190+0000] {processor.py:839} INFO - DAG(s) dict_keys(['example_skip_dag']) retrieved from /home/airflow/.local/lib/python3.8/site-packages/airflow/example_dags/example_skip_dag.py
[2024-10-20T07:21:35.237+0000] {logging_mixin.py:154} INFO - [2024-10-20T07:21:35.236+0000] {dag.py:2941} INFO - Sync 1 DAGs
[2024-10-20T07:21:35.273+0000] {logging_mixin.py:154} INFO - [2024-10-20T07:21:35.273+0000] {dag.py:3722} INFO - Setting next_dagrun for example_skip_dag to 2024-10-19T07:21:35.272949+00:00, run_after=2024-10-20T07:21:35.272949+00:00
[2024-10-20T07:21:35.314+0000] {processor.py:179} INFO - Processing /home/airflow/.local/lib/python3.8/site-packages/airflow/example_dags/example_skip_dag.py took 0.149 seconds
[2024-10-20T07:22:05.546+0000] {processor.py:157} INFO - Started process (PID=191) to work on /home/airflow/.local/lib/python3.8/site-packages/airflow/example_dags/example_skip_dag.py
[2024-10-20T07:22:05.548+0000] {processor.py:829} INFO - Processing file /home/airflow/.local/lib/python3.8/site-packages/airflow/example_dags/example_skip_dag.py for tasks to queue
[2024-10-20T07:22:05.551+0000] {logging_mixin.py:154} INFO - [2024-10-20T07:22:05.551+0000] {dagbag.py:536} INFO - Filling up the DagBag from /home/airflow/.local/lib/python3.8/site-packages/airflow/example_dags/example_skip_dag.py
[2024-10-20T07:22:05.562+0000] {processor.py:839} INFO - DAG(s) dict_keys(['example_skip_dag']) retrieved from /home/airflow/.local/lib/python3.8/site-packages/airflow/example_dags/example_skip_dag.py
[2024-10-20T07:22:05.607+0000] {logging_mixin.py:154} INFO - [2024-10-20T07:22:05.607+0000] {dag.py:2941} INFO - Sync 1 DAGs
[2024-10-20T07:22:05.651+0000] {logging_mixin.py:154} INFO - [2024-10-20T07:22:05.650+0000] {dag.py:3722} INFO - Setting next_dagrun for example_skip_dag to 2024-10-19T07:22:05.649957+00:00, run_after=2024-10-20T07:22:05.649957+00:00
[2024-10-20T07:22:05.687+0000] {processor.py:179} INFO - Processing /home/airflow/.local/lib/python3.8/site-packages/airflow/example_dags/example_skip_dag.py took 0.146 seconds
[2024-10-20T07:22:36.276+0000] {processor.py:157} INFO - Started process (PID=247) to work on /home/airflow/.local/lib/python3.8/site-packages/airflow/example_dags/example_skip_dag.py
[2024-10-20T07:22:36.279+0000] {processor.py:829} INFO - Processing file /home/airflow/.local/lib/python3.8/site-packages/airflow/example_dags/example_skip_dag.py for tasks to queue
[2024-10-20T07:22:36.284+0000] {logging_mixin.py:154} INFO - [2024-10-20T07:22:36.283+0000] {dagbag.py:536} INFO - Filling up the DagBag from /home/airflow/.local/lib/python3.8/site-packages/airflow/example_dags/example_skip_dag.py
[2024-10-20T07:22:36.297+0000] {processor.py:839} INFO - DAG(s) dict_keys(['example_skip_dag']) retrieved from /home/airflow/.local/lib/python3.8/site-packages/airflow/example_dags/example_skip_dag.py
[2024-10-20T07:22:36.343+0000] {logging_mixin.py:154} INFO - [2024-10-20T07:22:36.342+0000] {dag.py:2941} INFO - Sync 1 DAGs
[2024-10-20T07:22:36.381+0000] {logging_mixin.py:154} INFO - [2024-10-20T07:22:36.381+0000] {dag.py:3722} INFO - Setting next_dagrun for example_skip_dag to 2024-10-19T07:22:36.380831+00:00, run_after=2024-10-20T07:22:36.380831+00:00
[2024-10-20T07:22:36.433+0000] {processor.py:179} INFO - Processing /home/airflow/.local/lib/python3.8/site-packages/airflow/example_dags/example_skip_dag.py took 0.163 seconds
[2024-10-20T07:23:07.279+0000] {processor.py:157} INFO - Started process (PID=303) to work on /home/airflow/.local/lib/python3.8/site-packages/airflow/example_dags/example_skip_dag.py
[2024-10-20T07:23:07.282+0000] {processor.py:829} INFO - Processing file /home/airflow/.local/lib/python3.8/site-packages/airflow/example_dags/example_skip_dag.py for tasks to queue
[2024-10-20T07:23:07.289+0000] {logging_mixin.py:154} INFO - [2024-10-20T07:23:07.288+0000] {dagbag.py:536} INFO - Filling up the DagBag from /home/airflow/.local/lib/python3.8/site-packages/airflow/example_dags/example_skip_dag.py
[2024-10-20T07:23:07.301+0000] {processor.py:839} INFO - DAG(s) dict_keys(['example_skip_dag']) retrieved from /home/airflow/.local/lib/python3.8/site-packages/airflow/example_dags/example_skip_dag.py
[2024-10-20T07:23:07.351+0000] {logging_mixin.py:154} INFO - [2024-10-20T07:23:07.351+0000] {dag.py:2941} INFO - Sync 1 DAGs
[2024-10-20T07:23:07.399+0000] {logging_mixin.py:154} INFO - [2024-10-20T07:23:07.398+0000] {dag.py:3722} INFO - Setting next_dagrun for example_skip_dag to 2024-10-19T07:23:07.398198+00:00, run_after=2024-10-20T07:23:07.398198+00:00
[2024-10-20T07:23:07.443+0000] {processor.py:179} INFO - Processing /home/airflow/.local/lib/python3.8/site-packages/airflow/example_dags/example_skip_dag.py took 0.170 seconds
[2024-10-20T07:23:37.717+0000] {processor.py:157} INFO - Started process (PID=359) to work on /home/airflow/.local/lib/python3.8/site-packages/airflow/example_dags/example_skip_dag.py
[2024-10-20T07:23:37.719+0000] {processor.py:829} INFO - Processing file /home/airflow/.local/lib/python3.8/site-packages/airflow/example_dags/example_skip_dag.py for tasks to queue
[2024-10-20T07:23:37.727+0000] {logging_mixin.py:154} INFO - [2024-10-20T07:23:37.723+0000] {dagbag.py:536} INFO - Filling up the DagBag from /home/airflow/.local/lib/python3.8/site-packages/airflow/example_dags/example_skip_dag.py
[2024-10-20T07:23:37.747+0000] {processor.py:839} INFO - DAG(s) dict_keys(['example_skip_dag']) retrieved from /home/airflow/.local/lib/python3.8/site-packages/airflow/example_dags/example_skip_dag.py
[2024-10-20T07:23:37.827+0000] {logging_mixin.py:154} INFO - [2024-10-20T07:23:37.827+0000] {dag.py:2941} INFO - Sync 1 DAGs
[2024-10-20T07:23:37.876+0000] {logging_mixin.py:154} INFO - [2024-10-20T07:23:37.875+0000] {dag.py:3722} INFO - Setting next_dagrun for example_skip_dag to 2024-10-19T07:23:37.875398+00:00, run_after=2024-10-20T07:23:37.875398+00:00
[2024-10-20T07:23:37.917+0000] {processor.py:179} INFO - Processing /home/airflow/.local/lib/python3.8/site-packages/airflow/example_dags/example_skip_dag.py took 0.206 seconds
[2024-10-20T07:24:08.067+0000] {processor.py:157} INFO - Started process (PID=415) to work on /home/airflow/.local/lib/python3.8/site-packages/airflow/example_dags/example_skip_dag.py
[2024-10-20T07:24:08.069+0000] {processor.py:829} INFO - Processing file /home/airflow/.local/lib/python3.8/site-packages/airflow/example_dags/example_skip_dag.py for tasks to queue
[2024-10-20T07:24:08.073+0000] {logging_mixin.py:154} INFO - [2024-10-20T07:24:08.072+0000] {dagbag.py:536} INFO - Filling up the DagBag from /home/airflow/.local/lib/python3.8/site-packages/airflow/example_dags/example_skip_dag.py
[2024-10-20T07:24:08.085+0000] {processor.py:839} INFO - DAG(s) dict_keys(['example_skip_dag']) retrieved from /home/airflow/.local/lib/python3.8/site-packages/airflow/example_dags/example_skip_dag.py
[2024-10-20T07:24:08.129+0000] {logging_mixin.py:154} INFO - [2024-10-20T07:24:08.128+0000] {dag.py:2941} INFO - Sync 1 DAGs
[2024-10-20T07:24:08.172+0000] {logging_mixin.py:154} INFO - [2024-10-20T07:24:08.171+0000] {dag.py:3722} INFO - Setting next_dagrun for example_skip_dag to 2024-10-19T07:24:08.170880+00:00, run_after=2024-10-20T07:24:08.170880+00:00
[2024-10-20T07:24:08.216+0000] {processor.py:179} INFO - Processing /home/airflow/.local/lib/python3.8/site-packages/airflow/example_dags/example_skip_dag.py took 0.154 seconds
[2024-10-20T07:24:38.499+0000] {processor.py:157} INFO - Started process (PID=471) to work on /home/airflow/.local/lib/python3.8/site-packages/airflow/example_dags/example_skip_dag.py
[2024-10-20T07:24:38.501+0000] {processor.py:829} INFO - Processing file /home/airflow/.local/lib/python3.8/site-packages/airflow/example_dags/example_skip_dag.py for tasks to queue
[2024-10-20T07:24:38.505+0000] {logging_mixin.py:154} INFO - [2024-10-20T07:24:38.504+0000] {dagbag.py:536} INFO - Filling up the DagBag from /home/airflow/.local/lib/python3.8/site-packages/airflow/example_dags/example_skip_dag.py
[2024-10-20T07:24:38.515+0000] {processor.py:839} INFO - DAG(s) dict_keys(['example_skip_dag']) retrieved from /home/airflow/.local/lib/python3.8/site-packages/airflow/example_dags/example_skip_dag.py
[2024-10-20T07:24:38.552+0000] {logging_mixin.py:154} INFO - [2024-10-20T07:24:38.551+0000] {dag.py:2941} INFO - Sync 1 DAGs
[2024-10-20T07:24:38.591+0000] {logging_mixin.py:154} INFO - [2024-10-20T07:24:38.590+0000] {dag.py:3722} INFO - Setting next_dagrun for example_skip_dag to 2024-10-19T07:24:38.590219+00:00, run_after=2024-10-20T07:24:38.590219+00:00
[2024-10-20T07:24:38.635+0000] {processor.py:179} INFO - Processing /home/airflow/.local/lib/python3.8/site-packages/airflow/example_dags/example_skip_dag.py took 0.140 seconds
[2024-10-20T07:26:03.327+0000] {processor.py:157} INFO - Started process (PID=522) to work on /home/airflow/.local/lib/python3.8/site-packages/airflow/example_dags/example_skip_dag.py
[2024-10-20T07:26:03.329+0000] {processor.py:829} INFO - Processing file /home/airflow/.local/lib/python3.8/site-packages/airflow/example_dags/example_skip_dag.py for tasks to queue
[2024-10-20T07:26:03.334+0000] {logging_mixin.py:154} INFO - [2024-10-20T07:26:03.334+0000] {dagbag.py:536} INFO - Filling up the DagBag from /home/airflow/.local/lib/python3.8/site-packages/airflow/example_dags/example_skip_dag.py
[2024-10-20T07:26:03.346+0000] {processor.py:839} INFO - DAG(s) dict_keys(['example_skip_dag']) retrieved from /home/airflow/.local/lib/python3.8/site-packages/airflow/example_dags/example_skip_dag.py
[2024-10-20T07:26:03.400+0000] {logging_mixin.py:154} INFO - [2024-10-20T07:26:03.400+0000] {dag.py:2941} INFO - Sync 1 DAGs
[2024-10-20T07:26:03.450+0000] {logging_mixin.py:154} INFO - [2024-10-20T07:26:03.449+0000] {dag.py:3722} INFO - Setting next_dagrun for example_skip_dag to 2024-10-19T07:26:03.449082+00:00, run_after=2024-10-20T07:26:03.449082+00:00
[2024-10-20T07:26:03.500+0000] {processor.py:179} INFO - Processing /home/airflow/.local/lib/python3.8/site-packages/airflow/example_dags/example_skip_dag.py took 0.178 seconds
[2024-10-20T07:26:33.974+0000] {processor.py:157} INFO - Started process (PID=579) to work on /home/airflow/.local/lib/python3.8/site-packages/airflow/example_dags/example_skip_dag.py
[2024-10-20T07:26:33.976+0000] {processor.py:829} INFO - Processing file /home/airflow/.local/lib/python3.8/site-packages/airflow/example_dags/example_skip_dag.py for tasks to queue
[2024-10-20T07:26:33.978+0000] {logging_mixin.py:154} INFO - [2024-10-20T07:26:33.978+0000] {dagbag.py:536} INFO - Filling up the DagBag from /home/airflow/.local/lib/python3.8/site-packages/airflow/example_dags/example_skip_dag.py
[2024-10-20T07:26:33.987+0000] {processor.py:839} INFO - DAG(s) dict_keys(['example_skip_dag']) retrieved from /home/airflow/.local/lib/python3.8/site-packages/airflow/example_dags/example_skip_dag.py
[2024-10-20T07:26:34.016+0000] {logging_mixin.py:154} INFO - [2024-10-20T07:26:34.016+0000] {dag.py:2941} INFO - Sync 1 DAGs
[2024-10-20T07:26:34.047+0000] {logging_mixin.py:154} INFO - [2024-10-20T07:26:34.046+0000] {dag.py:3722} INFO - Setting next_dagrun for example_skip_dag to 2024-10-19T07:26:34.046316+00:00, run_after=2024-10-20T07:26:34.046316+00:00
[2024-10-20T07:26:34.084+0000] {processor.py:179} INFO - Processing /home/airflow/.local/lib/python3.8/site-packages/airflow/example_dags/example_skip_dag.py took 0.112 seconds
[2024-10-20T07:27:05.683+0000] {processor.py:157} INFO - Started process (PID=635) to work on /home/airflow/.local/lib/python3.8/site-packages/airflow/example_dags/example_skip_dag.py
[2024-10-20T07:27:05.686+0000] {processor.py:829} INFO - Processing file /home/airflow/.local/lib/python3.8/site-packages/airflow/example_dags/example_skip_dag.py for tasks to queue
[2024-10-20T07:27:05.691+0000] {logging_mixin.py:154} INFO - [2024-10-20T07:27:05.691+0000] {dagbag.py:536} INFO - Filling up the DagBag from /home/airflow/.local/lib/python3.8/site-packages/airflow/example_dags/example_skip_dag.py
[2024-10-20T07:27:05.705+0000] {processor.py:839} INFO - DAG(s) dict_keys(['example_skip_dag']) retrieved from /home/airflow/.local/lib/python3.8/site-packages/airflow/example_dags/example_skip_dag.py
[2024-10-20T07:27:05.767+0000] {logging_mixin.py:154} INFO - [2024-10-20T07:27:05.766+0000] {dag.py:2941} INFO - Sync 1 DAGs
[2024-10-20T07:27:05.820+0000] {logging_mixin.py:154} INFO - [2024-10-20T07:27:05.819+0000] {dag.py:3722} INFO - Setting next_dagrun for example_skip_dag to 2024-10-19T07:27:05.819431+00:00, run_after=2024-10-20T07:27:05.819431+00:00
[2024-10-20T07:27:05.862+0000] {processor.py:179} INFO - Processing /home/airflow/.local/lib/python3.8/site-packages/airflow/example_dags/example_skip_dag.py took 0.190 seconds
[2024-10-20T07:27:36.793+0000] {processor.py:157} INFO - Started process (PID=698) to work on /home/airflow/.local/lib/python3.8/site-packages/airflow/example_dags/example_skip_dag.py
[2024-10-20T07:27:36.796+0000] {processor.py:829} INFO - Processing file /home/airflow/.local/lib/python3.8/site-packages/airflow/example_dags/example_skip_dag.py for tasks to queue
[2024-10-20T07:27:36.800+0000] {logging_mixin.py:154} INFO - [2024-10-20T07:27:36.799+0000] {dagbag.py:536} INFO - Filling up the DagBag from /home/airflow/.local/lib/python3.8/site-packages/airflow/example_dags/example_skip_dag.py
[2024-10-20T07:27:36.814+0000] {processor.py:839} INFO - DAG(s) dict_keys(['example_skip_dag']) retrieved from /home/airflow/.local/lib/python3.8/site-packages/airflow/example_dags/example_skip_dag.py
[2024-10-20T07:27:36.888+0000] {logging_mixin.py:154} INFO - [2024-10-20T07:27:36.888+0000] {dag.py:2941} INFO - Sync 1 DAGs
[2024-10-20T07:27:36.946+0000] {logging_mixin.py:154} INFO - [2024-10-20T07:27:36.946+0000] {dag.py:3722} INFO - Setting next_dagrun for example_skip_dag to 2024-10-19T07:27:36.945318+00:00, run_after=2024-10-20T07:27:36.945318+00:00
[2024-10-20T07:27:37.011+0000] {processor.py:179} INFO - Processing /home/airflow/.local/lib/python3.8/site-packages/airflow/example_dags/example_skip_dag.py took 0.224 seconds
