[2024-10-20T02:46:18.000+0000] {processor.py:157} INFO - Started process (PID=91) to work on /home/airflow/.local/lib/python3.8/site-packages/airflow/example_dags/example_branch_labels.py
[2024-10-20T02:46:18.002+0000] {processor.py:829} INFO - Processing file /home/airflow/.local/lib/python3.8/site-packages/airflow/example_dags/example_branch_labels.py for tasks to queue
[2024-10-20T02:46:18.006+0000] {logging_mixin.py:154} INFO - [2024-10-20T02:46:18.005+0000] {dagbag.py:536} INFO - Filling up the DagBag from /home/airflow/.local/lib/python3.8/site-packages/airflow/example_dags/example_branch_labels.py
[2024-10-20T02:46:18.027+0000] {processor.py:839} INFO - DAG(s) dict_keys(['example_branch_labels']) retrieved from /home/airflow/.local/lib/python3.8/site-packages/airflow/example_dags/example_branch_labels.py
[2024-10-20T02:46:18.050+0000] {logging_mixin.py:154} INFO - [2024-10-20T02:46:18.049+0000] {dag.py:2941} INFO - Sync 1 DAGs
[2024-10-20T02:46:18.104+0000] {logging_mixin.py:154} INFO - [2024-10-20T02:46:18.103+0000] {dag.py:3722} INFO - Setting next_dagrun for example_branch_labels to 2024-10-19T00:00:00+00:00, run_after=2024-10-20T00:00:00+00:00
[2024-10-20T02:46:18.144+0000] {processor.py:179} INFO - Processing /home/airflow/.local/lib/python3.8/site-packages/airflow/example_dags/example_branch_labels.py took 0.150 seconds
[2024-10-20T02:46:49.118+0000] {processor.py:157} INFO - Started process (PID=147) to work on /home/airflow/.local/lib/python3.8/site-packages/airflow/example_dags/example_branch_labels.py
[2024-10-20T02:46:49.120+0000] {processor.py:829} INFO - Processing file /home/airflow/.local/lib/python3.8/site-packages/airflow/example_dags/example_branch_labels.py for tasks to queue
[2024-10-20T02:46:49.123+0000] {logging_mixin.py:154} INFO - [2024-10-20T02:46:49.122+0000] {dagbag.py:536} INFO - Filling up the DagBag from /home/airflow/.local/lib/python3.8/site-packages/airflow/example_dags/example_branch_labels.py
[2024-10-20T02:46:49.132+0000] {processor.py:839} INFO - DAG(s) dict_keys(['example_branch_labels']) retrieved from /home/airflow/.local/lib/python3.8/site-packages/airflow/example_dags/example_branch_labels.py
[2024-10-20T02:46:49.157+0000] {logging_mixin.py:154} INFO - [2024-10-20T02:46:49.156+0000] {dag.py:2941} INFO - Sync 1 DAGs
[2024-10-20T02:46:49.181+0000] {logging_mixin.py:154} INFO - [2024-10-20T02:46:49.181+0000] {dag.py:3722} INFO - Setting next_dagrun for example_branch_labels to 2024-10-19T00:00:00+00:00, run_after=2024-10-20T00:00:00+00:00
[2024-10-20T02:46:49.206+0000] {processor.py:179} INFO - Processing /home/airflow/.local/lib/python3.8/site-packages/airflow/example_dags/example_branch_labels.py took 0.091 seconds
[2024-10-20T02:47:19.963+0000] {processor.py:157} INFO - Started process (PID=203) to work on /home/airflow/.local/lib/python3.8/site-packages/airflow/example_dags/example_branch_labels.py
[2024-10-20T02:47:19.965+0000] {processor.py:829} INFO - Processing file /home/airflow/.local/lib/python3.8/site-packages/airflow/example_dags/example_branch_labels.py for tasks to queue
[2024-10-20T02:47:19.969+0000] {logging_mixin.py:154} INFO - [2024-10-20T02:47:19.969+0000] {dagbag.py:536} INFO - Filling up the DagBag from /home/airflow/.local/lib/python3.8/site-packages/airflow/example_dags/example_branch_labels.py
[2024-10-20T02:47:19.979+0000] {processor.py:839} INFO - DAG(s) dict_keys(['example_branch_labels']) retrieved from /home/airflow/.local/lib/python3.8/site-packages/airflow/example_dags/example_branch_labels.py
[2024-10-20T02:47:20.009+0000] {logging_mixin.py:154} INFO - [2024-10-20T02:47:20.009+0000] {dag.py:2941} INFO - Sync 1 DAGs
[2024-10-20T02:47:20.040+0000] {logging_mixin.py:154} INFO - [2024-10-20T02:47:20.040+0000] {dag.py:3722} INFO - Setting next_dagrun for example_branch_labels to 2024-10-19T00:00:00+00:00, run_after=2024-10-20T00:00:00+00:00
[2024-10-20T02:47:20.072+0000] {processor.py:179} INFO - Processing /home/airflow/.local/lib/python3.8/site-packages/airflow/example_dags/example_branch_labels.py took 0.114 seconds
[2024-10-20T02:47:50.834+0000] {processor.py:157} INFO - Started process (PID=259) to work on /home/airflow/.local/lib/python3.8/site-packages/airflow/example_dags/example_branch_labels.py
[2024-10-20T02:47:50.837+0000] {processor.py:829} INFO - Processing file /home/airflow/.local/lib/python3.8/site-packages/airflow/example_dags/example_branch_labels.py for tasks to queue
[2024-10-20T02:47:50.841+0000] {logging_mixin.py:154} INFO - [2024-10-20T02:47:50.841+0000] {dagbag.py:536} INFO - Filling up the DagBag from /home/airflow/.local/lib/python3.8/site-packages/airflow/example_dags/example_branch_labels.py
[2024-10-20T02:47:50.855+0000] {processor.py:839} INFO - DAG(s) dict_keys(['example_branch_labels']) retrieved from /home/airflow/.local/lib/python3.8/site-packages/airflow/example_dags/example_branch_labels.py
[2024-10-20T02:47:50.911+0000] {logging_mixin.py:154} INFO - [2024-10-20T02:47:50.910+0000] {dag.py:2941} INFO - Sync 1 DAGs
[2024-10-20T02:47:50.958+0000] {logging_mixin.py:154} INFO - [2024-10-20T02:47:50.958+0000] {dag.py:3722} INFO - Setting next_dagrun for example_branch_labels to 2024-10-19T00:00:00+00:00, run_after=2024-10-20T00:00:00+00:00
[2024-10-20T02:47:50.996+0000] {processor.py:179} INFO - Processing /home/airflow/.local/lib/python3.8/site-packages/airflow/example_dags/example_branch_labels.py took 0.172 seconds
[2024-10-20T02:48:21.739+0000] {processor.py:157} INFO - Started process (PID=315) to work on /home/airflow/.local/lib/python3.8/site-packages/airflow/example_dags/example_branch_labels.py
[2024-10-20T02:48:21.741+0000] {processor.py:829} INFO - Processing file /home/airflow/.local/lib/python3.8/site-packages/airflow/example_dags/example_branch_labels.py for tasks to queue
[2024-10-20T02:48:21.744+0000] {logging_mixin.py:154} INFO - [2024-10-20T02:48:21.743+0000] {dagbag.py:536} INFO - Filling up the DagBag from /home/airflow/.local/lib/python3.8/site-packages/airflow/example_dags/example_branch_labels.py
[2024-10-20T02:48:21.752+0000] {processor.py:839} INFO - DAG(s) dict_keys(['example_branch_labels']) retrieved from /home/airflow/.local/lib/python3.8/site-packages/airflow/example_dags/example_branch_labels.py
[2024-10-20T02:48:21.777+0000] {logging_mixin.py:154} INFO - [2024-10-20T02:48:21.777+0000] {dag.py:2941} INFO - Sync 1 DAGs
[2024-10-20T02:48:21.808+0000] {logging_mixin.py:154} INFO - [2024-10-20T02:48:21.807+0000] {dag.py:3722} INFO - Setting next_dagrun for example_branch_labels to 2024-10-19T00:00:00+00:00, run_after=2024-10-20T00:00:00+00:00
[2024-10-20T02:48:21.843+0000] {processor.py:179} INFO - Processing /home/airflow/.local/lib/python3.8/site-packages/airflow/example_dags/example_branch_labels.py took 0.108 seconds
[2024-10-20T02:48:52.762+0000] {processor.py:157} INFO - Started process (PID=371) to work on /home/airflow/.local/lib/python3.8/site-packages/airflow/example_dags/example_branch_labels.py
[2024-10-20T02:48:52.763+0000] {processor.py:829} INFO - Processing file /home/airflow/.local/lib/python3.8/site-packages/airflow/example_dags/example_branch_labels.py for tasks to queue
[2024-10-20T02:48:52.765+0000] {logging_mixin.py:154} INFO - [2024-10-20T02:48:52.765+0000] {dagbag.py:536} INFO - Filling up the DagBag from /home/airflow/.local/lib/python3.8/site-packages/airflow/example_dags/example_branch_labels.py
[2024-10-20T02:48:52.772+0000] {processor.py:839} INFO - DAG(s) dict_keys(['example_branch_labels']) retrieved from /home/airflow/.local/lib/python3.8/site-packages/airflow/example_dags/example_branch_labels.py
[2024-10-20T02:48:52.799+0000] {logging_mixin.py:154} INFO - [2024-10-20T02:48:52.799+0000] {dag.py:2941} INFO - Sync 1 DAGs
[2024-10-20T02:48:52.828+0000] {logging_mixin.py:154} INFO - [2024-10-20T02:48:52.828+0000] {dag.py:3722} INFO - Setting next_dagrun for example_branch_labels to 2024-10-19T00:00:00+00:00, run_after=2024-10-20T00:00:00+00:00
[2024-10-20T02:48:52.854+0000] {processor.py:179} INFO - Processing /home/airflow/.local/lib/python3.8/site-packages/airflow/example_dags/example_branch_labels.py took 0.095 seconds
[2024-10-20T02:49:23.044+0000] {processor.py:157} INFO - Started process (PID=427) to work on /home/airflow/.local/lib/python3.8/site-packages/airflow/example_dags/example_branch_labels.py
[2024-10-20T02:49:23.045+0000] {processor.py:829} INFO - Processing file /home/airflow/.local/lib/python3.8/site-packages/airflow/example_dags/example_branch_labels.py for tasks to queue
[2024-10-20T02:49:23.048+0000] {logging_mixin.py:154} INFO - [2024-10-20T02:49:23.047+0000] {dagbag.py:536} INFO - Filling up the DagBag from /home/airflow/.local/lib/python3.8/site-packages/airflow/example_dags/example_branch_labels.py
[2024-10-20T02:49:23.054+0000] {processor.py:839} INFO - DAG(s) dict_keys(['example_branch_labels']) retrieved from /home/airflow/.local/lib/python3.8/site-packages/airflow/example_dags/example_branch_labels.py
[2024-10-20T02:49:23.079+0000] {logging_mixin.py:154} INFO - [2024-10-20T02:49:23.079+0000] {dag.py:2941} INFO - Sync 1 DAGs
[2024-10-20T02:49:23.101+0000] {logging_mixin.py:154} INFO - [2024-10-20T02:49:23.101+0000] {dag.py:3722} INFO - Setting next_dagrun for example_branch_labels to 2024-10-19T00:00:00+00:00, run_after=2024-10-20T00:00:00+00:00
[2024-10-20T02:49:23.123+0000] {processor.py:179} INFO - Processing /home/airflow/.local/lib/python3.8/site-packages/airflow/example_dags/example_branch_labels.py took 0.082 seconds
[2024-10-20T02:49:53.259+0000] {processor.py:157} INFO - Started process (PID=482) to work on /home/airflow/.local/lib/python3.8/site-packages/airflow/example_dags/example_branch_labels.py
[2024-10-20T02:49:53.260+0000] {processor.py:829} INFO - Processing file /home/airflow/.local/lib/python3.8/site-packages/airflow/example_dags/example_branch_labels.py for tasks to queue
[2024-10-20T02:49:53.262+0000] {logging_mixin.py:154} INFO - [2024-10-20T02:49:53.262+0000] {dagbag.py:536} INFO - Filling up the DagBag from /home/airflow/.local/lib/python3.8/site-packages/airflow/example_dags/example_branch_labels.py
[2024-10-20T02:49:53.272+0000] {processor.py:839} INFO - DAG(s) dict_keys(['example_branch_labels']) retrieved from /home/airflow/.local/lib/python3.8/site-packages/airflow/example_dags/example_branch_labels.py
[2024-10-20T02:49:53.294+0000] {logging_mixin.py:154} INFO - [2024-10-20T02:49:53.294+0000] {dag.py:2941} INFO - Sync 1 DAGs
[2024-10-20T02:49:53.320+0000] {logging_mixin.py:154} INFO - [2024-10-20T02:49:53.319+0000] {dag.py:3722} INFO - Setting next_dagrun for example_branch_labels to 2024-10-19T00:00:00+00:00, run_after=2024-10-20T00:00:00+00:00
[2024-10-20T02:49:53.345+0000] {processor.py:179} INFO - Processing /home/airflow/.local/lib/python3.8/site-packages/airflow/example_dags/example_branch_labels.py took 0.089 seconds
[2024-10-20T02:50:23.430+0000] {processor.py:157} INFO - Started process (PID=537) to work on /home/airflow/.local/lib/python3.8/site-packages/airflow/example_dags/example_branch_labels.py
[2024-10-20T02:50:23.432+0000] {processor.py:829} INFO - Processing file /home/airflow/.local/lib/python3.8/site-packages/airflow/example_dags/example_branch_labels.py for tasks to queue
[2024-10-20T02:50:23.434+0000] {logging_mixin.py:154} INFO - [2024-10-20T02:50:23.433+0000] {dagbag.py:536} INFO - Filling up the DagBag from /home/airflow/.local/lib/python3.8/site-packages/airflow/example_dags/example_branch_labels.py
[2024-10-20T02:50:23.441+0000] {processor.py:839} INFO - DAG(s) dict_keys(['example_branch_labels']) retrieved from /home/airflow/.local/lib/python3.8/site-packages/airflow/example_dags/example_branch_labels.py
[2024-10-20T02:50:23.462+0000] {logging_mixin.py:154} INFO - [2024-10-20T02:50:23.461+0000] {dag.py:2941} INFO - Sync 1 DAGs
[2024-10-20T02:50:23.483+0000] {logging_mixin.py:154} INFO - [2024-10-20T02:50:23.483+0000] {dag.py:3722} INFO - Setting next_dagrun for example_branch_labels to 2024-10-19T00:00:00+00:00, run_after=2024-10-20T00:00:00+00:00
[2024-10-20T02:50:23.506+0000] {processor.py:179} INFO - Processing /home/airflow/.local/lib/python3.8/site-packages/airflow/example_dags/example_branch_labels.py took 0.078 seconds
[2024-10-20T02:50:54.057+0000] {processor.py:157} INFO - Started process (PID=593) to work on /home/airflow/.local/lib/python3.8/site-packages/airflow/example_dags/example_branch_labels.py
[2024-10-20T02:50:54.058+0000] {processor.py:829} INFO - Processing file /home/airflow/.local/lib/python3.8/site-packages/airflow/example_dags/example_branch_labels.py for tasks to queue
[2024-10-20T02:50:54.061+0000] {logging_mixin.py:154} INFO - [2024-10-20T02:50:54.060+0000] {dagbag.py:536} INFO - Filling up the DagBag from /home/airflow/.local/lib/python3.8/site-packages/airflow/example_dags/example_branch_labels.py
[2024-10-20T02:50:54.069+0000] {processor.py:839} INFO - DAG(s) dict_keys(['example_branch_labels']) retrieved from /home/airflow/.local/lib/python3.8/site-packages/airflow/example_dags/example_branch_labels.py
[2024-10-20T02:50:54.092+0000] {logging_mixin.py:154} INFO - [2024-10-20T02:50:54.091+0000] {dag.py:2941} INFO - Sync 1 DAGs
[2024-10-20T02:50:54.118+0000] {logging_mixin.py:154} INFO - [2024-10-20T02:50:54.118+0000] {dag.py:3722} INFO - Setting next_dagrun for example_branch_labels to 2024-10-19T00:00:00+00:00, run_after=2024-10-20T00:00:00+00:00
[2024-10-20T02:50:54.139+0000] {processor.py:179} INFO - Processing /home/airflow/.local/lib/python3.8/site-packages/airflow/example_dags/example_branch_labels.py took 0.085 seconds
[2024-10-20T02:51:24.396+0000] {processor.py:157} INFO - Started process (PID=649) to work on /home/airflow/.local/lib/python3.8/site-packages/airflow/example_dags/example_branch_labels.py
[2024-10-20T02:51:24.397+0000] {processor.py:829} INFO - Processing file /home/airflow/.local/lib/python3.8/site-packages/airflow/example_dags/example_branch_labels.py for tasks to queue
[2024-10-20T02:51:24.400+0000] {logging_mixin.py:154} INFO - [2024-10-20T02:51:24.399+0000] {dagbag.py:536} INFO - Filling up the DagBag from /home/airflow/.local/lib/python3.8/site-packages/airflow/example_dags/example_branch_labels.py
[2024-10-20T02:51:24.407+0000] {processor.py:839} INFO - DAG(s) dict_keys(['example_branch_labels']) retrieved from /home/airflow/.local/lib/python3.8/site-packages/airflow/example_dags/example_branch_labels.py
[2024-10-20T02:51:24.429+0000] {logging_mixin.py:154} INFO - [2024-10-20T02:51:24.429+0000] {dag.py:2941} INFO - Sync 1 DAGs
[2024-10-20T02:51:24.452+0000] {logging_mixin.py:154} INFO - [2024-10-20T02:51:24.452+0000] {dag.py:3722} INFO - Setting next_dagrun for example_branch_labels to 2024-10-19T00:00:00+00:00, run_after=2024-10-20T00:00:00+00:00
[2024-10-20T02:51:24.473+0000] {processor.py:179} INFO - Processing /home/airflow/.local/lib/python3.8/site-packages/airflow/example_dags/example_branch_labels.py took 0.080 seconds
[2024-10-20T02:51:54.679+0000] {processor.py:157} INFO - Started process (PID=705) to work on /home/airflow/.local/lib/python3.8/site-packages/airflow/example_dags/example_branch_labels.py
[2024-10-20T02:51:54.680+0000] {processor.py:829} INFO - Processing file /home/airflow/.local/lib/python3.8/site-packages/airflow/example_dags/example_branch_labels.py for tasks to queue
[2024-10-20T02:51:54.683+0000] {logging_mixin.py:154} INFO - [2024-10-20T02:51:54.683+0000] {dagbag.py:536} INFO - Filling up the DagBag from /home/airflow/.local/lib/python3.8/site-packages/airflow/example_dags/example_branch_labels.py
[2024-10-20T02:51:54.691+0000] {processor.py:839} INFO - DAG(s) dict_keys(['example_branch_labels']) retrieved from /home/airflow/.local/lib/python3.8/site-packages/airflow/example_dags/example_branch_labels.py
[2024-10-20T02:51:54.715+0000] {logging_mixin.py:154} INFO - [2024-10-20T02:51:54.715+0000] {dag.py:2941} INFO - Sync 1 DAGs
[2024-10-20T02:51:54.739+0000] {logging_mixin.py:154} INFO - [2024-10-20T02:51:54.739+0000] {dag.py:3722} INFO - Setting next_dagrun for example_branch_labels to 2024-10-19T00:00:00+00:00, run_after=2024-10-20T00:00:00+00:00
[2024-10-20T02:51:54.764+0000] {processor.py:179} INFO - Processing /home/airflow/.local/lib/python3.8/site-packages/airflow/example_dags/example_branch_labels.py took 0.087 seconds
[2024-10-20T02:52:24.928+0000] {processor.py:157} INFO - Started process (PID=761) to work on /home/airflow/.local/lib/python3.8/site-packages/airflow/example_dags/example_branch_labels.py
[2024-10-20T02:52:24.929+0000] {processor.py:829} INFO - Processing file /home/airflow/.local/lib/python3.8/site-packages/airflow/example_dags/example_branch_labels.py for tasks to queue
[2024-10-20T02:52:24.932+0000] {logging_mixin.py:154} INFO - [2024-10-20T02:52:24.931+0000] {dagbag.py:536} INFO - Filling up the DagBag from /home/airflow/.local/lib/python3.8/site-packages/airflow/example_dags/example_branch_labels.py
[2024-10-20T02:52:24.941+0000] {processor.py:839} INFO - DAG(s) dict_keys(['example_branch_labels']) retrieved from /home/airflow/.local/lib/python3.8/site-packages/airflow/example_dags/example_branch_labels.py
[2024-10-20T02:52:24.965+0000] {logging_mixin.py:154} INFO - [2024-10-20T02:52:24.964+0000] {dag.py:2941} INFO - Sync 1 DAGs
[2024-10-20T02:52:24.994+0000] {logging_mixin.py:154} INFO - [2024-10-20T02:52:24.993+0000] {dag.py:3722} INFO - Setting next_dagrun for example_branch_labels to 2024-10-19T00:00:00+00:00, run_after=2024-10-20T00:00:00+00:00
[2024-10-20T02:52:25.017+0000] {processor.py:179} INFO - Processing /home/airflow/.local/lib/python3.8/site-packages/airflow/example_dags/example_branch_labels.py took 0.092 seconds
[2024-10-20T02:52:55.478+0000] {processor.py:157} INFO - Started process (PID=817) to work on /home/airflow/.local/lib/python3.8/site-packages/airflow/example_dags/example_branch_labels.py
[2024-10-20T02:52:55.479+0000] {processor.py:829} INFO - Processing file /home/airflow/.local/lib/python3.8/site-packages/airflow/example_dags/example_branch_labels.py for tasks to queue
[2024-10-20T02:52:55.481+0000] {logging_mixin.py:154} INFO - [2024-10-20T02:52:55.481+0000] {dagbag.py:536} INFO - Filling up the DagBag from /home/airflow/.local/lib/python3.8/site-packages/airflow/example_dags/example_branch_labels.py
[2024-10-20T02:52:55.489+0000] {processor.py:839} INFO - DAG(s) dict_keys(['example_branch_labels']) retrieved from /home/airflow/.local/lib/python3.8/site-packages/airflow/example_dags/example_branch_labels.py
[2024-10-20T02:52:55.511+0000] {logging_mixin.py:154} INFO - [2024-10-20T02:52:55.511+0000] {dag.py:2941} INFO - Sync 1 DAGs
[2024-10-20T02:52:55.534+0000] {logging_mixin.py:154} INFO - [2024-10-20T02:52:55.533+0000] {dag.py:3722} INFO - Setting next_dagrun for example_branch_labels to 2024-10-19T00:00:00+00:00, run_after=2024-10-20T00:00:00+00:00
[2024-10-20T02:52:55.554+0000] {processor.py:179} INFO - Processing /home/airflow/.local/lib/python3.8/site-packages/airflow/example_dags/example_branch_labels.py took 0.079 seconds
[2024-10-20T02:53:25.745+0000] {processor.py:157} INFO - Started process (PID=875) to work on /home/airflow/.local/lib/python3.8/site-packages/airflow/example_dags/example_branch_labels.py
[2024-10-20T02:53:25.747+0000] {processor.py:829} INFO - Processing file /home/airflow/.local/lib/python3.8/site-packages/airflow/example_dags/example_branch_labels.py for tasks to queue
[2024-10-20T02:53:25.750+0000] {logging_mixin.py:154} INFO - [2024-10-20T02:53:25.749+0000] {dagbag.py:536} INFO - Filling up the DagBag from /home/airflow/.local/lib/python3.8/site-packages/airflow/example_dags/example_branch_labels.py
[2024-10-20T02:53:25.762+0000] {processor.py:839} INFO - DAG(s) dict_keys(['example_branch_labels']) retrieved from /home/airflow/.local/lib/python3.8/site-packages/airflow/example_dags/example_branch_labels.py
[2024-10-20T02:53:25.792+0000] {logging_mixin.py:154} INFO - [2024-10-20T02:53:25.792+0000] {dag.py:2941} INFO - Sync 1 DAGs
[2024-10-20T02:53:25.823+0000] {logging_mixin.py:154} INFO - [2024-10-20T02:53:25.823+0000] {dag.py:3722} INFO - Setting next_dagrun for example_branch_labels to 2024-10-19T00:00:00+00:00, run_after=2024-10-20T00:00:00+00:00
[2024-10-20T02:53:25.854+0000] {processor.py:179} INFO - Processing /home/airflow/.local/lib/python3.8/site-packages/airflow/example_dags/example_branch_labels.py took 0.112 seconds
[2024-10-20T02:53:56.740+0000] {processor.py:157} INFO - Started process (PID=933) to work on /home/airflow/.local/lib/python3.8/site-packages/airflow/example_dags/example_branch_labels.py
[2024-10-20T02:53:56.742+0000] {processor.py:829} INFO - Processing file /home/airflow/.local/lib/python3.8/site-packages/airflow/example_dags/example_branch_labels.py for tasks to queue
[2024-10-20T02:53:56.748+0000] {logging_mixin.py:154} INFO - [2024-10-20T02:53:56.746+0000] {dagbag.py:536} INFO - Filling up the DagBag from /home/airflow/.local/lib/python3.8/site-packages/airflow/example_dags/example_branch_labels.py
[2024-10-20T02:53:56.760+0000] {processor.py:839} INFO - DAG(s) dict_keys(['example_branch_labels']) retrieved from /home/airflow/.local/lib/python3.8/site-packages/airflow/example_dags/example_branch_labels.py
[2024-10-20T02:53:56.798+0000] {logging_mixin.py:154} INFO - [2024-10-20T02:53:56.798+0000] {dag.py:2941} INFO - Sync 1 DAGs
[2024-10-20T02:53:56.835+0000] {logging_mixin.py:154} INFO - [2024-10-20T02:53:56.835+0000] {dag.py:3722} INFO - Setting next_dagrun for example_branch_labels to 2024-10-19T00:00:00+00:00, run_after=2024-10-20T00:00:00+00:00
[2024-10-20T02:53:56.872+0000] {processor.py:179} INFO - Processing /home/airflow/.local/lib/python3.8/site-packages/airflow/example_dags/example_branch_labels.py took 0.136 seconds
[2024-10-20T02:54:27.395+0000] {processor.py:157} INFO - Started process (PID=989) to work on /home/airflow/.local/lib/python3.8/site-packages/airflow/example_dags/example_branch_labels.py
[2024-10-20T02:54:27.397+0000] {processor.py:829} INFO - Processing file /home/airflow/.local/lib/python3.8/site-packages/airflow/example_dags/example_branch_labels.py for tasks to queue
[2024-10-20T02:54:27.400+0000] {logging_mixin.py:154} INFO - [2024-10-20T02:54:27.399+0000] {dagbag.py:536} INFO - Filling up the DagBag from /home/airflow/.local/lib/python3.8/site-packages/airflow/example_dags/example_branch_labels.py
[2024-10-20T02:54:27.409+0000] {processor.py:839} INFO - DAG(s) dict_keys(['example_branch_labels']) retrieved from /home/airflow/.local/lib/python3.8/site-packages/airflow/example_dags/example_branch_labels.py
[2024-10-20T02:54:27.436+0000] {logging_mixin.py:154} INFO - [2024-10-20T02:54:27.436+0000] {dag.py:2941} INFO - Sync 1 DAGs
[2024-10-20T02:54:27.465+0000] {logging_mixin.py:154} INFO - [2024-10-20T02:54:27.464+0000] {dag.py:3722} INFO - Setting next_dagrun for example_branch_labels to 2024-10-19T00:00:00+00:00, run_after=2024-10-20T00:00:00+00:00
[2024-10-20T02:54:27.662+0000] {processor.py:179} INFO - Processing /home/airflow/.local/lib/python3.8/site-packages/airflow/example_dags/example_branch_labels.py took 0.270 seconds
[2024-10-20T02:54:58.582+0000] {processor.py:157} INFO - Started process (PID=1045) to work on /home/airflow/.local/lib/python3.8/site-packages/airflow/example_dags/example_branch_labels.py
[2024-10-20T02:54:58.583+0000] {processor.py:829} INFO - Processing file /home/airflow/.local/lib/python3.8/site-packages/airflow/example_dags/example_branch_labels.py for tasks to queue
[2024-10-20T02:54:58.586+0000] {logging_mixin.py:154} INFO - [2024-10-20T02:54:58.585+0000] {dagbag.py:536} INFO - Filling up the DagBag from /home/airflow/.local/lib/python3.8/site-packages/airflow/example_dags/example_branch_labels.py
[2024-10-20T02:54:58.594+0000] {processor.py:839} INFO - DAG(s) dict_keys(['example_branch_labels']) retrieved from /home/airflow/.local/lib/python3.8/site-packages/airflow/example_dags/example_branch_labels.py
[2024-10-20T02:54:58.620+0000] {logging_mixin.py:154} INFO - [2024-10-20T02:54:58.619+0000] {dag.py:2941} INFO - Sync 1 DAGs
[2024-10-20T02:54:58.645+0000] {logging_mixin.py:154} INFO - [2024-10-20T02:54:58.644+0000] {dag.py:3722} INFO - Setting next_dagrun for example_branch_labels to 2024-10-19T00:00:00+00:00, run_after=2024-10-20T00:00:00+00:00
[2024-10-20T02:54:58.677+0000] {processor.py:179} INFO - Processing /home/airflow/.local/lib/python3.8/site-packages/airflow/example_dags/example_branch_labels.py took 0.098 seconds
[2024-10-20T02:55:29.592+0000] {processor.py:157} INFO - Started process (PID=1103) to work on /home/airflow/.local/lib/python3.8/site-packages/airflow/example_dags/example_branch_labels.py
[2024-10-20T02:55:29.594+0000] {processor.py:829} INFO - Processing file /home/airflow/.local/lib/python3.8/site-packages/airflow/example_dags/example_branch_labels.py for tasks to queue
[2024-10-20T02:55:29.596+0000] {logging_mixin.py:154} INFO - [2024-10-20T02:55:29.596+0000] {dagbag.py:536} INFO - Filling up the DagBag from /home/airflow/.local/lib/python3.8/site-packages/airflow/example_dags/example_branch_labels.py
[2024-10-20T02:55:29.605+0000] {processor.py:839} INFO - DAG(s) dict_keys(['example_branch_labels']) retrieved from /home/airflow/.local/lib/python3.8/site-packages/airflow/example_dags/example_branch_labels.py
[2024-10-20T02:55:29.636+0000] {logging_mixin.py:154} INFO - [2024-10-20T02:55:29.635+0000] {dag.py:2941} INFO - Sync 1 DAGs
[2024-10-20T02:55:29.668+0000] {logging_mixin.py:154} INFO - [2024-10-20T02:55:29.668+0000] {dag.py:3722} INFO - Setting next_dagrun for example_branch_labels to 2024-10-19T00:00:00+00:00, run_after=2024-10-20T00:00:00+00:00
[2024-10-20T02:55:29.693+0000] {processor.py:179} INFO - Processing /home/airflow/.local/lib/python3.8/site-packages/airflow/example_dags/example_branch_labels.py took 0.106 seconds
[2024-10-20T02:56:00.303+0000] {processor.py:157} INFO - Started process (PID=1163) to work on /home/airflow/.local/lib/python3.8/site-packages/airflow/example_dags/example_branch_labels.py
[2024-10-20T02:56:00.304+0000] {processor.py:829} INFO - Processing file /home/airflow/.local/lib/python3.8/site-packages/airflow/example_dags/example_branch_labels.py for tasks to queue
[2024-10-20T02:56:00.307+0000] {logging_mixin.py:154} INFO - [2024-10-20T02:56:00.307+0000] {dagbag.py:536} INFO - Filling up the DagBag from /home/airflow/.local/lib/python3.8/site-packages/airflow/example_dags/example_branch_labels.py
[2024-10-20T02:56:00.315+0000] {processor.py:839} INFO - DAG(s) dict_keys(['example_branch_labels']) retrieved from /home/airflow/.local/lib/python3.8/site-packages/airflow/example_dags/example_branch_labels.py
[2024-10-20T02:56:00.344+0000] {logging_mixin.py:154} INFO - [2024-10-20T02:56:00.343+0000] {dag.py:2941} INFO - Sync 1 DAGs
[2024-10-20T02:56:00.600+0000] {logging_mixin.py:154} INFO - [2024-10-20T02:56:00.599+0000] {dag.py:3722} INFO - Setting next_dagrun for example_branch_labels to 2024-10-19T00:00:00+00:00, run_after=2024-10-20T00:00:00+00:00
[2024-10-20T02:56:00.635+0000] {processor.py:179} INFO - Processing /home/airflow/.local/lib/python3.8/site-packages/airflow/example_dags/example_branch_labels.py took 0.335 seconds
[2024-10-20T02:56:30.888+0000] {processor.py:157} INFO - Started process (PID=1219) to work on /home/airflow/.local/lib/python3.8/site-packages/airflow/example_dags/example_branch_labels.py
[2024-10-20T02:56:30.890+0000] {processor.py:829} INFO - Processing file /home/airflow/.local/lib/python3.8/site-packages/airflow/example_dags/example_branch_labels.py for tasks to queue
[2024-10-20T02:56:30.892+0000] {logging_mixin.py:154} INFO - [2024-10-20T02:56:30.892+0000] {dagbag.py:536} INFO - Filling up the DagBag from /home/airflow/.local/lib/python3.8/site-packages/airflow/example_dags/example_branch_labels.py
[2024-10-20T02:56:30.901+0000] {processor.py:839} INFO - DAG(s) dict_keys(['example_branch_labels']) retrieved from /home/airflow/.local/lib/python3.8/site-packages/airflow/example_dags/example_branch_labels.py
[2024-10-20T02:56:30.928+0000] {logging_mixin.py:154} INFO - [2024-10-20T02:56:30.927+0000] {dag.py:2941} INFO - Sync 1 DAGs
[2024-10-20T02:56:31.165+0000] {logging_mixin.py:154} INFO - [2024-10-20T02:56:31.165+0000] {dag.py:3722} INFO - Setting next_dagrun for example_branch_labels to 2024-10-19T00:00:00+00:00, run_after=2024-10-20T00:00:00+00:00
[2024-10-20T02:56:31.191+0000] {processor.py:179} INFO - Processing /home/airflow/.local/lib/python3.8/site-packages/airflow/example_dags/example_branch_labels.py took 0.306 seconds
[2024-10-20T02:57:01.273+0000] {processor.py:157} INFO - Started process (PID=1275) to work on /home/airflow/.local/lib/python3.8/site-packages/airflow/example_dags/example_branch_labels.py
[2024-10-20T02:57:01.274+0000] {processor.py:829} INFO - Processing file /home/airflow/.local/lib/python3.8/site-packages/airflow/example_dags/example_branch_labels.py for tasks to queue
[2024-10-20T02:57:01.277+0000] {logging_mixin.py:154} INFO - [2024-10-20T02:57:01.276+0000] {dagbag.py:536} INFO - Filling up the DagBag from /home/airflow/.local/lib/python3.8/site-packages/airflow/example_dags/example_branch_labels.py
[2024-10-20T02:57:01.285+0000] {processor.py:839} INFO - DAG(s) dict_keys(['example_branch_labels']) retrieved from /home/airflow/.local/lib/python3.8/site-packages/airflow/example_dags/example_branch_labels.py
[2024-10-20T02:57:01.319+0000] {logging_mixin.py:154} INFO - [2024-10-20T02:57:01.319+0000] {dag.py:2941} INFO - Sync 1 DAGs
[2024-10-20T02:57:01.348+0000] {logging_mixin.py:154} INFO - [2024-10-20T02:57:01.348+0000] {dag.py:3722} INFO - Setting next_dagrun for example_branch_labels to 2024-10-19T00:00:00+00:00, run_after=2024-10-20T00:00:00+00:00
[2024-10-20T02:57:01.375+0000] {processor.py:179} INFO - Processing /home/airflow/.local/lib/python3.8/site-packages/airflow/example_dags/example_branch_labels.py took 0.106 seconds
[2024-10-20T02:57:31.729+0000] {processor.py:157} INFO - Started process (PID=1333) to work on /home/airflow/.local/lib/python3.8/site-packages/airflow/example_dags/example_branch_labels.py
[2024-10-20T02:57:31.730+0000] {processor.py:829} INFO - Processing file /home/airflow/.local/lib/python3.8/site-packages/airflow/example_dags/example_branch_labels.py for tasks to queue
[2024-10-20T02:57:31.732+0000] {logging_mixin.py:154} INFO - [2024-10-20T02:57:31.732+0000] {dagbag.py:536} INFO - Filling up the DagBag from /home/airflow/.local/lib/python3.8/site-packages/airflow/example_dags/example_branch_labels.py
[2024-10-20T02:57:31.740+0000] {processor.py:839} INFO - DAG(s) dict_keys(['example_branch_labels']) retrieved from /home/airflow/.local/lib/python3.8/site-packages/airflow/example_dags/example_branch_labels.py
[2024-10-20T02:57:31.765+0000] {logging_mixin.py:154} INFO - [2024-10-20T02:57:31.765+0000] {dag.py:2941} INFO - Sync 1 DAGs
[2024-10-20T02:57:31.791+0000] {logging_mixin.py:154} INFO - [2024-10-20T02:57:31.790+0000] {dag.py:3722} INFO - Setting next_dagrun for example_branch_labels to 2024-10-19T00:00:00+00:00, run_after=2024-10-20T00:00:00+00:00
[2024-10-20T02:57:31.816+0000] {processor.py:179} INFO - Processing /home/airflow/.local/lib/python3.8/site-packages/airflow/example_dags/example_branch_labels.py took 0.091 seconds
[2024-10-20T02:58:02.113+0000] {processor.py:157} INFO - Started process (PID=1389) to work on /home/airflow/.local/lib/python3.8/site-packages/airflow/example_dags/example_branch_labels.py
[2024-10-20T02:58:02.114+0000] {processor.py:829} INFO - Processing file /home/airflow/.local/lib/python3.8/site-packages/airflow/example_dags/example_branch_labels.py for tasks to queue
[2024-10-20T02:58:02.117+0000] {logging_mixin.py:154} INFO - [2024-10-20T02:58:02.116+0000] {dagbag.py:536} INFO - Filling up the DagBag from /home/airflow/.local/lib/python3.8/site-packages/airflow/example_dags/example_branch_labels.py
[2024-10-20T02:58:02.126+0000] {processor.py:839} INFO - DAG(s) dict_keys(['example_branch_labels']) retrieved from /home/airflow/.local/lib/python3.8/site-packages/airflow/example_dags/example_branch_labels.py
[2024-10-20T02:58:02.342+0000] {logging_mixin.py:154} INFO - [2024-10-20T02:58:02.342+0000] {dag.py:2941} INFO - Sync 1 DAGs
[2024-10-20T02:58:02.376+0000] {logging_mixin.py:154} INFO - [2024-10-20T02:58:02.376+0000] {dag.py:3722} INFO - Setting next_dagrun for example_branch_labels to 2024-10-19T00:00:00+00:00, run_after=2024-10-20T00:00:00+00:00
[2024-10-20T02:58:02.410+0000] {processor.py:179} INFO - Processing /home/airflow/.local/lib/python3.8/site-packages/airflow/example_dags/example_branch_labels.py took 0.300 seconds
[2024-10-20T02:58:32.763+0000] {processor.py:157} INFO - Started process (PID=1445) to work on /home/airflow/.local/lib/python3.8/site-packages/airflow/example_dags/example_branch_labels.py
[2024-10-20T02:58:32.764+0000] {processor.py:829} INFO - Processing file /home/airflow/.local/lib/python3.8/site-packages/airflow/example_dags/example_branch_labels.py for tasks to queue
[2024-10-20T02:58:32.767+0000] {logging_mixin.py:154} INFO - [2024-10-20T02:58:32.766+0000] {dagbag.py:536} INFO - Filling up the DagBag from /home/airflow/.local/lib/python3.8/site-packages/airflow/example_dags/example_branch_labels.py
[2024-10-20T02:58:32.774+0000] {processor.py:839} INFO - DAG(s) dict_keys(['example_branch_labels']) retrieved from /home/airflow/.local/lib/python3.8/site-packages/airflow/example_dags/example_branch_labels.py
[2024-10-20T02:58:32.797+0000] {logging_mixin.py:154} INFO - [2024-10-20T02:58:32.796+0000] {dag.py:2941} INFO - Sync 1 DAGs
[2024-10-20T02:58:32.820+0000] {logging_mixin.py:154} INFO - [2024-10-20T02:58:32.820+0000] {dag.py:3722} INFO - Setting next_dagrun for example_branch_labels to 2024-10-19T00:00:00+00:00, run_after=2024-10-20T00:00:00+00:00
[2024-10-20T02:58:32.845+0000] {processor.py:179} INFO - Processing /home/airflow/.local/lib/python3.8/site-packages/airflow/example_dags/example_branch_labels.py took 0.085 seconds
[2024-10-20T02:59:53.084+0000] {processor.py:157} INFO - Started process (PID=92) to work on /home/airflow/.local/lib/python3.8/site-packages/airflow/example_dags/example_branch_labels.py
[2024-10-20T02:59:53.092+0000] {processor.py:829} INFO - Processing file /home/airflow/.local/lib/python3.8/site-packages/airflow/example_dags/example_branch_labels.py for tasks to queue
[2024-10-20T02:59:53.110+0000] {logging_mixin.py:154} INFO - [2024-10-20T02:59:53.108+0000] {dagbag.py:536} INFO - Filling up the DagBag from /home/airflow/.local/lib/python3.8/site-packages/airflow/example_dags/example_branch_labels.py
[2024-10-20T02:59:53.184+0000] {processor.py:839} INFO - DAG(s) dict_keys(['example_branch_labels']) retrieved from /home/airflow/.local/lib/python3.8/site-packages/airflow/example_dags/example_branch_labels.py
[2024-10-20T02:59:53.255+0000] {logging_mixin.py:154} INFO - [2024-10-20T02:59:53.255+0000] {dag.py:2941} INFO - Sync 1 DAGs
[2024-10-20T02:59:53.330+0000] {logging_mixin.py:154} INFO - [2024-10-20T02:59:53.329+0000] {dag.py:3722} INFO - Setting next_dagrun for example_branch_labels to 2024-10-19T00:00:00+00:00, run_after=2024-10-20T00:00:00+00:00
[2024-10-20T02:59:53.391+0000] {processor.py:179} INFO - Processing /home/airflow/.local/lib/python3.8/site-packages/airflow/example_dags/example_branch_labels.py took 0.344 seconds
[2024-10-20T03:00:24.650+0000] {processor.py:157} INFO - Started process (PID=152) to work on /home/airflow/.local/lib/python3.8/site-packages/airflow/example_dags/example_branch_labels.py
[2024-10-20T03:00:24.651+0000] {processor.py:829} INFO - Processing file /home/airflow/.local/lib/python3.8/site-packages/airflow/example_dags/example_branch_labels.py for tasks to queue
[2024-10-20T03:00:24.655+0000] {logging_mixin.py:154} INFO - [2024-10-20T03:00:24.655+0000] {dagbag.py:536} INFO - Filling up the DagBag from /home/airflow/.local/lib/python3.8/site-packages/airflow/example_dags/example_branch_labels.py
[2024-10-20T03:00:24.666+0000] {processor.py:839} INFO - DAG(s) dict_keys(['example_branch_labels']) retrieved from /home/airflow/.local/lib/python3.8/site-packages/airflow/example_dags/example_branch_labels.py
[2024-10-20T03:00:24.702+0000] {logging_mixin.py:154} INFO - [2024-10-20T03:00:24.702+0000] {dag.py:2941} INFO - Sync 1 DAGs
[2024-10-20T03:00:24.737+0000] {logging_mixin.py:154} INFO - [2024-10-20T03:00:24.737+0000] {dag.py:3722} INFO - Setting next_dagrun for example_branch_labels to 2024-10-19T00:00:00+00:00, run_after=2024-10-20T00:00:00+00:00
[2024-10-20T03:00:24.773+0000] {processor.py:179} INFO - Processing /home/airflow/.local/lib/python3.8/site-packages/airflow/example_dags/example_branch_labels.py took 0.128 seconds
[2024-10-20T03:00:55.400+0000] {processor.py:157} INFO - Started process (PID=208) to work on /home/airflow/.local/lib/python3.8/site-packages/airflow/example_dags/example_branch_labels.py
[2024-10-20T03:00:55.401+0000] {processor.py:829} INFO - Processing file /home/airflow/.local/lib/python3.8/site-packages/airflow/example_dags/example_branch_labels.py for tasks to queue
[2024-10-20T03:00:55.403+0000] {logging_mixin.py:154} INFO - [2024-10-20T03:00:55.403+0000] {dagbag.py:536} INFO - Filling up the DagBag from /home/airflow/.local/lib/python3.8/site-packages/airflow/example_dags/example_branch_labels.py
[2024-10-20T03:00:55.413+0000] {processor.py:839} INFO - DAG(s) dict_keys(['example_branch_labels']) retrieved from /home/airflow/.local/lib/python3.8/site-packages/airflow/example_dags/example_branch_labels.py
[2024-10-20T03:00:55.438+0000] {logging_mixin.py:154} INFO - [2024-10-20T03:00:55.437+0000] {dag.py:2941} INFO - Sync 1 DAGs
[2024-10-20T03:00:55.467+0000] {logging_mixin.py:154} INFO - [2024-10-20T03:00:55.467+0000] {dag.py:3722} INFO - Setting next_dagrun for example_branch_labels to 2024-10-19T00:00:00+00:00, run_after=2024-10-20T00:00:00+00:00
[2024-10-20T03:00:55.500+0000] {processor.py:179} INFO - Processing /home/airflow/.local/lib/python3.8/site-packages/airflow/example_dags/example_branch_labels.py took 0.103 seconds
[2024-10-20T03:01:26.386+0000] {processor.py:157} INFO - Started process (PID=264) to work on /home/airflow/.local/lib/python3.8/site-packages/airflow/example_dags/example_branch_labels.py
[2024-10-20T03:01:26.387+0000] {processor.py:829} INFO - Processing file /home/airflow/.local/lib/python3.8/site-packages/airflow/example_dags/example_branch_labels.py for tasks to queue
[2024-10-20T03:01:26.390+0000] {logging_mixin.py:154} INFO - [2024-10-20T03:01:26.390+0000] {dagbag.py:536} INFO - Filling up the DagBag from /home/airflow/.local/lib/python3.8/site-packages/airflow/example_dags/example_branch_labels.py
[2024-10-20T03:01:26.399+0000] {processor.py:839} INFO - DAG(s) dict_keys(['example_branch_labels']) retrieved from /home/airflow/.local/lib/python3.8/site-packages/airflow/example_dags/example_branch_labels.py
[2024-10-20T03:01:26.424+0000] {logging_mixin.py:154} INFO - [2024-10-20T03:01:26.423+0000] {dag.py:2941} INFO - Sync 1 DAGs
[2024-10-20T03:01:26.453+0000] {logging_mixin.py:154} INFO - [2024-10-20T03:01:26.452+0000] {dag.py:3722} INFO - Setting next_dagrun for example_branch_labels to 2024-10-19T00:00:00+00:00, run_after=2024-10-20T00:00:00+00:00
[2024-10-20T03:01:26.480+0000] {processor.py:179} INFO - Processing /home/airflow/.local/lib/python3.8/site-packages/airflow/example_dags/example_branch_labels.py took 0.098 seconds
[2024-10-20T03:01:56.666+0000] {processor.py:157} INFO - Started process (PID=320) to work on /home/airflow/.local/lib/python3.8/site-packages/airflow/example_dags/example_branch_labels.py
[2024-10-20T03:01:56.668+0000] {processor.py:829} INFO - Processing file /home/airflow/.local/lib/python3.8/site-packages/airflow/example_dags/example_branch_labels.py for tasks to queue
[2024-10-20T03:01:56.671+0000] {logging_mixin.py:154} INFO - [2024-10-20T03:01:56.670+0000] {dagbag.py:536} INFO - Filling up the DagBag from /home/airflow/.local/lib/python3.8/site-packages/airflow/example_dags/example_branch_labels.py
[2024-10-20T03:01:56.680+0000] {processor.py:839} INFO - DAG(s) dict_keys(['example_branch_labels']) retrieved from /home/airflow/.local/lib/python3.8/site-packages/airflow/example_dags/example_branch_labels.py
[2024-10-20T03:01:56.714+0000] {logging_mixin.py:154} INFO - [2024-10-20T03:01:56.714+0000] {dag.py:2941} INFO - Sync 1 DAGs
[2024-10-20T03:01:56.746+0000] {logging_mixin.py:154} INFO - [2024-10-20T03:01:56.746+0000] {dag.py:3722} INFO - Setting next_dagrun for example_branch_labels to 2024-10-19T00:00:00+00:00, run_after=2024-10-20T00:00:00+00:00
[2024-10-20T03:01:56.774+0000] {processor.py:179} INFO - Processing /home/airflow/.local/lib/python3.8/site-packages/airflow/example_dags/example_branch_labels.py took 0.112 seconds
[2024-10-20T03:02:27.225+0000] {processor.py:157} INFO - Started process (PID=380) to work on /home/airflow/.local/lib/python3.8/site-packages/airflow/example_dags/example_branch_labels.py
[2024-10-20T03:02:27.226+0000] {processor.py:829} INFO - Processing file /home/airflow/.local/lib/python3.8/site-packages/airflow/example_dags/example_branch_labels.py for tasks to queue
[2024-10-20T03:02:27.228+0000] {logging_mixin.py:154} INFO - [2024-10-20T03:02:27.228+0000] {dagbag.py:536} INFO - Filling up the DagBag from /home/airflow/.local/lib/python3.8/site-packages/airflow/example_dags/example_branch_labels.py
[2024-10-20T03:02:27.237+0000] {processor.py:839} INFO - DAG(s) dict_keys(['example_branch_labels']) retrieved from /home/airflow/.local/lib/python3.8/site-packages/airflow/example_dags/example_branch_labels.py
[2024-10-20T03:02:27.267+0000] {logging_mixin.py:154} INFO - [2024-10-20T03:02:27.267+0000] {dag.py:2941} INFO - Sync 1 DAGs
[2024-10-20T03:02:27.297+0000] {logging_mixin.py:154} INFO - [2024-10-20T03:02:27.296+0000] {dag.py:3722} INFO - Setting next_dagrun for example_branch_labels to 2024-10-19T00:00:00+00:00, run_after=2024-10-20T00:00:00+00:00
[2024-10-20T03:02:27.332+0000] {processor.py:179} INFO - Processing /home/airflow/.local/lib/python3.8/site-packages/airflow/example_dags/example_branch_labels.py took 0.110 seconds
[2024-10-20T03:02:58.064+0000] {processor.py:157} INFO - Started process (PID=436) to work on /home/airflow/.local/lib/python3.8/site-packages/airflow/example_dags/example_branch_labels.py
[2024-10-20T03:02:58.066+0000] {processor.py:829} INFO - Processing file /home/airflow/.local/lib/python3.8/site-packages/airflow/example_dags/example_branch_labels.py for tasks to queue
[2024-10-20T03:02:58.068+0000] {logging_mixin.py:154} INFO - [2024-10-20T03:02:58.068+0000] {dagbag.py:536} INFO - Filling up the DagBag from /home/airflow/.local/lib/python3.8/site-packages/airflow/example_dags/example_branch_labels.py
[2024-10-20T03:02:58.076+0000] {processor.py:839} INFO - DAG(s) dict_keys(['example_branch_labels']) retrieved from /home/airflow/.local/lib/python3.8/site-packages/airflow/example_dags/example_branch_labels.py
[2024-10-20T03:02:58.098+0000] {logging_mixin.py:154} INFO - [2024-10-20T03:02:58.098+0000] {dag.py:2941} INFO - Sync 1 DAGs
[2024-10-20T03:02:58.122+0000] {logging_mixin.py:154} INFO - [2024-10-20T03:02:58.122+0000] {dag.py:3722} INFO - Setting next_dagrun for example_branch_labels to 2024-10-19T00:00:00+00:00, run_after=2024-10-20T00:00:00+00:00
[2024-10-20T03:02:58.144+0000] {processor.py:179} INFO - Processing /home/airflow/.local/lib/python3.8/site-packages/airflow/example_dags/example_branch_labels.py took 0.083 seconds
[2024-10-20T03:03:28.758+0000] {processor.py:157} INFO - Started process (PID=492) to work on /home/airflow/.local/lib/python3.8/site-packages/airflow/example_dags/example_branch_labels.py
[2024-10-20T03:03:28.759+0000] {processor.py:829} INFO - Processing file /home/airflow/.local/lib/python3.8/site-packages/airflow/example_dags/example_branch_labels.py for tasks to queue
[2024-10-20T03:03:28.761+0000] {logging_mixin.py:154} INFO - [2024-10-20T03:03:28.761+0000] {dagbag.py:536} INFO - Filling up the DagBag from /home/airflow/.local/lib/python3.8/site-packages/airflow/example_dags/example_branch_labels.py
[2024-10-20T03:03:28.769+0000] {processor.py:839} INFO - DAG(s) dict_keys(['example_branch_labels']) retrieved from /home/airflow/.local/lib/python3.8/site-packages/airflow/example_dags/example_branch_labels.py
[2024-10-20T03:03:28.790+0000] {logging_mixin.py:154} INFO - [2024-10-20T03:03:28.790+0000] {dag.py:2941} INFO - Sync 1 DAGs
[2024-10-20T03:03:28.813+0000] {logging_mixin.py:154} INFO - [2024-10-20T03:03:28.813+0000] {dag.py:3722} INFO - Setting next_dagrun for example_branch_labels to 2024-10-19T00:00:00+00:00, run_after=2024-10-20T00:00:00+00:00
[2024-10-20T03:03:28.834+0000] {processor.py:179} INFO - Processing /home/airflow/.local/lib/python3.8/site-packages/airflow/example_dags/example_branch_labels.py took 0.079 seconds
[2024-10-20T03:03:58.984+0000] {processor.py:157} INFO - Started process (PID=548) to work on /home/airflow/.local/lib/python3.8/site-packages/airflow/example_dags/example_branch_labels.py
[2024-10-20T03:03:58.986+0000] {processor.py:829} INFO - Processing file /home/airflow/.local/lib/python3.8/site-packages/airflow/example_dags/example_branch_labels.py for tasks to queue
[2024-10-20T03:03:58.989+0000] {logging_mixin.py:154} INFO - [2024-10-20T03:03:58.988+0000] {dagbag.py:536} INFO - Filling up the DagBag from /home/airflow/.local/lib/python3.8/site-packages/airflow/example_dags/example_branch_labels.py
[2024-10-20T03:03:58.999+0000] {processor.py:839} INFO - DAG(s) dict_keys(['example_branch_labels']) retrieved from /home/airflow/.local/lib/python3.8/site-packages/airflow/example_dags/example_branch_labels.py
[2024-10-20T03:03:59.020+0000] {logging_mixin.py:154} INFO - [2024-10-20T03:03:59.019+0000] {dag.py:2941} INFO - Sync 1 DAGs
[2024-10-20T03:03:59.045+0000] {logging_mixin.py:154} INFO - [2024-10-20T03:03:59.045+0000] {dag.py:3722} INFO - Setting next_dagrun for example_branch_labels to 2024-10-19T00:00:00+00:00, run_after=2024-10-20T00:00:00+00:00
[2024-10-20T03:03:59.068+0000] {processor.py:179} INFO - Processing /home/airflow/.local/lib/python3.8/site-packages/airflow/example_dags/example_branch_labels.py took 0.087 seconds
[2024-10-20T03:04:29.341+0000] {processor.py:157} INFO - Started process (PID=602) to work on /home/airflow/.local/lib/python3.8/site-packages/airflow/example_dags/example_branch_labels.py
[2024-10-20T03:04:29.342+0000] {processor.py:829} INFO - Processing file /home/airflow/.local/lib/python3.8/site-packages/airflow/example_dags/example_branch_labels.py for tasks to queue
[2024-10-20T03:04:29.345+0000] {logging_mixin.py:154} INFO - [2024-10-20T03:04:29.344+0000] {dagbag.py:536} INFO - Filling up the DagBag from /home/airflow/.local/lib/python3.8/site-packages/airflow/example_dags/example_branch_labels.py
[2024-10-20T03:04:29.353+0000] {processor.py:839} INFO - DAG(s) dict_keys(['example_branch_labels']) retrieved from /home/airflow/.local/lib/python3.8/site-packages/airflow/example_dags/example_branch_labels.py
[2024-10-20T03:04:29.376+0000] {logging_mixin.py:154} INFO - [2024-10-20T03:04:29.376+0000] {dag.py:2941} INFO - Sync 1 DAGs
[2024-10-20T03:04:29.403+0000] {logging_mixin.py:154} INFO - [2024-10-20T03:04:29.403+0000] {dag.py:3722} INFO - Setting next_dagrun for example_branch_labels to 2024-10-19T00:00:00+00:00, run_after=2024-10-20T00:00:00+00:00
[2024-10-20T03:04:29.430+0000] {processor.py:179} INFO - Processing /home/airflow/.local/lib/python3.8/site-packages/airflow/example_dags/example_branch_labels.py took 0.092 seconds
[2024-10-20T03:04:59.811+0000] {processor.py:157} INFO - Started process (PID=658) to work on /home/airflow/.local/lib/python3.8/site-packages/airflow/example_dags/example_branch_labels.py
[2024-10-20T03:04:59.813+0000] {processor.py:829} INFO - Processing file /home/airflow/.local/lib/python3.8/site-packages/airflow/example_dags/example_branch_labels.py for tasks to queue
[2024-10-20T03:04:59.815+0000] {logging_mixin.py:154} INFO - [2024-10-20T03:04:59.814+0000] {dagbag.py:536} INFO - Filling up the DagBag from /home/airflow/.local/lib/python3.8/site-packages/airflow/example_dags/example_branch_labels.py
[2024-10-20T03:04:59.822+0000] {processor.py:839} INFO - DAG(s) dict_keys(['example_branch_labels']) retrieved from /home/airflow/.local/lib/python3.8/site-packages/airflow/example_dags/example_branch_labels.py
[2024-10-20T03:04:59.846+0000] {logging_mixin.py:154} INFO - [2024-10-20T03:04:59.846+0000] {dag.py:2941} INFO - Sync 1 DAGs
[2024-10-20T03:04:59.870+0000] {logging_mixin.py:154} INFO - [2024-10-20T03:04:59.870+0000] {dag.py:3722} INFO - Setting next_dagrun for example_branch_labels to 2024-10-19T00:00:00+00:00, run_after=2024-10-20T00:00:00+00:00
[2024-10-20T03:04:59.893+0000] {processor.py:179} INFO - Processing /home/airflow/.local/lib/python3.8/site-packages/airflow/example_dags/example_branch_labels.py took 0.085 seconds
[2024-10-20T03:05:30.031+0000] {processor.py:157} INFO - Started process (PID=714) to work on /home/airflow/.local/lib/python3.8/site-packages/airflow/example_dags/example_branch_labels.py
[2024-10-20T03:05:30.033+0000] {processor.py:829} INFO - Processing file /home/airflow/.local/lib/python3.8/site-packages/airflow/example_dags/example_branch_labels.py for tasks to queue
[2024-10-20T03:05:30.035+0000] {logging_mixin.py:154} INFO - [2024-10-20T03:05:30.035+0000] {dagbag.py:536} INFO - Filling up the DagBag from /home/airflow/.local/lib/python3.8/site-packages/airflow/example_dags/example_branch_labels.py
[2024-10-20T03:05:30.043+0000] {processor.py:839} INFO - DAG(s) dict_keys(['example_branch_labels']) retrieved from /home/airflow/.local/lib/python3.8/site-packages/airflow/example_dags/example_branch_labels.py
[2024-10-20T03:05:30.070+0000] {logging_mixin.py:154} INFO - [2024-10-20T03:05:30.070+0000] {dag.py:2941} INFO - Sync 1 DAGs
[2024-10-20T03:05:30.097+0000] {logging_mixin.py:154} INFO - [2024-10-20T03:05:30.097+0000] {dag.py:3722} INFO - Setting next_dagrun for example_branch_labels to 2024-10-19T00:00:00+00:00, run_after=2024-10-20T00:00:00+00:00
[2024-10-20T03:05:30.127+0000] {processor.py:179} INFO - Processing /home/airflow/.local/lib/python3.8/site-packages/airflow/example_dags/example_branch_labels.py took 0.099 seconds
[2024-10-20T03:06:00.385+0000] {processor.py:157} INFO - Started process (PID=770) to work on /home/airflow/.local/lib/python3.8/site-packages/airflow/example_dags/example_branch_labels.py
[2024-10-20T03:06:00.386+0000] {processor.py:829} INFO - Processing file /home/airflow/.local/lib/python3.8/site-packages/airflow/example_dags/example_branch_labels.py for tasks to queue
[2024-10-20T03:06:00.389+0000] {logging_mixin.py:154} INFO - [2024-10-20T03:06:00.389+0000] {dagbag.py:536} INFO - Filling up the DagBag from /home/airflow/.local/lib/python3.8/site-packages/airflow/example_dags/example_branch_labels.py
[2024-10-20T03:06:00.398+0000] {processor.py:839} INFO - DAG(s) dict_keys(['example_branch_labels']) retrieved from /home/airflow/.local/lib/python3.8/site-packages/airflow/example_dags/example_branch_labels.py
[2024-10-20T03:06:00.427+0000] {logging_mixin.py:154} INFO - [2024-10-20T03:06:00.427+0000] {dag.py:2941} INFO - Sync 1 DAGs
[2024-10-20T03:06:00.458+0000] {logging_mixin.py:154} INFO - [2024-10-20T03:06:00.458+0000] {dag.py:3722} INFO - Setting next_dagrun for example_branch_labels to 2024-10-19T00:00:00+00:00, run_after=2024-10-20T00:00:00+00:00
[2024-10-20T03:06:00.489+0000] {processor.py:179} INFO - Processing /home/airflow/.local/lib/python3.8/site-packages/airflow/example_dags/example_branch_labels.py took 0.107 seconds
[2024-10-20T03:06:31.177+0000] {processor.py:157} INFO - Started process (PID=826) to work on /home/airflow/.local/lib/python3.8/site-packages/airflow/example_dags/example_branch_labels.py
[2024-10-20T03:06:31.179+0000] {processor.py:829} INFO - Processing file /home/airflow/.local/lib/python3.8/site-packages/airflow/example_dags/example_branch_labels.py for tasks to queue
[2024-10-20T03:06:31.181+0000] {logging_mixin.py:154} INFO - [2024-10-20T03:06:31.181+0000] {dagbag.py:536} INFO - Filling up the DagBag from /home/airflow/.local/lib/python3.8/site-packages/airflow/example_dags/example_branch_labels.py
[2024-10-20T03:06:31.190+0000] {processor.py:839} INFO - DAG(s) dict_keys(['example_branch_labels']) retrieved from /home/airflow/.local/lib/python3.8/site-packages/airflow/example_dags/example_branch_labels.py
[2024-10-20T03:06:31.215+0000] {logging_mixin.py:154} INFO - [2024-10-20T03:06:31.214+0000] {dag.py:2941} INFO - Sync 1 DAGs
[2024-10-20T03:06:31.242+0000] {logging_mixin.py:154} INFO - [2024-10-20T03:06:31.242+0000] {dag.py:3722} INFO - Setting next_dagrun for example_branch_labels to 2024-10-19T00:00:00+00:00, run_after=2024-10-20T00:00:00+00:00
[2024-10-20T03:06:31.429+0000] {processor.py:179} INFO - Processing /home/airflow/.local/lib/python3.8/site-packages/airflow/example_dags/example_branch_labels.py took 0.255 seconds
[2024-10-20T03:07:01.536+0000] {processor.py:157} INFO - Started process (PID=882) to work on /home/airflow/.local/lib/python3.8/site-packages/airflow/example_dags/example_branch_labels.py
[2024-10-20T03:07:01.538+0000] {processor.py:829} INFO - Processing file /home/airflow/.local/lib/python3.8/site-packages/airflow/example_dags/example_branch_labels.py for tasks to queue
[2024-10-20T03:07:01.540+0000] {logging_mixin.py:154} INFO - [2024-10-20T03:07:01.540+0000] {dagbag.py:536} INFO - Filling up the DagBag from /home/airflow/.local/lib/python3.8/site-packages/airflow/example_dags/example_branch_labels.py
[2024-10-20T03:07:01.548+0000] {processor.py:839} INFO - DAG(s) dict_keys(['example_branch_labels']) retrieved from /home/airflow/.local/lib/python3.8/site-packages/airflow/example_dags/example_branch_labels.py
[2024-10-20T03:07:01.577+0000] {logging_mixin.py:154} INFO - [2024-10-20T03:07:01.576+0000] {dag.py:2941} INFO - Sync 1 DAGs
[2024-10-20T03:07:01.610+0000] {logging_mixin.py:154} INFO - [2024-10-20T03:07:01.610+0000] {dag.py:3722} INFO - Setting next_dagrun for example_branch_labels to 2024-10-19T00:00:00+00:00, run_after=2024-10-20T00:00:00+00:00
[2024-10-20T03:07:01.644+0000] {processor.py:179} INFO - Processing /home/airflow/.local/lib/python3.8/site-packages/airflow/example_dags/example_branch_labels.py took 0.112 seconds
[2024-10-20T03:07:31.937+0000] {processor.py:157} INFO - Started process (PID=938) to work on /home/airflow/.local/lib/python3.8/site-packages/airflow/example_dags/example_branch_labels.py
[2024-10-20T03:07:31.939+0000] {processor.py:829} INFO - Processing file /home/airflow/.local/lib/python3.8/site-packages/airflow/example_dags/example_branch_labels.py for tasks to queue
[2024-10-20T03:07:31.941+0000] {logging_mixin.py:154} INFO - [2024-10-20T03:07:31.941+0000] {dagbag.py:536} INFO - Filling up the DagBag from /home/airflow/.local/lib/python3.8/site-packages/airflow/example_dags/example_branch_labels.py
[2024-10-20T03:07:31.950+0000] {processor.py:839} INFO - DAG(s) dict_keys(['example_branch_labels']) retrieved from /home/airflow/.local/lib/python3.8/site-packages/airflow/example_dags/example_branch_labels.py
[2024-10-20T03:07:31.978+0000] {logging_mixin.py:154} INFO - [2024-10-20T03:07:31.978+0000] {dag.py:2941} INFO - Sync 1 DAGs
[2024-10-20T03:07:32.006+0000] {logging_mixin.py:154} INFO - [2024-10-20T03:07:32.006+0000] {dag.py:3722} INFO - Setting next_dagrun for example_branch_labels to 2024-10-19T00:00:00+00:00, run_after=2024-10-20T00:00:00+00:00
[2024-10-20T03:07:32.029+0000] {processor.py:179} INFO - Processing /home/airflow/.local/lib/python3.8/site-packages/airflow/example_dags/example_branch_labels.py took 0.097 seconds
[2024-10-20T03:08:48.677+0000] {processor.py:157} INFO - Started process (PID=91) to work on /home/airflow/.local/lib/python3.8/site-packages/airflow/example_dags/example_branch_labels.py
[2024-10-20T03:08:48.679+0000] {processor.py:829} INFO - Processing file /home/airflow/.local/lib/python3.8/site-packages/airflow/example_dags/example_branch_labels.py for tasks to queue
[2024-10-20T03:08:48.683+0000] {logging_mixin.py:154} INFO - [2024-10-20T03:08:48.682+0000] {dagbag.py:536} INFO - Filling up the DagBag from /home/airflow/.local/lib/python3.8/site-packages/airflow/example_dags/example_branch_labels.py
[2024-10-20T03:08:48.703+0000] {processor.py:839} INFO - DAG(s) dict_keys(['example_branch_labels']) retrieved from /home/airflow/.local/lib/python3.8/site-packages/airflow/example_dags/example_branch_labels.py
[2024-10-20T03:08:48.730+0000] {logging_mixin.py:154} INFO - [2024-10-20T03:08:48.730+0000] {dag.py:2941} INFO - Sync 1 DAGs
[2024-10-20T03:08:48.782+0000] {logging_mixin.py:154} INFO - [2024-10-20T03:08:48.781+0000] {dag.py:3722} INFO - Setting next_dagrun for example_branch_labels to 2024-10-19T00:00:00+00:00, run_after=2024-10-20T00:00:00+00:00
[2024-10-20T03:08:48.819+0000] {processor.py:179} INFO - Processing /home/airflow/.local/lib/python3.8/site-packages/airflow/example_dags/example_branch_labels.py took 0.144 seconds
[2024-10-20T03:09:19.900+0000] {processor.py:157} INFO - Started process (PID=147) to work on /home/airflow/.local/lib/python3.8/site-packages/airflow/example_dags/example_branch_labels.py
[2024-10-20T03:09:19.903+0000] {processor.py:829} INFO - Processing file /home/airflow/.local/lib/python3.8/site-packages/airflow/example_dags/example_branch_labels.py for tasks to queue
[2024-10-20T03:09:19.907+0000] {logging_mixin.py:154} INFO - [2024-10-20T03:09:19.907+0000] {dagbag.py:536} INFO - Filling up the DagBag from /home/airflow/.local/lib/python3.8/site-packages/airflow/example_dags/example_branch_labels.py
[2024-10-20T03:09:19.918+0000] {processor.py:839} INFO - DAG(s) dict_keys(['example_branch_labels']) retrieved from /home/airflow/.local/lib/python3.8/site-packages/airflow/example_dags/example_branch_labels.py
[2024-10-20T03:09:19.956+0000] {logging_mixin.py:154} INFO - [2024-10-20T03:09:19.955+0000] {dag.py:2941} INFO - Sync 1 DAGs
[2024-10-20T03:09:19.994+0000] {logging_mixin.py:154} INFO - [2024-10-20T03:09:19.993+0000] {dag.py:3722} INFO - Setting next_dagrun for example_branch_labels to 2024-10-19T00:00:00+00:00, run_after=2024-10-20T00:00:00+00:00
[2024-10-20T03:09:20.043+0000] {processor.py:179} INFO - Processing /home/airflow/.local/lib/python3.8/site-packages/airflow/example_dags/example_branch_labels.py took 0.147 seconds
[2024-10-20T03:09:50.370+0000] {processor.py:157} INFO - Started process (PID=203) to work on /home/airflow/.local/lib/python3.8/site-packages/airflow/example_dags/example_branch_labels.py
[2024-10-20T03:09:50.371+0000] {processor.py:829} INFO - Processing file /home/airflow/.local/lib/python3.8/site-packages/airflow/example_dags/example_branch_labels.py for tasks to queue
[2024-10-20T03:09:50.373+0000] {logging_mixin.py:154} INFO - [2024-10-20T03:09:50.373+0000] {dagbag.py:536} INFO - Filling up the DagBag from /home/airflow/.local/lib/python3.8/site-packages/airflow/example_dags/example_branch_labels.py
[2024-10-20T03:09:50.381+0000] {processor.py:839} INFO - DAG(s) dict_keys(['example_branch_labels']) retrieved from /home/airflow/.local/lib/python3.8/site-packages/airflow/example_dags/example_branch_labels.py
[2024-10-20T03:09:50.411+0000] {logging_mixin.py:154} INFO - [2024-10-20T03:09:50.411+0000] {dag.py:2941} INFO - Sync 1 DAGs
[2024-10-20T03:09:50.439+0000] {logging_mixin.py:154} INFO - [2024-10-20T03:09:50.438+0000] {dag.py:3722} INFO - Setting next_dagrun for example_branch_labels to 2024-10-19T00:00:00+00:00, run_after=2024-10-20T00:00:00+00:00
[2024-10-20T03:09:50.465+0000] {processor.py:179} INFO - Processing /home/airflow/.local/lib/python3.8/site-packages/airflow/example_dags/example_branch_labels.py took 0.098 seconds
[2024-10-20T03:10:20.629+0000] {processor.py:157} INFO - Started process (PID=259) to work on /home/airflow/.local/lib/python3.8/site-packages/airflow/example_dags/example_branch_labels.py
[2024-10-20T03:10:20.630+0000] {processor.py:829} INFO - Processing file /home/airflow/.local/lib/python3.8/site-packages/airflow/example_dags/example_branch_labels.py for tasks to queue
[2024-10-20T03:10:20.633+0000] {logging_mixin.py:154} INFO - [2024-10-20T03:10:20.633+0000] {dagbag.py:536} INFO - Filling up the DagBag from /home/airflow/.local/lib/python3.8/site-packages/airflow/example_dags/example_branch_labels.py
[2024-10-20T03:10:20.643+0000] {processor.py:839} INFO - DAG(s) dict_keys(['example_branch_labels']) retrieved from /home/airflow/.local/lib/python3.8/site-packages/airflow/example_dags/example_branch_labels.py
[2024-10-20T03:10:20.668+0000] {logging_mixin.py:154} INFO - [2024-10-20T03:10:20.668+0000] {dag.py:2941} INFO - Sync 1 DAGs
[2024-10-20T03:10:20.696+0000] {logging_mixin.py:154} INFO - [2024-10-20T03:10:20.695+0000] {dag.py:3722} INFO - Setting next_dagrun for example_branch_labels to 2024-10-19T00:00:00+00:00, run_after=2024-10-20T00:00:00+00:00
[2024-10-20T03:10:20.721+0000] {processor.py:179} INFO - Processing /home/airflow/.local/lib/python3.8/site-packages/airflow/example_dags/example_branch_labels.py took 0.095 seconds
[2024-10-20T03:10:51.627+0000] {processor.py:157} INFO - Started process (PID=315) to work on /home/airflow/.local/lib/python3.8/site-packages/airflow/example_dags/example_branch_labels.py
[2024-10-20T03:10:51.629+0000] {processor.py:829} INFO - Processing file /home/airflow/.local/lib/python3.8/site-packages/airflow/example_dags/example_branch_labels.py for tasks to queue
[2024-10-20T03:10:51.632+0000] {logging_mixin.py:154} INFO - [2024-10-20T03:10:51.631+0000] {dagbag.py:536} INFO - Filling up the DagBag from /home/airflow/.local/lib/python3.8/site-packages/airflow/example_dags/example_branch_labels.py
[2024-10-20T03:10:51.645+0000] {processor.py:839} INFO - DAG(s) dict_keys(['example_branch_labels']) retrieved from /home/airflow/.local/lib/python3.8/site-packages/airflow/example_dags/example_branch_labels.py
[2024-10-20T03:10:51.686+0000] {logging_mixin.py:154} INFO - [2024-10-20T03:10:51.686+0000] {dag.py:2941} INFO - Sync 1 DAGs
[2024-10-20T03:10:51.744+0000] {logging_mixin.py:154} INFO - [2024-10-20T03:10:51.744+0000] {dag.py:3722} INFO - Setting next_dagrun for example_branch_labels to 2024-10-19T00:00:00+00:00, run_after=2024-10-20T00:00:00+00:00
[2024-10-20T03:10:51.784+0000] {processor.py:179} INFO - Processing /home/airflow/.local/lib/python3.8/site-packages/airflow/example_dags/example_branch_labels.py took 0.160 seconds
[2024-10-20T03:11:22.625+0000] {processor.py:157} INFO - Started process (PID=371) to work on /home/airflow/.local/lib/python3.8/site-packages/airflow/example_dags/example_branch_labels.py
[2024-10-20T03:11:22.626+0000] {processor.py:829} INFO - Processing file /home/airflow/.local/lib/python3.8/site-packages/airflow/example_dags/example_branch_labels.py for tasks to queue
[2024-10-20T03:11:22.629+0000] {logging_mixin.py:154} INFO - [2024-10-20T03:11:22.629+0000] {dagbag.py:536} INFO - Filling up the DagBag from /home/airflow/.local/lib/python3.8/site-packages/airflow/example_dags/example_branch_labels.py
[2024-10-20T03:11:22.636+0000] {processor.py:839} INFO - DAG(s) dict_keys(['example_branch_labels']) retrieved from /home/airflow/.local/lib/python3.8/site-packages/airflow/example_dags/example_branch_labels.py
[2024-10-20T03:11:22.658+0000] {logging_mixin.py:154} INFO - [2024-10-20T03:11:22.658+0000] {dag.py:2941} INFO - Sync 1 DAGs
[2024-10-20T03:11:22.685+0000] {logging_mixin.py:154} INFO - [2024-10-20T03:11:22.685+0000] {dag.py:3722} INFO - Setting next_dagrun for example_branch_labels to 2024-10-19T00:00:00+00:00, run_after=2024-10-20T00:00:00+00:00
[2024-10-20T03:11:22.712+0000] {processor.py:179} INFO - Processing /home/airflow/.local/lib/python3.8/site-packages/airflow/example_dags/example_branch_labels.py took 0.090 seconds
[2024-10-20T03:11:53.783+0000] {processor.py:157} INFO - Started process (PID=427) to work on /home/airflow/.local/lib/python3.8/site-packages/airflow/example_dags/example_branch_labels.py
[2024-10-20T03:11:53.784+0000] {processor.py:829} INFO - Processing file /home/airflow/.local/lib/python3.8/site-packages/airflow/example_dags/example_branch_labels.py for tasks to queue
[2024-10-20T03:11:53.787+0000] {logging_mixin.py:154} INFO - [2024-10-20T03:11:53.786+0000] {dagbag.py:536} INFO - Filling up the DagBag from /home/airflow/.local/lib/python3.8/site-packages/airflow/example_dags/example_branch_labels.py
[2024-10-20T03:11:53.795+0000] {processor.py:839} INFO - DAG(s) dict_keys(['example_branch_labels']) retrieved from /home/airflow/.local/lib/python3.8/site-packages/airflow/example_dags/example_branch_labels.py
[2024-10-20T03:11:53.816+0000] {logging_mixin.py:154} INFO - [2024-10-20T03:11:53.816+0000] {dag.py:2941} INFO - Sync 1 DAGs
[2024-10-20T03:11:53.840+0000] {logging_mixin.py:154} INFO - [2024-10-20T03:11:53.840+0000] {dag.py:3722} INFO - Setting next_dagrun for example_branch_labels to 2024-10-19T00:00:00+00:00, run_after=2024-10-20T00:00:00+00:00
[2024-10-20T03:11:53.863+0000] {processor.py:179} INFO - Processing /home/airflow/.local/lib/python3.8/site-packages/airflow/example_dags/example_branch_labels.py took 0.083 seconds
[2024-10-20T03:12:24.004+0000] {processor.py:157} INFO - Started process (PID=483) to work on /home/airflow/.local/lib/python3.8/site-packages/airflow/example_dags/example_branch_labels.py
[2024-10-20T03:12:24.005+0000] {processor.py:829} INFO - Processing file /home/airflow/.local/lib/python3.8/site-packages/airflow/example_dags/example_branch_labels.py for tasks to queue
[2024-10-20T03:12:24.008+0000] {logging_mixin.py:154} INFO - [2024-10-20T03:12:24.008+0000] {dagbag.py:536} INFO - Filling up the DagBag from /home/airflow/.local/lib/python3.8/site-packages/airflow/example_dags/example_branch_labels.py
[2024-10-20T03:12:24.017+0000] {processor.py:839} INFO - DAG(s) dict_keys(['example_branch_labels']) retrieved from /home/airflow/.local/lib/python3.8/site-packages/airflow/example_dags/example_branch_labels.py
[2024-10-20T03:12:24.043+0000] {logging_mixin.py:154} INFO - [2024-10-20T03:12:24.043+0000] {dag.py:2941} INFO - Sync 1 DAGs
[2024-10-20T03:12:24.071+0000] {logging_mixin.py:154} INFO - [2024-10-20T03:12:24.071+0000] {dag.py:3722} INFO - Setting next_dagrun for example_branch_labels to 2024-10-19T00:00:00+00:00, run_after=2024-10-20T00:00:00+00:00
[2024-10-20T03:12:24.096+0000] {processor.py:179} INFO - Processing /home/airflow/.local/lib/python3.8/site-packages/airflow/example_dags/example_branch_labels.py took 0.095 seconds
[2024-10-20T03:12:54.461+0000] {processor.py:157} INFO - Started process (PID=537) to work on /home/airflow/.local/lib/python3.8/site-packages/airflow/example_dags/example_branch_labels.py
[2024-10-20T03:12:54.462+0000] {processor.py:829} INFO - Processing file /home/airflow/.local/lib/python3.8/site-packages/airflow/example_dags/example_branch_labels.py for tasks to queue
[2024-10-20T03:12:54.464+0000] {logging_mixin.py:154} INFO - [2024-10-20T03:12:54.464+0000] {dagbag.py:536} INFO - Filling up the DagBag from /home/airflow/.local/lib/python3.8/site-packages/airflow/example_dags/example_branch_labels.py
[2024-10-20T03:12:54.474+0000] {processor.py:839} INFO - DAG(s) dict_keys(['example_branch_labels']) retrieved from /home/airflow/.local/lib/python3.8/site-packages/airflow/example_dags/example_branch_labels.py
[2024-10-20T03:12:54.498+0000] {logging_mixin.py:154} INFO - [2024-10-20T03:12:54.498+0000] {dag.py:2941} INFO - Sync 1 DAGs
[2024-10-20T03:12:54.523+0000] {logging_mixin.py:154} INFO - [2024-10-20T03:12:54.523+0000] {dag.py:3722} INFO - Setting next_dagrun for example_branch_labels to 2024-10-19T00:00:00+00:00, run_after=2024-10-20T00:00:00+00:00
[2024-10-20T03:12:54.544+0000] {processor.py:179} INFO - Processing /home/airflow/.local/lib/python3.8/site-packages/airflow/example_dags/example_branch_labels.py took 0.086 seconds
[2024-10-20T03:13:25.100+0000] {processor.py:157} INFO - Started process (PID=593) to work on /home/airflow/.local/lib/python3.8/site-packages/airflow/example_dags/example_branch_labels.py
[2024-10-20T03:13:25.101+0000] {processor.py:829} INFO - Processing file /home/airflow/.local/lib/python3.8/site-packages/airflow/example_dags/example_branch_labels.py for tasks to queue
[2024-10-20T03:13:25.103+0000] {logging_mixin.py:154} INFO - [2024-10-20T03:13:25.103+0000] {dagbag.py:536} INFO - Filling up the DagBag from /home/airflow/.local/lib/python3.8/site-packages/airflow/example_dags/example_branch_labels.py
[2024-10-20T03:13:25.110+0000] {processor.py:839} INFO - DAG(s) dict_keys(['example_branch_labels']) retrieved from /home/airflow/.local/lib/python3.8/site-packages/airflow/example_dags/example_branch_labels.py
[2024-10-20T03:13:25.133+0000] {logging_mixin.py:154} INFO - [2024-10-20T03:13:25.133+0000] {dag.py:2941} INFO - Sync 1 DAGs
[2024-10-20T03:13:25.157+0000] {logging_mixin.py:154} INFO - [2024-10-20T03:13:25.157+0000] {dag.py:3722} INFO - Setting next_dagrun for example_branch_labels to 2024-10-19T00:00:00+00:00, run_after=2024-10-20T00:00:00+00:00
[2024-10-20T03:13:25.179+0000] {processor.py:179} INFO - Processing /home/airflow/.local/lib/python3.8/site-packages/airflow/example_dags/example_branch_labels.py took 0.083 seconds
[2024-10-20T03:13:55.523+0000] {processor.py:157} INFO - Started process (PID=649) to work on /home/airflow/.local/lib/python3.8/site-packages/airflow/example_dags/example_branch_labels.py
[2024-10-20T03:13:55.524+0000] {processor.py:829} INFO - Processing file /home/airflow/.local/lib/python3.8/site-packages/airflow/example_dags/example_branch_labels.py for tasks to queue
[2024-10-20T03:13:55.526+0000] {logging_mixin.py:154} INFO - [2024-10-20T03:13:55.526+0000] {dagbag.py:536} INFO - Filling up the DagBag from /home/airflow/.local/lib/python3.8/site-packages/airflow/example_dags/example_branch_labels.py
[2024-10-20T03:13:55.533+0000] {processor.py:839} INFO - DAG(s) dict_keys(['example_branch_labels']) retrieved from /home/airflow/.local/lib/python3.8/site-packages/airflow/example_dags/example_branch_labels.py
[2024-10-20T03:13:55.558+0000] {logging_mixin.py:154} INFO - [2024-10-20T03:13:55.558+0000] {dag.py:2941} INFO - Sync 1 DAGs
[2024-10-20T03:13:55.583+0000] {logging_mixin.py:154} INFO - [2024-10-20T03:13:55.582+0000] {dag.py:3722} INFO - Setting next_dagrun for example_branch_labels to 2024-10-19T00:00:00+00:00, run_after=2024-10-20T00:00:00+00:00
[2024-10-20T03:13:55.606+0000] {processor.py:179} INFO - Processing /home/airflow/.local/lib/python3.8/site-packages/airflow/example_dags/example_branch_labels.py took 0.086 seconds
[2024-10-20T03:14:25.940+0000] {processor.py:157} INFO - Started process (PID=705) to work on /home/airflow/.local/lib/python3.8/site-packages/airflow/example_dags/example_branch_labels.py
[2024-10-20T03:14:25.941+0000] {processor.py:829} INFO - Processing file /home/airflow/.local/lib/python3.8/site-packages/airflow/example_dags/example_branch_labels.py for tasks to queue
[2024-10-20T03:14:25.944+0000] {logging_mixin.py:154} INFO - [2024-10-20T03:14:25.944+0000] {dagbag.py:536} INFO - Filling up the DagBag from /home/airflow/.local/lib/python3.8/site-packages/airflow/example_dags/example_branch_labels.py
[2024-10-20T03:14:25.953+0000] {processor.py:839} INFO - DAG(s) dict_keys(['example_branch_labels']) retrieved from /home/airflow/.local/lib/python3.8/site-packages/airflow/example_dags/example_branch_labels.py
[2024-10-20T03:14:25.978+0000] {logging_mixin.py:154} INFO - [2024-10-20T03:14:25.978+0000] {dag.py:2941} INFO - Sync 1 DAGs
[2024-10-20T03:14:26.007+0000] {logging_mixin.py:154} INFO - [2024-10-20T03:14:26.007+0000] {dag.py:3722} INFO - Setting next_dagrun for example_branch_labels to 2024-10-19T00:00:00+00:00, run_after=2024-10-20T00:00:00+00:00
[2024-10-20T03:14:26.030+0000] {processor.py:179} INFO - Processing /home/airflow/.local/lib/python3.8/site-packages/airflow/example_dags/example_branch_labels.py took 0.094 seconds
[2024-10-20T03:14:56.294+0000] {processor.py:157} INFO - Started process (PID=761) to work on /home/airflow/.local/lib/python3.8/site-packages/airflow/example_dags/example_branch_labels.py
[2024-10-20T03:14:56.295+0000] {processor.py:829} INFO - Processing file /home/airflow/.local/lib/python3.8/site-packages/airflow/example_dags/example_branch_labels.py for tasks to queue
[2024-10-20T03:14:56.298+0000] {logging_mixin.py:154} INFO - [2024-10-20T03:14:56.297+0000] {dagbag.py:536} INFO - Filling up the DagBag from /home/airflow/.local/lib/python3.8/site-packages/airflow/example_dags/example_branch_labels.py
[2024-10-20T03:14:56.308+0000] {processor.py:839} INFO - DAG(s) dict_keys(['example_branch_labels']) retrieved from /home/airflow/.local/lib/python3.8/site-packages/airflow/example_dags/example_branch_labels.py
[2024-10-20T03:14:56.335+0000] {logging_mixin.py:154} INFO - [2024-10-20T03:14:56.335+0000] {dag.py:2941} INFO - Sync 1 DAGs
[2024-10-20T03:14:56.361+0000] {logging_mixin.py:154} INFO - [2024-10-20T03:14:56.361+0000] {dag.py:3722} INFO - Setting next_dagrun for example_branch_labels to 2024-10-19T00:00:00+00:00, run_after=2024-10-20T00:00:00+00:00
[2024-10-20T03:14:56.389+0000] {processor.py:179} INFO - Processing /home/airflow/.local/lib/python3.8/site-packages/airflow/example_dags/example_branch_labels.py took 0.098 seconds
[2024-10-20T03:15:26.889+0000] {processor.py:157} INFO - Started process (PID=817) to work on /home/airflow/.local/lib/python3.8/site-packages/airflow/example_dags/example_branch_labels.py
[2024-10-20T03:15:26.890+0000] {processor.py:829} INFO - Processing file /home/airflow/.local/lib/python3.8/site-packages/airflow/example_dags/example_branch_labels.py for tasks to queue
[2024-10-20T03:15:26.893+0000] {logging_mixin.py:154} INFO - [2024-10-20T03:15:26.892+0000] {dagbag.py:536} INFO - Filling up the DagBag from /home/airflow/.local/lib/python3.8/site-packages/airflow/example_dags/example_branch_labels.py
[2024-10-20T03:15:26.901+0000] {processor.py:839} INFO - DAG(s) dict_keys(['example_branch_labels']) retrieved from /home/airflow/.local/lib/python3.8/site-packages/airflow/example_dags/example_branch_labels.py
[2024-10-20T03:15:26.926+0000] {logging_mixin.py:154} INFO - [2024-10-20T03:15:26.926+0000] {dag.py:2941} INFO - Sync 1 DAGs
[2024-10-20T03:15:26.951+0000] {logging_mixin.py:154} INFO - [2024-10-20T03:15:26.951+0000] {dag.py:3722} INFO - Setting next_dagrun for example_branch_labels to 2024-10-19T00:00:00+00:00, run_after=2024-10-20T00:00:00+00:00
[2024-10-20T03:15:26.974+0000] {processor.py:179} INFO - Processing /home/airflow/.local/lib/python3.8/site-packages/airflow/example_dags/example_branch_labels.py took 0.088 seconds
[2024-10-20T03:15:57.647+0000] {processor.py:157} INFO - Started process (PID=873) to work on /home/airflow/.local/lib/python3.8/site-packages/airflow/example_dags/example_branch_labels.py
[2024-10-20T03:15:57.648+0000] {processor.py:829} INFO - Processing file /home/airflow/.local/lib/python3.8/site-packages/airflow/example_dags/example_branch_labels.py for tasks to queue
[2024-10-20T03:15:57.650+0000] {logging_mixin.py:154} INFO - [2024-10-20T03:15:57.650+0000] {dagbag.py:536} INFO - Filling up the DagBag from /home/airflow/.local/lib/python3.8/site-packages/airflow/example_dags/example_branch_labels.py
[2024-10-20T03:15:57.658+0000] {processor.py:839} INFO - DAG(s) dict_keys(['example_branch_labels']) retrieved from /home/airflow/.local/lib/python3.8/site-packages/airflow/example_dags/example_branch_labels.py
[2024-10-20T03:15:57.681+0000] {logging_mixin.py:154} INFO - [2024-10-20T03:15:57.680+0000] {dag.py:2941} INFO - Sync 1 DAGs
[2024-10-20T03:15:57.703+0000] {logging_mixin.py:154} INFO - [2024-10-20T03:15:57.703+0000] {dag.py:3722} INFO - Setting next_dagrun for example_branch_labels to 2024-10-19T00:00:00+00:00, run_after=2024-10-20T00:00:00+00:00
[2024-10-20T03:15:57.728+0000] {processor.py:179} INFO - Processing /home/airflow/.local/lib/python3.8/site-packages/airflow/example_dags/example_branch_labels.py took 0.084 seconds
[2024-10-20T03:16:28.279+0000] {processor.py:157} INFO - Started process (PID=929) to work on /home/airflow/.local/lib/python3.8/site-packages/airflow/example_dags/example_branch_labels.py
[2024-10-20T03:16:28.281+0000] {processor.py:829} INFO - Processing file /home/airflow/.local/lib/python3.8/site-packages/airflow/example_dags/example_branch_labels.py for tasks to queue
[2024-10-20T03:16:28.283+0000] {logging_mixin.py:154} INFO - [2024-10-20T03:16:28.282+0000] {dagbag.py:536} INFO - Filling up the DagBag from /home/airflow/.local/lib/python3.8/site-packages/airflow/example_dags/example_branch_labels.py
[2024-10-20T03:16:28.290+0000] {processor.py:839} INFO - DAG(s) dict_keys(['example_branch_labels']) retrieved from /home/airflow/.local/lib/python3.8/site-packages/airflow/example_dags/example_branch_labels.py
[2024-10-20T03:16:28.316+0000] {logging_mixin.py:154} INFO - [2024-10-20T03:16:28.316+0000] {dag.py:2941} INFO - Sync 1 DAGs
[2024-10-20T03:16:28.350+0000] {logging_mixin.py:154} INFO - [2024-10-20T03:16:28.350+0000] {dag.py:3722} INFO - Setting next_dagrun for example_branch_labels to 2024-10-19T00:00:00+00:00, run_after=2024-10-20T00:00:00+00:00
[2024-10-20T03:16:28.384+0000] {processor.py:179} INFO - Processing /home/airflow/.local/lib/python3.8/site-packages/airflow/example_dags/example_branch_labels.py took 0.108 seconds
[2024-10-20T03:16:58.986+0000] {processor.py:157} INFO - Started process (PID=985) to work on /home/airflow/.local/lib/python3.8/site-packages/airflow/example_dags/example_branch_labels.py
[2024-10-20T03:16:58.987+0000] {processor.py:829} INFO - Processing file /home/airflow/.local/lib/python3.8/site-packages/airflow/example_dags/example_branch_labels.py for tasks to queue
[2024-10-20T03:16:58.990+0000] {logging_mixin.py:154} INFO - [2024-10-20T03:16:58.989+0000] {dagbag.py:536} INFO - Filling up the DagBag from /home/airflow/.local/lib/python3.8/site-packages/airflow/example_dags/example_branch_labels.py
[2024-10-20T03:16:58.997+0000] {processor.py:839} INFO - DAG(s) dict_keys(['example_branch_labels']) retrieved from /home/airflow/.local/lib/python3.8/site-packages/airflow/example_dags/example_branch_labels.py
[2024-10-20T03:16:59.019+0000] {logging_mixin.py:154} INFO - [2024-10-20T03:16:59.019+0000] {dag.py:2941} INFO - Sync 1 DAGs
[2024-10-20T03:16:59.042+0000] {logging_mixin.py:154} INFO - [2024-10-20T03:16:59.041+0000] {dag.py:3722} INFO - Setting next_dagrun for example_branch_labels to 2024-10-19T00:00:00+00:00, run_after=2024-10-20T00:00:00+00:00
[2024-10-20T03:16:59.183+0000] {processor.py:179} INFO - Processing /home/airflow/.local/lib/python3.8/site-packages/airflow/example_dags/example_branch_labels.py took 0.200 seconds
[2024-10-20T03:17:29.241+0000] {processor.py:157} INFO - Started process (PID=1041) to work on /home/airflow/.local/lib/python3.8/site-packages/airflow/example_dags/example_branch_labels.py
[2024-10-20T03:17:29.242+0000] {processor.py:829} INFO - Processing file /home/airflow/.local/lib/python3.8/site-packages/airflow/example_dags/example_branch_labels.py for tasks to queue
[2024-10-20T03:17:29.244+0000] {logging_mixin.py:154} INFO - [2024-10-20T03:17:29.244+0000] {dagbag.py:536} INFO - Filling up the DagBag from /home/airflow/.local/lib/python3.8/site-packages/airflow/example_dags/example_branch_labels.py
[2024-10-20T03:17:29.253+0000] {processor.py:839} INFO - DAG(s) dict_keys(['example_branch_labels']) retrieved from /home/airflow/.local/lib/python3.8/site-packages/airflow/example_dags/example_branch_labels.py
[2024-10-20T03:17:29.275+0000] {logging_mixin.py:154} INFO - [2024-10-20T03:17:29.275+0000] {dag.py:2941} INFO - Sync 1 DAGs
[2024-10-20T03:17:29.300+0000] {logging_mixin.py:154} INFO - [2024-10-20T03:17:29.300+0000] {dag.py:3722} INFO - Setting next_dagrun for example_branch_labels to 2024-10-19T00:00:00+00:00, run_after=2024-10-20T00:00:00+00:00
[2024-10-20T03:17:29.325+0000] {processor.py:179} INFO - Processing /home/airflow/.local/lib/python3.8/site-packages/airflow/example_dags/example_branch_labels.py took 0.088 seconds
