[2024-10-20T02:46:17.640+0000] {processor.py:157} INFO - Started process (PID=88) to work on /home/airflow/.local/lib/python3.8/site-packages/airflow/example_dags/example_trigger_target_dag.py
[2024-10-20T02:46:17.642+0000] {processor.py:829} INFO - Processing file /home/airflow/.local/lib/python3.8/site-packages/airflow/example_dags/example_trigger_target_dag.py for tasks to queue
[2024-10-20T02:46:17.645+0000] {logging_mixin.py:154} INFO - [2024-10-20T02:46:17.645+0000] {dagbag.py:536} INFO - Filling up the DagBag from /home/airflow/.local/lib/python3.8/site-packages/airflow/example_dags/example_trigger_target_dag.py
[2024-10-20T02:46:17.658+0000] {processor.py:839} INFO - DAG(s) dict_keys(['example_trigger_target_dag']) retrieved from /home/airflow/.local/lib/python3.8/site-packages/airflow/example_dags/example_trigger_target_dag.py
[2024-10-20T02:46:17.686+0000] {logging_mixin.py:154} INFO - [2024-10-20T02:46:17.686+0000] {dag.py:2941} INFO - Sync 1 DAGs
[2024-10-20T02:46:17.708+0000] {logging_mixin.py:154} INFO - [2024-10-20T02:46:17.707+0000] {dag.py:3722} INFO - Setting next_dagrun for example_trigger_target_dag to None, run_after=None
[2024-10-20T02:46:17.744+0000] {processor.py:179} INFO - Processing /home/airflow/.local/lib/python3.8/site-packages/airflow/example_dags/example_trigger_target_dag.py took 0.108 seconds
[2024-10-20T02:46:47.929+0000] {processor.py:157} INFO - Started process (PID=144) to work on /home/airflow/.local/lib/python3.8/site-packages/airflow/example_dags/example_trigger_target_dag.py
[2024-10-20T02:46:47.931+0000] {processor.py:829} INFO - Processing file /home/airflow/.local/lib/python3.8/site-packages/airflow/example_dags/example_trigger_target_dag.py for tasks to queue
[2024-10-20T02:46:47.933+0000] {logging_mixin.py:154} INFO - [2024-10-20T02:46:47.933+0000] {dagbag.py:536} INFO - Filling up the DagBag from /home/airflow/.local/lib/python3.8/site-packages/airflow/example_dags/example_trigger_target_dag.py
[2024-10-20T02:46:47.940+0000] {processor.py:839} INFO - DAG(s) dict_keys(['example_trigger_target_dag']) retrieved from /home/airflow/.local/lib/python3.8/site-packages/airflow/example_dags/example_trigger_target_dag.py
[2024-10-20T02:46:47.962+0000] {logging_mixin.py:154} INFO - [2024-10-20T02:46:47.961+0000] {dag.py:2941} INFO - Sync 1 DAGs
[2024-10-20T02:46:47.975+0000] {logging_mixin.py:154} INFO - [2024-10-20T02:46:47.975+0000] {dag.py:3722} INFO - Setting next_dagrun for example_trigger_target_dag to None, run_after=None
[2024-10-20T02:46:48.002+0000] {processor.py:179} INFO - Processing /home/airflow/.local/lib/python3.8/site-packages/airflow/example_dags/example_trigger_target_dag.py took 0.075 seconds
[2024-10-20T02:47:18.823+0000] {processor.py:157} INFO - Started process (PID=200) to work on /home/airflow/.local/lib/python3.8/site-packages/airflow/example_dags/example_trigger_target_dag.py
[2024-10-20T02:47:18.824+0000] {processor.py:829} INFO - Processing file /home/airflow/.local/lib/python3.8/site-packages/airflow/example_dags/example_trigger_target_dag.py for tasks to queue
[2024-10-20T02:47:18.826+0000] {logging_mixin.py:154} INFO - [2024-10-20T02:47:18.826+0000] {dagbag.py:536} INFO - Filling up the DagBag from /home/airflow/.local/lib/python3.8/site-packages/airflow/example_dags/example_trigger_target_dag.py
[2024-10-20T02:47:18.832+0000] {processor.py:839} INFO - DAG(s) dict_keys(['example_trigger_target_dag']) retrieved from /home/airflow/.local/lib/python3.8/site-packages/airflow/example_dags/example_trigger_target_dag.py
[2024-10-20T02:47:18.854+0000] {logging_mixin.py:154} INFO - [2024-10-20T02:47:18.854+0000] {dag.py:2941} INFO - Sync 1 DAGs
[2024-10-20T02:47:18.867+0000] {logging_mixin.py:154} INFO - [2024-10-20T02:47:18.867+0000] {dag.py:3722} INFO - Setting next_dagrun for example_trigger_target_dag to None, run_after=None
[2024-10-20T02:47:18.891+0000] {processor.py:179} INFO - Processing /home/airflow/.local/lib/python3.8/site-packages/airflow/example_dags/example_trigger_target_dag.py took 0.071 seconds
[2024-10-20T02:47:49.408+0000] {processor.py:157} INFO - Started process (PID=256) to work on /home/airflow/.local/lib/python3.8/site-packages/airflow/example_dags/example_trigger_target_dag.py
[2024-10-20T02:47:49.410+0000] {processor.py:829} INFO - Processing file /home/airflow/.local/lib/python3.8/site-packages/airflow/example_dags/example_trigger_target_dag.py for tasks to queue
[2024-10-20T02:47:49.412+0000] {logging_mixin.py:154} INFO - [2024-10-20T02:47:49.412+0000] {dagbag.py:536} INFO - Filling up the DagBag from /home/airflow/.local/lib/python3.8/site-packages/airflow/example_dags/example_trigger_target_dag.py
[2024-10-20T02:47:49.419+0000] {processor.py:839} INFO - DAG(s) dict_keys(['example_trigger_target_dag']) retrieved from /home/airflow/.local/lib/python3.8/site-packages/airflow/example_dags/example_trigger_target_dag.py
[2024-10-20T02:47:49.442+0000] {logging_mixin.py:154} INFO - [2024-10-20T02:47:49.442+0000] {dag.py:2941} INFO - Sync 1 DAGs
[2024-10-20T02:47:49.480+0000] {logging_mixin.py:154} INFO - [2024-10-20T02:47:49.480+0000] {dag.py:3722} INFO - Setting next_dagrun for example_trigger_target_dag to None, run_after=None
[2024-10-20T02:47:49.513+0000] {processor.py:179} INFO - Processing /home/airflow/.local/lib/python3.8/site-packages/airflow/example_dags/example_trigger_target_dag.py took 0.109 seconds
[2024-10-20T02:48:20.422+0000] {processor.py:157} INFO - Started process (PID=312) to work on /home/airflow/.local/lib/python3.8/site-packages/airflow/example_dags/example_trigger_target_dag.py
[2024-10-20T02:48:20.424+0000] {processor.py:829} INFO - Processing file /home/airflow/.local/lib/python3.8/site-packages/airflow/example_dags/example_trigger_target_dag.py for tasks to queue
[2024-10-20T02:48:20.426+0000] {logging_mixin.py:154} INFO - [2024-10-20T02:48:20.426+0000] {dagbag.py:536} INFO - Filling up the DagBag from /home/airflow/.local/lib/python3.8/site-packages/airflow/example_dags/example_trigger_target_dag.py
[2024-10-20T02:48:20.432+0000] {processor.py:839} INFO - DAG(s) dict_keys(['example_trigger_target_dag']) retrieved from /home/airflow/.local/lib/python3.8/site-packages/airflow/example_dags/example_trigger_target_dag.py
[2024-10-20T02:48:20.455+0000] {logging_mixin.py:154} INFO - [2024-10-20T02:48:20.455+0000] {dag.py:2941} INFO - Sync 1 DAGs
[2024-10-20T02:48:20.470+0000] {logging_mixin.py:154} INFO - [2024-10-20T02:48:20.470+0000] {dag.py:3722} INFO - Setting next_dagrun for example_trigger_target_dag to None, run_after=None
[2024-10-20T02:48:20.496+0000] {processor.py:179} INFO - Processing /home/airflow/.local/lib/python3.8/site-packages/airflow/example_dags/example_trigger_target_dag.py took 0.077 seconds
[2024-10-20T02:48:51.398+0000] {processor.py:157} INFO - Started process (PID=368) to work on /home/airflow/.local/lib/python3.8/site-packages/airflow/example_dags/example_trigger_target_dag.py
[2024-10-20T02:48:51.399+0000] {processor.py:829} INFO - Processing file /home/airflow/.local/lib/python3.8/site-packages/airflow/example_dags/example_trigger_target_dag.py for tasks to queue
[2024-10-20T02:48:51.402+0000] {logging_mixin.py:154} INFO - [2024-10-20T02:48:51.402+0000] {dagbag.py:536} INFO - Filling up the DagBag from /home/airflow/.local/lib/python3.8/site-packages/airflow/example_dags/example_trigger_target_dag.py
[2024-10-20T02:48:51.409+0000] {processor.py:839} INFO - DAG(s) dict_keys(['example_trigger_target_dag']) retrieved from /home/airflow/.local/lib/python3.8/site-packages/airflow/example_dags/example_trigger_target_dag.py
[2024-10-20T02:48:51.435+0000] {logging_mixin.py:154} INFO - [2024-10-20T02:48:51.435+0000] {dag.py:2941} INFO - Sync 1 DAGs
[2024-10-20T02:48:51.452+0000] {logging_mixin.py:154} INFO - [2024-10-20T02:48:51.451+0000] {dag.py:3722} INFO - Setting next_dagrun for example_trigger_target_dag to None, run_after=None
[2024-10-20T02:48:51.487+0000] {processor.py:179} INFO - Processing /home/airflow/.local/lib/python3.8/site-packages/airflow/example_dags/example_trigger_target_dag.py took 0.093 seconds
[2024-10-20T02:49:21.689+0000] {processor.py:157} INFO - Started process (PID=422) to work on /home/airflow/.local/lib/python3.8/site-packages/airflow/example_dags/example_trigger_target_dag.py
[2024-10-20T02:49:21.690+0000] {processor.py:829} INFO - Processing file /home/airflow/.local/lib/python3.8/site-packages/airflow/example_dags/example_trigger_target_dag.py for tasks to queue
[2024-10-20T02:49:21.692+0000] {logging_mixin.py:154} INFO - [2024-10-20T02:49:21.691+0000] {dagbag.py:536} INFO - Filling up the DagBag from /home/airflow/.local/lib/python3.8/site-packages/airflow/example_dags/example_trigger_target_dag.py
[2024-10-20T02:49:21.697+0000] {processor.py:839} INFO - DAG(s) dict_keys(['example_trigger_target_dag']) retrieved from /home/airflow/.local/lib/python3.8/site-packages/airflow/example_dags/example_trigger_target_dag.py
[2024-10-20T02:49:21.717+0000] {logging_mixin.py:154} INFO - [2024-10-20T02:49:21.717+0000] {dag.py:2941} INFO - Sync 1 DAGs
[2024-10-20T02:49:21.729+0000] {logging_mixin.py:154} INFO - [2024-10-20T02:49:21.729+0000] {dag.py:3722} INFO - Setting next_dagrun for example_trigger_target_dag to None, run_after=None
[2024-10-20T02:49:21.752+0000] {processor.py:179} INFO - Processing /home/airflow/.local/lib/python3.8/site-packages/airflow/example_dags/example_trigger_target_dag.py took 0.066 seconds
[2024-10-20T02:49:52.014+0000] {processor.py:157} INFO - Started process (PID=478) to work on /home/airflow/.local/lib/python3.8/site-packages/airflow/example_dags/example_trigger_target_dag.py
[2024-10-20T02:49:52.015+0000] {processor.py:829} INFO - Processing file /home/airflow/.local/lib/python3.8/site-packages/airflow/example_dags/example_trigger_target_dag.py for tasks to queue
[2024-10-20T02:49:52.018+0000] {logging_mixin.py:154} INFO - [2024-10-20T02:49:52.017+0000] {dagbag.py:536} INFO - Filling up the DagBag from /home/airflow/.local/lib/python3.8/site-packages/airflow/example_dags/example_trigger_target_dag.py
[2024-10-20T02:49:52.024+0000] {processor.py:839} INFO - DAG(s) dict_keys(['example_trigger_target_dag']) retrieved from /home/airflow/.local/lib/python3.8/site-packages/airflow/example_dags/example_trigger_target_dag.py
[2024-10-20T02:49:52.062+0000] {logging_mixin.py:154} INFO - [2024-10-20T02:49:52.062+0000] {dag.py:2941} INFO - Sync 1 DAGs
[2024-10-20T02:49:52.084+0000] {logging_mixin.py:154} INFO - [2024-10-20T02:49:52.083+0000] {dag.py:3722} INFO - Setting next_dagrun for example_trigger_target_dag to None, run_after=None
[2024-10-20T02:49:52.123+0000] {processor.py:179} INFO - Processing /home/airflow/.local/lib/python3.8/site-packages/airflow/example_dags/example_trigger_target_dag.py took 0.113 seconds
[2024-10-20T02:50:22.248+0000] {processor.py:157} INFO - Started process (PID=534) to work on /home/airflow/.local/lib/python3.8/site-packages/airflow/example_dags/example_trigger_target_dag.py
[2024-10-20T02:50:22.250+0000] {processor.py:829} INFO - Processing file /home/airflow/.local/lib/python3.8/site-packages/airflow/example_dags/example_trigger_target_dag.py for tasks to queue
[2024-10-20T02:50:22.252+0000] {logging_mixin.py:154} INFO - [2024-10-20T02:50:22.252+0000] {dagbag.py:536} INFO - Filling up the DagBag from /home/airflow/.local/lib/python3.8/site-packages/airflow/example_dags/example_trigger_target_dag.py
[2024-10-20T02:50:22.257+0000] {processor.py:839} INFO - DAG(s) dict_keys(['example_trigger_target_dag']) retrieved from /home/airflow/.local/lib/python3.8/site-packages/airflow/example_dags/example_trigger_target_dag.py
[2024-10-20T02:50:22.277+0000] {logging_mixin.py:154} INFO - [2024-10-20T02:50:22.277+0000] {dag.py:2941} INFO - Sync 1 DAGs
[2024-10-20T02:50:22.288+0000] {logging_mixin.py:154} INFO - [2024-10-20T02:50:22.288+0000] {dag.py:3722} INFO - Setting next_dagrun for example_trigger_target_dag to None, run_after=None
[2024-10-20T02:50:22.311+0000] {processor.py:179} INFO - Processing /home/airflow/.local/lib/python3.8/site-packages/airflow/example_dags/example_trigger_target_dag.py took 0.065 seconds
[2024-10-20T02:50:52.835+0000] {processor.py:157} INFO - Started process (PID=590) to work on /home/airflow/.local/lib/python3.8/site-packages/airflow/example_dags/example_trigger_target_dag.py
[2024-10-20T02:50:52.837+0000] {processor.py:829} INFO - Processing file /home/airflow/.local/lib/python3.8/site-packages/airflow/example_dags/example_trigger_target_dag.py for tasks to queue
[2024-10-20T02:50:52.840+0000] {logging_mixin.py:154} INFO - [2024-10-20T02:50:52.840+0000] {dagbag.py:536} INFO - Filling up the DagBag from /home/airflow/.local/lib/python3.8/site-packages/airflow/example_dags/example_trigger_target_dag.py
[2024-10-20T02:50:52.848+0000] {processor.py:839} INFO - DAG(s) dict_keys(['example_trigger_target_dag']) retrieved from /home/airflow/.local/lib/python3.8/site-packages/airflow/example_dags/example_trigger_target_dag.py
[2024-10-20T02:50:52.875+0000] {logging_mixin.py:154} INFO - [2024-10-20T02:50:52.875+0000] {dag.py:2941} INFO - Sync 1 DAGs
[2024-10-20T02:50:52.890+0000] {logging_mixin.py:154} INFO - [2024-10-20T02:50:52.889+0000] {dag.py:3722} INFO - Setting next_dagrun for example_trigger_target_dag to None, run_after=None
[2024-10-20T02:50:52.917+0000] {processor.py:179} INFO - Processing /home/airflow/.local/lib/python3.8/site-packages/airflow/example_dags/example_trigger_target_dag.py took 0.085 seconds
[2024-10-20T02:51:23.212+0000] {processor.py:157} INFO - Started process (PID=646) to work on /home/airflow/.local/lib/python3.8/site-packages/airflow/example_dags/example_trigger_target_dag.py
[2024-10-20T02:51:23.213+0000] {processor.py:829} INFO - Processing file /home/airflow/.local/lib/python3.8/site-packages/airflow/example_dags/example_trigger_target_dag.py for tasks to queue
[2024-10-20T02:51:23.217+0000] {logging_mixin.py:154} INFO - [2024-10-20T02:51:23.216+0000] {dagbag.py:536} INFO - Filling up the DagBag from /home/airflow/.local/lib/python3.8/site-packages/airflow/example_dags/example_trigger_target_dag.py
[2024-10-20T02:51:23.223+0000] {processor.py:839} INFO - DAG(s) dict_keys(['example_trigger_target_dag']) retrieved from /home/airflow/.local/lib/python3.8/site-packages/airflow/example_dags/example_trigger_target_dag.py
[2024-10-20T02:51:23.243+0000] {logging_mixin.py:154} INFO - [2024-10-20T02:51:23.242+0000] {dag.py:2941} INFO - Sync 1 DAGs
[2024-10-20T02:51:23.256+0000] {logging_mixin.py:154} INFO - [2024-10-20T02:51:23.256+0000] {dag.py:3722} INFO - Setting next_dagrun for example_trigger_target_dag to None, run_after=None
[2024-10-20T02:51:23.278+0000] {processor.py:179} INFO - Processing /home/airflow/.local/lib/python3.8/site-packages/airflow/example_dags/example_trigger_target_dag.py took 0.069 seconds
[2024-10-20T02:51:53.465+0000] {processor.py:157} INFO - Started process (PID=702) to work on /home/airflow/.local/lib/python3.8/site-packages/airflow/example_dags/example_trigger_target_dag.py
[2024-10-20T02:51:53.467+0000] {processor.py:829} INFO - Processing file /home/airflow/.local/lib/python3.8/site-packages/airflow/example_dags/example_trigger_target_dag.py for tasks to queue
[2024-10-20T02:51:53.469+0000] {logging_mixin.py:154} INFO - [2024-10-20T02:51:53.469+0000] {dagbag.py:536} INFO - Filling up the DagBag from /home/airflow/.local/lib/python3.8/site-packages/airflow/example_dags/example_trigger_target_dag.py
[2024-10-20T02:51:53.475+0000] {processor.py:839} INFO - DAG(s) dict_keys(['example_trigger_target_dag']) retrieved from /home/airflow/.local/lib/python3.8/site-packages/airflow/example_dags/example_trigger_target_dag.py
[2024-10-20T02:51:53.500+0000] {logging_mixin.py:154} INFO - [2024-10-20T02:51:53.500+0000] {dag.py:2941} INFO - Sync 1 DAGs
[2024-10-20T02:51:53.516+0000] {logging_mixin.py:154} INFO - [2024-10-20T02:51:53.515+0000] {dag.py:3722} INFO - Setting next_dagrun for example_trigger_target_dag to None, run_after=None
[2024-10-20T02:51:53.543+0000] {processor.py:179} INFO - Processing /home/airflow/.local/lib/python3.8/site-packages/airflow/example_dags/example_trigger_target_dag.py took 0.081 seconds
[2024-10-20T02:52:23.743+0000] {processor.py:157} INFO - Started process (PID=758) to work on /home/airflow/.local/lib/python3.8/site-packages/airflow/example_dags/example_trigger_target_dag.py
[2024-10-20T02:52:23.744+0000] {processor.py:829} INFO - Processing file /home/airflow/.local/lib/python3.8/site-packages/airflow/example_dags/example_trigger_target_dag.py for tasks to queue
[2024-10-20T02:52:23.746+0000] {logging_mixin.py:154} INFO - [2024-10-20T02:52:23.746+0000] {dagbag.py:536} INFO - Filling up the DagBag from /home/airflow/.local/lib/python3.8/site-packages/airflow/example_dags/example_trigger_target_dag.py
[2024-10-20T02:52:23.752+0000] {processor.py:839} INFO - DAG(s) dict_keys(['example_trigger_target_dag']) retrieved from /home/airflow/.local/lib/python3.8/site-packages/airflow/example_dags/example_trigger_target_dag.py
[2024-10-20T02:52:23.773+0000] {logging_mixin.py:154} INFO - [2024-10-20T02:52:23.773+0000] {dag.py:2941} INFO - Sync 1 DAGs
[2024-10-20T02:52:23.788+0000] {logging_mixin.py:154} INFO - [2024-10-20T02:52:23.788+0000] {dag.py:3722} INFO - Setting next_dagrun for example_trigger_target_dag to None, run_after=None
[2024-10-20T02:52:23.811+0000] {processor.py:179} INFO - Processing /home/airflow/.local/lib/python3.8/site-packages/airflow/example_dags/example_trigger_target_dag.py took 0.072 seconds
[2024-10-20T02:52:54.258+0000] {processor.py:157} INFO - Started process (PID=814) to work on /home/airflow/.local/lib/python3.8/site-packages/airflow/example_dags/example_trigger_target_dag.py
[2024-10-20T02:52:54.259+0000] {processor.py:829} INFO - Processing file /home/airflow/.local/lib/python3.8/site-packages/airflow/example_dags/example_trigger_target_dag.py for tasks to queue
[2024-10-20T02:52:54.263+0000] {logging_mixin.py:154} INFO - [2024-10-20T02:52:54.262+0000] {dagbag.py:536} INFO - Filling up the DagBag from /home/airflow/.local/lib/python3.8/site-packages/airflow/example_dags/example_trigger_target_dag.py
[2024-10-20T02:52:54.269+0000] {processor.py:839} INFO - DAG(s) dict_keys(['example_trigger_target_dag']) retrieved from /home/airflow/.local/lib/python3.8/site-packages/airflow/example_dags/example_trigger_target_dag.py
[2024-10-20T02:52:54.292+0000] {logging_mixin.py:154} INFO - [2024-10-20T02:52:54.292+0000] {dag.py:2941} INFO - Sync 1 DAGs
[2024-10-20T02:52:54.308+0000] {logging_mixin.py:154} INFO - [2024-10-20T02:52:54.308+0000] {dag.py:3722} INFO - Setting next_dagrun for example_trigger_target_dag to None, run_after=None
[2024-10-20T02:52:54.343+0000] {processor.py:179} INFO - Processing /home/airflow/.local/lib/python3.8/site-packages/airflow/example_dags/example_trigger_target_dag.py took 0.089 seconds
[2024-10-20T02:53:24.518+0000] {processor.py:157} INFO - Started process (PID=872) to work on /home/airflow/.local/lib/python3.8/site-packages/airflow/example_dags/example_trigger_target_dag.py
[2024-10-20T02:53:24.520+0000] {processor.py:829} INFO - Processing file /home/airflow/.local/lib/python3.8/site-packages/airflow/example_dags/example_trigger_target_dag.py for tasks to queue
[2024-10-20T02:53:24.523+0000] {logging_mixin.py:154} INFO - [2024-10-20T02:53:24.522+0000] {dagbag.py:536} INFO - Filling up the DagBag from /home/airflow/.local/lib/python3.8/site-packages/airflow/example_dags/example_trigger_target_dag.py
[2024-10-20T02:53:24.529+0000] {processor.py:839} INFO - DAG(s) dict_keys(['example_trigger_target_dag']) retrieved from /home/airflow/.local/lib/python3.8/site-packages/airflow/example_dags/example_trigger_target_dag.py
[2024-10-20T02:53:24.554+0000] {logging_mixin.py:154} INFO - [2024-10-20T02:53:24.553+0000] {dag.py:2941} INFO - Sync 1 DAGs
[2024-10-20T02:53:24.568+0000] {logging_mixin.py:154} INFO - [2024-10-20T02:53:24.568+0000] {dag.py:3722} INFO - Setting next_dagrun for example_trigger_target_dag to None, run_after=None
[2024-10-20T02:53:24.594+0000] {processor.py:179} INFO - Processing /home/airflow/.local/lib/python3.8/site-packages/airflow/example_dags/example_trigger_target_dag.py took 0.080 seconds
[2024-10-20T02:53:55.466+0000] {processor.py:157} INFO - Started process (PID=930) to work on /home/airflow/.local/lib/python3.8/site-packages/airflow/example_dags/example_trigger_target_dag.py
[2024-10-20T02:53:55.467+0000] {processor.py:829} INFO - Processing file /home/airflow/.local/lib/python3.8/site-packages/airflow/example_dags/example_trigger_target_dag.py for tasks to queue
[2024-10-20T02:53:55.470+0000] {logging_mixin.py:154} INFO - [2024-10-20T02:53:55.470+0000] {dagbag.py:536} INFO - Filling up the DagBag from /home/airflow/.local/lib/python3.8/site-packages/airflow/example_dags/example_trigger_target_dag.py
[2024-10-20T02:53:55.479+0000] {processor.py:839} INFO - DAG(s) dict_keys(['example_trigger_target_dag']) retrieved from /home/airflow/.local/lib/python3.8/site-packages/airflow/example_dags/example_trigger_target_dag.py
[2024-10-20T02:53:55.509+0000] {logging_mixin.py:154} INFO - [2024-10-20T02:53:55.509+0000] {dag.py:2941} INFO - Sync 1 DAGs
[2024-10-20T02:53:55.528+0000] {logging_mixin.py:154} INFO - [2024-10-20T02:53:55.528+0000] {dag.py:3722} INFO - Setting next_dagrun for example_trigger_target_dag to None, run_after=None
[2024-10-20T02:53:55.564+0000] {processor.py:179} INFO - Processing /home/airflow/.local/lib/python3.8/site-packages/airflow/example_dags/example_trigger_target_dag.py took 0.103 seconds
[2024-10-20T02:54:26.041+0000] {processor.py:157} INFO - Started process (PID=986) to work on /home/airflow/.local/lib/python3.8/site-packages/airflow/example_dags/example_trigger_target_dag.py
[2024-10-20T02:54:26.043+0000] {processor.py:829} INFO - Processing file /home/airflow/.local/lib/python3.8/site-packages/airflow/example_dags/example_trigger_target_dag.py for tasks to queue
[2024-10-20T02:54:26.046+0000] {logging_mixin.py:154} INFO - [2024-10-20T02:54:26.046+0000] {dagbag.py:536} INFO - Filling up the DagBag from /home/airflow/.local/lib/python3.8/site-packages/airflow/example_dags/example_trigger_target_dag.py
[2024-10-20T02:54:26.059+0000] {processor.py:839} INFO - DAG(s) dict_keys(['example_trigger_target_dag']) retrieved from /home/airflow/.local/lib/python3.8/site-packages/airflow/example_dags/example_trigger_target_dag.py
[2024-10-20T02:54:26.106+0000] {logging_mixin.py:154} INFO - [2024-10-20T02:54:26.105+0000] {dag.py:2941} INFO - Sync 1 DAGs
[2024-10-20T02:54:26.130+0000] {logging_mixin.py:154} INFO - [2024-10-20T02:54:26.130+0000] {dag.py:3722} INFO - Setting next_dagrun for example_trigger_target_dag to None, run_after=None
[2024-10-20T02:54:26.173+0000] {processor.py:179} INFO - Processing /home/airflow/.local/lib/python3.8/site-packages/airflow/example_dags/example_trigger_target_dag.py took 0.138 seconds
[2024-10-20T02:54:56.296+0000] {processor.py:157} INFO - Started process (PID=1041) to work on /home/airflow/.local/lib/python3.8/site-packages/airflow/example_dags/example_trigger_target_dag.py
[2024-10-20T02:54:56.297+0000] {processor.py:829} INFO - Processing file /home/airflow/.local/lib/python3.8/site-packages/airflow/example_dags/example_trigger_target_dag.py for tasks to queue
[2024-10-20T02:54:56.300+0000] {logging_mixin.py:154} INFO - [2024-10-20T02:54:56.299+0000] {dagbag.py:536} INFO - Filling up the DagBag from /home/airflow/.local/lib/python3.8/site-packages/airflow/example_dags/example_trigger_target_dag.py
[2024-10-20T02:54:56.304+0000] {processor.py:839} INFO - DAG(s) dict_keys(['example_trigger_target_dag']) retrieved from /home/airflow/.local/lib/python3.8/site-packages/airflow/example_dags/example_trigger_target_dag.py
[2024-10-20T02:54:56.325+0000] {logging_mixin.py:154} INFO - [2024-10-20T02:54:56.325+0000] {dag.py:2941} INFO - Sync 1 DAGs
[2024-10-20T02:54:56.337+0000] {logging_mixin.py:154} INFO - [2024-10-20T02:54:56.337+0000] {dag.py:3722} INFO - Setting next_dagrun for example_trigger_target_dag to None, run_after=None
[2024-10-20T02:54:56.359+0000] {processor.py:179} INFO - Processing /home/airflow/.local/lib/python3.8/site-packages/airflow/example_dags/example_trigger_target_dag.py took 0.067 seconds
[2024-10-20T02:55:27.324+0000] {processor.py:157} INFO - Started process (PID=1100) to work on /home/airflow/.local/lib/python3.8/site-packages/airflow/example_dags/example_trigger_target_dag.py
[2024-10-20T02:55:27.326+0000] {processor.py:829} INFO - Processing file /home/airflow/.local/lib/python3.8/site-packages/airflow/example_dags/example_trigger_target_dag.py for tasks to queue
[2024-10-20T02:55:27.328+0000] {logging_mixin.py:154} INFO - [2024-10-20T02:55:27.328+0000] {dagbag.py:536} INFO - Filling up the DagBag from /home/airflow/.local/lib/python3.8/site-packages/airflow/example_dags/example_trigger_target_dag.py
[2024-10-20T02:55:27.335+0000] {processor.py:839} INFO - DAG(s) dict_keys(['example_trigger_target_dag']) retrieved from /home/airflow/.local/lib/python3.8/site-packages/airflow/example_dags/example_trigger_target_dag.py
[2024-10-20T02:55:27.362+0000] {logging_mixin.py:154} INFO - [2024-10-20T02:55:27.361+0000] {dag.py:2941} INFO - Sync 1 DAGs
[2024-10-20T02:55:27.379+0000] {logging_mixin.py:154} INFO - [2024-10-20T02:55:27.379+0000] {dag.py:3722} INFO - Setting next_dagrun for example_trigger_target_dag to None, run_after=None
[2024-10-20T02:55:27.410+0000] {processor.py:179} INFO - Processing /home/airflow/.local/lib/python3.8/site-packages/airflow/example_dags/example_trigger_target_dag.py took 0.089 seconds
[2024-10-20T02:55:58.553+0000] {processor.py:157} INFO - Started process (PID=1160) to work on /home/airflow/.local/lib/python3.8/site-packages/airflow/example_dags/example_trigger_target_dag.py
[2024-10-20T02:55:58.557+0000] {processor.py:829} INFO - Processing file /home/airflow/.local/lib/python3.8/site-packages/airflow/example_dags/example_trigger_target_dag.py for tasks to queue
[2024-10-20T02:55:58.563+0000] {logging_mixin.py:154} INFO - [2024-10-20T02:55:58.562+0000] {dagbag.py:536} INFO - Filling up the DagBag from /home/airflow/.local/lib/python3.8/site-packages/airflow/example_dags/example_trigger_target_dag.py
[2024-10-20T02:55:58.576+0000] {processor.py:839} INFO - DAG(s) dict_keys(['example_trigger_target_dag']) retrieved from /home/airflow/.local/lib/python3.8/site-packages/airflow/example_dags/example_trigger_target_dag.py
[2024-10-20T02:55:58.621+0000] {logging_mixin.py:154} INFO - [2024-10-20T02:55:58.621+0000] {dag.py:2941} INFO - Sync 1 DAGs
[2024-10-20T02:55:58.889+0000] {logging_mixin.py:154} INFO - [2024-10-20T02:55:58.889+0000] {dag.py:3722} INFO - Setting next_dagrun for example_trigger_target_dag to None, run_after=None
[2024-10-20T02:55:58.920+0000] {processor.py:179} INFO - Processing /home/airflow/.local/lib/python3.8/site-packages/airflow/example_dags/example_trigger_target_dag.py took 0.372 seconds
[2024-10-20T02:56:29.335+0000] {processor.py:157} INFO - Started process (PID=1216) to work on /home/airflow/.local/lib/python3.8/site-packages/airflow/example_dags/example_trigger_target_dag.py
[2024-10-20T02:56:29.337+0000] {processor.py:829} INFO - Processing file /home/airflow/.local/lib/python3.8/site-packages/airflow/example_dags/example_trigger_target_dag.py for tasks to queue
[2024-10-20T02:56:29.340+0000] {logging_mixin.py:154} INFO - [2024-10-20T02:56:29.340+0000] {dagbag.py:536} INFO - Filling up the DagBag from /home/airflow/.local/lib/python3.8/site-packages/airflow/example_dags/example_trigger_target_dag.py
[2024-10-20T02:56:29.346+0000] {processor.py:839} INFO - DAG(s) dict_keys(['example_trigger_target_dag']) retrieved from /home/airflow/.local/lib/python3.8/site-packages/airflow/example_dags/example_trigger_target_dag.py
[2024-10-20T02:56:29.369+0000] {logging_mixin.py:154} INFO - [2024-10-20T02:56:29.368+0000] {dag.py:2941} INFO - Sync 1 DAGs
[2024-10-20T02:56:29.383+0000] {logging_mixin.py:154} INFO - [2024-10-20T02:56:29.383+0000] {dag.py:3722} INFO - Setting next_dagrun for example_trigger_target_dag to None, run_after=None
[2024-10-20T02:56:29.648+0000] {processor.py:179} INFO - Processing /home/airflow/.local/lib/python3.8/site-packages/airflow/example_dags/example_trigger_target_dag.py took 0.317 seconds
[2024-10-20T02:57:00.034+0000] {processor.py:157} INFO - Started process (PID=1272) to work on /home/airflow/.local/lib/python3.8/site-packages/airflow/example_dags/example_trigger_target_dag.py
[2024-10-20T02:57:00.035+0000] {processor.py:829} INFO - Processing file /home/airflow/.local/lib/python3.8/site-packages/airflow/example_dags/example_trigger_target_dag.py for tasks to queue
[2024-10-20T02:57:00.038+0000] {logging_mixin.py:154} INFO - [2024-10-20T02:57:00.038+0000] {dagbag.py:536} INFO - Filling up the DagBag from /home/airflow/.local/lib/python3.8/site-packages/airflow/example_dags/example_trigger_target_dag.py
[2024-10-20T02:57:00.044+0000] {processor.py:839} INFO - DAG(s) dict_keys(['example_trigger_target_dag']) retrieved from /home/airflow/.local/lib/python3.8/site-packages/airflow/example_dags/example_trigger_target_dag.py
[2024-10-20T02:57:00.071+0000] {logging_mixin.py:154} INFO - [2024-10-20T02:57:00.070+0000] {dag.py:2941} INFO - Sync 1 DAGs
[2024-10-20T02:57:00.085+0000] {logging_mixin.py:154} INFO - [2024-10-20T02:57:00.085+0000] {dag.py:3722} INFO - Setting next_dagrun for example_trigger_target_dag to None, run_after=None
[2024-10-20T02:57:00.111+0000] {processor.py:179} INFO - Processing /home/airflow/.local/lib/python3.8/site-packages/airflow/example_dags/example_trigger_target_dag.py took 0.081 seconds
[2024-10-20T02:57:30.488+0000] {processor.py:157} INFO - Started process (PID=1330) to work on /home/airflow/.local/lib/python3.8/site-packages/airflow/example_dags/example_trigger_target_dag.py
[2024-10-20T02:57:30.490+0000] {processor.py:829} INFO - Processing file /home/airflow/.local/lib/python3.8/site-packages/airflow/example_dags/example_trigger_target_dag.py for tasks to queue
[2024-10-20T02:57:30.492+0000] {logging_mixin.py:154} INFO - [2024-10-20T02:57:30.492+0000] {dagbag.py:536} INFO - Filling up the DagBag from /home/airflow/.local/lib/python3.8/site-packages/airflow/example_dags/example_trigger_target_dag.py
[2024-10-20T02:57:30.498+0000] {processor.py:839} INFO - DAG(s) dict_keys(['example_trigger_target_dag']) retrieved from /home/airflow/.local/lib/python3.8/site-packages/airflow/example_dags/example_trigger_target_dag.py
[2024-10-20T02:57:30.521+0000] {logging_mixin.py:154} INFO - [2024-10-20T02:57:30.520+0000] {dag.py:2941} INFO - Sync 1 DAGs
[2024-10-20T02:57:30.534+0000] {logging_mixin.py:154} INFO - [2024-10-20T02:57:30.534+0000] {dag.py:3722} INFO - Setting next_dagrun for example_trigger_target_dag to None, run_after=None
[2024-10-20T02:57:30.562+0000] {processor.py:179} INFO - Processing /home/airflow/.local/lib/python3.8/site-packages/airflow/example_dags/example_trigger_target_dag.py took 0.077 seconds
[2024-10-20T02:58:01.538+0000] {processor.py:157} INFO - Started process (PID=1386) to work on /home/airflow/.local/lib/python3.8/site-packages/airflow/example_dags/example_trigger_target_dag.py
[2024-10-20T02:58:01.540+0000] {processor.py:829} INFO - Processing file /home/airflow/.local/lib/python3.8/site-packages/airflow/example_dags/example_trigger_target_dag.py for tasks to queue
[2024-10-20T02:58:01.542+0000] {logging_mixin.py:154} INFO - [2024-10-20T02:58:01.542+0000] {dagbag.py:536} INFO - Filling up the DagBag from /home/airflow/.local/lib/python3.8/site-packages/airflow/example_dags/example_trigger_target_dag.py
[2024-10-20T02:58:01.548+0000] {processor.py:839} INFO - DAG(s) dict_keys(['example_trigger_target_dag']) retrieved from /home/airflow/.local/lib/python3.8/site-packages/airflow/example_dags/example_trigger_target_dag.py
[2024-10-20T02:58:01.783+0000] {logging_mixin.py:154} INFO - [2024-10-20T02:58:01.783+0000] {dag.py:2941} INFO - Sync 1 DAGs
[2024-10-20T02:58:01.802+0000] {logging_mixin.py:154} INFO - [2024-10-20T02:58:01.802+0000] {dag.py:3722} INFO - Setting next_dagrun for example_trigger_target_dag to None, run_after=None
[2024-10-20T02:58:01.841+0000] {processor.py:179} INFO - Processing /home/airflow/.local/lib/python3.8/site-packages/airflow/example_dags/example_trigger_target_dag.py took 0.306 seconds
[2024-10-20T02:58:32.577+0000] {processor.py:157} INFO - Started process (PID=1442) to work on /home/airflow/.local/lib/python3.8/site-packages/airflow/example_dags/example_trigger_target_dag.py
[2024-10-20T02:58:32.578+0000] {processor.py:829} INFO - Processing file /home/airflow/.local/lib/python3.8/site-packages/airflow/example_dags/example_trigger_target_dag.py for tasks to queue
[2024-10-20T02:58:32.581+0000] {logging_mixin.py:154} INFO - [2024-10-20T02:58:32.581+0000] {dagbag.py:536} INFO - Filling up the DagBag from /home/airflow/.local/lib/python3.8/site-packages/airflow/example_dags/example_trigger_target_dag.py
[2024-10-20T02:58:32.589+0000] {processor.py:839} INFO - DAG(s) dict_keys(['example_trigger_target_dag']) retrieved from /home/airflow/.local/lib/python3.8/site-packages/airflow/example_dags/example_trigger_target_dag.py
[2024-10-20T02:58:32.630+0000] {logging_mixin.py:154} INFO - [2024-10-20T02:58:32.629+0000] {dag.py:2941} INFO - Sync 1 DAGs
[2024-10-20T02:58:32.654+0000] {logging_mixin.py:154} INFO - [2024-10-20T02:58:32.654+0000] {dag.py:3722} INFO - Setting next_dagrun for example_trigger_target_dag to None, run_after=None
[2024-10-20T02:58:32.692+0000] {processor.py:179} INFO - Processing /home/airflow/.local/lib/python3.8/site-packages/airflow/example_dags/example_trigger_target_dag.py took 0.120 seconds
[2024-10-20T02:59:52.579+0000] {processor.py:157} INFO - Started process (PID=89) to work on /home/airflow/.local/lib/python3.8/site-packages/airflow/example_dags/example_trigger_target_dag.py
[2024-10-20T02:59:52.589+0000] {processor.py:829} INFO - Processing file /home/airflow/.local/lib/python3.8/site-packages/airflow/example_dags/example_trigger_target_dag.py for tasks to queue
[2024-10-20T02:59:52.603+0000] {logging_mixin.py:154} INFO - [2024-10-20T02:59:52.602+0000] {dagbag.py:536} INFO - Filling up the DagBag from /home/airflow/.local/lib/python3.8/site-packages/airflow/example_dags/example_trigger_target_dag.py
[2024-10-20T02:59:52.621+0000] {processor.py:839} INFO - DAG(s) dict_keys(['example_trigger_target_dag']) retrieved from /home/airflow/.local/lib/python3.8/site-packages/airflow/example_dags/example_trigger_target_dag.py
[2024-10-20T02:59:52.648+0000] {logging_mixin.py:154} INFO - [2024-10-20T02:59:52.648+0000] {dag.py:2941} INFO - Sync 1 DAGs
[2024-10-20T02:59:52.675+0000] {logging_mixin.py:154} INFO - [2024-10-20T02:59:52.674+0000] {dag.py:3722} INFO - Setting next_dagrun for example_trigger_target_dag to None, run_after=None
[2024-10-20T02:59:52.752+0000] {processor.py:179} INFO - Processing /home/airflow/.local/lib/python3.8/site-packages/airflow/example_dags/example_trigger_target_dag.py took 0.183 seconds
[2024-10-20T03:00:24.384+0000] {processor.py:157} INFO - Started process (PID=149) to work on /home/airflow/.local/lib/python3.8/site-packages/airflow/example_dags/example_trigger_target_dag.py
[2024-10-20T03:00:24.385+0000] {processor.py:829} INFO - Processing file /home/airflow/.local/lib/python3.8/site-packages/airflow/example_dags/example_trigger_target_dag.py for tasks to queue
[2024-10-20T03:00:24.388+0000] {logging_mixin.py:154} INFO - [2024-10-20T03:00:24.388+0000] {dagbag.py:536} INFO - Filling up the DagBag from /home/airflow/.local/lib/python3.8/site-packages/airflow/example_dags/example_trigger_target_dag.py
[2024-10-20T03:00:24.398+0000] {processor.py:839} INFO - DAG(s) dict_keys(['example_trigger_target_dag']) retrieved from /home/airflow/.local/lib/python3.8/site-packages/airflow/example_dags/example_trigger_target_dag.py
[2024-10-20T03:00:24.440+0000] {logging_mixin.py:154} INFO - [2024-10-20T03:00:24.439+0000] {dag.py:2941} INFO - Sync 1 DAGs
[2024-10-20T03:00:24.468+0000] {logging_mixin.py:154} INFO - [2024-10-20T03:00:24.467+0000] {dag.py:3722} INFO - Setting next_dagrun for example_trigger_target_dag to None, run_after=None
[2024-10-20T03:00:24.536+0000] {processor.py:179} INFO - Processing /home/airflow/.local/lib/python3.8/site-packages/airflow/example_dags/example_trigger_target_dag.py took 0.157 seconds
[2024-10-20T03:00:55.207+0000] {processor.py:157} INFO - Started process (PID=205) to work on /home/airflow/.local/lib/python3.8/site-packages/airflow/example_dags/example_trigger_target_dag.py
[2024-10-20T03:00:55.208+0000] {processor.py:829} INFO - Processing file /home/airflow/.local/lib/python3.8/site-packages/airflow/example_dags/example_trigger_target_dag.py for tasks to queue
[2024-10-20T03:00:55.212+0000] {logging_mixin.py:154} INFO - [2024-10-20T03:00:55.211+0000] {dagbag.py:536} INFO - Filling up the DagBag from /home/airflow/.local/lib/python3.8/site-packages/airflow/example_dags/example_trigger_target_dag.py
[2024-10-20T03:00:55.222+0000] {processor.py:839} INFO - DAG(s) dict_keys(['example_trigger_target_dag']) retrieved from /home/airflow/.local/lib/python3.8/site-packages/airflow/example_dags/example_trigger_target_dag.py
[2024-10-20T03:00:55.250+0000] {logging_mixin.py:154} INFO - [2024-10-20T03:00:55.250+0000] {dag.py:2941} INFO - Sync 1 DAGs
[2024-10-20T03:00:55.281+0000] {logging_mixin.py:154} INFO - [2024-10-20T03:00:55.281+0000] {dag.py:3722} INFO - Setting next_dagrun for example_trigger_target_dag to None, run_after=None
[2024-10-20T03:00:55.310+0000] {processor.py:179} INFO - Processing /home/airflow/.local/lib/python3.8/site-packages/airflow/example_dags/example_trigger_target_dag.py took 0.107 seconds
[2024-10-20T03:01:26.141+0000] {processor.py:157} INFO - Started process (PID=261) to work on /home/airflow/.local/lib/python3.8/site-packages/airflow/example_dags/example_trigger_target_dag.py
[2024-10-20T03:01:26.143+0000] {processor.py:829} INFO - Processing file /home/airflow/.local/lib/python3.8/site-packages/airflow/example_dags/example_trigger_target_dag.py for tasks to queue
[2024-10-20T03:01:26.146+0000] {logging_mixin.py:154} INFO - [2024-10-20T03:01:26.146+0000] {dagbag.py:536} INFO - Filling up the DagBag from /home/airflow/.local/lib/python3.8/site-packages/airflow/example_dags/example_trigger_target_dag.py
[2024-10-20T03:01:26.153+0000] {processor.py:839} INFO - DAG(s) dict_keys(['example_trigger_target_dag']) retrieved from /home/airflow/.local/lib/python3.8/site-packages/airflow/example_dags/example_trigger_target_dag.py
[2024-10-20T03:01:26.180+0000] {logging_mixin.py:154} INFO - [2024-10-20T03:01:26.180+0000] {dag.py:2941} INFO - Sync 1 DAGs
[2024-10-20T03:01:26.195+0000] {logging_mixin.py:154} INFO - [2024-10-20T03:01:26.195+0000] {dag.py:3722} INFO - Setting next_dagrun for example_trigger_target_dag to None, run_after=None
[2024-10-20T03:01:26.227+0000] {processor.py:179} INFO - Processing /home/airflow/.local/lib/python3.8/site-packages/airflow/example_dags/example_trigger_target_dag.py took 0.089 seconds
[2024-10-20T03:01:56.435+0000] {processor.py:157} INFO - Started process (PID=317) to work on /home/airflow/.local/lib/python3.8/site-packages/airflow/example_dags/example_trigger_target_dag.py
[2024-10-20T03:01:56.436+0000] {processor.py:829} INFO - Processing file /home/airflow/.local/lib/python3.8/site-packages/airflow/example_dags/example_trigger_target_dag.py for tasks to queue
[2024-10-20T03:01:56.439+0000] {logging_mixin.py:154} INFO - [2024-10-20T03:01:56.439+0000] {dagbag.py:536} INFO - Filling up the DagBag from /home/airflow/.local/lib/python3.8/site-packages/airflow/example_dags/example_trigger_target_dag.py
[2024-10-20T03:01:56.446+0000] {processor.py:839} INFO - DAG(s) dict_keys(['example_trigger_target_dag']) retrieved from /home/airflow/.local/lib/python3.8/site-packages/airflow/example_dags/example_trigger_target_dag.py
[2024-10-20T03:01:56.474+0000] {logging_mixin.py:154} INFO - [2024-10-20T03:01:56.474+0000] {dag.py:2941} INFO - Sync 1 DAGs
[2024-10-20T03:01:56.489+0000] {logging_mixin.py:154} INFO - [2024-10-20T03:01:56.488+0000] {dag.py:3722} INFO - Setting next_dagrun for example_trigger_target_dag to None, run_after=None
[2024-10-20T03:01:56.519+0000] {processor.py:179} INFO - Processing /home/airflow/.local/lib/python3.8/site-packages/airflow/example_dags/example_trigger_target_dag.py took 0.088 seconds
[2024-10-20T03:02:27.032+0000] {processor.py:157} INFO - Started process (PID=377) to work on /home/airflow/.local/lib/python3.8/site-packages/airflow/example_dags/example_trigger_target_dag.py
[2024-10-20T03:02:27.034+0000] {processor.py:829} INFO - Processing file /home/airflow/.local/lib/python3.8/site-packages/airflow/example_dags/example_trigger_target_dag.py for tasks to queue
[2024-10-20T03:02:27.038+0000] {logging_mixin.py:154} INFO - [2024-10-20T03:02:27.037+0000] {dagbag.py:536} INFO - Filling up the DagBag from /home/airflow/.local/lib/python3.8/site-packages/airflow/example_dags/example_trigger_target_dag.py
[2024-10-20T03:02:27.048+0000] {processor.py:839} INFO - DAG(s) dict_keys(['example_trigger_target_dag']) retrieved from /home/airflow/.local/lib/python3.8/site-packages/airflow/example_dags/example_trigger_target_dag.py
[2024-10-20T03:02:27.077+0000] {logging_mixin.py:154} INFO - [2024-10-20T03:02:27.077+0000] {dag.py:2941} INFO - Sync 1 DAGs
[2024-10-20T03:02:27.096+0000] {logging_mixin.py:154} INFO - [2024-10-20T03:02:27.095+0000] {dag.py:3722} INFO - Setting next_dagrun for example_trigger_target_dag to None, run_after=None
[2024-10-20T03:02:27.122+0000] {processor.py:179} INFO - Processing /home/airflow/.local/lib/python3.8/site-packages/airflow/example_dags/example_trigger_target_dag.py took 0.095 seconds
[2024-10-20T03:02:57.842+0000] {processor.py:157} INFO - Started process (PID=433) to work on /home/airflow/.local/lib/python3.8/site-packages/airflow/example_dags/example_trigger_target_dag.py
[2024-10-20T03:02:57.843+0000] {processor.py:829} INFO - Processing file /home/airflow/.local/lib/python3.8/site-packages/airflow/example_dags/example_trigger_target_dag.py for tasks to queue
[2024-10-20T03:02:57.846+0000] {logging_mixin.py:154} INFO - [2024-10-20T03:02:57.846+0000] {dagbag.py:536} INFO - Filling up the DagBag from /home/airflow/.local/lib/python3.8/site-packages/airflow/example_dags/example_trigger_target_dag.py
[2024-10-20T03:02:57.851+0000] {processor.py:839} INFO - DAG(s) dict_keys(['example_trigger_target_dag']) retrieved from /home/airflow/.local/lib/python3.8/site-packages/airflow/example_dags/example_trigger_target_dag.py
[2024-10-20T03:02:57.874+0000] {logging_mixin.py:154} INFO - [2024-10-20T03:02:57.874+0000] {dag.py:2941} INFO - Sync 1 DAGs
[2024-10-20T03:02:57.888+0000] {logging_mixin.py:154} INFO - [2024-10-20T03:02:57.887+0000] {dag.py:3722} INFO - Setting next_dagrun for example_trigger_target_dag to None, run_after=None
[2024-10-20T03:02:57.913+0000] {processor.py:179} INFO - Processing /home/airflow/.local/lib/python3.8/site-packages/airflow/example_dags/example_trigger_target_dag.py took 0.074 seconds
[2024-10-20T03:03:28.450+0000] {processor.py:157} INFO - Started process (PID=489) to work on /home/airflow/.local/lib/python3.8/site-packages/airflow/example_dags/example_trigger_target_dag.py
[2024-10-20T03:03:28.452+0000] {processor.py:829} INFO - Processing file /home/airflow/.local/lib/python3.8/site-packages/airflow/example_dags/example_trigger_target_dag.py for tasks to queue
[2024-10-20T03:03:28.454+0000] {logging_mixin.py:154} INFO - [2024-10-20T03:03:28.454+0000] {dagbag.py:536} INFO - Filling up the DagBag from /home/airflow/.local/lib/python3.8/site-packages/airflow/example_dags/example_trigger_target_dag.py
[2024-10-20T03:03:28.459+0000] {processor.py:839} INFO - DAG(s) dict_keys(['example_trigger_target_dag']) retrieved from /home/airflow/.local/lib/python3.8/site-packages/airflow/example_dags/example_trigger_target_dag.py
[2024-10-20T03:03:28.480+0000] {logging_mixin.py:154} INFO - [2024-10-20T03:03:28.479+0000] {dag.py:2941} INFO - Sync 1 DAGs
[2024-10-20T03:03:28.492+0000] {logging_mixin.py:154} INFO - [2024-10-20T03:03:28.492+0000] {dag.py:3722} INFO - Setting next_dagrun for example_trigger_target_dag to None, run_after=None
[2024-10-20T03:03:28.513+0000] {processor.py:179} INFO - Processing /home/airflow/.local/lib/python3.8/site-packages/airflow/example_dags/example_trigger_target_dag.py took 0.066 seconds
[2024-10-20T03:03:58.664+0000] {processor.py:157} INFO - Started process (PID=543) to work on /home/airflow/.local/lib/python3.8/site-packages/airflow/example_dags/example_trigger_target_dag.py
[2024-10-20T03:03:58.665+0000] {processor.py:829} INFO - Processing file /home/airflow/.local/lib/python3.8/site-packages/airflow/example_dags/example_trigger_target_dag.py for tasks to queue
[2024-10-20T03:03:58.667+0000] {logging_mixin.py:154} INFO - [2024-10-20T03:03:58.667+0000] {dagbag.py:536} INFO - Filling up the DagBag from /home/airflow/.local/lib/python3.8/site-packages/airflow/example_dags/example_trigger_target_dag.py
[2024-10-20T03:03:58.672+0000] {processor.py:839} INFO - DAG(s) dict_keys(['example_trigger_target_dag']) retrieved from /home/airflow/.local/lib/python3.8/site-packages/airflow/example_dags/example_trigger_target_dag.py
[2024-10-20T03:03:58.693+0000] {logging_mixin.py:154} INFO - [2024-10-20T03:03:58.693+0000] {dag.py:2941} INFO - Sync 1 DAGs
[2024-10-20T03:03:58.705+0000] {logging_mixin.py:154} INFO - [2024-10-20T03:03:58.705+0000] {dag.py:3722} INFO - Setting next_dagrun for example_trigger_target_dag to None, run_after=None
[2024-10-20T03:03:58.729+0000] {processor.py:179} INFO - Processing /home/airflow/.local/lib/python3.8/site-packages/airflow/example_dags/example_trigger_target_dag.py took 0.067 seconds
[2024-10-20T03:04:29.135+0000] {processor.py:157} INFO - Started process (PID=599) to work on /home/airflow/.local/lib/python3.8/site-packages/airflow/example_dags/example_trigger_target_dag.py
[2024-10-20T03:04:29.136+0000] {processor.py:829} INFO - Processing file /home/airflow/.local/lib/python3.8/site-packages/airflow/example_dags/example_trigger_target_dag.py for tasks to queue
[2024-10-20T03:04:29.138+0000] {logging_mixin.py:154} INFO - [2024-10-20T03:04:29.137+0000] {dagbag.py:536} INFO - Filling up the DagBag from /home/airflow/.local/lib/python3.8/site-packages/airflow/example_dags/example_trigger_target_dag.py
[2024-10-20T03:04:29.144+0000] {processor.py:839} INFO - DAG(s) dict_keys(['example_trigger_target_dag']) retrieved from /home/airflow/.local/lib/python3.8/site-packages/airflow/example_dags/example_trigger_target_dag.py
[2024-10-20T03:04:29.165+0000] {logging_mixin.py:154} INFO - [2024-10-20T03:04:29.165+0000] {dag.py:2941} INFO - Sync 1 DAGs
[2024-10-20T03:04:29.177+0000] {logging_mixin.py:154} INFO - [2024-10-20T03:04:29.177+0000] {dag.py:3722} INFO - Setting next_dagrun for example_trigger_target_dag to None, run_after=None
[2024-10-20T03:04:29.199+0000] {processor.py:179} INFO - Processing /home/airflow/.local/lib/python3.8/site-packages/airflow/example_dags/example_trigger_target_dag.py took 0.067 seconds
[2024-10-20T03:04:59.614+0000] {processor.py:157} INFO - Started process (PID=655) to work on /home/airflow/.local/lib/python3.8/site-packages/airflow/example_dags/example_trigger_target_dag.py
[2024-10-20T03:04:59.615+0000] {processor.py:829} INFO - Processing file /home/airflow/.local/lib/python3.8/site-packages/airflow/example_dags/example_trigger_target_dag.py for tasks to queue
[2024-10-20T03:04:59.618+0000] {logging_mixin.py:154} INFO - [2024-10-20T03:04:59.618+0000] {dagbag.py:536} INFO - Filling up the DagBag from /home/airflow/.local/lib/python3.8/site-packages/airflow/example_dags/example_trigger_target_dag.py
[2024-10-20T03:04:59.623+0000] {processor.py:839} INFO - DAG(s) dict_keys(['example_trigger_target_dag']) retrieved from /home/airflow/.local/lib/python3.8/site-packages/airflow/example_dags/example_trigger_target_dag.py
[2024-10-20T03:04:59.645+0000] {logging_mixin.py:154} INFO - [2024-10-20T03:04:59.644+0000] {dag.py:2941} INFO - Sync 1 DAGs
[2024-10-20T03:04:59.657+0000] {logging_mixin.py:154} INFO - [2024-10-20T03:04:59.657+0000] {dag.py:3722} INFO - Setting next_dagrun for example_trigger_target_dag to None, run_after=None
[2024-10-20T03:04:59.680+0000] {processor.py:179} INFO - Processing /home/airflow/.local/lib/python3.8/site-packages/airflow/example_dags/example_trigger_target_dag.py took 0.070 seconds
[2024-10-20T03:05:29.774+0000] {processor.py:157} INFO - Started process (PID=710) to work on /home/airflow/.local/lib/python3.8/site-packages/airflow/example_dags/example_trigger_target_dag.py
[2024-10-20T03:05:29.776+0000] {processor.py:829} INFO - Processing file /home/airflow/.local/lib/python3.8/site-packages/airflow/example_dags/example_trigger_target_dag.py for tasks to queue
[2024-10-20T03:05:29.778+0000] {logging_mixin.py:154} INFO - [2024-10-20T03:05:29.778+0000] {dagbag.py:536} INFO - Filling up the DagBag from /home/airflow/.local/lib/python3.8/site-packages/airflow/example_dags/example_trigger_target_dag.py
[2024-10-20T03:05:29.783+0000] {processor.py:839} INFO - DAG(s) dict_keys(['example_trigger_target_dag']) retrieved from /home/airflow/.local/lib/python3.8/site-packages/airflow/example_dags/example_trigger_target_dag.py
[2024-10-20T03:05:29.805+0000] {logging_mixin.py:154} INFO - [2024-10-20T03:05:29.804+0000] {dag.py:2941} INFO - Sync 1 DAGs
[2024-10-20T03:05:29.818+0000] {logging_mixin.py:154} INFO - [2024-10-20T03:05:29.818+0000] {dag.py:3722} INFO - Setting next_dagrun for example_trigger_target_dag to None, run_after=None
[2024-10-20T03:05:29.842+0000] {processor.py:179} INFO - Processing /home/airflow/.local/lib/python3.8/site-packages/airflow/example_dags/example_trigger_target_dag.py took 0.070 seconds
[2024-10-20T03:06:00.172+0000] {processor.py:157} INFO - Started process (PID=767) to work on /home/airflow/.local/lib/python3.8/site-packages/airflow/example_dags/example_trigger_target_dag.py
[2024-10-20T03:06:00.173+0000] {processor.py:829} INFO - Processing file /home/airflow/.local/lib/python3.8/site-packages/airflow/example_dags/example_trigger_target_dag.py for tasks to queue
[2024-10-20T03:06:00.175+0000] {logging_mixin.py:154} INFO - [2024-10-20T03:06:00.175+0000] {dagbag.py:536} INFO - Filling up the DagBag from /home/airflow/.local/lib/python3.8/site-packages/airflow/example_dags/example_trigger_target_dag.py
[2024-10-20T03:06:00.181+0000] {processor.py:839} INFO - DAG(s) dict_keys(['example_trigger_target_dag']) retrieved from /home/airflow/.local/lib/python3.8/site-packages/airflow/example_dags/example_trigger_target_dag.py
[2024-10-20T03:06:00.204+0000] {logging_mixin.py:154} INFO - [2024-10-20T03:06:00.204+0000] {dag.py:2941} INFO - Sync 1 DAGs
[2024-10-20T03:06:00.219+0000] {logging_mixin.py:154} INFO - [2024-10-20T03:06:00.218+0000] {dag.py:3722} INFO - Setting next_dagrun for example_trigger_target_dag to None, run_after=None
[2024-10-20T03:06:00.242+0000] {processor.py:179} INFO - Processing /home/airflow/.local/lib/python3.8/site-packages/airflow/example_dags/example_trigger_target_dag.py took 0.073 seconds
[2024-10-20T03:06:30.831+0000] {processor.py:157} INFO - Started process (PID=823) to work on /home/airflow/.local/lib/python3.8/site-packages/airflow/example_dags/example_trigger_target_dag.py
[2024-10-20T03:06:30.832+0000] {processor.py:829} INFO - Processing file /home/airflow/.local/lib/python3.8/site-packages/airflow/example_dags/example_trigger_target_dag.py for tasks to queue
[2024-10-20T03:06:30.834+0000] {logging_mixin.py:154} INFO - [2024-10-20T03:06:30.834+0000] {dagbag.py:536} INFO - Filling up the DagBag from /home/airflow/.local/lib/python3.8/site-packages/airflow/example_dags/example_trigger_target_dag.py
[2024-10-20T03:06:30.840+0000] {processor.py:839} INFO - DAG(s) dict_keys(['example_trigger_target_dag']) retrieved from /home/airflow/.local/lib/python3.8/site-packages/airflow/example_dags/example_trigger_target_dag.py
[2024-10-20T03:06:30.862+0000] {logging_mixin.py:154} INFO - [2024-10-20T03:06:30.862+0000] {dag.py:2941} INFO - Sync 1 DAGs
[2024-10-20T03:06:30.875+0000] {logging_mixin.py:154} INFO - [2024-10-20T03:06:30.875+0000] {dag.py:3722} INFO - Setting next_dagrun for example_trigger_target_dag to None, run_after=None
[2024-10-20T03:06:30.900+0000] {processor.py:179} INFO - Processing /home/airflow/.local/lib/python3.8/site-packages/airflow/example_dags/example_trigger_target_dag.py took 0.072 seconds
[2024-10-20T03:07:01.198+0000] {processor.py:157} INFO - Started process (PID=879) to work on /home/airflow/.local/lib/python3.8/site-packages/airflow/example_dags/example_trigger_target_dag.py
[2024-10-20T03:07:01.199+0000] {processor.py:829} INFO - Processing file /home/airflow/.local/lib/python3.8/site-packages/airflow/example_dags/example_trigger_target_dag.py for tasks to queue
[2024-10-20T03:07:01.200+0000] {logging_mixin.py:154} INFO - [2024-10-20T03:07:01.200+0000] {dagbag.py:536} INFO - Filling up the DagBag from /home/airflow/.local/lib/python3.8/site-packages/airflow/example_dags/example_trigger_target_dag.py
[2024-10-20T03:07:01.207+0000] {processor.py:839} INFO - DAG(s) dict_keys(['example_trigger_target_dag']) retrieved from /home/airflow/.local/lib/python3.8/site-packages/airflow/example_dags/example_trigger_target_dag.py
[2024-10-20T03:07:01.229+0000] {logging_mixin.py:154} INFO - [2024-10-20T03:07:01.229+0000] {dag.py:2941} INFO - Sync 1 DAGs
[2024-10-20T03:07:01.243+0000] {logging_mixin.py:154} INFO - [2024-10-20T03:07:01.243+0000] {dag.py:3722} INFO - Setting next_dagrun for example_trigger_target_dag to None, run_after=None
[2024-10-20T03:07:01.270+0000] {processor.py:179} INFO - Processing /home/airflow/.local/lib/python3.8/site-packages/airflow/example_dags/example_trigger_target_dag.py took 0.075 seconds
[2024-10-20T03:07:31.693+0000] {processor.py:157} INFO - Started process (PID=935) to work on /home/airflow/.local/lib/python3.8/site-packages/airflow/example_dags/example_trigger_target_dag.py
[2024-10-20T03:07:31.694+0000] {processor.py:829} INFO - Processing file /home/airflow/.local/lib/python3.8/site-packages/airflow/example_dags/example_trigger_target_dag.py for tasks to queue
[2024-10-20T03:07:31.696+0000] {logging_mixin.py:154} INFO - [2024-10-20T03:07:31.696+0000] {dagbag.py:536} INFO - Filling up the DagBag from /home/airflow/.local/lib/python3.8/site-packages/airflow/example_dags/example_trigger_target_dag.py
[2024-10-20T03:07:31.703+0000] {processor.py:839} INFO - DAG(s) dict_keys(['example_trigger_target_dag']) retrieved from /home/airflow/.local/lib/python3.8/site-packages/airflow/example_dags/example_trigger_target_dag.py
[2024-10-20T03:07:31.728+0000] {logging_mixin.py:154} INFO - [2024-10-20T03:07:31.728+0000] {dag.py:2941} INFO - Sync 1 DAGs
[2024-10-20T03:07:31.742+0000] {logging_mixin.py:154} INFO - [2024-10-20T03:07:31.742+0000] {dag.py:3722} INFO - Setting next_dagrun for example_trigger_target_dag to None, run_after=None
[2024-10-20T03:07:31.774+0000] {processor.py:179} INFO - Processing /home/airflow/.local/lib/python3.8/site-packages/airflow/example_dags/example_trigger_target_dag.py took 0.085 seconds
[2024-10-20T03:08:48.453+0000] {processor.py:157} INFO - Started process (PID=88) to work on /home/airflow/.local/lib/python3.8/site-packages/airflow/example_dags/example_trigger_target_dag.py
[2024-10-20T03:08:48.454+0000] {processor.py:829} INFO - Processing file /home/airflow/.local/lib/python3.8/site-packages/airflow/example_dags/example_trigger_target_dag.py for tasks to queue
[2024-10-20T03:08:48.457+0000] {logging_mixin.py:154} INFO - [2024-10-20T03:08:48.457+0000] {dagbag.py:536} INFO - Filling up the DagBag from /home/airflow/.local/lib/python3.8/site-packages/airflow/example_dags/example_trigger_target_dag.py
[2024-10-20T03:08:48.472+0000] {processor.py:839} INFO - DAG(s) dict_keys(['example_trigger_target_dag']) retrieved from /home/airflow/.local/lib/python3.8/site-packages/airflow/example_dags/example_trigger_target_dag.py
[2024-10-20T03:08:48.495+0000] {logging_mixin.py:154} INFO - [2024-10-20T03:08:48.494+0000] {dag.py:2941} INFO - Sync 1 DAGs
[2024-10-20T03:08:48.515+0000] {logging_mixin.py:154} INFO - [2024-10-20T03:08:48.514+0000] {dag.py:3722} INFO - Setting next_dagrun for example_trigger_target_dag to None, run_after=None
[2024-10-20T03:08:48.553+0000] {processor.py:179} INFO - Processing /home/airflow/.local/lib/python3.8/site-packages/airflow/example_dags/example_trigger_target_dag.py took 0.104 seconds
[2024-10-20T03:09:19.661+0000] {processor.py:157} INFO - Started process (PID=144) to work on /home/airflow/.local/lib/python3.8/site-packages/airflow/example_dags/example_trigger_target_dag.py
[2024-10-20T03:09:19.663+0000] {processor.py:829} INFO - Processing file /home/airflow/.local/lib/python3.8/site-packages/airflow/example_dags/example_trigger_target_dag.py for tasks to queue
[2024-10-20T03:09:19.669+0000] {logging_mixin.py:154} INFO - [2024-10-20T03:09:19.668+0000] {dagbag.py:536} INFO - Filling up the DagBag from /home/airflow/.local/lib/python3.8/site-packages/airflow/example_dags/example_trigger_target_dag.py
[2024-10-20T03:09:19.677+0000] {processor.py:839} INFO - DAG(s) dict_keys(['example_trigger_target_dag']) retrieved from /home/airflow/.local/lib/python3.8/site-packages/airflow/example_dags/example_trigger_target_dag.py
[2024-10-20T03:09:19.713+0000] {logging_mixin.py:154} INFO - [2024-10-20T03:09:19.712+0000] {dag.py:2941} INFO - Sync 1 DAGs
[2024-10-20T03:09:19.731+0000] {logging_mixin.py:154} INFO - [2024-10-20T03:09:19.731+0000] {dag.py:3722} INFO - Setting next_dagrun for example_trigger_target_dag to None, run_after=None
[2024-10-20T03:09:19.763+0000] {processor.py:179} INFO - Processing /home/airflow/.local/lib/python3.8/site-packages/airflow/example_dags/example_trigger_target_dag.py took 0.106 seconds
[2024-10-20T03:09:50.116+0000] {processor.py:157} INFO - Started process (PID=200) to work on /home/airflow/.local/lib/python3.8/site-packages/airflow/example_dags/example_trigger_target_dag.py
[2024-10-20T03:09:50.118+0000] {processor.py:829} INFO - Processing file /home/airflow/.local/lib/python3.8/site-packages/airflow/example_dags/example_trigger_target_dag.py for tasks to queue
[2024-10-20T03:09:50.120+0000] {logging_mixin.py:154} INFO - [2024-10-20T03:09:50.120+0000] {dagbag.py:536} INFO - Filling up the DagBag from /home/airflow/.local/lib/python3.8/site-packages/airflow/example_dags/example_trigger_target_dag.py
[2024-10-20T03:09:50.125+0000] {processor.py:839} INFO - DAG(s) dict_keys(['example_trigger_target_dag']) retrieved from /home/airflow/.local/lib/python3.8/site-packages/airflow/example_dags/example_trigger_target_dag.py
[2024-10-20T03:09:50.146+0000] {logging_mixin.py:154} INFO - [2024-10-20T03:09:50.146+0000] {dag.py:2941} INFO - Sync 1 DAGs
[2024-10-20T03:09:50.160+0000] {logging_mixin.py:154} INFO - [2024-10-20T03:09:50.159+0000] {dag.py:3722} INFO - Setting next_dagrun for example_trigger_target_dag to None, run_after=None
[2024-10-20T03:09:50.183+0000] {processor.py:179} INFO - Processing /home/airflow/.local/lib/python3.8/site-packages/airflow/example_dags/example_trigger_target_dag.py took 0.070 seconds
[2024-10-20T03:10:20.480+0000] {processor.py:157} INFO - Started process (PID=256) to work on /home/airflow/.local/lib/python3.8/site-packages/airflow/example_dags/example_trigger_target_dag.py
[2024-10-20T03:10:20.482+0000] {processor.py:829} INFO - Processing file /home/airflow/.local/lib/python3.8/site-packages/airflow/example_dags/example_trigger_target_dag.py for tasks to queue
[2024-10-20T03:10:20.484+0000] {logging_mixin.py:154} INFO - [2024-10-20T03:10:20.484+0000] {dagbag.py:536} INFO - Filling up the DagBag from /home/airflow/.local/lib/python3.8/site-packages/airflow/example_dags/example_trigger_target_dag.py
[2024-10-20T03:10:20.490+0000] {processor.py:839} INFO - DAG(s) dict_keys(['example_trigger_target_dag']) retrieved from /home/airflow/.local/lib/python3.8/site-packages/airflow/example_dags/example_trigger_target_dag.py
[2024-10-20T03:10:20.518+0000] {logging_mixin.py:154} INFO - [2024-10-20T03:10:20.517+0000] {dag.py:2941} INFO - Sync 1 DAGs
[2024-10-20T03:10:20.535+0000] {logging_mixin.py:154} INFO - [2024-10-20T03:10:20.535+0000] {dag.py:3722} INFO - Setting next_dagrun for example_trigger_target_dag to None, run_after=None
[2024-10-20T03:10:20.567+0000] {processor.py:179} INFO - Processing /home/airflow/.local/lib/python3.8/site-packages/airflow/example_dags/example_trigger_target_dag.py took 0.090 seconds
[2024-10-20T03:10:51.289+0000] {processor.py:157} INFO - Started process (PID=312) to work on /home/airflow/.local/lib/python3.8/site-packages/airflow/example_dags/example_trigger_target_dag.py
[2024-10-20T03:10:51.290+0000] {processor.py:829} INFO - Processing file /home/airflow/.local/lib/python3.8/site-packages/airflow/example_dags/example_trigger_target_dag.py for tasks to queue
[2024-10-20T03:10:51.293+0000] {logging_mixin.py:154} INFO - [2024-10-20T03:10:51.293+0000] {dagbag.py:536} INFO - Filling up the DagBag from /home/airflow/.local/lib/python3.8/site-packages/airflow/example_dags/example_trigger_target_dag.py
[2024-10-20T03:10:51.301+0000] {processor.py:839} INFO - DAG(s) dict_keys(['example_trigger_target_dag']) retrieved from /home/airflow/.local/lib/python3.8/site-packages/airflow/example_dags/example_trigger_target_dag.py
[2024-10-20T03:10:51.344+0000] {logging_mixin.py:154} INFO - [2024-10-20T03:10:51.344+0000] {dag.py:2941} INFO - Sync 1 DAGs
[2024-10-20T03:10:51.382+0000] {logging_mixin.py:154} INFO - [2024-10-20T03:10:51.381+0000] {dag.py:3722} INFO - Setting next_dagrun for example_trigger_target_dag to None, run_after=None
[2024-10-20T03:10:51.426+0000] {processor.py:179} INFO - Processing /home/airflow/.local/lib/python3.8/site-packages/airflow/example_dags/example_trigger_target_dag.py took 0.141 seconds
[2024-10-20T03:11:22.376+0000] {processor.py:157} INFO - Started process (PID=368) to work on /home/airflow/.local/lib/python3.8/site-packages/airflow/example_dags/example_trigger_target_dag.py
[2024-10-20T03:11:22.377+0000] {processor.py:829} INFO - Processing file /home/airflow/.local/lib/python3.8/site-packages/airflow/example_dags/example_trigger_target_dag.py for tasks to queue
[2024-10-20T03:11:22.379+0000] {logging_mixin.py:154} INFO - [2024-10-20T03:11:22.379+0000] {dagbag.py:536} INFO - Filling up the DagBag from /home/airflow/.local/lib/python3.8/site-packages/airflow/example_dags/example_trigger_target_dag.py
[2024-10-20T03:11:22.385+0000] {processor.py:839} INFO - DAG(s) dict_keys(['example_trigger_target_dag']) retrieved from /home/airflow/.local/lib/python3.8/site-packages/airflow/example_dags/example_trigger_target_dag.py
[2024-10-20T03:11:22.406+0000] {logging_mixin.py:154} INFO - [2024-10-20T03:11:22.406+0000] {dag.py:2941} INFO - Sync 1 DAGs
[2024-10-20T03:11:22.422+0000] {logging_mixin.py:154} INFO - [2024-10-20T03:11:22.422+0000] {dag.py:3722} INFO - Setting next_dagrun for example_trigger_target_dag to None, run_after=None
[2024-10-20T03:11:22.447+0000] {processor.py:179} INFO - Processing /home/airflow/.local/lib/python3.8/site-packages/airflow/example_dags/example_trigger_target_dag.py took 0.074 seconds
[2024-10-20T03:11:53.532+0000] {processor.py:157} INFO - Started process (PID=424) to work on /home/airflow/.local/lib/python3.8/site-packages/airflow/example_dags/example_trigger_target_dag.py
[2024-10-20T03:11:53.533+0000] {processor.py:829} INFO - Processing file /home/airflow/.local/lib/python3.8/site-packages/airflow/example_dags/example_trigger_target_dag.py for tasks to queue
[2024-10-20T03:11:53.535+0000] {logging_mixin.py:154} INFO - [2024-10-20T03:11:53.535+0000] {dagbag.py:536} INFO - Filling up the DagBag from /home/airflow/.local/lib/python3.8/site-packages/airflow/example_dags/example_trigger_target_dag.py
[2024-10-20T03:11:53.540+0000] {processor.py:839} INFO - DAG(s) dict_keys(['example_trigger_target_dag']) retrieved from /home/airflow/.local/lib/python3.8/site-packages/airflow/example_dags/example_trigger_target_dag.py
[2024-10-20T03:11:53.561+0000] {logging_mixin.py:154} INFO - [2024-10-20T03:11:53.561+0000] {dag.py:2941} INFO - Sync 1 DAGs
[2024-10-20T03:11:53.576+0000] {logging_mixin.py:154} INFO - [2024-10-20T03:11:53.576+0000] {dag.py:3722} INFO - Setting next_dagrun for example_trigger_target_dag to None, run_after=None
[2024-10-20T03:11:53.600+0000] {processor.py:179} INFO - Processing /home/airflow/.local/lib/python3.8/site-packages/airflow/example_dags/example_trigger_target_dag.py took 0.071 seconds
[2024-10-20T03:12:23.663+0000] {processor.py:157} INFO - Started process (PID=478) to work on /home/airflow/.local/lib/python3.8/site-packages/airflow/example_dags/example_trigger_target_dag.py
[2024-10-20T03:12:23.664+0000] {processor.py:829} INFO - Processing file /home/airflow/.local/lib/python3.8/site-packages/airflow/example_dags/example_trigger_target_dag.py for tasks to queue
[2024-10-20T03:12:23.666+0000] {logging_mixin.py:154} INFO - [2024-10-20T03:12:23.666+0000] {dagbag.py:536} INFO - Filling up the DagBag from /home/airflow/.local/lib/python3.8/site-packages/airflow/example_dags/example_trigger_target_dag.py
[2024-10-20T03:12:23.672+0000] {processor.py:839} INFO - DAG(s) dict_keys(['example_trigger_target_dag']) retrieved from /home/airflow/.local/lib/python3.8/site-packages/airflow/example_dags/example_trigger_target_dag.py
[2024-10-20T03:12:23.695+0000] {logging_mixin.py:154} INFO - [2024-10-20T03:12:23.695+0000] {dag.py:2941} INFO - Sync 1 DAGs
[2024-10-20T03:12:23.709+0000] {logging_mixin.py:154} INFO - [2024-10-20T03:12:23.709+0000] {dag.py:3722} INFO - Setting next_dagrun for example_trigger_target_dag to None, run_after=None
[2024-10-20T03:12:23.730+0000] {processor.py:179} INFO - Processing /home/airflow/.local/lib/python3.8/site-packages/airflow/example_dags/example_trigger_target_dag.py took 0.069 seconds
[2024-10-20T03:12:54.285+0000] {processor.py:157} INFO - Started process (PID=534) to work on /home/airflow/.local/lib/python3.8/site-packages/airflow/example_dags/example_trigger_target_dag.py
[2024-10-20T03:12:54.286+0000] {processor.py:829} INFO - Processing file /home/airflow/.local/lib/python3.8/site-packages/airflow/example_dags/example_trigger_target_dag.py for tasks to queue
[2024-10-20T03:12:54.289+0000] {logging_mixin.py:154} INFO - [2024-10-20T03:12:54.288+0000] {dagbag.py:536} INFO - Filling up the DagBag from /home/airflow/.local/lib/python3.8/site-packages/airflow/example_dags/example_trigger_target_dag.py
[2024-10-20T03:12:54.294+0000] {processor.py:839} INFO - DAG(s) dict_keys(['example_trigger_target_dag']) retrieved from /home/airflow/.local/lib/python3.8/site-packages/airflow/example_dags/example_trigger_target_dag.py
[2024-10-20T03:12:54.316+0000] {logging_mixin.py:154} INFO - [2024-10-20T03:12:54.316+0000] {dag.py:2941} INFO - Sync 1 DAGs
[2024-10-20T03:12:54.329+0000] {logging_mixin.py:154} INFO - [2024-10-20T03:12:54.329+0000] {dag.py:3722} INFO - Setting next_dagrun for example_trigger_target_dag to None, run_after=None
[2024-10-20T03:12:54.355+0000] {processor.py:179} INFO - Processing /home/airflow/.local/lib/python3.8/site-packages/airflow/example_dags/example_trigger_target_dag.py took 0.073 seconds
[2024-10-20T03:13:24.868+0000] {processor.py:157} INFO - Started process (PID=590) to work on /home/airflow/.local/lib/python3.8/site-packages/airflow/example_dags/example_trigger_target_dag.py
[2024-10-20T03:13:24.869+0000] {processor.py:829} INFO - Processing file /home/airflow/.local/lib/python3.8/site-packages/airflow/example_dags/example_trigger_target_dag.py for tasks to queue
[2024-10-20T03:13:24.873+0000] {logging_mixin.py:154} INFO - [2024-10-20T03:13:24.873+0000] {dagbag.py:536} INFO - Filling up the DagBag from /home/airflow/.local/lib/python3.8/site-packages/airflow/example_dags/example_trigger_target_dag.py
[2024-10-20T03:13:24.880+0000] {processor.py:839} INFO - DAG(s) dict_keys(['example_trigger_target_dag']) retrieved from /home/airflow/.local/lib/python3.8/site-packages/airflow/example_dags/example_trigger_target_dag.py
[2024-10-20T03:13:24.907+0000] {logging_mixin.py:154} INFO - [2024-10-20T03:13:24.907+0000] {dag.py:2941} INFO - Sync 1 DAGs
[2024-10-20T03:13:24.927+0000] {logging_mixin.py:154} INFO - [2024-10-20T03:13:24.926+0000] {dag.py:3722} INFO - Setting next_dagrun for example_trigger_target_dag to None, run_after=None
[2024-10-20T03:13:24.963+0000] {processor.py:179} INFO - Processing /home/airflow/.local/lib/python3.8/site-packages/airflow/example_dags/example_trigger_target_dag.py took 0.100 seconds
[2024-10-20T03:13:55.338+0000] {processor.py:157} INFO - Started process (PID=646) to work on /home/airflow/.local/lib/python3.8/site-packages/airflow/example_dags/example_trigger_target_dag.py
[2024-10-20T03:13:55.339+0000] {processor.py:829} INFO - Processing file /home/airflow/.local/lib/python3.8/site-packages/airflow/example_dags/example_trigger_target_dag.py for tasks to queue
[2024-10-20T03:13:55.341+0000] {logging_mixin.py:154} INFO - [2024-10-20T03:13:55.340+0000] {dagbag.py:536} INFO - Filling up the DagBag from /home/airflow/.local/lib/python3.8/site-packages/airflow/example_dags/example_trigger_target_dag.py
[2024-10-20T03:13:55.346+0000] {processor.py:839} INFO - DAG(s) dict_keys(['example_trigger_target_dag']) retrieved from /home/airflow/.local/lib/python3.8/site-packages/airflow/example_dags/example_trigger_target_dag.py
[2024-10-20T03:13:55.369+0000] {logging_mixin.py:154} INFO - [2024-10-20T03:13:55.368+0000] {dag.py:2941} INFO - Sync 1 DAGs
[2024-10-20T03:13:55.383+0000] {logging_mixin.py:154} INFO - [2024-10-20T03:13:55.383+0000] {dag.py:3722} INFO - Setting next_dagrun for example_trigger_target_dag to None, run_after=None
[2024-10-20T03:13:55.408+0000] {processor.py:179} INFO - Processing /home/airflow/.local/lib/python3.8/site-packages/airflow/example_dags/example_trigger_target_dag.py took 0.075 seconds
[2024-10-20T03:14:25.746+0000] {processor.py:157} INFO - Started process (PID=702) to work on /home/airflow/.local/lib/python3.8/site-packages/airflow/example_dags/example_trigger_target_dag.py
[2024-10-20T03:14:25.747+0000] {processor.py:829} INFO - Processing file /home/airflow/.local/lib/python3.8/site-packages/airflow/example_dags/example_trigger_target_dag.py for tasks to queue
[2024-10-20T03:14:25.750+0000] {logging_mixin.py:154} INFO - [2024-10-20T03:14:25.750+0000] {dagbag.py:536} INFO - Filling up the DagBag from /home/airflow/.local/lib/python3.8/site-packages/airflow/example_dags/example_trigger_target_dag.py
[2024-10-20T03:14:25.756+0000] {processor.py:839} INFO - DAG(s) dict_keys(['example_trigger_target_dag']) retrieved from /home/airflow/.local/lib/python3.8/site-packages/airflow/example_dags/example_trigger_target_dag.py
[2024-10-20T03:14:25.777+0000] {logging_mixin.py:154} INFO - [2024-10-20T03:14:25.777+0000] {dag.py:2941} INFO - Sync 1 DAGs
[2024-10-20T03:14:25.791+0000] {logging_mixin.py:154} INFO - [2024-10-20T03:14:25.791+0000] {dag.py:3722} INFO - Setting next_dagrun for example_trigger_target_dag to None, run_after=None
[2024-10-20T03:14:25.818+0000] {processor.py:179} INFO - Processing /home/airflow/.local/lib/python3.8/site-packages/airflow/example_dags/example_trigger_target_dag.py took 0.075 seconds
[2024-10-20T03:14:55.954+0000] {processor.py:157} INFO - Started process (PID=758) to work on /home/airflow/.local/lib/python3.8/site-packages/airflow/example_dags/example_trigger_target_dag.py
[2024-10-20T03:14:55.955+0000] {processor.py:829} INFO - Processing file /home/airflow/.local/lib/python3.8/site-packages/airflow/example_dags/example_trigger_target_dag.py for tasks to queue
[2024-10-20T03:14:55.958+0000] {logging_mixin.py:154} INFO - [2024-10-20T03:14:55.957+0000] {dagbag.py:536} INFO - Filling up the DagBag from /home/airflow/.local/lib/python3.8/site-packages/airflow/example_dags/example_trigger_target_dag.py
[2024-10-20T03:14:55.963+0000] {processor.py:839} INFO - DAG(s) dict_keys(['example_trigger_target_dag']) retrieved from /home/airflow/.local/lib/python3.8/site-packages/airflow/example_dags/example_trigger_target_dag.py
[2024-10-20T03:14:55.984+0000] {logging_mixin.py:154} INFO - [2024-10-20T03:14:55.984+0000] {dag.py:2941} INFO - Sync 1 DAGs
[2024-10-20T03:14:55.997+0000] {logging_mixin.py:154} INFO - [2024-10-20T03:14:55.997+0000] {dag.py:3722} INFO - Setting next_dagrun for example_trigger_target_dag to None, run_after=None
[2024-10-20T03:14:56.021+0000] {processor.py:179} INFO - Processing /home/airflow/.local/lib/python3.8/site-packages/airflow/example_dags/example_trigger_target_dag.py took 0.070 seconds
[2024-10-20T03:15:26.702+0000] {processor.py:157} INFO - Started process (PID=814) to work on /home/airflow/.local/lib/python3.8/site-packages/airflow/example_dags/example_trigger_target_dag.py
[2024-10-20T03:15:26.703+0000] {processor.py:829} INFO - Processing file /home/airflow/.local/lib/python3.8/site-packages/airflow/example_dags/example_trigger_target_dag.py for tasks to queue
[2024-10-20T03:15:26.705+0000] {logging_mixin.py:154} INFO - [2024-10-20T03:15:26.705+0000] {dagbag.py:536} INFO - Filling up the DagBag from /home/airflow/.local/lib/python3.8/site-packages/airflow/example_dags/example_trigger_target_dag.py
[2024-10-20T03:15:26.711+0000] {processor.py:839} INFO - DAG(s) dict_keys(['example_trigger_target_dag']) retrieved from /home/airflow/.local/lib/python3.8/site-packages/airflow/example_dags/example_trigger_target_dag.py
[2024-10-20T03:15:26.733+0000] {logging_mixin.py:154} INFO - [2024-10-20T03:15:26.733+0000] {dag.py:2941} INFO - Sync 1 DAGs
[2024-10-20T03:15:26.747+0000] {logging_mixin.py:154} INFO - [2024-10-20T03:15:26.747+0000] {dag.py:3722} INFO - Setting next_dagrun for example_trigger_target_dag to None, run_after=None
[2024-10-20T03:15:26.772+0000] {processor.py:179} INFO - Processing /home/airflow/.local/lib/python3.8/site-packages/airflow/example_dags/example_trigger_target_dag.py took 0.073 seconds
[2024-10-20T03:15:57.466+0000] {processor.py:157} INFO - Started process (PID=870) to work on /home/airflow/.local/lib/python3.8/site-packages/airflow/example_dags/example_trigger_target_dag.py
[2024-10-20T03:15:57.468+0000] {processor.py:829} INFO - Processing file /home/airflow/.local/lib/python3.8/site-packages/airflow/example_dags/example_trigger_target_dag.py for tasks to queue
[2024-10-20T03:15:57.470+0000] {logging_mixin.py:154} INFO - [2024-10-20T03:15:57.470+0000] {dagbag.py:536} INFO - Filling up the DagBag from /home/airflow/.local/lib/python3.8/site-packages/airflow/example_dags/example_trigger_target_dag.py
[2024-10-20T03:15:57.476+0000] {processor.py:839} INFO - DAG(s) dict_keys(['example_trigger_target_dag']) retrieved from /home/airflow/.local/lib/python3.8/site-packages/airflow/example_dags/example_trigger_target_dag.py
[2024-10-20T03:15:57.498+0000] {logging_mixin.py:154} INFO - [2024-10-20T03:15:57.498+0000] {dag.py:2941} INFO - Sync 1 DAGs
[2024-10-20T03:15:57.512+0000] {logging_mixin.py:154} INFO - [2024-10-20T03:15:57.512+0000] {dag.py:3722} INFO - Setting next_dagrun for example_trigger_target_dag to None, run_after=None
[2024-10-20T03:15:57.537+0000] {processor.py:179} INFO - Processing /home/airflow/.local/lib/python3.8/site-packages/airflow/example_dags/example_trigger_target_dag.py took 0.073 seconds
[2024-10-20T03:16:28.109+0000] {processor.py:157} INFO - Started process (PID=926) to work on /home/airflow/.local/lib/python3.8/site-packages/airflow/example_dags/example_trigger_target_dag.py
[2024-10-20T03:16:28.110+0000] {processor.py:829} INFO - Processing file /home/airflow/.local/lib/python3.8/site-packages/airflow/example_dags/example_trigger_target_dag.py for tasks to queue
[2024-10-20T03:16:28.112+0000] {logging_mixin.py:154} INFO - [2024-10-20T03:16:28.112+0000] {dagbag.py:536} INFO - Filling up the DagBag from /home/airflow/.local/lib/python3.8/site-packages/airflow/example_dags/example_trigger_target_dag.py
[2024-10-20T03:16:28.118+0000] {processor.py:839} INFO - DAG(s) dict_keys(['example_trigger_target_dag']) retrieved from /home/airflow/.local/lib/python3.8/site-packages/airflow/example_dags/example_trigger_target_dag.py
[2024-10-20T03:16:28.141+0000] {logging_mixin.py:154} INFO - [2024-10-20T03:16:28.141+0000] {dag.py:2941} INFO - Sync 1 DAGs
[2024-10-20T03:16:28.154+0000] {logging_mixin.py:154} INFO - [2024-10-20T03:16:28.154+0000] {dag.py:3722} INFO - Setting next_dagrun for example_trigger_target_dag to None, run_after=None
[2024-10-20T03:16:28.179+0000] {processor.py:179} INFO - Processing /home/airflow/.local/lib/python3.8/site-packages/airflow/example_dags/example_trigger_target_dag.py took 0.074 seconds
[2024-10-20T03:16:58.537+0000] {processor.py:157} INFO - Started process (PID=982) to work on /home/airflow/.local/lib/python3.8/site-packages/airflow/example_dags/example_trigger_target_dag.py
[2024-10-20T03:16:58.538+0000] {processor.py:829} INFO - Processing file /home/airflow/.local/lib/python3.8/site-packages/airflow/example_dags/example_trigger_target_dag.py for tasks to queue
[2024-10-20T03:16:58.541+0000] {logging_mixin.py:154} INFO - [2024-10-20T03:16:58.541+0000] {dagbag.py:536} INFO - Filling up the DagBag from /home/airflow/.local/lib/python3.8/site-packages/airflow/example_dags/example_trigger_target_dag.py
[2024-10-20T03:16:58.547+0000] {processor.py:839} INFO - DAG(s) dict_keys(['example_trigger_target_dag']) retrieved from /home/airflow/.local/lib/python3.8/site-packages/airflow/example_dags/example_trigger_target_dag.py
[2024-10-20T03:16:58.571+0000] {logging_mixin.py:154} INFO - [2024-10-20T03:16:58.571+0000] {dag.py:2941} INFO - Sync 1 DAGs
[2024-10-20T03:16:58.585+0000] {logging_mixin.py:154} INFO - [2024-10-20T03:16:58.585+0000] {dag.py:3722} INFO - Setting next_dagrun for example_trigger_target_dag to None, run_after=None
[2024-10-20T03:16:58.608+0000] {processor.py:179} INFO - Processing /home/airflow/.local/lib/python3.8/site-packages/airflow/example_dags/example_trigger_target_dag.py took 0.075 seconds
[2024-10-20T03:17:29.034+0000] {processor.py:157} INFO - Started process (PID=1038) to work on /home/airflow/.local/lib/python3.8/site-packages/airflow/example_dags/example_trigger_target_dag.py
[2024-10-20T03:17:29.036+0000] {processor.py:829} INFO - Processing file /home/airflow/.local/lib/python3.8/site-packages/airflow/example_dags/example_trigger_target_dag.py for tasks to queue
[2024-10-20T03:17:29.038+0000] {logging_mixin.py:154} INFO - [2024-10-20T03:17:29.037+0000] {dagbag.py:536} INFO - Filling up the DagBag from /home/airflow/.local/lib/python3.8/site-packages/airflow/example_dags/example_trigger_target_dag.py
[2024-10-20T03:17:29.043+0000] {processor.py:839} INFO - DAG(s) dict_keys(['example_trigger_target_dag']) retrieved from /home/airflow/.local/lib/python3.8/site-packages/airflow/example_dags/example_trigger_target_dag.py
[2024-10-20T03:17:29.064+0000] {logging_mixin.py:154} INFO - [2024-10-20T03:17:29.064+0000] {dag.py:2941} INFO - Sync 1 DAGs
[2024-10-20T03:17:29.077+0000] {logging_mixin.py:154} INFO - [2024-10-20T03:17:29.076+0000] {dag.py:3722} INFO - Setting next_dagrun for example_trigger_target_dag to None, run_after=None
[2024-10-20T03:17:29.100+0000] {processor.py:179} INFO - Processing /home/airflow/.local/lib/python3.8/site-packages/airflow/example_dags/example_trigger_target_dag.py took 0.068 seconds
