[2024-10-20T02:46:20.124+0000] {processor.py:157} INFO - Started process (PID=105) to work on /home/airflow/.local/lib/python3.8/site-packages/airflow/example_dags/example_sla_dag.py
[2024-10-20T02:46:20.125+0000] {processor.py:829} INFO - Processing file /home/airflow/.local/lib/python3.8/site-packages/airflow/example_dags/example_sla_dag.py for tasks to queue
[2024-10-20T02:46:20.131+0000] {logging_mixin.py:154} INFO - [2024-10-20T02:46:20.130+0000] {dagbag.py:536} INFO - Filling up the DagBag from /home/airflow/.local/lib/python3.8/site-packages/airflow/example_dags/example_sla_dag.py
[2024-10-20T02:46:20.152+0000] {processor.py:839} INFO - DAG(s) dict_keys(['example_sla_dag']) retrieved from /home/airflow/.local/lib/python3.8/site-packages/airflow/example_dags/example_sla_dag.py
[2024-10-20T02:46:20.196+0000] {logging_mixin.py:154} INFO - [2024-10-20T02:46:20.196+0000] {dag.py:2941} INFO - Sync 1 DAGs
[2024-10-20T02:46:20.248+0000] {logging_mixin.py:154} INFO - [2024-10-20T02:46:20.247+0000] {dag.py:3722} INFO - Setting next_dagrun for example_sla_dag to 2024-10-20T02:44:00+00:00, run_after=2024-10-20T02:46:00+00:00
[2024-10-20T02:46:20.287+0000] {processor.py:179} INFO - Processing /home/airflow/.local/lib/python3.8/site-packages/airflow/example_dags/example_sla_dag.py took 0.169 seconds
[2024-10-20T02:46:51.113+0000] {processor.py:157} INFO - Started process (PID=161) to work on /home/airflow/.local/lib/python3.8/site-packages/airflow/example_dags/example_sla_dag.py
[2024-10-20T02:46:51.115+0000] {processor.py:829} INFO - Processing file /home/airflow/.local/lib/python3.8/site-packages/airflow/example_dags/example_sla_dag.py for tasks to queue
[2024-10-20T02:46:51.117+0000] {logging_mixin.py:154} INFO - [2024-10-20T02:46:51.117+0000] {dagbag.py:536} INFO - Filling up the DagBag from /home/airflow/.local/lib/python3.8/site-packages/airflow/example_dags/example_sla_dag.py
[2024-10-20T02:46:51.126+0000] {processor.py:839} INFO - DAG(s) dict_keys(['example_sla_dag']) retrieved from /home/airflow/.local/lib/python3.8/site-packages/airflow/example_dags/example_sla_dag.py
[2024-10-20T02:46:51.146+0000] {logging_mixin.py:154} INFO - [2024-10-20T02:46:51.146+0000] {dag.py:2941} INFO - Sync 1 DAGs
[2024-10-20T02:46:51.173+0000] {logging_mixin.py:154} INFO - [2024-10-20T02:46:51.173+0000] {dag.py:3722} INFO - Setting next_dagrun for example_sla_dag to 2024-10-20T02:44:00+00:00, run_after=2024-10-20T02:46:00+00:00
[2024-10-20T02:46:51.195+0000] {processor.py:179} INFO - Processing /home/airflow/.local/lib/python3.8/site-packages/airflow/example_dags/example_sla_dag.py took 0.085 seconds
[2024-10-20T02:47:21.965+0000] {processor.py:157} INFO - Started process (PID=217) to work on /home/airflow/.local/lib/python3.8/site-packages/airflow/example_dags/example_sla_dag.py
[2024-10-20T02:47:21.966+0000] {processor.py:829} INFO - Processing file /home/airflow/.local/lib/python3.8/site-packages/airflow/example_dags/example_sla_dag.py for tasks to queue
[2024-10-20T02:47:21.969+0000] {logging_mixin.py:154} INFO - [2024-10-20T02:47:21.968+0000] {dagbag.py:536} INFO - Filling up the DagBag from /home/airflow/.local/lib/python3.8/site-packages/airflow/example_dags/example_sla_dag.py
[2024-10-20T02:47:21.977+0000] {processor.py:839} INFO - DAG(s) dict_keys(['example_sla_dag']) retrieved from /home/airflow/.local/lib/python3.8/site-packages/airflow/example_dags/example_sla_dag.py
[2024-10-20T02:47:21.998+0000] {logging_mixin.py:154} INFO - [2024-10-20T02:47:21.998+0000] {dag.py:2941} INFO - Sync 1 DAGs
[2024-10-20T02:47:22.031+0000] {logging_mixin.py:154} INFO - [2024-10-20T02:47:22.031+0000] {dag.py:3722} INFO - Setting next_dagrun for example_sla_dag to 2024-10-20T02:44:00+00:00, run_after=2024-10-20T02:46:00+00:00
[2024-10-20T02:47:22.064+0000] {processor.py:179} INFO - Processing /home/airflow/.local/lib/python3.8/site-packages/airflow/example_dags/example_sla_dag.py took 0.102 seconds
[2024-10-20T02:47:52.698+0000] {processor.py:157} INFO - Started process (PID=273) to work on /home/airflow/.local/lib/python3.8/site-packages/airflow/example_dags/example_sla_dag.py
[2024-10-20T02:47:52.700+0000] {processor.py:829} INFO - Processing file /home/airflow/.local/lib/python3.8/site-packages/airflow/example_dags/example_sla_dag.py for tasks to queue
[2024-10-20T02:47:52.703+0000] {logging_mixin.py:154} INFO - [2024-10-20T02:47:52.702+0000] {dagbag.py:536} INFO - Filling up the DagBag from /home/airflow/.local/lib/python3.8/site-packages/airflow/example_dags/example_sla_dag.py
[2024-10-20T02:47:52.713+0000] {processor.py:839} INFO - DAG(s) dict_keys(['example_sla_dag']) retrieved from /home/airflow/.local/lib/python3.8/site-packages/airflow/example_dags/example_sla_dag.py
[2024-10-20T02:47:52.739+0000] {logging_mixin.py:154} INFO - [2024-10-20T02:47:52.739+0000] {dag.py:2941} INFO - Sync 1 DAGs
[2024-10-20T02:47:52.774+0000] {logging_mixin.py:154} INFO - [2024-10-20T02:47:52.774+0000] {dag.py:3722} INFO - Setting next_dagrun for example_sla_dag to 2024-10-20T02:44:00+00:00, run_after=2024-10-20T02:46:00+00:00
[2024-10-20T02:47:52.799+0000] {processor.py:179} INFO - Processing /home/airflow/.local/lib/python3.8/site-packages/airflow/example_dags/example_sla_dag.py took 0.105 seconds
[2024-10-20T02:48:22.868+0000] {processor.py:157} INFO - Started process (PID=329) to work on /home/airflow/.local/lib/python3.8/site-packages/airflow/example_dags/example_sla_dag.py
[2024-10-20T02:48:22.869+0000] {processor.py:829} INFO - Processing file /home/airflow/.local/lib/python3.8/site-packages/airflow/example_dags/example_sla_dag.py for tasks to queue
[2024-10-20T02:48:22.871+0000] {logging_mixin.py:154} INFO - [2024-10-20T02:48:22.870+0000] {dagbag.py:536} INFO - Filling up the DagBag from /home/airflow/.local/lib/python3.8/site-packages/airflow/example_dags/example_sla_dag.py
[2024-10-20T02:48:22.879+0000] {processor.py:839} INFO - DAG(s) dict_keys(['example_sla_dag']) retrieved from /home/airflow/.local/lib/python3.8/site-packages/airflow/example_dags/example_sla_dag.py
[2024-10-20T02:48:22.904+0000] {logging_mixin.py:154} INFO - [2024-10-20T02:48:22.903+0000] {dag.py:2941} INFO - Sync 1 DAGs
[2024-10-20T02:48:22.933+0000] {logging_mixin.py:154} INFO - [2024-10-20T02:48:22.933+0000] {dag.py:3722} INFO - Setting next_dagrun for example_sla_dag to 2024-10-20T02:46:00+00:00, run_after=2024-10-20T02:48:00+00:00
[2024-10-20T02:48:22.958+0000] {processor.py:179} INFO - Processing /home/airflow/.local/lib/python3.8/site-packages/airflow/example_dags/example_sla_dag.py took 0.094 seconds
[2024-10-20T02:48:54.052+0000] {processor.py:157} INFO - Started process (PID=385) to work on /home/airflow/.local/lib/python3.8/site-packages/airflow/example_dags/example_sla_dag.py
[2024-10-20T02:48:54.053+0000] {processor.py:829} INFO - Processing file /home/airflow/.local/lib/python3.8/site-packages/airflow/example_dags/example_sla_dag.py for tasks to queue
[2024-10-20T02:48:54.055+0000] {logging_mixin.py:154} INFO - [2024-10-20T02:48:54.055+0000] {dagbag.py:536} INFO - Filling up the DagBag from /home/airflow/.local/lib/python3.8/site-packages/airflow/example_dags/example_sla_dag.py
[2024-10-20T02:48:54.065+0000] {processor.py:839} INFO - DAG(s) dict_keys(['example_sla_dag']) retrieved from /home/airflow/.local/lib/python3.8/site-packages/airflow/example_dags/example_sla_dag.py
[2024-10-20T02:48:54.089+0000] {logging_mixin.py:154} INFO - [2024-10-20T02:48:54.089+0000] {dag.py:2941} INFO - Sync 1 DAGs
[2024-10-20T02:48:54.117+0000] {logging_mixin.py:154} INFO - [2024-10-20T02:48:54.117+0000] {dag.py:3722} INFO - Setting next_dagrun for example_sla_dag to 2024-10-20T02:46:00+00:00, run_after=2024-10-20T02:48:00+00:00
[2024-10-20T02:48:54.141+0000] {processor.py:179} INFO - Processing /home/airflow/.local/lib/python3.8/site-packages/airflow/example_dags/example_sla_dag.py took 0.091 seconds
[2024-10-20T02:49:24.850+0000] {processor.py:157} INFO - Started process (PID=441) to work on /home/airflow/.local/lib/python3.8/site-packages/airflow/example_dags/example_sla_dag.py
[2024-10-20T02:49:24.851+0000] {processor.py:829} INFO - Processing file /home/airflow/.local/lib/python3.8/site-packages/airflow/example_dags/example_sla_dag.py for tasks to queue
[2024-10-20T02:49:24.853+0000] {logging_mixin.py:154} INFO - [2024-10-20T02:49:24.853+0000] {dagbag.py:536} INFO - Filling up the DagBag from /home/airflow/.local/lib/python3.8/site-packages/airflow/example_dags/example_sla_dag.py
[2024-10-20T02:49:24.861+0000] {processor.py:839} INFO - DAG(s) dict_keys(['example_sla_dag']) retrieved from /home/airflow/.local/lib/python3.8/site-packages/airflow/example_dags/example_sla_dag.py
[2024-10-20T02:49:24.880+0000] {logging_mixin.py:154} INFO - [2024-10-20T02:49:24.880+0000] {dag.py:2941} INFO - Sync 1 DAGs
[2024-10-20T02:49:24.904+0000] {logging_mixin.py:154} INFO - [2024-10-20T02:49:24.904+0000] {dag.py:3722} INFO - Setting next_dagrun for example_sla_dag to 2024-10-20T02:46:00+00:00, run_after=2024-10-20T02:48:00+00:00
[2024-10-20T02:49:24.926+0000] {processor.py:179} INFO - Processing /home/airflow/.local/lib/python3.8/site-packages/airflow/example_dags/example_sla_dag.py took 0.079 seconds
[2024-10-20T02:49:55.365+0000] {processor.py:157} INFO - Started process (PID=497) to work on /home/airflow/.local/lib/python3.8/site-packages/airflow/example_dags/example_sla_dag.py
[2024-10-20T02:49:55.366+0000] {processor.py:829} INFO - Processing file /home/airflow/.local/lib/python3.8/site-packages/airflow/example_dags/example_sla_dag.py for tasks to queue
[2024-10-20T02:49:55.368+0000] {logging_mixin.py:154} INFO - [2024-10-20T02:49:55.368+0000] {dagbag.py:536} INFO - Filling up the DagBag from /home/airflow/.local/lib/python3.8/site-packages/airflow/example_dags/example_sla_dag.py
[2024-10-20T02:49:55.377+0000] {processor.py:839} INFO - DAG(s) dict_keys(['example_sla_dag']) retrieved from /home/airflow/.local/lib/python3.8/site-packages/airflow/example_dags/example_sla_dag.py
[2024-10-20T02:49:55.398+0000] {logging_mixin.py:154} INFO - [2024-10-20T02:49:55.397+0000] {dag.py:2941} INFO - Sync 1 DAGs
[2024-10-20T02:49:55.424+0000] {logging_mixin.py:154} INFO - [2024-10-20T02:49:55.424+0000] {dag.py:3722} INFO - Setting next_dagrun for example_sla_dag to 2024-10-20T02:46:00+00:00, run_after=2024-10-20T02:48:00+00:00
[2024-10-20T02:49:55.447+0000] {processor.py:179} INFO - Processing /home/airflow/.local/lib/python3.8/site-packages/airflow/example_dags/example_sla_dag.py took 0.085 seconds
[2024-10-20T02:50:25.959+0000] {processor.py:157} INFO - Started process (PID=553) to work on /home/airflow/.local/lib/python3.8/site-packages/airflow/example_dags/example_sla_dag.py
[2024-10-20T02:50:25.960+0000] {processor.py:829} INFO - Processing file /home/airflow/.local/lib/python3.8/site-packages/airflow/example_dags/example_sla_dag.py for tasks to queue
[2024-10-20T02:50:25.963+0000] {logging_mixin.py:154} INFO - [2024-10-20T02:50:25.962+0000] {dagbag.py:536} INFO - Filling up the DagBag from /home/airflow/.local/lib/python3.8/site-packages/airflow/example_dags/example_sla_dag.py
[2024-10-20T02:50:25.971+0000] {processor.py:839} INFO - DAG(s) dict_keys(['example_sla_dag']) retrieved from /home/airflow/.local/lib/python3.8/site-packages/airflow/example_dags/example_sla_dag.py
[2024-10-20T02:50:25.993+0000] {logging_mixin.py:154} INFO - [2024-10-20T02:50:25.992+0000] {dag.py:2941} INFO - Sync 1 DAGs
[2024-10-20T02:50:26.020+0000] {logging_mixin.py:154} INFO - [2024-10-20T02:50:26.019+0000] {dag.py:3722} INFO - Setting next_dagrun for example_sla_dag to 2024-10-20T02:48:00+00:00, run_after=2024-10-20T02:50:00+00:00
[2024-10-20T02:50:26.044+0000] {processor.py:179} INFO - Processing /home/airflow/.local/lib/python3.8/site-packages/airflow/example_dags/example_sla_dag.py took 0.089 seconds
[2024-10-20T02:50:57.162+0000] {processor.py:157} INFO - Started process (PID=609) to work on /home/airflow/.local/lib/python3.8/site-packages/airflow/example_dags/example_sla_dag.py
[2024-10-20T02:50:57.163+0000] {processor.py:829} INFO - Processing file /home/airflow/.local/lib/python3.8/site-packages/airflow/example_dags/example_sla_dag.py for tasks to queue
[2024-10-20T02:50:57.166+0000] {logging_mixin.py:154} INFO - [2024-10-20T02:50:57.165+0000] {dagbag.py:536} INFO - Filling up the DagBag from /home/airflow/.local/lib/python3.8/site-packages/airflow/example_dags/example_sla_dag.py
[2024-10-20T02:50:57.175+0000] {processor.py:839} INFO - DAG(s) dict_keys(['example_sla_dag']) retrieved from /home/airflow/.local/lib/python3.8/site-packages/airflow/example_dags/example_sla_dag.py
[2024-10-20T02:50:57.199+0000] {logging_mixin.py:154} INFO - [2024-10-20T02:50:57.199+0000] {dag.py:2941} INFO - Sync 1 DAGs
[2024-10-20T02:50:57.229+0000] {logging_mixin.py:154} INFO - [2024-10-20T02:50:57.229+0000] {dag.py:3722} INFO - Setting next_dagrun for example_sla_dag to 2024-10-20T02:48:00+00:00, run_after=2024-10-20T02:50:00+00:00
[2024-10-20T02:50:57.252+0000] {processor.py:179} INFO - Processing /home/airflow/.local/lib/python3.8/site-packages/airflow/example_dags/example_sla_dag.py took 0.095 seconds
[2024-10-20T02:51:27.593+0000] {processor.py:157} INFO - Started process (PID=665) to work on /home/airflow/.local/lib/python3.8/site-packages/airflow/example_dags/example_sla_dag.py
[2024-10-20T02:51:27.594+0000] {processor.py:829} INFO - Processing file /home/airflow/.local/lib/python3.8/site-packages/airflow/example_dags/example_sla_dag.py for tasks to queue
[2024-10-20T02:51:27.596+0000] {logging_mixin.py:154} INFO - [2024-10-20T02:51:27.596+0000] {dagbag.py:536} INFO - Filling up the DagBag from /home/airflow/.local/lib/python3.8/site-packages/airflow/example_dags/example_sla_dag.py
[2024-10-20T02:51:27.605+0000] {processor.py:839} INFO - DAG(s) dict_keys(['example_sla_dag']) retrieved from /home/airflow/.local/lib/python3.8/site-packages/airflow/example_dags/example_sla_dag.py
[2024-10-20T02:51:27.625+0000] {logging_mixin.py:154} INFO - [2024-10-20T02:51:27.625+0000] {dag.py:2941} INFO - Sync 1 DAGs
[2024-10-20T02:51:27.649+0000] {logging_mixin.py:154} INFO - [2024-10-20T02:51:27.649+0000] {dag.py:3722} INFO - Setting next_dagrun for example_sla_dag to 2024-10-20T02:48:00+00:00, run_after=2024-10-20T02:50:00+00:00
[2024-10-20T02:51:27.673+0000] {processor.py:179} INFO - Processing /home/airflow/.local/lib/python3.8/site-packages/airflow/example_dags/example_sla_dag.py took 0.083 seconds
[2024-10-20T02:51:58.743+0000] {processor.py:157} INFO - Started process (PID=721) to work on /home/airflow/.local/lib/python3.8/site-packages/airflow/example_dags/example_sla_dag.py
[2024-10-20T02:51:58.744+0000] {processor.py:829} INFO - Processing file /home/airflow/.local/lib/python3.8/site-packages/airflow/example_dags/example_sla_dag.py for tasks to queue
[2024-10-20T02:51:58.747+0000] {logging_mixin.py:154} INFO - [2024-10-20T02:51:58.746+0000] {dagbag.py:536} INFO - Filling up the DagBag from /home/airflow/.local/lib/python3.8/site-packages/airflow/example_dags/example_sla_dag.py
[2024-10-20T02:51:58.755+0000] {processor.py:839} INFO - DAG(s) dict_keys(['example_sla_dag']) retrieved from /home/airflow/.local/lib/python3.8/site-packages/airflow/example_dags/example_sla_dag.py
[2024-10-20T02:51:58.776+0000] {logging_mixin.py:154} INFO - [2024-10-20T02:51:58.776+0000] {dag.py:2941} INFO - Sync 1 DAGs
[2024-10-20T02:51:58.803+0000] {logging_mixin.py:154} INFO - [2024-10-20T02:51:58.802+0000] {dag.py:3722} INFO - Setting next_dagrun for example_sla_dag to 2024-10-20T02:48:00+00:00, run_after=2024-10-20T02:50:00+00:00
[2024-10-20T02:51:58.828+0000] {processor.py:179} INFO - Processing /home/airflow/.local/lib/python3.8/site-packages/airflow/example_dags/example_sla_dag.py took 0.089 seconds
[2024-10-20T02:52:29.809+0000] {processor.py:157} INFO - Started process (PID=776) to work on /home/airflow/.local/lib/python3.8/site-packages/airflow/example_dags/example_sla_dag.py
[2024-10-20T02:52:29.810+0000] {processor.py:829} INFO - Processing file /home/airflow/.local/lib/python3.8/site-packages/airflow/example_dags/example_sla_dag.py for tasks to queue
[2024-10-20T02:52:29.812+0000] {logging_mixin.py:154} INFO - [2024-10-20T02:52:29.812+0000] {dagbag.py:536} INFO - Filling up the DagBag from /home/airflow/.local/lib/python3.8/site-packages/airflow/example_dags/example_sla_dag.py
[2024-10-20T02:52:29.821+0000] {processor.py:839} INFO - DAG(s) dict_keys(['example_sla_dag']) retrieved from /home/airflow/.local/lib/python3.8/site-packages/airflow/example_dags/example_sla_dag.py
[2024-10-20T02:52:29.844+0000] {logging_mixin.py:154} INFO - [2024-10-20T02:52:29.844+0000] {dag.py:2941} INFO - Sync 1 DAGs
[2024-10-20T02:52:29.872+0000] {logging_mixin.py:154} INFO - [2024-10-20T02:52:29.872+0000] {dag.py:3722} INFO - Setting next_dagrun for example_sla_dag to 2024-10-20T02:50:00+00:00, run_after=2024-10-20T02:52:00+00:00
[2024-10-20T02:52:29.896+0000] {processor.py:179} INFO - Processing /home/airflow/.local/lib/python3.8/site-packages/airflow/example_dags/example_sla_dag.py took 0.091 seconds
[2024-10-20T02:53:00.155+0000] {processor.py:157} INFO - Started process (PID=833) to work on /home/airflow/.local/lib/python3.8/site-packages/airflow/example_dags/example_sla_dag.py
[2024-10-20T02:53:00.156+0000] {processor.py:829} INFO - Processing file /home/airflow/.local/lib/python3.8/site-packages/airflow/example_dags/example_sla_dag.py for tasks to queue
[2024-10-20T02:53:00.159+0000] {logging_mixin.py:154} INFO - [2024-10-20T02:53:00.158+0000] {dagbag.py:536} INFO - Filling up the DagBag from /home/airflow/.local/lib/python3.8/site-packages/airflow/example_dags/example_sla_dag.py
[2024-10-20T02:53:00.168+0000] {processor.py:839} INFO - DAG(s) dict_keys(['example_sla_dag']) retrieved from /home/airflow/.local/lib/python3.8/site-packages/airflow/example_dags/example_sla_dag.py
[2024-10-20T02:53:00.194+0000] {logging_mixin.py:154} INFO - [2024-10-20T02:53:00.194+0000] {dag.py:2941} INFO - Sync 1 DAGs
[2024-10-20T02:53:00.223+0000] {logging_mixin.py:154} INFO - [2024-10-20T02:53:00.223+0000] {dag.py:3722} INFO - Setting next_dagrun for example_sla_dag to 2024-10-20T02:50:00+00:00, run_after=2024-10-20T02:52:00+00:00
[2024-10-20T02:53:00.435+0000] {processor.py:179} INFO - Processing /home/airflow/.local/lib/python3.8/site-packages/airflow/example_dags/example_sla_dag.py took 0.285 seconds
[2024-10-20T02:53:31.080+0000] {processor.py:157} INFO - Started process (PID=891) to work on /home/airflow/.local/lib/python3.8/site-packages/airflow/example_dags/example_sla_dag.py
[2024-10-20T02:53:31.082+0000] {processor.py:829} INFO - Processing file /home/airflow/.local/lib/python3.8/site-packages/airflow/example_dags/example_sla_dag.py for tasks to queue
[2024-10-20T02:53:31.086+0000] {logging_mixin.py:154} INFO - [2024-10-20T02:53:31.085+0000] {dagbag.py:536} INFO - Filling up the DagBag from /home/airflow/.local/lib/python3.8/site-packages/airflow/example_dags/example_sla_dag.py
[2024-10-20T02:53:31.102+0000] {processor.py:839} INFO - DAG(s) dict_keys(['example_sla_dag']) retrieved from /home/airflow/.local/lib/python3.8/site-packages/airflow/example_dags/example_sla_dag.py
[2024-10-20T02:53:31.139+0000] {logging_mixin.py:154} INFO - [2024-10-20T02:53:31.139+0000] {dag.py:2941} INFO - Sync 1 DAGs
[2024-10-20T02:53:31.170+0000] {logging_mixin.py:154} INFO - [2024-10-20T02:53:31.170+0000] {dag.py:3722} INFO - Setting next_dagrun for example_sla_dag to 2024-10-20T02:50:00+00:00, run_after=2024-10-20T02:52:00+00:00
[2024-10-20T02:53:31.202+0000] {processor.py:179} INFO - Processing /home/airflow/.local/lib/python3.8/site-packages/airflow/example_dags/example_sla_dag.py took 0.128 seconds
[2024-10-20T02:54:01.936+0000] {processor.py:157} INFO - Started process (PID=947) to work on /home/airflow/.local/lib/python3.8/site-packages/airflow/example_dags/example_sla_dag.py
[2024-10-20T02:54:01.937+0000] {processor.py:829} INFO - Processing file /home/airflow/.local/lib/python3.8/site-packages/airflow/example_dags/example_sla_dag.py for tasks to queue
[2024-10-20T02:54:01.940+0000] {logging_mixin.py:154} INFO - [2024-10-20T02:54:01.939+0000] {dagbag.py:536} INFO - Filling up the DagBag from /home/airflow/.local/lib/python3.8/site-packages/airflow/example_dags/example_sla_dag.py
[2024-10-20T02:54:01.948+0000] {processor.py:839} INFO - DAG(s) dict_keys(['example_sla_dag']) retrieved from /home/airflow/.local/lib/python3.8/site-packages/airflow/example_dags/example_sla_dag.py
[2024-10-20T02:54:01.976+0000] {logging_mixin.py:154} INFO - [2024-10-20T02:54:01.976+0000] {dag.py:2941} INFO - Sync 1 DAGs
[2024-10-20T02:54:02.006+0000] {logging_mixin.py:154} INFO - [2024-10-20T02:54:02.006+0000] {dag.py:3722} INFO - Setting next_dagrun for example_sla_dag to 2024-10-20T02:52:00+00:00, run_after=2024-10-20T02:54:00+00:00
[2024-10-20T02:54:02.036+0000] {processor.py:179} INFO - Processing /home/airflow/.local/lib/python3.8/site-packages/airflow/example_dags/example_sla_dag.py took 0.103 seconds
[2024-10-20T02:54:32.515+0000] {processor.py:157} INFO - Started process (PID=1003) to work on /home/airflow/.local/lib/python3.8/site-packages/airflow/example_dags/example_sla_dag.py
[2024-10-20T02:54:32.516+0000] {processor.py:829} INFO - Processing file /home/airflow/.local/lib/python3.8/site-packages/airflow/example_dags/example_sla_dag.py for tasks to queue
[2024-10-20T02:54:32.518+0000] {logging_mixin.py:154} INFO - [2024-10-20T02:54:32.518+0000] {dagbag.py:536} INFO - Filling up the DagBag from /home/airflow/.local/lib/python3.8/site-packages/airflow/example_dags/example_sla_dag.py
[2024-10-20T02:54:32.526+0000] {processor.py:839} INFO - DAG(s) dict_keys(['example_sla_dag']) retrieved from /home/airflow/.local/lib/python3.8/site-packages/airflow/example_dags/example_sla_dag.py
[2024-10-20T02:54:32.548+0000] {logging_mixin.py:154} INFO - [2024-10-20T02:54:32.548+0000] {dag.py:2941} INFO - Sync 1 DAGs
[2024-10-20T02:54:32.576+0000] {logging_mixin.py:154} INFO - [2024-10-20T02:54:32.576+0000] {dag.py:3722} INFO - Setting next_dagrun for example_sla_dag to 2024-10-20T02:52:00+00:00, run_after=2024-10-20T02:54:00+00:00
[2024-10-20T02:54:32.609+0000] {processor.py:179} INFO - Processing /home/airflow/.local/lib/python3.8/site-packages/airflow/example_dags/example_sla_dag.py took 0.097 seconds
[2024-10-20T02:55:03.056+0000] {processor.py:157} INFO - Started process (PID=1059) to work on /home/airflow/.local/lib/python3.8/site-packages/airflow/example_dags/example_sla_dag.py
[2024-10-20T02:55:03.057+0000] {processor.py:829} INFO - Processing file /home/airflow/.local/lib/python3.8/site-packages/airflow/example_dags/example_sla_dag.py for tasks to queue
[2024-10-20T02:55:03.060+0000] {logging_mixin.py:154} INFO - [2024-10-20T02:55:03.059+0000] {dagbag.py:536} INFO - Filling up the DagBag from /home/airflow/.local/lib/python3.8/site-packages/airflow/example_dags/example_sla_dag.py
[2024-10-20T02:55:03.068+0000] {processor.py:839} INFO - DAG(s) dict_keys(['example_sla_dag']) retrieved from /home/airflow/.local/lib/python3.8/site-packages/airflow/example_dags/example_sla_dag.py
[2024-10-20T02:55:03.090+0000] {logging_mixin.py:154} INFO - [2024-10-20T02:55:03.090+0000] {dag.py:2941} INFO - Sync 1 DAGs
[2024-10-20T02:55:03.118+0000] {logging_mixin.py:154} INFO - [2024-10-20T02:55:03.117+0000] {dag.py:3722} INFO - Setting next_dagrun for example_sla_dag to 2024-10-20T02:52:00+00:00, run_after=2024-10-20T02:54:00+00:00
[2024-10-20T02:55:03.321+0000] {processor.py:179} INFO - Processing /home/airflow/.local/lib/python3.8/site-packages/airflow/example_dags/example_sla_dag.py took 0.268 seconds
[2024-10-20T02:55:33.655+0000] {processor.py:157} INFO - Started process (PID=1117) to work on /home/airflow/.local/lib/python3.8/site-packages/airflow/example_dags/example_sla_dag.py
[2024-10-20T02:55:33.656+0000] {processor.py:829} INFO - Processing file /home/airflow/.local/lib/python3.8/site-packages/airflow/example_dags/example_sla_dag.py for tasks to queue
[2024-10-20T02:55:33.659+0000] {logging_mixin.py:154} INFO - [2024-10-20T02:55:33.658+0000] {dagbag.py:536} INFO - Filling up the DagBag from /home/airflow/.local/lib/python3.8/site-packages/airflow/example_dags/example_sla_dag.py
[2024-10-20T02:55:33.669+0000] {processor.py:839} INFO - DAG(s) dict_keys(['example_sla_dag']) retrieved from /home/airflow/.local/lib/python3.8/site-packages/airflow/example_dags/example_sla_dag.py
[2024-10-20T02:55:33.699+0000] {logging_mixin.py:154} INFO - [2024-10-20T02:55:33.699+0000] {dag.py:2941} INFO - Sync 1 DAGs
[2024-10-20T02:55:33.731+0000] {logging_mixin.py:154} INFO - [2024-10-20T02:55:33.731+0000] {dag.py:3722} INFO - Setting next_dagrun for example_sla_dag to 2024-10-20T02:52:00+00:00, run_after=2024-10-20T02:54:00+00:00
[2024-10-20T02:55:33.761+0000] {processor.py:179} INFO - Processing /home/airflow/.local/lib/python3.8/site-packages/airflow/example_dags/example_sla_dag.py took 0.110 seconds
[2024-10-20T02:56:04.475+0000] {processor.py:157} INFO - Started process (PID=1177) to work on /home/airflow/.local/lib/python3.8/site-packages/airflow/example_dags/example_sla_dag.py
[2024-10-20T02:56:04.476+0000] {processor.py:829} INFO - Processing file /home/airflow/.local/lib/python3.8/site-packages/airflow/example_dags/example_sla_dag.py for tasks to queue
[2024-10-20T02:56:04.479+0000] {logging_mixin.py:154} INFO - [2024-10-20T02:56:04.479+0000] {dagbag.py:536} INFO - Filling up the DagBag from /home/airflow/.local/lib/python3.8/site-packages/airflow/example_dags/example_sla_dag.py
[2024-10-20T02:56:04.489+0000] {processor.py:839} INFO - DAG(s) dict_keys(['example_sla_dag']) retrieved from /home/airflow/.local/lib/python3.8/site-packages/airflow/example_dags/example_sla_dag.py
[2024-10-20T02:56:04.516+0000] {logging_mixin.py:154} INFO - [2024-10-20T02:56:04.515+0000] {dag.py:2941} INFO - Sync 1 DAGs
[2024-10-20T02:56:04.553+0000] {logging_mixin.py:154} INFO - [2024-10-20T02:56:04.552+0000] {dag.py:3722} INFO - Setting next_dagrun for example_sla_dag to 2024-10-20T02:54:00+00:00, run_after=2024-10-20T02:56:00+00:00
[2024-10-20T02:56:04.589+0000] {processor.py:179} INFO - Processing /home/airflow/.local/lib/python3.8/site-packages/airflow/example_dags/example_sla_dag.py took 0.118 seconds
[2024-10-20T02:56:34.676+0000] {processor.py:157} INFO - Started process (PID=1233) to work on /home/airflow/.local/lib/python3.8/site-packages/airflow/example_dags/example_sla_dag.py
[2024-10-20T02:56:34.677+0000] {processor.py:829} INFO - Processing file /home/airflow/.local/lib/python3.8/site-packages/airflow/example_dags/example_sla_dag.py for tasks to queue
[2024-10-20T02:56:34.680+0000] {logging_mixin.py:154} INFO - [2024-10-20T02:56:34.680+0000] {dagbag.py:536} INFO - Filling up the DagBag from /home/airflow/.local/lib/python3.8/site-packages/airflow/example_dags/example_sla_dag.py
[2024-10-20T02:56:34.689+0000] {processor.py:839} INFO - DAG(s) dict_keys(['example_sla_dag']) retrieved from /home/airflow/.local/lib/python3.8/site-packages/airflow/example_dags/example_sla_dag.py
[2024-10-20T02:56:34.713+0000] {logging_mixin.py:154} INFO - [2024-10-20T02:56:34.713+0000] {dag.py:2941} INFO - Sync 1 DAGs
[2024-10-20T02:56:34.890+0000] {logging_mixin.py:154} INFO - [2024-10-20T02:56:34.890+0000] {dag.py:3722} INFO - Setting next_dagrun for example_sla_dag to 2024-10-20T02:54:00+00:00, run_after=2024-10-20T02:56:00+00:00
[2024-10-20T02:56:34.915+0000] {processor.py:179} INFO - Processing /home/airflow/.local/lib/python3.8/site-packages/airflow/example_dags/example_sla_dag.py took 0.242 seconds
[2024-10-20T02:57:05.265+0000] {processor.py:157} INFO - Started process (PID=1289) to work on /home/airflow/.local/lib/python3.8/site-packages/airflow/example_dags/example_sla_dag.py
[2024-10-20T02:57:05.266+0000] {processor.py:829} INFO - Processing file /home/airflow/.local/lib/python3.8/site-packages/airflow/example_dags/example_sla_dag.py for tasks to queue
[2024-10-20T02:57:05.269+0000] {logging_mixin.py:154} INFO - [2024-10-20T02:57:05.268+0000] {dagbag.py:536} INFO - Filling up the DagBag from /home/airflow/.local/lib/python3.8/site-packages/airflow/example_dags/example_sla_dag.py
[2024-10-20T02:57:05.277+0000] {processor.py:839} INFO - DAG(s) dict_keys(['example_sla_dag']) retrieved from /home/airflow/.local/lib/python3.8/site-packages/airflow/example_dags/example_sla_dag.py
[2024-10-20T02:57:05.299+0000] {logging_mixin.py:154} INFO - [2024-10-20T02:57:05.299+0000] {dag.py:2941} INFO - Sync 1 DAGs
[2024-10-20T02:57:05.517+0000] {logging_mixin.py:154} INFO - [2024-10-20T02:57:05.516+0000] {dag.py:3722} INFO - Setting next_dagrun for example_sla_dag to 2024-10-20T02:54:00+00:00, run_after=2024-10-20T02:56:00+00:00
[2024-10-20T02:57:05.541+0000] {processor.py:179} INFO - Processing /home/airflow/.local/lib/python3.8/site-packages/airflow/example_dags/example_sla_dag.py took 0.280 seconds
[2024-10-20T02:57:35.824+0000] {processor.py:157} INFO - Started process (PID=1347) to work on /home/airflow/.local/lib/python3.8/site-packages/airflow/example_dags/example_sla_dag.py
[2024-10-20T02:57:35.825+0000] {processor.py:829} INFO - Processing file /home/airflow/.local/lib/python3.8/site-packages/airflow/example_dags/example_sla_dag.py for tasks to queue
[2024-10-20T02:57:35.829+0000] {logging_mixin.py:154} INFO - [2024-10-20T02:57:35.828+0000] {dagbag.py:536} INFO - Filling up the DagBag from /home/airflow/.local/lib/python3.8/site-packages/airflow/example_dags/example_sla_dag.py
[2024-10-20T02:57:35.838+0000] {processor.py:839} INFO - DAG(s) dict_keys(['example_sla_dag']) retrieved from /home/airflow/.local/lib/python3.8/site-packages/airflow/example_dags/example_sla_dag.py
[2024-10-20T02:57:35.861+0000] {logging_mixin.py:154} INFO - [2024-10-20T02:57:35.861+0000] {dag.py:2941} INFO - Sync 1 DAGs
[2024-10-20T02:57:35.897+0000] {logging_mixin.py:154} INFO - [2024-10-20T02:57:35.896+0000] {dag.py:3722} INFO - Setting next_dagrun for example_sla_dag to 2024-10-20T02:54:00+00:00, run_after=2024-10-20T02:56:00+00:00
[2024-10-20T02:57:36.086+0000] {processor.py:179} INFO - Processing /home/airflow/.local/lib/python3.8/site-packages/airflow/example_dags/example_sla_dag.py took 0.265 seconds
[2024-10-20T02:58:06.486+0000] {processor.py:157} INFO - Started process (PID=1403) to work on /home/airflow/.local/lib/python3.8/site-packages/airflow/example_dags/example_sla_dag.py
[2024-10-20T02:58:06.488+0000] {processor.py:829} INFO - Processing file /home/airflow/.local/lib/python3.8/site-packages/airflow/example_dags/example_sla_dag.py for tasks to queue
[2024-10-20T02:58:06.490+0000] {logging_mixin.py:154} INFO - [2024-10-20T02:58:06.490+0000] {dagbag.py:536} INFO - Filling up the DagBag from /home/airflow/.local/lib/python3.8/site-packages/airflow/example_dags/example_sla_dag.py
[2024-10-20T02:58:06.499+0000] {processor.py:839} INFO - DAG(s) dict_keys(['example_sla_dag']) retrieved from /home/airflow/.local/lib/python3.8/site-packages/airflow/example_dags/example_sla_dag.py
[2024-10-20T02:58:06.525+0000] {logging_mixin.py:154} INFO - [2024-10-20T02:58:06.525+0000] {dag.py:2941} INFO - Sync 1 DAGs
[2024-10-20T02:58:06.551+0000] {logging_mixin.py:154} INFO - [2024-10-20T02:58:06.550+0000] {dag.py:3722} INFO - Setting next_dagrun for example_sla_dag to 2024-10-20T02:56:00+00:00, run_after=2024-10-20T02:58:00+00:00
[2024-10-20T02:58:06.576+0000] {processor.py:179} INFO - Processing /home/airflow/.local/lib/python3.8/site-packages/airflow/example_dags/example_sla_dag.py took 0.093 seconds
[2024-10-20T02:58:36.814+0000] {processor.py:157} INFO - Started process (PID=1459) to work on /home/airflow/.local/lib/python3.8/site-packages/airflow/example_dags/example_sla_dag.py
[2024-10-20T02:58:36.815+0000] {processor.py:829} INFO - Processing file /home/airflow/.local/lib/python3.8/site-packages/airflow/example_dags/example_sla_dag.py for tasks to queue
[2024-10-20T02:58:36.818+0000] {logging_mixin.py:154} INFO - [2024-10-20T02:58:36.817+0000] {dagbag.py:536} INFO - Filling up the DagBag from /home/airflow/.local/lib/python3.8/site-packages/airflow/example_dags/example_sla_dag.py
[2024-10-20T02:58:36.825+0000] {processor.py:839} INFO - DAG(s) dict_keys(['example_sla_dag']) retrieved from /home/airflow/.local/lib/python3.8/site-packages/airflow/example_dags/example_sla_dag.py
[2024-10-20T02:58:36.847+0000] {logging_mixin.py:154} INFO - [2024-10-20T02:58:36.847+0000] {dag.py:2941} INFO - Sync 1 DAGs
[2024-10-20T02:58:36.874+0000] {logging_mixin.py:154} INFO - [2024-10-20T02:58:36.873+0000] {dag.py:3722} INFO - Setting next_dagrun for example_sla_dag to 2024-10-20T02:56:00+00:00, run_after=2024-10-20T02:58:00+00:00
[2024-10-20T02:58:36.894+0000] {processor.py:179} INFO - Processing /home/airflow/.local/lib/python3.8/site-packages/airflow/example_dags/example_sla_dag.py took 0.083 seconds
[2024-10-20T02:59:55.346+0000] {processor.py:157} INFO - Started process (PID=110) to work on /home/airflow/.local/lib/python3.8/site-packages/airflow/example_dags/example_sla_dag.py
[2024-10-20T02:59:55.349+0000] {processor.py:829} INFO - Processing file /home/airflow/.local/lib/python3.8/site-packages/airflow/example_dags/example_sla_dag.py for tasks to queue
[2024-10-20T02:59:55.355+0000] {logging_mixin.py:154} INFO - [2024-10-20T02:59:55.354+0000] {dagbag.py:536} INFO - Filling up the DagBag from /home/airflow/.local/lib/python3.8/site-packages/airflow/example_dags/example_sla_dag.py
[2024-10-20T02:59:55.376+0000] {processor.py:839} INFO - DAG(s) dict_keys(['example_sla_dag']) retrieved from /home/airflow/.local/lib/python3.8/site-packages/airflow/example_dags/example_sla_dag.py
[2024-10-20T02:59:55.433+0000] {logging_mixin.py:154} INFO - [2024-10-20T02:59:55.432+0000] {dag.py:2941} INFO - Sync 1 DAGs
[2024-10-20T02:59:55.515+0000] {logging_mixin.py:154} INFO - [2024-10-20T02:59:55.515+0000] {dag.py:3722} INFO - Setting next_dagrun for example_sla_dag to 2024-10-20T02:56:00+00:00, run_after=2024-10-20T02:58:00+00:00
[2024-10-20T02:59:55.579+0000] {processor.py:179} INFO - Processing /home/airflow/.local/lib/python3.8/site-packages/airflow/example_dags/example_sla_dag.py took 0.240 seconds
[2024-10-20T03:00:26.660+0000] {processor.py:157} INFO - Started process (PID=166) to work on /home/airflow/.local/lib/python3.8/site-packages/airflow/example_dags/example_sla_dag.py
[2024-10-20T03:00:26.661+0000] {processor.py:829} INFO - Processing file /home/airflow/.local/lib/python3.8/site-packages/airflow/example_dags/example_sla_dag.py for tasks to queue
[2024-10-20T03:00:26.663+0000] {logging_mixin.py:154} INFO - [2024-10-20T03:00:26.663+0000] {dagbag.py:536} INFO - Filling up the DagBag from /home/airflow/.local/lib/python3.8/site-packages/airflow/example_dags/example_sla_dag.py
[2024-10-20T03:00:26.672+0000] {processor.py:839} INFO - DAG(s) dict_keys(['example_sla_dag']) retrieved from /home/airflow/.local/lib/python3.8/site-packages/airflow/example_dags/example_sla_dag.py
[2024-10-20T03:00:26.695+0000] {logging_mixin.py:154} INFO - [2024-10-20T03:00:26.694+0000] {dag.py:2941} INFO - Sync 1 DAGs
[2024-10-20T03:00:26.721+0000] {logging_mixin.py:154} INFO - [2024-10-20T03:00:26.721+0000] {dag.py:3722} INFO - Setting next_dagrun for example_sla_dag to 2024-10-20T02:58:00+00:00, run_after=2024-10-20T03:00:00+00:00
[2024-10-20T03:00:26.795+0000] {processor.py:179} INFO - Processing /home/airflow/.local/lib/python3.8/site-packages/airflow/example_dags/example_sla_dag.py took 0.138 seconds
[2024-10-20T03:00:57.386+0000] {processor.py:157} INFO - Started process (PID=222) to work on /home/airflow/.local/lib/python3.8/site-packages/airflow/example_dags/example_sla_dag.py
[2024-10-20T03:00:57.387+0000] {processor.py:829} INFO - Processing file /home/airflow/.local/lib/python3.8/site-packages/airflow/example_dags/example_sla_dag.py for tasks to queue
[2024-10-20T03:00:57.390+0000] {logging_mixin.py:154} INFO - [2024-10-20T03:00:57.389+0000] {dagbag.py:536} INFO - Filling up the DagBag from /home/airflow/.local/lib/python3.8/site-packages/airflow/example_dags/example_sla_dag.py
[2024-10-20T03:00:57.400+0000] {processor.py:839} INFO - DAG(s) dict_keys(['example_sla_dag']) retrieved from /home/airflow/.local/lib/python3.8/site-packages/airflow/example_dags/example_sla_dag.py
[2024-10-20T03:00:57.422+0000] {logging_mixin.py:154} INFO - [2024-10-20T03:00:57.422+0000] {dag.py:2941} INFO - Sync 1 DAGs
[2024-10-20T03:00:57.455+0000] {logging_mixin.py:154} INFO - [2024-10-20T03:00:57.455+0000] {dag.py:3722} INFO - Setting next_dagrun for example_sla_dag to 2024-10-20T02:58:00+00:00, run_after=2024-10-20T03:00:00+00:00
[2024-10-20T03:00:57.480+0000] {processor.py:179} INFO - Processing /home/airflow/.local/lib/python3.8/site-packages/airflow/example_dags/example_sla_dag.py took 0.099 seconds
[2024-10-20T03:01:28.362+0000] {processor.py:157} INFO - Started process (PID=278) to work on /home/airflow/.local/lib/python3.8/site-packages/airflow/example_dags/example_sla_dag.py
[2024-10-20T03:01:28.363+0000] {processor.py:829} INFO - Processing file /home/airflow/.local/lib/python3.8/site-packages/airflow/example_dags/example_sla_dag.py for tasks to queue
[2024-10-20T03:01:28.366+0000] {logging_mixin.py:154} INFO - [2024-10-20T03:01:28.366+0000] {dagbag.py:536} INFO - Filling up the DagBag from /home/airflow/.local/lib/python3.8/site-packages/airflow/example_dags/example_sla_dag.py
[2024-10-20T03:01:28.377+0000] {processor.py:839} INFO - DAG(s) dict_keys(['example_sla_dag']) retrieved from /home/airflow/.local/lib/python3.8/site-packages/airflow/example_dags/example_sla_dag.py
[2024-10-20T03:01:28.403+0000] {logging_mixin.py:154} INFO - [2024-10-20T03:01:28.403+0000] {dag.py:2941} INFO - Sync 1 DAGs
[2024-10-20T03:01:28.435+0000] {logging_mixin.py:154} INFO - [2024-10-20T03:01:28.435+0000] {dag.py:3722} INFO - Setting next_dagrun for example_sla_dag to 2024-10-20T02:58:00+00:00, run_after=2024-10-20T03:00:00+00:00
[2024-10-20T03:01:28.484+0000] {processor.py:179} INFO - Processing /home/airflow/.local/lib/python3.8/site-packages/airflow/example_dags/example_sla_dag.py took 0.126 seconds
[2024-10-20T03:01:58.779+0000] {processor.py:157} INFO - Started process (PID=334) to work on /home/airflow/.local/lib/python3.8/site-packages/airflow/example_dags/example_sla_dag.py
[2024-10-20T03:01:58.780+0000] {processor.py:829} INFO - Processing file /home/airflow/.local/lib/python3.8/site-packages/airflow/example_dags/example_sla_dag.py for tasks to queue
[2024-10-20T03:01:58.784+0000] {logging_mixin.py:154} INFO - [2024-10-20T03:01:58.783+0000] {dagbag.py:536} INFO - Filling up the DagBag from /home/airflow/.local/lib/python3.8/site-packages/airflow/example_dags/example_sla_dag.py
[2024-10-20T03:01:58.794+0000] {processor.py:839} INFO - DAG(s) dict_keys(['example_sla_dag']) retrieved from /home/airflow/.local/lib/python3.8/site-packages/airflow/example_dags/example_sla_dag.py
[2024-10-20T03:01:58.829+0000] {logging_mixin.py:154} INFO - [2024-10-20T03:01:58.829+0000] {dag.py:2941} INFO - Sync 1 DAGs
[2024-10-20T03:01:58.864+0000] {logging_mixin.py:154} INFO - [2024-10-20T03:01:58.864+0000] {dag.py:3722} INFO - Setting next_dagrun for example_sla_dag to 2024-10-20T02:58:00+00:00, run_after=2024-10-20T03:00:00+00:00
[2024-10-20T03:01:58.898+0000] {processor.py:179} INFO - Processing /home/airflow/.local/lib/python3.8/site-packages/airflow/example_dags/example_sla_dag.py took 0.123 seconds
[2024-10-20T03:02:29.328+0000] {processor.py:157} INFO - Started process (PID=394) to work on /home/airflow/.local/lib/python3.8/site-packages/airflow/example_dags/example_sla_dag.py
[2024-10-20T03:02:29.330+0000] {processor.py:829} INFO - Processing file /home/airflow/.local/lib/python3.8/site-packages/airflow/example_dags/example_sla_dag.py for tasks to queue
[2024-10-20T03:02:29.336+0000] {logging_mixin.py:154} INFO - [2024-10-20T03:02:29.335+0000] {dagbag.py:536} INFO - Filling up the DagBag from /home/airflow/.local/lib/python3.8/site-packages/airflow/example_dags/example_sla_dag.py
[2024-10-20T03:02:29.353+0000] {processor.py:839} INFO - DAG(s) dict_keys(['example_sla_dag']) retrieved from /home/airflow/.local/lib/python3.8/site-packages/airflow/example_dags/example_sla_dag.py
[2024-10-20T03:02:29.381+0000] {logging_mixin.py:154} INFO - [2024-10-20T03:02:29.381+0000] {dag.py:2941} INFO - Sync 1 DAGs
[2024-10-20T03:02:29.413+0000] {logging_mixin.py:154} INFO - [2024-10-20T03:02:29.413+0000] {dag.py:3722} INFO - Setting next_dagrun for example_sla_dag to 2024-10-20T03:00:00+00:00, run_after=2024-10-20T03:02:00+00:00
[2024-10-20T03:02:29.444+0000] {processor.py:179} INFO - Processing /home/airflow/.local/lib/python3.8/site-packages/airflow/example_dags/example_sla_dag.py took 0.120 seconds
[2024-10-20T03:02:59.971+0000] {processor.py:157} INFO - Started process (PID=450) to work on /home/airflow/.local/lib/python3.8/site-packages/airflow/example_dags/example_sla_dag.py
[2024-10-20T03:02:59.972+0000] {processor.py:829} INFO - Processing file /home/airflow/.local/lib/python3.8/site-packages/airflow/example_dags/example_sla_dag.py for tasks to queue
[2024-10-20T03:02:59.975+0000] {logging_mixin.py:154} INFO - [2024-10-20T03:02:59.974+0000] {dagbag.py:536} INFO - Filling up the DagBag from /home/airflow/.local/lib/python3.8/site-packages/airflow/example_dags/example_sla_dag.py
[2024-10-20T03:02:59.984+0000] {processor.py:839} INFO - DAG(s) dict_keys(['example_sla_dag']) retrieved from /home/airflow/.local/lib/python3.8/site-packages/airflow/example_dags/example_sla_dag.py
[2024-10-20T03:03:00.007+0000] {logging_mixin.py:154} INFO - [2024-10-20T03:03:00.007+0000] {dag.py:2941} INFO - Sync 1 DAGs
[2024-10-20T03:03:00.039+0000] {logging_mixin.py:154} INFO - [2024-10-20T03:03:00.038+0000] {dag.py:3722} INFO - Setting next_dagrun for example_sla_dag to 2024-10-20T03:00:00+00:00, run_after=2024-10-20T03:02:00+00:00
[2024-10-20T03:03:00.065+0000] {processor.py:179} INFO - Processing /home/airflow/.local/lib/python3.8/site-packages/airflow/example_dags/example_sla_dag.py took 0.098 seconds
[2024-10-20T03:03:30.665+0000] {processor.py:157} INFO - Started process (PID=506) to work on /home/airflow/.local/lib/python3.8/site-packages/airflow/example_dags/example_sla_dag.py
[2024-10-20T03:03:30.666+0000] {processor.py:829} INFO - Processing file /home/airflow/.local/lib/python3.8/site-packages/airflow/example_dags/example_sla_dag.py for tasks to queue
[2024-10-20T03:03:30.668+0000] {logging_mixin.py:154} INFO - [2024-10-20T03:03:30.668+0000] {dagbag.py:536} INFO - Filling up the DagBag from /home/airflow/.local/lib/python3.8/site-packages/airflow/example_dags/example_sla_dag.py
[2024-10-20T03:03:30.677+0000] {processor.py:839} INFO - DAG(s) dict_keys(['example_sla_dag']) retrieved from /home/airflow/.local/lib/python3.8/site-packages/airflow/example_dags/example_sla_dag.py
[2024-10-20T03:03:30.700+0000] {logging_mixin.py:154} INFO - [2024-10-20T03:03:30.699+0000] {dag.py:2941} INFO - Sync 1 DAGs
[2024-10-20T03:03:30.726+0000] {logging_mixin.py:154} INFO - [2024-10-20T03:03:30.726+0000] {dag.py:3722} INFO - Setting next_dagrun for example_sla_dag to 2024-10-20T03:00:00+00:00, run_after=2024-10-20T03:02:00+00:00
[2024-10-20T03:03:30.752+0000] {processor.py:179} INFO - Processing /home/airflow/.local/lib/python3.8/site-packages/airflow/example_dags/example_sla_dag.py took 0.090 seconds
[2024-10-20T03:04:00.972+0000] {processor.py:157} INFO - Started process (PID=562) to work on /home/airflow/.local/lib/python3.8/site-packages/airflow/example_dags/example_sla_dag.py
[2024-10-20T03:04:00.973+0000] {processor.py:829} INFO - Processing file /home/airflow/.local/lib/python3.8/site-packages/airflow/example_dags/example_sla_dag.py for tasks to queue
[2024-10-20T03:04:00.975+0000] {logging_mixin.py:154} INFO - [2024-10-20T03:04:00.975+0000] {dagbag.py:536} INFO - Filling up the DagBag from /home/airflow/.local/lib/python3.8/site-packages/airflow/example_dags/example_sla_dag.py
[2024-10-20T03:04:00.982+0000] {processor.py:839} INFO - DAG(s) dict_keys(['example_sla_dag']) retrieved from /home/airflow/.local/lib/python3.8/site-packages/airflow/example_dags/example_sla_dag.py
[2024-10-20T03:04:01.003+0000] {logging_mixin.py:154} INFO - [2024-10-20T03:04:01.002+0000] {dag.py:2941} INFO - Sync 1 DAGs
[2024-10-20T03:04:01.028+0000] {logging_mixin.py:154} INFO - [2024-10-20T03:04:01.027+0000] {dag.py:3722} INFO - Setting next_dagrun for example_sla_dag to 2024-10-20T03:02:00+00:00, run_after=2024-10-20T03:04:00+00:00
[2024-10-20T03:04:01.052+0000] {processor.py:179} INFO - Processing /home/airflow/.local/lib/python3.8/site-packages/airflow/example_dags/example_sla_dag.py took 0.083 seconds
[2024-10-20T03:04:31.529+0000] {processor.py:157} INFO - Started process (PID=618) to work on /home/airflow/.local/lib/python3.8/site-packages/airflow/example_dags/example_sla_dag.py
[2024-10-20T03:04:31.530+0000] {processor.py:829} INFO - Processing file /home/airflow/.local/lib/python3.8/site-packages/airflow/example_dags/example_sla_dag.py for tasks to queue
[2024-10-20T03:04:31.533+0000] {logging_mixin.py:154} INFO - [2024-10-20T03:04:31.533+0000] {dagbag.py:536} INFO - Filling up the DagBag from /home/airflow/.local/lib/python3.8/site-packages/airflow/example_dags/example_sla_dag.py
[2024-10-20T03:04:31.544+0000] {processor.py:839} INFO - DAG(s) dict_keys(['example_sla_dag']) retrieved from /home/airflow/.local/lib/python3.8/site-packages/airflow/example_dags/example_sla_dag.py
[2024-10-20T03:04:31.567+0000] {logging_mixin.py:154} INFO - [2024-10-20T03:04:31.566+0000] {dag.py:2941} INFO - Sync 1 DAGs
[2024-10-20T03:04:31.594+0000] {logging_mixin.py:154} INFO - [2024-10-20T03:04:31.594+0000] {dag.py:3722} INFO - Setting next_dagrun for example_sla_dag to 2024-10-20T03:02:00+00:00, run_after=2024-10-20T03:04:00+00:00
[2024-10-20T03:04:31.620+0000] {processor.py:179} INFO - Processing /home/airflow/.local/lib/python3.8/site-packages/airflow/example_dags/example_sla_dag.py took 0.094 seconds
[2024-10-20T03:05:01.885+0000] {processor.py:157} INFO - Started process (PID=674) to work on /home/airflow/.local/lib/python3.8/site-packages/airflow/example_dags/example_sla_dag.py
[2024-10-20T03:05:01.886+0000] {processor.py:829} INFO - Processing file /home/airflow/.local/lib/python3.8/site-packages/airflow/example_dags/example_sla_dag.py for tasks to queue
[2024-10-20T03:05:01.888+0000] {logging_mixin.py:154} INFO - [2024-10-20T03:05:01.888+0000] {dagbag.py:536} INFO - Filling up the DagBag from /home/airflow/.local/lib/python3.8/site-packages/airflow/example_dags/example_sla_dag.py
[2024-10-20T03:05:01.897+0000] {processor.py:839} INFO - DAG(s) dict_keys(['example_sla_dag']) retrieved from /home/airflow/.local/lib/python3.8/site-packages/airflow/example_dags/example_sla_dag.py
[2024-10-20T03:05:01.918+0000] {logging_mixin.py:154} INFO - [2024-10-20T03:05:01.918+0000] {dag.py:2941} INFO - Sync 1 DAGs
[2024-10-20T03:05:01.944+0000] {logging_mixin.py:154} INFO - [2024-10-20T03:05:01.944+0000] {dag.py:3722} INFO - Setting next_dagrun for example_sla_dag to 2024-10-20T03:02:00+00:00, run_after=2024-10-20T03:04:00+00:00
[2024-10-20T03:05:01.967+0000] {processor.py:179} INFO - Processing /home/airflow/.local/lib/python3.8/site-packages/airflow/example_dags/example_sla_dag.py took 0.085 seconds
[2024-10-20T03:05:32.155+0000] {processor.py:157} INFO - Started process (PID=730) to work on /home/airflow/.local/lib/python3.8/site-packages/airflow/example_dags/example_sla_dag.py
[2024-10-20T03:05:32.156+0000] {processor.py:829} INFO - Processing file /home/airflow/.local/lib/python3.8/site-packages/airflow/example_dags/example_sla_dag.py for tasks to queue
[2024-10-20T03:05:32.158+0000] {logging_mixin.py:154} INFO - [2024-10-20T03:05:32.158+0000] {dagbag.py:536} INFO - Filling up the DagBag from /home/airflow/.local/lib/python3.8/site-packages/airflow/example_dags/example_sla_dag.py
[2024-10-20T03:05:32.166+0000] {processor.py:839} INFO - DAG(s) dict_keys(['example_sla_dag']) retrieved from /home/airflow/.local/lib/python3.8/site-packages/airflow/example_dags/example_sla_dag.py
[2024-10-20T03:05:32.188+0000] {logging_mixin.py:154} INFO - [2024-10-20T03:05:32.188+0000] {dag.py:2941} INFO - Sync 1 DAGs
[2024-10-20T03:05:32.217+0000] {logging_mixin.py:154} INFO - [2024-10-20T03:05:32.217+0000] {dag.py:3722} INFO - Setting next_dagrun for example_sla_dag to 2024-10-20T03:02:00+00:00, run_after=2024-10-20T03:04:00+00:00
[2024-10-20T03:05:32.243+0000] {processor.py:179} INFO - Processing /home/airflow/.local/lib/python3.8/site-packages/airflow/example_dags/example_sla_dag.py took 0.091 seconds
[2024-10-20T03:06:02.604+0000] {processor.py:157} INFO - Started process (PID=786) to work on /home/airflow/.local/lib/python3.8/site-packages/airflow/example_dags/example_sla_dag.py
[2024-10-20T03:06:02.606+0000] {processor.py:829} INFO - Processing file /home/airflow/.local/lib/python3.8/site-packages/airflow/example_dags/example_sla_dag.py for tasks to queue
[2024-10-20T03:06:02.609+0000] {logging_mixin.py:154} INFO - [2024-10-20T03:06:02.608+0000] {dagbag.py:536} INFO - Filling up the DagBag from /home/airflow/.local/lib/python3.8/site-packages/airflow/example_dags/example_sla_dag.py
[2024-10-20T03:06:02.618+0000] {processor.py:839} INFO - DAG(s) dict_keys(['example_sla_dag']) retrieved from /home/airflow/.local/lib/python3.8/site-packages/airflow/example_dags/example_sla_dag.py
[2024-10-20T03:06:02.641+0000] {logging_mixin.py:154} INFO - [2024-10-20T03:06:02.641+0000] {dag.py:2941} INFO - Sync 1 DAGs
[2024-10-20T03:06:02.669+0000] {logging_mixin.py:154} INFO - [2024-10-20T03:06:02.669+0000] {dag.py:3722} INFO - Setting next_dagrun for example_sla_dag to 2024-10-20T03:04:00+00:00, run_after=2024-10-20T03:06:00+00:00
[2024-10-20T03:06:02.695+0000] {processor.py:179} INFO - Processing /home/airflow/.local/lib/python3.8/site-packages/airflow/example_dags/example_sla_dag.py took 0.094 seconds
[2024-10-20T03:06:33.773+0000] {processor.py:157} INFO - Started process (PID=842) to work on /home/airflow/.local/lib/python3.8/site-packages/airflow/example_dags/example_sla_dag.py
[2024-10-20T03:06:33.774+0000] {processor.py:829} INFO - Processing file /home/airflow/.local/lib/python3.8/site-packages/airflow/example_dags/example_sla_dag.py for tasks to queue
[2024-10-20T03:06:33.776+0000] {logging_mixin.py:154} INFO - [2024-10-20T03:06:33.776+0000] {dagbag.py:536} INFO - Filling up the DagBag from /home/airflow/.local/lib/python3.8/site-packages/airflow/example_dags/example_sla_dag.py
[2024-10-20T03:06:33.785+0000] {processor.py:839} INFO - DAG(s) dict_keys(['example_sla_dag']) retrieved from /home/airflow/.local/lib/python3.8/site-packages/airflow/example_dags/example_sla_dag.py
[2024-10-20T03:06:33.809+0000] {logging_mixin.py:154} INFO - [2024-10-20T03:06:33.809+0000] {dag.py:2941} INFO - Sync 1 DAGs
[2024-10-20T03:06:33.839+0000] {logging_mixin.py:154} INFO - [2024-10-20T03:06:33.839+0000] {dag.py:3722} INFO - Setting next_dagrun for example_sla_dag to 2024-10-20T03:04:00+00:00, run_after=2024-10-20T03:06:00+00:00
[2024-10-20T03:06:33.864+0000] {processor.py:179} INFO - Processing /home/airflow/.local/lib/python3.8/site-packages/airflow/example_dags/example_sla_dag.py took 0.095 seconds
[2024-10-20T03:07:04.703+0000] {processor.py:157} INFO - Started process (PID=898) to work on /home/airflow/.local/lib/python3.8/site-packages/airflow/example_dags/example_sla_dag.py
[2024-10-20T03:07:04.704+0000] {processor.py:829} INFO - Processing file /home/airflow/.local/lib/python3.8/site-packages/airflow/example_dags/example_sla_dag.py for tasks to queue
[2024-10-20T03:07:04.708+0000] {logging_mixin.py:154} INFO - [2024-10-20T03:07:04.708+0000] {dagbag.py:536} INFO - Filling up the DagBag from /home/airflow/.local/lib/python3.8/site-packages/airflow/example_dags/example_sla_dag.py
[2024-10-20T03:07:04.719+0000] {processor.py:839} INFO - DAG(s) dict_keys(['example_sla_dag']) retrieved from /home/airflow/.local/lib/python3.8/site-packages/airflow/example_dags/example_sla_dag.py
[2024-10-20T03:07:04.750+0000] {logging_mixin.py:154} INFO - [2024-10-20T03:07:04.750+0000] {dag.py:2941} INFO - Sync 1 DAGs
[2024-10-20T03:07:04.806+0000] {logging_mixin.py:154} INFO - [2024-10-20T03:07:04.806+0000] {dag.py:3722} INFO - Setting next_dagrun for example_sla_dag to 2024-10-20T03:04:00+00:00, run_after=2024-10-20T03:06:00+00:00
[2024-10-20T03:07:05.104+0000] {processor.py:179} INFO - Processing /home/airflow/.local/lib/python3.8/site-packages/airflow/example_dags/example_sla_dag.py took 0.405 seconds
[2024-10-20T03:07:35.324+0000] {processor.py:157} INFO - Started process (PID=954) to work on /home/airflow/.local/lib/python3.8/site-packages/airflow/example_dags/example_sla_dag.py
[2024-10-20T03:07:35.325+0000] {processor.py:829} INFO - Processing file /home/airflow/.local/lib/python3.8/site-packages/airflow/example_dags/example_sla_dag.py for tasks to queue
[2024-10-20T03:07:35.327+0000] {logging_mixin.py:154} INFO - [2024-10-20T03:07:35.327+0000] {dagbag.py:536} INFO - Filling up the DagBag from /home/airflow/.local/lib/python3.8/site-packages/airflow/example_dags/example_sla_dag.py
[2024-10-20T03:07:35.336+0000] {processor.py:839} INFO - DAG(s) dict_keys(['example_sla_dag']) retrieved from /home/airflow/.local/lib/python3.8/site-packages/airflow/example_dags/example_sla_dag.py
[2024-10-20T03:07:35.359+0000] {logging_mixin.py:154} INFO - [2024-10-20T03:07:35.359+0000] {dag.py:2941} INFO - Sync 1 DAGs
[2024-10-20T03:07:35.389+0000] {logging_mixin.py:154} INFO - [2024-10-20T03:07:35.389+0000] {dag.py:3722} INFO - Setting next_dagrun for example_sla_dag to 2024-10-20T03:04:00+00:00, run_after=2024-10-20T03:06:00+00:00
[2024-10-20T03:07:35.417+0000] {processor.py:179} INFO - Processing /home/airflow/.local/lib/python3.8/site-packages/airflow/example_dags/example_sla_dag.py took 0.096 seconds
[2024-10-20T03:08:49.757+0000] {processor.py:157} INFO - Started process (PID=105) to work on /home/airflow/.local/lib/python3.8/site-packages/airflow/example_dags/example_sla_dag.py
[2024-10-20T03:08:49.758+0000] {processor.py:829} INFO - Processing file /home/airflow/.local/lib/python3.8/site-packages/airflow/example_dags/example_sla_dag.py for tasks to queue
[2024-10-20T03:08:49.761+0000] {logging_mixin.py:154} INFO - [2024-10-20T03:08:49.760+0000] {dagbag.py:536} INFO - Filling up the DagBag from /home/airflow/.local/lib/python3.8/site-packages/airflow/example_dags/example_sla_dag.py
[2024-10-20T03:08:49.770+0000] {processor.py:839} INFO - DAG(s) dict_keys(['example_sla_dag']) retrieved from /home/airflow/.local/lib/python3.8/site-packages/airflow/example_dags/example_sla_dag.py
[2024-10-20T03:08:49.786+0000] {logging_mixin.py:154} INFO - [2024-10-20T03:08:49.786+0000] {dag.py:2941} INFO - Sync 1 DAGs
[2024-10-20T03:08:49.814+0000] {logging_mixin.py:154} INFO - [2024-10-20T03:08:49.814+0000] {dag.py:3722} INFO - Setting next_dagrun for example_sla_dag to 2024-10-20T03:06:00+00:00, run_after=2024-10-20T03:08:00+00:00
[2024-10-20T03:08:49.842+0000] {processor.py:179} INFO - Processing /home/airflow/.local/lib/python3.8/site-packages/airflow/example_dags/example_sla_dag.py took 0.088 seconds
[2024-10-20T03:09:21.022+0000] {processor.py:157} INFO - Started process (PID=161) to work on /home/airflow/.local/lib/python3.8/site-packages/airflow/example_dags/example_sla_dag.py
[2024-10-20T03:09:21.024+0000] {processor.py:829} INFO - Processing file /home/airflow/.local/lib/python3.8/site-packages/airflow/example_dags/example_sla_dag.py for tasks to queue
[2024-10-20T03:09:21.028+0000] {logging_mixin.py:154} INFO - [2024-10-20T03:09:21.027+0000] {dagbag.py:536} INFO - Filling up the DagBag from /home/airflow/.local/lib/python3.8/site-packages/airflow/example_dags/example_sla_dag.py
[2024-10-20T03:09:21.040+0000] {processor.py:839} INFO - DAG(s) dict_keys(['example_sla_dag']) retrieved from /home/airflow/.local/lib/python3.8/site-packages/airflow/example_dags/example_sla_dag.py
[2024-10-20T03:09:21.070+0000] {logging_mixin.py:154} INFO - [2024-10-20T03:09:21.070+0000] {dag.py:2941} INFO - Sync 1 DAGs
[2024-10-20T03:09:21.102+0000] {logging_mixin.py:154} INFO - [2024-10-20T03:09:21.102+0000] {dag.py:3722} INFO - Setting next_dagrun for example_sla_dag to 2024-10-20T03:06:00+00:00, run_after=2024-10-20T03:08:00+00:00
[2024-10-20T03:09:21.133+0000] {processor.py:179} INFO - Processing /home/airflow/.local/lib/python3.8/site-packages/airflow/example_dags/example_sla_dag.py took 0.115 seconds
[2024-10-20T03:09:51.461+0000] {processor.py:157} INFO - Started process (PID=217) to work on /home/airflow/.local/lib/python3.8/site-packages/airflow/example_dags/example_sla_dag.py
[2024-10-20T03:09:51.463+0000] {processor.py:829} INFO - Processing file /home/airflow/.local/lib/python3.8/site-packages/airflow/example_dags/example_sla_dag.py for tasks to queue
[2024-10-20T03:09:51.465+0000] {logging_mixin.py:154} INFO - [2024-10-20T03:09:51.465+0000] {dagbag.py:536} INFO - Filling up the DagBag from /home/airflow/.local/lib/python3.8/site-packages/airflow/example_dags/example_sla_dag.py
[2024-10-20T03:09:51.473+0000] {processor.py:839} INFO - DAG(s) dict_keys(['example_sla_dag']) retrieved from /home/airflow/.local/lib/python3.8/site-packages/airflow/example_dags/example_sla_dag.py
[2024-10-20T03:09:51.493+0000] {logging_mixin.py:154} INFO - [2024-10-20T03:09:51.493+0000] {dag.py:2941} INFO - Sync 1 DAGs
[2024-10-20T03:09:51.517+0000] {logging_mixin.py:154} INFO - [2024-10-20T03:09:51.517+0000] {dag.py:3722} INFO - Setting next_dagrun for example_sla_dag to 2024-10-20T03:06:00+00:00, run_after=2024-10-20T03:08:00+00:00
[2024-10-20T03:09:51.538+0000] {processor.py:179} INFO - Processing /home/airflow/.local/lib/python3.8/site-packages/airflow/example_dags/example_sla_dag.py took 0.080 seconds
[2024-10-20T03:10:21.765+0000] {processor.py:157} INFO - Started process (PID=273) to work on /home/airflow/.local/lib/python3.8/site-packages/airflow/example_dags/example_sla_dag.py
[2024-10-20T03:10:21.766+0000] {processor.py:829} INFO - Processing file /home/airflow/.local/lib/python3.8/site-packages/airflow/example_dags/example_sla_dag.py for tasks to queue
[2024-10-20T03:10:21.770+0000] {logging_mixin.py:154} INFO - [2024-10-20T03:10:21.769+0000] {dagbag.py:536} INFO - Filling up the DagBag from /home/airflow/.local/lib/python3.8/site-packages/airflow/example_dags/example_sla_dag.py
[2024-10-20T03:10:21.778+0000] {processor.py:839} INFO - DAG(s) dict_keys(['example_sla_dag']) retrieved from /home/airflow/.local/lib/python3.8/site-packages/airflow/example_dags/example_sla_dag.py
[2024-10-20T03:10:21.811+0000] {logging_mixin.py:154} INFO - [2024-10-20T03:10:21.810+0000] {dag.py:2941} INFO - Sync 1 DAGs
[2024-10-20T03:10:21.870+0000] {logging_mixin.py:154} INFO - [2024-10-20T03:10:21.870+0000] {dag.py:3722} INFO - Setting next_dagrun for example_sla_dag to 2024-10-20T03:08:00+00:00, run_after=2024-10-20T03:10:00+00:00
[2024-10-20T03:10:21.902+0000] {processor.py:179} INFO - Processing /home/airflow/.local/lib/python3.8/site-packages/airflow/example_dags/example_sla_dag.py took 0.141 seconds
[2024-10-20T03:10:52.843+0000] {processor.py:157} INFO - Started process (PID=329) to work on /home/airflow/.local/lib/python3.8/site-packages/airflow/example_dags/example_sla_dag.py
[2024-10-20T03:10:52.844+0000] {processor.py:829} INFO - Processing file /home/airflow/.local/lib/python3.8/site-packages/airflow/example_dags/example_sla_dag.py for tasks to queue
[2024-10-20T03:10:52.847+0000] {logging_mixin.py:154} INFO - [2024-10-20T03:10:52.847+0000] {dagbag.py:536} INFO - Filling up the DagBag from /home/airflow/.local/lib/python3.8/site-packages/airflow/example_dags/example_sla_dag.py
[2024-10-20T03:10:52.856+0000] {processor.py:839} INFO - DAG(s) dict_keys(['example_sla_dag']) retrieved from /home/airflow/.local/lib/python3.8/site-packages/airflow/example_dags/example_sla_dag.py
[2024-10-20T03:10:52.880+0000] {logging_mixin.py:154} INFO - [2024-10-20T03:10:52.879+0000] {dag.py:2941} INFO - Sync 1 DAGs
[2024-10-20T03:10:52.907+0000] {logging_mixin.py:154} INFO - [2024-10-20T03:10:52.907+0000] {dag.py:3722} INFO - Setting next_dagrun for example_sla_dag to 2024-10-20T03:08:00+00:00, run_after=2024-10-20T03:10:00+00:00
[2024-10-20T03:10:52.932+0000] {processor.py:179} INFO - Processing /home/airflow/.local/lib/python3.8/site-packages/airflow/example_dags/example_sla_dag.py took 0.093 seconds
[2024-10-20T03:11:23.464+0000] {processor.py:157} INFO - Started process (PID=385) to work on /home/airflow/.local/lib/python3.8/site-packages/airflow/example_dags/example_sla_dag.py
[2024-10-20T03:11:23.465+0000] {processor.py:829} INFO - Processing file /home/airflow/.local/lib/python3.8/site-packages/airflow/example_dags/example_sla_dag.py for tasks to queue
[2024-10-20T03:11:23.467+0000] {logging_mixin.py:154} INFO - [2024-10-20T03:11:23.467+0000] {dagbag.py:536} INFO - Filling up the DagBag from /home/airflow/.local/lib/python3.8/site-packages/airflow/example_dags/example_sla_dag.py
[2024-10-20T03:11:23.476+0000] {processor.py:839} INFO - DAG(s) dict_keys(['example_sla_dag']) retrieved from /home/airflow/.local/lib/python3.8/site-packages/airflow/example_dags/example_sla_dag.py
[2024-10-20T03:11:23.497+0000] {logging_mixin.py:154} INFO - [2024-10-20T03:11:23.497+0000] {dag.py:2941} INFO - Sync 1 DAGs
[2024-10-20T03:11:23.523+0000] {logging_mixin.py:154} INFO - [2024-10-20T03:11:23.523+0000] {dag.py:3722} INFO - Setting next_dagrun for example_sla_dag to 2024-10-20T03:08:00+00:00, run_after=2024-10-20T03:10:00+00:00
[2024-10-20T03:11:23.545+0000] {processor.py:179} INFO - Processing /home/airflow/.local/lib/python3.8/site-packages/airflow/example_dags/example_sla_dag.py took 0.084 seconds
[2024-10-20T03:11:54.676+0000] {processor.py:157} INFO - Started process (PID=441) to work on /home/airflow/.local/lib/python3.8/site-packages/airflow/example_dags/example_sla_dag.py
[2024-10-20T03:11:54.677+0000] {processor.py:829} INFO - Processing file /home/airflow/.local/lib/python3.8/site-packages/airflow/example_dags/example_sla_dag.py for tasks to queue
[2024-10-20T03:11:54.680+0000] {logging_mixin.py:154} INFO - [2024-10-20T03:11:54.679+0000] {dagbag.py:536} INFO - Filling up the DagBag from /home/airflow/.local/lib/python3.8/site-packages/airflow/example_dags/example_sla_dag.py
[2024-10-20T03:11:54.688+0000] {processor.py:839} INFO - DAG(s) dict_keys(['example_sla_dag']) retrieved from /home/airflow/.local/lib/python3.8/site-packages/airflow/example_dags/example_sla_dag.py
[2024-10-20T03:11:54.713+0000] {logging_mixin.py:154} INFO - [2024-10-20T03:11:54.713+0000] {dag.py:2941} INFO - Sync 1 DAGs
[2024-10-20T03:11:54.755+0000] {logging_mixin.py:154} INFO - [2024-10-20T03:11:54.755+0000] {dag.py:3722} INFO - Setting next_dagrun for example_sla_dag to 2024-10-20T03:08:00+00:00, run_after=2024-10-20T03:10:00+00:00
[2024-10-20T03:11:54.789+0000] {processor.py:179} INFO - Processing /home/airflow/.local/lib/python3.8/site-packages/airflow/example_dags/example_sla_dag.py took 0.116 seconds
[2024-10-20T03:12:25.223+0000] {processor.py:157} INFO - Started process (PID=497) to work on /home/airflow/.local/lib/python3.8/site-packages/airflow/example_dags/example_sla_dag.py
[2024-10-20T03:12:25.224+0000] {processor.py:829} INFO - Processing file /home/airflow/.local/lib/python3.8/site-packages/airflow/example_dags/example_sla_dag.py for tasks to queue
[2024-10-20T03:12:25.227+0000] {logging_mixin.py:154} INFO - [2024-10-20T03:12:25.226+0000] {dagbag.py:536} INFO - Filling up the DagBag from /home/airflow/.local/lib/python3.8/site-packages/airflow/example_dags/example_sla_dag.py
[2024-10-20T03:12:25.238+0000] {processor.py:839} INFO - DAG(s) dict_keys(['example_sla_dag']) retrieved from /home/airflow/.local/lib/python3.8/site-packages/airflow/example_dags/example_sla_dag.py
[2024-10-20T03:12:25.261+0000] {logging_mixin.py:154} INFO - [2024-10-20T03:12:25.260+0000] {dag.py:2941} INFO - Sync 1 DAGs
[2024-10-20T03:12:25.287+0000] {logging_mixin.py:154} INFO - [2024-10-20T03:12:25.287+0000] {dag.py:3722} INFO - Setting next_dagrun for example_sla_dag to 2024-10-20T03:10:00+00:00, run_after=2024-10-20T03:12:00+00:00
[2024-10-20T03:12:25.308+0000] {processor.py:179} INFO - Processing /home/airflow/.local/lib/python3.8/site-packages/airflow/example_dags/example_sla_dag.py took 0.089 seconds
[2024-10-20T03:12:55.892+0000] {processor.py:157} INFO - Started process (PID=553) to work on /home/airflow/.local/lib/python3.8/site-packages/airflow/example_dags/example_sla_dag.py
[2024-10-20T03:12:55.893+0000] {processor.py:829} INFO - Processing file /home/airflow/.local/lib/python3.8/site-packages/airflow/example_dags/example_sla_dag.py for tasks to queue
[2024-10-20T03:12:55.895+0000] {logging_mixin.py:154} INFO - [2024-10-20T03:12:55.895+0000] {dagbag.py:536} INFO - Filling up the DagBag from /home/airflow/.local/lib/python3.8/site-packages/airflow/example_dags/example_sla_dag.py
[2024-10-20T03:12:55.903+0000] {processor.py:839} INFO - DAG(s) dict_keys(['example_sla_dag']) retrieved from /home/airflow/.local/lib/python3.8/site-packages/airflow/example_dags/example_sla_dag.py
[2024-10-20T03:12:55.926+0000] {logging_mixin.py:154} INFO - [2024-10-20T03:12:55.926+0000] {dag.py:2941} INFO - Sync 1 DAGs
[2024-10-20T03:12:55.952+0000] {logging_mixin.py:154} INFO - [2024-10-20T03:12:55.951+0000] {dag.py:3722} INFO - Setting next_dagrun for example_sla_dag to 2024-10-20T03:10:00+00:00, run_after=2024-10-20T03:12:00+00:00
[2024-10-20T03:12:55.975+0000] {processor.py:179} INFO - Processing /home/airflow/.local/lib/python3.8/site-packages/airflow/example_dags/example_sla_dag.py took 0.086 seconds
[2024-10-20T03:13:26.307+0000] {processor.py:157} INFO - Started process (PID=609) to work on /home/airflow/.local/lib/python3.8/site-packages/airflow/example_dags/example_sla_dag.py
[2024-10-20T03:13:26.308+0000] {processor.py:829} INFO - Processing file /home/airflow/.local/lib/python3.8/site-packages/airflow/example_dags/example_sla_dag.py for tasks to queue
[2024-10-20T03:13:26.311+0000] {logging_mixin.py:154} INFO - [2024-10-20T03:13:26.310+0000] {dagbag.py:536} INFO - Filling up the DagBag from /home/airflow/.local/lib/python3.8/site-packages/airflow/example_dags/example_sla_dag.py
[2024-10-20T03:13:26.319+0000] {processor.py:839} INFO - DAG(s) dict_keys(['example_sla_dag']) retrieved from /home/airflow/.local/lib/python3.8/site-packages/airflow/example_dags/example_sla_dag.py
[2024-10-20T03:13:26.342+0000] {logging_mixin.py:154} INFO - [2024-10-20T03:13:26.341+0000] {dag.py:2941} INFO - Sync 1 DAGs
[2024-10-20T03:13:26.368+0000] {logging_mixin.py:154} INFO - [2024-10-20T03:13:26.368+0000] {dag.py:3722} INFO - Setting next_dagrun for example_sla_dag to 2024-10-20T03:10:00+00:00, run_after=2024-10-20T03:12:00+00:00
[2024-10-20T03:13:26.390+0000] {processor.py:179} INFO - Processing /home/airflow/.local/lib/python3.8/site-packages/airflow/example_dags/example_sla_dag.py took 0.087 seconds
[2024-10-20T03:13:56.722+0000] {processor.py:157} INFO - Started process (PID=665) to work on /home/airflow/.local/lib/python3.8/site-packages/airflow/example_dags/example_sla_dag.py
[2024-10-20T03:13:56.723+0000] {processor.py:829} INFO - Processing file /home/airflow/.local/lib/python3.8/site-packages/airflow/example_dags/example_sla_dag.py for tasks to queue
[2024-10-20T03:13:56.726+0000] {logging_mixin.py:154} INFO - [2024-10-20T03:13:56.726+0000] {dagbag.py:536} INFO - Filling up the DagBag from /home/airflow/.local/lib/python3.8/site-packages/airflow/example_dags/example_sla_dag.py
[2024-10-20T03:13:56.733+0000] {processor.py:839} INFO - DAG(s) dict_keys(['example_sla_dag']) retrieved from /home/airflow/.local/lib/python3.8/site-packages/airflow/example_dags/example_sla_dag.py
[2024-10-20T03:13:56.754+0000] {logging_mixin.py:154} INFO - [2024-10-20T03:13:56.754+0000] {dag.py:2941} INFO - Sync 1 DAGs
[2024-10-20T03:13:56.781+0000] {logging_mixin.py:154} INFO - [2024-10-20T03:13:56.781+0000] {dag.py:3722} INFO - Setting next_dagrun for example_sla_dag to 2024-10-20T03:10:00+00:00, run_after=2024-10-20T03:12:00+00:00
[2024-10-20T03:13:56.805+0000] {processor.py:179} INFO - Processing /home/airflow/.local/lib/python3.8/site-packages/airflow/example_dags/example_sla_dag.py took 0.086 seconds
[2024-10-20T03:14:27.101+0000] {processor.py:157} INFO - Started process (PID=721) to work on /home/airflow/.local/lib/python3.8/site-packages/airflow/example_dags/example_sla_dag.py
[2024-10-20T03:14:27.103+0000] {processor.py:829} INFO - Processing file /home/airflow/.local/lib/python3.8/site-packages/airflow/example_dags/example_sla_dag.py for tasks to queue
[2024-10-20T03:14:27.105+0000] {logging_mixin.py:154} INFO - [2024-10-20T03:14:27.105+0000] {dagbag.py:536} INFO - Filling up the DagBag from /home/airflow/.local/lib/python3.8/site-packages/airflow/example_dags/example_sla_dag.py
[2024-10-20T03:14:27.115+0000] {processor.py:839} INFO - DAG(s) dict_keys(['example_sla_dag']) retrieved from /home/airflow/.local/lib/python3.8/site-packages/airflow/example_dags/example_sla_dag.py
[2024-10-20T03:14:27.141+0000] {logging_mixin.py:154} INFO - [2024-10-20T03:14:27.141+0000] {dag.py:2941} INFO - Sync 1 DAGs
[2024-10-20T03:14:27.169+0000] {logging_mixin.py:154} INFO - [2024-10-20T03:14:27.169+0000] {dag.py:3722} INFO - Setting next_dagrun for example_sla_dag to 2024-10-20T03:12:00+00:00, run_after=2024-10-20T03:14:00+00:00
[2024-10-20T03:14:27.193+0000] {processor.py:179} INFO - Processing /home/airflow/.local/lib/python3.8/site-packages/airflow/example_dags/example_sla_dag.py took 0.095 seconds
[2024-10-20T03:14:57.523+0000] {processor.py:157} INFO - Started process (PID=777) to work on /home/airflow/.local/lib/python3.8/site-packages/airflow/example_dags/example_sla_dag.py
[2024-10-20T03:14:57.524+0000] {processor.py:829} INFO - Processing file /home/airflow/.local/lib/python3.8/site-packages/airflow/example_dags/example_sla_dag.py for tasks to queue
[2024-10-20T03:14:57.527+0000] {logging_mixin.py:154} INFO - [2024-10-20T03:14:57.526+0000] {dagbag.py:536} INFO - Filling up the DagBag from /home/airflow/.local/lib/python3.8/site-packages/airflow/example_dags/example_sla_dag.py
[2024-10-20T03:14:57.535+0000] {processor.py:839} INFO - DAG(s) dict_keys(['example_sla_dag']) retrieved from /home/airflow/.local/lib/python3.8/site-packages/airflow/example_dags/example_sla_dag.py
[2024-10-20T03:14:57.559+0000] {logging_mixin.py:154} INFO - [2024-10-20T03:14:57.559+0000] {dag.py:2941} INFO - Sync 1 DAGs
[2024-10-20T03:14:57.584+0000] {logging_mixin.py:154} INFO - [2024-10-20T03:14:57.584+0000] {dag.py:3722} INFO - Setting next_dagrun for example_sla_dag to 2024-10-20T03:12:00+00:00, run_after=2024-10-20T03:14:00+00:00
[2024-10-20T03:14:57.608+0000] {processor.py:179} INFO - Processing /home/airflow/.local/lib/python3.8/site-packages/airflow/example_dags/example_sla_dag.py took 0.087 seconds
[2024-10-20T03:15:27.718+0000] {processor.py:157} INFO - Started process (PID=831) to work on /home/airflow/.local/lib/python3.8/site-packages/airflow/example_dags/example_sla_dag.py
[2024-10-20T03:15:27.720+0000] {processor.py:829} INFO - Processing file /home/airflow/.local/lib/python3.8/site-packages/airflow/example_dags/example_sla_dag.py for tasks to queue
[2024-10-20T03:15:27.723+0000] {logging_mixin.py:154} INFO - [2024-10-20T03:15:27.722+0000] {dagbag.py:536} INFO - Filling up the DagBag from /home/airflow/.local/lib/python3.8/site-packages/airflow/example_dags/example_sla_dag.py
[2024-10-20T03:15:27.733+0000] {processor.py:839} INFO - DAG(s) dict_keys(['example_sla_dag']) retrieved from /home/airflow/.local/lib/python3.8/site-packages/airflow/example_dags/example_sla_dag.py
[2024-10-20T03:15:27.756+0000] {logging_mixin.py:154} INFO - [2024-10-20T03:15:27.756+0000] {dag.py:2941} INFO - Sync 1 DAGs
[2024-10-20T03:15:27.782+0000] {logging_mixin.py:154} INFO - [2024-10-20T03:15:27.781+0000] {dag.py:3722} INFO - Setting next_dagrun for example_sla_dag to 2024-10-20T03:12:00+00:00, run_after=2024-10-20T03:14:00+00:00
[2024-10-20T03:15:27.958+0000] {processor.py:179} INFO - Processing /home/airflow/.local/lib/python3.8/site-packages/airflow/example_dags/example_sla_dag.py took 0.243 seconds
[2024-10-20T03:15:58.625+0000] {processor.py:157} INFO - Started process (PID=887) to work on /home/airflow/.local/lib/python3.8/site-packages/airflow/example_dags/example_sla_dag.py
[2024-10-20T03:15:58.627+0000] {processor.py:829} INFO - Processing file /home/airflow/.local/lib/python3.8/site-packages/airflow/example_dags/example_sla_dag.py for tasks to queue
[2024-10-20T03:15:58.629+0000] {logging_mixin.py:154} INFO - [2024-10-20T03:15:58.629+0000] {dagbag.py:536} INFO - Filling up the DagBag from /home/airflow/.local/lib/python3.8/site-packages/airflow/example_dags/example_sla_dag.py
[2024-10-20T03:15:58.637+0000] {processor.py:839} INFO - DAG(s) dict_keys(['example_sla_dag']) retrieved from /home/airflow/.local/lib/python3.8/site-packages/airflow/example_dags/example_sla_dag.py
[2024-10-20T03:15:58.660+0000] {logging_mixin.py:154} INFO - [2024-10-20T03:15:58.660+0000] {dag.py:2941} INFO - Sync 1 DAGs
[2024-10-20T03:15:58.689+0000] {logging_mixin.py:154} INFO - [2024-10-20T03:15:58.688+0000] {dag.py:3722} INFO - Setting next_dagrun for example_sla_dag to 2024-10-20T03:12:00+00:00, run_after=2024-10-20T03:14:00+00:00
[2024-10-20T03:15:58.712+0000] {processor.py:179} INFO - Processing /home/airflow/.local/lib/python3.8/site-packages/airflow/example_dags/example_sla_dag.py took 0.090 seconds
[2024-10-20T03:16:29.178+0000] {processor.py:157} INFO - Started process (PID=943) to work on /home/airflow/.local/lib/python3.8/site-packages/airflow/example_dags/example_sla_dag.py
[2024-10-20T03:16:29.180+0000] {processor.py:829} INFO - Processing file /home/airflow/.local/lib/python3.8/site-packages/airflow/example_dags/example_sla_dag.py for tasks to queue
[2024-10-20T03:16:29.183+0000] {logging_mixin.py:154} INFO - [2024-10-20T03:16:29.182+0000] {dagbag.py:536} INFO - Filling up the DagBag from /home/airflow/.local/lib/python3.8/site-packages/airflow/example_dags/example_sla_dag.py
[2024-10-20T03:16:29.191+0000] {processor.py:839} INFO - DAG(s) dict_keys(['example_sla_dag']) retrieved from /home/airflow/.local/lib/python3.8/site-packages/airflow/example_dags/example_sla_dag.py
[2024-10-20T03:16:29.212+0000] {logging_mixin.py:154} INFO - [2024-10-20T03:16:29.212+0000] {dag.py:2941} INFO - Sync 1 DAGs
[2024-10-20T03:16:29.239+0000] {logging_mixin.py:154} INFO - [2024-10-20T03:16:29.239+0000] {dag.py:3722} INFO - Setting next_dagrun for example_sla_dag to 2024-10-20T03:14:00+00:00, run_after=2024-10-20T03:16:00+00:00
[2024-10-20T03:16:29.260+0000] {processor.py:179} INFO - Processing /home/airflow/.local/lib/python3.8/site-packages/airflow/example_dags/example_sla_dag.py took 0.085 seconds
[2024-10-20T03:17:01.345+0000] {processor.py:157} INFO - Started process (PID=1000) to work on /home/airflow/.local/lib/python3.8/site-packages/airflow/example_dags/example_sla_dag.py
[2024-10-20T03:17:01.346+0000] {processor.py:829} INFO - Processing file /home/airflow/.local/lib/python3.8/site-packages/airflow/example_dags/example_sla_dag.py for tasks to queue
[2024-10-20T03:17:01.348+0000] {logging_mixin.py:154} INFO - [2024-10-20T03:17:01.348+0000] {dagbag.py:536} INFO - Filling up the DagBag from /home/airflow/.local/lib/python3.8/site-packages/airflow/example_dags/example_sla_dag.py
[2024-10-20T03:17:01.357+0000] {processor.py:839} INFO - DAG(s) dict_keys(['example_sla_dag']) retrieved from /home/airflow/.local/lib/python3.8/site-packages/airflow/example_dags/example_sla_dag.py
[2024-10-20T03:17:01.378+0000] {logging_mixin.py:154} INFO - [2024-10-20T03:17:01.378+0000] {dag.py:2941} INFO - Sync 1 DAGs
[2024-10-20T03:17:01.402+0000] {logging_mixin.py:154} INFO - [2024-10-20T03:17:01.402+0000] {dag.py:3722} INFO - Setting next_dagrun for example_sla_dag to 2024-10-20T03:14:00+00:00, run_after=2024-10-20T03:16:00+00:00
[2024-10-20T03:17:01.424+0000] {processor.py:179} INFO - Processing /home/airflow/.local/lib/python3.8/site-packages/airflow/example_dags/example_sla_dag.py took 0.084 seconds
[2024-10-20T03:17:32.717+0000] {processor.py:157} INFO - Started process (PID=1057) to work on /home/airflow/.local/lib/python3.8/site-packages/airflow/example_dags/example_sla_dag.py
[2024-10-20T03:17:32.719+0000] {processor.py:829} INFO - Processing file /home/airflow/.local/lib/python3.8/site-packages/airflow/example_dags/example_sla_dag.py for tasks to queue
[2024-10-20T03:17:32.721+0000] {logging_mixin.py:154} INFO - [2024-10-20T03:17:32.721+0000] {dagbag.py:536} INFO - Filling up the DagBag from /home/airflow/.local/lib/python3.8/site-packages/airflow/example_dags/example_sla_dag.py
[2024-10-20T03:17:32.730+0000] {processor.py:839} INFO - DAG(s) dict_keys(['example_sla_dag']) retrieved from /home/airflow/.local/lib/python3.8/site-packages/airflow/example_dags/example_sla_dag.py
[2024-10-20T03:17:32.752+0000] {logging_mixin.py:154} INFO - [2024-10-20T03:17:32.751+0000] {dag.py:2941} INFO - Sync 1 DAGs
[2024-10-20T03:17:32.777+0000] {logging_mixin.py:154} INFO - [2024-10-20T03:17:32.777+0000] {dag.py:3722} INFO - Setting next_dagrun for example_sla_dag to 2024-10-20T03:14:00+00:00, run_after=2024-10-20T03:16:00+00:00
[2024-10-20T03:17:32.934+0000] {processor.py:179} INFO - Processing /home/airflow/.local/lib/python3.8/site-packages/airflow/example_dags/example_sla_dag.py took 0.220 seconds
[2024-10-20T07:21:06.841+0000] {processor.py:157} INFO - Started process (PID=106) to work on /home/airflow/.local/lib/python3.8/site-packages/airflow/example_dags/example_sla_dag.py
[2024-10-20T07:21:06.844+0000] {processor.py:829} INFO - Processing file /home/airflow/.local/lib/python3.8/site-packages/airflow/example_dags/example_sla_dag.py for tasks to queue
[2024-10-20T07:21:06.846+0000] {logging_mixin.py:154} INFO - [2024-10-20T07:21:06.846+0000] {dagbag.py:536} INFO - Filling up the DagBag from /home/airflow/.local/lib/python3.8/site-packages/airflow/example_dags/example_sla_dag.py
[2024-10-20T07:21:06.856+0000] {processor.py:839} INFO - DAG(s) dict_keys(['example_sla_dag']) retrieved from /home/airflow/.local/lib/python3.8/site-packages/airflow/example_dags/example_sla_dag.py
[2024-10-20T07:21:06.886+0000] {logging_mixin.py:154} INFO - [2024-10-20T07:21:06.886+0000] {dag.py:2941} INFO - Sync 1 DAGs
[2024-10-20T07:21:06.921+0000] {logging_mixin.py:154} INFO - [2024-10-20T07:21:06.921+0000] {dag.py:3722} INFO - Setting next_dagrun for example_sla_dag to 2024-10-20T07:18:00+00:00, run_after=2024-10-20T07:20:00+00:00
[2024-10-20T07:21:06.958+0000] {processor.py:179} INFO - Processing /home/airflow/.local/lib/python3.8/site-packages/airflow/example_dags/example_sla_dag.py took 0.120 seconds
[2024-10-20T07:21:38.061+0000] {processor.py:157} INFO - Started process (PID=162) to work on /home/airflow/.local/lib/python3.8/site-packages/airflow/example_dags/example_sla_dag.py
[2024-10-20T07:21:38.063+0000] {processor.py:829} INFO - Processing file /home/airflow/.local/lib/python3.8/site-packages/airflow/example_dags/example_sla_dag.py for tasks to queue
[2024-10-20T07:21:38.067+0000] {logging_mixin.py:154} INFO - [2024-10-20T07:21:38.067+0000] {dagbag.py:536} INFO - Filling up the DagBag from /home/airflow/.local/lib/python3.8/site-packages/airflow/example_dags/example_sla_dag.py
[2024-10-20T07:21:38.081+0000] {processor.py:839} INFO - DAG(s) dict_keys(['example_sla_dag']) retrieved from /home/airflow/.local/lib/python3.8/site-packages/airflow/example_dags/example_sla_dag.py
[2024-10-20T07:21:38.115+0000] {logging_mixin.py:154} INFO - [2024-10-20T07:21:38.114+0000] {dag.py:2941} INFO - Sync 1 DAGs
[2024-10-20T07:21:38.157+0000] {logging_mixin.py:154} INFO - [2024-10-20T07:21:38.156+0000] {dag.py:3722} INFO - Setting next_dagrun for example_sla_dag to 2024-10-20T07:18:00+00:00, run_after=2024-10-20T07:20:00+00:00
[2024-10-20T07:21:38.189+0000] {processor.py:179} INFO - Processing /home/airflow/.local/lib/python3.8/site-packages/airflow/example_dags/example_sla_dag.py took 0.134 seconds
[2024-10-20T07:22:09.243+0000] {processor.py:157} INFO - Started process (PID=218) to work on /home/airflow/.local/lib/python3.8/site-packages/airflow/example_dags/example_sla_dag.py
[2024-10-20T07:22:09.245+0000] {processor.py:829} INFO - Processing file /home/airflow/.local/lib/python3.8/site-packages/airflow/example_dags/example_sla_dag.py for tasks to queue
[2024-10-20T07:22:09.251+0000] {logging_mixin.py:154} INFO - [2024-10-20T07:22:09.251+0000] {dagbag.py:536} INFO - Filling up the DagBag from /home/airflow/.local/lib/python3.8/site-packages/airflow/example_dags/example_sla_dag.py
[2024-10-20T07:22:09.265+0000] {processor.py:839} INFO - DAG(s) dict_keys(['example_sla_dag']) retrieved from /home/airflow/.local/lib/python3.8/site-packages/airflow/example_dags/example_sla_dag.py
[2024-10-20T07:22:09.301+0000] {logging_mixin.py:154} INFO - [2024-10-20T07:22:09.300+0000] {dag.py:2941} INFO - Sync 1 DAGs
[2024-10-20T07:22:09.349+0000] {logging_mixin.py:154} INFO - [2024-10-20T07:22:09.349+0000] {dag.py:3722} INFO - Setting next_dagrun for example_sla_dag to 2024-10-20T07:20:00+00:00, run_after=2024-10-20T07:22:00+00:00
[2024-10-20T07:22:09.387+0000] {processor.py:179} INFO - Processing /home/airflow/.local/lib/python3.8/site-packages/airflow/example_dags/example_sla_dag.py took 0.149 seconds
[2024-10-20T07:22:39.488+0000] {processor.py:157} INFO - Started process (PID=274) to work on /home/airflow/.local/lib/python3.8/site-packages/airflow/example_dags/example_sla_dag.py
[2024-10-20T07:22:39.490+0000] {processor.py:829} INFO - Processing file /home/airflow/.local/lib/python3.8/site-packages/airflow/example_dags/example_sla_dag.py for tasks to queue
[2024-10-20T07:22:39.494+0000] {logging_mixin.py:154} INFO - [2024-10-20T07:22:39.493+0000] {dagbag.py:536} INFO - Filling up the DagBag from /home/airflow/.local/lib/python3.8/site-packages/airflow/example_dags/example_sla_dag.py
[2024-10-20T07:22:39.510+0000] {processor.py:839} INFO - DAG(s) dict_keys(['example_sla_dag']) retrieved from /home/airflow/.local/lib/python3.8/site-packages/airflow/example_dags/example_sla_dag.py
[2024-10-20T07:22:39.544+0000] {logging_mixin.py:154} INFO - [2024-10-20T07:22:39.544+0000] {dag.py:2941} INFO - Sync 1 DAGs
[2024-10-20T07:22:39.591+0000] {logging_mixin.py:154} INFO - [2024-10-20T07:22:39.590+0000] {dag.py:3722} INFO - Setting next_dagrun for example_sla_dag to 2024-10-20T07:20:00+00:00, run_after=2024-10-20T07:22:00+00:00
[2024-10-20T07:22:39.627+0000] {processor.py:179} INFO - Processing /home/airflow/.local/lib/python3.8/site-packages/airflow/example_dags/example_sla_dag.py took 0.144 seconds
[2024-10-20T07:23:10.609+0000] {processor.py:157} INFO - Started process (PID=330) to work on /home/airflow/.local/lib/python3.8/site-packages/airflow/example_dags/example_sla_dag.py
[2024-10-20T07:23:10.611+0000] {processor.py:829} INFO - Processing file /home/airflow/.local/lib/python3.8/site-packages/airflow/example_dags/example_sla_dag.py for tasks to queue
[2024-10-20T07:23:10.614+0000] {logging_mixin.py:154} INFO - [2024-10-20T07:23:10.614+0000] {dagbag.py:536} INFO - Filling up the DagBag from /home/airflow/.local/lib/python3.8/site-packages/airflow/example_dags/example_sla_dag.py
[2024-10-20T07:23:10.629+0000] {processor.py:839} INFO - DAG(s) dict_keys(['example_sla_dag']) retrieved from /home/airflow/.local/lib/python3.8/site-packages/airflow/example_dags/example_sla_dag.py
[2024-10-20T07:23:10.664+0000] {logging_mixin.py:154} INFO - [2024-10-20T07:23:10.664+0000] {dag.py:2941} INFO - Sync 1 DAGs
[2024-10-20T07:23:10.711+0000] {logging_mixin.py:154} INFO - [2024-10-20T07:23:10.710+0000] {dag.py:3722} INFO - Setting next_dagrun for example_sla_dag to 2024-10-20T07:20:00+00:00, run_after=2024-10-20T07:22:00+00:00
[2024-10-20T07:23:10.747+0000] {processor.py:179} INFO - Processing /home/airflow/.local/lib/python3.8/site-packages/airflow/example_dags/example_sla_dag.py took 0.142 seconds
[2024-10-20T07:23:41.600+0000] {processor.py:157} INFO - Started process (PID=386) to work on /home/airflow/.local/lib/python3.8/site-packages/airflow/example_dags/example_sla_dag.py
[2024-10-20T07:23:41.602+0000] {processor.py:829} INFO - Processing file /home/airflow/.local/lib/python3.8/site-packages/airflow/example_dags/example_sla_dag.py for tasks to queue
[2024-10-20T07:23:41.606+0000] {logging_mixin.py:154} INFO - [2024-10-20T07:23:41.605+0000] {dagbag.py:536} INFO - Filling up the DagBag from /home/airflow/.local/lib/python3.8/site-packages/airflow/example_dags/example_sla_dag.py
[2024-10-20T07:23:41.633+0000] {processor.py:839} INFO - DAG(s) dict_keys(['example_sla_dag']) retrieved from /home/airflow/.local/lib/python3.8/site-packages/airflow/example_dags/example_sla_dag.py
[2024-10-20T07:23:41.677+0000] {logging_mixin.py:154} INFO - [2024-10-20T07:23:41.676+0000] {dag.py:2941} INFO - Sync 1 DAGs
[2024-10-20T07:23:41.727+0000] {logging_mixin.py:154} INFO - [2024-10-20T07:23:41.726+0000] {dag.py:3722} INFO - Setting next_dagrun for example_sla_dag to 2024-10-20T07:20:00+00:00, run_after=2024-10-20T07:22:00+00:00
[2024-10-20T07:23:41.766+0000] {processor.py:179} INFO - Processing /home/airflow/.local/lib/python3.8/site-packages/airflow/example_dags/example_sla_dag.py took 0.171 seconds
[2024-10-20T07:24:11.941+0000] {processor.py:157} INFO - Started process (PID=442) to work on /home/airflow/.local/lib/python3.8/site-packages/airflow/example_dags/example_sla_dag.py
[2024-10-20T07:24:11.943+0000] {processor.py:829} INFO - Processing file /home/airflow/.local/lib/python3.8/site-packages/airflow/example_dags/example_sla_dag.py for tasks to queue
[2024-10-20T07:24:11.946+0000] {logging_mixin.py:154} INFO - [2024-10-20T07:24:11.946+0000] {dagbag.py:536} INFO - Filling up the DagBag from /home/airflow/.local/lib/python3.8/site-packages/airflow/example_dags/example_sla_dag.py
[2024-10-20T07:24:11.960+0000] {processor.py:839} INFO - DAG(s) dict_keys(['example_sla_dag']) retrieved from /home/airflow/.local/lib/python3.8/site-packages/airflow/example_dags/example_sla_dag.py
[2024-10-20T07:24:11.995+0000] {logging_mixin.py:154} INFO - [2024-10-20T07:24:11.994+0000] {dag.py:2941} INFO - Sync 1 DAGs
[2024-10-20T07:24:12.036+0000] {logging_mixin.py:154} INFO - [2024-10-20T07:24:12.036+0000] {dag.py:3722} INFO - Setting next_dagrun for example_sla_dag to 2024-10-20T07:22:00+00:00, run_after=2024-10-20T07:24:00+00:00
[2024-10-20T07:24:12.068+0000] {processor.py:179} INFO - Processing /home/airflow/.local/lib/python3.8/site-packages/airflow/example_dags/example_sla_dag.py took 0.131 seconds
[2024-10-20T07:24:42.729+0000] {processor.py:157} INFO - Started process (PID=498) to work on /home/airflow/.local/lib/python3.8/site-packages/airflow/example_dags/example_sla_dag.py
[2024-10-20T07:24:42.731+0000] {processor.py:829} INFO - Processing file /home/airflow/.local/lib/python3.8/site-packages/airflow/example_dags/example_sla_dag.py for tasks to queue
[2024-10-20T07:24:42.735+0000] {logging_mixin.py:154} INFO - [2024-10-20T07:24:42.734+0000] {dagbag.py:536} INFO - Filling up the DagBag from /home/airflow/.local/lib/python3.8/site-packages/airflow/example_dags/example_sla_dag.py
[2024-10-20T07:24:42.747+0000] {processor.py:839} INFO - DAG(s) dict_keys(['example_sla_dag']) retrieved from /home/airflow/.local/lib/python3.8/site-packages/airflow/example_dags/example_sla_dag.py
[2024-10-20T07:24:42.782+0000] {logging_mixin.py:154} INFO - [2024-10-20T07:24:42.781+0000] {dag.py:2941} INFO - Sync 1 DAGs
[2024-10-20T07:24:42.827+0000] {logging_mixin.py:154} INFO - [2024-10-20T07:24:42.826+0000] {dag.py:3722} INFO - Setting next_dagrun for example_sla_dag to 2024-10-20T07:22:00+00:00, run_after=2024-10-20T07:24:00+00:00
[2024-10-20T07:24:42.866+0000] {processor.py:179} INFO - Processing /home/airflow/.local/lib/python3.8/site-packages/airflow/example_dags/example_sla_dag.py took 0.143 seconds
[2024-10-20T07:26:06.687+0000] {processor.py:157} INFO - Started process (PID=555) to work on /home/airflow/.local/lib/python3.8/site-packages/airflow/example_dags/example_sla_dag.py
[2024-10-20T07:26:06.688+0000] {processor.py:829} INFO - Processing file /home/airflow/.local/lib/python3.8/site-packages/airflow/example_dags/example_sla_dag.py for tasks to queue
[2024-10-20T07:26:06.693+0000] {logging_mixin.py:154} INFO - [2024-10-20T07:26:06.693+0000] {dagbag.py:536} INFO - Filling up the DagBag from /home/airflow/.local/lib/python3.8/site-packages/airflow/example_dags/example_sla_dag.py
[2024-10-20T07:26:06.705+0000] {processor.py:839} INFO - DAG(s) dict_keys(['example_sla_dag']) retrieved from /home/airflow/.local/lib/python3.8/site-packages/airflow/example_dags/example_sla_dag.py
[2024-10-20T07:26:06.736+0000] {logging_mixin.py:154} INFO - [2024-10-20T07:26:06.736+0000] {dag.py:2941} INFO - Sync 1 DAGs
[2024-10-20T07:26:06.775+0000] {logging_mixin.py:154} INFO - [2024-10-20T07:26:06.775+0000] {dag.py:3722} INFO - Setting next_dagrun for example_sla_dag to 2024-10-20T07:24:00+00:00, run_after=2024-10-20T07:26:00+00:00
[2024-10-20T07:26:06.805+0000] {processor.py:179} INFO - Processing /home/airflow/.local/lib/python3.8/site-packages/airflow/example_dags/example_sla_dag.py took 0.123 seconds
[2024-10-20T07:26:36.925+0000] {processor.py:157} INFO - Started process (PID=611) to work on /home/airflow/.local/lib/python3.8/site-packages/airflow/example_dags/example_sla_dag.py
[2024-10-20T07:26:36.926+0000] {processor.py:829} INFO - Processing file /home/airflow/.local/lib/python3.8/site-packages/airflow/example_dags/example_sla_dag.py for tasks to queue
[2024-10-20T07:26:36.928+0000] {logging_mixin.py:154} INFO - [2024-10-20T07:26:36.928+0000] {dagbag.py:536} INFO - Filling up the DagBag from /home/airflow/.local/lib/python3.8/site-packages/airflow/example_dags/example_sla_dag.py
[2024-10-20T07:26:36.937+0000] {processor.py:839} INFO - DAG(s) dict_keys(['example_sla_dag']) retrieved from /home/airflow/.local/lib/python3.8/site-packages/airflow/example_dags/example_sla_dag.py
[2024-10-20T07:26:36.963+0000] {logging_mixin.py:154} INFO - [2024-10-20T07:26:36.963+0000] {dag.py:2941} INFO - Sync 1 DAGs
[2024-10-20T07:26:36.991+0000] {logging_mixin.py:154} INFO - [2024-10-20T07:26:36.991+0000] {dag.py:3722} INFO - Setting next_dagrun for example_sla_dag to 2024-10-20T07:24:00+00:00, run_after=2024-10-20T07:26:00+00:00
[2024-10-20T07:26:37.016+0000] {processor.py:179} INFO - Processing /home/airflow/.local/lib/python3.8/site-packages/airflow/example_dags/example_sla_dag.py took 0.094 seconds
[2024-10-20T07:27:09.027+0000] {processor.py:157} INFO - Started process (PID=667) to work on /home/airflow/.local/lib/python3.8/site-packages/airflow/example_dags/example_sla_dag.py
[2024-10-20T07:27:09.028+0000] {processor.py:829} INFO - Processing file /home/airflow/.local/lib/python3.8/site-packages/airflow/example_dags/example_sla_dag.py for tasks to queue
[2024-10-20T07:27:09.031+0000] {logging_mixin.py:154} INFO - [2024-10-20T07:27:09.031+0000] {dagbag.py:536} INFO - Filling up the DagBag from /home/airflow/.local/lib/python3.8/site-packages/airflow/example_dags/example_sla_dag.py
[2024-10-20T07:27:09.040+0000] {processor.py:839} INFO - DAG(s) dict_keys(['example_sla_dag']) retrieved from /home/airflow/.local/lib/python3.8/site-packages/airflow/example_dags/example_sla_dag.py
[2024-10-20T07:27:09.068+0000] {logging_mixin.py:154} INFO - [2024-10-20T07:27:09.067+0000] {dag.py:2941} INFO - Sync 1 DAGs
[2024-10-20T07:27:09.102+0000] {logging_mixin.py:154} INFO - [2024-10-20T07:27:09.101+0000] {dag.py:3722} INFO - Setting next_dagrun for example_sla_dag to 2024-10-20T07:24:00+00:00, run_after=2024-10-20T07:26:00+00:00
[2024-10-20T07:27:09.140+0000] {processor.py:179} INFO - Processing /home/airflow/.local/lib/python3.8/site-packages/airflow/example_dags/example_sla_dag.py took 0.117 seconds
[2024-10-20T07:27:39.957+0000] {processor.py:157} INFO - Started process (PID=723) to work on /home/airflow/.local/lib/python3.8/site-packages/airflow/example_dags/example_sla_dag.py
[2024-10-20T07:27:39.958+0000] {processor.py:829} INFO - Processing file /home/airflow/.local/lib/python3.8/site-packages/airflow/example_dags/example_sla_dag.py for tasks to queue
[2024-10-20T07:27:39.962+0000] {logging_mixin.py:154} INFO - [2024-10-20T07:27:39.961+0000] {dagbag.py:536} INFO - Filling up the DagBag from /home/airflow/.local/lib/python3.8/site-packages/airflow/example_dags/example_sla_dag.py
[2024-10-20T07:27:39.982+0000] {processor.py:839} INFO - DAG(s) dict_keys(['example_sla_dag']) retrieved from /home/airflow/.local/lib/python3.8/site-packages/airflow/example_dags/example_sla_dag.py
[2024-10-20T07:27:40.014+0000] {logging_mixin.py:154} INFO - [2024-10-20T07:27:40.013+0000] {dag.py:2941} INFO - Sync 1 DAGs
[2024-10-20T07:27:40.061+0000] {logging_mixin.py:154} INFO - [2024-10-20T07:27:40.060+0000] {dag.py:3722} INFO - Setting next_dagrun for example_sla_dag to 2024-10-20T07:24:00+00:00, run_after=2024-10-20T07:26:00+00:00
[2024-10-20T07:27:40.093+0000] {processor.py:179} INFO - Processing /home/airflow/.local/lib/python3.8/site-packages/airflow/example_dags/example_sla_dag.py took 0.140 seconds
