[2024-10-20T02:46:20.669+0000] {processor.py:157} INFO - Started process (PID=109) to work on /home/airflow/.local/lib/python3.8/site-packages/airflow/example_dags/example_local_kubernetes_executor.py
[2024-10-20T02:46:20.670+0000] {processor.py:829} INFO - Processing file /home/airflow/.local/lib/python3.8/site-packages/airflow/example_dags/example_local_kubernetes_executor.py for tasks to queue
[2024-10-20T02:46:20.673+0000] {logging_mixin.py:154} INFO - [2024-10-20T02:46:20.673+0000] {dagbag.py:536} INFO - Filling up the DagBag from /home/airflow/.local/lib/python3.8/site-packages/airflow/example_dags/example_local_kubernetes_executor.py
[2024-10-20T02:46:20.684+0000] {processor.py:839} INFO - DAG(s) dict_keys(['example_local_kubernetes_executor']) retrieved from /home/airflow/.local/lib/python3.8/site-packages/airflow/example_dags/example_local_kubernetes_executor.py
[2024-10-20T02:46:20.741+0000] {logging_mixin.py:154} INFO - [2024-10-20T02:46:20.741+0000] {dag.py:2941} INFO - Sync 1 DAGs
[2024-10-20T02:46:20.760+0000] {logging_mixin.py:154} INFO - [2024-10-20T02:46:20.760+0000] {dag.py:3722} INFO - Setting next_dagrun for example_local_kubernetes_executor to None, run_after=None
[2024-10-20T02:46:20.791+0000] {processor.py:179} INFO - Processing /home/airflow/.local/lib/python3.8/site-packages/airflow/example_dags/example_local_kubernetes_executor.py took 0.126 seconds
[2024-10-20T02:46:51.355+0000] {processor.py:157} INFO - Started process (PID=165) to work on /home/airflow/.local/lib/python3.8/site-packages/airflow/example_dags/example_local_kubernetes_executor.py
[2024-10-20T02:46:51.356+0000] {processor.py:829} INFO - Processing file /home/airflow/.local/lib/python3.8/site-packages/airflow/example_dags/example_local_kubernetes_executor.py for tasks to queue
[2024-10-20T02:46:51.359+0000] {logging_mixin.py:154} INFO - [2024-10-20T02:46:51.359+0000] {dagbag.py:536} INFO - Filling up the DagBag from /home/airflow/.local/lib/python3.8/site-packages/airflow/example_dags/example_local_kubernetes_executor.py
[2024-10-20T02:46:51.367+0000] {processor.py:839} INFO - DAG(s) dict_keys(['example_local_kubernetes_executor']) retrieved from /home/airflow/.local/lib/python3.8/site-packages/airflow/example_dags/example_local_kubernetes_executor.py
[2024-10-20T02:46:51.403+0000] {logging_mixin.py:154} INFO - [2024-10-20T02:46:51.403+0000] {dag.py:2941} INFO - Sync 1 DAGs
[2024-10-20T02:46:51.415+0000] {logging_mixin.py:154} INFO - [2024-10-20T02:46:51.415+0000] {dag.py:3722} INFO - Setting next_dagrun for example_local_kubernetes_executor to None, run_after=None
[2024-10-20T02:46:51.436+0000] {processor.py:179} INFO - Processing /home/airflow/.local/lib/python3.8/site-packages/airflow/example_dags/example_local_kubernetes_executor.py took 0.083 seconds
[2024-10-20T02:47:22.247+0000] {processor.py:157} INFO - Started process (PID=221) to work on /home/airflow/.local/lib/python3.8/site-packages/airflow/example_dags/example_local_kubernetes_executor.py
[2024-10-20T02:47:22.248+0000] {processor.py:829} INFO - Processing file /home/airflow/.local/lib/python3.8/site-packages/airflow/example_dags/example_local_kubernetes_executor.py for tasks to queue
[2024-10-20T02:47:22.251+0000] {logging_mixin.py:154} INFO - [2024-10-20T02:47:22.250+0000] {dagbag.py:536} INFO - Filling up the DagBag from /home/airflow/.local/lib/python3.8/site-packages/airflow/example_dags/example_local_kubernetes_executor.py
[2024-10-20T02:47:22.260+0000] {processor.py:839} INFO - DAG(s) dict_keys(['example_local_kubernetes_executor']) retrieved from /home/airflow/.local/lib/python3.8/site-packages/airflow/example_dags/example_local_kubernetes_executor.py
[2024-10-20T02:47:22.302+0000] {logging_mixin.py:154} INFO - [2024-10-20T02:47:22.302+0000] {dag.py:2941} INFO - Sync 1 DAGs
[2024-10-20T02:47:22.315+0000] {logging_mixin.py:154} INFO - [2024-10-20T02:47:22.315+0000] {dag.py:3722} INFO - Setting next_dagrun for example_local_kubernetes_executor to None, run_after=None
[2024-10-20T02:47:22.338+0000] {processor.py:179} INFO - Processing /home/airflow/.local/lib/python3.8/site-packages/airflow/example_dags/example_local_kubernetes_executor.py took 0.095 seconds
[2024-10-20T02:47:52.996+0000] {processor.py:157} INFO - Started process (PID=277) to work on /home/airflow/.local/lib/python3.8/site-packages/airflow/example_dags/example_local_kubernetes_executor.py
[2024-10-20T02:47:52.998+0000] {processor.py:829} INFO - Processing file /home/airflow/.local/lib/python3.8/site-packages/airflow/example_dags/example_local_kubernetes_executor.py for tasks to queue
[2024-10-20T02:47:53.000+0000] {logging_mixin.py:154} INFO - [2024-10-20T02:47:53.000+0000] {dagbag.py:536} INFO - Filling up the DagBag from /home/airflow/.local/lib/python3.8/site-packages/airflow/example_dags/example_local_kubernetes_executor.py
[2024-10-20T02:47:53.008+0000] {processor.py:839} INFO - DAG(s) dict_keys(['example_local_kubernetes_executor']) retrieved from /home/airflow/.local/lib/python3.8/site-packages/airflow/example_dags/example_local_kubernetes_executor.py
[2024-10-20T02:47:53.051+0000] {logging_mixin.py:154} INFO - [2024-10-20T02:47:53.051+0000] {dag.py:2941} INFO - Sync 1 DAGs
[2024-10-20T02:47:53.065+0000] {logging_mixin.py:154} INFO - [2024-10-20T02:47:53.065+0000] {dag.py:3722} INFO - Setting next_dagrun for example_local_kubernetes_executor to None, run_after=None
[2024-10-20T02:47:53.102+0000] {processor.py:179} INFO - Processing /home/airflow/.local/lib/python3.8/site-packages/airflow/example_dags/example_local_kubernetes_executor.py took 0.108 seconds
[2024-10-20T02:48:23.279+0000] {processor.py:157} INFO - Started process (PID=333) to work on /home/airflow/.local/lib/python3.8/site-packages/airflow/example_dags/example_local_kubernetes_executor.py
[2024-10-20T02:48:23.280+0000] {processor.py:829} INFO - Processing file /home/airflow/.local/lib/python3.8/site-packages/airflow/example_dags/example_local_kubernetes_executor.py for tasks to queue
[2024-10-20T02:48:23.283+0000] {logging_mixin.py:154} INFO - [2024-10-20T02:48:23.282+0000] {dagbag.py:536} INFO - Filling up the DagBag from /home/airflow/.local/lib/python3.8/site-packages/airflow/example_dags/example_local_kubernetes_executor.py
[2024-10-20T02:48:23.291+0000] {processor.py:839} INFO - DAG(s) dict_keys(['example_local_kubernetes_executor']) retrieved from /home/airflow/.local/lib/python3.8/site-packages/airflow/example_dags/example_local_kubernetes_executor.py
[2024-10-20T02:48:23.332+0000] {logging_mixin.py:154} INFO - [2024-10-20T02:48:23.332+0000] {dag.py:2941} INFO - Sync 1 DAGs
[2024-10-20T02:48:23.345+0000] {logging_mixin.py:154} INFO - [2024-10-20T02:48:23.345+0000] {dag.py:3722} INFO - Setting next_dagrun for example_local_kubernetes_executor to None, run_after=None
[2024-10-20T02:48:23.369+0000] {processor.py:179} INFO - Processing /home/airflow/.local/lib/python3.8/site-packages/airflow/example_dags/example_local_kubernetes_executor.py took 0.093 seconds
[2024-10-20T02:48:54.296+0000] {processor.py:157} INFO - Started process (PID=389) to work on /home/airflow/.local/lib/python3.8/site-packages/airflow/example_dags/example_local_kubernetes_executor.py
[2024-10-20T02:48:54.298+0000] {processor.py:829} INFO - Processing file /home/airflow/.local/lib/python3.8/site-packages/airflow/example_dags/example_local_kubernetes_executor.py for tasks to queue
[2024-10-20T02:48:54.300+0000] {logging_mixin.py:154} INFO - [2024-10-20T02:48:54.300+0000] {dagbag.py:536} INFO - Filling up the DagBag from /home/airflow/.local/lib/python3.8/site-packages/airflow/example_dags/example_local_kubernetes_executor.py
[2024-10-20T02:48:54.307+0000] {processor.py:839} INFO - DAG(s) dict_keys(['example_local_kubernetes_executor']) retrieved from /home/airflow/.local/lib/python3.8/site-packages/airflow/example_dags/example_local_kubernetes_executor.py
[2024-10-20T02:48:54.343+0000] {logging_mixin.py:154} INFO - [2024-10-20T02:48:54.343+0000] {dag.py:2941} INFO - Sync 1 DAGs
[2024-10-20T02:48:54.356+0000] {logging_mixin.py:154} INFO - [2024-10-20T02:48:54.356+0000] {dag.py:3722} INFO - Setting next_dagrun for example_local_kubernetes_executor to None, run_after=None
[2024-10-20T02:48:54.380+0000] {processor.py:179} INFO - Processing /home/airflow/.local/lib/python3.8/site-packages/airflow/example_dags/example_local_kubernetes_executor.py took 0.087 seconds
[2024-10-20T02:49:25.098+0000] {processor.py:157} INFO - Started process (PID=445) to work on /home/airflow/.local/lib/python3.8/site-packages/airflow/example_dags/example_local_kubernetes_executor.py
[2024-10-20T02:49:25.099+0000] {processor.py:829} INFO - Processing file /home/airflow/.local/lib/python3.8/site-packages/airflow/example_dags/example_local_kubernetes_executor.py for tasks to queue
[2024-10-20T02:49:25.101+0000] {logging_mixin.py:154} INFO - [2024-10-20T02:49:25.101+0000] {dagbag.py:536} INFO - Filling up the DagBag from /home/airflow/.local/lib/python3.8/site-packages/airflow/example_dags/example_local_kubernetes_executor.py
[2024-10-20T02:49:25.109+0000] {processor.py:839} INFO - DAG(s) dict_keys(['example_local_kubernetes_executor']) retrieved from /home/airflow/.local/lib/python3.8/site-packages/airflow/example_dags/example_local_kubernetes_executor.py
[2024-10-20T02:49:25.146+0000] {logging_mixin.py:154} INFO - [2024-10-20T02:49:25.146+0000] {dag.py:2941} INFO - Sync 1 DAGs
[2024-10-20T02:49:25.162+0000] {logging_mixin.py:154} INFO - [2024-10-20T02:49:25.162+0000] {dag.py:3722} INFO - Setting next_dagrun for example_local_kubernetes_executor to None, run_after=None
[2024-10-20T02:49:25.184+0000] {processor.py:179} INFO - Processing /home/airflow/.local/lib/python3.8/site-packages/airflow/example_dags/example_local_kubernetes_executor.py took 0.088 seconds
[2024-10-20T02:49:55.658+0000] {processor.py:157} INFO - Started process (PID=501) to work on /home/airflow/.local/lib/python3.8/site-packages/airflow/example_dags/example_local_kubernetes_executor.py
[2024-10-20T02:49:55.660+0000] {processor.py:829} INFO - Processing file /home/airflow/.local/lib/python3.8/site-packages/airflow/example_dags/example_local_kubernetes_executor.py for tasks to queue
[2024-10-20T02:49:55.663+0000] {logging_mixin.py:154} INFO - [2024-10-20T02:49:55.663+0000] {dagbag.py:536} INFO - Filling up the DagBag from /home/airflow/.local/lib/python3.8/site-packages/airflow/example_dags/example_local_kubernetes_executor.py
[2024-10-20T02:49:55.671+0000] {processor.py:839} INFO - DAG(s) dict_keys(['example_local_kubernetes_executor']) retrieved from /home/airflow/.local/lib/python3.8/site-packages/airflow/example_dags/example_local_kubernetes_executor.py
[2024-10-20T02:49:55.717+0000] {logging_mixin.py:154} INFO - [2024-10-20T02:49:55.717+0000] {dag.py:2941} INFO - Sync 1 DAGs
[2024-10-20T02:49:55.732+0000] {logging_mixin.py:154} INFO - [2024-10-20T02:49:55.731+0000] {dag.py:3722} INFO - Setting next_dagrun for example_local_kubernetes_executor to None, run_after=None
[2024-10-20T02:49:55.760+0000] {processor.py:179} INFO - Processing /home/airflow/.local/lib/python3.8/site-packages/airflow/example_dags/example_local_kubernetes_executor.py took 0.105 seconds
[2024-10-20T02:50:26.221+0000] {processor.py:157} INFO - Started process (PID=557) to work on /home/airflow/.local/lib/python3.8/site-packages/airflow/example_dags/example_local_kubernetes_executor.py
[2024-10-20T02:50:26.222+0000] {processor.py:829} INFO - Processing file /home/airflow/.local/lib/python3.8/site-packages/airflow/example_dags/example_local_kubernetes_executor.py for tasks to queue
[2024-10-20T02:50:26.225+0000] {logging_mixin.py:154} INFO - [2024-10-20T02:50:26.225+0000] {dagbag.py:536} INFO - Filling up the DagBag from /home/airflow/.local/lib/python3.8/site-packages/airflow/example_dags/example_local_kubernetes_executor.py
[2024-10-20T02:50:26.234+0000] {processor.py:839} INFO - DAG(s) dict_keys(['example_local_kubernetes_executor']) retrieved from /home/airflow/.local/lib/python3.8/site-packages/airflow/example_dags/example_local_kubernetes_executor.py
[2024-10-20T02:50:26.273+0000] {logging_mixin.py:154} INFO - [2024-10-20T02:50:26.273+0000] {dag.py:2941} INFO - Sync 1 DAGs
[2024-10-20T02:50:26.289+0000] {logging_mixin.py:154} INFO - [2024-10-20T02:50:26.288+0000] {dag.py:3722} INFO - Setting next_dagrun for example_local_kubernetes_executor to None, run_after=None
[2024-10-20T02:50:26.313+0000] {processor.py:179} INFO - Processing /home/airflow/.local/lib/python3.8/site-packages/airflow/example_dags/example_local_kubernetes_executor.py took 0.095 seconds
[2024-10-20T02:50:57.428+0000] {processor.py:157} INFO - Started process (PID=613) to work on /home/airflow/.local/lib/python3.8/site-packages/airflow/example_dags/example_local_kubernetes_executor.py
[2024-10-20T02:50:57.429+0000] {processor.py:829} INFO - Processing file /home/airflow/.local/lib/python3.8/site-packages/airflow/example_dags/example_local_kubernetes_executor.py for tasks to queue
[2024-10-20T02:50:57.431+0000] {logging_mixin.py:154} INFO - [2024-10-20T02:50:57.431+0000] {dagbag.py:536} INFO - Filling up the DagBag from /home/airflow/.local/lib/python3.8/site-packages/airflow/example_dags/example_local_kubernetes_executor.py
[2024-10-20T02:50:57.438+0000] {processor.py:839} INFO - DAG(s) dict_keys(['example_local_kubernetes_executor']) retrieved from /home/airflow/.local/lib/python3.8/site-packages/airflow/example_dags/example_local_kubernetes_executor.py
[2024-10-20T02:50:57.475+0000] {logging_mixin.py:154} INFO - [2024-10-20T02:50:57.475+0000] {dag.py:2941} INFO - Sync 1 DAGs
[2024-10-20T02:50:57.490+0000] {logging_mixin.py:154} INFO - [2024-10-20T02:50:57.489+0000] {dag.py:3722} INFO - Setting next_dagrun for example_local_kubernetes_executor to None, run_after=None
[2024-10-20T02:50:57.512+0000] {processor.py:179} INFO - Processing /home/airflow/.local/lib/python3.8/site-packages/airflow/example_dags/example_local_kubernetes_executor.py took 0.086 seconds
[2024-10-20T02:51:27.836+0000] {processor.py:157} INFO - Started process (PID=669) to work on /home/airflow/.local/lib/python3.8/site-packages/airflow/example_dags/example_local_kubernetes_executor.py
[2024-10-20T02:51:27.838+0000] {processor.py:829} INFO - Processing file /home/airflow/.local/lib/python3.8/site-packages/airflow/example_dags/example_local_kubernetes_executor.py for tasks to queue
[2024-10-20T02:51:27.840+0000] {logging_mixin.py:154} INFO - [2024-10-20T02:51:27.839+0000] {dagbag.py:536} INFO - Filling up the DagBag from /home/airflow/.local/lib/python3.8/site-packages/airflow/example_dags/example_local_kubernetes_executor.py
[2024-10-20T02:51:27.846+0000] {processor.py:839} INFO - DAG(s) dict_keys(['example_local_kubernetes_executor']) retrieved from /home/airflow/.local/lib/python3.8/site-packages/airflow/example_dags/example_local_kubernetes_executor.py
[2024-10-20T02:51:27.882+0000] {logging_mixin.py:154} INFO - [2024-10-20T02:51:27.882+0000] {dag.py:2941} INFO - Sync 1 DAGs
[2024-10-20T02:51:27.894+0000] {logging_mixin.py:154} INFO - [2024-10-20T02:51:27.894+0000] {dag.py:3722} INFO - Setting next_dagrun for example_local_kubernetes_executor to None, run_after=None
[2024-10-20T02:51:27.918+0000] {processor.py:179} INFO - Processing /home/airflow/.local/lib/python3.8/site-packages/airflow/example_dags/example_local_kubernetes_executor.py took 0.084 seconds
[2024-10-20T02:51:59.145+0000] {processor.py:157} INFO - Started process (PID=725) to work on /home/airflow/.local/lib/python3.8/site-packages/airflow/example_dags/example_local_kubernetes_executor.py
[2024-10-20T02:51:59.146+0000] {processor.py:829} INFO - Processing file /home/airflow/.local/lib/python3.8/site-packages/airflow/example_dags/example_local_kubernetes_executor.py for tasks to queue
[2024-10-20T02:51:59.149+0000] {logging_mixin.py:154} INFO - [2024-10-20T02:51:59.149+0000] {dagbag.py:536} INFO - Filling up the DagBag from /home/airflow/.local/lib/python3.8/site-packages/airflow/example_dags/example_local_kubernetes_executor.py
[2024-10-20T02:51:59.157+0000] {processor.py:839} INFO - DAG(s) dict_keys(['example_local_kubernetes_executor']) retrieved from /home/airflow/.local/lib/python3.8/site-packages/airflow/example_dags/example_local_kubernetes_executor.py
[2024-10-20T02:51:59.192+0000] {logging_mixin.py:154} INFO - [2024-10-20T02:51:59.191+0000] {dag.py:2941} INFO - Sync 1 DAGs
[2024-10-20T02:51:59.204+0000] {logging_mixin.py:154} INFO - [2024-10-20T02:51:59.204+0000] {dag.py:3722} INFO - Setting next_dagrun for example_local_kubernetes_executor to None, run_after=None
[2024-10-20T02:51:59.229+0000] {processor.py:179} INFO - Processing /home/airflow/.local/lib/python3.8/site-packages/airflow/example_dags/example_local_kubernetes_executor.py took 0.088 seconds
[2024-10-20T02:52:30.348+0000] {processor.py:157} INFO - Started process (PID=781) to work on /home/airflow/.local/lib/python3.8/site-packages/airflow/example_dags/example_local_kubernetes_executor.py
[2024-10-20T02:52:30.349+0000] {processor.py:829} INFO - Processing file /home/airflow/.local/lib/python3.8/site-packages/airflow/example_dags/example_local_kubernetes_executor.py for tasks to queue
[2024-10-20T02:52:30.353+0000] {logging_mixin.py:154} INFO - [2024-10-20T02:52:30.352+0000] {dagbag.py:536} INFO - Filling up the DagBag from /home/airflow/.local/lib/python3.8/site-packages/airflow/example_dags/example_local_kubernetes_executor.py
[2024-10-20T02:52:30.361+0000] {processor.py:839} INFO - DAG(s) dict_keys(['example_local_kubernetes_executor']) retrieved from /home/airflow/.local/lib/python3.8/site-packages/airflow/example_dags/example_local_kubernetes_executor.py
[2024-10-20T02:52:30.407+0000] {logging_mixin.py:154} INFO - [2024-10-20T02:52:30.407+0000] {dag.py:2941} INFO - Sync 1 DAGs
[2024-10-20T02:52:30.425+0000] {logging_mixin.py:154} INFO - [2024-10-20T02:52:30.424+0000] {dag.py:3722} INFO - Setting next_dagrun for example_local_kubernetes_executor to None, run_after=None
[2024-10-20T02:52:30.450+0000] {processor.py:179} INFO - Processing /home/airflow/.local/lib/python3.8/site-packages/airflow/example_dags/example_local_kubernetes_executor.py took 0.105 seconds
[2024-10-20T02:53:00.719+0000] {processor.py:157} INFO - Started process (PID=837) to work on /home/airflow/.local/lib/python3.8/site-packages/airflow/example_dags/example_local_kubernetes_executor.py
[2024-10-20T02:53:00.720+0000] {processor.py:829} INFO - Processing file /home/airflow/.local/lib/python3.8/site-packages/airflow/example_dags/example_local_kubernetes_executor.py for tasks to queue
[2024-10-20T02:53:00.724+0000] {logging_mixin.py:154} INFO - [2024-10-20T02:53:00.723+0000] {dagbag.py:536} INFO - Filling up the DagBag from /home/airflow/.local/lib/python3.8/site-packages/airflow/example_dags/example_local_kubernetes_executor.py
[2024-10-20T02:53:00.737+0000] {processor.py:839} INFO - DAG(s) dict_keys(['example_local_kubernetes_executor']) retrieved from /home/airflow/.local/lib/python3.8/site-packages/airflow/example_dags/example_local_kubernetes_executor.py
[2024-10-20T02:53:00.806+0000] {logging_mixin.py:154} INFO - [2024-10-20T02:53:00.805+0000] {dag.py:2941} INFO - Sync 1 DAGs
[2024-10-20T02:53:00.831+0000] {logging_mixin.py:154} INFO - [2024-10-20T02:53:00.830+0000] {dag.py:3722} INFO - Setting next_dagrun for example_local_kubernetes_executor to None, run_after=None
[2024-10-20T02:53:00.867+0000] {processor.py:179} INFO - Processing /home/airflow/.local/lib/python3.8/site-packages/airflow/example_dags/example_local_kubernetes_executor.py took 0.154 seconds
[2024-10-20T02:53:31.409+0000] {processor.py:157} INFO - Started process (PID=895) to work on /home/airflow/.local/lib/python3.8/site-packages/airflow/example_dags/example_local_kubernetes_executor.py
[2024-10-20T02:53:31.411+0000] {processor.py:829} INFO - Processing file /home/airflow/.local/lib/python3.8/site-packages/airflow/example_dags/example_local_kubernetes_executor.py for tasks to queue
[2024-10-20T02:53:31.413+0000] {logging_mixin.py:154} INFO - [2024-10-20T02:53:31.413+0000] {dagbag.py:536} INFO - Filling up the DagBag from /home/airflow/.local/lib/python3.8/site-packages/airflow/example_dags/example_local_kubernetes_executor.py
[2024-10-20T02:53:31.420+0000] {processor.py:839} INFO - DAG(s) dict_keys(['example_local_kubernetes_executor']) retrieved from /home/airflow/.local/lib/python3.8/site-packages/airflow/example_dags/example_local_kubernetes_executor.py
[2024-10-20T02:53:31.459+0000] {logging_mixin.py:154} INFO - [2024-10-20T02:53:31.459+0000] {dag.py:2941} INFO - Sync 1 DAGs
[2024-10-20T02:53:31.473+0000] {logging_mixin.py:154} INFO - [2024-10-20T02:53:31.473+0000] {dag.py:3722} INFO - Setting next_dagrun for example_local_kubernetes_executor to None, run_after=None
[2024-10-20T02:53:31.508+0000] {processor.py:179} INFO - Processing /home/airflow/.local/lib/python3.8/site-packages/airflow/example_dags/example_local_kubernetes_executor.py took 0.102 seconds
[2024-10-20T02:54:02.324+0000] {processor.py:157} INFO - Started process (PID=951) to work on /home/airflow/.local/lib/python3.8/site-packages/airflow/example_dags/example_local_kubernetes_executor.py
[2024-10-20T02:54:02.326+0000] {processor.py:829} INFO - Processing file /home/airflow/.local/lib/python3.8/site-packages/airflow/example_dags/example_local_kubernetes_executor.py for tasks to queue
[2024-10-20T02:54:02.330+0000] {logging_mixin.py:154} INFO - [2024-10-20T02:54:02.329+0000] {dagbag.py:536} INFO - Filling up the DagBag from /home/airflow/.local/lib/python3.8/site-packages/airflow/example_dags/example_local_kubernetes_executor.py
[2024-10-20T02:54:02.342+0000] {processor.py:839} INFO - DAG(s) dict_keys(['example_local_kubernetes_executor']) retrieved from /home/airflow/.local/lib/python3.8/site-packages/airflow/example_dags/example_local_kubernetes_executor.py
[2024-10-20T02:54:02.392+0000] {logging_mixin.py:154} INFO - [2024-10-20T02:54:02.392+0000] {dag.py:2941} INFO - Sync 1 DAGs
[2024-10-20T02:54:02.407+0000] {logging_mixin.py:154} INFO - [2024-10-20T02:54:02.406+0000] {dag.py:3722} INFO - Setting next_dagrun for example_local_kubernetes_executor to None, run_after=None
[2024-10-20T02:54:02.438+0000] {processor.py:179} INFO - Processing /home/airflow/.local/lib/python3.8/site-packages/airflow/example_dags/example_local_kubernetes_executor.py took 0.119 seconds
[2024-10-20T02:54:32.850+0000] {processor.py:157} INFO - Started process (PID=1007) to work on /home/airflow/.local/lib/python3.8/site-packages/airflow/example_dags/example_local_kubernetes_executor.py
[2024-10-20T02:54:32.852+0000] {processor.py:829} INFO - Processing file /home/airflow/.local/lib/python3.8/site-packages/airflow/example_dags/example_local_kubernetes_executor.py for tasks to queue
[2024-10-20T02:54:32.855+0000] {logging_mixin.py:154} INFO - [2024-10-20T02:54:32.855+0000] {dagbag.py:536} INFO - Filling up the DagBag from /home/airflow/.local/lib/python3.8/site-packages/airflow/example_dags/example_local_kubernetes_executor.py
[2024-10-20T02:54:32.870+0000] {processor.py:839} INFO - DAG(s) dict_keys(['example_local_kubernetes_executor']) retrieved from /home/airflow/.local/lib/python3.8/site-packages/airflow/example_dags/example_local_kubernetes_executor.py
[2024-10-20T02:54:32.939+0000] {logging_mixin.py:154} INFO - [2024-10-20T02:54:32.939+0000] {dag.py:2941} INFO - Sync 1 DAGs
[2024-10-20T02:54:32.959+0000] {logging_mixin.py:154} INFO - [2024-10-20T02:54:32.959+0000] {dag.py:3722} INFO - Setting next_dagrun for example_local_kubernetes_executor to None, run_after=None
[2024-10-20T02:54:32.992+0000] {processor.py:179} INFO - Processing /home/airflow/.local/lib/python3.8/site-packages/airflow/example_dags/example_local_kubernetes_executor.py took 0.145 seconds
[2024-10-20T02:55:03.619+0000] {processor.py:157} INFO - Started process (PID=1063) to work on /home/airflow/.local/lib/python3.8/site-packages/airflow/example_dags/example_local_kubernetes_executor.py
[2024-10-20T02:55:03.620+0000] {processor.py:829} INFO - Processing file /home/airflow/.local/lib/python3.8/site-packages/airflow/example_dags/example_local_kubernetes_executor.py for tasks to queue
[2024-10-20T02:55:03.622+0000] {logging_mixin.py:154} INFO - [2024-10-20T02:55:03.622+0000] {dagbag.py:536} INFO - Filling up the DagBag from /home/airflow/.local/lib/python3.8/site-packages/airflow/example_dags/example_local_kubernetes_executor.py
[2024-10-20T02:55:03.629+0000] {processor.py:839} INFO - DAG(s) dict_keys(['example_local_kubernetes_executor']) retrieved from /home/airflow/.local/lib/python3.8/site-packages/airflow/example_dags/example_local_kubernetes_executor.py
[2024-10-20T02:55:03.667+0000] {logging_mixin.py:154} INFO - [2024-10-20T02:55:03.666+0000] {dag.py:2941} INFO - Sync 1 DAGs
[2024-10-20T02:55:03.681+0000] {logging_mixin.py:154} INFO - [2024-10-20T02:55:03.681+0000] {dag.py:3722} INFO - Setting next_dagrun for example_local_kubernetes_executor to None, run_after=None
[2024-10-20T02:55:03.704+0000] {processor.py:179} INFO - Processing /home/airflow/.local/lib/python3.8/site-packages/airflow/example_dags/example_local_kubernetes_executor.py took 0.088 seconds
[2024-10-20T02:55:34.074+0000] {processor.py:157} INFO - Started process (PID=1121) to work on /home/airflow/.local/lib/python3.8/site-packages/airflow/example_dags/example_local_kubernetes_executor.py
[2024-10-20T02:55:34.075+0000] {processor.py:829} INFO - Processing file /home/airflow/.local/lib/python3.8/site-packages/airflow/example_dags/example_local_kubernetes_executor.py for tasks to queue
[2024-10-20T02:55:34.078+0000] {logging_mixin.py:154} INFO - [2024-10-20T02:55:34.077+0000] {dagbag.py:536} INFO - Filling up the DagBag from /home/airflow/.local/lib/python3.8/site-packages/airflow/example_dags/example_local_kubernetes_executor.py
[2024-10-20T02:55:34.086+0000] {processor.py:839} INFO - DAG(s) dict_keys(['example_local_kubernetes_executor']) retrieved from /home/airflow/.local/lib/python3.8/site-packages/airflow/example_dags/example_local_kubernetes_executor.py
[2024-10-20T02:55:34.127+0000] {logging_mixin.py:154} INFO - [2024-10-20T02:55:34.126+0000] {dag.py:2941} INFO - Sync 1 DAGs
[2024-10-20T02:55:34.140+0000] {logging_mixin.py:154} INFO - [2024-10-20T02:55:34.140+0000] {dag.py:3722} INFO - Setting next_dagrun for example_local_kubernetes_executor to None, run_after=None
[2024-10-20T02:55:34.169+0000] {processor.py:179} INFO - Processing /home/airflow/.local/lib/python3.8/site-packages/airflow/example_dags/example_local_kubernetes_executor.py took 0.099 seconds
[2024-10-20T02:56:04.852+0000] {processor.py:157} INFO - Started process (PID=1181) to work on /home/airflow/.local/lib/python3.8/site-packages/airflow/example_dags/example_local_kubernetes_executor.py
[2024-10-20T02:56:04.853+0000] {processor.py:829} INFO - Processing file /home/airflow/.local/lib/python3.8/site-packages/airflow/example_dags/example_local_kubernetes_executor.py for tasks to queue
[2024-10-20T02:56:04.856+0000] {logging_mixin.py:154} INFO - [2024-10-20T02:56:04.856+0000] {dagbag.py:536} INFO - Filling up the DagBag from /home/airflow/.local/lib/python3.8/site-packages/airflow/example_dags/example_local_kubernetes_executor.py
[2024-10-20T02:56:04.866+0000] {processor.py:839} INFO - DAG(s) dict_keys(['example_local_kubernetes_executor']) retrieved from /home/airflow/.local/lib/python3.8/site-packages/airflow/example_dags/example_local_kubernetes_executor.py
[2024-10-20T02:56:04.916+0000] {logging_mixin.py:154} INFO - [2024-10-20T02:56:04.915+0000] {dag.py:2941} INFO - Sync 1 DAGs
[2024-10-20T02:56:04.937+0000] {logging_mixin.py:154} INFO - [2024-10-20T02:56:04.937+0000] {dag.py:3722} INFO - Setting next_dagrun for example_local_kubernetes_executor to None, run_after=None
[2024-10-20T02:56:04.968+0000] {processor.py:179} INFO - Processing /home/airflow/.local/lib/python3.8/site-packages/airflow/example_dags/example_local_kubernetes_executor.py took 0.121 seconds
[2024-10-20T02:56:35.110+0000] {processor.py:157} INFO - Started process (PID=1237) to work on /home/airflow/.local/lib/python3.8/site-packages/airflow/example_dags/example_local_kubernetes_executor.py
[2024-10-20T02:56:35.111+0000] {processor.py:829} INFO - Processing file /home/airflow/.local/lib/python3.8/site-packages/airflow/example_dags/example_local_kubernetes_executor.py for tasks to queue
[2024-10-20T02:56:35.113+0000] {logging_mixin.py:154} INFO - [2024-10-20T02:56:35.112+0000] {dagbag.py:536} INFO - Filling up the DagBag from /home/airflow/.local/lib/python3.8/site-packages/airflow/example_dags/example_local_kubernetes_executor.py
[2024-10-20T02:56:35.119+0000] {processor.py:839} INFO - DAG(s) dict_keys(['example_local_kubernetes_executor']) retrieved from /home/airflow/.local/lib/python3.8/site-packages/airflow/example_dags/example_local_kubernetes_executor.py
[2024-10-20T02:56:35.156+0000] {logging_mixin.py:154} INFO - [2024-10-20T02:56:35.156+0000] {dag.py:2941} INFO - Sync 1 DAGs
[2024-10-20T02:56:35.168+0000] {logging_mixin.py:154} INFO - [2024-10-20T02:56:35.168+0000] {dag.py:3722} INFO - Setting next_dagrun for example_local_kubernetes_executor to None, run_after=None
[2024-10-20T02:56:35.190+0000] {processor.py:179} INFO - Processing /home/airflow/.local/lib/python3.8/site-packages/airflow/example_dags/example_local_kubernetes_executor.py took 0.084 seconds
[2024-10-20T02:57:05.943+0000] {processor.py:157} INFO - Started process (PID=1293) to work on /home/airflow/.local/lib/python3.8/site-packages/airflow/example_dags/example_local_kubernetes_executor.py
[2024-10-20T02:57:05.945+0000] {processor.py:829} INFO - Processing file /home/airflow/.local/lib/python3.8/site-packages/airflow/example_dags/example_local_kubernetes_executor.py for tasks to queue
[2024-10-20T02:57:05.947+0000] {logging_mixin.py:154} INFO - [2024-10-20T02:57:05.946+0000] {dagbag.py:536} INFO - Filling up the DagBag from /home/airflow/.local/lib/python3.8/site-packages/airflow/example_dags/example_local_kubernetes_executor.py
[2024-10-20T02:57:05.955+0000] {processor.py:839} INFO - DAG(s) dict_keys(['example_local_kubernetes_executor']) retrieved from /home/airflow/.local/lib/python3.8/site-packages/airflow/example_dags/example_local_kubernetes_executor.py
[2024-10-20T02:57:06.140+0000] {logging_mixin.py:154} INFO - [2024-10-20T02:57:06.140+0000] {dag.py:2941} INFO - Sync 1 DAGs
[2024-10-20T02:57:06.153+0000] {logging_mixin.py:154} INFO - [2024-10-20T02:57:06.153+0000] {dag.py:3722} INFO - Setting next_dagrun for example_local_kubernetes_executor to None, run_after=None
[2024-10-20T02:57:06.178+0000] {processor.py:179} INFO - Processing /home/airflow/.local/lib/python3.8/site-packages/airflow/example_dags/example_local_kubernetes_executor.py took 0.237 seconds
[2024-10-20T02:57:36.434+0000] {processor.py:157} INFO - Started process (PID=1351) to work on /home/airflow/.local/lib/python3.8/site-packages/airflow/example_dags/example_local_kubernetes_executor.py
[2024-10-20T02:57:36.435+0000] {processor.py:829} INFO - Processing file /home/airflow/.local/lib/python3.8/site-packages/airflow/example_dags/example_local_kubernetes_executor.py for tasks to queue
[2024-10-20T02:57:36.438+0000] {logging_mixin.py:154} INFO - [2024-10-20T02:57:36.437+0000] {dagbag.py:536} INFO - Filling up the DagBag from /home/airflow/.local/lib/python3.8/site-packages/airflow/example_dags/example_local_kubernetes_executor.py
[2024-10-20T02:57:36.445+0000] {processor.py:839} INFO - DAG(s) dict_keys(['example_local_kubernetes_executor']) retrieved from /home/airflow/.local/lib/python3.8/site-packages/airflow/example_dags/example_local_kubernetes_executor.py
[2024-10-20T02:57:36.484+0000] {logging_mixin.py:154} INFO - [2024-10-20T02:57:36.484+0000] {dag.py:2941} INFO - Sync 1 DAGs
[2024-10-20T02:57:36.629+0000] {logging_mixin.py:154} INFO - [2024-10-20T02:57:36.629+0000] {dag.py:3722} INFO - Setting next_dagrun for example_local_kubernetes_executor to None, run_after=None
[2024-10-20T02:57:36.654+0000] {processor.py:179} INFO - Processing /home/airflow/.local/lib/python3.8/site-packages/airflow/example_dags/example_local_kubernetes_executor.py took 0.224 seconds
[2024-10-20T02:58:06.868+0000] {processor.py:157} INFO - Started process (PID=1407) to work on /home/airflow/.local/lib/python3.8/site-packages/airflow/example_dags/example_local_kubernetes_executor.py
[2024-10-20T02:58:06.870+0000] {processor.py:829} INFO - Processing file /home/airflow/.local/lib/python3.8/site-packages/airflow/example_dags/example_local_kubernetes_executor.py for tasks to queue
[2024-10-20T02:58:06.873+0000] {logging_mixin.py:154} INFO - [2024-10-20T02:58:06.872+0000] {dagbag.py:536} INFO - Filling up the DagBag from /home/airflow/.local/lib/python3.8/site-packages/airflow/example_dags/example_local_kubernetes_executor.py
[2024-10-20T02:58:06.882+0000] {processor.py:839} INFO - DAG(s) dict_keys(['example_local_kubernetes_executor']) retrieved from /home/airflow/.local/lib/python3.8/site-packages/airflow/example_dags/example_local_kubernetes_executor.py
[2024-10-20T02:58:06.921+0000] {logging_mixin.py:154} INFO - [2024-10-20T02:58:06.921+0000] {dag.py:2941} INFO - Sync 1 DAGs
[2024-10-20T02:58:06.934+0000] {logging_mixin.py:154} INFO - [2024-10-20T02:58:06.934+0000] {dag.py:3722} INFO - Setting next_dagrun for example_local_kubernetes_executor to None, run_after=None
[2024-10-20T02:58:06.961+0000] {processor.py:179} INFO - Processing /home/airflow/.local/lib/python3.8/site-packages/airflow/example_dags/example_local_kubernetes_executor.py took 0.097 seconds
[2024-10-20T02:58:37.171+0000] {processor.py:157} INFO - Started process (PID=1463) to work on /home/airflow/.local/lib/python3.8/site-packages/airflow/example_dags/example_local_kubernetes_executor.py
[2024-10-20T02:58:37.172+0000] {processor.py:829} INFO - Processing file /home/airflow/.local/lib/python3.8/site-packages/airflow/example_dags/example_local_kubernetes_executor.py for tasks to queue
[2024-10-20T02:58:37.175+0000] {logging_mixin.py:154} INFO - [2024-10-20T02:58:37.174+0000] {dagbag.py:536} INFO - Filling up the DagBag from /home/airflow/.local/lib/python3.8/site-packages/airflow/example_dags/example_local_kubernetes_executor.py
[2024-10-20T02:58:37.184+0000] {processor.py:839} INFO - DAG(s) dict_keys(['example_local_kubernetes_executor']) retrieved from /home/airflow/.local/lib/python3.8/site-packages/airflow/example_dags/example_local_kubernetes_executor.py
[2024-10-20T02:58:37.229+0000] {logging_mixin.py:154} INFO - [2024-10-20T02:58:37.229+0000] {dag.py:2941} INFO - Sync 1 DAGs
[2024-10-20T02:58:37.244+0000] {logging_mixin.py:154} INFO - [2024-10-20T02:58:37.243+0000] {dag.py:3722} INFO - Setting next_dagrun for example_local_kubernetes_executor to None, run_after=None
[2024-10-20T02:58:37.269+0000] {processor.py:179} INFO - Processing /home/airflow/.local/lib/python3.8/site-packages/airflow/example_dags/example_local_kubernetes_executor.py took 0.102 seconds
[2024-10-20T02:59:56.175+0000] {processor.py:157} INFO - Started process (PID=114) to work on /home/airflow/.local/lib/python3.8/site-packages/airflow/example_dags/example_local_kubernetes_executor.py
[2024-10-20T02:59:56.177+0000] {processor.py:829} INFO - Processing file /home/airflow/.local/lib/python3.8/site-packages/airflow/example_dags/example_local_kubernetes_executor.py for tasks to queue
[2024-10-20T02:59:56.182+0000] {logging_mixin.py:154} INFO - [2024-10-20T02:59:56.181+0000] {dagbag.py:536} INFO - Filling up the DagBag from /home/airflow/.local/lib/python3.8/site-packages/airflow/example_dags/example_local_kubernetes_executor.py
[2024-10-20T02:59:56.202+0000] {processor.py:839} INFO - DAG(s) dict_keys(['example_local_kubernetes_executor']) retrieved from /home/airflow/.local/lib/python3.8/site-packages/airflow/example_dags/example_local_kubernetes_executor.py
[2024-10-20T02:59:56.308+0000] {logging_mixin.py:154} INFO - [2024-10-20T02:59:56.307+0000] {dag.py:2941} INFO - Sync 1 DAGs
[2024-10-20T02:59:56.348+0000] {logging_mixin.py:154} INFO - [2024-10-20T02:59:56.347+0000] {dag.py:3722} INFO - Setting next_dagrun for example_local_kubernetes_executor to None, run_after=None
[2024-10-20T02:59:56.407+0000] {processor.py:179} INFO - Processing /home/airflow/.local/lib/python3.8/site-packages/airflow/example_dags/example_local_kubernetes_executor.py took 0.237 seconds
[2024-10-20T03:00:27.241+0000] {processor.py:157} INFO - Started process (PID=170) to work on /home/airflow/.local/lib/python3.8/site-packages/airflow/example_dags/example_local_kubernetes_executor.py
[2024-10-20T03:00:27.243+0000] {processor.py:829} INFO - Processing file /home/airflow/.local/lib/python3.8/site-packages/airflow/example_dags/example_local_kubernetes_executor.py for tasks to queue
[2024-10-20T03:00:27.246+0000] {logging_mixin.py:154} INFO - [2024-10-20T03:00:27.245+0000] {dagbag.py:536} INFO - Filling up the DagBag from /home/airflow/.local/lib/python3.8/site-packages/airflow/example_dags/example_local_kubernetes_executor.py
[2024-10-20T03:00:27.253+0000] {processor.py:839} INFO - DAG(s) dict_keys(['example_local_kubernetes_executor']) retrieved from /home/airflow/.local/lib/python3.8/site-packages/airflow/example_dags/example_local_kubernetes_executor.py
[2024-10-20T03:00:27.299+0000] {logging_mixin.py:154} INFO - [2024-10-20T03:00:27.299+0000] {dag.py:2941} INFO - Sync 1 DAGs
[2024-10-20T03:00:27.313+0000] {logging_mixin.py:154} INFO - [2024-10-20T03:00:27.313+0000] {dag.py:3722} INFO - Setting next_dagrun for example_local_kubernetes_executor to None, run_after=None
[2024-10-20T03:00:27.353+0000] {processor.py:179} INFO - Processing /home/airflow/.local/lib/python3.8/site-packages/airflow/example_dags/example_local_kubernetes_executor.py took 0.114 seconds
[2024-10-20T03:00:57.670+0000] {processor.py:157} INFO - Started process (PID=226) to work on /home/airflow/.local/lib/python3.8/site-packages/airflow/example_dags/example_local_kubernetes_executor.py
[2024-10-20T03:00:57.671+0000] {processor.py:829} INFO - Processing file /home/airflow/.local/lib/python3.8/site-packages/airflow/example_dags/example_local_kubernetes_executor.py for tasks to queue
[2024-10-20T03:00:57.674+0000] {logging_mixin.py:154} INFO - [2024-10-20T03:00:57.673+0000] {dagbag.py:536} INFO - Filling up the DagBag from /home/airflow/.local/lib/python3.8/site-packages/airflow/example_dags/example_local_kubernetes_executor.py
[2024-10-20T03:00:57.682+0000] {processor.py:839} INFO - DAG(s) dict_keys(['example_local_kubernetes_executor']) retrieved from /home/airflow/.local/lib/python3.8/site-packages/airflow/example_dags/example_local_kubernetes_executor.py
[2024-10-20T03:00:57.719+0000] {logging_mixin.py:154} INFO - [2024-10-20T03:00:57.719+0000] {dag.py:2941} INFO - Sync 1 DAGs
[2024-10-20T03:00:57.735+0000] {logging_mixin.py:154} INFO - [2024-10-20T03:00:57.735+0000] {dag.py:3722} INFO - Setting next_dagrun for example_local_kubernetes_executor to None, run_after=None
[2024-10-20T03:00:57.762+0000] {processor.py:179} INFO - Processing /home/airflow/.local/lib/python3.8/site-packages/airflow/example_dags/example_local_kubernetes_executor.py took 0.095 seconds
[2024-10-20T03:01:28.710+0000] {processor.py:157} INFO - Started process (PID=282) to work on /home/airflow/.local/lib/python3.8/site-packages/airflow/example_dags/example_local_kubernetes_executor.py
[2024-10-20T03:01:28.712+0000] {processor.py:829} INFO - Processing file /home/airflow/.local/lib/python3.8/site-packages/airflow/example_dags/example_local_kubernetes_executor.py for tasks to queue
[2024-10-20T03:01:28.715+0000] {logging_mixin.py:154} INFO - [2024-10-20T03:01:28.714+0000] {dagbag.py:536} INFO - Filling up the DagBag from /home/airflow/.local/lib/python3.8/site-packages/airflow/example_dags/example_local_kubernetes_executor.py
[2024-10-20T03:01:28.725+0000] {processor.py:839} INFO - DAG(s) dict_keys(['example_local_kubernetes_executor']) retrieved from /home/airflow/.local/lib/python3.8/site-packages/airflow/example_dags/example_local_kubernetes_executor.py
[2024-10-20T03:01:28.778+0000] {logging_mixin.py:154} INFO - [2024-10-20T03:01:28.777+0000] {dag.py:2941} INFO - Sync 1 DAGs
[2024-10-20T03:01:28.798+0000] {logging_mixin.py:154} INFO - [2024-10-20T03:01:28.798+0000] {dag.py:3722} INFO - Setting next_dagrun for example_local_kubernetes_executor to None, run_after=None
[2024-10-20T03:01:28.838+0000] {processor.py:179} INFO - Processing /home/airflow/.local/lib/python3.8/site-packages/airflow/example_dags/example_local_kubernetes_executor.py took 0.130 seconds
[2024-10-20T03:01:59.145+0000] {processor.py:157} INFO - Started process (PID=338) to work on /home/airflow/.local/lib/python3.8/site-packages/airflow/example_dags/example_local_kubernetes_executor.py
[2024-10-20T03:01:59.147+0000] {processor.py:829} INFO - Processing file /home/airflow/.local/lib/python3.8/site-packages/airflow/example_dags/example_local_kubernetes_executor.py for tasks to queue
[2024-10-20T03:01:59.151+0000] {logging_mixin.py:154} INFO - [2024-10-20T03:01:59.150+0000] {dagbag.py:536} INFO - Filling up the DagBag from /home/airflow/.local/lib/python3.8/site-packages/airflow/example_dags/example_local_kubernetes_executor.py
[2024-10-20T03:01:59.161+0000] {processor.py:839} INFO - DAG(s) dict_keys(['example_local_kubernetes_executor']) retrieved from /home/airflow/.local/lib/python3.8/site-packages/airflow/example_dags/example_local_kubernetes_executor.py
[2024-10-20T03:01:59.210+0000] {logging_mixin.py:154} INFO - [2024-10-20T03:01:59.210+0000] {dag.py:2941} INFO - Sync 1 DAGs
[2024-10-20T03:01:59.229+0000] {logging_mixin.py:154} INFO - [2024-10-20T03:01:59.228+0000] {dag.py:3722} INFO - Setting next_dagrun for example_local_kubernetes_executor to None, run_after=None
[2024-10-20T03:01:59.277+0000] {processor.py:179} INFO - Processing /home/airflow/.local/lib/python3.8/site-packages/airflow/example_dags/example_local_kubernetes_executor.py took 0.137 seconds
[2024-10-20T03:02:29.721+0000] {processor.py:157} INFO - Started process (PID=398) to work on /home/airflow/.local/lib/python3.8/site-packages/airflow/example_dags/example_local_kubernetes_executor.py
[2024-10-20T03:02:29.722+0000] {processor.py:829} INFO - Processing file /home/airflow/.local/lib/python3.8/site-packages/airflow/example_dags/example_local_kubernetes_executor.py for tasks to queue
[2024-10-20T03:02:29.724+0000] {logging_mixin.py:154} INFO - [2024-10-20T03:02:29.724+0000] {dagbag.py:536} INFO - Filling up the DagBag from /home/airflow/.local/lib/python3.8/site-packages/airflow/example_dags/example_local_kubernetes_executor.py
[2024-10-20T03:02:29.732+0000] {processor.py:839} INFO - DAG(s) dict_keys(['example_local_kubernetes_executor']) retrieved from /home/airflow/.local/lib/python3.8/site-packages/airflow/example_dags/example_local_kubernetes_executor.py
[2024-10-20T03:02:29.773+0000] {logging_mixin.py:154} INFO - [2024-10-20T03:02:29.772+0000] {dag.py:2941} INFO - Sync 1 DAGs
[2024-10-20T03:02:29.791+0000] {logging_mixin.py:154} INFO - [2024-10-20T03:02:29.790+0000] {dag.py:3722} INFO - Setting next_dagrun for example_local_kubernetes_executor to None, run_after=None
[2024-10-20T03:02:29.825+0000] {processor.py:179} INFO - Processing /home/airflow/.local/lib/python3.8/site-packages/airflow/example_dags/example_local_kubernetes_executor.py took 0.107 seconds
[2024-10-20T03:03:00.259+0000] {processor.py:157} INFO - Started process (PID=454) to work on /home/airflow/.local/lib/python3.8/site-packages/airflow/example_dags/example_local_kubernetes_executor.py
[2024-10-20T03:03:00.260+0000] {processor.py:829} INFO - Processing file /home/airflow/.local/lib/python3.8/site-packages/airflow/example_dags/example_local_kubernetes_executor.py for tasks to queue
[2024-10-20T03:03:00.263+0000] {logging_mixin.py:154} INFO - [2024-10-20T03:03:00.263+0000] {dagbag.py:536} INFO - Filling up the DagBag from /home/airflow/.local/lib/python3.8/site-packages/airflow/example_dags/example_local_kubernetes_executor.py
[2024-10-20T03:03:00.271+0000] {processor.py:839} INFO - DAG(s) dict_keys(['example_local_kubernetes_executor']) retrieved from /home/airflow/.local/lib/python3.8/site-packages/airflow/example_dags/example_local_kubernetes_executor.py
[2024-10-20T03:03:00.309+0000] {logging_mixin.py:154} INFO - [2024-10-20T03:03:00.309+0000] {dag.py:2941} INFO - Sync 1 DAGs
[2024-10-20T03:03:00.326+0000] {logging_mixin.py:154} INFO - [2024-10-20T03:03:00.325+0000] {dag.py:3722} INFO - Setting next_dagrun for example_local_kubernetes_executor to None, run_after=None
[2024-10-20T03:03:00.353+0000] {processor.py:179} INFO - Processing /home/airflow/.local/lib/python3.8/site-packages/airflow/example_dags/example_local_kubernetes_executor.py took 0.097 seconds
[2024-10-20T03:03:31.052+0000] {processor.py:157} INFO - Started process (PID=510) to work on /home/airflow/.local/lib/python3.8/site-packages/airflow/example_dags/example_local_kubernetes_executor.py
[2024-10-20T03:03:31.053+0000] {processor.py:829} INFO - Processing file /home/airflow/.local/lib/python3.8/site-packages/airflow/example_dags/example_local_kubernetes_executor.py for tasks to queue
[2024-10-20T03:03:31.056+0000] {logging_mixin.py:154} INFO - [2024-10-20T03:03:31.055+0000] {dagbag.py:536} INFO - Filling up the DagBag from /home/airflow/.local/lib/python3.8/site-packages/airflow/example_dags/example_local_kubernetes_executor.py
[2024-10-20T03:03:31.064+0000] {processor.py:839} INFO - DAG(s) dict_keys(['example_local_kubernetes_executor']) retrieved from /home/airflow/.local/lib/python3.8/site-packages/airflow/example_dags/example_local_kubernetes_executor.py
[2024-10-20T03:03:31.106+0000] {logging_mixin.py:154} INFO - [2024-10-20T03:03:31.106+0000] {dag.py:2941} INFO - Sync 1 DAGs
[2024-10-20T03:03:31.122+0000] {logging_mixin.py:154} INFO - [2024-10-20T03:03:31.121+0000] {dag.py:3722} INFO - Setting next_dagrun for example_local_kubernetes_executor to None, run_after=None
[2024-10-20T03:03:31.148+0000] {processor.py:179} INFO - Processing /home/airflow/.local/lib/python3.8/site-packages/airflow/example_dags/example_local_kubernetes_executor.py took 0.099 seconds
[2024-10-20T03:04:01.186+0000] {processor.py:157} INFO - Started process (PID=566) to work on /home/airflow/.local/lib/python3.8/site-packages/airflow/example_dags/example_local_kubernetes_executor.py
[2024-10-20T03:04:01.187+0000] {processor.py:829} INFO - Processing file /home/airflow/.local/lib/python3.8/site-packages/airflow/example_dags/example_local_kubernetes_executor.py for tasks to queue
[2024-10-20T03:04:01.189+0000] {logging_mixin.py:154} INFO - [2024-10-20T03:04:01.189+0000] {dagbag.py:536} INFO - Filling up the DagBag from /home/airflow/.local/lib/python3.8/site-packages/airflow/example_dags/example_local_kubernetes_executor.py
[2024-10-20T03:04:01.196+0000] {processor.py:839} INFO - DAG(s) dict_keys(['example_local_kubernetes_executor']) retrieved from /home/airflow/.local/lib/python3.8/site-packages/airflow/example_dags/example_local_kubernetes_executor.py
[2024-10-20T03:04:01.232+0000] {logging_mixin.py:154} INFO - [2024-10-20T03:04:01.232+0000] {dag.py:2941} INFO - Sync 1 DAGs
[2024-10-20T03:04:01.249+0000] {logging_mixin.py:154} INFO - [2024-10-20T03:04:01.249+0000] {dag.py:3722} INFO - Setting next_dagrun for example_local_kubernetes_executor to None, run_after=None
[2024-10-20T03:04:01.271+0000] {processor.py:179} INFO - Processing /home/airflow/.local/lib/python3.8/site-packages/airflow/example_dags/example_local_kubernetes_executor.py took 0.088 seconds
[2024-10-20T03:04:31.818+0000] {processor.py:157} INFO - Started process (PID=622) to work on /home/airflow/.local/lib/python3.8/site-packages/airflow/example_dags/example_local_kubernetes_executor.py
[2024-10-20T03:04:31.819+0000] {processor.py:829} INFO - Processing file /home/airflow/.local/lib/python3.8/site-packages/airflow/example_dags/example_local_kubernetes_executor.py for tasks to queue
[2024-10-20T03:04:31.822+0000] {logging_mixin.py:154} INFO - [2024-10-20T03:04:31.821+0000] {dagbag.py:536} INFO - Filling up the DagBag from /home/airflow/.local/lib/python3.8/site-packages/airflow/example_dags/example_local_kubernetes_executor.py
[2024-10-20T03:04:31.830+0000] {processor.py:839} INFO - DAG(s) dict_keys(['example_local_kubernetes_executor']) retrieved from /home/airflow/.local/lib/python3.8/site-packages/airflow/example_dags/example_local_kubernetes_executor.py
[2024-10-20T03:04:31.867+0000] {logging_mixin.py:154} INFO - [2024-10-20T03:04:31.867+0000] {dag.py:2941} INFO - Sync 1 DAGs
[2024-10-20T03:04:31.883+0000] {logging_mixin.py:154} INFO - [2024-10-20T03:04:31.883+0000] {dag.py:3722} INFO - Setting next_dagrun for example_local_kubernetes_executor to None, run_after=None
[2024-10-20T03:04:31.909+0000] {processor.py:179} INFO - Processing /home/airflow/.local/lib/python3.8/site-packages/airflow/example_dags/example_local_kubernetes_executor.py took 0.095 seconds
[2024-10-20T03:05:02.142+0000] {processor.py:157} INFO - Started process (PID=678) to work on /home/airflow/.local/lib/python3.8/site-packages/airflow/example_dags/example_local_kubernetes_executor.py
[2024-10-20T03:05:02.144+0000] {processor.py:829} INFO - Processing file /home/airflow/.local/lib/python3.8/site-packages/airflow/example_dags/example_local_kubernetes_executor.py for tasks to queue
[2024-10-20T03:05:02.146+0000] {logging_mixin.py:154} INFO - [2024-10-20T03:05:02.146+0000] {dagbag.py:536} INFO - Filling up the DagBag from /home/airflow/.local/lib/python3.8/site-packages/airflow/example_dags/example_local_kubernetes_executor.py
[2024-10-20T03:05:02.152+0000] {processor.py:839} INFO - DAG(s) dict_keys(['example_local_kubernetes_executor']) retrieved from /home/airflow/.local/lib/python3.8/site-packages/airflow/example_dags/example_local_kubernetes_executor.py
[2024-10-20T03:05:02.185+0000] {logging_mixin.py:154} INFO - [2024-10-20T03:05:02.185+0000] {dag.py:2941} INFO - Sync 1 DAGs
[2024-10-20T03:05:02.199+0000] {logging_mixin.py:154} INFO - [2024-10-20T03:05:02.199+0000] {dag.py:3722} INFO - Setting next_dagrun for example_local_kubernetes_executor to None, run_after=None
[2024-10-20T03:05:02.221+0000] {processor.py:179} INFO - Processing /home/airflow/.local/lib/python3.8/site-packages/airflow/example_dags/example_local_kubernetes_executor.py took 0.082 seconds
[2024-10-20T03:05:32.470+0000] {processor.py:157} INFO - Started process (PID=734) to work on /home/airflow/.local/lib/python3.8/site-packages/airflow/example_dags/example_local_kubernetes_executor.py
[2024-10-20T03:05:32.472+0000] {processor.py:829} INFO - Processing file /home/airflow/.local/lib/python3.8/site-packages/airflow/example_dags/example_local_kubernetes_executor.py for tasks to queue
[2024-10-20T03:05:32.474+0000] {logging_mixin.py:154} INFO - [2024-10-20T03:05:32.474+0000] {dagbag.py:536} INFO - Filling up the DagBag from /home/airflow/.local/lib/python3.8/site-packages/airflow/example_dags/example_local_kubernetes_executor.py
[2024-10-20T03:05:32.482+0000] {processor.py:839} INFO - DAG(s) dict_keys(['example_local_kubernetes_executor']) retrieved from /home/airflow/.local/lib/python3.8/site-packages/airflow/example_dags/example_local_kubernetes_executor.py
[2024-10-20T03:05:32.522+0000] {logging_mixin.py:154} INFO - [2024-10-20T03:05:32.522+0000] {dag.py:2941} INFO - Sync 1 DAGs
[2024-10-20T03:05:32.537+0000] {logging_mixin.py:154} INFO - [2024-10-20T03:05:32.537+0000] {dag.py:3722} INFO - Setting next_dagrun for example_local_kubernetes_executor to None, run_after=None
[2024-10-20T03:05:32.570+0000] {processor.py:179} INFO - Processing /home/airflow/.local/lib/python3.8/site-packages/airflow/example_dags/example_local_kubernetes_executor.py took 0.103 seconds
[2024-10-20T03:06:02.879+0000] {processor.py:157} INFO - Started process (PID=790) to work on /home/airflow/.local/lib/python3.8/site-packages/airflow/example_dags/example_local_kubernetes_executor.py
[2024-10-20T03:06:02.881+0000] {processor.py:829} INFO - Processing file /home/airflow/.local/lib/python3.8/site-packages/airflow/example_dags/example_local_kubernetes_executor.py for tasks to queue
[2024-10-20T03:06:02.883+0000] {logging_mixin.py:154} INFO - [2024-10-20T03:06:02.883+0000] {dagbag.py:536} INFO - Filling up the DagBag from /home/airflow/.local/lib/python3.8/site-packages/airflow/example_dags/example_local_kubernetes_executor.py
[2024-10-20T03:06:02.891+0000] {processor.py:839} INFO - DAG(s) dict_keys(['example_local_kubernetes_executor']) retrieved from /home/airflow/.local/lib/python3.8/site-packages/airflow/example_dags/example_local_kubernetes_executor.py
[2024-10-20T03:06:02.926+0000] {logging_mixin.py:154} INFO - [2024-10-20T03:06:02.926+0000] {dag.py:2941} INFO - Sync 1 DAGs
[2024-10-20T03:06:02.939+0000] {logging_mixin.py:154} INFO - [2024-10-20T03:06:02.939+0000] {dag.py:3722} INFO - Setting next_dagrun for example_local_kubernetes_executor to None, run_after=None
[2024-10-20T03:06:02.960+0000] {processor.py:179} INFO - Processing /home/airflow/.local/lib/python3.8/site-packages/airflow/example_dags/example_local_kubernetes_executor.py took 0.084 seconds
[2024-10-20T03:06:34.048+0000] {processor.py:157} INFO - Started process (PID=846) to work on /home/airflow/.local/lib/python3.8/site-packages/airflow/example_dags/example_local_kubernetes_executor.py
[2024-10-20T03:06:34.049+0000] {processor.py:829} INFO - Processing file /home/airflow/.local/lib/python3.8/site-packages/airflow/example_dags/example_local_kubernetes_executor.py for tasks to queue
[2024-10-20T03:06:34.052+0000] {logging_mixin.py:154} INFO - [2024-10-20T03:06:34.052+0000] {dagbag.py:536} INFO - Filling up the DagBag from /home/airflow/.local/lib/python3.8/site-packages/airflow/example_dags/example_local_kubernetes_executor.py
[2024-10-20T03:06:34.059+0000] {processor.py:839} INFO - DAG(s) dict_keys(['example_local_kubernetes_executor']) retrieved from /home/airflow/.local/lib/python3.8/site-packages/airflow/example_dags/example_local_kubernetes_executor.py
[2024-10-20T03:06:34.097+0000] {logging_mixin.py:154} INFO - [2024-10-20T03:06:34.096+0000] {dag.py:2941} INFO - Sync 1 DAGs
[2024-10-20T03:06:34.113+0000] {logging_mixin.py:154} INFO - [2024-10-20T03:06:34.113+0000] {dag.py:3722} INFO - Setting next_dagrun for example_local_kubernetes_executor to None, run_after=None
[2024-10-20T03:06:34.136+0000] {processor.py:179} INFO - Processing /home/airflow/.local/lib/python3.8/site-packages/airflow/example_dags/example_local_kubernetes_executor.py took 0.091 seconds
[2024-10-20T03:07:05.394+0000] {processor.py:157} INFO - Started process (PID=902) to work on /home/airflow/.local/lib/python3.8/site-packages/airflow/example_dags/example_local_kubernetes_executor.py
[2024-10-20T03:07:05.396+0000] {processor.py:829} INFO - Processing file /home/airflow/.local/lib/python3.8/site-packages/airflow/example_dags/example_local_kubernetes_executor.py for tasks to queue
[2024-10-20T03:07:05.399+0000] {logging_mixin.py:154} INFO - [2024-10-20T03:07:05.399+0000] {dagbag.py:536} INFO - Filling up the DagBag from /home/airflow/.local/lib/python3.8/site-packages/airflow/example_dags/example_local_kubernetes_executor.py
[2024-10-20T03:07:05.410+0000] {processor.py:839} INFO - DAG(s) dict_keys(['example_local_kubernetes_executor']) retrieved from /home/airflow/.local/lib/python3.8/site-packages/airflow/example_dags/example_local_kubernetes_executor.py
[2024-10-20T03:07:05.457+0000] {logging_mixin.py:154} INFO - [2024-10-20T03:07:05.457+0000] {dag.py:2941} INFO - Sync 1 DAGs
[2024-10-20T03:07:05.473+0000] {logging_mixin.py:154} INFO - [2024-10-20T03:07:05.473+0000] {dag.py:3722} INFO - Setting next_dagrun for example_local_kubernetes_executor to None, run_after=None
[2024-10-20T03:07:05.514+0000] {processor.py:179} INFO - Processing /home/airflow/.local/lib/python3.8/site-packages/airflow/example_dags/example_local_kubernetes_executor.py took 0.124 seconds
[2024-10-20T03:07:35.735+0000] {processor.py:157} INFO - Started process (PID=958) to work on /home/airflow/.local/lib/python3.8/site-packages/airflow/example_dags/example_local_kubernetes_executor.py
[2024-10-20T03:07:35.736+0000] {processor.py:829} INFO - Processing file /home/airflow/.local/lib/python3.8/site-packages/airflow/example_dags/example_local_kubernetes_executor.py for tasks to queue
[2024-10-20T03:07:35.738+0000] {logging_mixin.py:154} INFO - [2024-10-20T03:07:35.738+0000] {dagbag.py:536} INFO - Filling up the DagBag from /home/airflow/.local/lib/python3.8/site-packages/airflow/example_dags/example_local_kubernetes_executor.py
[2024-10-20T03:07:35.747+0000] {processor.py:839} INFO - DAG(s) dict_keys(['example_local_kubernetes_executor']) retrieved from /home/airflow/.local/lib/python3.8/site-packages/airflow/example_dags/example_local_kubernetes_executor.py
[2024-10-20T03:07:35.783+0000] {logging_mixin.py:154} INFO - [2024-10-20T03:07:35.783+0000] {dag.py:2941} INFO - Sync 1 DAGs
[2024-10-20T03:07:35.801+0000] {logging_mixin.py:154} INFO - [2024-10-20T03:07:35.800+0000] {dag.py:3722} INFO - Setting next_dagrun for example_local_kubernetes_executor to None, run_after=None
[2024-10-20T03:07:35.975+0000] {processor.py:179} INFO - Processing /home/airflow/.local/lib/python3.8/site-packages/airflow/example_dags/example_local_kubernetes_executor.py took 0.244 seconds
[2024-10-20T03:08:50.000+0000] {processor.py:157} INFO - Started process (PID=109) to work on /home/airflow/.local/lib/python3.8/site-packages/airflow/example_dags/example_local_kubernetes_executor.py
[2024-10-20T03:08:50.002+0000] {processor.py:829} INFO - Processing file /home/airflow/.local/lib/python3.8/site-packages/airflow/example_dags/example_local_kubernetes_executor.py for tasks to queue
[2024-10-20T03:08:50.006+0000] {logging_mixin.py:154} INFO - [2024-10-20T03:08:50.005+0000] {dagbag.py:536} INFO - Filling up the DagBag from /home/airflow/.local/lib/python3.8/site-packages/airflow/example_dags/example_local_kubernetes_executor.py
[2024-10-20T03:08:50.018+0000] {processor.py:839} INFO - DAG(s) dict_keys(['example_local_kubernetes_executor']) retrieved from /home/airflow/.local/lib/python3.8/site-packages/airflow/example_dags/example_local_kubernetes_executor.py
[2024-10-20T03:08:50.075+0000] {logging_mixin.py:154} INFO - [2024-10-20T03:08:50.075+0000] {dag.py:2941} INFO - Sync 1 DAGs
[2024-10-20T03:08:50.096+0000] {logging_mixin.py:154} INFO - [2024-10-20T03:08:50.096+0000] {dag.py:3722} INFO - Setting next_dagrun for example_local_kubernetes_executor to None, run_after=None
[2024-10-20T03:08:50.126+0000] {processor.py:179} INFO - Processing /home/airflow/.local/lib/python3.8/site-packages/airflow/example_dags/example_local_kubernetes_executor.py took 0.130 seconds
[2024-10-20T03:09:21.347+0000] {processor.py:157} INFO - Started process (PID=165) to work on /home/airflow/.local/lib/python3.8/site-packages/airflow/example_dags/example_local_kubernetes_executor.py
[2024-10-20T03:09:21.348+0000] {processor.py:829} INFO - Processing file /home/airflow/.local/lib/python3.8/site-packages/airflow/example_dags/example_local_kubernetes_executor.py for tasks to queue
[2024-10-20T03:09:21.351+0000] {logging_mixin.py:154} INFO - [2024-10-20T03:09:21.350+0000] {dagbag.py:536} INFO - Filling up the DagBag from /home/airflow/.local/lib/python3.8/site-packages/airflow/example_dags/example_local_kubernetes_executor.py
[2024-10-20T03:09:21.358+0000] {processor.py:839} INFO - DAG(s) dict_keys(['example_local_kubernetes_executor']) retrieved from /home/airflow/.local/lib/python3.8/site-packages/airflow/example_dags/example_local_kubernetes_executor.py
[2024-10-20T03:09:21.399+0000] {logging_mixin.py:154} INFO - [2024-10-20T03:09:21.399+0000] {dag.py:2941} INFO - Sync 1 DAGs
[2024-10-20T03:09:21.412+0000] {logging_mixin.py:154} INFO - [2024-10-20T03:09:21.412+0000] {dag.py:3722} INFO - Setting next_dagrun for example_local_kubernetes_executor to None, run_after=None
[2024-10-20T03:09:21.439+0000] {processor.py:179} INFO - Processing /home/airflow/.local/lib/python3.8/site-packages/airflow/example_dags/example_local_kubernetes_executor.py took 0.096 seconds
[2024-10-20T03:09:51.796+0000] {processor.py:157} INFO - Started process (PID=221) to work on /home/airflow/.local/lib/python3.8/site-packages/airflow/example_dags/example_local_kubernetes_executor.py
[2024-10-20T03:09:51.797+0000] {processor.py:829} INFO - Processing file /home/airflow/.local/lib/python3.8/site-packages/airflow/example_dags/example_local_kubernetes_executor.py for tasks to queue
[2024-10-20T03:09:51.800+0000] {logging_mixin.py:154} INFO - [2024-10-20T03:09:51.799+0000] {dagbag.py:536} INFO - Filling up the DagBag from /home/airflow/.local/lib/python3.8/site-packages/airflow/example_dags/example_local_kubernetes_executor.py
[2024-10-20T03:09:51.807+0000] {processor.py:839} INFO - DAG(s) dict_keys(['example_local_kubernetes_executor']) retrieved from /home/airflow/.local/lib/python3.8/site-packages/airflow/example_dags/example_local_kubernetes_executor.py
[2024-10-20T03:09:51.846+0000] {logging_mixin.py:154} INFO - [2024-10-20T03:09:51.846+0000] {dag.py:2941} INFO - Sync 1 DAGs
[2024-10-20T03:09:51.865+0000] {logging_mixin.py:154} INFO - [2024-10-20T03:09:51.865+0000] {dag.py:3722} INFO - Setting next_dagrun for example_local_kubernetes_executor to None, run_after=None
[2024-10-20T03:09:51.892+0000] {processor.py:179} INFO - Processing /home/airflow/.local/lib/python3.8/site-packages/airflow/example_dags/example_local_kubernetes_executor.py took 0.099 seconds
[2024-10-20T03:10:22.132+0000] {processor.py:157} INFO - Started process (PID=277) to work on /home/airflow/.local/lib/python3.8/site-packages/airflow/example_dags/example_local_kubernetes_executor.py
[2024-10-20T03:10:22.134+0000] {processor.py:829} INFO - Processing file /home/airflow/.local/lib/python3.8/site-packages/airflow/example_dags/example_local_kubernetes_executor.py for tasks to queue
[2024-10-20T03:10:22.137+0000] {logging_mixin.py:154} INFO - [2024-10-20T03:10:22.136+0000] {dagbag.py:536} INFO - Filling up the DagBag from /home/airflow/.local/lib/python3.8/site-packages/airflow/example_dags/example_local_kubernetes_executor.py
[2024-10-20T03:10:22.155+0000] {processor.py:839} INFO - DAG(s) dict_keys(['example_local_kubernetes_executor']) retrieved from /home/airflow/.local/lib/python3.8/site-packages/airflow/example_dags/example_local_kubernetes_executor.py
[2024-10-20T03:10:22.233+0000] {logging_mixin.py:154} INFO - [2024-10-20T03:10:22.233+0000] {dag.py:2941} INFO - Sync 1 DAGs
[2024-10-20T03:10:22.256+0000] {logging_mixin.py:154} INFO - [2024-10-20T03:10:22.255+0000] {dag.py:3722} INFO - Setting next_dagrun for example_local_kubernetes_executor to None, run_after=None
[2024-10-20T03:10:22.329+0000] {processor.py:179} INFO - Processing /home/airflow/.local/lib/python3.8/site-packages/airflow/example_dags/example_local_kubernetes_executor.py took 0.201 seconds
[2024-10-20T03:10:53.118+0000] {processor.py:157} INFO - Started process (PID=333) to work on /home/airflow/.local/lib/python3.8/site-packages/airflow/example_dags/example_local_kubernetes_executor.py
[2024-10-20T03:10:53.119+0000] {processor.py:829} INFO - Processing file /home/airflow/.local/lib/python3.8/site-packages/airflow/example_dags/example_local_kubernetes_executor.py for tasks to queue
[2024-10-20T03:10:53.121+0000] {logging_mixin.py:154} INFO - [2024-10-20T03:10:53.121+0000] {dagbag.py:536} INFO - Filling up the DagBag from /home/airflow/.local/lib/python3.8/site-packages/airflow/example_dags/example_local_kubernetes_executor.py
[2024-10-20T03:10:53.128+0000] {processor.py:839} INFO - DAG(s) dict_keys(['example_local_kubernetes_executor']) retrieved from /home/airflow/.local/lib/python3.8/site-packages/airflow/example_dags/example_local_kubernetes_executor.py
[2024-10-20T03:10:53.166+0000] {logging_mixin.py:154} INFO - [2024-10-20T03:10:53.166+0000] {dag.py:2941} INFO - Sync 1 DAGs
[2024-10-20T03:10:53.178+0000] {logging_mixin.py:154} INFO - [2024-10-20T03:10:53.178+0000] {dag.py:3722} INFO - Setting next_dagrun for example_local_kubernetes_executor to None, run_after=None
[2024-10-20T03:10:53.201+0000] {processor.py:179} INFO - Processing /home/airflow/.local/lib/python3.8/site-packages/airflow/example_dags/example_local_kubernetes_executor.py took 0.086 seconds
[2024-10-20T03:11:23.717+0000] {processor.py:157} INFO - Started process (PID=389) to work on /home/airflow/.local/lib/python3.8/site-packages/airflow/example_dags/example_local_kubernetes_executor.py
[2024-10-20T03:11:23.718+0000] {processor.py:829} INFO - Processing file /home/airflow/.local/lib/python3.8/site-packages/airflow/example_dags/example_local_kubernetes_executor.py for tasks to queue
[2024-10-20T03:11:23.721+0000] {logging_mixin.py:154} INFO - [2024-10-20T03:11:23.720+0000] {dagbag.py:536} INFO - Filling up the DagBag from /home/airflow/.local/lib/python3.8/site-packages/airflow/example_dags/example_local_kubernetes_executor.py
[2024-10-20T03:11:23.728+0000] {processor.py:839} INFO - DAG(s) dict_keys(['example_local_kubernetes_executor']) retrieved from /home/airflow/.local/lib/python3.8/site-packages/airflow/example_dags/example_local_kubernetes_executor.py
[2024-10-20T03:11:23.764+0000] {logging_mixin.py:154} INFO - [2024-10-20T03:11:23.763+0000] {dag.py:2941} INFO - Sync 1 DAGs
[2024-10-20T03:11:23.775+0000] {logging_mixin.py:154} INFO - [2024-10-20T03:11:23.775+0000] {dag.py:3722} INFO - Setting next_dagrun for example_local_kubernetes_executor to None, run_after=None
[2024-10-20T03:11:23.798+0000] {processor.py:179} INFO - Processing /home/airflow/.local/lib/python3.8/site-packages/airflow/example_dags/example_local_kubernetes_executor.py took 0.083 seconds
[2024-10-20T03:11:55.004+0000] {processor.py:157} INFO - Started process (PID=445) to work on /home/airflow/.local/lib/python3.8/site-packages/airflow/example_dags/example_local_kubernetes_executor.py
[2024-10-20T03:11:55.005+0000] {processor.py:829} INFO - Processing file /home/airflow/.local/lib/python3.8/site-packages/airflow/example_dags/example_local_kubernetes_executor.py for tasks to queue
[2024-10-20T03:11:55.008+0000] {logging_mixin.py:154} INFO - [2024-10-20T03:11:55.008+0000] {dagbag.py:536} INFO - Filling up the DagBag from /home/airflow/.local/lib/python3.8/site-packages/airflow/example_dags/example_local_kubernetes_executor.py
[2024-10-20T03:11:55.016+0000] {processor.py:839} INFO - DAG(s) dict_keys(['example_local_kubernetes_executor']) retrieved from /home/airflow/.local/lib/python3.8/site-packages/airflow/example_dags/example_local_kubernetes_executor.py
[2024-10-20T03:11:55.051+0000] {logging_mixin.py:154} INFO - [2024-10-20T03:11:55.050+0000] {dag.py:2941} INFO - Sync 1 DAGs
[2024-10-20T03:11:55.064+0000] {logging_mixin.py:154} INFO - [2024-10-20T03:11:55.064+0000] {dag.py:3722} INFO - Setting next_dagrun for example_local_kubernetes_executor to None, run_after=None
[2024-10-20T03:11:55.087+0000] {processor.py:179} INFO - Processing /home/airflow/.local/lib/python3.8/site-packages/airflow/example_dags/example_local_kubernetes_executor.py took 0.087 seconds
[2024-10-20T03:12:25.502+0000] {processor.py:157} INFO - Started process (PID=501) to work on /home/airflow/.local/lib/python3.8/site-packages/airflow/example_dags/example_local_kubernetes_executor.py
[2024-10-20T03:12:25.504+0000] {processor.py:829} INFO - Processing file /home/airflow/.local/lib/python3.8/site-packages/airflow/example_dags/example_local_kubernetes_executor.py for tasks to queue
[2024-10-20T03:12:25.507+0000] {logging_mixin.py:154} INFO - [2024-10-20T03:12:25.506+0000] {dagbag.py:536} INFO - Filling up the DagBag from /home/airflow/.local/lib/python3.8/site-packages/airflow/example_dags/example_local_kubernetes_executor.py
[2024-10-20T03:12:25.515+0000] {processor.py:839} INFO - DAG(s) dict_keys(['example_local_kubernetes_executor']) retrieved from /home/airflow/.local/lib/python3.8/site-packages/airflow/example_dags/example_local_kubernetes_executor.py
[2024-10-20T03:12:25.555+0000] {logging_mixin.py:154} INFO - [2024-10-20T03:12:25.555+0000] {dag.py:2941} INFO - Sync 1 DAGs
[2024-10-20T03:12:25.568+0000] {logging_mixin.py:154} INFO - [2024-10-20T03:12:25.568+0000] {dag.py:3722} INFO - Setting next_dagrun for example_local_kubernetes_executor to None, run_after=None
[2024-10-20T03:12:25.591+0000] {processor.py:179} INFO - Processing /home/airflow/.local/lib/python3.8/site-packages/airflow/example_dags/example_local_kubernetes_executor.py took 0.092 seconds
[2024-10-20T03:12:56.149+0000] {processor.py:157} INFO - Started process (PID=557) to work on /home/airflow/.local/lib/python3.8/site-packages/airflow/example_dags/example_local_kubernetes_executor.py
[2024-10-20T03:12:56.150+0000] {processor.py:829} INFO - Processing file /home/airflow/.local/lib/python3.8/site-packages/airflow/example_dags/example_local_kubernetes_executor.py for tasks to queue
[2024-10-20T03:12:56.152+0000] {logging_mixin.py:154} INFO - [2024-10-20T03:12:56.152+0000] {dagbag.py:536} INFO - Filling up the DagBag from /home/airflow/.local/lib/python3.8/site-packages/airflow/example_dags/example_local_kubernetes_executor.py
[2024-10-20T03:12:56.160+0000] {processor.py:839} INFO - DAG(s) dict_keys(['example_local_kubernetes_executor']) retrieved from /home/airflow/.local/lib/python3.8/site-packages/airflow/example_dags/example_local_kubernetes_executor.py
[2024-10-20T03:12:56.197+0000] {logging_mixin.py:154} INFO - [2024-10-20T03:12:56.196+0000] {dag.py:2941} INFO - Sync 1 DAGs
[2024-10-20T03:12:56.212+0000] {logging_mixin.py:154} INFO - [2024-10-20T03:12:56.212+0000] {dag.py:3722} INFO - Setting next_dagrun for example_local_kubernetes_executor to None, run_after=None
[2024-10-20T03:12:56.237+0000] {processor.py:179} INFO - Processing /home/airflow/.local/lib/python3.8/site-packages/airflow/example_dags/example_local_kubernetes_executor.py took 0.091 seconds
[2024-10-20T03:13:26.604+0000] {processor.py:157} INFO - Started process (PID=613) to work on /home/airflow/.local/lib/python3.8/site-packages/airflow/example_dags/example_local_kubernetes_executor.py
[2024-10-20T03:13:26.605+0000] {processor.py:829} INFO - Processing file /home/airflow/.local/lib/python3.8/site-packages/airflow/example_dags/example_local_kubernetes_executor.py for tasks to queue
[2024-10-20T03:13:26.608+0000] {logging_mixin.py:154} INFO - [2024-10-20T03:13:26.608+0000] {dagbag.py:536} INFO - Filling up the DagBag from /home/airflow/.local/lib/python3.8/site-packages/airflow/example_dags/example_local_kubernetes_executor.py
[2024-10-20T03:13:26.615+0000] {processor.py:839} INFO - DAG(s) dict_keys(['example_local_kubernetes_executor']) retrieved from /home/airflow/.local/lib/python3.8/site-packages/airflow/example_dags/example_local_kubernetes_executor.py
[2024-10-20T03:13:26.653+0000] {logging_mixin.py:154} INFO - [2024-10-20T03:13:26.653+0000] {dag.py:2941} INFO - Sync 1 DAGs
[2024-10-20T03:13:26.669+0000] {logging_mixin.py:154} INFO - [2024-10-20T03:13:26.669+0000] {dag.py:3722} INFO - Setting next_dagrun for example_local_kubernetes_executor to None, run_after=None
[2024-10-20T03:13:26.692+0000] {processor.py:179} INFO - Processing /home/airflow/.local/lib/python3.8/site-packages/airflow/example_dags/example_local_kubernetes_executor.py took 0.091 seconds
[2024-10-20T03:13:56.971+0000] {processor.py:157} INFO - Started process (PID=669) to work on /home/airflow/.local/lib/python3.8/site-packages/airflow/example_dags/example_local_kubernetes_executor.py
[2024-10-20T03:13:56.973+0000] {processor.py:829} INFO - Processing file /home/airflow/.local/lib/python3.8/site-packages/airflow/example_dags/example_local_kubernetes_executor.py for tasks to queue
[2024-10-20T03:13:56.975+0000] {logging_mixin.py:154} INFO - [2024-10-20T03:13:56.975+0000] {dagbag.py:536} INFO - Filling up the DagBag from /home/airflow/.local/lib/python3.8/site-packages/airflow/example_dags/example_local_kubernetes_executor.py
[2024-10-20T03:13:56.983+0000] {processor.py:839} INFO - DAG(s) dict_keys(['example_local_kubernetes_executor']) retrieved from /home/airflow/.local/lib/python3.8/site-packages/airflow/example_dags/example_local_kubernetes_executor.py
[2024-10-20T03:13:57.019+0000] {logging_mixin.py:154} INFO - [2024-10-20T03:13:57.018+0000] {dag.py:2941} INFO - Sync 1 DAGs
[2024-10-20T03:13:57.032+0000] {logging_mixin.py:154} INFO - [2024-10-20T03:13:57.032+0000] {dag.py:3722} INFO - Setting next_dagrun for example_local_kubernetes_executor to None, run_after=None
[2024-10-20T03:13:57.052+0000] {processor.py:179} INFO - Processing /home/airflow/.local/lib/python3.8/site-packages/airflow/example_dags/example_local_kubernetes_executor.py took 0.083 seconds
[2024-10-20T03:14:27.451+0000] {processor.py:157} INFO - Started process (PID=725) to work on /home/airflow/.local/lib/python3.8/site-packages/airflow/example_dags/example_local_kubernetes_executor.py
[2024-10-20T03:14:27.452+0000] {processor.py:829} INFO - Processing file /home/airflow/.local/lib/python3.8/site-packages/airflow/example_dags/example_local_kubernetes_executor.py for tasks to queue
[2024-10-20T03:14:27.456+0000] {logging_mixin.py:154} INFO - [2024-10-20T03:14:27.456+0000] {dagbag.py:536} INFO - Filling up the DagBag from /home/airflow/.local/lib/python3.8/site-packages/airflow/example_dags/example_local_kubernetes_executor.py
[2024-10-20T03:14:27.465+0000] {processor.py:839} INFO - DAG(s) dict_keys(['example_local_kubernetes_executor']) retrieved from /home/airflow/.local/lib/python3.8/site-packages/airflow/example_dags/example_local_kubernetes_executor.py
[2024-10-20T03:14:27.502+0000] {logging_mixin.py:154} INFO - [2024-10-20T03:14:27.502+0000] {dag.py:2941} INFO - Sync 1 DAGs
[2024-10-20T03:14:27.516+0000] {logging_mixin.py:154} INFO - [2024-10-20T03:14:27.516+0000] {dag.py:3722} INFO - Setting next_dagrun for example_local_kubernetes_executor to None, run_after=None
[2024-10-20T03:14:27.541+0000] {processor.py:179} INFO - Processing /home/airflow/.local/lib/python3.8/site-packages/airflow/example_dags/example_local_kubernetes_executor.py took 0.093 seconds
[2024-10-20T03:14:57.856+0000] {processor.py:157} INFO - Started process (PID=781) to work on /home/airflow/.local/lib/python3.8/site-packages/airflow/example_dags/example_local_kubernetes_executor.py
[2024-10-20T03:14:57.857+0000] {processor.py:829} INFO - Processing file /home/airflow/.local/lib/python3.8/site-packages/airflow/example_dags/example_local_kubernetes_executor.py for tasks to queue
[2024-10-20T03:14:57.860+0000] {logging_mixin.py:154} INFO - [2024-10-20T03:14:57.859+0000] {dagbag.py:536} INFO - Filling up the DagBag from /home/airflow/.local/lib/python3.8/site-packages/airflow/example_dags/example_local_kubernetes_executor.py
[2024-10-20T03:14:57.866+0000] {processor.py:839} INFO - DAG(s) dict_keys(['example_local_kubernetes_executor']) retrieved from /home/airflow/.local/lib/python3.8/site-packages/airflow/example_dags/example_local_kubernetes_executor.py
[2024-10-20T03:14:57.900+0000] {logging_mixin.py:154} INFO - [2024-10-20T03:14:57.900+0000] {dag.py:2941} INFO - Sync 1 DAGs
[2024-10-20T03:14:57.912+0000] {logging_mixin.py:154} INFO - [2024-10-20T03:14:57.912+0000] {dag.py:3722} INFO - Setting next_dagrun for example_local_kubernetes_executor to None, run_after=None
[2024-10-20T03:14:57.936+0000] {processor.py:179} INFO - Processing /home/airflow/.local/lib/python3.8/site-packages/airflow/example_dags/example_local_kubernetes_executor.py took 0.083 seconds
[2024-10-20T03:15:28.584+0000] {processor.py:157} INFO - Started process (PID=837) to work on /home/airflow/.local/lib/python3.8/site-packages/airflow/example_dags/example_local_kubernetes_executor.py
[2024-10-20T03:15:28.585+0000] {processor.py:829} INFO - Processing file /home/airflow/.local/lib/python3.8/site-packages/airflow/example_dags/example_local_kubernetes_executor.py for tasks to queue
[2024-10-20T03:15:28.587+0000] {logging_mixin.py:154} INFO - [2024-10-20T03:15:28.587+0000] {dagbag.py:536} INFO - Filling up the DagBag from /home/airflow/.local/lib/python3.8/site-packages/airflow/example_dags/example_local_kubernetes_executor.py
[2024-10-20T03:15:28.595+0000] {processor.py:839} INFO - DAG(s) dict_keys(['example_local_kubernetes_executor']) retrieved from /home/airflow/.local/lib/python3.8/site-packages/airflow/example_dags/example_local_kubernetes_executor.py
[2024-10-20T03:15:28.632+0000] {logging_mixin.py:154} INFO - [2024-10-20T03:15:28.632+0000] {dag.py:2941} INFO - Sync 1 DAGs
[2024-10-20T03:15:28.646+0000] {logging_mixin.py:154} INFO - [2024-10-20T03:15:28.646+0000] {dag.py:3722} INFO - Setting next_dagrun for example_local_kubernetes_executor to None, run_after=None
[2024-10-20T03:15:28.668+0000] {processor.py:179} INFO - Processing /home/airflow/.local/lib/python3.8/site-packages/airflow/example_dags/example_local_kubernetes_executor.py took 0.087 seconds
[2024-10-20T03:15:59.192+0000] {processor.py:157} INFO - Started process (PID=893) to work on /home/airflow/.local/lib/python3.8/site-packages/airflow/example_dags/example_local_kubernetes_executor.py
[2024-10-20T03:15:59.193+0000] {processor.py:829} INFO - Processing file /home/airflow/.local/lib/python3.8/site-packages/airflow/example_dags/example_local_kubernetes_executor.py for tasks to queue
[2024-10-20T03:15:59.196+0000] {logging_mixin.py:154} INFO - [2024-10-20T03:15:59.196+0000] {dagbag.py:536} INFO - Filling up the DagBag from /home/airflow/.local/lib/python3.8/site-packages/airflow/example_dags/example_local_kubernetes_executor.py
[2024-10-20T03:15:59.205+0000] {processor.py:839} INFO - DAG(s) dict_keys(['example_local_kubernetes_executor']) retrieved from /home/airflow/.local/lib/python3.8/site-packages/airflow/example_dags/example_local_kubernetes_executor.py
[2024-10-20T03:15:59.253+0000] {logging_mixin.py:154} INFO - [2024-10-20T03:15:59.252+0000] {dag.py:2941} INFO - Sync 1 DAGs
[2024-10-20T03:15:59.266+0000] {logging_mixin.py:154} INFO - [2024-10-20T03:15:59.266+0000] {dag.py:3722} INFO - Setting next_dagrun for example_local_kubernetes_executor to None, run_after=None
[2024-10-20T03:15:59.297+0000] {processor.py:179} INFO - Processing /home/airflow/.local/lib/python3.8/site-packages/airflow/example_dags/example_local_kubernetes_executor.py took 0.109 seconds
[2024-10-20T03:16:29.643+0000] {processor.py:157} INFO - Started process (PID=949) to work on /home/airflow/.local/lib/python3.8/site-packages/airflow/example_dags/example_local_kubernetes_executor.py
[2024-10-20T03:16:29.645+0000] {processor.py:829} INFO - Processing file /home/airflow/.local/lib/python3.8/site-packages/airflow/example_dags/example_local_kubernetes_executor.py for tasks to queue
[2024-10-20T03:16:29.647+0000] {logging_mixin.py:154} INFO - [2024-10-20T03:16:29.647+0000] {dagbag.py:536} INFO - Filling up the DagBag from /home/airflow/.local/lib/python3.8/site-packages/airflow/example_dags/example_local_kubernetes_executor.py
[2024-10-20T03:16:29.655+0000] {processor.py:839} INFO - DAG(s) dict_keys(['example_local_kubernetes_executor']) retrieved from /home/airflow/.local/lib/python3.8/site-packages/airflow/example_dags/example_local_kubernetes_executor.py
[2024-10-20T03:16:29.692+0000] {logging_mixin.py:154} INFO - [2024-10-20T03:16:29.692+0000] {dag.py:2941} INFO - Sync 1 DAGs
[2024-10-20T03:16:29.705+0000] {logging_mixin.py:154} INFO - [2024-10-20T03:16:29.705+0000] {dag.py:3722} INFO - Setting next_dagrun for example_local_kubernetes_executor to None, run_after=None
[2024-10-20T03:16:29.733+0000] {processor.py:179} INFO - Processing /home/airflow/.local/lib/python3.8/site-packages/airflow/example_dags/example_local_kubernetes_executor.py took 0.095 seconds
[2024-10-20T03:17:01.830+0000] {processor.py:157} INFO - Started process (PID=1005) to work on /home/airflow/.local/lib/python3.8/site-packages/airflow/example_dags/example_local_kubernetes_executor.py
[2024-10-20T03:17:01.831+0000] {processor.py:829} INFO - Processing file /home/airflow/.local/lib/python3.8/site-packages/airflow/example_dags/example_local_kubernetes_executor.py for tasks to queue
[2024-10-20T03:17:01.834+0000] {logging_mixin.py:154} INFO - [2024-10-20T03:17:01.833+0000] {dagbag.py:536} INFO - Filling up the DagBag from /home/airflow/.local/lib/python3.8/site-packages/airflow/example_dags/example_local_kubernetes_executor.py
[2024-10-20T03:17:01.841+0000] {processor.py:839} INFO - DAG(s) dict_keys(['example_local_kubernetes_executor']) retrieved from /home/airflow/.local/lib/python3.8/site-packages/airflow/example_dags/example_local_kubernetes_executor.py
[2024-10-20T03:17:01.877+0000] {logging_mixin.py:154} INFO - [2024-10-20T03:17:01.877+0000] {dag.py:2941} INFO - Sync 1 DAGs
[2024-10-20T03:17:01.891+0000] {logging_mixin.py:154} INFO - [2024-10-20T03:17:01.891+0000] {dag.py:3722} INFO - Setting next_dagrun for example_local_kubernetes_executor to None, run_after=None
[2024-10-20T03:17:01.915+0000] {processor.py:179} INFO - Processing /home/airflow/.local/lib/python3.8/site-packages/airflow/example_dags/example_local_kubernetes_executor.py took 0.088 seconds
[2024-10-20T03:17:33.453+0000] {processor.py:157} INFO - Started process (PID=1061) to work on /home/airflow/.local/lib/python3.8/site-packages/airflow/example_dags/example_local_kubernetes_executor.py
[2024-10-20T03:17:33.455+0000] {processor.py:829} INFO - Processing file /home/airflow/.local/lib/python3.8/site-packages/airflow/example_dags/example_local_kubernetes_executor.py for tasks to queue
[2024-10-20T03:17:33.457+0000] {logging_mixin.py:154} INFO - [2024-10-20T03:17:33.456+0000] {dagbag.py:536} INFO - Filling up the DagBag from /home/airflow/.local/lib/python3.8/site-packages/airflow/example_dags/example_local_kubernetes_executor.py
[2024-10-20T03:17:33.464+0000] {processor.py:839} INFO - DAG(s) dict_keys(['example_local_kubernetes_executor']) retrieved from /home/airflow/.local/lib/python3.8/site-packages/airflow/example_dags/example_local_kubernetes_executor.py
[2024-10-20T03:17:33.503+0000] {logging_mixin.py:154} INFO - [2024-10-20T03:17:33.503+0000] {dag.py:2941} INFO - Sync 1 DAGs
[2024-10-20T03:17:33.701+0000] {logging_mixin.py:154} INFO - [2024-10-20T03:17:33.701+0000] {dag.py:3722} INFO - Setting next_dagrun for example_local_kubernetes_executor to None, run_after=None
[2024-10-20T03:17:33.723+0000] {processor.py:179} INFO - Processing /home/airflow/.local/lib/python3.8/site-packages/airflow/example_dags/example_local_kubernetes_executor.py took 0.272 seconds
