[2024-10-20T02:46:20.717+0000] {processor.py:157} INFO - Started process (PID=110) to work on /home/airflow/.local/lib/python3.8/site-packages/airflow/example_dags/example_branch_operator.py
[2024-10-20T02:46:20.719+0000] {processor.py:829} INFO - Processing file /home/airflow/.local/lib/python3.8/site-packages/airflow/example_dags/example_branch_operator.py for tasks to queue
[2024-10-20T02:46:20.722+0000] {logging_mixin.py:154} INFO - [2024-10-20T02:46:20.721+0000] {dagbag.py:536} INFO - Filling up the DagBag from /home/airflow/.local/lib/python3.8/site-packages/airflow/example_dags/example_branch_operator.py
[2024-10-20T02:46:20.735+0000] {processor.py:839} INFO - DAG(s) dict_keys(['example_branch_operator']) retrieved from /home/airflow/.local/lib/python3.8/site-packages/airflow/example_dags/example_branch_operator.py
[2024-10-20T02:46:20.769+0000] {logging_mixin.py:154} INFO - [2024-10-20T02:46:20.769+0000] {dag.py:2941} INFO - Sync 1 DAGs
[2024-10-20T02:46:20.805+0000] {logging_mixin.py:154} INFO - [2024-10-20T02:46:20.805+0000] {dag.py:3722} INFO - Setting next_dagrun for example_branch_operator to 2024-10-19T00:00:00+00:00, run_after=2024-10-20T00:00:00+00:00
[2024-10-20T02:46:20.841+0000] {processor.py:179} INFO - Processing /home/airflow/.local/lib/python3.8/site-packages/airflow/example_dags/example_branch_operator.py took 0.128 seconds
[2024-10-20T02:46:51.376+0000] {processor.py:157} INFO - Started process (PID=166) to work on /home/airflow/.local/lib/python3.8/site-packages/airflow/example_dags/example_branch_operator.py
[2024-10-20T02:46:51.378+0000] {processor.py:829} INFO - Processing file /home/airflow/.local/lib/python3.8/site-packages/airflow/example_dags/example_branch_operator.py for tasks to queue
[2024-10-20T02:46:51.380+0000] {logging_mixin.py:154} INFO - [2024-10-20T02:46:51.380+0000] {dagbag.py:536} INFO - Filling up the DagBag from /home/airflow/.local/lib/python3.8/site-packages/airflow/example_dags/example_branch_operator.py
[2024-10-20T02:46:51.388+0000] {processor.py:839} INFO - DAG(s) dict_keys(['example_branch_operator']) retrieved from /home/airflow/.local/lib/python3.8/site-packages/airflow/example_dags/example_branch_operator.py
[2024-10-20T02:46:51.412+0000] {logging_mixin.py:154} INFO - [2024-10-20T02:46:51.412+0000] {dag.py:2941} INFO - Sync 1 DAGs
[2024-10-20T02:46:51.434+0000] {logging_mixin.py:154} INFO - [2024-10-20T02:46:51.434+0000] {dag.py:3722} INFO - Setting next_dagrun for example_branch_operator to 2024-10-19T00:00:00+00:00, run_after=2024-10-20T00:00:00+00:00
[2024-10-20T02:46:51.456+0000] {processor.py:179} INFO - Processing /home/airflow/.local/lib/python3.8/site-packages/airflow/example_dags/example_branch_operator.py took 0.083 seconds
[2024-10-20T02:47:22.276+0000] {processor.py:157} INFO - Started process (PID=222) to work on /home/airflow/.local/lib/python3.8/site-packages/airflow/example_dags/example_branch_operator.py
[2024-10-20T02:47:22.277+0000] {processor.py:829} INFO - Processing file /home/airflow/.local/lib/python3.8/site-packages/airflow/example_dags/example_branch_operator.py for tasks to queue
[2024-10-20T02:47:22.279+0000] {logging_mixin.py:154} INFO - [2024-10-20T02:47:22.279+0000] {dagbag.py:536} INFO - Filling up the DagBag from /home/airflow/.local/lib/python3.8/site-packages/airflow/example_dags/example_branch_operator.py
[2024-10-20T02:47:22.288+0000] {processor.py:839} INFO - DAG(s) dict_keys(['example_branch_operator']) retrieved from /home/airflow/.local/lib/python3.8/site-packages/airflow/example_dags/example_branch_operator.py
[2024-10-20T02:47:22.311+0000] {logging_mixin.py:154} INFO - [2024-10-20T02:47:22.311+0000] {dag.py:2941} INFO - Sync 1 DAGs
[2024-10-20T02:47:22.337+0000] {logging_mixin.py:154} INFO - [2024-10-20T02:47:22.337+0000] {dag.py:3722} INFO - Setting next_dagrun for example_branch_operator to 2024-10-19T00:00:00+00:00, run_after=2024-10-20T00:00:00+00:00
[2024-10-20T02:47:22.363+0000] {processor.py:179} INFO - Processing /home/airflow/.local/lib/python3.8/site-packages/airflow/example_dags/example_branch_operator.py took 0.090 seconds
[2024-10-20T02:47:52.997+0000] {processor.py:157} INFO - Started process (PID=278) to work on /home/airflow/.local/lib/python3.8/site-packages/airflow/example_dags/example_branch_operator.py
[2024-10-20T02:47:52.998+0000] {processor.py:829} INFO - Processing file /home/airflow/.local/lib/python3.8/site-packages/airflow/example_dags/example_branch_operator.py for tasks to queue
[2024-10-20T02:47:53.001+0000] {logging_mixin.py:154} INFO - [2024-10-20T02:47:53.000+0000] {dagbag.py:536} INFO - Filling up the DagBag from /home/airflow/.local/lib/python3.8/site-packages/airflow/example_dags/example_branch_operator.py
[2024-10-20T02:47:53.010+0000] {processor.py:839} INFO - DAG(s) dict_keys(['example_branch_operator']) retrieved from /home/airflow/.local/lib/python3.8/site-packages/airflow/example_dags/example_branch_operator.py
[2024-10-20T02:47:53.038+0000] {logging_mixin.py:154} INFO - [2024-10-20T02:47:53.037+0000] {dag.py:2941} INFO - Sync 1 DAGs
[2024-10-20T02:47:53.063+0000] {logging_mixin.py:154} INFO - [2024-10-20T02:47:53.063+0000] {dag.py:3722} INFO - Setting next_dagrun for example_branch_operator to 2024-10-19T00:00:00+00:00, run_after=2024-10-20T00:00:00+00:00
[2024-10-20T02:47:53.098+0000] {processor.py:179} INFO - Processing /home/airflow/.local/lib/python3.8/site-packages/airflow/example_dags/example_branch_operator.py took 0.104 seconds
[2024-10-20T02:48:23.318+0000] {processor.py:157} INFO - Started process (PID=334) to work on /home/airflow/.local/lib/python3.8/site-packages/airflow/example_dags/example_branch_operator.py
[2024-10-20T02:48:23.319+0000] {processor.py:829} INFO - Processing file /home/airflow/.local/lib/python3.8/site-packages/airflow/example_dags/example_branch_operator.py for tasks to queue
[2024-10-20T02:48:23.322+0000] {logging_mixin.py:154} INFO - [2024-10-20T02:48:23.321+0000] {dagbag.py:536} INFO - Filling up the DagBag from /home/airflow/.local/lib/python3.8/site-packages/airflow/example_dags/example_branch_operator.py
[2024-10-20T02:48:23.332+0000] {processor.py:839} INFO - DAG(s) dict_keys(['example_branch_operator']) retrieved from /home/airflow/.local/lib/python3.8/site-packages/airflow/example_dags/example_branch_operator.py
[2024-10-20T02:48:23.356+0000] {logging_mixin.py:154} INFO - [2024-10-20T02:48:23.356+0000] {dag.py:2941} INFO - Sync 1 DAGs
[2024-10-20T02:48:23.383+0000] {logging_mixin.py:154} INFO - [2024-10-20T02:48:23.382+0000] {dag.py:3722} INFO - Setting next_dagrun for example_branch_operator to 2024-10-19T00:00:00+00:00, run_after=2024-10-20T00:00:00+00:00
[2024-10-20T02:48:23.406+0000] {processor.py:179} INFO - Processing /home/airflow/.local/lib/python3.8/site-packages/airflow/example_dags/example_branch_operator.py took 0.092 seconds
[2024-10-20T02:48:54.322+0000] {processor.py:157} INFO - Started process (PID=390) to work on /home/airflow/.local/lib/python3.8/site-packages/airflow/example_dags/example_branch_operator.py
[2024-10-20T02:48:54.323+0000] {processor.py:829} INFO - Processing file /home/airflow/.local/lib/python3.8/site-packages/airflow/example_dags/example_branch_operator.py for tasks to queue
[2024-10-20T02:48:54.325+0000] {logging_mixin.py:154} INFO - [2024-10-20T02:48:54.325+0000] {dagbag.py:536} INFO - Filling up the DagBag from /home/airflow/.local/lib/python3.8/site-packages/airflow/example_dags/example_branch_operator.py
[2024-10-20T02:48:54.336+0000] {processor.py:839} INFO - DAG(s) dict_keys(['example_branch_operator']) retrieved from /home/airflow/.local/lib/python3.8/site-packages/airflow/example_dags/example_branch_operator.py
[2024-10-20T02:48:54.362+0000] {logging_mixin.py:154} INFO - [2024-10-20T02:48:54.362+0000] {dag.py:2941} INFO - Sync 1 DAGs
[2024-10-20T02:48:54.385+0000] {logging_mixin.py:154} INFO - [2024-10-20T02:48:54.385+0000] {dag.py:3722} INFO - Setting next_dagrun for example_branch_operator to 2024-10-19T00:00:00+00:00, run_after=2024-10-20T00:00:00+00:00
[2024-10-20T02:48:54.410+0000] {processor.py:179} INFO - Processing /home/airflow/.local/lib/python3.8/site-packages/airflow/example_dags/example_branch_operator.py took 0.090 seconds
[2024-10-20T02:49:25.171+0000] {processor.py:157} INFO - Started process (PID=446) to work on /home/airflow/.local/lib/python3.8/site-packages/airflow/example_dags/example_branch_operator.py
[2024-10-20T02:49:25.172+0000] {processor.py:829} INFO - Processing file /home/airflow/.local/lib/python3.8/site-packages/airflow/example_dags/example_branch_operator.py for tasks to queue
[2024-10-20T02:49:25.174+0000] {logging_mixin.py:154} INFO - [2024-10-20T02:49:25.174+0000] {dagbag.py:536} INFO - Filling up the DagBag from /home/airflow/.local/lib/python3.8/site-packages/airflow/example_dags/example_branch_operator.py
[2024-10-20T02:49:25.183+0000] {processor.py:839} INFO - DAG(s) dict_keys(['example_branch_operator']) retrieved from /home/airflow/.local/lib/python3.8/site-packages/airflow/example_dags/example_branch_operator.py
[2024-10-20T02:49:25.207+0000] {logging_mixin.py:154} INFO - [2024-10-20T02:49:25.207+0000] {dag.py:2941} INFO - Sync 1 DAGs
[2024-10-20T02:49:25.231+0000] {logging_mixin.py:154} INFO - [2024-10-20T02:49:25.230+0000] {dag.py:3722} INFO - Setting next_dagrun for example_branch_operator to 2024-10-19T00:00:00+00:00, run_after=2024-10-20T00:00:00+00:00
[2024-10-20T02:49:25.252+0000] {processor.py:179} INFO - Processing /home/airflow/.local/lib/python3.8/site-packages/airflow/example_dags/example_branch_operator.py took 0.084 seconds
[2024-10-20T02:49:55.759+0000] {processor.py:157} INFO - Started process (PID=502) to work on /home/airflow/.local/lib/python3.8/site-packages/airflow/example_dags/example_branch_operator.py
[2024-10-20T02:49:55.761+0000] {processor.py:829} INFO - Processing file /home/airflow/.local/lib/python3.8/site-packages/airflow/example_dags/example_branch_operator.py for tasks to queue
[2024-10-20T02:49:55.764+0000] {logging_mixin.py:154} INFO - [2024-10-20T02:49:55.763+0000] {dagbag.py:536} INFO - Filling up the DagBag from /home/airflow/.local/lib/python3.8/site-packages/airflow/example_dags/example_branch_operator.py
[2024-10-20T02:49:55.774+0000] {processor.py:839} INFO - DAG(s) dict_keys(['example_branch_operator']) retrieved from /home/airflow/.local/lib/python3.8/site-packages/airflow/example_dags/example_branch_operator.py
[2024-10-20T02:49:55.799+0000] {logging_mixin.py:154} INFO - [2024-10-20T02:49:55.799+0000] {dag.py:2941} INFO - Sync 1 DAGs
[2024-10-20T02:49:55.825+0000] {logging_mixin.py:154} INFO - [2024-10-20T02:49:55.825+0000] {dag.py:3722} INFO - Setting next_dagrun for example_branch_operator to 2024-10-19T00:00:00+00:00, run_after=2024-10-20T00:00:00+00:00
[2024-10-20T02:49:55.849+0000] {processor.py:179} INFO - Processing /home/airflow/.local/lib/python3.8/site-packages/airflow/example_dags/example_branch_operator.py took 0.093 seconds
[2024-10-20T02:50:26.251+0000] {processor.py:157} INFO - Started process (PID=558) to work on /home/airflow/.local/lib/python3.8/site-packages/airflow/example_dags/example_branch_operator.py
[2024-10-20T02:50:26.252+0000] {processor.py:829} INFO - Processing file /home/airflow/.local/lib/python3.8/site-packages/airflow/example_dags/example_branch_operator.py for tasks to queue
[2024-10-20T02:50:26.256+0000] {logging_mixin.py:154} INFO - [2024-10-20T02:50:26.255+0000] {dagbag.py:536} INFO - Filling up the DagBag from /home/airflow/.local/lib/python3.8/site-packages/airflow/example_dags/example_branch_operator.py
[2024-10-20T02:50:26.265+0000] {processor.py:839} INFO - DAG(s) dict_keys(['example_branch_operator']) retrieved from /home/airflow/.local/lib/python3.8/site-packages/airflow/example_dags/example_branch_operator.py
[2024-10-20T02:50:26.289+0000] {logging_mixin.py:154} INFO - [2024-10-20T02:50:26.289+0000] {dag.py:2941} INFO - Sync 1 DAGs
[2024-10-20T02:50:26.315+0000] {logging_mixin.py:154} INFO - [2024-10-20T02:50:26.315+0000] {dag.py:3722} INFO - Setting next_dagrun for example_branch_operator to 2024-10-19T00:00:00+00:00, run_after=2024-10-20T00:00:00+00:00
[2024-10-20T02:50:26.343+0000] {processor.py:179} INFO - Processing /home/airflow/.local/lib/python3.8/site-packages/airflow/example_dags/example_branch_operator.py took 0.095 seconds
[2024-10-20T02:50:57.543+0000] {processor.py:157} INFO - Started process (PID=614) to work on /home/airflow/.local/lib/python3.8/site-packages/airflow/example_dags/example_branch_operator.py
[2024-10-20T02:50:57.545+0000] {processor.py:829} INFO - Processing file /home/airflow/.local/lib/python3.8/site-packages/airflow/example_dags/example_branch_operator.py for tasks to queue
[2024-10-20T02:50:57.548+0000] {logging_mixin.py:154} INFO - [2024-10-20T02:50:57.547+0000] {dagbag.py:536} INFO - Filling up the DagBag from /home/airflow/.local/lib/python3.8/site-packages/airflow/example_dags/example_branch_operator.py
[2024-10-20T02:50:57.556+0000] {processor.py:839} INFO - DAG(s) dict_keys(['example_branch_operator']) retrieved from /home/airflow/.local/lib/python3.8/site-packages/airflow/example_dags/example_branch_operator.py
[2024-10-20T02:50:57.580+0000] {logging_mixin.py:154} INFO - [2024-10-20T02:50:57.580+0000] {dag.py:2941} INFO - Sync 1 DAGs
[2024-10-20T02:50:57.603+0000] {logging_mixin.py:154} INFO - [2024-10-20T02:50:57.602+0000] {dag.py:3722} INFO - Setting next_dagrun for example_branch_operator to 2024-10-19T00:00:00+00:00, run_after=2024-10-20T00:00:00+00:00
[2024-10-20T02:50:57.626+0000] {processor.py:179} INFO - Processing /home/airflow/.local/lib/python3.8/site-packages/airflow/example_dags/example_branch_operator.py took 0.086 seconds
[2024-10-20T02:51:27.888+0000] {processor.py:157} INFO - Started process (PID=670) to work on /home/airflow/.local/lib/python3.8/site-packages/airflow/example_dags/example_branch_operator.py
[2024-10-20T02:51:27.889+0000] {processor.py:829} INFO - Processing file /home/airflow/.local/lib/python3.8/site-packages/airflow/example_dags/example_branch_operator.py for tasks to queue
[2024-10-20T02:51:27.891+0000] {logging_mixin.py:154} INFO - [2024-10-20T02:51:27.891+0000] {dagbag.py:536} INFO - Filling up the DagBag from /home/airflow/.local/lib/python3.8/site-packages/airflow/example_dags/example_branch_operator.py
[2024-10-20T02:51:27.901+0000] {processor.py:839} INFO - DAG(s) dict_keys(['example_branch_operator']) retrieved from /home/airflow/.local/lib/python3.8/site-packages/airflow/example_dags/example_branch_operator.py
[2024-10-20T02:51:27.923+0000] {logging_mixin.py:154} INFO - [2024-10-20T02:51:27.922+0000] {dag.py:2941} INFO - Sync 1 DAGs
[2024-10-20T02:51:27.947+0000] {logging_mixin.py:154} INFO - [2024-10-20T02:51:27.947+0000] {dag.py:3722} INFO - Setting next_dagrun for example_branch_operator to 2024-10-19T00:00:00+00:00, run_after=2024-10-20T00:00:00+00:00
[2024-10-20T02:51:27.968+0000] {processor.py:179} INFO - Processing /home/airflow/.local/lib/python3.8/site-packages/airflow/example_dags/example_branch_operator.py took 0.083 seconds
[2024-10-20T02:51:59.263+0000] {processor.py:157} INFO - Started process (PID=726) to work on /home/airflow/.local/lib/python3.8/site-packages/airflow/example_dags/example_branch_operator.py
[2024-10-20T02:51:59.264+0000] {processor.py:829} INFO - Processing file /home/airflow/.local/lib/python3.8/site-packages/airflow/example_dags/example_branch_operator.py for tasks to queue
[2024-10-20T02:51:59.266+0000] {logging_mixin.py:154} INFO - [2024-10-20T02:51:59.266+0000] {dagbag.py:536} INFO - Filling up the DagBag from /home/airflow/.local/lib/python3.8/site-packages/airflow/example_dags/example_branch_operator.py
[2024-10-20T02:51:59.275+0000] {processor.py:839} INFO - DAG(s) dict_keys(['example_branch_operator']) retrieved from /home/airflow/.local/lib/python3.8/site-packages/airflow/example_dags/example_branch_operator.py
[2024-10-20T02:51:59.300+0000] {logging_mixin.py:154} INFO - [2024-10-20T02:51:59.300+0000] {dag.py:2941} INFO - Sync 1 DAGs
[2024-10-20T02:51:59.326+0000] {logging_mixin.py:154} INFO - [2024-10-20T02:51:59.326+0000] {dag.py:3722} INFO - Setting next_dagrun for example_branch_operator to 2024-10-19T00:00:00+00:00, run_after=2024-10-20T00:00:00+00:00
[2024-10-20T02:51:59.358+0000] {processor.py:179} INFO - Processing /home/airflow/.local/lib/python3.8/site-packages/airflow/example_dags/example_branch_operator.py took 0.098 seconds
[2024-10-20T02:52:30.407+0000] {processor.py:157} INFO - Started process (PID=782) to work on /home/airflow/.local/lib/python3.8/site-packages/airflow/example_dags/example_branch_operator.py
[2024-10-20T02:52:30.408+0000] {processor.py:829} INFO - Processing file /home/airflow/.local/lib/python3.8/site-packages/airflow/example_dags/example_branch_operator.py for tasks to queue
[2024-10-20T02:52:30.411+0000] {logging_mixin.py:154} INFO - [2024-10-20T02:52:30.411+0000] {dagbag.py:536} INFO - Filling up the DagBag from /home/airflow/.local/lib/python3.8/site-packages/airflow/example_dags/example_branch_operator.py
[2024-10-20T02:52:30.423+0000] {processor.py:839} INFO - DAG(s) dict_keys(['example_branch_operator']) retrieved from /home/airflow/.local/lib/python3.8/site-packages/airflow/example_dags/example_branch_operator.py
[2024-10-20T02:52:30.450+0000] {logging_mixin.py:154} INFO - [2024-10-20T02:52:30.449+0000] {dag.py:2941} INFO - Sync 1 DAGs
[2024-10-20T02:52:30.480+0000] {logging_mixin.py:154} INFO - [2024-10-20T02:52:30.479+0000] {dag.py:3722} INFO - Setting next_dagrun for example_branch_operator to 2024-10-19T00:00:00+00:00, run_after=2024-10-20T00:00:00+00:00
[2024-10-20T02:52:30.504+0000] {processor.py:179} INFO - Processing /home/airflow/.local/lib/python3.8/site-packages/airflow/example_dags/example_branch_operator.py took 0.103 seconds
[2024-10-20T02:53:00.907+0000] {processor.py:157} INFO - Started process (PID=838) to work on /home/airflow/.local/lib/python3.8/site-packages/airflow/example_dags/example_branch_operator.py
[2024-10-20T02:53:00.909+0000] {processor.py:829} INFO - Processing file /home/airflow/.local/lib/python3.8/site-packages/airflow/example_dags/example_branch_operator.py for tasks to queue
[2024-10-20T02:53:00.912+0000] {logging_mixin.py:154} INFO - [2024-10-20T02:53:00.911+0000] {dagbag.py:536} INFO - Filling up the DagBag from /home/airflow/.local/lib/python3.8/site-packages/airflow/example_dags/example_branch_operator.py
[2024-10-20T02:53:00.925+0000] {processor.py:839} INFO - DAG(s) dict_keys(['example_branch_operator']) retrieved from /home/airflow/.local/lib/python3.8/site-packages/airflow/example_dags/example_branch_operator.py
[2024-10-20T02:53:00.961+0000] {logging_mixin.py:154} INFO - [2024-10-20T02:53:00.961+0000] {dag.py:2941} INFO - Sync 1 DAGs
[2024-10-20T02:53:00.995+0000] {logging_mixin.py:154} INFO - [2024-10-20T02:53:00.994+0000] {dag.py:3722} INFO - Setting next_dagrun for example_branch_operator to 2024-10-19T00:00:00+00:00, run_after=2024-10-20T00:00:00+00:00
[2024-10-20T02:53:01.028+0000] {processor.py:179} INFO - Processing /home/airflow/.local/lib/python3.8/site-packages/airflow/example_dags/example_branch_operator.py took 0.126 seconds
[2024-10-20T02:53:31.527+0000] {processor.py:157} INFO - Started process (PID=896) to work on /home/airflow/.local/lib/python3.8/site-packages/airflow/example_dags/example_branch_operator.py
[2024-10-20T02:53:31.528+0000] {processor.py:829} INFO - Processing file /home/airflow/.local/lib/python3.8/site-packages/airflow/example_dags/example_branch_operator.py for tasks to queue
[2024-10-20T02:53:31.530+0000] {logging_mixin.py:154} INFO - [2024-10-20T02:53:31.530+0000] {dagbag.py:536} INFO - Filling up the DagBag from /home/airflow/.local/lib/python3.8/site-packages/airflow/example_dags/example_branch_operator.py
[2024-10-20T02:53:31.540+0000] {processor.py:839} INFO - DAG(s) dict_keys(['example_branch_operator']) retrieved from /home/airflow/.local/lib/python3.8/site-packages/airflow/example_dags/example_branch_operator.py
[2024-10-20T02:53:31.564+0000] {logging_mixin.py:154} INFO - [2024-10-20T02:53:31.564+0000] {dag.py:2941} INFO - Sync 1 DAGs
[2024-10-20T02:53:31.590+0000] {logging_mixin.py:154} INFO - [2024-10-20T02:53:31.590+0000] {dag.py:3722} INFO - Setting next_dagrun for example_branch_operator to 2024-10-19T00:00:00+00:00, run_after=2024-10-20T00:00:00+00:00
[2024-10-20T02:53:31.616+0000] {processor.py:179} INFO - Processing /home/airflow/.local/lib/python3.8/site-packages/airflow/example_dags/example_branch_operator.py took 0.092 seconds
[2024-10-20T02:54:02.473+0000] {processor.py:157} INFO - Started process (PID=952) to work on /home/airflow/.local/lib/python3.8/site-packages/airflow/example_dags/example_branch_operator.py
[2024-10-20T02:54:02.474+0000] {processor.py:829} INFO - Processing file /home/airflow/.local/lib/python3.8/site-packages/airflow/example_dags/example_branch_operator.py for tasks to queue
[2024-10-20T02:54:02.476+0000] {logging_mixin.py:154} INFO - [2024-10-20T02:54:02.476+0000] {dagbag.py:536} INFO - Filling up the DagBag from /home/airflow/.local/lib/python3.8/site-packages/airflow/example_dags/example_branch_operator.py
[2024-10-20T02:54:02.488+0000] {processor.py:839} INFO - DAG(s) dict_keys(['example_branch_operator']) retrieved from /home/airflow/.local/lib/python3.8/site-packages/airflow/example_dags/example_branch_operator.py
[2024-10-20T02:54:02.512+0000] {logging_mixin.py:154} INFO - [2024-10-20T02:54:02.512+0000] {dag.py:2941} INFO - Sync 1 DAGs
[2024-10-20T02:54:02.540+0000] {logging_mixin.py:154} INFO - [2024-10-20T02:54:02.539+0000] {dag.py:3722} INFO - Setting next_dagrun for example_branch_operator to 2024-10-19T00:00:00+00:00, run_after=2024-10-20T00:00:00+00:00
[2024-10-20T02:54:02.566+0000] {processor.py:179} INFO - Processing /home/airflow/.local/lib/python3.8/site-packages/airflow/example_dags/example_branch_operator.py took 0.097 seconds
[2024-10-20T02:54:33.034+0000] {processor.py:157} INFO - Started process (PID=1008) to work on /home/airflow/.local/lib/python3.8/site-packages/airflow/example_dags/example_branch_operator.py
[2024-10-20T02:54:33.035+0000] {processor.py:829} INFO - Processing file /home/airflow/.local/lib/python3.8/site-packages/airflow/example_dags/example_branch_operator.py for tasks to queue
[2024-10-20T02:54:33.039+0000] {logging_mixin.py:154} INFO - [2024-10-20T02:54:33.039+0000] {dagbag.py:536} INFO - Filling up the DagBag from /home/airflow/.local/lib/python3.8/site-packages/airflow/example_dags/example_branch_operator.py
[2024-10-20T02:54:33.050+0000] {processor.py:839} INFO - DAG(s) dict_keys(['example_branch_operator']) retrieved from /home/airflow/.local/lib/python3.8/site-packages/airflow/example_dags/example_branch_operator.py
[2024-10-20T02:54:33.079+0000] {logging_mixin.py:154} INFO - [2024-10-20T02:54:33.078+0000] {dag.py:2941} INFO - Sync 1 DAGs
[2024-10-20T02:54:33.112+0000] {logging_mixin.py:154} INFO - [2024-10-20T02:54:33.111+0000] {dag.py:3722} INFO - Setting next_dagrun for example_branch_operator to 2024-10-19T00:00:00+00:00, run_after=2024-10-20T00:00:00+00:00
[2024-10-20T02:54:33.141+0000] {processor.py:179} INFO - Processing /home/airflow/.local/lib/python3.8/site-packages/airflow/example_dags/example_branch_operator.py took 0.110 seconds
[2024-10-20T02:55:03.746+0000] {processor.py:157} INFO - Started process (PID=1064) to work on /home/airflow/.local/lib/python3.8/site-packages/airflow/example_dags/example_branch_operator.py
[2024-10-20T02:55:03.747+0000] {processor.py:829} INFO - Processing file /home/airflow/.local/lib/python3.8/site-packages/airflow/example_dags/example_branch_operator.py for tasks to queue
[2024-10-20T02:55:03.750+0000] {logging_mixin.py:154} INFO - [2024-10-20T02:55:03.749+0000] {dagbag.py:536} INFO - Filling up the DagBag from /home/airflow/.local/lib/python3.8/site-packages/airflow/example_dags/example_branch_operator.py
[2024-10-20T02:55:03.760+0000] {processor.py:839} INFO - DAG(s) dict_keys(['example_branch_operator']) retrieved from /home/airflow/.local/lib/python3.8/site-packages/airflow/example_dags/example_branch_operator.py
[2024-10-20T02:55:03.785+0000] {logging_mixin.py:154} INFO - [2024-10-20T02:55:03.785+0000] {dag.py:2941} INFO - Sync 1 DAGs
[2024-10-20T02:55:03.810+0000] {logging_mixin.py:154} INFO - [2024-10-20T02:55:03.810+0000] {dag.py:3722} INFO - Setting next_dagrun for example_branch_operator to 2024-10-19T00:00:00+00:00, run_after=2024-10-20T00:00:00+00:00
[2024-10-20T02:55:04.074+0000] {processor.py:179} INFO - Processing /home/airflow/.local/lib/python3.8/site-packages/airflow/example_dags/example_branch_operator.py took 0.333 seconds
[2024-10-20T02:55:34.209+0000] {processor.py:157} INFO - Started process (PID=1122) to work on /home/airflow/.local/lib/python3.8/site-packages/airflow/example_dags/example_branch_operator.py
[2024-10-20T02:55:34.210+0000] {processor.py:829} INFO - Processing file /home/airflow/.local/lib/python3.8/site-packages/airflow/example_dags/example_branch_operator.py for tasks to queue
[2024-10-20T02:55:34.213+0000] {logging_mixin.py:154} INFO - [2024-10-20T02:55:34.213+0000] {dagbag.py:536} INFO - Filling up the DagBag from /home/airflow/.local/lib/python3.8/site-packages/airflow/example_dags/example_branch_operator.py
[2024-10-20T02:55:34.223+0000] {processor.py:839} INFO - DAG(s) dict_keys(['example_branch_operator']) retrieved from /home/airflow/.local/lib/python3.8/site-packages/airflow/example_dags/example_branch_operator.py
[2024-10-20T02:55:34.250+0000] {logging_mixin.py:154} INFO - [2024-10-20T02:55:34.249+0000] {dag.py:2941} INFO - Sync 1 DAGs
[2024-10-20T02:55:34.280+0000] {logging_mixin.py:154} INFO - [2024-10-20T02:55:34.280+0000] {dag.py:3722} INFO - Setting next_dagrun for example_branch_operator to 2024-10-19T00:00:00+00:00, run_after=2024-10-20T00:00:00+00:00
[2024-10-20T02:55:34.310+0000] {processor.py:179} INFO - Processing /home/airflow/.local/lib/python3.8/site-packages/airflow/example_dags/example_branch_operator.py took 0.105 seconds
[2024-10-20T02:56:04.994+0000] {processor.py:157} INFO - Started process (PID=1182) to work on /home/airflow/.local/lib/python3.8/site-packages/airflow/example_dags/example_branch_operator.py
[2024-10-20T02:56:04.996+0000] {processor.py:829} INFO - Processing file /home/airflow/.local/lib/python3.8/site-packages/airflow/example_dags/example_branch_operator.py for tasks to queue
[2024-10-20T02:56:05.000+0000] {logging_mixin.py:154} INFO - [2024-10-20T02:56:04.999+0000] {dagbag.py:536} INFO - Filling up the DagBag from /home/airflow/.local/lib/python3.8/site-packages/airflow/example_dags/example_branch_operator.py
[2024-10-20T02:56:05.011+0000] {processor.py:839} INFO - DAG(s) dict_keys(['example_branch_operator']) retrieved from /home/airflow/.local/lib/python3.8/site-packages/airflow/example_dags/example_branch_operator.py
[2024-10-20T02:56:05.040+0000] {logging_mixin.py:154} INFO - [2024-10-20T02:56:05.040+0000] {dag.py:2941} INFO - Sync 1 DAGs
[2024-10-20T02:56:05.070+0000] {logging_mixin.py:154} INFO - [2024-10-20T02:56:05.070+0000] {dag.py:3722} INFO - Setting next_dagrun for example_branch_operator to 2024-10-19T00:00:00+00:00, run_after=2024-10-20T00:00:00+00:00
[2024-10-20T02:56:05.100+0000] {processor.py:179} INFO - Processing /home/airflow/.local/lib/python3.8/site-packages/airflow/example_dags/example_branch_operator.py took 0.110 seconds
[2024-10-20T02:56:35.224+0000] {processor.py:157} INFO - Started process (PID=1238) to work on /home/airflow/.local/lib/python3.8/site-packages/airflow/example_dags/example_branch_operator.py
[2024-10-20T02:56:35.225+0000] {processor.py:829} INFO - Processing file /home/airflow/.local/lib/python3.8/site-packages/airflow/example_dags/example_branch_operator.py for tasks to queue
[2024-10-20T02:56:35.228+0000] {logging_mixin.py:154} INFO - [2024-10-20T02:56:35.227+0000] {dagbag.py:536} INFO - Filling up the DagBag from /home/airflow/.local/lib/python3.8/site-packages/airflow/example_dags/example_branch_operator.py
[2024-10-20T02:56:35.237+0000] {processor.py:839} INFO - DAG(s) dict_keys(['example_branch_operator']) retrieved from /home/airflow/.local/lib/python3.8/site-packages/airflow/example_dags/example_branch_operator.py
[2024-10-20T02:56:35.261+0000] {logging_mixin.py:154} INFO - [2024-10-20T02:56:35.260+0000] {dag.py:2941} INFO - Sync 1 DAGs
[2024-10-20T02:56:35.288+0000] {logging_mixin.py:154} INFO - [2024-10-20T02:56:35.287+0000] {dag.py:3722} INFO - Setting next_dagrun for example_branch_operator to 2024-10-19T00:00:00+00:00, run_after=2024-10-20T00:00:00+00:00
[2024-10-20T02:56:35.314+0000] {processor.py:179} INFO - Processing /home/airflow/.local/lib/python3.8/site-packages/airflow/example_dags/example_branch_operator.py took 0.093 seconds
[2024-10-20T02:57:06.222+0000] {processor.py:157} INFO - Started process (PID=1294) to work on /home/airflow/.local/lib/python3.8/site-packages/airflow/example_dags/example_branch_operator.py
[2024-10-20T02:57:06.224+0000] {processor.py:829} INFO - Processing file /home/airflow/.local/lib/python3.8/site-packages/airflow/example_dags/example_branch_operator.py for tasks to queue
[2024-10-20T02:57:06.226+0000] {logging_mixin.py:154} INFO - [2024-10-20T02:57:06.226+0000] {dagbag.py:536} INFO - Filling up the DagBag from /home/airflow/.local/lib/python3.8/site-packages/airflow/example_dags/example_branch_operator.py
[2024-10-20T02:57:06.236+0000] {processor.py:839} INFO - DAG(s) dict_keys(['example_branch_operator']) retrieved from /home/airflow/.local/lib/python3.8/site-packages/airflow/example_dags/example_branch_operator.py
[2024-10-20T02:57:06.266+0000] {logging_mixin.py:154} INFO - [2024-10-20T02:57:06.266+0000] {dag.py:2941} INFO - Sync 1 DAGs
[2024-10-20T02:57:06.461+0000] {logging_mixin.py:154} INFO - [2024-10-20T02:57:06.461+0000] {dag.py:3722} INFO - Setting next_dagrun for example_branch_operator to 2024-10-19T00:00:00+00:00, run_after=2024-10-20T00:00:00+00:00
[2024-10-20T02:57:06.495+0000] {processor.py:179} INFO - Processing /home/airflow/.local/lib/python3.8/site-packages/airflow/example_dags/example_branch_operator.py took 0.276 seconds
[2024-10-20T02:57:36.697+0000] {processor.py:157} INFO - Started process (PID=1352) to work on /home/airflow/.local/lib/python3.8/site-packages/airflow/example_dags/example_branch_operator.py
[2024-10-20T02:57:36.699+0000] {processor.py:829} INFO - Processing file /home/airflow/.local/lib/python3.8/site-packages/airflow/example_dags/example_branch_operator.py for tasks to queue
[2024-10-20T02:57:36.701+0000] {logging_mixin.py:154} INFO - [2024-10-20T02:57:36.701+0000] {dagbag.py:536} INFO - Filling up the DagBag from /home/airflow/.local/lib/python3.8/site-packages/airflow/example_dags/example_branch_operator.py
[2024-10-20T02:57:36.711+0000] {processor.py:839} INFO - DAG(s) dict_keys(['example_branch_operator']) retrieved from /home/airflow/.local/lib/python3.8/site-packages/airflow/example_dags/example_branch_operator.py
[2024-10-20T02:57:36.738+0000] {logging_mixin.py:154} INFO - [2024-10-20T02:57:36.738+0000] {dag.py:2941} INFO - Sync 1 DAGs
[2024-10-20T02:57:36.766+0000] {logging_mixin.py:154} INFO - [2024-10-20T02:57:36.766+0000] {dag.py:3722} INFO - Setting next_dagrun for example_branch_operator to 2024-10-19T00:00:00+00:00, run_after=2024-10-20T00:00:00+00:00
[2024-10-20T02:57:36.967+0000] {processor.py:179} INFO - Processing /home/airflow/.local/lib/python3.8/site-packages/airflow/example_dags/example_branch_operator.py took 0.273 seconds
[2024-10-20T02:58:07.122+0000] {processor.py:157} INFO - Started process (PID=1409) to work on /home/airflow/.local/lib/python3.8/site-packages/airflow/example_dags/example_branch_operator.py
[2024-10-20T02:58:07.123+0000] {processor.py:829} INFO - Processing file /home/airflow/.local/lib/python3.8/site-packages/airflow/example_dags/example_branch_operator.py for tasks to queue
[2024-10-20T02:58:07.125+0000] {logging_mixin.py:154} INFO - [2024-10-20T02:58:07.125+0000] {dagbag.py:536} INFO - Filling up the DagBag from /home/airflow/.local/lib/python3.8/site-packages/airflow/example_dags/example_branch_operator.py
[2024-10-20T02:58:07.135+0000] {processor.py:839} INFO - DAG(s) dict_keys(['example_branch_operator']) retrieved from /home/airflow/.local/lib/python3.8/site-packages/airflow/example_dags/example_branch_operator.py
[2024-10-20T02:58:07.161+0000] {logging_mixin.py:154} INFO - [2024-10-20T02:58:07.161+0000] {dag.py:2941} INFO - Sync 1 DAGs
[2024-10-20T02:58:07.186+0000] {logging_mixin.py:154} INFO - [2024-10-20T02:58:07.186+0000] {dag.py:3722} INFO - Setting next_dagrun for example_branch_operator to 2024-10-19T00:00:00+00:00, run_after=2024-10-20T00:00:00+00:00
[2024-10-20T02:58:07.211+0000] {processor.py:179} INFO - Processing /home/airflow/.local/lib/python3.8/site-packages/airflow/example_dags/example_branch_operator.py took 0.092 seconds
[2024-10-20T02:58:37.305+0000] {processor.py:157} INFO - Started process (PID=1465) to work on /home/airflow/.local/lib/python3.8/site-packages/airflow/example_dags/example_branch_operator.py
[2024-10-20T02:58:37.306+0000] {processor.py:829} INFO - Processing file /home/airflow/.local/lib/python3.8/site-packages/airflow/example_dags/example_branch_operator.py for tasks to queue
[2024-10-20T02:58:37.308+0000] {logging_mixin.py:154} INFO - [2024-10-20T02:58:37.308+0000] {dagbag.py:536} INFO - Filling up the DagBag from /home/airflow/.local/lib/python3.8/site-packages/airflow/example_dags/example_branch_operator.py
[2024-10-20T02:58:37.317+0000] {processor.py:839} INFO - DAG(s) dict_keys(['example_branch_operator']) retrieved from /home/airflow/.local/lib/python3.8/site-packages/airflow/example_dags/example_branch_operator.py
[2024-10-20T02:58:37.340+0000] {logging_mixin.py:154} INFO - [2024-10-20T02:58:37.339+0000] {dag.py:2941} INFO - Sync 1 DAGs
[2024-10-20T02:58:37.362+0000] {logging_mixin.py:154} INFO - [2024-10-20T02:58:37.361+0000] {dag.py:3722} INFO - Setting next_dagrun for example_branch_operator to 2024-10-19T00:00:00+00:00, run_after=2024-10-20T00:00:00+00:00
[2024-10-20T02:58:37.385+0000] {processor.py:179} INFO - Processing /home/airflow/.local/lib/python3.8/site-packages/airflow/example_dags/example_branch_operator.py took 0.083 seconds
[2024-10-20T02:59:56.275+0000] {processor.py:157} INFO - Started process (PID=115) to work on /home/airflow/.local/lib/python3.8/site-packages/airflow/example_dags/example_branch_operator.py
[2024-10-20T02:59:56.280+0000] {processor.py:829} INFO - Processing file /home/airflow/.local/lib/python3.8/site-packages/airflow/example_dags/example_branch_operator.py for tasks to queue
[2024-10-20T02:59:56.287+0000] {logging_mixin.py:154} INFO - [2024-10-20T02:59:56.287+0000] {dagbag.py:536} INFO - Filling up the DagBag from /home/airflow/.local/lib/python3.8/site-packages/airflow/example_dags/example_branch_operator.py
[2024-10-20T02:59:56.331+0000] {processor.py:839} INFO - DAG(s) dict_keys(['example_branch_operator']) retrieved from /home/airflow/.local/lib/python3.8/site-packages/airflow/example_dags/example_branch_operator.py
[2024-10-20T02:59:56.417+0000] {logging_mixin.py:154} INFO - [2024-10-20T02:59:56.417+0000] {dag.py:2941} INFO - Sync 1 DAGs
[2024-10-20T02:59:56.459+0000] {logging_mixin.py:154} INFO - [2024-10-20T02:59:56.459+0000] {dag.py:3722} INFO - Setting next_dagrun for example_branch_operator to 2024-10-19T00:00:00+00:00, run_after=2024-10-20T00:00:00+00:00
[2024-10-20T02:59:56.495+0000] {processor.py:179} INFO - Processing /home/airflow/.local/lib/python3.8/site-packages/airflow/example_dags/example_branch_operator.py took 0.231 seconds
[2024-10-20T03:00:27.416+0000] {processor.py:157} INFO - Started process (PID=171) to work on /home/airflow/.local/lib/python3.8/site-packages/airflow/example_dags/example_branch_operator.py
[2024-10-20T03:00:27.418+0000] {processor.py:829} INFO - Processing file /home/airflow/.local/lib/python3.8/site-packages/airflow/example_dags/example_branch_operator.py for tasks to queue
[2024-10-20T03:00:27.421+0000] {logging_mixin.py:154} INFO - [2024-10-20T03:00:27.421+0000] {dagbag.py:536} INFO - Filling up the DagBag from /home/airflow/.local/lib/python3.8/site-packages/airflow/example_dags/example_branch_operator.py
[2024-10-20T03:00:27.435+0000] {processor.py:839} INFO - DAG(s) dict_keys(['example_branch_operator']) retrieved from /home/airflow/.local/lib/python3.8/site-packages/airflow/example_dags/example_branch_operator.py
[2024-10-20T03:00:27.471+0000] {logging_mixin.py:154} INFO - [2024-10-20T03:00:27.470+0000] {dag.py:2941} INFO - Sync 1 DAGs
[2024-10-20T03:00:27.506+0000] {logging_mixin.py:154} INFO - [2024-10-20T03:00:27.506+0000] {dag.py:3722} INFO - Setting next_dagrun for example_branch_operator to 2024-10-19T00:00:00+00:00, run_after=2024-10-20T00:00:00+00:00
[2024-10-20T03:00:27.541+0000] {processor.py:179} INFO - Processing /home/airflow/.local/lib/python3.8/site-packages/airflow/example_dags/example_branch_operator.py took 0.132 seconds
[2024-10-20T03:00:57.808+0000] {processor.py:157} INFO - Started process (PID=227) to work on /home/airflow/.local/lib/python3.8/site-packages/airflow/example_dags/example_branch_operator.py
[2024-10-20T03:00:57.809+0000] {processor.py:829} INFO - Processing file /home/airflow/.local/lib/python3.8/site-packages/airflow/example_dags/example_branch_operator.py for tasks to queue
[2024-10-20T03:00:57.812+0000] {logging_mixin.py:154} INFO - [2024-10-20T03:00:57.812+0000] {dagbag.py:536} INFO - Filling up the DagBag from /home/airflow/.local/lib/python3.8/site-packages/airflow/example_dags/example_branch_operator.py
[2024-10-20T03:00:57.822+0000] {processor.py:839} INFO - DAG(s) dict_keys(['example_branch_operator']) retrieved from /home/airflow/.local/lib/python3.8/site-packages/airflow/example_dags/example_branch_operator.py
[2024-10-20T03:00:57.850+0000] {logging_mixin.py:154} INFO - [2024-10-20T03:00:57.849+0000] {dag.py:2941} INFO - Sync 1 DAGs
[2024-10-20T03:00:57.878+0000] {logging_mixin.py:154} INFO - [2024-10-20T03:00:57.878+0000] {dag.py:3722} INFO - Setting next_dagrun for example_branch_operator to 2024-10-19T00:00:00+00:00, run_after=2024-10-20T00:00:00+00:00
[2024-10-20T03:00:57.908+0000] {processor.py:179} INFO - Processing /home/airflow/.local/lib/python3.8/site-packages/airflow/example_dags/example_branch_operator.py took 0.105 seconds
[2024-10-20T03:01:28.841+0000] {processor.py:157} INFO - Started process (PID=283) to work on /home/airflow/.local/lib/python3.8/site-packages/airflow/example_dags/example_branch_operator.py
[2024-10-20T03:01:28.843+0000] {processor.py:829} INFO - Processing file /home/airflow/.local/lib/python3.8/site-packages/airflow/example_dags/example_branch_operator.py for tasks to queue
[2024-10-20T03:01:28.846+0000] {logging_mixin.py:154} INFO - [2024-10-20T03:01:28.845+0000] {dagbag.py:536} INFO - Filling up the DagBag from /home/airflow/.local/lib/python3.8/site-packages/airflow/example_dags/example_branch_operator.py
[2024-10-20T03:01:28.858+0000] {processor.py:839} INFO - DAG(s) dict_keys(['example_branch_operator']) retrieved from /home/airflow/.local/lib/python3.8/site-packages/airflow/example_dags/example_branch_operator.py
[2024-10-20T03:01:28.889+0000] {logging_mixin.py:154} INFO - [2024-10-20T03:01:28.888+0000] {dag.py:2941} INFO - Sync 1 DAGs
[2024-10-20T03:01:28.919+0000] {logging_mixin.py:154} INFO - [2024-10-20T03:01:28.919+0000] {dag.py:3722} INFO - Setting next_dagrun for example_branch_operator to 2024-10-19T00:00:00+00:00, run_after=2024-10-20T00:00:00+00:00
[2024-10-20T03:01:29.011+0000] {processor.py:179} INFO - Processing /home/airflow/.local/lib/python3.8/site-packages/airflow/example_dags/example_branch_operator.py took 0.174 seconds
[2024-10-20T03:01:59.275+0000] {processor.py:157} INFO - Started process (PID=339) to work on /home/airflow/.local/lib/python3.8/site-packages/airflow/example_dags/example_branch_operator.py
[2024-10-20T03:01:59.277+0000] {processor.py:829} INFO - Processing file /home/airflow/.local/lib/python3.8/site-packages/airflow/example_dags/example_branch_operator.py for tasks to queue
[2024-10-20T03:01:59.282+0000] {logging_mixin.py:154} INFO - [2024-10-20T03:01:59.282+0000] {dagbag.py:536} INFO - Filling up the DagBag from /home/airflow/.local/lib/python3.8/site-packages/airflow/example_dags/example_branch_operator.py
[2024-10-20T03:01:59.297+0000] {processor.py:839} INFO - DAG(s) dict_keys(['example_branch_operator']) retrieved from /home/airflow/.local/lib/python3.8/site-packages/airflow/example_dags/example_branch_operator.py
[2024-10-20T03:01:59.335+0000] {logging_mixin.py:154} INFO - [2024-10-20T03:01:59.334+0000] {dag.py:2941} INFO - Sync 1 DAGs
[2024-10-20T03:01:59.370+0000] {logging_mixin.py:154} INFO - [2024-10-20T03:01:59.370+0000] {dag.py:3722} INFO - Setting next_dagrun for example_branch_operator to 2024-10-19T00:00:00+00:00, run_after=2024-10-20T00:00:00+00:00
[2024-10-20T03:01:59.408+0000] {processor.py:179} INFO - Processing /home/airflow/.local/lib/python3.8/site-packages/airflow/example_dags/example_branch_operator.py took 0.137 seconds
[2024-10-20T03:02:29.820+0000] {processor.py:157} INFO - Started process (PID=399) to work on /home/airflow/.local/lib/python3.8/site-packages/airflow/example_dags/example_branch_operator.py
[2024-10-20T03:02:29.821+0000] {processor.py:829} INFO - Processing file /home/airflow/.local/lib/python3.8/site-packages/airflow/example_dags/example_branch_operator.py for tasks to queue
[2024-10-20T03:02:29.825+0000] {logging_mixin.py:154} INFO - [2024-10-20T03:02:29.824+0000] {dagbag.py:536} INFO - Filling up the DagBag from /home/airflow/.local/lib/python3.8/site-packages/airflow/example_dags/example_branch_operator.py
[2024-10-20T03:02:29.835+0000] {processor.py:839} INFO - DAG(s) dict_keys(['example_branch_operator']) retrieved from /home/airflow/.local/lib/python3.8/site-packages/airflow/example_dags/example_branch_operator.py
[2024-10-20T03:02:29.864+0000] {logging_mixin.py:154} INFO - [2024-10-20T03:02:29.864+0000] {dag.py:2941} INFO - Sync 1 DAGs
[2024-10-20T03:02:29.892+0000] {logging_mixin.py:154} INFO - [2024-10-20T03:02:29.892+0000] {dag.py:3722} INFO - Setting next_dagrun for example_branch_operator to 2024-10-19T00:00:00+00:00, run_after=2024-10-20T00:00:00+00:00
[2024-10-20T03:02:29.922+0000] {processor.py:179} INFO - Processing /home/airflow/.local/lib/python3.8/site-packages/airflow/example_dags/example_branch_operator.py took 0.106 seconds
[2024-10-20T03:03:00.395+0000] {processor.py:157} INFO - Started process (PID=455) to work on /home/airflow/.local/lib/python3.8/site-packages/airflow/example_dags/example_branch_operator.py
[2024-10-20T03:03:00.396+0000] {processor.py:829} INFO - Processing file /home/airflow/.local/lib/python3.8/site-packages/airflow/example_dags/example_branch_operator.py for tasks to queue
[2024-10-20T03:03:00.399+0000] {logging_mixin.py:154} INFO - [2024-10-20T03:03:00.399+0000] {dagbag.py:536} INFO - Filling up the DagBag from /home/airflow/.local/lib/python3.8/site-packages/airflow/example_dags/example_branch_operator.py
[2024-10-20T03:03:00.410+0000] {processor.py:839} INFO - DAG(s) dict_keys(['example_branch_operator']) retrieved from /home/airflow/.local/lib/python3.8/site-packages/airflow/example_dags/example_branch_operator.py
[2024-10-20T03:03:00.443+0000] {logging_mixin.py:154} INFO - [2024-10-20T03:03:00.443+0000] {dag.py:2941} INFO - Sync 1 DAGs
[2024-10-20T03:03:00.479+0000] {logging_mixin.py:154} INFO - [2024-10-20T03:03:00.479+0000] {dag.py:3722} INFO - Setting next_dagrun for example_branch_operator to 2024-10-19T00:00:00+00:00, run_after=2024-10-20T00:00:00+00:00
[2024-10-20T03:03:00.515+0000] {processor.py:179} INFO - Processing /home/airflow/.local/lib/python3.8/site-packages/airflow/example_dags/example_branch_operator.py took 0.124 seconds
[2024-10-20T03:03:31.088+0000] {processor.py:157} INFO - Started process (PID=511) to work on /home/airflow/.local/lib/python3.8/site-packages/airflow/example_dags/example_branch_operator.py
[2024-10-20T03:03:31.090+0000] {processor.py:829} INFO - Processing file /home/airflow/.local/lib/python3.8/site-packages/airflow/example_dags/example_branch_operator.py for tasks to queue
[2024-10-20T03:03:31.092+0000] {logging_mixin.py:154} INFO - [2024-10-20T03:03:31.092+0000] {dagbag.py:536} INFO - Filling up the DagBag from /home/airflow/.local/lib/python3.8/site-packages/airflow/example_dags/example_branch_operator.py
[2024-10-20T03:03:31.101+0000] {processor.py:839} INFO - DAG(s) dict_keys(['example_branch_operator']) retrieved from /home/airflow/.local/lib/python3.8/site-packages/airflow/example_dags/example_branch_operator.py
[2024-10-20T03:03:31.127+0000] {logging_mixin.py:154} INFO - [2024-10-20T03:03:31.126+0000] {dag.py:2941} INFO - Sync 1 DAGs
[2024-10-20T03:03:31.153+0000] {logging_mixin.py:154} INFO - [2024-10-20T03:03:31.153+0000] {dag.py:3722} INFO - Setting next_dagrun for example_branch_operator to 2024-10-19T00:00:00+00:00, run_after=2024-10-20T00:00:00+00:00
[2024-10-20T03:03:31.179+0000] {processor.py:179} INFO - Processing /home/airflow/.local/lib/python3.8/site-packages/airflow/example_dags/example_branch_operator.py took 0.095 seconds
[2024-10-20T03:04:01.232+0000] {processor.py:157} INFO - Started process (PID=567) to work on /home/airflow/.local/lib/python3.8/site-packages/airflow/example_dags/example_branch_operator.py
[2024-10-20T03:04:01.233+0000] {processor.py:829} INFO - Processing file /home/airflow/.local/lib/python3.8/site-packages/airflow/example_dags/example_branch_operator.py for tasks to queue
[2024-10-20T03:04:01.236+0000] {logging_mixin.py:154} INFO - [2024-10-20T03:04:01.235+0000] {dagbag.py:536} INFO - Filling up the DagBag from /home/airflow/.local/lib/python3.8/site-packages/airflow/example_dags/example_branch_operator.py
[2024-10-20T03:04:01.247+0000] {processor.py:839} INFO - DAG(s) dict_keys(['example_branch_operator']) retrieved from /home/airflow/.local/lib/python3.8/site-packages/airflow/example_dags/example_branch_operator.py
[2024-10-20T03:04:01.271+0000] {logging_mixin.py:154} INFO - [2024-10-20T03:04:01.270+0000] {dag.py:2941} INFO - Sync 1 DAGs
[2024-10-20T03:04:01.294+0000] {logging_mixin.py:154} INFO - [2024-10-20T03:04:01.294+0000] {dag.py:3722} INFO - Setting next_dagrun for example_branch_operator to 2024-10-19T00:00:00+00:00, run_after=2024-10-20T00:00:00+00:00
[2024-10-20T03:04:01.316+0000] {processor.py:179} INFO - Processing /home/airflow/.local/lib/python3.8/site-packages/airflow/example_dags/example_branch_operator.py took 0.087 seconds
[2024-10-20T03:04:31.827+0000] {processor.py:157} INFO - Started process (PID=623) to work on /home/airflow/.local/lib/python3.8/site-packages/airflow/example_dags/example_branch_operator.py
[2024-10-20T03:04:31.828+0000] {processor.py:829} INFO - Processing file /home/airflow/.local/lib/python3.8/site-packages/airflow/example_dags/example_branch_operator.py for tasks to queue
[2024-10-20T03:04:31.831+0000] {logging_mixin.py:154} INFO - [2024-10-20T03:04:31.830+0000] {dagbag.py:536} INFO - Filling up the DagBag from /home/airflow/.local/lib/python3.8/site-packages/airflow/example_dags/example_branch_operator.py
[2024-10-20T03:04:31.841+0000] {processor.py:839} INFO - DAG(s) dict_keys(['example_branch_operator']) retrieved from /home/airflow/.local/lib/python3.8/site-packages/airflow/example_dags/example_branch_operator.py
[2024-10-20T03:04:31.866+0000] {logging_mixin.py:154} INFO - [2024-10-20T03:04:31.866+0000] {dag.py:2941} INFO - Sync 1 DAGs
[2024-10-20T03:04:31.891+0000] {logging_mixin.py:154} INFO - [2024-10-20T03:04:31.891+0000] {dag.py:3722} INFO - Setting next_dagrun for example_branch_operator to 2024-10-19T00:00:00+00:00, run_after=2024-10-20T00:00:00+00:00
[2024-10-20T03:04:31.921+0000] {processor.py:179} INFO - Processing /home/airflow/.local/lib/python3.8/site-packages/airflow/example_dags/example_branch_operator.py took 0.097 seconds
[2024-10-20T03:05:02.151+0000] {processor.py:157} INFO - Started process (PID=679) to work on /home/airflow/.local/lib/python3.8/site-packages/airflow/example_dags/example_branch_operator.py
[2024-10-20T03:05:02.152+0000] {processor.py:829} INFO - Processing file /home/airflow/.local/lib/python3.8/site-packages/airflow/example_dags/example_branch_operator.py for tasks to queue
[2024-10-20T03:05:02.154+0000] {logging_mixin.py:154} INFO - [2024-10-20T03:05:02.154+0000] {dagbag.py:536} INFO - Filling up the DagBag from /home/airflow/.local/lib/python3.8/site-packages/airflow/example_dags/example_branch_operator.py
[2024-10-20T03:05:02.163+0000] {processor.py:839} INFO - DAG(s) dict_keys(['example_branch_operator']) retrieved from /home/airflow/.local/lib/python3.8/site-packages/airflow/example_dags/example_branch_operator.py
[2024-10-20T03:05:02.185+0000] {logging_mixin.py:154} INFO - [2024-10-20T03:05:02.185+0000] {dag.py:2941} INFO - Sync 1 DAGs
[2024-10-20T03:05:02.210+0000] {logging_mixin.py:154} INFO - [2024-10-20T03:05:02.210+0000] {dag.py:3722} INFO - Setting next_dagrun for example_branch_operator to 2024-10-19T00:00:00+00:00, run_after=2024-10-20T00:00:00+00:00
[2024-10-20T03:05:02.235+0000] {processor.py:179} INFO - Processing /home/airflow/.local/lib/python3.8/site-packages/airflow/example_dags/example_branch_operator.py took 0.087 seconds
[2024-10-20T03:05:32.565+0000] {processor.py:157} INFO - Started process (PID=735) to work on /home/airflow/.local/lib/python3.8/site-packages/airflow/example_dags/example_branch_operator.py
[2024-10-20T03:05:32.572+0000] {processor.py:829} INFO - Processing file /home/airflow/.local/lib/python3.8/site-packages/airflow/example_dags/example_branch_operator.py for tasks to queue
[2024-10-20T03:05:32.577+0000] {logging_mixin.py:154} INFO - [2024-10-20T03:05:32.577+0000] {dagbag.py:536} INFO - Filling up the DagBag from /home/airflow/.local/lib/python3.8/site-packages/airflow/example_dags/example_branch_operator.py
[2024-10-20T03:05:32.589+0000] {processor.py:839} INFO - DAG(s) dict_keys(['example_branch_operator']) retrieved from /home/airflow/.local/lib/python3.8/site-packages/airflow/example_dags/example_branch_operator.py
[2024-10-20T03:05:32.616+0000] {logging_mixin.py:154} INFO - [2024-10-20T03:05:32.616+0000] {dag.py:2941} INFO - Sync 1 DAGs
[2024-10-20T03:05:32.646+0000] {logging_mixin.py:154} INFO - [2024-10-20T03:05:32.646+0000] {dag.py:3722} INFO - Setting next_dagrun for example_branch_operator to 2024-10-19T00:00:00+00:00, run_after=2024-10-20T00:00:00+00:00
[2024-10-20T03:05:32.674+0000] {processor.py:179} INFO - Processing /home/airflow/.local/lib/python3.8/site-packages/airflow/example_dags/example_branch_operator.py took 0.115 seconds
[2024-10-20T03:06:02.997+0000] {processor.py:157} INFO - Started process (PID=791) to work on /home/airflow/.local/lib/python3.8/site-packages/airflow/example_dags/example_branch_operator.py
[2024-10-20T03:06:02.999+0000] {processor.py:829} INFO - Processing file /home/airflow/.local/lib/python3.8/site-packages/airflow/example_dags/example_branch_operator.py for tasks to queue
[2024-10-20T03:06:03.002+0000] {logging_mixin.py:154} INFO - [2024-10-20T03:06:03.001+0000] {dagbag.py:536} INFO - Filling up the DagBag from /home/airflow/.local/lib/python3.8/site-packages/airflow/example_dags/example_branch_operator.py
[2024-10-20T03:06:03.012+0000] {processor.py:839} INFO - DAG(s) dict_keys(['example_branch_operator']) retrieved from /home/airflow/.local/lib/python3.8/site-packages/airflow/example_dags/example_branch_operator.py
[2024-10-20T03:06:03.036+0000] {logging_mixin.py:154} INFO - [2024-10-20T03:06:03.035+0000] {dag.py:2941} INFO - Sync 1 DAGs
[2024-10-20T03:06:03.058+0000] {logging_mixin.py:154} INFO - [2024-10-20T03:06:03.058+0000] {dag.py:3722} INFO - Setting next_dagrun for example_branch_operator to 2024-10-19T00:00:00+00:00, run_after=2024-10-20T00:00:00+00:00
[2024-10-20T03:06:03.082+0000] {processor.py:179} INFO - Processing /home/airflow/.local/lib/python3.8/site-packages/airflow/example_dags/example_branch_operator.py took 0.088 seconds
[2024-10-20T03:06:34.172+0000] {processor.py:157} INFO - Started process (PID=847) to work on /home/airflow/.local/lib/python3.8/site-packages/airflow/example_dags/example_branch_operator.py
[2024-10-20T03:06:34.174+0000] {processor.py:829} INFO - Processing file /home/airflow/.local/lib/python3.8/site-packages/airflow/example_dags/example_branch_operator.py for tasks to queue
[2024-10-20T03:06:34.177+0000] {logging_mixin.py:154} INFO - [2024-10-20T03:06:34.176+0000] {dagbag.py:536} INFO - Filling up the DagBag from /home/airflow/.local/lib/python3.8/site-packages/airflow/example_dags/example_branch_operator.py
[2024-10-20T03:06:34.185+0000] {processor.py:839} INFO - DAG(s) dict_keys(['example_branch_operator']) retrieved from /home/airflow/.local/lib/python3.8/site-packages/airflow/example_dags/example_branch_operator.py
[2024-10-20T03:06:34.212+0000] {logging_mixin.py:154} INFO - [2024-10-20T03:06:34.212+0000] {dag.py:2941} INFO - Sync 1 DAGs
[2024-10-20T03:06:34.236+0000] {logging_mixin.py:154} INFO - [2024-10-20T03:06:34.236+0000] {dag.py:3722} INFO - Setting next_dagrun for example_branch_operator to 2024-10-19T00:00:00+00:00, run_after=2024-10-20T00:00:00+00:00
[2024-10-20T03:06:34.266+0000] {processor.py:179} INFO - Processing /home/airflow/.local/lib/python3.8/site-packages/airflow/example_dags/example_branch_operator.py took 0.097 seconds
[2024-10-20T03:07:05.475+0000] {processor.py:157} INFO - Started process (PID=903) to work on /home/airflow/.local/lib/python3.8/site-packages/airflow/example_dags/example_branch_operator.py
[2024-10-20T03:07:05.477+0000] {processor.py:829} INFO - Processing file /home/airflow/.local/lib/python3.8/site-packages/airflow/example_dags/example_branch_operator.py for tasks to queue
[2024-10-20T03:07:05.481+0000] {logging_mixin.py:154} INFO - [2024-10-20T03:07:05.480+0000] {dagbag.py:536} INFO - Filling up the DagBag from /home/airflow/.local/lib/python3.8/site-packages/airflow/example_dags/example_branch_operator.py
[2024-10-20T03:07:05.498+0000] {processor.py:839} INFO - DAG(s) dict_keys(['example_branch_operator']) retrieved from /home/airflow/.local/lib/python3.8/site-packages/airflow/example_dags/example_branch_operator.py
[2024-10-20T03:07:05.535+0000] {logging_mixin.py:154} INFO - [2024-10-20T03:07:05.535+0000] {dag.py:2941} INFO - Sync 1 DAGs
[2024-10-20T03:07:05.576+0000] {logging_mixin.py:154} INFO - [2024-10-20T03:07:05.576+0000] {dag.py:3722} INFO - Setting next_dagrun for example_branch_operator to 2024-10-19T00:00:00+00:00, run_after=2024-10-20T00:00:00+00:00
[2024-10-20T03:07:05.620+0000] {processor.py:179} INFO - Processing /home/airflow/.local/lib/python3.8/site-packages/airflow/example_dags/example_branch_operator.py took 0.148 seconds
[2024-10-20T03:07:35.856+0000] {processor.py:157} INFO - Started process (PID=959) to work on /home/airflow/.local/lib/python3.8/site-packages/airflow/example_dags/example_branch_operator.py
[2024-10-20T03:07:35.858+0000] {processor.py:829} INFO - Processing file /home/airflow/.local/lib/python3.8/site-packages/airflow/example_dags/example_branch_operator.py for tasks to queue
[2024-10-20T03:07:35.861+0000] {logging_mixin.py:154} INFO - [2024-10-20T03:07:35.861+0000] {dagbag.py:536} INFO - Filling up the DagBag from /home/airflow/.local/lib/python3.8/site-packages/airflow/example_dags/example_branch_operator.py
[2024-10-20T03:07:35.873+0000] {processor.py:839} INFO - DAG(s) dict_keys(['example_branch_operator']) retrieved from /home/airflow/.local/lib/python3.8/site-packages/airflow/example_dags/example_branch_operator.py
[2024-10-20T03:07:35.900+0000] {logging_mixin.py:154} INFO - [2024-10-20T03:07:35.899+0000] {dag.py:2941} INFO - Sync 1 DAGs
[2024-10-20T03:07:35.926+0000] {logging_mixin.py:154} INFO - [2024-10-20T03:07:35.926+0000] {dag.py:3722} INFO - Setting next_dagrun for example_branch_operator to 2024-10-19T00:00:00+00:00, run_after=2024-10-20T00:00:00+00:00
[2024-10-20T03:07:35.951+0000] {processor.py:179} INFO - Processing /home/airflow/.local/lib/python3.8/site-packages/airflow/example_dags/example_branch_operator.py took 0.100 seconds
[2024-10-20T03:08:50.105+0000] {processor.py:157} INFO - Started process (PID=110) to work on /home/airflow/.local/lib/python3.8/site-packages/airflow/example_dags/example_branch_operator.py
[2024-10-20T03:08:50.107+0000] {processor.py:829} INFO - Processing file /home/airflow/.local/lib/python3.8/site-packages/airflow/example_dags/example_branch_operator.py for tasks to queue
[2024-10-20T03:08:50.109+0000] {logging_mixin.py:154} INFO - [2024-10-20T03:08:50.109+0000] {dagbag.py:536} INFO - Filling up the DagBag from /home/airflow/.local/lib/python3.8/site-packages/airflow/example_dags/example_branch_operator.py
[2024-10-20T03:08:50.123+0000] {processor.py:839} INFO - DAG(s) dict_keys(['example_branch_operator']) retrieved from /home/airflow/.local/lib/python3.8/site-packages/airflow/example_dags/example_branch_operator.py
[2024-10-20T03:08:50.159+0000] {logging_mixin.py:154} INFO - [2024-10-20T03:08:50.159+0000] {dag.py:2941} INFO - Sync 1 DAGs
[2024-10-20T03:08:50.196+0000] {logging_mixin.py:154} INFO - [2024-10-20T03:08:50.196+0000] {dag.py:3722} INFO - Setting next_dagrun for example_branch_operator to 2024-10-19T00:00:00+00:00, run_after=2024-10-20T00:00:00+00:00
[2024-10-20T03:08:50.232+0000] {processor.py:179} INFO - Processing /home/airflow/.local/lib/python3.8/site-packages/airflow/example_dags/example_branch_operator.py took 0.131 seconds
[2024-10-20T03:09:21.481+0000] {processor.py:157} INFO - Started process (PID=166) to work on /home/airflow/.local/lib/python3.8/site-packages/airflow/example_dags/example_branch_operator.py
[2024-10-20T03:09:21.482+0000] {processor.py:829} INFO - Processing file /home/airflow/.local/lib/python3.8/site-packages/airflow/example_dags/example_branch_operator.py for tasks to queue
[2024-10-20T03:09:21.485+0000] {logging_mixin.py:154} INFO - [2024-10-20T03:09:21.485+0000] {dagbag.py:536} INFO - Filling up the DagBag from /home/airflow/.local/lib/python3.8/site-packages/airflow/example_dags/example_branch_operator.py
[2024-10-20T03:09:21.495+0000] {processor.py:839} INFO - DAG(s) dict_keys(['example_branch_operator']) retrieved from /home/airflow/.local/lib/python3.8/site-packages/airflow/example_dags/example_branch_operator.py
[2024-10-20T03:09:21.525+0000] {logging_mixin.py:154} INFO - [2024-10-20T03:09:21.525+0000] {dag.py:2941} INFO - Sync 1 DAGs
[2024-10-20T03:09:21.555+0000] {logging_mixin.py:154} INFO - [2024-10-20T03:09:21.555+0000] {dag.py:3722} INFO - Setting next_dagrun for example_branch_operator to 2024-10-19T00:00:00+00:00, run_after=2024-10-20T00:00:00+00:00
[2024-10-20T03:09:21.588+0000] {processor.py:179} INFO - Processing /home/airflow/.local/lib/python3.8/site-packages/airflow/example_dags/example_branch_operator.py took 0.112 seconds
[2024-10-20T03:09:51.830+0000] {processor.py:157} INFO - Started process (PID=222) to work on /home/airflow/.local/lib/python3.8/site-packages/airflow/example_dags/example_branch_operator.py
[2024-10-20T03:09:51.832+0000] {processor.py:829} INFO - Processing file /home/airflow/.local/lib/python3.8/site-packages/airflow/example_dags/example_branch_operator.py for tasks to queue
[2024-10-20T03:09:51.835+0000] {logging_mixin.py:154} INFO - [2024-10-20T03:09:51.835+0000] {dagbag.py:536} INFO - Filling up the DagBag from /home/airflow/.local/lib/python3.8/site-packages/airflow/example_dags/example_branch_operator.py
[2024-10-20T03:09:51.847+0000] {processor.py:839} INFO - DAG(s) dict_keys(['example_branch_operator']) retrieved from /home/airflow/.local/lib/python3.8/site-packages/airflow/example_dags/example_branch_operator.py
[2024-10-20T03:09:51.876+0000] {logging_mixin.py:154} INFO - [2024-10-20T03:09:51.876+0000] {dag.py:2941} INFO - Sync 1 DAGs
[2024-10-20T03:09:51.906+0000] {logging_mixin.py:154} INFO - [2024-10-20T03:09:51.906+0000] {dag.py:3722} INFO - Setting next_dagrun for example_branch_operator to 2024-10-19T00:00:00+00:00, run_after=2024-10-20T00:00:00+00:00
[2024-10-20T03:09:51.934+0000] {processor.py:179} INFO - Processing /home/airflow/.local/lib/python3.8/site-packages/airflow/example_dags/example_branch_operator.py took 0.107 seconds
[2024-10-20T03:10:22.284+0000] {processor.py:157} INFO - Started process (PID=278) to work on /home/airflow/.local/lib/python3.8/site-packages/airflow/example_dags/example_branch_operator.py
[2024-10-20T03:10:22.286+0000] {processor.py:829} INFO - Processing file /home/airflow/.local/lib/python3.8/site-packages/airflow/example_dags/example_branch_operator.py for tasks to queue
[2024-10-20T03:10:22.289+0000] {logging_mixin.py:154} INFO - [2024-10-20T03:10:22.289+0000] {dagbag.py:536} INFO - Filling up the DagBag from /home/airflow/.local/lib/python3.8/site-packages/airflow/example_dags/example_branch_operator.py
[2024-10-20T03:10:22.319+0000] {processor.py:839} INFO - DAG(s) dict_keys(['example_branch_operator']) retrieved from /home/airflow/.local/lib/python3.8/site-packages/airflow/example_dags/example_branch_operator.py
[2024-10-20T03:10:22.362+0000] {logging_mixin.py:154} INFO - [2024-10-20T03:10:22.362+0000] {dag.py:2941} INFO - Sync 1 DAGs
[2024-10-20T03:10:22.391+0000] {logging_mixin.py:154} INFO - [2024-10-20T03:10:22.391+0000] {dag.py:3722} INFO - Setting next_dagrun for example_branch_operator to 2024-10-19T00:00:00+00:00, run_after=2024-10-20T00:00:00+00:00
[2024-10-20T03:10:22.418+0000] {processor.py:179} INFO - Processing /home/airflow/.local/lib/python3.8/site-packages/airflow/example_dags/example_branch_operator.py took 0.138 seconds
[2024-10-20T03:10:53.239+0000] {processor.py:157} INFO - Started process (PID=334) to work on /home/airflow/.local/lib/python3.8/site-packages/airflow/example_dags/example_branch_operator.py
[2024-10-20T03:10:53.240+0000] {processor.py:829} INFO - Processing file /home/airflow/.local/lib/python3.8/site-packages/airflow/example_dags/example_branch_operator.py for tasks to queue
[2024-10-20T03:10:53.242+0000] {logging_mixin.py:154} INFO - [2024-10-20T03:10:53.242+0000] {dagbag.py:536} INFO - Filling up the DagBag from /home/airflow/.local/lib/python3.8/site-packages/airflow/example_dags/example_branch_operator.py
[2024-10-20T03:10:53.252+0000] {processor.py:839} INFO - DAG(s) dict_keys(['example_branch_operator']) retrieved from /home/airflow/.local/lib/python3.8/site-packages/airflow/example_dags/example_branch_operator.py
[2024-10-20T03:10:53.275+0000] {logging_mixin.py:154} INFO - [2024-10-20T03:10:53.275+0000] {dag.py:2941} INFO - Sync 1 DAGs
[2024-10-20T03:10:53.298+0000] {logging_mixin.py:154} INFO - [2024-10-20T03:10:53.298+0000] {dag.py:3722} INFO - Setting next_dagrun for example_branch_operator to 2024-10-19T00:00:00+00:00, run_after=2024-10-20T00:00:00+00:00
[2024-10-20T03:10:53.323+0000] {processor.py:179} INFO - Processing /home/airflow/.local/lib/python3.8/site-packages/airflow/example_dags/example_branch_operator.py took 0.087 seconds
[2024-10-20T03:11:23.836+0000] {processor.py:157} INFO - Started process (PID=390) to work on /home/airflow/.local/lib/python3.8/site-packages/airflow/example_dags/example_branch_operator.py
[2024-10-20T03:11:23.838+0000] {processor.py:829} INFO - Processing file /home/airflow/.local/lib/python3.8/site-packages/airflow/example_dags/example_branch_operator.py for tasks to queue
[2024-10-20T03:11:23.840+0000] {logging_mixin.py:154} INFO - [2024-10-20T03:11:23.840+0000] {dagbag.py:536} INFO - Filling up the DagBag from /home/airflow/.local/lib/python3.8/site-packages/airflow/example_dags/example_branch_operator.py
[2024-10-20T03:11:23.849+0000] {processor.py:839} INFO - DAG(s) dict_keys(['example_branch_operator']) retrieved from /home/airflow/.local/lib/python3.8/site-packages/airflow/example_dags/example_branch_operator.py
[2024-10-20T03:11:23.874+0000] {logging_mixin.py:154} INFO - [2024-10-20T03:11:23.874+0000] {dag.py:2941} INFO - Sync 1 DAGs
[2024-10-20T03:11:23.899+0000] {logging_mixin.py:154} INFO - [2024-10-20T03:11:23.899+0000] {dag.py:3722} INFO - Setting next_dagrun for example_branch_operator to 2024-10-19T00:00:00+00:00, run_after=2024-10-20T00:00:00+00:00
[2024-10-20T03:11:23.920+0000] {processor.py:179} INFO - Processing /home/airflow/.local/lib/python3.8/site-packages/airflow/example_dags/example_branch_operator.py took 0.087 seconds
[2024-10-20T03:11:55.023+0000] {processor.py:157} INFO - Started process (PID=446) to work on /home/airflow/.local/lib/python3.8/site-packages/airflow/example_dags/example_branch_operator.py
[2024-10-20T03:11:55.024+0000] {processor.py:829} INFO - Processing file /home/airflow/.local/lib/python3.8/site-packages/airflow/example_dags/example_branch_operator.py for tasks to queue
[2024-10-20T03:11:55.027+0000] {logging_mixin.py:154} INFO - [2024-10-20T03:11:55.026+0000] {dagbag.py:536} INFO - Filling up the DagBag from /home/airflow/.local/lib/python3.8/site-packages/airflow/example_dags/example_branch_operator.py
[2024-10-20T03:11:55.036+0000] {processor.py:839} INFO - DAG(s) dict_keys(['example_branch_operator']) retrieved from /home/airflow/.local/lib/python3.8/site-packages/airflow/example_dags/example_branch_operator.py
[2024-10-20T03:11:55.060+0000] {logging_mixin.py:154} INFO - [2024-10-20T03:11:55.060+0000] {dag.py:2941} INFO - Sync 1 DAGs
[2024-10-20T03:11:55.083+0000] {logging_mixin.py:154} INFO - [2024-10-20T03:11:55.083+0000] {dag.py:3722} INFO - Setting next_dagrun for example_branch_operator to 2024-10-19T00:00:00+00:00, run_after=2024-10-20T00:00:00+00:00
[2024-10-20T03:11:55.109+0000] {processor.py:179} INFO - Processing /home/airflow/.local/lib/python3.8/site-packages/airflow/example_dags/example_branch_operator.py took 0.089 seconds
[2024-10-20T03:12:25.628+0000] {processor.py:157} INFO - Started process (PID=502) to work on /home/airflow/.local/lib/python3.8/site-packages/airflow/example_dags/example_branch_operator.py
[2024-10-20T03:12:25.629+0000] {processor.py:829} INFO - Processing file /home/airflow/.local/lib/python3.8/site-packages/airflow/example_dags/example_branch_operator.py for tasks to queue
[2024-10-20T03:12:25.632+0000] {logging_mixin.py:154} INFO - [2024-10-20T03:12:25.631+0000] {dagbag.py:536} INFO - Filling up the DagBag from /home/airflow/.local/lib/python3.8/site-packages/airflow/example_dags/example_branch_operator.py
[2024-10-20T03:12:25.643+0000] {processor.py:839} INFO - DAG(s) dict_keys(['example_branch_operator']) retrieved from /home/airflow/.local/lib/python3.8/site-packages/airflow/example_dags/example_branch_operator.py
[2024-10-20T03:12:25.669+0000] {logging_mixin.py:154} INFO - [2024-10-20T03:12:25.668+0000] {dag.py:2941} INFO - Sync 1 DAGs
[2024-10-20T03:12:25.695+0000] {logging_mixin.py:154} INFO - [2024-10-20T03:12:25.695+0000] {dag.py:3722} INFO - Setting next_dagrun for example_branch_operator to 2024-10-19T00:00:00+00:00, run_after=2024-10-20T00:00:00+00:00
[2024-10-20T03:12:25.717+0000] {processor.py:179} INFO - Processing /home/airflow/.local/lib/python3.8/site-packages/airflow/example_dags/example_branch_operator.py took 0.093 seconds
[2024-10-20T03:12:56.167+0000] {processor.py:157} INFO - Started process (PID=558) to work on /home/airflow/.local/lib/python3.8/site-packages/airflow/example_dags/example_branch_operator.py
[2024-10-20T03:12:56.168+0000] {processor.py:829} INFO - Processing file /home/airflow/.local/lib/python3.8/site-packages/airflow/example_dags/example_branch_operator.py for tasks to queue
[2024-10-20T03:12:56.170+0000] {logging_mixin.py:154} INFO - [2024-10-20T03:12:56.170+0000] {dagbag.py:536} INFO - Filling up the DagBag from /home/airflow/.local/lib/python3.8/site-packages/airflow/example_dags/example_branch_operator.py
[2024-10-20T03:12:56.179+0000] {processor.py:839} INFO - DAG(s) dict_keys(['example_branch_operator']) retrieved from /home/airflow/.local/lib/python3.8/site-packages/airflow/example_dags/example_branch_operator.py
[2024-10-20T03:12:56.204+0000] {logging_mixin.py:154} INFO - [2024-10-20T03:12:56.204+0000] {dag.py:2941} INFO - Sync 1 DAGs
[2024-10-20T03:12:56.229+0000] {logging_mixin.py:154} INFO - [2024-10-20T03:12:56.229+0000] {dag.py:3722} INFO - Setting next_dagrun for example_branch_operator to 2024-10-19T00:00:00+00:00, run_after=2024-10-20T00:00:00+00:00
[2024-10-20T03:12:56.253+0000] {processor.py:179} INFO - Processing /home/airflow/.local/lib/python3.8/site-packages/airflow/example_dags/example_branch_operator.py took 0.090 seconds
[2024-10-20T03:13:26.682+0000] {processor.py:157} INFO - Started process (PID=614) to work on /home/airflow/.local/lib/python3.8/site-packages/airflow/example_dags/example_branch_operator.py
[2024-10-20T03:13:26.683+0000] {processor.py:829} INFO - Processing file /home/airflow/.local/lib/python3.8/site-packages/airflow/example_dags/example_branch_operator.py for tasks to queue
[2024-10-20T03:13:26.686+0000] {logging_mixin.py:154} INFO - [2024-10-20T03:13:26.685+0000] {dagbag.py:536} INFO - Filling up the DagBag from /home/airflow/.local/lib/python3.8/site-packages/airflow/example_dags/example_branch_operator.py
[2024-10-20T03:13:26.694+0000] {processor.py:839} INFO - DAG(s) dict_keys(['example_branch_operator']) retrieved from /home/airflow/.local/lib/python3.8/site-packages/airflow/example_dags/example_branch_operator.py
[2024-10-20T03:13:26.718+0000] {logging_mixin.py:154} INFO - [2024-10-20T03:13:26.718+0000] {dag.py:2941} INFO - Sync 1 DAGs
[2024-10-20T03:13:26.742+0000] {logging_mixin.py:154} INFO - [2024-10-20T03:13:26.742+0000] {dag.py:3722} INFO - Setting next_dagrun for example_branch_operator to 2024-10-19T00:00:00+00:00, run_after=2024-10-20T00:00:00+00:00
[2024-10-20T03:13:26.764+0000] {processor.py:179} INFO - Processing /home/airflow/.local/lib/python3.8/site-packages/airflow/example_dags/example_branch_operator.py took 0.085 seconds
[2024-10-20T03:13:57.093+0000] {processor.py:157} INFO - Started process (PID=670) to work on /home/airflow/.local/lib/python3.8/site-packages/airflow/example_dags/example_branch_operator.py
[2024-10-20T03:13:57.094+0000] {processor.py:829} INFO - Processing file /home/airflow/.local/lib/python3.8/site-packages/airflow/example_dags/example_branch_operator.py for tasks to queue
[2024-10-20T03:13:57.096+0000] {logging_mixin.py:154} INFO - [2024-10-20T03:13:57.096+0000] {dagbag.py:536} INFO - Filling up the DagBag from /home/airflow/.local/lib/python3.8/site-packages/airflow/example_dags/example_branch_operator.py
[2024-10-20T03:13:57.106+0000] {processor.py:839} INFO - DAG(s) dict_keys(['example_branch_operator']) retrieved from /home/airflow/.local/lib/python3.8/site-packages/airflow/example_dags/example_branch_operator.py
[2024-10-20T03:13:57.135+0000] {logging_mixin.py:154} INFO - [2024-10-20T03:13:57.135+0000] {dag.py:2941} INFO - Sync 1 DAGs
[2024-10-20T03:13:57.160+0000] {logging_mixin.py:154} INFO - [2024-10-20T03:13:57.160+0000] {dag.py:3722} INFO - Setting next_dagrun for example_branch_operator to 2024-10-19T00:00:00+00:00, run_after=2024-10-20T00:00:00+00:00
[2024-10-20T03:13:57.185+0000] {processor.py:179} INFO - Processing /home/airflow/.local/lib/python3.8/site-packages/airflow/example_dags/example_branch_operator.py took 0.095 seconds
[2024-10-20T03:14:27.491+0000] {processor.py:157} INFO - Started process (PID=726) to work on /home/airflow/.local/lib/python3.8/site-packages/airflow/example_dags/example_branch_operator.py
[2024-10-20T03:14:27.492+0000] {processor.py:829} INFO - Processing file /home/airflow/.local/lib/python3.8/site-packages/airflow/example_dags/example_branch_operator.py for tasks to queue
[2024-10-20T03:14:27.495+0000] {logging_mixin.py:154} INFO - [2024-10-20T03:14:27.494+0000] {dagbag.py:536} INFO - Filling up the DagBag from /home/airflow/.local/lib/python3.8/site-packages/airflow/example_dags/example_branch_operator.py
[2024-10-20T03:14:27.505+0000] {processor.py:839} INFO - DAG(s) dict_keys(['example_branch_operator']) retrieved from /home/airflow/.local/lib/python3.8/site-packages/airflow/example_dags/example_branch_operator.py
[2024-10-20T03:14:27.531+0000] {logging_mixin.py:154} INFO - [2024-10-20T03:14:27.531+0000] {dag.py:2941} INFO - Sync 1 DAGs
[2024-10-20T03:14:27.556+0000] {logging_mixin.py:154} INFO - [2024-10-20T03:14:27.556+0000] {dag.py:3722} INFO - Setting next_dagrun for example_branch_operator to 2024-10-19T00:00:00+00:00, run_after=2024-10-20T00:00:00+00:00
[2024-10-20T03:14:27.578+0000] {processor.py:179} INFO - Processing /home/airflow/.local/lib/python3.8/site-packages/airflow/example_dags/example_branch_operator.py took 0.090 seconds
[2024-10-20T03:14:57.976+0000] {processor.py:157} INFO - Started process (PID=782) to work on /home/airflow/.local/lib/python3.8/site-packages/airflow/example_dags/example_branch_operator.py
[2024-10-20T03:14:57.977+0000] {processor.py:829} INFO - Processing file /home/airflow/.local/lib/python3.8/site-packages/airflow/example_dags/example_branch_operator.py for tasks to queue
[2024-10-20T03:14:57.980+0000] {logging_mixin.py:154} INFO - [2024-10-20T03:14:57.979+0000] {dagbag.py:536} INFO - Filling up the DagBag from /home/airflow/.local/lib/python3.8/site-packages/airflow/example_dags/example_branch_operator.py
[2024-10-20T03:14:57.989+0000] {processor.py:839} INFO - DAG(s) dict_keys(['example_branch_operator']) retrieved from /home/airflow/.local/lib/python3.8/site-packages/airflow/example_dags/example_branch_operator.py
[2024-10-20T03:14:58.015+0000] {logging_mixin.py:154} INFO - [2024-10-20T03:14:58.015+0000] {dag.py:2941} INFO - Sync 1 DAGs
[2024-10-20T03:14:58.039+0000] {logging_mixin.py:154} INFO - [2024-10-20T03:14:58.039+0000] {dag.py:3722} INFO - Setting next_dagrun for example_branch_operator to 2024-10-19T00:00:00+00:00, run_after=2024-10-20T00:00:00+00:00
[2024-10-20T03:14:58.063+0000] {processor.py:179} INFO - Processing /home/airflow/.local/lib/python3.8/site-packages/airflow/example_dags/example_branch_operator.py took 0.090 seconds
[2024-10-20T03:15:28.586+0000] {processor.py:157} INFO - Started process (PID=838) to work on /home/airflow/.local/lib/python3.8/site-packages/airflow/example_dags/example_branch_operator.py
[2024-10-20T03:15:28.587+0000] {processor.py:829} INFO - Processing file /home/airflow/.local/lib/python3.8/site-packages/airflow/example_dags/example_branch_operator.py for tasks to queue
[2024-10-20T03:15:28.590+0000] {logging_mixin.py:154} INFO - [2024-10-20T03:15:28.589+0000] {dagbag.py:536} INFO - Filling up the DagBag from /home/airflow/.local/lib/python3.8/site-packages/airflow/example_dags/example_branch_operator.py
[2024-10-20T03:15:28.599+0000] {processor.py:839} INFO - DAG(s) dict_keys(['example_branch_operator']) retrieved from /home/airflow/.local/lib/python3.8/site-packages/airflow/example_dags/example_branch_operator.py
[2024-10-20T03:15:28.623+0000] {logging_mixin.py:154} INFO - [2024-10-20T03:15:28.623+0000] {dag.py:2941} INFO - Sync 1 DAGs
[2024-10-20T03:15:28.649+0000] {logging_mixin.py:154} INFO - [2024-10-20T03:15:28.649+0000] {dag.py:3722} INFO - Setting next_dagrun for example_branch_operator to 2024-10-19T00:00:00+00:00, run_after=2024-10-20T00:00:00+00:00
[2024-10-20T03:15:28.671+0000] {processor.py:179} INFO - Processing /home/airflow/.local/lib/python3.8/site-packages/airflow/example_dags/example_branch_operator.py took 0.088 seconds
[2024-10-20T03:15:59.295+0000] {processor.py:157} INFO - Started process (PID=894) to work on /home/airflow/.local/lib/python3.8/site-packages/airflow/example_dags/example_branch_operator.py
[2024-10-20T03:15:59.296+0000] {processor.py:829} INFO - Processing file /home/airflow/.local/lib/python3.8/site-packages/airflow/example_dags/example_branch_operator.py for tasks to queue
[2024-10-20T03:15:59.298+0000] {logging_mixin.py:154} INFO - [2024-10-20T03:15:59.298+0000] {dagbag.py:536} INFO - Filling up the DagBag from /home/airflow/.local/lib/python3.8/site-packages/airflow/example_dags/example_branch_operator.py
[2024-10-20T03:15:59.311+0000] {processor.py:839} INFO - DAG(s) dict_keys(['example_branch_operator']) retrieved from /home/airflow/.local/lib/python3.8/site-packages/airflow/example_dags/example_branch_operator.py
[2024-10-20T03:15:59.339+0000] {logging_mixin.py:154} INFO - [2024-10-20T03:15:59.338+0000] {dag.py:2941} INFO - Sync 1 DAGs
[2024-10-20T03:15:59.364+0000] {logging_mixin.py:154} INFO - [2024-10-20T03:15:59.364+0000] {dag.py:3722} INFO - Setting next_dagrun for example_branch_operator to 2024-10-19T00:00:00+00:00, run_after=2024-10-20T00:00:00+00:00
[2024-10-20T03:15:59.387+0000] {processor.py:179} INFO - Processing /home/airflow/.local/lib/python3.8/site-packages/airflow/example_dags/example_branch_operator.py took 0.096 seconds
[2024-10-20T03:16:29.772+0000] {processor.py:157} INFO - Started process (PID=950) to work on /home/airflow/.local/lib/python3.8/site-packages/airflow/example_dags/example_branch_operator.py
[2024-10-20T03:16:29.773+0000] {processor.py:829} INFO - Processing file /home/airflow/.local/lib/python3.8/site-packages/airflow/example_dags/example_branch_operator.py for tasks to queue
[2024-10-20T03:16:29.775+0000] {logging_mixin.py:154} INFO - [2024-10-20T03:16:29.775+0000] {dagbag.py:536} INFO - Filling up the DagBag from /home/airflow/.local/lib/python3.8/site-packages/airflow/example_dags/example_branch_operator.py
[2024-10-20T03:16:29.785+0000] {processor.py:839} INFO - DAG(s) dict_keys(['example_branch_operator']) retrieved from /home/airflow/.local/lib/python3.8/site-packages/airflow/example_dags/example_branch_operator.py
[2024-10-20T03:16:29.811+0000] {logging_mixin.py:154} INFO - [2024-10-20T03:16:29.811+0000] {dag.py:2941} INFO - Sync 1 DAGs
[2024-10-20T03:16:29.838+0000] {logging_mixin.py:154} INFO - [2024-10-20T03:16:29.838+0000] {dag.py:3722} INFO - Setting next_dagrun for example_branch_operator to 2024-10-19T00:00:00+00:00, run_after=2024-10-20T00:00:00+00:00
[2024-10-20T03:16:29.864+0000] {processor.py:179} INFO - Processing /home/airflow/.local/lib/python3.8/site-packages/airflow/example_dags/example_branch_operator.py took 0.095 seconds
[2024-10-20T03:17:01.868+0000] {processor.py:157} INFO - Started process (PID=1006) to work on /home/airflow/.local/lib/python3.8/site-packages/airflow/example_dags/example_branch_operator.py
[2024-10-20T03:17:01.870+0000] {processor.py:829} INFO - Processing file /home/airflow/.local/lib/python3.8/site-packages/airflow/example_dags/example_branch_operator.py for tasks to queue
[2024-10-20T03:17:01.872+0000] {logging_mixin.py:154} INFO - [2024-10-20T03:17:01.872+0000] {dagbag.py:536} INFO - Filling up the DagBag from /home/airflow/.local/lib/python3.8/site-packages/airflow/example_dags/example_branch_operator.py
[2024-10-20T03:17:01.881+0000] {processor.py:839} INFO - DAG(s) dict_keys(['example_branch_operator']) retrieved from /home/airflow/.local/lib/python3.8/site-packages/airflow/example_dags/example_branch_operator.py
[2024-10-20T03:17:01.907+0000] {logging_mixin.py:154} INFO - [2024-10-20T03:17:01.907+0000] {dag.py:2941} INFO - Sync 1 DAGs
[2024-10-20T03:17:01.934+0000] {logging_mixin.py:154} INFO - [2024-10-20T03:17:01.933+0000] {dag.py:3722} INFO - Setting next_dagrun for example_branch_operator to 2024-10-19T00:00:00+00:00, run_after=2024-10-20T00:00:00+00:00
[2024-10-20T03:17:01.961+0000] {processor.py:179} INFO - Processing /home/airflow/.local/lib/python3.8/site-packages/airflow/example_dags/example_branch_operator.py took 0.097 seconds
[2024-10-20T03:17:33.483+0000] {processor.py:157} INFO - Started process (PID=1062) to work on /home/airflow/.local/lib/python3.8/site-packages/airflow/example_dags/example_branch_operator.py
[2024-10-20T03:17:33.484+0000] {processor.py:829} INFO - Processing file /home/airflow/.local/lib/python3.8/site-packages/airflow/example_dags/example_branch_operator.py for tasks to queue
[2024-10-20T03:17:33.486+0000] {logging_mixin.py:154} INFO - [2024-10-20T03:17:33.486+0000] {dagbag.py:536} INFO - Filling up the DagBag from /home/airflow/.local/lib/python3.8/site-packages/airflow/example_dags/example_branch_operator.py
[2024-10-20T03:17:33.495+0000] {processor.py:839} INFO - DAG(s) dict_keys(['example_branch_operator']) retrieved from /home/airflow/.local/lib/python3.8/site-packages/airflow/example_dags/example_branch_operator.py
[2024-10-20T03:17:33.522+0000] {logging_mixin.py:154} INFO - [2024-10-20T03:17:33.522+0000] {dag.py:2941} INFO - Sync 1 DAGs
[2024-10-20T03:17:33.733+0000] {logging_mixin.py:154} INFO - [2024-10-20T03:17:33.733+0000] {dag.py:3722} INFO - Setting next_dagrun for example_branch_operator to 2024-10-19T00:00:00+00:00, run_after=2024-10-20T00:00:00+00:00
[2024-10-20T03:17:33.754+0000] {processor.py:179} INFO - Processing /home/airflow/.local/lib/python3.8/site-packages/airflow/example_dags/example_branch_operator.py took 0.275 seconds
