[2024-10-20T02:46:18.662+0000] {processor.py:157} INFO - Started process (PID=96) to work on /home/airflow/.local/lib/python3.8/site-packages/airflow/example_dags/example_short_circuit_decorator.py
[2024-10-20T02:46:18.665+0000] {processor.py:829} INFO - Processing file /home/airflow/.local/lib/python3.8/site-packages/airflow/example_dags/example_short_circuit_decorator.py for tasks to queue
[2024-10-20T02:46:18.669+0000] {logging_mixin.py:154} INFO - [2024-10-20T02:46:18.668+0000] {dagbag.py:536} INFO - Filling up the DagBag from /home/airflow/.local/lib/python3.8/site-packages/airflow/example_dags/example_short_circuit_decorator.py
[2024-10-20T02:46:18.690+0000] {processor.py:839} INFO - DAG(s) dict_keys(['example_short_circuit_decorator']) retrieved from /home/airflow/.local/lib/python3.8/site-packages/airflow/example_dags/example_short_circuit_decorator.py
[2024-10-20T02:46:18.712+0000] {logging_mixin.py:154} INFO - [2024-10-20T02:46:18.712+0000] {dag.py:2941} INFO - Sync 1 DAGs
[2024-10-20T02:46:18.752+0000] {logging_mixin.py:154} INFO - [2024-10-20T02:46:18.751+0000] {dag.py:3722} INFO - Setting next_dagrun for example_short_circuit_decorator to 2024-10-19T02:46:18.751443+00:00, run_after=2024-10-20T02:46:18.751443+00:00
[2024-10-20T02:46:18.791+0000] {processor.py:179} INFO - Processing /home/airflow/.local/lib/python3.8/site-packages/airflow/example_dags/example_short_circuit_decorator.py took 0.135 seconds
[2024-10-20T02:46:49.460+0000] {processor.py:157} INFO - Started process (PID=152) to work on /home/airflow/.local/lib/python3.8/site-packages/airflow/example_dags/example_short_circuit_decorator.py
[2024-10-20T02:46:49.461+0000] {processor.py:829} INFO - Processing file /home/airflow/.local/lib/python3.8/site-packages/airflow/example_dags/example_short_circuit_decorator.py for tasks to queue
[2024-10-20T02:46:49.464+0000] {logging_mixin.py:154} INFO - [2024-10-20T02:46:49.464+0000] {dagbag.py:536} INFO - Filling up the DagBag from /home/airflow/.local/lib/python3.8/site-packages/airflow/example_dags/example_short_circuit_decorator.py
[2024-10-20T02:46:49.472+0000] {processor.py:839} INFO - DAG(s) dict_keys(['example_short_circuit_decorator']) retrieved from /home/airflow/.local/lib/python3.8/site-packages/airflow/example_dags/example_short_circuit_decorator.py
[2024-10-20T02:46:49.495+0000] {logging_mixin.py:154} INFO - [2024-10-20T02:46:49.495+0000] {dag.py:2941} INFO - Sync 1 DAGs
[2024-10-20T02:46:49.519+0000] {logging_mixin.py:154} INFO - [2024-10-20T02:46:49.518+0000] {dag.py:3722} INFO - Setting next_dagrun for example_short_circuit_decorator to 2024-10-19T02:46:49.518699+00:00, run_after=2024-10-20T02:46:49.518699+00:00
[2024-10-20T02:46:49.547+0000] {processor.py:179} INFO - Processing /home/airflow/.local/lib/python3.8/site-packages/airflow/example_dags/example_short_circuit_decorator.py took 0.090 seconds
[2024-10-20T02:47:20.412+0000] {processor.py:157} INFO - Started process (PID=208) to work on /home/airflow/.local/lib/python3.8/site-packages/airflow/example_dags/example_short_circuit_decorator.py
[2024-10-20T02:47:20.413+0000] {processor.py:829} INFO - Processing file /home/airflow/.local/lib/python3.8/site-packages/airflow/example_dags/example_short_circuit_decorator.py for tasks to queue
[2024-10-20T02:47:20.416+0000] {logging_mixin.py:154} INFO - [2024-10-20T02:47:20.416+0000] {dagbag.py:536} INFO - Filling up the DagBag from /home/airflow/.local/lib/python3.8/site-packages/airflow/example_dags/example_short_circuit_decorator.py
[2024-10-20T02:47:20.428+0000] {processor.py:839} INFO - DAG(s) dict_keys(['example_short_circuit_decorator']) retrieved from /home/airflow/.local/lib/python3.8/site-packages/airflow/example_dags/example_short_circuit_decorator.py
[2024-10-20T02:47:20.460+0000] {logging_mixin.py:154} INFO - [2024-10-20T02:47:20.460+0000] {dag.py:2941} INFO - Sync 1 DAGs
[2024-10-20T02:47:20.489+0000] {logging_mixin.py:154} INFO - [2024-10-20T02:47:20.489+0000] {dag.py:3722} INFO - Setting next_dagrun for example_short_circuit_decorator to 2024-10-19T02:47:20.488916+00:00, run_after=2024-10-20T02:47:20.488916+00:00
[2024-10-20T02:47:20.515+0000] {processor.py:179} INFO - Processing /home/airflow/.local/lib/python3.8/site-packages/airflow/example_dags/example_short_circuit_decorator.py took 0.109 seconds
[2024-10-20T02:47:51.582+0000] {processor.py:157} INFO - Started process (PID=264) to work on /home/airflow/.local/lib/python3.8/site-packages/airflow/example_dags/example_short_circuit_decorator.py
[2024-10-20T02:47:51.606+0000] {processor.py:829} INFO - Processing file /home/airflow/.local/lib/python3.8/site-packages/airflow/example_dags/example_short_circuit_decorator.py for tasks to queue
[2024-10-20T02:47:51.612+0000] {logging_mixin.py:154} INFO - [2024-10-20T02:47:51.611+0000] {dagbag.py:536} INFO - Filling up the DagBag from /home/airflow/.local/lib/python3.8/site-packages/airflow/example_dags/example_short_circuit_decorator.py
[2024-10-20T02:47:51.630+0000] {processor.py:839} INFO - DAG(s) dict_keys(['example_short_circuit_decorator']) retrieved from /home/airflow/.local/lib/python3.8/site-packages/airflow/example_dags/example_short_circuit_decorator.py
[2024-10-20T02:47:51.699+0000] {logging_mixin.py:154} INFO - [2024-10-20T02:47:51.699+0000] {dag.py:2941} INFO - Sync 1 DAGs
[2024-10-20T02:47:51.766+0000] {logging_mixin.py:154} INFO - [2024-10-20T02:47:51.765+0000] {dag.py:3722} INFO - Setting next_dagrun for example_short_circuit_decorator to 2024-10-19T02:47:51.765475+00:00, run_after=2024-10-20T02:47:51.765475+00:00
[2024-10-20T02:47:51.806+0000] {processor.py:179} INFO - Processing /home/airflow/.local/lib/python3.8/site-packages/airflow/example_dags/example_short_circuit_decorator.py took 0.229 seconds
[2024-10-20T02:48:22.111+0000] {processor.py:157} INFO - Started process (PID=320) to work on /home/airflow/.local/lib/python3.8/site-packages/airflow/example_dags/example_short_circuit_decorator.py
[2024-10-20T02:48:22.113+0000] {processor.py:829} INFO - Processing file /home/airflow/.local/lib/python3.8/site-packages/airflow/example_dags/example_short_circuit_decorator.py for tasks to queue
[2024-10-20T02:48:22.115+0000] {logging_mixin.py:154} INFO - [2024-10-20T02:48:22.115+0000] {dagbag.py:536} INFO - Filling up the DagBag from /home/airflow/.local/lib/python3.8/site-packages/airflow/example_dags/example_short_circuit_decorator.py
[2024-10-20T02:48:22.123+0000] {processor.py:839} INFO - DAG(s) dict_keys(['example_short_circuit_decorator']) retrieved from /home/airflow/.local/lib/python3.8/site-packages/airflow/example_dags/example_short_circuit_decorator.py
[2024-10-20T02:48:22.147+0000] {logging_mixin.py:154} INFO - [2024-10-20T02:48:22.147+0000] {dag.py:2941} INFO - Sync 1 DAGs
[2024-10-20T02:48:22.168+0000] {logging_mixin.py:154} INFO - [2024-10-20T02:48:22.168+0000] {dag.py:3722} INFO - Setting next_dagrun for example_short_circuit_decorator to 2024-10-19T02:48:22.168438+00:00, run_after=2024-10-20T02:48:22.168438+00:00
[2024-10-20T02:48:22.190+0000] {processor.py:179} INFO - Processing /home/airflow/.local/lib/python3.8/site-packages/airflow/example_dags/example_short_circuit_decorator.py took 0.082 seconds
[2024-10-20T02:48:53.279+0000] {processor.py:157} INFO - Started process (PID=376) to work on /home/airflow/.local/lib/python3.8/site-packages/airflow/example_dags/example_short_circuit_decorator.py
[2024-10-20T02:48:53.280+0000] {processor.py:829} INFO - Processing file /home/airflow/.local/lib/python3.8/site-packages/airflow/example_dags/example_short_circuit_decorator.py for tasks to queue
[2024-10-20T02:48:53.283+0000] {logging_mixin.py:154} INFO - [2024-10-20T02:48:53.282+0000] {dagbag.py:536} INFO - Filling up the DagBag from /home/airflow/.local/lib/python3.8/site-packages/airflow/example_dags/example_short_circuit_decorator.py
[2024-10-20T02:48:53.293+0000] {processor.py:839} INFO - DAG(s) dict_keys(['example_short_circuit_decorator']) retrieved from /home/airflow/.local/lib/python3.8/site-packages/airflow/example_dags/example_short_circuit_decorator.py
[2024-10-20T02:48:53.322+0000] {logging_mixin.py:154} INFO - [2024-10-20T02:48:53.322+0000] {dag.py:2941} INFO - Sync 1 DAGs
[2024-10-20T02:48:53.352+0000] {logging_mixin.py:154} INFO - [2024-10-20T02:48:53.351+0000] {dag.py:3722} INFO - Setting next_dagrun for example_short_circuit_decorator to 2024-10-19T02:48:53.351391+00:00, run_after=2024-10-20T02:48:53.351391+00:00
[2024-10-20T02:48:53.383+0000] {processor.py:179} INFO - Processing /home/airflow/.local/lib/python3.8/site-packages/airflow/example_dags/example_short_circuit_decorator.py took 0.107 seconds
[2024-10-20T02:49:24.273+0000] {processor.py:157} INFO - Started process (PID=432) to work on /home/airflow/.local/lib/python3.8/site-packages/airflow/example_dags/example_short_circuit_decorator.py
[2024-10-20T02:49:24.274+0000] {processor.py:829} INFO - Processing file /home/airflow/.local/lib/python3.8/site-packages/airflow/example_dags/example_short_circuit_decorator.py for tasks to queue
[2024-10-20T02:49:24.276+0000] {logging_mixin.py:154} INFO - [2024-10-20T02:49:24.276+0000] {dagbag.py:536} INFO - Filling up the DagBag from /home/airflow/.local/lib/python3.8/site-packages/airflow/example_dags/example_short_circuit_decorator.py
[2024-10-20T02:49:24.285+0000] {processor.py:839} INFO - DAG(s) dict_keys(['example_short_circuit_decorator']) retrieved from /home/airflow/.local/lib/python3.8/site-packages/airflow/example_dags/example_short_circuit_decorator.py
[2024-10-20T02:49:24.309+0000] {logging_mixin.py:154} INFO - [2024-10-20T02:49:24.309+0000] {dag.py:2941} INFO - Sync 1 DAGs
[2024-10-20T02:49:24.331+0000] {logging_mixin.py:154} INFO - [2024-10-20T02:49:24.331+0000] {dag.py:3722} INFO - Setting next_dagrun for example_short_circuit_decorator to 2024-10-19T02:49:24.331163+00:00, run_after=2024-10-20T02:49:24.331163+00:00
[2024-10-20T02:49:24.354+0000] {processor.py:179} INFO - Processing /home/airflow/.local/lib/python3.8/site-packages/airflow/example_dags/example_short_circuit_decorator.py took 0.084 seconds
[2024-10-20T02:49:54.730+0000] {processor.py:157} INFO - Started process (PID=488) to work on /home/airflow/.local/lib/python3.8/site-packages/airflow/example_dags/example_short_circuit_decorator.py
[2024-10-20T02:49:54.731+0000] {processor.py:829} INFO - Processing file /home/airflow/.local/lib/python3.8/site-packages/airflow/example_dags/example_short_circuit_decorator.py for tasks to queue
[2024-10-20T02:49:54.734+0000] {logging_mixin.py:154} INFO - [2024-10-20T02:49:54.734+0000] {dagbag.py:536} INFO - Filling up the DagBag from /home/airflow/.local/lib/python3.8/site-packages/airflow/example_dags/example_short_circuit_decorator.py
[2024-10-20T02:49:54.745+0000] {processor.py:839} INFO - DAG(s) dict_keys(['example_short_circuit_decorator']) retrieved from /home/airflow/.local/lib/python3.8/site-packages/airflow/example_dags/example_short_circuit_decorator.py
[2024-10-20T02:49:54.770+0000] {logging_mixin.py:154} INFO - [2024-10-20T02:49:54.769+0000] {dag.py:2941} INFO - Sync 1 DAGs
[2024-10-20T02:49:54.793+0000] {logging_mixin.py:154} INFO - [2024-10-20T02:49:54.793+0000] {dag.py:3722} INFO - Setting next_dagrun for example_short_circuit_decorator to 2024-10-19T02:49:54.793065+00:00, run_after=2024-10-20T02:49:54.793065+00:00
[2024-10-20T02:49:54.817+0000] {processor.py:179} INFO - Processing /home/airflow/.local/lib/python3.8/site-packages/airflow/example_dags/example_short_circuit_decorator.py took 0.089 seconds
[2024-10-20T02:50:25.119+0000] {processor.py:157} INFO - Started process (PID=544) to work on /home/airflow/.local/lib/python3.8/site-packages/airflow/example_dags/example_short_circuit_decorator.py
[2024-10-20T02:50:25.120+0000] {processor.py:829} INFO - Processing file /home/airflow/.local/lib/python3.8/site-packages/airflow/example_dags/example_short_circuit_decorator.py for tasks to queue
[2024-10-20T02:50:25.124+0000] {logging_mixin.py:154} INFO - [2024-10-20T02:50:25.123+0000] {dagbag.py:536} INFO - Filling up the DagBag from /home/airflow/.local/lib/python3.8/site-packages/airflow/example_dags/example_short_circuit_decorator.py
[2024-10-20T02:50:25.150+0000] {processor.py:839} INFO - DAG(s) dict_keys(['example_short_circuit_decorator']) retrieved from /home/airflow/.local/lib/python3.8/site-packages/airflow/example_dags/example_short_circuit_decorator.py
[2024-10-20T02:50:25.203+0000] {logging_mixin.py:154} INFO - [2024-10-20T02:50:25.203+0000] {dag.py:2941} INFO - Sync 1 DAGs
[2024-10-20T02:50:25.243+0000] {logging_mixin.py:154} INFO - [2024-10-20T02:50:25.243+0000] {dag.py:3722} INFO - Setting next_dagrun for example_short_circuit_decorator to 2024-10-19T02:50:25.242915+00:00, run_after=2024-10-20T02:50:25.242915+00:00
[2024-10-20T02:50:25.286+0000] {processor.py:179} INFO - Processing /home/airflow/.local/lib/python3.8/site-packages/airflow/example_dags/example_short_circuit_decorator.py took 0.174 seconds
[2024-10-20T02:50:56.315+0000] {processor.py:157} INFO - Started process (PID=599) to work on /home/airflow/.local/lib/python3.8/site-packages/airflow/example_dags/example_short_circuit_decorator.py
[2024-10-20T02:50:56.316+0000] {processor.py:829} INFO - Processing file /home/airflow/.local/lib/python3.8/site-packages/airflow/example_dags/example_short_circuit_decorator.py for tasks to queue
[2024-10-20T02:50:56.318+0000] {logging_mixin.py:154} INFO - [2024-10-20T02:50:56.317+0000] {dagbag.py:536} INFO - Filling up the DagBag from /home/airflow/.local/lib/python3.8/site-packages/airflow/example_dags/example_short_circuit_decorator.py
[2024-10-20T02:50:56.326+0000] {processor.py:839} INFO - DAG(s) dict_keys(['example_short_circuit_decorator']) retrieved from /home/airflow/.local/lib/python3.8/site-packages/airflow/example_dags/example_short_circuit_decorator.py
[2024-10-20T02:50:56.350+0000] {logging_mixin.py:154} INFO - [2024-10-20T02:50:56.350+0000] {dag.py:2941} INFO - Sync 1 DAGs
[2024-10-20T02:50:56.372+0000] {logging_mixin.py:154} INFO - [2024-10-20T02:50:56.372+0000] {dag.py:3722} INFO - Setting next_dagrun for example_short_circuit_decorator to 2024-10-19T02:50:56.371942+00:00, run_after=2024-10-20T02:50:56.371942+00:00
[2024-10-20T02:50:56.393+0000] {processor.py:179} INFO - Processing /home/airflow/.local/lib/python3.8/site-packages/airflow/example_dags/example_short_circuit_decorator.py took 0.081 seconds
[2024-10-20T02:51:26.631+0000] {processor.py:157} INFO - Started process (PID=654) to work on /home/airflow/.local/lib/python3.8/site-packages/airflow/example_dags/example_short_circuit_decorator.py
[2024-10-20T02:51:26.632+0000] {processor.py:829} INFO - Processing file /home/airflow/.local/lib/python3.8/site-packages/airflow/example_dags/example_short_circuit_decorator.py for tasks to queue
[2024-10-20T02:51:26.635+0000] {logging_mixin.py:154} INFO - [2024-10-20T02:51:26.634+0000] {dagbag.py:536} INFO - Filling up the DagBag from /home/airflow/.local/lib/python3.8/site-packages/airflow/example_dags/example_short_circuit_decorator.py
[2024-10-20T02:51:26.645+0000] {processor.py:839} INFO - DAG(s) dict_keys(['example_short_circuit_decorator']) retrieved from /home/airflow/.local/lib/python3.8/site-packages/airflow/example_dags/example_short_circuit_decorator.py
[2024-10-20T02:51:26.672+0000] {logging_mixin.py:154} INFO - [2024-10-20T02:51:26.672+0000] {dag.py:2941} INFO - Sync 1 DAGs
[2024-10-20T02:51:26.695+0000] {logging_mixin.py:154} INFO - [2024-10-20T02:51:26.695+0000] {dag.py:3722} INFO - Setting next_dagrun for example_short_circuit_decorator to 2024-10-19T02:51:26.695150+00:00, run_after=2024-10-20T02:51:26.695150+00:00
[2024-10-20T02:51:26.719+0000] {processor.py:179} INFO - Processing /home/airflow/.local/lib/python3.8/site-packages/airflow/example_dags/example_short_circuit_decorator.py took 0.091 seconds
[2024-10-20T02:51:56.938+0000] {processor.py:157} INFO - Started process (PID=710) to work on /home/airflow/.local/lib/python3.8/site-packages/airflow/example_dags/example_short_circuit_decorator.py
[2024-10-20T02:51:56.940+0000] {processor.py:829} INFO - Processing file /home/airflow/.local/lib/python3.8/site-packages/airflow/example_dags/example_short_circuit_decorator.py for tasks to queue
[2024-10-20T02:51:56.942+0000] {logging_mixin.py:154} INFO - [2024-10-20T02:51:56.942+0000] {dagbag.py:536} INFO - Filling up the DagBag from /home/airflow/.local/lib/python3.8/site-packages/airflow/example_dags/example_short_circuit_decorator.py
[2024-10-20T02:51:56.951+0000] {processor.py:839} INFO - DAG(s) dict_keys(['example_short_circuit_decorator']) retrieved from /home/airflow/.local/lib/python3.8/site-packages/airflow/example_dags/example_short_circuit_decorator.py
[2024-10-20T02:51:56.975+0000] {logging_mixin.py:154} INFO - [2024-10-20T02:51:56.975+0000] {dag.py:2941} INFO - Sync 1 DAGs
[2024-10-20T02:51:56.997+0000] {logging_mixin.py:154} INFO - [2024-10-20T02:51:56.997+0000] {dag.py:3722} INFO - Setting next_dagrun for example_short_circuit_decorator to 2024-10-19T02:51:56.997180+00:00, run_after=2024-10-20T02:51:56.997180+00:00
[2024-10-20T02:51:57.025+0000] {processor.py:179} INFO - Processing /home/airflow/.local/lib/python3.8/site-packages/airflow/example_dags/example_short_circuit_decorator.py took 0.090 seconds
[2024-10-20T02:52:27.190+0000] {processor.py:157} INFO - Started process (PID=766) to work on /home/airflow/.local/lib/python3.8/site-packages/airflow/example_dags/example_short_circuit_decorator.py
[2024-10-20T02:52:27.192+0000] {processor.py:829} INFO - Processing file /home/airflow/.local/lib/python3.8/site-packages/airflow/example_dags/example_short_circuit_decorator.py for tasks to queue
[2024-10-20T02:52:27.194+0000] {logging_mixin.py:154} INFO - [2024-10-20T02:52:27.194+0000] {dagbag.py:536} INFO - Filling up the DagBag from /home/airflow/.local/lib/python3.8/site-packages/airflow/example_dags/example_short_circuit_decorator.py
[2024-10-20T02:52:27.205+0000] {processor.py:839} INFO - DAG(s) dict_keys(['example_short_circuit_decorator']) retrieved from /home/airflow/.local/lib/python3.8/site-packages/airflow/example_dags/example_short_circuit_decorator.py
[2024-10-20T02:52:27.230+0000] {logging_mixin.py:154} INFO - [2024-10-20T02:52:27.230+0000] {dag.py:2941} INFO - Sync 1 DAGs
[2024-10-20T02:52:27.253+0000] {logging_mixin.py:154} INFO - [2024-10-20T02:52:27.253+0000] {dag.py:3722} INFO - Setting next_dagrun for example_short_circuit_decorator to 2024-10-19T02:52:27.253113+00:00, run_after=2024-10-20T02:52:27.253113+00:00
[2024-10-20T02:52:27.275+0000] {processor.py:179} INFO - Processing /home/airflow/.local/lib/python3.8/site-packages/airflow/example_dags/example_short_circuit_decorator.py took 0.088 seconds
[2024-10-20T02:52:57.424+0000] {processor.py:157} INFO - Started process (PID=824) to work on /home/airflow/.local/lib/python3.8/site-packages/airflow/example_dags/example_short_circuit_decorator.py
[2024-10-20T02:52:57.426+0000] {processor.py:829} INFO - Processing file /home/airflow/.local/lib/python3.8/site-packages/airflow/example_dags/example_short_circuit_decorator.py for tasks to queue
[2024-10-20T02:52:57.428+0000] {logging_mixin.py:154} INFO - [2024-10-20T02:52:57.428+0000] {dagbag.py:536} INFO - Filling up the DagBag from /home/airflow/.local/lib/python3.8/site-packages/airflow/example_dags/example_short_circuit_decorator.py
[2024-10-20T02:52:57.437+0000] {processor.py:839} INFO - DAG(s) dict_keys(['example_short_circuit_decorator']) retrieved from /home/airflow/.local/lib/python3.8/site-packages/airflow/example_dags/example_short_circuit_decorator.py
[2024-10-20T02:52:57.463+0000] {logging_mixin.py:154} INFO - [2024-10-20T02:52:57.463+0000] {dag.py:2941} INFO - Sync 1 DAGs
[2024-10-20T02:52:57.489+0000] {logging_mixin.py:154} INFO - [2024-10-20T02:52:57.488+0000] {dag.py:3722} INFO - Setting next_dagrun for example_short_circuit_decorator to 2024-10-19T02:52:57.488567+00:00, run_after=2024-10-20T02:52:57.488567+00:00
[2024-10-20T02:52:57.517+0000] {processor.py:179} INFO - Processing /home/airflow/.local/lib/python3.8/site-packages/airflow/example_dags/example_short_circuit_decorator.py took 0.096 seconds
[2024-10-20T02:53:27.561+0000] {processor.py:157} INFO - Started process (PID=882) to work on /home/airflow/.local/lib/python3.8/site-packages/airflow/example_dags/example_short_circuit_decorator.py
[2024-10-20T02:53:27.562+0000] {processor.py:829} INFO - Processing file /home/airflow/.local/lib/python3.8/site-packages/airflow/example_dags/example_short_circuit_decorator.py for tasks to queue
[2024-10-20T02:53:27.565+0000] {logging_mixin.py:154} INFO - [2024-10-20T02:53:27.565+0000] {dagbag.py:536} INFO - Filling up the DagBag from /home/airflow/.local/lib/python3.8/site-packages/airflow/example_dags/example_short_circuit_decorator.py
[2024-10-20T02:53:27.573+0000] {processor.py:839} INFO - DAG(s) dict_keys(['example_short_circuit_decorator']) retrieved from /home/airflow/.local/lib/python3.8/site-packages/airflow/example_dags/example_short_circuit_decorator.py
[2024-10-20T02:53:27.599+0000] {logging_mixin.py:154} INFO - [2024-10-20T02:53:27.599+0000] {dag.py:2941} INFO - Sync 1 DAGs
[2024-10-20T02:53:27.621+0000] {logging_mixin.py:154} INFO - [2024-10-20T02:53:27.621+0000] {dag.py:3722} INFO - Setting next_dagrun for example_short_circuit_decorator to 2024-10-19T02:53:27.621059+00:00, run_after=2024-10-20T02:53:27.621059+00:00
[2024-10-20T02:53:27.645+0000] {processor.py:179} INFO - Processing /home/airflow/.local/lib/python3.8/site-packages/airflow/example_dags/example_short_circuit_decorator.py took 0.087 seconds
[2024-10-20T02:53:58.304+0000] {processor.py:157} INFO - Started process (PID=938) to work on /home/airflow/.local/lib/python3.8/site-packages/airflow/example_dags/example_short_circuit_decorator.py
[2024-10-20T02:53:58.305+0000] {processor.py:829} INFO - Processing file /home/airflow/.local/lib/python3.8/site-packages/airflow/example_dags/example_short_circuit_decorator.py for tasks to queue
[2024-10-20T02:53:58.307+0000] {logging_mixin.py:154} INFO - [2024-10-20T02:53:58.307+0000] {dagbag.py:536} INFO - Filling up the DagBag from /home/airflow/.local/lib/python3.8/site-packages/airflow/example_dags/example_short_circuit_decorator.py
[2024-10-20T02:53:58.317+0000] {processor.py:839} INFO - DAG(s) dict_keys(['example_short_circuit_decorator']) retrieved from /home/airflow/.local/lib/python3.8/site-packages/airflow/example_dags/example_short_circuit_decorator.py
[2024-10-20T02:53:58.344+0000] {logging_mixin.py:154} INFO - [2024-10-20T02:53:58.344+0000] {dag.py:2941} INFO - Sync 1 DAGs
[2024-10-20T02:53:58.368+0000] {logging_mixin.py:154} INFO - [2024-10-20T02:53:58.368+0000] {dag.py:3722} INFO - Setting next_dagrun for example_short_circuit_decorator to 2024-10-19T02:53:58.367985+00:00, run_after=2024-10-20T02:53:58.367985+00:00
[2024-10-20T02:53:58.395+0000] {processor.py:179} INFO - Processing /home/airflow/.local/lib/python3.8/site-packages/airflow/example_dags/example_short_circuit_decorator.py took 0.094 seconds
[2024-10-20T02:54:29.138+0000] {processor.py:157} INFO - Started process (PID=994) to work on /home/airflow/.local/lib/python3.8/site-packages/airflow/example_dags/example_short_circuit_decorator.py
[2024-10-20T02:54:29.140+0000] {processor.py:829} INFO - Processing file /home/airflow/.local/lib/python3.8/site-packages/airflow/example_dags/example_short_circuit_decorator.py for tasks to queue
[2024-10-20T02:54:29.145+0000] {logging_mixin.py:154} INFO - [2024-10-20T02:54:29.145+0000] {dagbag.py:536} INFO - Filling up the DagBag from /home/airflow/.local/lib/python3.8/site-packages/airflow/example_dags/example_short_circuit_decorator.py
[2024-10-20T02:54:29.159+0000] {processor.py:839} INFO - DAG(s) dict_keys(['example_short_circuit_decorator']) retrieved from /home/airflow/.local/lib/python3.8/site-packages/airflow/example_dags/example_short_circuit_decorator.py
[2024-10-20T02:54:29.190+0000] {logging_mixin.py:154} INFO - [2024-10-20T02:54:29.189+0000] {dag.py:2941} INFO - Sync 1 DAGs
[2024-10-20T02:54:29.220+0000] {logging_mixin.py:154} INFO - [2024-10-20T02:54:29.220+0000] {dag.py:3722} INFO - Setting next_dagrun for example_short_circuit_decorator to 2024-10-19T02:54:29.219656+00:00, run_after=2024-10-20T02:54:29.219656+00:00
[2024-10-20T02:54:29.780+0000] {processor.py:179} INFO - Processing /home/airflow/.local/lib/python3.8/site-packages/airflow/example_dags/example_short_circuit_decorator.py took 0.651 seconds
[2024-10-20T02:54:59.964+0000] {processor.py:157} INFO - Started process (PID=1050) to work on /home/airflow/.local/lib/python3.8/site-packages/airflow/example_dags/example_short_circuit_decorator.py
[2024-10-20T02:54:59.965+0000] {processor.py:829} INFO - Processing file /home/airflow/.local/lib/python3.8/site-packages/airflow/example_dags/example_short_circuit_decorator.py for tasks to queue
[2024-10-20T02:54:59.968+0000] {logging_mixin.py:154} INFO - [2024-10-20T02:54:59.968+0000] {dagbag.py:536} INFO - Filling up the DagBag from /home/airflow/.local/lib/python3.8/site-packages/airflow/example_dags/example_short_circuit_decorator.py
[2024-10-20T02:54:59.978+0000] {processor.py:839} INFO - DAG(s) dict_keys(['example_short_circuit_decorator']) retrieved from /home/airflow/.local/lib/python3.8/site-packages/airflow/example_dags/example_short_circuit_decorator.py
[2024-10-20T02:55:00.006+0000] {logging_mixin.py:154} INFO - [2024-10-20T02:55:00.006+0000] {dag.py:2941} INFO - Sync 1 DAGs
[2024-10-20T02:55:00.038+0000] {logging_mixin.py:154} INFO - [2024-10-20T02:55:00.038+0000] {dag.py:3722} INFO - Setting next_dagrun for example_short_circuit_decorator to 2024-10-19T02:55:00.038120+00:00, run_after=2024-10-20T02:55:00.038120+00:00
[2024-10-20T02:55:00.068+0000] {processor.py:179} INFO - Processing /home/airflow/.local/lib/python3.8/site-packages/airflow/example_dags/example_short_circuit_decorator.py took 0.108 seconds
[2024-10-20T02:55:30.996+0000] {processor.py:157} INFO - Started process (PID=1108) to work on /home/airflow/.local/lib/python3.8/site-packages/airflow/example_dags/example_short_circuit_decorator.py
[2024-10-20T02:55:30.997+0000] {processor.py:829} INFO - Processing file /home/airflow/.local/lib/python3.8/site-packages/airflow/example_dags/example_short_circuit_decorator.py for tasks to queue
[2024-10-20T02:55:31.000+0000] {logging_mixin.py:154} INFO - [2024-10-20T02:55:31.000+0000] {dagbag.py:536} INFO - Filling up the DagBag from /home/airflow/.local/lib/python3.8/site-packages/airflow/example_dags/example_short_circuit_decorator.py
[2024-10-20T02:55:31.010+0000] {processor.py:839} INFO - DAG(s) dict_keys(['example_short_circuit_decorator']) retrieved from /home/airflow/.local/lib/python3.8/site-packages/airflow/example_dags/example_short_circuit_decorator.py
[2024-10-20T02:55:31.038+0000] {logging_mixin.py:154} INFO - [2024-10-20T02:55:31.037+0000] {dag.py:2941} INFO - Sync 1 DAGs
[2024-10-20T02:55:31.063+0000] {logging_mixin.py:154} INFO - [2024-10-20T02:55:31.063+0000] {dag.py:3722} INFO - Setting next_dagrun for example_short_circuit_decorator to 2024-10-19T02:55:31.062940+00:00, run_after=2024-10-20T02:55:31.062940+00:00
[2024-10-20T02:55:31.090+0000] {processor.py:179} INFO - Processing /home/airflow/.local/lib/python3.8/site-packages/airflow/example_dags/example_short_circuit_decorator.py took 0.097 seconds
[2024-10-20T02:56:01.802+0000] {processor.py:157} INFO - Started process (PID=1168) to work on /home/airflow/.local/lib/python3.8/site-packages/airflow/example_dags/example_short_circuit_decorator.py
[2024-10-20T02:56:01.803+0000] {processor.py:829} INFO - Processing file /home/airflow/.local/lib/python3.8/site-packages/airflow/example_dags/example_short_circuit_decorator.py for tasks to queue
[2024-10-20T02:56:01.806+0000] {logging_mixin.py:154} INFO - [2024-10-20T02:56:01.805+0000] {dagbag.py:536} INFO - Filling up the DagBag from /home/airflow/.local/lib/python3.8/site-packages/airflow/example_dags/example_short_circuit_decorator.py
[2024-10-20T02:56:01.816+0000] {processor.py:839} INFO - DAG(s) dict_keys(['example_short_circuit_decorator']) retrieved from /home/airflow/.local/lib/python3.8/site-packages/airflow/example_dags/example_short_circuit_decorator.py
[2024-10-20T02:56:01.845+0000] {logging_mixin.py:154} INFO - [2024-10-20T02:56:01.845+0000] {dag.py:2941} INFO - Sync 1 DAGs
[2024-10-20T02:56:01.871+0000] {logging_mixin.py:154} INFO - [2024-10-20T02:56:01.871+0000] {dag.py:3722} INFO - Setting next_dagrun for example_short_circuit_decorator to 2024-10-19T02:56:01.871117+00:00, run_after=2024-10-20T02:56:01.871117+00:00
[2024-10-20T02:56:01.898+0000] {processor.py:179} INFO - Processing /home/airflow/.local/lib/python3.8/site-packages/airflow/example_dags/example_short_circuit_decorator.py took 0.101 seconds
[2024-10-20T02:56:31.952+0000] {processor.py:157} INFO - Started process (PID=1224) to work on /home/airflow/.local/lib/python3.8/site-packages/airflow/example_dags/example_short_circuit_decorator.py
[2024-10-20T02:56:31.954+0000] {processor.py:829} INFO - Processing file /home/airflow/.local/lib/python3.8/site-packages/airflow/example_dags/example_short_circuit_decorator.py for tasks to queue
[2024-10-20T02:56:31.957+0000] {logging_mixin.py:154} INFO - [2024-10-20T02:56:31.956+0000] {dagbag.py:536} INFO - Filling up the DagBag from /home/airflow/.local/lib/python3.8/site-packages/airflow/example_dags/example_short_circuit_decorator.py
[2024-10-20T02:56:31.968+0000] {processor.py:839} INFO - DAG(s) dict_keys(['example_short_circuit_decorator']) retrieved from /home/airflow/.local/lib/python3.8/site-packages/airflow/example_dags/example_short_circuit_decorator.py
[2024-10-20T02:56:31.998+0000] {logging_mixin.py:154} INFO - [2024-10-20T02:56:31.997+0000] {dag.py:2941} INFO - Sync 1 DAGs
[2024-10-20T02:56:32.262+0000] {logging_mixin.py:154} INFO - [2024-10-20T02:56:32.262+0000] {dag.py:3722} INFO - Setting next_dagrun for example_short_circuit_decorator to 2024-10-19T02:56:32.261960+00:00, run_after=2024-10-20T02:56:32.261960+00:00
[2024-10-20T02:56:32.295+0000] {processor.py:179} INFO - Processing /home/airflow/.local/lib/python3.8/site-packages/airflow/example_dags/example_short_circuit_decorator.py took 0.349 seconds
[2024-10-20T02:57:02.764+0000] {processor.py:157} INFO - Started process (PID=1280) to work on /home/airflow/.local/lib/python3.8/site-packages/airflow/example_dags/example_short_circuit_decorator.py
[2024-10-20T02:57:02.765+0000] {processor.py:829} INFO - Processing file /home/airflow/.local/lib/python3.8/site-packages/airflow/example_dags/example_short_circuit_decorator.py for tasks to queue
[2024-10-20T02:57:02.768+0000] {logging_mixin.py:154} INFO - [2024-10-20T02:57:02.767+0000] {dagbag.py:536} INFO - Filling up the DagBag from /home/airflow/.local/lib/python3.8/site-packages/airflow/example_dags/example_short_circuit_decorator.py
[2024-10-20T02:57:02.777+0000] {processor.py:839} INFO - DAG(s) dict_keys(['example_short_circuit_decorator']) retrieved from /home/airflow/.local/lib/python3.8/site-packages/airflow/example_dags/example_short_circuit_decorator.py
[2024-10-20T02:57:02.804+0000] {logging_mixin.py:154} INFO - [2024-10-20T02:57:02.803+0000] {dag.py:2941} INFO - Sync 1 DAGs
[2024-10-20T02:57:02.851+0000] {logging_mixin.py:154} INFO - [2024-10-20T02:57:02.850+0000] {dag.py:3722} INFO - Setting next_dagrun for example_short_circuit_decorator to 2024-10-19T02:57:02.850046+00:00, run_after=2024-10-20T02:57:02.850046+00:00
[2024-10-20T02:57:03.071+0000] {processor.py:179} INFO - Processing /home/airflow/.local/lib/python3.8/site-packages/airflow/example_dags/example_short_circuit_decorator.py took 0.309 seconds
[2024-10-20T02:57:33.996+0000] {processor.py:157} INFO - Started process (PID=1338) to work on /home/airflow/.local/lib/python3.8/site-packages/airflow/example_dags/example_short_circuit_decorator.py
[2024-10-20T02:57:33.997+0000] {processor.py:829} INFO - Processing file /home/airflow/.local/lib/python3.8/site-packages/airflow/example_dags/example_short_circuit_decorator.py for tasks to queue
[2024-10-20T02:57:34.000+0000] {logging_mixin.py:154} INFO - [2024-10-20T02:57:33.999+0000] {dagbag.py:536} INFO - Filling up the DagBag from /home/airflow/.local/lib/python3.8/site-packages/airflow/example_dags/example_short_circuit_decorator.py
[2024-10-20T02:57:34.009+0000] {processor.py:839} INFO - DAG(s) dict_keys(['example_short_circuit_decorator']) retrieved from /home/airflow/.local/lib/python3.8/site-packages/airflow/example_dags/example_short_circuit_decorator.py
[2024-10-20T02:57:34.034+0000] {logging_mixin.py:154} INFO - [2024-10-20T02:57:34.034+0000] {dag.py:2941} INFO - Sync 1 DAGs
[2024-10-20T02:57:34.056+0000] {logging_mixin.py:154} INFO - [2024-10-20T02:57:34.056+0000] {dag.py:3722} INFO - Setting next_dagrun for example_short_circuit_decorator to 2024-10-19T02:57:34.055996+00:00, run_after=2024-10-20T02:57:34.055996+00:00
[2024-10-20T02:57:34.080+0000] {processor.py:179} INFO - Processing /home/airflow/.local/lib/python3.8/site-packages/airflow/example_dags/example_short_circuit_decorator.py took 0.086 seconds
[2024-10-20T02:58:04.791+0000] {processor.py:157} INFO - Started process (PID=1394) to work on /home/airflow/.local/lib/python3.8/site-packages/airflow/example_dags/example_short_circuit_decorator.py
[2024-10-20T02:58:04.792+0000] {processor.py:829} INFO - Processing file /home/airflow/.local/lib/python3.8/site-packages/airflow/example_dags/example_short_circuit_decorator.py for tasks to queue
[2024-10-20T02:58:04.794+0000] {logging_mixin.py:154} INFO - [2024-10-20T02:58:04.794+0000] {dagbag.py:536} INFO - Filling up the DagBag from /home/airflow/.local/lib/python3.8/site-packages/airflow/example_dags/example_short_circuit_decorator.py
[2024-10-20T02:58:05.002+0000] {processor.py:839} INFO - DAG(s) dict_keys(['example_short_circuit_decorator']) retrieved from /home/airflow/.local/lib/python3.8/site-packages/airflow/example_dags/example_short_circuit_decorator.py
[2024-10-20T02:58:05.026+0000] {logging_mixin.py:154} INFO - [2024-10-20T02:58:05.025+0000] {dag.py:2941} INFO - Sync 1 DAGs
[2024-10-20T02:58:05.052+0000] {logging_mixin.py:154} INFO - [2024-10-20T02:58:05.051+0000] {dag.py:3722} INFO - Setting next_dagrun for example_short_circuit_decorator to 2024-10-19T02:58:05.051576+00:00, run_after=2024-10-20T02:58:05.051576+00:00
[2024-10-20T02:58:05.080+0000] {processor.py:179} INFO - Processing /home/airflow/.local/lib/python3.8/site-packages/airflow/example_dags/example_short_circuit_decorator.py took 0.292 seconds
[2024-10-20T02:58:36.022+0000] {processor.py:157} INFO - Started process (PID=1450) to work on /home/airflow/.local/lib/python3.8/site-packages/airflow/example_dags/example_short_circuit_decorator.py
[2024-10-20T02:58:36.023+0000] {processor.py:829} INFO - Processing file /home/airflow/.local/lib/python3.8/site-packages/airflow/example_dags/example_short_circuit_decorator.py for tasks to queue
[2024-10-20T02:58:36.025+0000] {logging_mixin.py:154} INFO - [2024-10-20T02:58:36.025+0000] {dagbag.py:536} INFO - Filling up the DagBag from /home/airflow/.local/lib/python3.8/site-packages/airflow/example_dags/example_short_circuit_decorator.py
[2024-10-20T02:58:36.035+0000] {processor.py:839} INFO - DAG(s) dict_keys(['example_short_circuit_decorator']) retrieved from /home/airflow/.local/lib/python3.8/site-packages/airflow/example_dags/example_short_circuit_decorator.py
[2024-10-20T02:58:36.061+0000] {logging_mixin.py:154} INFO - [2024-10-20T02:58:36.061+0000] {dag.py:2941} INFO - Sync 1 DAGs
[2024-10-20T02:58:36.093+0000] {logging_mixin.py:154} INFO - [2024-10-20T02:58:36.092+0000] {dag.py:3722} INFO - Setting next_dagrun for example_short_circuit_decorator to 2024-10-19T02:58:36.092441+00:00, run_after=2024-10-20T02:58:36.092441+00:00
[2024-10-20T02:58:36.120+0000] {processor.py:179} INFO - Processing /home/airflow/.local/lib/python3.8/site-packages/airflow/example_dags/example_short_circuit_decorator.py took 0.102 seconds
[2024-10-20T02:59:53.847+0000] {processor.py:157} INFO - Started process (PID=101) to work on /home/airflow/.local/lib/python3.8/site-packages/airflow/example_dags/example_short_circuit_decorator.py
[2024-10-20T02:59:53.852+0000] {processor.py:829} INFO - Processing file /home/airflow/.local/lib/python3.8/site-packages/airflow/example_dags/example_short_circuit_decorator.py for tasks to queue
[2024-10-20T02:59:53.868+0000] {logging_mixin.py:154} INFO - [2024-10-20T02:59:53.867+0000] {dagbag.py:536} INFO - Filling up the DagBag from /home/airflow/.local/lib/python3.8/site-packages/airflow/example_dags/example_short_circuit_decorator.py
[2024-10-20T02:59:53.914+0000] {processor.py:839} INFO - DAG(s) dict_keys(['example_short_circuit_decorator']) retrieved from /home/airflow/.local/lib/python3.8/site-packages/airflow/example_dags/example_short_circuit_decorator.py
[2024-10-20T02:59:53.981+0000] {logging_mixin.py:154} INFO - [2024-10-20T02:59:53.980+0000] {dag.py:2941} INFO - Sync 1 DAGs
[2024-10-20T02:59:54.051+0000] {logging_mixin.py:154} INFO - [2024-10-20T02:59:54.050+0000] {dag.py:3722} INFO - Setting next_dagrun for example_short_circuit_decorator to 2024-10-19T02:59:54.050441+00:00, run_after=2024-10-20T02:59:54.050441+00:00
[2024-10-20T02:59:54.096+0000] {processor.py:179} INFO - Processing /home/airflow/.local/lib/python3.8/site-packages/airflow/example_dags/example_short_circuit_decorator.py took 0.276 seconds
[2024-10-20T03:00:25.288+0000] {processor.py:157} INFO - Started process (PID=157) to work on /home/airflow/.local/lib/python3.8/site-packages/airflow/example_dags/example_short_circuit_decorator.py
[2024-10-20T03:00:25.291+0000] {processor.py:829} INFO - Processing file /home/airflow/.local/lib/python3.8/site-packages/airflow/example_dags/example_short_circuit_decorator.py for tasks to queue
[2024-10-20T03:00:25.295+0000] {logging_mixin.py:154} INFO - [2024-10-20T03:00:25.294+0000] {dagbag.py:536} INFO - Filling up the DagBag from /home/airflow/.local/lib/python3.8/site-packages/airflow/example_dags/example_short_circuit_decorator.py
[2024-10-20T03:00:25.308+0000] {processor.py:839} INFO - DAG(s) dict_keys(['example_short_circuit_decorator']) retrieved from /home/airflow/.local/lib/python3.8/site-packages/airflow/example_dags/example_short_circuit_decorator.py
[2024-10-20T03:00:25.367+0000] {logging_mixin.py:154} INFO - [2024-10-20T03:00:25.366+0000] {dag.py:2941} INFO - Sync 1 DAGs
[2024-10-20T03:00:25.403+0000] {logging_mixin.py:154} INFO - [2024-10-20T03:00:25.403+0000] {dag.py:3722} INFO - Setting next_dagrun for example_short_circuit_decorator to 2024-10-19T03:00:25.402971+00:00, run_after=2024-10-20T03:00:25.402971+00:00
[2024-10-20T03:00:25.443+0000] {processor.py:179} INFO - Processing /home/airflow/.local/lib/python3.8/site-packages/airflow/example_dags/example_short_circuit_decorator.py took 0.160 seconds
[2024-10-20T03:00:55.737+0000] {processor.py:157} INFO - Started process (PID=213) to work on /home/airflow/.local/lib/python3.8/site-packages/airflow/example_dags/example_short_circuit_decorator.py
[2024-10-20T03:00:55.738+0000] {processor.py:829} INFO - Processing file /home/airflow/.local/lib/python3.8/site-packages/airflow/example_dags/example_short_circuit_decorator.py for tasks to queue
[2024-10-20T03:00:55.741+0000] {logging_mixin.py:154} INFO - [2024-10-20T03:00:55.741+0000] {dagbag.py:536} INFO - Filling up the DagBag from /home/airflow/.local/lib/python3.8/site-packages/airflow/example_dags/example_short_circuit_decorator.py
[2024-10-20T03:00:55.750+0000] {processor.py:839} INFO - DAG(s) dict_keys(['example_short_circuit_decorator']) retrieved from /home/airflow/.local/lib/python3.8/site-packages/airflow/example_dags/example_short_circuit_decorator.py
[2024-10-20T03:00:55.778+0000] {logging_mixin.py:154} INFO - [2024-10-20T03:00:55.778+0000] {dag.py:2941} INFO - Sync 1 DAGs
[2024-10-20T03:00:55.816+0000] {logging_mixin.py:154} INFO - [2024-10-20T03:00:55.816+0000] {dag.py:3722} INFO - Setting next_dagrun for example_short_circuit_decorator to 2024-10-19T03:00:55.816276+00:00, run_after=2024-10-20T03:00:55.816276+00:00
[2024-10-20T03:00:55.845+0000] {processor.py:179} INFO - Processing /home/airflow/.local/lib/python3.8/site-packages/airflow/example_dags/example_short_circuit_decorator.py took 0.111 seconds
[2024-10-20T03:01:26.703+0000] {processor.py:157} INFO - Started process (PID=269) to work on /home/airflow/.local/lib/python3.8/site-packages/airflow/example_dags/example_short_circuit_decorator.py
[2024-10-20T03:01:26.704+0000] {processor.py:829} INFO - Processing file /home/airflow/.local/lib/python3.8/site-packages/airflow/example_dags/example_short_circuit_decorator.py for tasks to queue
[2024-10-20T03:01:26.707+0000] {logging_mixin.py:154} INFO - [2024-10-20T03:01:26.706+0000] {dagbag.py:536} INFO - Filling up the DagBag from /home/airflow/.local/lib/python3.8/site-packages/airflow/example_dags/example_short_circuit_decorator.py
[2024-10-20T03:01:26.717+0000] {processor.py:839} INFO - DAG(s) dict_keys(['example_short_circuit_decorator']) retrieved from /home/airflow/.local/lib/python3.8/site-packages/airflow/example_dags/example_short_circuit_decorator.py
[2024-10-20T03:01:26.744+0000] {logging_mixin.py:154} INFO - [2024-10-20T03:01:26.744+0000] {dag.py:2941} INFO - Sync 1 DAGs
[2024-10-20T03:01:26.771+0000] {logging_mixin.py:154} INFO - [2024-10-20T03:01:26.771+0000] {dag.py:3722} INFO - Setting next_dagrun for example_short_circuit_decorator to 2024-10-19T03:01:26.770802+00:00, run_after=2024-10-20T03:01:26.770802+00:00
[2024-10-20T03:01:26.799+0000] {processor.py:179} INFO - Processing /home/airflow/.local/lib/python3.8/site-packages/airflow/example_dags/example_short_circuit_decorator.py took 0.100 seconds
[2024-10-20T03:01:57.009+0000] {processor.py:157} INFO - Started process (PID=325) to work on /home/airflow/.local/lib/python3.8/site-packages/airflow/example_dags/example_short_circuit_decorator.py
[2024-10-20T03:01:57.010+0000] {processor.py:829} INFO - Processing file /home/airflow/.local/lib/python3.8/site-packages/airflow/example_dags/example_short_circuit_decorator.py for tasks to queue
[2024-10-20T03:01:57.014+0000] {logging_mixin.py:154} INFO - [2024-10-20T03:01:57.013+0000] {dagbag.py:536} INFO - Filling up the DagBag from /home/airflow/.local/lib/python3.8/site-packages/airflow/example_dags/example_short_circuit_decorator.py
[2024-10-20T03:01:57.025+0000] {processor.py:839} INFO - DAG(s) dict_keys(['example_short_circuit_decorator']) retrieved from /home/airflow/.local/lib/python3.8/site-packages/airflow/example_dags/example_short_circuit_decorator.py
[2024-10-20T03:01:57.053+0000] {logging_mixin.py:154} INFO - [2024-10-20T03:01:57.053+0000] {dag.py:2941} INFO - Sync 1 DAGs
[2024-10-20T03:01:57.083+0000] {logging_mixin.py:154} INFO - [2024-10-20T03:01:57.083+0000] {dag.py:3722} INFO - Setting next_dagrun for example_short_circuit_decorator to 2024-10-19T03:01:57.082840+00:00, run_after=2024-10-20T03:01:57.082840+00:00
[2024-10-20T03:01:57.116+0000] {processor.py:179} INFO - Processing /home/airflow/.local/lib/python3.8/site-packages/airflow/example_dags/example_short_circuit_decorator.py took 0.110 seconds
[2024-10-20T03:02:27.583+0000] {processor.py:157} INFO - Started process (PID=385) to work on /home/airflow/.local/lib/python3.8/site-packages/airflow/example_dags/example_short_circuit_decorator.py
[2024-10-20T03:02:27.584+0000] {processor.py:829} INFO - Processing file /home/airflow/.local/lib/python3.8/site-packages/airflow/example_dags/example_short_circuit_decorator.py for tasks to queue
[2024-10-20T03:02:27.587+0000] {logging_mixin.py:154} INFO - [2024-10-20T03:02:27.587+0000] {dagbag.py:536} INFO - Filling up the DagBag from /home/airflow/.local/lib/python3.8/site-packages/airflow/example_dags/example_short_circuit_decorator.py
[2024-10-20T03:02:27.600+0000] {processor.py:839} INFO - DAG(s) dict_keys(['example_short_circuit_decorator']) retrieved from /home/airflow/.local/lib/python3.8/site-packages/airflow/example_dags/example_short_circuit_decorator.py
[2024-10-20T03:02:27.634+0000] {logging_mixin.py:154} INFO - [2024-10-20T03:02:27.634+0000] {dag.py:2941} INFO - Sync 1 DAGs
[2024-10-20T03:02:27.665+0000] {logging_mixin.py:154} INFO - [2024-10-20T03:02:27.664+0000] {dag.py:3722} INFO - Setting next_dagrun for example_short_circuit_decorator to 2024-10-19T03:02:27.664579+00:00, run_after=2024-10-20T03:02:27.664579+00:00
[2024-10-20T03:02:27.697+0000] {processor.py:179} INFO - Processing /home/airflow/.local/lib/python3.8/site-packages/airflow/example_dags/example_short_circuit_decorator.py took 0.117 seconds
[2024-10-20T03:02:58.304+0000] {processor.py:157} INFO - Started process (PID=441) to work on /home/airflow/.local/lib/python3.8/site-packages/airflow/example_dags/example_short_circuit_decorator.py
[2024-10-20T03:02:58.305+0000] {processor.py:829} INFO - Processing file /home/airflow/.local/lib/python3.8/site-packages/airflow/example_dags/example_short_circuit_decorator.py for tasks to queue
[2024-10-20T03:02:58.307+0000] {logging_mixin.py:154} INFO - [2024-10-20T03:02:58.307+0000] {dagbag.py:536} INFO - Filling up the DagBag from /home/airflow/.local/lib/python3.8/site-packages/airflow/example_dags/example_short_circuit_decorator.py
[2024-10-20T03:02:58.317+0000] {processor.py:839} INFO - DAG(s) dict_keys(['example_short_circuit_decorator']) retrieved from /home/airflow/.local/lib/python3.8/site-packages/airflow/example_dags/example_short_circuit_decorator.py
[2024-10-20T03:02:58.341+0000] {logging_mixin.py:154} INFO - [2024-10-20T03:02:58.341+0000] {dag.py:2941} INFO - Sync 1 DAGs
[2024-10-20T03:02:58.365+0000] {logging_mixin.py:154} INFO - [2024-10-20T03:02:58.365+0000] {dag.py:3722} INFO - Setting next_dagrun for example_short_circuit_decorator to 2024-10-19T03:02:58.365052+00:00, run_after=2024-10-20T03:02:58.365052+00:00
[2024-10-20T03:02:58.389+0000] {processor.py:179} INFO - Processing /home/airflow/.local/lib/python3.8/site-packages/airflow/example_dags/example_short_circuit_decorator.py took 0.088 seconds
[2024-10-20T03:03:29.024+0000] {processor.py:157} INFO - Started process (PID=497) to work on /home/airflow/.local/lib/python3.8/site-packages/airflow/example_dags/example_short_circuit_decorator.py
[2024-10-20T03:03:29.025+0000] {processor.py:829} INFO - Processing file /home/airflow/.local/lib/python3.8/site-packages/airflow/example_dags/example_short_circuit_decorator.py for tasks to queue
[2024-10-20T03:03:29.028+0000] {logging_mixin.py:154} INFO - [2024-10-20T03:03:29.027+0000] {dagbag.py:536} INFO - Filling up the DagBag from /home/airflow/.local/lib/python3.8/site-packages/airflow/example_dags/example_short_circuit_decorator.py
[2024-10-20T03:03:29.037+0000] {processor.py:839} INFO - DAG(s) dict_keys(['example_short_circuit_decorator']) retrieved from /home/airflow/.local/lib/python3.8/site-packages/airflow/example_dags/example_short_circuit_decorator.py
[2024-10-20T03:03:29.061+0000] {logging_mixin.py:154} INFO - [2024-10-20T03:03:29.061+0000] {dag.py:2941} INFO - Sync 1 DAGs
[2024-10-20T03:03:29.084+0000] {logging_mixin.py:154} INFO - [2024-10-20T03:03:29.083+0000] {dag.py:3722} INFO - Setting next_dagrun for example_short_circuit_decorator to 2024-10-19T03:03:29.083741+00:00, run_after=2024-10-20T03:03:29.083741+00:00
[2024-10-20T03:03:29.106+0000] {processor.py:179} INFO - Processing /home/airflow/.local/lib/python3.8/site-packages/airflow/example_dags/example_short_circuit_decorator.py took 0.085 seconds
[2024-10-20T03:03:59.441+0000] {processor.py:157} INFO - Started process (PID=553) to work on /home/airflow/.local/lib/python3.8/site-packages/airflow/example_dags/example_short_circuit_decorator.py
[2024-10-20T03:03:59.442+0000] {processor.py:829} INFO - Processing file /home/airflow/.local/lib/python3.8/site-packages/airflow/example_dags/example_short_circuit_decorator.py for tasks to queue
[2024-10-20T03:03:59.444+0000] {logging_mixin.py:154} INFO - [2024-10-20T03:03:59.444+0000] {dagbag.py:536} INFO - Filling up the DagBag from /home/airflow/.local/lib/python3.8/site-packages/airflow/example_dags/example_short_circuit_decorator.py
[2024-10-20T03:03:59.453+0000] {processor.py:839} INFO - DAG(s) dict_keys(['example_short_circuit_decorator']) retrieved from /home/airflow/.local/lib/python3.8/site-packages/airflow/example_dags/example_short_circuit_decorator.py
[2024-10-20T03:03:59.477+0000] {logging_mixin.py:154} INFO - [2024-10-20T03:03:59.477+0000] {dag.py:2941} INFO - Sync 1 DAGs
[2024-10-20T03:03:59.501+0000] {logging_mixin.py:154} INFO - [2024-10-20T03:03:59.501+0000] {dag.py:3722} INFO - Setting next_dagrun for example_short_circuit_decorator to 2024-10-19T03:03:59.501079+00:00, run_after=2024-10-20T03:03:59.501079+00:00
[2024-10-20T03:03:59.526+0000] {processor.py:179} INFO - Processing /home/airflow/.local/lib/python3.8/site-packages/airflow/example_dags/example_short_circuit_decorator.py took 0.089 seconds
[2024-10-20T03:04:29.968+0000] {processor.py:157} INFO - Started process (PID=609) to work on /home/airflow/.local/lib/python3.8/site-packages/airflow/example_dags/example_short_circuit_decorator.py
[2024-10-20T03:04:29.969+0000] {processor.py:829} INFO - Processing file /home/airflow/.local/lib/python3.8/site-packages/airflow/example_dags/example_short_circuit_decorator.py for tasks to queue
[2024-10-20T03:04:29.971+0000] {logging_mixin.py:154} INFO - [2024-10-20T03:04:29.971+0000] {dagbag.py:536} INFO - Filling up the DagBag from /home/airflow/.local/lib/python3.8/site-packages/airflow/example_dags/example_short_circuit_decorator.py
[2024-10-20T03:04:29.980+0000] {processor.py:839} INFO - DAG(s) dict_keys(['example_short_circuit_decorator']) retrieved from /home/airflow/.local/lib/python3.8/site-packages/airflow/example_dags/example_short_circuit_decorator.py
[2024-10-20T03:04:30.010+0000] {logging_mixin.py:154} INFO - [2024-10-20T03:04:30.010+0000] {dag.py:2941} INFO - Sync 1 DAGs
[2024-10-20T03:04:30.034+0000] {logging_mixin.py:154} INFO - [2024-10-20T03:04:30.034+0000] {dag.py:3722} INFO - Setting next_dagrun for example_short_circuit_decorator to 2024-10-19T03:04:30.034195+00:00, run_after=2024-10-20T03:04:30.034195+00:00
[2024-10-20T03:04:30.056+0000] {processor.py:179} INFO - Processing /home/airflow/.local/lib/python3.8/site-packages/airflow/example_dags/example_short_circuit_decorator.py took 0.091 seconds
[2024-10-20T03:05:00.265+0000] {processor.py:157} INFO - Started process (PID=665) to work on /home/airflow/.local/lib/python3.8/site-packages/airflow/example_dags/example_short_circuit_decorator.py
[2024-10-20T03:05:00.266+0000] {processor.py:829} INFO - Processing file /home/airflow/.local/lib/python3.8/site-packages/airflow/example_dags/example_short_circuit_decorator.py for tasks to queue
[2024-10-20T03:05:00.269+0000] {logging_mixin.py:154} INFO - [2024-10-20T03:05:00.269+0000] {dagbag.py:536} INFO - Filling up the DagBag from /home/airflow/.local/lib/python3.8/site-packages/airflow/example_dags/example_short_circuit_decorator.py
[2024-10-20T03:05:00.278+0000] {processor.py:839} INFO - DAG(s) dict_keys(['example_short_circuit_decorator']) retrieved from /home/airflow/.local/lib/python3.8/site-packages/airflow/example_dags/example_short_circuit_decorator.py
[2024-10-20T03:05:00.301+0000] {logging_mixin.py:154} INFO - [2024-10-20T03:05:00.300+0000] {dag.py:2941} INFO - Sync 1 DAGs
[2024-10-20T03:05:00.322+0000] {logging_mixin.py:154} INFO - [2024-10-20T03:05:00.322+0000] {dag.py:3722} INFO - Setting next_dagrun for example_short_circuit_decorator to 2024-10-19T03:05:00.321876+00:00, run_after=2024-10-20T03:05:00.321876+00:00
[2024-10-20T03:05:00.345+0000] {processor.py:179} INFO - Processing /home/airflow/.local/lib/python3.8/site-packages/airflow/example_dags/example_short_circuit_decorator.py took 0.082 seconds
[2024-10-20T03:05:30.403+0000] {processor.py:157} INFO - Started process (PID=719) to work on /home/airflow/.local/lib/python3.8/site-packages/airflow/example_dags/example_short_circuit_decorator.py
[2024-10-20T03:05:30.404+0000] {processor.py:829} INFO - Processing file /home/airflow/.local/lib/python3.8/site-packages/airflow/example_dags/example_short_circuit_decorator.py for tasks to queue
[2024-10-20T03:05:30.406+0000] {logging_mixin.py:154} INFO - [2024-10-20T03:05:30.406+0000] {dagbag.py:536} INFO - Filling up the DagBag from /home/airflow/.local/lib/python3.8/site-packages/airflow/example_dags/example_short_circuit_decorator.py
[2024-10-20T03:05:30.415+0000] {processor.py:839} INFO - DAG(s) dict_keys(['example_short_circuit_decorator']) retrieved from /home/airflow/.local/lib/python3.8/site-packages/airflow/example_dags/example_short_circuit_decorator.py
[2024-10-20T03:05:30.440+0000] {logging_mixin.py:154} INFO - [2024-10-20T03:05:30.439+0000] {dag.py:2941} INFO - Sync 1 DAGs
[2024-10-20T03:05:30.462+0000] {logging_mixin.py:154} INFO - [2024-10-20T03:05:30.461+0000] {dag.py:3722} INFO - Setting next_dagrun for example_short_circuit_decorator to 2024-10-19T03:05:30.461746+00:00, run_after=2024-10-20T03:05:30.461746+00:00
[2024-10-20T03:05:30.487+0000] {processor.py:179} INFO - Processing /home/airflow/.local/lib/python3.8/site-packages/airflow/example_dags/example_short_circuit_decorator.py took 0.088 seconds
[2024-10-20T03:06:00.772+0000] {processor.py:157} INFO - Started process (PID=775) to work on /home/airflow/.local/lib/python3.8/site-packages/airflow/example_dags/example_short_circuit_decorator.py
[2024-10-20T03:06:00.773+0000] {processor.py:829} INFO - Processing file /home/airflow/.local/lib/python3.8/site-packages/airflow/example_dags/example_short_circuit_decorator.py for tasks to queue
[2024-10-20T03:06:00.776+0000] {logging_mixin.py:154} INFO - [2024-10-20T03:06:00.776+0000] {dagbag.py:536} INFO - Filling up the DagBag from /home/airflow/.local/lib/python3.8/site-packages/airflow/example_dags/example_short_circuit_decorator.py
[2024-10-20T03:06:00.786+0000] {processor.py:839} INFO - DAG(s) dict_keys(['example_short_circuit_decorator']) retrieved from /home/airflow/.local/lib/python3.8/site-packages/airflow/example_dags/example_short_circuit_decorator.py
[2024-10-20T03:06:00.812+0000] {logging_mixin.py:154} INFO - [2024-10-20T03:06:00.811+0000] {dag.py:2941} INFO - Sync 1 DAGs
[2024-10-20T03:06:00.834+0000] {logging_mixin.py:154} INFO - [2024-10-20T03:06:00.834+0000] {dag.py:3722} INFO - Setting next_dagrun for example_short_circuit_decorator to 2024-10-19T03:06:00.834149+00:00, run_after=2024-10-20T03:06:00.834149+00:00
[2024-10-20T03:06:00.855+0000] {processor.py:179} INFO - Processing /home/airflow/.local/lib/python3.8/site-packages/airflow/example_dags/example_short_circuit_decorator.py took 0.086 seconds
[2024-10-20T03:06:31.730+0000] {processor.py:157} INFO - Started process (PID=831) to work on /home/airflow/.local/lib/python3.8/site-packages/airflow/example_dags/example_short_circuit_decorator.py
[2024-10-20T03:06:31.731+0000] {processor.py:829} INFO - Processing file /home/airflow/.local/lib/python3.8/site-packages/airflow/example_dags/example_short_circuit_decorator.py for tasks to queue
[2024-10-20T03:06:31.734+0000] {logging_mixin.py:154} INFO - [2024-10-20T03:06:31.734+0000] {dagbag.py:536} INFO - Filling up the DagBag from /home/airflow/.local/lib/python3.8/site-packages/airflow/example_dags/example_short_circuit_decorator.py
[2024-10-20T03:06:31.744+0000] {processor.py:839} INFO - DAG(s) dict_keys(['example_short_circuit_decorator']) retrieved from /home/airflow/.local/lib/python3.8/site-packages/airflow/example_dags/example_short_circuit_decorator.py
[2024-10-20T03:06:31.772+0000] {logging_mixin.py:154} INFO - [2024-10-20T03:06:31.771+0000] {dag.py:2941} INFO - Sync 1 DAGs
[2024-10-20T03:06:31.797+0000] {logging_mixin.py:154} INFO - [2024-10-20T03:06:31.797+0000] {dag.py:3722} INFO - Setting next_dagrun for example_short_circuit_decorator to 2024-10-19T03:06:31.797170+00:00, run_after=2024-10-20T03:06:31.797170+00:00
[2024-10-20T03:06:31.824+0000] {processor.py:179} INFO - Processing /home/airflow/.local/lib/python3.8/site-packages/airflow/example_dags/example_short_circuit_decorator.py took 0.097 seconds
[2024-10-20T03:07:01.988+0000] {processor.py:157} INFO - Started process (PID=887) to work on /home/airflow/.local/lib/python3.8/site-packages/airflow/example_dags/example_short_circuit_decorator.py
[2024-10-20T03:07:01.990+0000] {processor.py:829} INFO - Processing file /home/airflow/.local/lib/python3.8/site-packages/airflow/example_dags/example_short_circuit_decorator.py for tasks to queue
[2024-10-20T03:07:01.992+0000] {logging_mixin.py:154} INFO - [2024-10-20T03:07:01.992+0000] {dagbag.py:536} INFO - Filling up the DagBag from /home/airflow/.local/lib/python3.8/site-packages/airflow/example_dags/example_short_circuit_decorator.py
[2024-10-20T03:07:02.002+0000] {processor.py:839} INFO - DAG(s) dict_keys(['example_short_circuit_decorator']) retrieved from /home/airflow/.local/lib/python3.8/site-packages/airflow/example_dags/example_short_circuit_decorator.py
[2024-10-20T03:07:02.030+0000] {logging_mixin.py:154} INFO - [2024-10-20T03:07:02.030+0000] {dag.py:2941} INFO - Sync 1 DAGs
[2024-10-20T03:07:02.057+0000] {logging_mixin.py:154} INFO - [2024-10-20T03:07:02.057+0000] {dag.py:3722} INFO - Setting next_dagrun for example_short_circuit_decorator to 2024-10-19T03:07:02.057041+00:00, run_after=2024-10-20T03:07:02.057041+00:00
[2024-10-20T03:07:02.089+0000] {processor.py:179} INFO - Processing /home/airflow/.local/lib/python3.8/site-packages/airflow/example_dags/example_short_circuit_decorator.py took 0.105 seconds
[2024-10-20T03:07:32.259+0000] {processor.py:157} INFO - Started process (PID=943) to work on /home/airflow/.local/lib/python3.8/site-packages/airflow/example_dags/example_short_circuit_decorator.py
[2024-10-20T03:07:32.261+0000] {processor.py:829} INFO - Processing file /home/airflow/.local/lib/python3.8/site-packages/airflow/example_dags/example_short_circuit_decorator.py for tasks to queue
[2024-10-20T03:07:32.264+0000] {logging_mixin.py:154} INFO - [2024-10-20T03:07:32.263+0000] {dagbag.py:536} INFO - Filling up the DagBag from /home/airflow/.local/lib/python3.8/site-packages/airflow/example_dags/example_short_circuit_decorator.py
[2024-10-20T03:07:32.273+0000] {processor.py:839} INFO - DAG(s) dict_keys(['example_short_circuit_decorator']) retrieved from /home/airflow/.local/lib/python3.8/site-packages/airflow/example_dags/example_short_circuit_decorator.py
[2024-10-20T03:07:32.296+0000] {logging_mixin.py:154} INFO - [2024-10-20T03:07:32.295+0000] {dag.py:2941} INFO - Sync 1 DAGs
[2024-10-20T03:07:32.318+0000] {logging_mixin.py:154} INFO - [2024-10-20T03:07:32.318+0000] {dag.py:3722} INFO - Setting next_dagrun for example_short_circuit_decorator to 2024-10-19T03:07:32.317711+00:00, run_after=2024-10-20T03:07:32.317711+00:00
[2024-10-20T03:07:32.341+0000] {processor.py:179} INFO - Processing /home/airflow/.local/lib/python3.8/site-packages/airflow/example_dags/example_short_circuit_decorator.py took 0.085 seconds
[2024-10-20T03:08:49.122+0000] {processor.py:157} INFO - Started process (PID=96) to work on /home/airflow/.local/lib/python3.8/site-packages/airflow/example_dags/example_short_circuit_decorator.py
[2024-10-20T03:08:49.124+0000] {processor.py:829} INFO - Processing file /home/airflow/.local/lib/python3.8/site-packages/airflow/example_dags/example_short_circuit_decorator.py for tasks to queue
[2024-10-20T03:08:49.129+0000] {logging_mixin.py:154} INFO - [2024-10-20T03:08:49.128+0000] {dagbag.py:536} INFO - Filling up the DagBag from /home/airflow/.local/lib/python3.8/site-packages/airflow/example_dags/example_short_circuit_decorator.py
[2024-10-20T03:08:49.149+0000] {processor.py:839} INFO - DAG(s) dict_keys(['example_short_circuit_decorator']) retrieved from /home/airflow/.local/lib/python3.8/site-packages/airflow/example_dags/example_short_circuit_decorator.py
[2024-10-20T03:08:49.170+0000] {logging_mixin.py:154} INFO - [2024-10-20T03:08:49.170+0000] {dag.py:2941} INFO - Sync 1 DAGs
[2024-10-20T03:08:49.208+0000] {logging_mixin.py:154} INFO - [2024-10-20T03:08:49.208+0000] {dag.py:3722} INFO - Setting next_dagrun for example_short_circuit_decorator to 2024-10-19T03:08:49.208085+00:00, run_after=2024-10-20T03:08:49.208085+00:00
[2024-10-20T03:08:49.235+0000] {processor.py:179} INFO - Processing /home/airflow/.local/lib/python3.8/site-packages/airflow/example_dags/example_short_circuit_decorator.py took 0.120 seconds
[2024-10-20T03:09:20.303+0000] {processor.py:157} INFO - Started process (PID=152) to work on /home/airflow/.local/lib/python3.8/site-packages/airflow/example_dags/example_short_circuit_decorator.py
[2024-10-20T03:09:20.304+0000] {processor.py:829} INFO - Processing file /home/airflow/.local/lib/python3.8/site-packages/airflow/example_dags/example_short_circuit_decorator.py for tasks to queue
[2024-10-20T03:09:20.307+0000] {logging_mixin.py:154} INFO - [2024-10-20T03:09:20.306+0000] {dagbag.py:536} INFO - Filling up the DagBag from /home/airflow/.local/lib/python3.8/site-packages/airflow/example_dags/example_short_circuit_decorator.py
[2024-10-20T03:09:20.318+0000] {processor.py:839} INFO - DAG(s) dict_keys(['example_short_circuit_decorator']) retrieved from /home/airflow/.local/lib/python3.8/site-packages/airflow/example_dags/example_short_circuit_decorator.py
[2024-10-20T03:09:20.358+0000] {logging_mixin.py:154} INFO - [2024-10-20T03:09:20.357+0000] {dag.py:2941} INFO - Sync 1 DAGs
[2024-10-20T03:09:20.387+0000] {logging_mixin.py:154} INFO - [2024-10-20T03:09:20.387+0000] {dag.py:3722} INFO - Setting next_dagrun for example_short_circuit_decorator to 2024-10-19T03:09:20.387345+00:00, run_after=2024-10-20T03:09:20.387345+00:00
[2024-10-20T03:09:20.418+0000] {processor.py:179} INFO - Processing /home/airflow/.local/lib/python3.8/site-packages/airflow/example_dags/example_short_circuit_decorator.py took 0.119 seconds
[2024-10-20T03:09:50.741+0000] {processor.py:157} INFO - Started process (PID=208) to work on /home/airflow/.local/lib/python3.8/site-packages/airflow/example_dags/example_short_circuit_decorator.py
[2024-10-20T03:09:50.742+0000] {processor.py:829} INFO - Processing file /home/airflow/.local/lib/python3.8/site-packages/airflow/example_dags/example_short_circuit_decorator.py for tasks to queue
[2024-10-20T03:09:50.744+0000] {logging_mixin.py:154} INFO - [2024-10-20T03:09:50.744+0000] {dagbag.py:536} INFO - Filling up the DagBag from /home/airflow/.local/lib/python3.8/site-packages/airflow/example_dags/example_short_circuit_decorator.py
[2024-10-20T03:09:50.753+0000] {processor.py:839} INFO - DAG(s) dict_keys(['example_short_circuit_decorator']) retrieved from /home/airflow/.local/lib/python3.8/site-packages/airflow/example_dags/example_short_circuit_decorator.py
[2024-10-20T03:09:50.780+0000] {logging_mixin.py:154} INFO - [2024-10-20T03:09:50.780+0000] {dag.py:2941} INFO - Sync 1 DAGs
[2024-10-20T03:09:50.801+0000] {logging_mixin.py:154} INFO - [2024-10-20T03:09:50.801+0000] {dag.py:3722} INFO - Setting next_dagrun for example_short_circuit_decorator to 2024-10-19T03:09:50.801497+00:00, run_after=2024-10-20T03:09:50.801497+00:00
[2024-10-20T03:09:50.824+0000] {processor.py:179} INFO - Processing /home/airflow/.local/lib/python3.8/site-packages/airflow/example_dags/example_short_circuit_decorator.py took 0.086 seconds
[2024-10-20T03:10:21.081+0000] {processor.py:157} INFO - Started process (PID=264) to work on /home/airflow/.local/lib/python3.8/site-packages/airflow/example_dags/example_short_circuit_decorator.py
[2024-10-20T03:10:21.082+0000] {processor.py:829} INFO - Processing file /home/airflow/.local/lib/python3.8/site-packages/airflow/example_dags/example_short_circuit_decorator.py for tasks to queue
[2024-10-20T03:10:21.085+0000] {logging_mixin.py:154} INFO - [2024-10-20T03:10:21.085+0000] {dagbag.py:536} INFO - Filling up the DagBag from /home/airflow/.local/lib/python3.8/site-packages/airflow/example_dags/example_short_circuit_decorator.py
[2024-10-20T03:10:21.097+0000] {processor.py:839} INFO - DAG(s) dict_keys(['example_short_circuit_decorator']) retrieved from /home/airflow/.local/lib/python3.8/site-packages/airflow/example_dags/example_short_circuit_decorator.py
[2024-10-20T03:10:21.130+0000] {logging_mixin.py:154} INFO - [2024-10-20T03:10:21.130+0000] {dag.py:2941} INFO - Sync 1 DAGs
[2024-10-20T03:10:21.164+0000] {logging_mixin.py:154} INFO - [2024-10-20T03:10:21.163+0000] {dag.py:3722} INFO - Setting next_dagrun for example_short_circuit_decorator to 2024-10-19T03:10:21.163632+00:00, run_after=2024-10-20T03:10:21.163632+00:00
[2024-10-20T03:10:21.197+0000] {processor.py:179} INFO - Processing /home/airflow/.local/lib/python3.8/site-packages/airflow/example_dags/example_short_circuit_decorator.py took 0.120 seconds
[2024-10-20T03:10:52.077+0000] {processor.py:157} INFO - Started process (PID=320) to work on /home/airflow/.local/lib/python3.8/site-packages/airflow/example_dags/example_short_circuit_decorator.py
[2024-10-20T03:10:52.081+0000] {processor.py:829} INFO - Processing file /home/airflow/.local/lib/python3.8/site-packages/airflow/example_dags/example_short_circuit_decorator.py for tasks to queue
[2024-10-20T03:10:52.085+0000] {logging_mixin.py:154} INFO - [2024-10-20T03:10:52.084+0000] {dagbag.py:536} INFO - Filling up the DagBag from /home/airflow/.local/lib/python3.8/site-packages/airflow/example_dags/example_short_circuit_decorator.py
[2024-10-20T03:10:52.098+0000] {processor.py:839} INFO - DAG(s) dict_keys(['example_short_circuit_decorator']) retrieved from /home/airflow/.local/lib/python3.8/site-packages/airflow/example_dags/example_short_circuit_decorator.py
[2024-10-20T03:10:52.152+0000] {logging_mixin.py:154} INFO - [2024-10-20T03:10:52.151+0000] {dag.py:2941} INFO - Sync 1 DAGs
[2024-10-20T03:10:52.190+0000] {logging_mixin.py:154} INFO - [2024-10-20T03:10:52.190+0000] {dag.py:3722} INFO - Setting next_dagrun for example_short_circuit_decorator to 2024-10-19T03:10:52.189938+00:00, run_after=2024-10-20T03:10:52.189938+00:00
[2024-10-20T03:10:52.232+0000] {processor.py:179} INFO - Processing /home/airflow/.local/lib/python3.8/site-packages/airflow/example_dags/example_short_circuit_decorator.py took 0.170 seconds
[2024-10-20T03:11:22.935+0000] {processor.py:157} INFO - Started process (PID=376) to work on /home/airflow/.local/lib/python3.8/site-packages/airflow/example_dags/example_short_circuit_decorator.py
[2024-10-20T03:11:22.936+0000] {processor.py:829} INFO - Processing file /home/airflow/.local/lib/python3.8/site-packages/airflow/example_dags/example_short_circuit_decorator.py for tasks to queue
[2024-10-20T03:11:22.938+0000] {logging_mixin.py:154} INFO - [2024-10-20T03:11:22.938+0000] {dagbag.py:536} INFO - Filling up the DagBag from /home/airflow/.local/lib/python3.8/site-packages/airflow/example_dags/example_short_circuit_decorator.py
[2024-10-20T03:11:22.947+0000] {processor.py:839} INFO - DAG(s) dict_keys(['example_short_circuit_decorator']) retrieved from /home/airflow/.local/lib/python3.8/site-packages/airflow/example_dags/example_short_circuit_decorator.py
[2024-10-20T03:11:22.970+0000] {logging_mixin.py:154} INFO - [2024-10-20T03:11:22.969+0000] {dag.py:2941} INFO - Sync 1 DAGs
[2024-10-20T03:11:22.991+0000] {logging_mixin.py:154} INFO - [2024-10-20T03:11:22.991+0000] {dag.py:3722} INFO - Setting next_dagrun for example_short_circuit_decorator to 2024-10-19T03:11:22.991432+00:00, run_after=2024-10-20T03:11:22.991432+00:00
[2024-10-20T03:11:23.017+0000] {processor.py:179} INFO - Processing /home/airflow/.local/lib/python3.8/site-packages/airflow/example_dags/example_short_circuit_decorator.py took 0.085 seconds
[2024-10-20T03:11:54.100+0000] {processor.py:157} INFO - Started process (PID=432) to work on /home/airflow/.local/lib/python3.8/site-packages/airflow/example_dags/example_short_circuit_decorator.py
[2024-10-20T03:11:54.101+0000] {processor.py:829} INFO - Processing file /home/airflow/.local/lib/python3.8/site-packages/airflow/example_dags/example_short_circuit_decorator.py for tasks to queue
[2024-10-20T03:11:54.104+0000] {logging_mixin.py:154} INFO - [2024-10-20T03:11:54.104+0000] {dagbag.py:536} INFO - Filling up the DagBag from /home/airflow/.local/lib/python3.8/site-packages/airflow/example_dags/example_short_circuit_decorator.py
[2024-10-20T03:11:54.113+0000] {processor.py:839} INFO - DAG(s) dict_keys(['example_short_circuit_decorator']) retrieved from /home/airflow/.local/lib/python3.8/site-packages/airflow/example_dags/example_short_circuit_decorator.py
[2024-10-20T03:11:54.140+0000] {logging_mixin.py:154} INFO - [2024-10-20T03:11:54.140+0000] {dag.py:2941} INFO - Sync 1 DAGs
[2024-10-20T03:11:54.166+0000] {logging_mixin.py:154} INFO - [2024-10-20T03:11:54.166+0000] {dag.py:3722} INFO - Setting next_dagrun for example_short_circuit_decorator to 2024-10-19T03:11:54.165186+00:00, run_after=2024-10-20T03:11:54.165186+00:00
[2024-10-20T03:11:54.204+0000] {processor.py:179} INFO - Processing /home/airflow/.local/lib/python3.8/site-packages/airflow/example_dags/example_short_circuit_decorator.py took 0.107 seconds
[2024-10-20T03:12:24.503+0000] {processor.py:157} INFO - Started process (PID=488) to work on /home/airflow/.local/lib/python3.8/site-packages/airflow/example_dags/example_short_circuit_decorator.py
[2024-10-20T03:12:24.504+0000] {processor.py:829} INFO - Processing file /home/airflow/.local/lib/python3.8/site-packages/airflow/example_dags/example_short_circuit_decorator.py for tasks to queue
[2024-10-20T03:12:24.506+0000] {logging_mixin.py:154} INFO - [2024-10-20T03:12:24.506+0000] {dagbag.py:536} INFO - Filling up the DagBag from /home/airflow/.local/lib/python3.8/site-packages/airflow/example_dags/example_short_circuit_decorator.py
[2024-10-20T03:12:24.515+0000] {processor.py:839} INFO - DAG(s) dict_keys(['example_short_circuit_decorator']) retrieved from /home/airflow/.local/lib/python3.8/site-packages/airflow/example_dags/example_short_circuit_decorator.py
[2024-10-20T03:12:24.540+0000] {logging_mixin.py:154} INFO - [2024-10-20T03:12:24.540+0000] {dag.py:2941} INFO - Sync 1 DAGs
[2024-10-20T03:12:24.563+0000] {logging_mixin.py:154} INFO - [2024-10-20T03:12:24.563+0000] {dag.py:3722} INFO - Setting next_dagrun for example_short_circuit_decorator to 2024-10-19T03:12:24.562912+00:00, run_after=2024-10-20T03:12:24.562912+00:00
[2024-10-20T03:12:24.587+0000] {processor.py:179} INFO - Processing /home/airflow/.local/lib/python3.8/site-packages/airflow/example_dags/example_short_circuit_decorator.py took 0.087 seconds
[2024-10-20T03:12:55.179+0000] {processor.py:157} INFO - Started process (PID=544) to work on /home/airflow/.local/lib/python3.8/site-packages/airflow/example_dags/example_short_circuit_decorator.py
[2024-10-20T03:12:55.180+0000] {processor.py:829} INFO - Processing file /home/airflow/.local/lib/python3.8/site-packages/airflow/example_dags/example_short_circuit_decorator.py for tasks to queue
[2024-10-20T03:12:55.183+0000] {logging_mixin.py:154} INFO - [2024-10-20T03:12:55.183+0000] {dagbag.py:536} INFO - Filling up the DagBag from /home/airflow/.local/lib/python3.8/site-packages/airflow/example_dags/example_short_circuit_decorator.py
[2024-10-20T03:12:55.194+0000] {processor.py:839} INFO - DAG(s) dict_keys(['example_short_circuit_decorator']) retrieved from /home/airflow/.local/lib/python3.8/site-packages/airflow/example_dags/example_short_circuit_decorator.py
[2024-10-20T03:12:55.224+0000] {logging_mixin.py:154} INFO - [2024-10-20T03:12:55.224+0000] {dag.py:2941} INFO - Sync 1 DAGs
[2024-10-20T03:12:55.254+0000] {logging_mixin.py:154} INFO - [2024-10-20T03:12:55.254+0000] {dag.py:3722} INFO - Setting next_dagrun for example_short_circuit_decorator to 2024-10-19T03:12:55.254216+00:00, run_after=2024-10-20T03:12:55.254216+00:00
[2024-10-20T03:12:55.281+0000] {processor.py:179} INFO - Processing /home/airflow/.local/lib/python3.8/site-packages/airflow/example_dags/example_short_circuit_decorator.py took 0.106 seconds
[2024-10-20T03:13:25.623+0000] {processor.py:157} INFO - Started process (PID=600) to work on /home/airflow/.local/lib/python3.8/site-packages/airflow/example_dags/example_short_circuit_decorator.py
[2024-10-20T03:13:25.624+0000] {processor.py:829} INFO - Processing file /home/airflow/.local/lib/python3.8/site-packages/airflow/example_dags/example_short_circuit_decorator.py for tasks to queue
[2024-10-20T03:13:25.627+0000] {logging_mixin.py:154} INFO - [2024-10-20T03:13:25.627+0000] {dagbag.py:536} INFO - Filling up the DagBag from /home/airflow/.local/lib/python3.8/site-packages/airflow/example_dags/example_short_circuit_decorator.py
[2024-10-20T03:13:25.637+0000] {processor.py:839} INFO - DAG(s) dict_keys(['example_short_circuit_decorator']) retrieved from /home/airflow/.local/lib/python3.8/site-packages/airflow/example_dags/example_short_circuit_decorator.py
[2024-10-20T03:13:25.664+0000] {logging_mixin.py:154} INFO - [2024-10-20T03:13:25.663+0000] {dag.py:2941} INFO - Sync 1 DAGs
[2024-10-20T03:13:25.688+0000] {logging_mixin.py:154} INFO - [2024-10-20T03:13:25.687+0000] {dag.py:3722} INFO - Setting next_dagrun for example_short_circuit_decorator to 2024-10-19T03:13:25.687543+00:00, run_after=2024-10-20T03:13:25.687543+00:00
[2024-10-20T03:13:25.714+0000] {processor.py:179} INFO - Processing /home/airflow/.local/lib/python3.8/site-packages/airflow/example_dags/example_short_circuit_decorator.py took 0.094 seconds
[2024-10-20T03:13:55.796+0000] {processor.py:157} INFO - Started process (PID=654) to work on /home/airflow/.local/lib/python3.8/site-packages/airflow/example_dags/example_short_circuit_decorator.py
[2024-10-20T03:13:55.797+0000] {processor.py:829} INFO - Processing file /home/airflow/.local/lib/python3.8/site-packages/airflow/example_dags/example_short_circuit_decorator.py for tasks to queue
[2024-10-20T03:13:55.800+0000] {logging_mixin.py:154} INFO - [2024-10-20T03:13:55.800+0000] {dagbag.py:536} INFO - Filling up the DagBag from /home/airflow/.local/lib/python3.8/site-packages/airflow/example_dags/example_short_circuit_decorator.py
[2024-10-20T03:13:55.809+0000] {processor.py:839} INFO - DAG(s) dict_keys(['example_short_circuit_decorator']) retrieved from /home/airflow/.local/lib/python3.8/site-packages/airflow/example_dags/example_short_circuit_decorator.py
[2024-10-20T03:13:55.832+0000] {logging_mixin.py:154} INFO - [2024-10-20T03:13:55.832+0000] {dag.py:2941} INFO - Sync 1 DAGs
[2024-10-20T03:13:55.855+0000] {logging_mixin.py:154} INFO - [2024-10-20T03:13:55.854+0000] {dag.py:3722} INFO - Setting next_dagrun for example_short_circuit_decorator to 2024-10-19T03:13:55.854226+00:00, run_after=2024-10-20T03:13:55.854226+00:00
[2024-10-20T03:13:55.876+0000] {processor.py:179} INFO - Processing /home/airflow/.local/lib/python3.8/site-packages/airflow/example_dags/example_short_circuit_decorator.py took 0.083 seconds
[2024-10-20T03:14:26.229+0000] {processor.py:157} INFO - Started process (PID=710) to work on /home/airflow/.local/lib/python3.8/site-packages/airflow/example_dags/example_short_circuit_decorator.py
[2024-10-20T03:14:26.231+0000] {processor.py:829} INFO - Processing file /home/airflow/.local/lib/python3.8/site-packages/airflow/example_dags/example_short_circuit_decorator.py for tasks to queue
[2024-10-20T03:14:26.234+0000] {logging_mixin.py:154} INFO - [2024-10-20T03:14:26.234+0000] {dagbag.py:536} INFO - Filling up the DagBag from /home/airflow/.local/lib/python3.8/site-packages/airflow/example_dags/example_short_circuit_decorator.py
[2024-10-20T03:14:26.244+0000] {processor.py:839} INFO - DAG(s) dict_keys(['example_short_circuit_decorator']) retrieved from /home/airflow/.local/lib/python3.8/site-packages/airflow/example_dags/example_short_circuit_decorator.py
[2024-10-20T03:14:26.272+0000] {logging_mixin.py:154} INFO - [2024-10-20T03:14:26.271+0000] {dag.py:2941} INFO - Sync 1 DAGs
[2024-10-20T03:14:26.299+0000] {logging_mixin.py:154} INFO - [2024-10-20T03:14:26.298+0000] {dag.py:3722} INFO - Setting next_dagrun for example_short_circuit_decorator to 2024-10-19T03:14:26.298015+00:00, run_after=2024-10-20T03:14:26.298015+00:00
[2024-10-20T03:14:26.329+0000] {processor.py:179} INFO - Processing /home/airflow/.local/lib/python3.8/site-packages/airflow/example_dags/example_short_circuit_decorator.py took 0.103 seconds
[2024-10-20T03:14:56.680+0000] {processor.py:157} INFO - Started process (PID=766) to work on /home/airflow/.local/lib/python3.8/site-packages/airflow/example_dags/example_short_circuit_decorator.py
[2024-10-20T03:14:56.681+0000] {processor.py:829} INFO - Processing file /home/airflow/.local/lib/python3.8/site-packages/airflow/example_dags/example_short_circuit_decorator.py for tasks to queue
[2024-10-20T03:14:56.684+0000] {logging_mixin.py:154} INFO - [2024-10-20T03:14:56.684+0000] {dagbag.py:536} INFO - Filling up the DagBag from /home/airflow/.local/lib/python3.8/site-packages/airflow/example_dags/example_short_circuit_decorator.py
[2024-10-20T03:14:56.693+0000] {processor.py:839} INFO - DAG(s) dict_keys(['example_short_circuit_decorator']) retrieved from /home/airflow/.local/lib/python3.8/site-packages/airflow/example_dags/example_short_circuit_decorator.py
[2024-10-20T03:14:56.719+0000] {logging_mixin.py:154} INFO - [2024-10-20T03:14:56.719+0000] {dag.py:2941} INFO - Sync 1 DAGs
[2024-10-20T03:14:56.745+0000] {logging_mixin.py:154} INFO - [2024-10-20T03:14:56.745+0000] {dag.py:3722} INFO - Setting next_dagrun for example_short_circuit_decorator to 2024-10-19T03:14:56.745264+00:00, run_after=2024-10-20T03:14:56.745264+00:00
[2024-10-20T03:14:56.774+0000] {processor.py:179} INFO - Processing /home/airflow/.local/lib/python3.8/site-packages/airflow/example_dags/example_short_circuit_decorator.py took 0.098 seconds
[2024-10-20T03:15:27.184+0000] {processor.py:157} INFO - Started process (PID=822) to work on /home/airflow/.local/lib/python3.8/site-packages/airflow/example_dags/example_short_circuit_decorator.py
[2024-10-20T03:15:27.185+0000] {processor.py:829} INFO - Processing file /home/airflow/.local/lib/python3.8/site-packages/airflow/example_dags/example_short_circuit_decorator.py for tasks to queue
[2024-10-20T03:15:27.188+0000] {logging_mixin.py:154} INFO - [2024-10-20T03:15:27.187+0000] {dagbag.py:536} INFO - Filling up the DagBag from /home/airflow/.local/lib/python3.8/site-packages/airflow/example_dags/example_short_circuit_decorator.py
[2024-10-20T03:15:27.197+0000] {processor.py:839} INFO - DAG(s) dict_keys(['example_short_circuit_decorator']) retrieved from /home/airflow/.local/lib/python3.8/site-packages/airflow/example_dags/example_short_circuit_decorator.py
[2024-10-20T03:15:27.222+0000] {logging_mixin.py:154} INFO - [2024-10-20T03:15:27.221+0000] {dag.py:2941} INFO - Sync 1 DAGs
[2024-10-20T03:15:27.243+0000] {logging_mixin.py:154} INFO - [2024-10-20T03:15:27.243+0000] {dag.py:3722} INFO - Setting next_dagrun for example_short_circuit_decorator to 2024-10-19T03:15:27.243269+00:00, run_after=2024-10-20T03:15:27.243269+00:00
[2024-10-20T03:15:27.267+0000] {processor.py:179} INFO - Processing /home/airflow/.local/lib/python3.8/site-packages/airflow/example_dags/example_short_circuit_decorator.py took 0.087 seconds
[2024-10-20T03:15:57.948+0000] {processor.py:157} INFO - Started process (PID=878) to work on /home/airflow/.local/lib/python3.8/site-packages/airflow/example_dags/example_short_circuit_decorator.py
[2024-10-20T03:15:57.950+0000] {processor.py:829} INFO - Processing file /home/airflow/.local/lib/python3.8/site-packages/airflow/example_dags/example_short_circuit_decorator.py for tasks to queue
[2024-10-20T03:15:57.953+0000] {logging_mixin.py:154} INFO - [2024-10-20T03:15:57.952+0000] {dagbag.py:536} INFO - Filling up the DagBag from /home/airflow/.local/lib/python3.8/site-packages/airflow/example_dags/example_short_circuit_decorator.py
[2024-10-20T03:15:57.963+0000] {processor.py:839} INFO - DAG(s) dict_keys(['example_short_circuit_decorator']) retrieved from /home/airflow/.local/lib/python3.8/site-packages/airflow/example_dags/example_short_circuit_decorator.py
[2024-10-20T03:15:57.993+0000] {logging_mixin.py:154} INFO - [2024-10-20T03:15:57.992+0000] {dag.py:2941} INFO - Sync 1 DAGs
[2024-10-20T03:15:58.024+0000] {logging_mixin.py:154} INFO - [2024-10-20T03:15:58.024+0000] {dag.py:3722} INFO - Setting next_dagrun for example_short_circuit_decorator to 2024-10-19T03:15:58.023769+00:00, run_after=2024-10-20T03:15:58.023769+00:00
[2024-10-20T03:15:58.054+0000] {processor.py:179} INFO - Processing /home/airflow/.local/lib/python3.8/site-packages/airflow/example_dags/example_short_circuit_decorator.py took 0.109 seconds
[2024-10-20T03:16:28.601+0000] {processor.py:157} INFO - Started process (PID=934) to work on /home/airflow/.local/lib/python3.8/site-packages/airflow/example_dags/example_short_circuit_decorator.py
[2024-10-20T03:16:28.603+0000] {processor.py:829} INFO - Processing file /home/airflow/.local/lib/python3.8/site-packages/airflow/example_dags/example_short_circuit_decorator.py for tasks to queue
[2024-10-20T03:16:28.605+0000] {logging_mixin.py:154} INFO - [2024-10-20T03:16:28.605+0000] {dagbag.py:536} INFO - Filling up the DagBag from /home/airflow/.local/lib/python3.8/site-packages/airflow/example_dags/example_short_circuit_decorator.py
[2024-10-20T03:16:28.615+0000] {processor.py:839} INFO - DAG(s) dict_keys(['example_short_circuit_decorator']) retrieved from /home/airflow/.local/lib/python3.8/site-packages/airflow/example_dags/example_short_circuit_decorator.py
[2024-10-20T03:16:28.644+0000] {logging_mixin.py:154} INFO - [2024-10-20T03:16:28.643+0000] {dag.py:2941} INFO - Sync 1 DAGs
[2024-10-20T03:16:28.669+0000] {logging_mixin.py:154} INFO - [2024-10-20T03:16:28.669+0000] {dag.py:3722} INFO - Setting next_dagrun for example_short_circuit_decorator to 2024-10-19T03:16:28.668769+00:00, run_after=2024-10-20T03:16:28.668769+00:00
[2024-10-20T03:16:28.692+0000] {processor.py:179} INFO - Processing /home/airflow/.local/lib/python3.8/site-packages/airflow/example_dags/example_short_circuit_decorator.py took 0.094 seconds
[2024-10-20T03:16:59.825+0000] {processor.py:157} INFO - Started process (PID=990) to work on /home/airflow/.local/lib/python3.8/site-packages/airflow/example_dags/example_short_circuit_decorator.py
[2024-10-20T03:16:59.827+0000] {processor.py:829} INFO - Processing file /home/airflow/.local/lib/python3.8/site-packages/airflow/example_dags/example_short_circuit_decorator.py for tasks to queue
[2024-10-20T03:16:59.829+0000] {logging_mixin.py:154} INFO - [2024-10-20T03:16:59.829+0000] {dagbag.py:536} INFO - Filling up the DagBag from /home/airflow/.local/lib/python3.8/site-packages/airflow/example_dags/example_short_circuit_decorator.py
[2024-10-20T03:16:59.840+0000] {processor.py:839} INFO - DAG(s) dict_keys(['example_short_circuit_decorator']) retrieved from /home/airflow/.local/lib/python3.8/site-packages/airflow/example_dags/example_short_circuit_decorator.py
[2024-10-20T03:16:59.868+0000] {logging_mixin.py:154} INFO - [2024-10-20T03:16:59.868+0000] {dag.py:2941} INFO - Sync 1 DAGs
[2024-10-20T03:16:59.896+0000] {logging_mixin.py:154} INFO - [2024-10-20T03:16:59.896+0000] {dag.py:3722} INFO - Setting next_dagrun for example_short_circuit_decorator to 2024-10-19T03:16:59.895268+00:00, run_after=2024-10-20T03:16:59.895268+00:00
[2024-10-20T03:17:00.061+0000] {processor.py:179} INFO - Processing /home/airflow/.local/lib/python3.8/site-packages/airflow/example_dags/example_short_circuit_decorator.py took 0.239 seconds
[2024-10-20T03:17:30.530+0000] {processor.py:157} INFO - Started process (PID=1046) to work on /home/airflow/.local/lib/python3.8/site-packages/airflow/example_dags/example_short_circuit_decorator.py
[2024-10-20T03:17:30.531+0000] {processor.py:829} INFO - Processing file /home/airflow/.local/lib/python3.8/site-packages/airflow/example_dags/example_short_circuit_decorator.py for tasks to queue
[2024-10-20T03:17:30.533+0000] {logging_mixin.py:154} INFO - [2024-10-20T03:17:30.533+0000] {dagbag.py:536} INFO - Filling up the DagBag from /home/airflow/.local/lib/python3.8/site-packages/airflow/example_dags/example_short_circuit_decorator.py
[2024-10-20T03:17:30.542+0000] {processor.py:839} INFO - DAG(s) dict_keys(['example_short_circuit_decorator']) retrieved from /home/airflow/.local/lib/python3.8/site-packages/airflow/example_dags/example_short_circuit_decorator.py
[2024-10-20T03:17:30.566+0000] {logging_mixin.py:154} INFO - [2024-10-20T03:17:30.566+0000] {dag.py:2941} INFO - Sync 1 DAGs
[2024-10-20T03:17:30.587+0000] {logging_mixin.py:154} INFO - [2024-10-20T03:17:30.587+0000] {dag.py:3722} INFO - Setting next_dagrun for example_short_circuit_decorator to 2024-10-19T03:17:30.587249+00:00, run_after=2024-10-20T03:17:30.587249+00:00
[2024-10-20T03:17:30.609+0000] {processor.py:179} INFO - Processing /home/airflow/.local/lib/python3.8/site-packages/airflow/example_dags/example_short_circuit_decorator.py took 0.082 seconds
