[2024-10-20T02:46:18.036+0000] {processor.py:157} INFO - Started process (PID=92) to work on /home/airflow/.local/lib/python3.8/site-packages/airflow/example_dags/example_complex.py
[2024-10-20T02:46:18.038+0000] {processor.py:829} INFO - Processing file /home/airflow/.local/lib/python3.8/site-packages/airflow/example_dags/example_complex.py for tasks to queue
[2024-10-20T02:46:18.042+0000] {logging_mixin.py:154} INFO - [2024-10-20T02:46:18.042+0000] {dagbag.py:536} INFO - Filling up the DagBag from /home/airflow/.local/lib/python3.8/site-packages/airflow/example_dags/example_complex.py
[2024-10-20T02:46:18.063+0000] {processor.py:839} INFO - DAG(s) dict_keys(['example_complex']) retrieved from /home/airflow/.local/lib/python3.8/site-packages/airflow/example_dags/example_complex.py
[2024-10-20T02:46:18.090+0000] {logging_mixin.py:154} INFO - [2024-10-20T02:46:18.089+0000] {dag.py:2941} INFO - Sync 1 DAGs
[2024-10-20T02:46:18.120+0000] {logging_mixin.py:154} INFO - [2024-10-20T02:46:18.120+0000] {dag.py:3722} INFO - Setting next_dagrun for example_complex to None, run_after=None
[2024-10-20T02:46:18.161+0000] {processor.py:179} INFO - Processing /home/airflow/.local/lib/python3.8/site-packages/airflow/example_dags/example_complex.py took 0.130 seconds
[2024-10-20T02:46:49.120+0000] {processor.py:157} INFO - Started process (PID=148) to work on /home/airflow/.local/lib/python3.8/site-packages/airflow/example_dags/example_complex.py
[2024-10-20T02:46:49.121+0000] {processor.py:829} INFO - Processing file /home/airflow/.local/lib/python3.8/site-packages/airflow/example_dags/example_complex.py for tasks to queue
[2024-10-20T02:46:49.124+0000] {logging_mixin.py:154} INFO - [2024-10-20T02:46:49.123+0000] {dagbag.py:536} INFO - Filling up the DagBag from /home/airflow/.local/lib/python3.8/site-packages/airflow/example_dags/example_complex.py
[2024-10-20T02:46:49.135+0000] {processor.py:839} INFO - DAG(s) dict_keys(['example_complex']) retrieved from /home/airflow/.local/lib/python3.8/site-packages/airflow/example_dags/example_complex.py
[2024-10-20T02:46:49.167+0000] {logging_mixin.py:154} INFO - [2024-10-20T02:46:49.167+0000] {dag.py:2941} INFO - Sync 1 DAGs
[2024-10-20T02:46:49.182+0000] {logging_mixin.py:154} INFO - [2024-10-20T02:46:49.181+0000] {dag.py:3722} INFO - Setting next_dagrun for example_complex to None, run_after=None
[2024-10-20T02:46:49.207+0000] {processor.py:179} INFO - Processing /home/airflow/.local/lib/python3.8/site-packages/airflow/example_dags/example_complex.py took 0.090 seconds
[2024-10-20T02:47:19.967+0000] {processor.py:157} INFO - Started process (PID=204) to work on /home/airflow/.local/lib/python3.8/site-packages/airflow/example_dags/example_complex.py
[2024-10-20T02:47:19.969+0000] {processor.py:829} INFO - Processing file /home/airflow/.local/lib/python3.8/site-packages/airflow/example_dags/example_complex.py for tasks to queue
[2024-10-20T02:47:19.972+0000] {logging_mixin.py:154} INFO - [2024-10-20T02:47:19.972+0000] {dagbag.py:536} INFO - Filling up the DagBag from /home/airflow/.local/lib/python3.8/site-packages/airflow/example_dags/example_complex.py
[2024-10-20T02:47:19.985+0000] {processor.py:839} INFO - DAG(s) dict_keys(['example_complex']) retrieved from /home/airflow/.local/lib/python3.8/site-packages/airflow/example_dags/example_complex.py
[2024-10-20T02:47:20.023+0000] {logging_mixin.py:154} INFO - [2024-10-20T02:47:20.022+0000] {dag.py:2941} INFO - Sync 1 DAGs
[2024-10-20T02:47:20.040+0000] {logging_mixin.py:154} INFO - [2024-10-20T02:47:20.040+0000] {dag.py:3722} INFO - Setting next_dagrun for example_complex to None, run_after=None
[2024-10-20T02:47:20.075+0000] {processor.py:179} INFO - Processing /home/airflow/.local/lib/python3.8/site-packages/airflow/example_dags/example_complex.py took 0.112 seconds
[2024-10-20T02:47:50.833+0000] {processor.py:157} INFO - Started process (PID=260) to work on /home/airflow/.local/lib/python3.8/site-packages/airflow/example_dags/example_complex.py
[2024-10-20T02:47:50.835+0000] {processor.py:829} INFO - Processing file /home/airflow/.local/lib/python3.8/site-packages/airflow/example_dags/example_complex.py for tasks to queue
[2024-10-20T02:47:50.841+0000] {logging_mixin.py:154} INFO - [2024-10-20T02:47:50.840+0000] {dagbag.py:536} INFO - Filling up the DagBag from /home/airflow/.local/lib/python3.8/site-packages/airflow/example_dags/example_complex.py
[2024-10-20T02:47:50.859+0000] {processor.py:839} INFO - DAG(s) dict_keys(['example_complex']) retrieved from /home/airflow/.local/lib/python3.8/site-packages/airflow/example_dags/example_complex.py
[2024-10-20T02:47:50.941+0000] {logging_mixin.py:154} INFO - [2024-10-20T02:47:50.941+0000] {dag.py:2941} INFO - Sync 1 DAGs
[2024-10-20T02:47:50.964+0000] {logging_mixin.py:154} INFO - [2024-10-20T02:47:50.964+0000] {dag.py:3722} INFO - Setting next_dagrun for example_complex to None, run_after=None
[2024-10-20T02:47:51.004+0000] {processor.py:179} INFO - Processing /home/airflow/.local/lib/python3.8/site-packages/airflow/example_dags/example_complex.py took 0.178 seconds
[2024-10-20T02:48:21.739+0000] {processor.py:157} INFO - Started process (PID=316) to work on /home/airflow/.local/lib/python3.8/site-packages/airflow/example_dags/example_complex.py
[2024-10-20T02:48:21.741+0000] {processor.py:829} INFO - Processing file /home/airflow/.local/lib/python3.8/site-packages/airflow/example_dags/example_complex.py for tasks to queue
[2024-10-20T02:48:21.744+0000] {logging_mixin.py:154} INFO - [2024-10-20T02:48:21.743+0000] {dagbag.py:536} INFO - Filling up the DagBag from /home/airflow/.local/lib/python3.8/site-packages/airflow/example_dags/example_complex.py
[2024-10-20T02:48:21.755+0000] {processor.py:839} INFO - DAG(s) dict_keys(['example_complex']) retrieved from /home/airflow/.local/lib/python3.8/site-packages/airflow/example_dags/example_complex.py
[2024-10-20T02:48:21.791+0000] {logging_mixin.py:154} INFO - [2024-10-20T02:48:21.791+0000] {dag.py:2941} INFO - Sync 1 DAGs
[2024-10-20T02:48:21.808+0000] {logging_mixin.py:154} INFO - [2024-10-20T02:48:21.808+0000] {dag.py:3722} INFO - Setting next_dagrun for example_complex to None, run_after=None
[2024-10-20T02:48:21.843+0000] {processor.py:179} INFO - Processing /home/airflow/.local/lib/python3.8/site-packages/airflow/example_dags/example_complex.py took 0.107 seconds
[2024-10-20T02:48:52.763+0000] {processor.py:157} INFO - Started process (PID=372) to work on /home/airflow/.local/lib/python3.8/site-packages/airflow/example_dags/example_complex.py
[2024-10-20T02:48:52.764+0000] {processor.py:829} INFO - Processing file /home/airflow/.local/lib/python3.8/site-packages/airflow/example_dags/example_complex.py for tasks to queue
[2024-10-20T02:48:52.766+0000] {logging_mixin.py:154} INFO - [2024-10-20T02:48:52.766+0000] {dagbag.py:536} INFO - Filling up the DagBag from /home/airflow/.local/lib/python3.8/site-packages/airflow/example_dags/example_complex.py
[2024-10-20T02:48:52.777+0000] {processor.py:839} INFO - DAG(s) dict_keys(['example_complex']) retrieved from /home/airflow/.local/lib/python3.8/site-packages/airflow/example_dags/example_complex.py
[2024-10-20T02:48:52.812+0000] {logging_mixin.py:154} INFO - [2024-10-20T02:48:52.812+0000] {dag.py:2941} INFO - Sync 1 DAGs
[2024-10-20T02:48:52.827+0000] {logging_mixin.py:154} INFO - [2024-10-20T02:48:52.827+0000] {dag.py:3722} INFO - Setting next_dagrun for example_complex to None, run_after=None
[2024-10-20T02:48:52.855+0000] {processor.py:179} INFO - Processing /home/airflow/.local/lib/python3.8/site-packages/airflow/example_dags/example_complex.py took 0.095 seconds
[2024-10-20T02:49:23.045+0000] {processor.py:157} INFO - Started process (PID=428) to work on /home/airflow/.local/lib/python3.8/site-packages/airflow/example_dags/example_complex.py
[2024-10-20T02:49:23.046+0000] {processor.py:829} INFO - Processing file /home/airflow/.local/lib/python3.8/site-packages/airflow/example_dags/example_complex.py for tasks to queue
[2024-10-20T02:49:23.048+0000] {logging_mixin.py:154} INFO - [2024-10-20T02:49:23.047+0000] {dagbag.py:536} INFO - Filling up the DagBag from /home/airflow/.local/lib/python3.8/site-packages/airflow/example_dags/example_complex.py
[2024-10-20T02:49:23.058+0000] {processor.py:839} INFO - DAG(s) dict_keys(['example_complex']) retrieved from /home/airflow/.local/lib/python3.8/site-packages/airflow/example_dags/example_complex.py
[2024-10-20T02:49:23.090+0000] {logging_mixin.py:154} INFO - [2024-10-20T02:49:23.089+0000] {dag.py:2941} INFO - Sync 1 DAGs
[2024-10-20T02:49:23.101+0000] {logging_mixin.py:154} INFO - [2024-10-20T02:49:23.101+0000] {dag.py:3722} INFO - Setting next_dagrun for example_complex to None, run_after=None
[2024-10-20T02:49:23.124+0000] {processor.py:179} INFO - Processing /home/airflow/.local/lib/python3.8/site-packages/airflow/example_dags/example_complex.py took 0.082 seconds
[2024-10-20T02:49:53.383+0000] {processor.py:157} INFO - Started process (PID=484) to work on /home/airflow/.local/lib/python3.8/site-packages/airflow/example_dags/example_complex.py
[2024-10-20T02:49:53.384+0000] {processor.py:829} INFO - Processing file /home/airflow/.local/lib/python3.8/site-packages/airflow/example_dags/example_complex.py for tasks to queue
[2024-10-20T02:49:53.387+0000] {logging_mixin.py:154} INFO - [2024-10-20T02:49:53.386+0000] {dagbag.py:536} INFO - Filling up the DagBag from /home/airflow/.local/lib/python3.8/site-packages/airflow/example_dags/example_complex.py
[2024-10-20T02:49:53.398+0000] {processor.py:839} INFO - DAG(s) dict_keys(['example_complex']) retrieved from /home/airflow/.local/lib/python3.8/site-packages/airflow/example_dags/example_complex.py
[2024-10-20T02:49:53.430+0000] {logging_mixin.py:154} INFO - [2024-10-20T02:49:53.430+0000] {dag.py:2941} INFO - Sync 1 DAGs
[2024-10-20T02:49:53.443+0000] {logging_mixin.py:154} INFO - [2024-10-20T02:49:53.443+0000] {dag.py:3722} INFO - Setting next_dagrun for example_complex to None, run_after=None
[2024-10-20T02:49:53.469+0000] {processor.py:179} INFO - Processing /home/airflow/.local/lib/python3.8/site-packages/airflow/example_dags/example_complex.py took 0.090 seconds
[2024-10-20T02:50:23.539+0000] {processor.py:157} INFO - Started process (PID=538) to work on /home/airflow/.local/lib/python3.8/site-packages/airflow/example_dags/example_complex.py
[2024-10-20T02:50:23.541+0000] {processor.py:829} INFO - Processing file /home/airflow/.local/lib/python3.8/site-packages/airflow/example_dags/example_complex.py for tasks to queue
[2024-10-20T02:50:23.543+0000] {logging_mixin.py:154} INFO - [2024-10-20T02:50:23.543+0000] {dagbag.py:536} INFO - Filling up the DagBag from /home/airflow/.local/lib/python3.8/site-packages/airflow/example_dags/example_complex.py
[2024-10-20T02:50:23.553+0000] {processor.py:839} INFO - DAG(s) dict_keys(['example_complex']) retrieved from /home/airflow/.local/lib/python3.8/site-packages/airflow/example_dags/example_complex.py
[2024-10-20T02:50:23.584+0000] {logging_mixin.py:154} INFO - [2024-10-20T02:50:23.584+0000] {dag.py:2941} INFO - Sync 1 DAGs
[2024-10-20T02:50:23.597+0000] {logging_mixin.py:154} INFO - [2024-10-20T02:50:23.596+0000] {dag.py:3722} INFO - Setting next_dagrun for example_complex to None, run_after=None
[2024-10-20T02:50:23.618+0000] {processor.py:179} INFO - Processing /home/airflow/.local/lib/python3.8/site-packages/airflow/example_dags/example_complex.py took 0.082 seconds
[2024-10-20T02:50:54.058+0000] {processor.py:157} INFO - Started process (PID=594) to work on /home/airflow/.local/lib/python3.8/site-packages/airflow/example_dags/example_complex.py
[2024-10-20T02:50:54.059+0000] {processor.py:829} INFO - Processing file /home/airflow/.local/lib/python3.8/site-packages/airflow/example_dags/example_complex.py for tasks to queue
[2024-10-20T02:50:54.062+0000] {logging_mixin.py:154} INFO - [2024-10-20T02:50:54.061+0000] {dagbag.py:536} INFO - Filling up the DagBag from /home/airflow/.local/lib/python3.8/site-packages/airflow/example_dags/example_complex.py
[2024-10-20T02:50:54.073+0000] {processor.py:839} INFO - DAG(s) dict_keys(['example_complex']) retrieved from /home/airflow/.local/lib/python3.8/site-packages/airflow/example_dags/example_complex.py
[2024-10-20T02:50:54.104+0000] {logging_mixin.py:154} INFO - [2024-10-20T02:50:54.103+0000] {dag.py:2941} INFO - Sync 1 DAGs
[2024-10-20T02:50:54.118+0000] {logging_mixin.py:154} INFO - [2024-10-20T02:50:54.118+0000] {dag.py:3722} INFO - Setting next_dagrun for example_complex to None, run_after=None
[2024-10-20T02:50:54.141+0000] {processor.py:179} INFO - Processing /home/airflow/.local/lib/python3.8/site-packages/airflow/example_dags/example_complex.py took 0.086 seconds
[2024-10-20T02:51:24.397+0000] {processor.py:157} INFO - Started process (PID=650) to work on /home/airflow/.local/lib/python3.8/site-packages/airflow/example_dags/example_complex.py
[2024-10-20T02:51:24.398+0000] {processor.py:829} INFO - Processing file /home/airflow/.local/lib/python3.8/site-packages/airflow/example_dags/example_complex.py for tasks to queue
[2024-10-20T02:51:24.400+0000] {logging_mixin.py:154} INFO - [2024-10-20T02:51:24.400+0000] {dagbag.py:536} INFO - Filling up the DagBag from /home/airflow/.local/lib/python3.8/site-packages/airflow/example_dags/example_complex.py
[2024-10-20T02:51:24.411+0000] {processor.py:839} INFO - DAG(s) dict_keys(['example_complex']) retrieved from /home/airflow/.local/lib/python3.8/site-packages/airflow/example_dags/example_complex.py
[2024-10-20T02:51:24.442+0000] {logging_mixin.py:154} INFO - [2024-10-20T02:51:24.442+0000] {dag.py:2941} INFO - Sync 1 DAGs
[2024-10-20T02:51:24.455+0000] {logging_mixin.py:154} INFO - [2024-10-20T02:51:24.455+0000] {dag.py:3722} INFO - Setting next_dagrun for example_complex to None, run_after=None
[2024-10-20T02:51:24.479+0000] {processor.py:179} INFO - Processing /home/airflow/.local/lib/python3.8/site-packages/airflow/example_dags/example_complex.py took 0.085 seconds
[2024-10-20T02:51:54.680+0000] {processor.py:157} INFO - Started process (PID=706) to work on /home/airflow/.local/lib/python3.8/site-packages/airflow/example_dags/example_complex.py
[2024-10-20T02:51:54.681+0000] {processor.py:829} INFO - Processing file /home/airflow/.local/lib/python3.8/site-packages/airflow/example_dags/example_complex.py for tasks to queue
[2024-10-20T02:51:54.683+0000] {logging_mixin.py:154} INFO - [2024-10-20T02:51:54.683+0000] {dagbag.py:536} INFO - Filling up the DagBag from /home/airflow/.local/lib/python3.8/site-packages/airflow/example_dags/example_complex.py
[2024-10-20T02:51:54.694+0000] {processor.py:839} INFO - DAG(s) dict_keys(['example_complex']) retrieved from /home/airflow/.local/lib/python3.8/site-packages/airflow/example_dags/example_complex.py
[2024-10-20T02:51:54.726+0000] {logging_mixin.py:154} INFO - [2024-10-20T02:51:54.726+0000] {dag.py:2941} INFO - Sync 1 DAGs
[2024-10-20T02:51:54.740+0000] {logging_mixin.py:154} INFO - [2024-10-20T02:51:54.740+0000] {dag.py:3722} INFO - Setting next_dagrun for example_complex to None, run_after=None
[2024-10-20T02:51:54.765+0000] {processor.py:179} INFO - Processing /home/airflow/.local/lib/python3.8/site-packages/airflow/example_dags/example_complex.py took 0.087 seconds
[2024-10-20T02:52:24.929+0000] {processor.py:157} INFO - Started process (PID=762) to work on /home/airflow/.local/lib/python3.8/site-packages/airflow/example_dags/example_complex.py
[2024-10-20T02:52:24.930+0000] {processor.py:829} INFO - Processing file /home/airflow/.local/lib/python3.8/site-packages/airflow/example_dags/example_complex.py for tasks to queue
[2024-10-20T02:52:24.933+0000] {logging_mixin.py:154} INFO - [2024-10-20T02:52:24.933+0000] {dagbag.py:536} INFO - Filling up the DagBag from /home/airflow/.local/lib/python3.8/site-packages/airflow/example_dags/example_complex.py
[2024-10-20T02:52:24.946+0000] {processor.py:839} INFO - DAG(s) dict_keys(['example_complex']) retrieved from /home/airflow/.local/lib/python3.8/site-packages/airflow/example_dags/example_complex.py
[2024-10-20T02:52:24.979+0000] {logging_mixin.py:154} INFO - [2024-10-20T02:52:24.979+0000] {dag.py:2941} INFO - Sync 1 DAGs
[2024-10-20T02:52:24.992+0000] {logging_mixin.py:154} INFO - [2024-10-20T02:52:24.992+0000] {dag.py:3722} INFO - Setting next_dagrun for example_complex to None, run_after=None
[2024-10-20T02:52:25.015+0000] {processor.py:179} INFO - Processing /home/airflow/.local/lib/python3.8/site-packages/airflow/example_dags/example_complex.py took 0.089 seconds
[2024-10-20T02:52:55.482+0000] {processor.py:157} INFO - Started process (PID=818) to work on /home/airflow/.local/lib/python3.8/site-packages/airflow/example_dags/example_complex.py
[2024-10-20T02:52:55.484+0000] {processor.py:829} INFO - Processing file /home/airflow/.local/lib/python3.8/site-packages/airflow/example_dags/example_complex.py for tasks to queue
[2024-10-20T02:52:55.486+0000] {logging_mixin.py:154} INFO - [2024-10-20T02:52:55.486+0000] {dagbag.py:536} INFO - Filling up the DagBag from /home/airflow/.local/lib/python3.8/site-packages/airflow/example_dags/example_complex.py
[2024-10-20T02:52:55.498+0000] {processor.py:839} INFO - DAG(s) dict_keys(['example_complex']) retrieved from /home/airflow/.local/lib/python3.8/site-packages/airflow/example_dags/example_complex.py
[2024-10-20T02:52:55.528+0000] {logging_mixin.py:154} INFO - [2024-10-20T02:52:55.528+0000] {dag.py:2941} INFO - Sync 1 DAGs
[2024-10-20T02:52:55.542+0000] {logging_mixin.py:154} INFO - [2024-10-20T02:52:55.542+0000] {dag.py:3722} INFO - Setting next_dagrun for example_complex to None, run_after=None
[2024-10-20T02:52:55.567+0000] {processor.py:179} INFO - Processing /home/airflow/.local/lib/python3.8/site-packages/airflow/example_dags/example_complex.py took 0.087 seconds
[2024-10-20T02:53:25.748+0000] {processor.py:157} INFO - Started process (PID=876) to work on /home/airflow/.local/lib/python3.8/site-packages/airflow/example_dags/example_complex.py
[2024-10-20T02:53:25.749+0000] {processor.py:829} INFO - Processing file /home/airflow/.local/lib/python3.8/site-packages/airflow/example_dags/example_complex.py for tasks to queue
[2024-10-20T02:53:25.752+0000] {logging_mixin.py:154} INFO - [2024-10-20T02:53:25.751+0000] {dagbag.py:536} INFO - Filling up the DagBag from /home/airflow/.local/lib/python3.8/site-packages/airflow/example_dags/example_complex.py
[2024-10-20T02:53:25.767+0000] {processor.py:839} INFO - DAG(s) dict_keys(['example_complex']) retrieved from /home/airflow/.local/lib/python3.8/site-packages/airflow/example_dags/example_complex.py
[2024-10-20T02:53:25.804+0000] {logging_mixin.py:154} INFO - [2024-10-20T02:53:25.804+0000] {dag.py:2941} INFO - Sync 1 DAGs
[2024-10-20T02:53:25.820+0000] {logging_mixin.py:154} INFO - [2024-10-20T02:53:25.820+0000] {dag.py:3722} INFO - Setting next_dagrun for example_complex to None, run_after=None
[2024-10-20T02:53:25.852+0000] {processor.py:179} INFO - Processing /home/airflow/.local/lib/python3.8/site-packages/airflow/example_dags/example_complex.py took 0.108 seconds
[2024-10-20T02:53:56.742+0000] {processor.py:157} INFO - Started process (PID=934) to work on /home/airflow/.local/lib/python3.8/site-packages/airflow/example_dags/example_complex.py
[2024-10-20T02:53:56.744+0000] {processor.py:829} INFO - Processing file /home/airflow/.local/lib/python3.8/site-packages/airflow/example_dags/example_complex.py for tasks to queue
[2024-10-20T02:53:56.749+0000] {logging_mixin.py:154} INFO - [2024-10-20T02:53:56.748+0000] {dagbag.py:536} INFO - Filling up the DagBag from /home/airflow/.local/lib/python3.8/site-packages/airflow/example_dags/example_complex.py
[2024-10-20T02:53:56.765+0000] {processor.py:839} INFO - DAG(s) dict_keys(['example_complex']) retrieved from /home/airflow/.local/lib/python3.8/site-packages/airflow/example_dags/example_complex.py
[2024-10-20T02:53:56.809+0000] {logging_mixin.py:154} INFO - [2024-10-20T02:53:56.809+0000] {dag.py:2941} INFO - Sync 1 DAGs
[2024-10-20T02:53:56.826+0000] {logging_mixin.py:154} INFO - [2024-10-20T02:53:56.826+0000] {dag.py:3722} INFO - Setting next_dagrun for example_complex to None, run_after=None
[2024-10-20T02:53:56.863+0000] {processor.py:179} INFO - Processing /home/airflow/.local/lib/python3.8/site-packages/airflow/example_dags/example_complex.py took 0.126 seconds
[2024-10-20T02:54:27.397+0000] {processor.py:157} INFO - Started process (PID=990) to work on /home/airflow/.local/lib/python3.8/site-packages/airflow/example_dags/example_complex.py
[2024-10-20T02:54:27.399+0000] {processor.py:829} INFO - Processing file /home/airflow/.local/lib/python3.8/site-packages/airflow/example_dags/example_complex.py for tasks to queue
[2024-10-20T02:54:27.401+0000] {logging_mixin.py:154} INFO - [2024-10-20T02:54:27.401+0000] {dagbag.py:536} INFO - Filling up the DagBag from /home/airflow/.local/lib/python3.8/site-packages/airflow/example_dags/example_complex.py
[2024-10-20T02:54:27.413+0000] {processor.py:839} INFO - DAG(s) dict_keys(['example_complex']) retrieved from /home/airflow/.local/lib/python3.8/site-packages/airflow/example_dags/example_complex.py
[2024-10-20T02:54:27.447+0000] {logging_mixin.py:154} INFO - [2024-10-20T02:54:27.447+0000] {dag.py:2941} INFO - Sync 1 DAGs
[2024-10-20T02:54:27.462+0000] {logging_mixin.py:154} INFO - [2024-10-20T02:54:27.462+0000] {dag.py:3722} INFO - Setting next_dagrun for example_complex to None, run_after=None
[2024-10-20T02:54:27.661+0000] {processor.py:179} INFO - Processing /home/airflow/.local/lib/python3.8/site-packages/airflow/example_dags/example_complex.py took 0.267 seconds
[2024-10-20T02:54:58.585+0000] {processor.py:157} INFO - Started process (PID=1046) to work on /home/airflow/.local/lib/python3.8/site-packages/airflow/example_dags/example_complex.py
[2024-10-20T02:54:58.586+0000] {processor.py:829} INFO - Processing file /home/airflow/.local/lib/python3.8/site-packages/airflow/example_dags/example_complex.py for tasks to queue
[2024-10-20T02:54:58.589+0000] {logging_mixin.py:154} INFO - [2024-10-20T02:54:58.589+0000] {dagbag.py:536} INFO - Filling up the DagBag from /home/airflow/.local/lib/python3.8/site-packages/airflow/example_dags/example_complex.py
[2024-10-20T02:54:58.601+0000] {processor.py:839} INFO - DAG(s) dict_keys(['example_complex']) retrieved from /home/airflow/.local/lib/python3.8/site-packages/airflow/example_dags/example_complex.py
[2024-10-20T02:54:58.634+0000] {logging_mixin.py:154} INFO - [2024-10-20T02:54:58.634+0000] {dag.py:2941} INFO - Sync 1 DAGs
[2024-10-20T02:54:58.649+0000] {logging_mixin.py:154} INFO - [2024-10-20T02:54:58.648+0000] {dag.py:3722} INFO - Setting next_dagrun for example_complex to None, run_after=None
[2024-10-20T02:54:58.681+0000] {processor.py:179} INFO - Processing /home/airflow/.local/lib/python3.8/site-packages/airflow/example_dags/example_complex.py took 0.100 seconds
[2024-10-20T02:55:29.592+0000] {processor.py:157} INFO - Started process (PID=1104) to work on /home/airflow/.local/lib/python3.8/site-packages/airflow/example_dags/example_complex.py
[2024-10-20T02:55:29.594+0000] {processor.py:829} INFO - Processing file /home/airflow/.local/lib/python3.8/site-packages/airflow/example_dags/example_complex.py for tasks to queue
[2024-10-20T02:55:29.596+0000] {logging_mixin.py:154} INFO - [2024-10-20T02:55:29.596+0000] {dagbag.py:536} INFO - Filling up the DagBag from /home/airflow/.local/lib/python3.8/site-packages/airflow/example_dags/example_complex.py
[2024-10-20T02:55:29.608+0000] {processor.py:839} INFO - DAG(s) dict_keys(['example_complex']) retrieved from /home/airflow/.local/lib/python3.8/site-packages/airflow/example_dags/example_complex.py
[2024-10-20T02:55:29.652+0000] {logging_mixin.py:154} INFO - [2024-10-20T02:55:29.651+0000] {dag.py:2941} INFO - Sync 1 DAGs
[2024-10-20T02:55:29.668+0000] {logging_mixin.py:154} INFO - [2024-10-20T02:55:29.668+0000] {dag.py:3722} INFO - Setting next_dagrun for example_complex to None, run_after=None
[2024-10-20T02:55:29.695+0000] {processor.py:179} INFO - Processing /home/airflow/.local/lib/python3.8/site-packages/airflow/example_dags/example_complex.py took 0.107 seconds
[2024-10-20T02:56:00.305+0000] {processor.py:157} INFO - Started process (PID=1164) to work on /home/airflow/.local/lib/python3.8/site-packages/airflow/example_dags/example_complex.py
[2024-10-20T02:56:00.307+0000] {processor.py:829} INFO - Processing file /home/airflow/.local/lib/python3.8/site-packages/airflow/example_dags/example_complex.py for tasks to queue
[2024-10-20T02:56:00.309+0000] {logging_mixin.py:154} INFO - [2024-10-20T02:56:00.309+0000] {dagbag.py:536} INFO - Filling up the DagBag from /home/airflow/.local/lib/python3.8/site-packages/airflow/example_dags/example_complex.py
[2024-10-20T02:56:00.321+0000] {processor.py:839} INFO - DAG(s) dict_keys(['example_complex']) retrieved from /home/airflow/.local/lib/python3.8/site-packages/airflow/example_dags/example_complex.py
[2024-10-20T02:56:00.363+0000] {logging_mixin.py:154} INFO - [2024-10-20T02:56:00.362+0000] {dag.py:2941} INFO - Sync 1 DAGs
[2024-10-20T02:56:00.379+0000] {logging_mixin.py:154} INFO - [2024-10-20T02:56:00.379+0000] {dag.py:3722} INFO - Setting next_dagrun for example_complex to None, run_after=None
[2024-10-20T02:56:00.413+0000] {processor.py:179} INFO - Processing /home/airflow/.local/lib/python3.8/site-packages/airflow/example_dags/example_complex.py took 0.111 seconds
[2024-10-20T02:56:30.890+0000] {processor.py:157} INFO - Started process (PID=1220) to work on /home/airflow/.local/lib/python3.8/site-packages/airflow/example_dags/example_complex.py
[2024-10-20T02:56:30.891+0000] {processor.py:829} INFO - Processing file /home/airflow/.local/lib/python3.8/site-packages/airflow/example_dags/example_complex.py for tasks to queue
[2024-10-20T02:56:30.894+0000] {logging_mixin.py:154} INFO - [2024-10-20T02:56:30.893+0000] {dagbag.py:536} INFO - Filling up the DagBag from /home/airflow/.local/lib/python3.8/site-packages/airflow/example_dags/example_complex.py
[2024-10-20T02:56:30.906+0000] {processor.py:839} INFO - DAG(s) dict_keys(['example_complex']) retrieved from /home/airflow/.local/lib/python3.8/site-packages/airflow/example_dags/example_complex.py
[2024-10-20T02:56:30.942+0000] {logging_mixin.py:154} INFO - [2024-10-20T02:56:30.942+0000] {dag.py:2941} INFO - Sync 1 DAGs
[2024-10-20T02:56:31.167+0000] {logging_mixin.py:154} INFO - [2024-10-20T02:56:31.166+0000] {dag.py:3722} INFO - Setting next_dagrun for example_complex to None, run_after=None
[2024-10-20T02:56:31.197+0000] {processor.py:179} INFO - Processing /home/airflow/.local/lib/python3.8/site-packages/airflow/example_dags/example_complex.py took 0.310 seconds
[2024-10-20T02:57:01.275+0000] {processor.py:157} INFO - Started process (PID=1276) to work on /home/airflow/.local/lib/python3.8/site-packages/airflow/example_dags/example_complex.py
[2024-10-20T02:57:01.277+0000] {processor.py:829} INFO - Processing file /home/airflow/.local/lib/python3.8/site-packages/airflow/example_dags/example_complex.py for tasks to queue
[2024-10-20T02:57:01.279+0000] {logging_mixin.py:154} INFO - [2024-10-20T02:57:01.279+0000] {dagbag.py:536} INFO - Filling up the DagBag from /home/airflow/.local/lib/python3.8/site-packages/airflow/example_dags/example_complex.py
[2024-10-20T02:57:01.292+0000] {processor.py:839} INFO - DAG(s) dict_keys(['example_complex']) retrieved from /home/airflow/.local/lib/python3.8/site-packages/airflow/example_dags/example_complex.py
[2024-10-20T02:57:01.332+0000] {logging_mixin.py:154} INFO - [2024-10-20T02:57:01.332+0000] {dag.py:2941} INFO - Sync 1 DAGs
[2024-10-20T02:57:01.346+0000] {logging_mixin.py:154} INFO - [2024-10-20T02:57:01.346+0000] {dag.py:3722} INFO - Setting next_dagrun for example_complex to None, run_after=None
[2024-10-20T02:57:01.372+0000] {processor.py:179} INFO - Processing /home/airflow/.local/lib/python3.8/site-packages/airflow/example_dags/example_complex.py took 0.100 seconds
[2024-10-20T02:57:31.730+0000] {processor.py:157} INFO - Started process (PID=1334) to work on /home/airflow/.local/lib/python3.8/site-packages/airflow/example_dags/example_complex.py
[2024-10-20T02:57:31.732+0000] {processor.py:829} INFO - Processing file /home/airflow/.local/lib/python3.8/site-packages/airflow/example_dags/example_complex.py for tasks to queue
[2024-10-20T02:57:31.734+0000] {logging_mixin.py:154} INFO - [2024-10-20T02:57:31.734+0000] {dagbag.py:536} INFO - Filling up the DagBag from /home/airflow/.local/lib/python3.8/site-packages/airflow/example_dags/example_complex.py
[2024-10-20T02:57:31.746+0000] {processor.py:839} INFO - DAG(s) dict_keys(['example_complex']) retrieved from /home/airflow/.local/lib/python3.8/site-packages/airflow/example_dags/example_complex.py
[2024-10-20T02:57:31.780+0000] {logging_mixin.py:154} INFO - [2024-10-20T02:57:31.780+0000] {dag.py:2941} INFO - Sync 1 DAGs
[2024-10-20T02:57:31.794+0000] {logging_mixin.py:154} INFO - [2024-10-20T02:57:31.794+0000] {dag.py:3722} INFO - Setting next_dagrun for example_complex to None, run_after=None
[2024-10-20T02:57:31.821+0000] {processor.py:179} INFO - Processing /home/airflow/.local/lib/python3.8/site-packages/airflow/example_dags/example_complex.py took 0.094 seconds
[2024-10-20T02:58:02.210+0000] {processor.py:157} INFO - Started process (PID=1390) to work on /home/airflow/.local/lib/python3.8/site-packages/airflow/example_dags/example_complex.py
[2024-10-20T02:58:02.211+0000] {processor.py:829} INFO - Processing file /home/airflow/.local/lib/python3.8/site-packages/airflow/example_dags/example_complex.py for tasks to queue
[2024-10-20T02:58:02.214+0000] {logging_mixin.py:154} INFO - [2024-10-20T02:58:02.214+0000] {dagbag.py:536} INFO - Filling up the DagBag from /home/airflow/.local/lib/python3.8/site-packages/airflow/example_dags/example_complex.py
[2024-10-20T02:58:02.226+0000] {processor.py:839} INFO - DAG(s) dict_keys(['example_complex']) retrieved from /home/airflow/.local/lib/python3.8/site-packages/airflow/example_dags/example_complex.py
[2024-10-20T02:58:02.479+0000] {logging_mixin.py:154} INFO - [2024-10-20T02:58:02.479+0000] {dag.py:2941} INFO - Sync 1 DAGs
[2024-10-20T02:58:02.492+0000] {logging_mixin.py:154} INFO - [2024-10-20T02:58:02.492+0000] {dag.py:3722} INFO - Setting next_dagrun for example_complex to None, run_after=None
[2024-10-20T02:58:02.520+0000] {processor.py:179} INFO - Processing /home/airflow/.local/lib/python3.8/site-packages/airflow/example_dags/example_complex.py took 0.313 seconds
[2024-10-20T02:58:32.842+0000] {processor.py:157} INFO - Started process (PID=1446) to work on /home/airflow/.local/lib/python3.8/site-packages/airflow/example_dags/example_complex.py
[2024-10-20T02:58:32.843+0000] {processor.py:829} INFO - Processing file /home/airflow/.local/lib/python3.8/site-packages/airflow/example_dags/example_complex.py for tasks to queue
[2024-10-20T02:58:32.846+0000] {logging_mixin.py:154} INFO - [2024-10-20T02:58:32.846+0000] {dagbag.py:536} INFO - Filling up the DagBag from /home/airflow/.local/lib/python3.8/site-packages/airflow/example_dags/example_complex.py
[2024-10-20T02:58:32.858+0000] {processor.py:839} INFO - DAG(s) dict_keys(['example_complex']) retrieved from /home/airflow/.local/lib/python3.8/site-packages/airflow/example_dags/example_complex.py
[2024-10-20T02:58:32.894+0000] {logging_mixin.py:154} INFO - [2024-10-20T02:58:32.894+0000] {dag.py:2941} INFO - Sync 1 DAGs
[2024-10-20T02:58:32.909+0000] {logging_mixin.py:154} INFO - [2024-10-20T02:58:32.909+0000] {dag.py:3722} INFO - Setting next_dagrun for example_complex to None, run_after=None
[2024-10-20T02:58:32.939+0000] {processor.py:179} INFO - Processing /home/airflow/.local/lib/python3.8/site-packages/airflow/example_dags/example_complex.py took 0.100 seconds
[2024-10-20T02:59:53.273+0000] {processor.py:157} INFO - Started process (PID=97) to work on /home/airflow/.local/lib/python3.8/site-packages/airflow/example_dags/example_complex.py
[2024-10-20T02:59:53.276+0000] {processor.py:829} INFO - Processing file /home/airflow/.local/lib/python3.8/site-packages/airflow/example_dags/example_complex.py for tasks to queue
[2024-10-20T02:59:53.286+0000] {logging_mixin.py:154} INFO - [2024-10-20T02:59:53.285+0000] {dagbag.py:536} INFO - Filling up the DagBag from /home/airflow/.local/lib/python3.8/site-packages/airflow/example_dags/example_complex.py
[2024-10-20T02:59:53.351+0000] {processor.py:839} INFO - DAG(s) dict_keys(['example_complex']) retrieved from /home/airflow/.local/lib/python3.8/site-packages/airflow/example_dags/example_complex.py
[2024-10-20T02:59:53.460+0000] {logging_mixin.py:154} INFO - [2024-10-20T02:59:53.459+0000] {dag.py:2941} INFO - Sync 1 DAGs
[2024-10-20T02:59:53.493+0000] {logging_mixin.py:154} INFO - [2024-10-20T02:59:53.493+0000] {dag.py:3722} INFO - Setting next_dagrun for example_complex to None, run_after=None
[2024-10-20T02:59:53.548+0000] {processor.py:179} INFO - Processing /home/airflow/.local/lib/python3.8/site-packages/airflow/example_dags/example_complex.py took 0.279 seconds
[2024-10-20T03:00:24.851+0000] {processor.py:157} INFO - Started process (PID=153) to work on /home/airflow/.local/lib/python3.8/site-packages/airflow/example_dags/example_complex.py
[2024-10-20T03:00:24.852+0000] {processor.py:829} INFO - Processing file /home/airflow/.local/lib/python3.8/site-packages/airflow/example_dags/example_complex.py for tasks to queue
[2024-10-20T03:00:24.855+0000] {logging_mixin.py:154} INFO - [2024-10-20T03:00:24.855+0000] {dagbag.py:536} INFO - Filling up the DagBag from /home/airflow/.local/lib/python3.8/site-packages/airflow/example_dags/example_complex.py
[2024-10-20T03:00:24.868+0000] {processor.py:839} INFO - DAG(s) dict_keys(['example_complex']) retrieved from /home/airflow/.local/lib/python3.8/site-packages/airflow/example_dags/example_complex.py
[2024-10-20T03:00:24.910+0000] {logging_mixin.py:154} INFO - [2024-10-20T03:00:24.909+0000] {dag.py:2941} INFO - Sync 1 DAGs
[2024-10-20T03:00:24.930+0000] {logging_mixin.py:154} INFO - [2024-10-20T03:00:24.929+0000] {dag.py:3722} INFO - Setting next_dagrun for example_complex to None, run_after=None
[2024-10-20T03:00:24.972+0000] {processor.py:179} INFO - Processing /home/airflow/.local/lib/python3.8/site-packages/airflow/example_dags/example_complex.py took 0.125 seconds
[2024-10-20T03:00:55.473+0000] {processor.py:157} INFO - Started process (PID=209) to work on /home/airflow/.local/lib/python3.8/site-packages/airflow/example_dags/example_complex.py
[2024-10-20T03:00:55.474+0000] {processor.py:829} INFO - Processing file /home/airflow/.local/lib/python3.8/site-packages/airflow/example_dags/example_complex.py for tasks to queue
[2024-10-20T03:00:55.477+0000] {logging_mixin.py:154} INFO - [2024-10-20T03:00:55.477+0000] {dagbag.py:536} INFO - Filling up the DagBag from /home/airflow/.local/lib/python3.8/site-packages/airflow/example_dags/example_complex.py
[2024-10-20T03:00:55.489+0000] {processor.py:839} INFO - DAG(s) dict_keys(['example_complex']) retrieved from /home/airflow/.local/lib/python3.8/site-packages/airflow/example_dags/example_complex.py
[2024-10-20T03:00:55.522+0000] {logging_mixin.py:154} INFO - [2024-10-20T03:00:55.522+0000] {dag.py:2941} INFO - Sync 1 DAGs
[2024-10-20T03:00:55.536+0000] {logging_mixin.py:154} INFO - [2024-10-20T03:00:55.536+0000] {dag.py:3722} INFO - Setting next_dagrun for example_complex to None, run_after=None
[2024-10-20T03:00:55.564+0000] {processor.py:179} INFO - Processing /home/airflow/.local/lib/python3.8/site-packages/airflow/example_dags/example_complex.py took 0.095 seconds
[2024-10-20T03:01:26.422+0000] {processor.py:157} INFO - Started process (PID=265) to work on /home/airflow/.local/lib/python3.8/site-packages/airflow/example_dags/example_complex.py
[2024-10-20T03:01:26.423+0000] {processor.py:829} INFO - Processing file /home/airflow/.local/lib/python3.8/site-packages/airflow/example_dags/example_complex.py for tasks to queue
[2024-10-20T03:01:26.426+0000] {logging_mixin.py:154} INFO - [2024-10-20T03:01:26.425+0000] {dagbag.py:536} INFO - Filling up the DagBag from /home/airflow/.local/lib/python3.8/site-packages/airflow/example_dags/example_complex.py
[2024-10-20T03:01:26.437+0000] {processor.py:839} INFO - DAG(s) dict_keys(['example_complex']) retrieved from /home/airflow/.local/lib/python3.8/site-packages/airflow/example_dags/example_complex.py
[2024-10-20T03:01:26.472+0000] {logging_mixin.py:154} INFO - [2024-10-20T03:01:26.472+0000] {dag.py:2941} INFO - Sync 1 DAGs
[2024-10-20T03:01:26.487+0000] {logging_mixin.py:154} INFO - [2024-10-20T03:01:26.486+0000] {dag.py:3722} INFO - Setting next_dagrun for example_complex to None, run_after=None
[2024-10-20T03:01:26.514+0000] {processor.py:179} INFO - Processing /home/airflow/.local/lib/python3.8/site-packages/airflow/example_dags/example_complex.py took 0.095 seconds
[2024-10-20T03:01:56.709+0000] {processor.py:157} INFO - Started process (PID=321) to work on /home/airflow/.local/lib/python3.8/site-packages/airflow/example_dags/example_complex.py
[2024-10-20T03:01:56.710+0000] {processor.py:829} INFO - Processing file /home/airflow/.local/lib/python3.8/site-packages/airflow/example_dags/example_complex.py for tasks to queue
[2024-10-20T03:01:56.713+0000] {logging_mixin.py:154} INFO - [2024-10-20T03:01:56.713+0000] {dagbag.py:536} INFO - Filling up the DagBag from /home/airflow/.local/lib/python3.8/site-packages/airflow/example_dags/example_complex.py
[2024-10-20T03:01:56.726+0000] {processor.py:839} INFO - DAG(s) dict_keys(['example_complex']) retrieved from /home/airflow/.local/lib/python3.8/site-packages/airflow/example_dags/example_complex.py
[2024-10-20T03:01:56.769+0000] {logging_mixin.py:154} INFO - [2024-10-20T03:01:56.768+0000] {dag.py:2941} INFO - Sync 1 DAGs
[2024-10-20T03:01:56.785+0000] {logging_mixin.py:154} INFO - [2024-10-20T03:01:56.785+0000] {dag.py:3722} INFO - Setting next_dagrun for example_complex to None, run_after=None
[2024-10-20T03:01:56.819+0000] {processor.py:179} INFO - Processing /home/airflow/.local/lib/python3.8/site-packages/airflow/example_dags/example_complex.py took 0.114 seconds
[2024-10-20T03:02:27.296+0000] {processor.py:157} INFO - Started process (PID=381) to work on /home/airflow/.local/lib/python3.8/site-packages/airflow/example_dags/example_complex.py
[2024-10-20T03:02:27.297+0000] {processor.py:829} INFO - Processing file /home/airflow/.local/lib/python3.8/site-packages/airflow/example_dags/example_complex.py for tasks to queue
[2024-10-20T03:02:27.300+0000] {logging_mixin.py:154} INFO - [2024-10-20T03:02:27.300+0000] {dagbag.py:536} INFO - Filling up the DagBag from /home/airflow/.local/lib/python3.8/site-packages/airflow/example_dags/example_complex.py
[2024-10-20T03:02:27.313+0000] {processor.py:839} INFO - DAG(s) dict_keys(['example_complex']) retrieved from /home/airflow/.local/lib/python3.8/site-packages/airflow/example_dags/example_complex.py
[2024-10-20T03:02:27.360+0000] {logging_mixin.py:154} INFO - [2024-10-20T03:02:27.360+0000] {dag.py:2941} INFO - Sync 1 DAGs
[2024-10-20T03:02:27.376+0000] {logging_mixin.py:154} INFO - [2024-10-20T03:02:27.376+0000] {dag.py:3722} INFO - Setting next_dagrun for example_complex to None, run_after=None
[2024-10-20T03:02:27.412+0000] {processor.py:179} INFO - Processing /home/airflow/.local/lib/python3.8/site-packages/airflow/example_dags/example_complex.py took 0.120 seconds
[2024-10-20T03:02:58.065+0000] {processor.py:157} INFO - Started process (PID=437) to work on /home/airflow/.local/lib/python3.8/site-packages/airflow/example_dags/example_complex.py
[2024-10-20T03:02:58.066+0000] {processor.py:829} INFO - Processing file /home/airflow/.local/lib/python3.8/site-packages/airflow/example_dags/example_complex.py for tasks to queue
[2024-10-20T03:02:58.068+0000] {logging_mixin.py:154} INFO - [2024-10-20T03:02:58.068+0000] {dagbag.py:536} INFO - Filling up the DagBag from /home/airflow/.local/lib/python3.8/site-packages/airflow/example_dags/example_complex.py
[2024-10-20T03:02:58.078+0000] {processor.py:839} INFO - DAG(s) dict_keys(['example_complex']) retrieved from /home/airflow/.local/lib/python3.8/site-packages/airflow/example_dags/example_complex.py
[2024-10-20T03:02:58.108+0000] {logging_mixin.py:154} INFO - [2024-10-20T03:02:58.108+0000] {dag.py:2941} INFO - Sync 1 DAGs
[2024-10-20T03:02:58.120+0000] {logging_mixin.py:154} INFO - [2024-10-20T03:02:58.120+0000] {dag.py:3722} INFO - Setting next_dagrun for example_complex to None, run_after=None
[2024-10-20T03:02:58.143+0000] {processor.py:179} INFO - Processing /home/airflow/.local/lib/python3.8/site-packages/airflow/example_dags/example_complex.py took 0.081 seconds
[2024-10-20T03:03:28.788+0000] {processor.py:157} INFO - Started process (PID=493) to work on /home/airflow/.local/lib/python3.8/site-packages/airflow/example_dags/example_complex.py
[2024-10-20T03:03:28.789+0000] {processor.py:829} INFO - Processing file /home/airflow/.local/lib/python3.8/site-packages/airflow/example_dags/example_complex.py for tasks to queue
[2024-10-20T03:03:28.792+0000] {logging_mixin.py:154} INFO - [2024-10-20T03:03:28.791+0000] {dagbag.py:536} INFO - Filling up the DagBag from /home/airflow/.local/lib/python3.8/site-packages/airflow/example_dags/example_complex.py
[2024-10-20T03:03:28.801+0000] {processor.py:839} INFO - DAG(s) dict_keys(['example_complex']) retrieved from /home/airflow/.local/lib/python3.8/site-packages/airflow/example_dags/example_complex.py
[2024-10-20T03:03:28.831+0000] {logging_mixin.py:154} INFO - [2024-10-20T03:03:28.831+0000] {dag.py:2941} INFO - Sync 1 DAGs
[2024-10-20T03:03:28.845+0000] {logging_mixin.py:154} INFO - [2024-10-20T03:03:28.845+0000] {dag.py:3722} INFO - Setting next_dagrun for example_complex to None, run_after=None
[2024-10-20T03:03:28.869+0000] {processor.py:179} INFO - Processing /home/airflow/.local/lib/python3.8/site-packages/airflow/example_dags/example_complex.py took 0.084 seconds
[2024-10-20T03:03:59.101+0000] {processor.py:157} INFO - Started process (PID=549) to work on /home/airflow/.local/lib/python3.8/site-packages/airflow/example_dags/example_complex.py
[2024-10-20T03:03:59.102+0000] {processor.py:829} INFO - Processing file /home/airflow/.local/lib/python3.8/site-packages/airflow/example_dags/example_complex.py for tasks to queue
[2024-10-20T03:03:59.104+0000] {logging_mixin.py:154} INFO - [2024-10-20T03:03:59.104+0000] {dagbag.py:536} INFO - Filling up the DagBag from /home/airflow/.local/lib/python3.8/site-packages/airflow/example_dags/example_complex.py
[2024-10-20T03:03:59.113+0000] {processor.py:839} INFO - DAG(s) dict_keys(['example_complex']) retrieved from /home/airflow/.local/lib/python3.8/site-packages/airflow/example_dags/example_complex.py
[2024-10-20T03:03:59.144+0000] {logging_mixin.py:154} INFO - [2024-10-20T03:03:59.144+0000] {dag.py:2941} INFO - Sync 1 DAGs
[2024-10-20T03:03:59.155+0000] {logging_mixin.py:154} INFO - [2024-10-20T03:03:59.155+0000] {dag.py:3722} INFO - Setting next_dagrun for example_complex to None, run_after=None
[2024-10-20T03:03:59.178+0000] {processor.py:179} INFO - Processing /home/airflow/.local/lib/python3.8/site-packages/airflow/example_dags/example_complex.py took 0.080 seconds
[2024-10-20T03:04:29.465+0000] {processor.py:157} INFO - Started process (PID=604) to work on /home/airflow/.local/lib/python3.8/site-packages/airflow/example_dags/example_complex.py
[2024-10-20T03:04:29.467+0000] {processor.py:829} INFO - Processing file /home/airflow/.local/lib/python3.8/site-packages/airflow/example_dags/example_complex.py for tasks to queue
[2024-10-20T03:04:29.469+0000] {logging_mixin.py:154} INFO - [2024-10-20T03:04:29.469+0000] {dagbag.py:536} INFO - Filling up the DagBag from /home/airflow/.local/lib/python3.8/site-packages/airflow/example_dags/example_complex.py
[2024-10-20T03:04:29.480+0000] {processor.py:839} INFO - DAG(s) dict_keys(['example_complex']) retrieved from /home/airflow/.local/lib/python3.8/site-packages/airflow/example_dags/example_complex.py
[2024-10-20T03:04:29.512+0000] {logging_mixin.py:154} INFO - [2024-10-20T03:04:29.512+0000] {dag.py:2941} INFO - Sync 1 DAGs
[2024-10-20T03:04:29.525+0000] {logging_mixin.py:154} INFO - [2024-10-20T03:04:29.525+0000] {dag.py:3722} INFO - Setting next_dagrun for example_complex to None, run_after=None
[2024-10-20T03:04:29.550+0000] {processor.py:179} INFO - Processing /home/airflow/.local/lib/python3.8/site-packages/airflow/example_dags/example_complex.py took 0.088 seconds
[2024-10-20T03:04:59.887+0000] {processor.py:157} INFO - Started process (PID=659) to work on /home/airflow/.local/lib/python3.8/site-packages/airflow/example_dags/example_complex.py
[2024-10-20T03:04:59.888+0000] {processor.py:829} INFO - Processing file /home/airflow/.local/lib/python3.8/site-packages/airflow/example_dags/example_complex.py for tasks to queue
[2024-10-20T03:04:59.891+0000] {logging_mixin.py:154} INFO - [2024-10-20T03:04:59.890+0000] {dagbag.py:536} INFO - Filling up the DagBag from /home/airflow/.local/lib/python3.8/site-packages/airflow/example_dags/example_complex.py
[2024-10-20T03:04:59.906+0000] {processor.py:839} INFO - DAG(s) dict_keys(['example_complex']) retrieved from /home/airflow/.local/lib/python3.8/site-packages/airflow/example_dags/example_complex.py
[2024-10-20T03:04:59.941+0000] {logging_mixin.py:154} INFO - [2024-10-20T03:04:59.940+0000] {dag.py:2941} INFO - Sync 1 DAGs
[2024-10-20T03:04:59.954+0000] {logging_mixin.py:154} INFO - [2024-10-20T03:04:59.954+0000] {dag.py:3722} INFO - Setting next_dagrun for example_complex to None, run_after=None
[2024-10-20T03:04:59.977+0000] {processor.py:179} INFO - Processing /home/airflow/.local/lib/python3.8/site-packages/airflow/example_dags/example_complex.py took 0.094 seconds
[2024-10-20T03:05:30.126+0000] {processor.py:157} INFO - Started process (PID=715) to work on /home/airflow/.local/lib/python3.8/site-packages/airflow/example_dags/example_complex.py
[2024-10-20T03:05:30.128+0000] {processor.py:829} INFO - Processing file /home/airflow/.local/lib/python3.8/site-packages/airflow/example_dags/example_complex.py for tasks to queue
[2024-10-20T03:05:30.131+0000] {logging_mixin.py:154} INFO - [2024-10-20T03:05:30.130+0000] {dagbag.py:536} INFO - Filling up the DagBag from /home/airflow/.local/lib/python3.8/site-packages/airflow/example_dags/example_complex.py
[2024-10-20T03:05:30.143+0000] {processor.py:839} INFO - DAG(s) dict_keys(['example_complex']) retrieved from /home/airflow/.local/lib/python3.8/site-packages/airflow/example_dags/example_complex.py
[2024-10-20T03:05:30.178+0000] {logging_mixin.py:154} INFO - [2024-10-20T03:05:30.177+0000] {dag.py:2941} INFO - Sync 1 DAGs
[2024-10-20T03:05:30.190+0000] {logging_mixin.py:154} INFO - [2024-10-20T03:05:30.190+0000] {dag.py:3722} INFO - Setting next_dagrun for example_complex to None, run_after=None
[2024-10-20T03:05:30.217+0000] {processor.py:179} INFO - Processing /home/airflow/.local/lib/python3.8/site-packages/airflow/example_dags/example_complex.py took 0.094 seconds
[2024-10-20T03:06:00.488+0000] {processor.py:157} INFO - Started process (PID=771) to work on /home/airflow/.local/lib/python3.8/site-packages/airflow/example_dags/example_complex.py
[2024-10-20T03:06:00.489+0000] {processor.py:829} INFO - Processing file /home/airflow/.local/lib/python3.8/site-packages/airflow/example_dags/example_complex.py for tasks to queue
[2024-10-20T03:06:00.493+0000] {logging_mixin.py:154} INFO - [2024-10-20T03:06:00.492+0000] {dagbag.py:536} INFO - Filling up the DagBag from /home/airflow/.local/lib/python3.8/site-packages/airflow/example_dags/example_complex.py
[2024-10-20T03:06:00.506+0000] {processor.py:839} INFO - DAG(s) dict_keys(['example_complex']) retrieved from /home/airflow/.local/lib/python3.8/site-packages/airflow/example_dags/example_complex.py
[2024-10-20T03:06:00.541+0000] {logging_mixin.py:154} INFO - [2024-10-20T03:06:00.540+0000] {dag.py:2941} INFO - Sync 1 DAGs
[2024-10-20T03:06:00.559+0000] {logging_mixin.py:154} INFO - [2024-10-20T03:06:00.559+0000] {dag.py:3722} INFO - Setting next_dagrun for example_complex to None, run_after=None
[2024-10-20T03:06:00.589+0000] {processor.py:179} INFO - Processing /home/airflow/.local/lib/python3.8/site-packages/airflow/example_dags/example_complex.py took 0.105 seconds
[2024-10-20T03:06:31.338+0000] {processor.py:157} INFO - Started process (PID=827) to work on /home/airflow/.local/lib/python3.8/site-packages/airflow/example_dags/example_complex.py
[2024-10-20T03:06:31.339+0000] {processor.py:829} INFO - Processing file /home/airflow/.local/lib/python3.8/site-packages/airflow/example_dags/example_complex.py for tasks to queue
[2024-10-20T03:06:31.342+0000] {logging_mixin.py:154} INFO - [2024-10-20T03:06:31.341+0000] {dagbag.py:536} INFO - Filling up the DagBag from /home/airflow/.local/lib/python3.8/site-packages/airflow/example_dags/example_complex.py
[2024-10-20T03:06:31.354+0000] {processor.py:839} INFO - DAG(s) dict_keys(['example_complex']) retrieved from /home/airflow/.local/lib/python3.8/site-packages/airflow/example_dags/example_complex.py
[2024-10-20T03:06:31.391+0000] {logging_mixin.py:154} INFO - [2024-10-20T03:06:31.391+0000] {dag.py:2941} INFO - Sync 1 DAGs
[2024-10-20T03:06:31.407+0000] {logging_mixin.py:154} INFO - [2024-10-20T03:06:31.406+0000] {dag.py:3722} INFO - Setting next_dagrun for example_complex to None, run_after=None
[2024-10-20T03:06:31.438+0000] {processor.py:179} INFO - Processing /home/airflow/.local/lib/python3.8/site-packages/airflow/example_dags/example_complex.py took 0.103 seconds
[2024-10-20T03:07:01.559+0000] {processor.py:157} INFO - Started process (PID=883) to work on /home/airflow/.local/lib/python3.8/site-packages/airflow/example_dags/example_complex.py
[2024-10-20T03:07:01.560+0000] {processor.py:829} INFO - Processing file /home/airflow/.local/lib/python3.8/site-packages/airflow/example_dags/example_complex.py for tasks to queue
[2024-10-20T03:07:01.563+0000] {logging_mixin.py:154} INFO - [2024-10-20T03:07:01.563+0000] {dagbag.py:536} INFO - Filling up the DagBag from /home/airflow/.local/lib/python3.8/site-packages/airflow/example_dags/example_complex.py
[2024-10-20T03:07:01.577+0000] {processor.py:839} INFO - DAG(s) dict_keys(['example_complex']) retrieved from /home/airflow/.local/lib/python3.8/site-packages/airflow/example_dags/example_complex.py
[2024-10-20T03:07:01.617+0000] {logging_mixin.py:154} INFO - [2024-10-20T03:07:01.617+0000] {dag.py:2941} INFO - Sync 1 DAGs
[2024-10-20T03:07:01.635+0000] {logging_mixin.py:154} INFO - [2024-10-20T03:07:01.635+0000] {dag.py:3722} INFO - Setting next_dagrun for example_complex to None, run_after=None
[2024-10-20T03:07:01.671+0000] {processor.py:179} INFO - Processing /home/airflow/.local/lib/python3.8/site-packages/airflow/example_dags/example_complex.py took 0.116 seconds
[2024-10-20T03:07:32.024+0000] {processor.py:157} INFO - Started process (PID=939) to work on /home/airflow/.local/lib/python3.8/site-packages/airflow/example_dags/example_complex.py
[2024-10-20T03:07:32.025+0000] {processor.py:829} INFO - Processing file /home/airflow/.local/lib/python3.8/site-packages/airflow/example_dags/example_complex.py for tasks to queue
[2024-10-20T03:07:32.028+0000] {logging_mixin.py:154} INFO - [2024-10-20T03:07:32.027+0000] {dagbag.py:536} INFO - Filling up the DagBag from /home/airflow/.local/lib/python3.8/site-packages/airflow/example_dags/example_complex.py
[2024-10-20T03:07:32.040+0000] {processor.py:839} INFO - DAG(s) dict_keys(['example_complex']) retrieved from /home/airflow/.local/lib/python3.8/site-packages/airflow/example_dags/example_complex.py
[2024-10-20T03:07:32.072+0000] {logging_mixin.py:154} INFO - [2024-10-20T03:07:32.072+0000] {dag.py:2941} INFO - Sync 1 DAGs
[2024-10-20T03:07:32.086+0000] {logging_mixin.py:154} INFO - [2024-10-20T03:07:32.085+0000] {dag.py:3722} INFO - Setting next_dagrun for example_complex to None, run_after=None
[2024-10-20T03:07:32.109+0000] {processor.py:179} INFO - Processing /home/airflow/.local/lib/python3.8/site-packages/airflow/example_dags/example_complex.py took 0.088 seconds
[2024-10-20T03:08:48.771+0000] {processor.py:157} INFO - Started process (PID=92) to work on /home/airflow/.local/lib/python3.8/site-packages/airflow/example_dags/example_complex.py
[2024-10-20T03:08:48.773+0000] {processor.py:829} INFO - Processing file /home/airflow/.local/lib/python3.8/site-packages/airflow/example_dags/example_complex.py for tasks to queue
[2024-10-20T03:08:48.778+0000] {logging_mixin.py:154} INFO - [2024-10-20T03:08:48.777+0000] {dagbag.py:536} INFO - Filling up the DagBag from /home/airflow/.local/lib/python3.8/site-packages/airflow/example_dags/example_complex.py
[2024-10-20T03:08:48.798+0000] {processor.py:839} INFO - DAG(s) dict_keys(['example_complex']) retrieved from /home/airflow/.local/lib/python3.8/site-packages/airflow/example_dags/example_complex.py
[2024-10-20T03:08:48.820+0000] {logging_mixin.py:154} INFO - [2024-10-20T03:08:48.820+0000] {dag.py:2941} INFO - Sync 1 DAGs
[2024-10-20T03:08:48.855+0000] {logging_mixin.py:154} INFO - [2024-10-20T03:08:48.854+0000] {dag.py:3722} INFO - Setting next_dagrun for example_complex to None, run_after=None
[2024-10-20T03:08:48.897+0000] {processor.py:179} INFO - Processing /home/airflow/.local/lib/python3.8/site-packages/airflow/example_dags/example_complex.py took 0.131 seconds
[2024-10-20T03:09:19.978+0000] {processor.py:157} INFO - Started process (PID=148) to work on /home/airflow/.local/lib/python3.8/site-packages/airflow/example_dags/example_complex.py
[2024-10-20T03:09:19.979+0000] {processor.py:829} INFO - Processing file /home/airflow/.local/lib/python3.8/site-packages/airflow/example_dags/example_complex.py for tasks to queue
[2024-10-20T03:09:19.982+0000] {logging_mixin.py:154} INFO - [2024-10-20T03:09:19.982+0000] {dagbag.py:536} INFO - Filling up the DagBag from /home/airflow/.local/lib/python3.8/site-packages/airflow/example_dags/example_complex.py
[2024-10-20T03:09:20.005+0000] {processor.py:839} INFO - DAG(s) dict_keys(['example_complex']) retrieved from /home/airflow/.local/lib/python3.8/site-packages/airflow/example_dags/example_complex.py
[2024-10-20T03:09:20.053+0000] {logging_mixin.py:154} INFO - [2024-10-20T03:09:20.053+0000] {dag.py:2941} INFO - Sync 1 DAGs
[2024-10-20T03:09:20.080+0000] {logging_mixin.py:154} INFO - [2024-10-20T03:09:20.079+0000] {dag.py:3722} INFO - Setting next_dagrun for example_complex to None, run_after=None
[2024-10-20T03:09:20.114+0000] {processor.py:179} INFO - Processing /home/airflow/.local/lib/python3.8/site-packages/airflow/example_dags/example_complex.py took 0.140 seconds
[2024-10-20T03:09:50.503+0000] {processor.py:157} INFO - Started process (PID=204) to work on /home/airflow/.local/lib/python3.8/site-packages/airflow/example_dags/example_complex.py
[2024-10-20T03:09:50.504+0000] {processor.py:829} INFO - Processing file /home/airflow/.local/lib/python3.8/site-packages/airflow/example_dags/example_complex.py for tasks to queue
[2024-10-20T03:09:50.506+0000] {logging_mixin.py:154} INFO - [2024-10-20T03:09:50.506+0000] {dagbag.py:536} INFO - Filling up the DagBag from /home/airflow/.local/lib/python3.8/site-packages/airflow/example_dags/example_complex.py
[2024-10-20T03:09:50.517+0000] {processor.py:839} INFO - DAG(s) dict_keys(['example_complex']) retrieved from /home/airflow/.local/lib/python3.8/site-packages/airflow/example_dags/example_complex.py
[2024-10-20T03:09:50.550+0000] {logging_mixin.py:154} INFO - [2024-10-20T03:09:50.550+0000] {dag.py:2941} INFO - Sync 1 DAGs
[2024-10-20T03:09:50.563+0000] {logging_mixin.py:154} INFO - [2024-10-20T03:09:50.563+0000] {dag.py:3722} INFO - Setting next_dagrun for example_complex to None, run_after=None
[2024-10-20T03:09:50.585+0000] {processor.py:179} INFO - Processing /home/airflow/.local/lib/python3.8/site-packages/airflow/example_dags/example_complex.py took 0.085 seconds
[2024-10-20T03:10:20.729+0000] {processor.py:157} INFO - Started process (PID=260) to work on /home/airflow/.local/lib/python3.8/site-packages/airflow/example_dags/example_complex.py
[2024-10-20T03:10:20.731+0000] {processor.py:829} INFO - Processing file /home/airflow/.local/lib/python3.8/site-packages/airflow/example_dags/example_complex.py for tasks to queue
[2024-10-20T03:10:20.733+0000] {logging_mixin.py:154} INFO - [2024-10-20T03:10:20.733+0000] {dagbag.py:536} INFO - Filling up the DagBag from /home/airflow/.local/lib/python3.8/site-packages/airflow/example_dags/example_complex.py
[2024-10-20T03:10:20.745+0000] {processor.py:839} INFO - DAG(s) dict_keys(['example_complex']) retrieved from /home/airflow/.local/lib/python3.8/site-packages/airflow/example_dags/example_complex.py
[2024-10-20T03:10:20.781+0000] {logging_mixin.py:154} INFO - [2024-10-20T03:10:20.781+0000] {dag.py:2941} INFO - Sync 1 DAGs
[2024-10-20T03:10:20.798+0000] {logging_mixin.py:154} INFO - [2024-10-20T03:10:20.797+0000] {dag.py:3722} INFO - Setting next_dagrun for example_complex to None, run_after=None
[2024-10-20T03:10:20.839+0000] {processor.py:179} INFO - Processing /home/airflow/.local/lib/python3.8/site-packages/airflow/example_dags/example_complex.py took 0.114 seconds
[2024-10-20T03:10:51.715+0000] {processor.py:157} INFO - Started process (PID=316) to work on /home/airflow/.local/lib/python3.8/site-packages/airflow/example_dags/example_complex.py
[2024-10-20T03:10:51.718+0000] {processor.py:829} INFO - Processing file /home/airflow/.local/lib/python3.8/site-packages/airflow/example_dags/example_complex.py for tasks to queue
[2024-10-20T03:10:51.723+0000] {logging_mixin.py:154} INFO - [2024-10-20T03:10:51.722+0000] {dagbag.py:536} INFO - Filling up the DagBag from /home/airflow/.local/lib/python3.8/site-packages/airflow/example_dags/example_complex.py
[2024-10-20T03:10:51.746+0000] {processor.py:839} INFO - DAG(s) dict_keys(['example_complex']) retrieved from /home/airflow/.local/lib/python3.8/site-packages/airflow/example_dags/example_complex.py
[2024-10-20T03:10:51.805+0000] {logging_mixin.py:154} INFO - [2024-10-20T03:10:51.805+0000] {dag.py:2941} INFO - Sync 1 DAGs
[2024-10-20T03:10:51.819+0000] {logging_mixin.py:154} INFO - [2024-10-20T03:10:51.819+0000] {dag.py:3722} INFO - Setting next_dagrun for example_complex to None, run_after=None
[2024-10-20T03:10:51.845+0000] {processor.py:179} INFO - Processing /home/airflow/.local/lib/python3.8/site-packages/airflow/example_dags/example_complex.py took 0.135 seconds
[2024-10-20T03:11:22.704+0000] {processor.py:157} INFO - Started process (PID=372) to work on /home/airflow/.local/lib/python3.8/site-packages/airflow/example_dags/example_complex.py
[2024-10-20T03:11:22.705+0000] {processor.py:829} INFO - Processing file /home/airflow/.local/lib/python3.8/site-packages/airflow/example_dags/example_complex.py for tasks to queue
[2024-10-20T03:11:22.707+0000] {logging_mixin.py:154} INFO - [2024-10-20T03:11:22.707+0000] {dagbag.py:536} INFO - Filling up the DagBag from /home/airflow/.local/lib/python3.8/site-packages/airflow/example_dags/example_complex.py
[2024-10-20T03:11:22.718+0000] {processor.py:839} INFO - DAG(s) dict_keys(['example_complex']) retrieved from /home/airflow/.local/lib/python3.8/site-packages/airflow/example_dags/example_complex.py
[2024-10-20T03:11:22.753+0000] {logging_mixin.py:154} INFO - [2024-10-20T03:11:22.752+0000] {dag.py:2941} INFO - Sync 1 DAGs
[2024-10-20T03:11:22.766+0000] {logging_mixin.py:154} INFO - [2024-10-20T03:11:22.766+0000] {dag.py:3722} INFO - Setting next_dagrun for example_complex to None, run_after=None
[2024-10-20T03:11:22.789+0000] {processor.py:179} INFO - Processing /home/airflow/.local/lib/python3.8/site-packages/airflow/example_dags/example_complex.py took 0.088 seconds
[2024-10-20T03:11:53.854+0000] {processor.py:157} INFO - Started process (PID=428) to work on /home/airflow/.local/lib/python3.8/site-packages/airflow/example_dags/example_complex.py
[2024-10-20T03:11:53.856+0000] {processor.py:829} INFO - Processing file /home/airflow/.local/lib/python3.8/site-packages/airflow/example_dags/example_complex.py for tasks to queue
[2024-10-20T03:11:53.858+0000] {logging_mixin.py:154} INFO - [2024-10-20T03:11:53.858+0000] {dagbag.py:536} INFO - Filling up the DagBag from /home/airflow/.local/lib/python3.8/site-packages/airflow/example_dags/example_complex.py
[2024-10-20T03:11:53.868+0000] {processor.py:839} INFO - DAG(s) dict_keys(['example_complex']) retrieved from /home/airflow/.local/lib/python3.8/site-packages/airflow/example_dags/example_complex.py
[2024-10-20T03:11:53.901+0000] {logging_mixin.py:154} INFO - [2024-10-20T03:11:53.901+0000] {dag.py:2941} INFO - Sync 1 DAGs
[2024-10-20T03:11:53.915+0000] {logging_mixin.py:154} INFO - [2024-10-20T03:11:53.915+0000] {dag.py:3722} INFO - Setting next_dagrun for example_complex to None, run_after=None
[2024-10-20T03:11:53.941+0000] {processor.py:179} INFO - Processing /home/airflow/.local/lib/python3.8/site-packages/airflow/example_dags/example_complex.py took 0.089 seconds
[2024-10-20T03:12:24.129+0000] {processor.py:157} INFO - Started process (PID=484) to work on /home/airflow/.local/lib/python3.8/site-packages/airflow/example_dags/example_complex.py
[2024-10-20T03:12:24.130+0000] {processor.py:829} INFO - Processing file /home/airflow/.local/lib/python3.8/site-packages/airflow/example_dags/example_complex.py for tasks to queue
[2024-10-20T03:12:24.133+0000] {logging_mixin.py:154} INFO - [2024-10-20T03:12:24.132+0000] {dagbag.py:536} INFO - Filling up the DagBag from /home/airflow/.local/lib/python3.8/site-packages/airflow/example_dags/example_complex.py
[2024-10-20T03:12:24.142+0000] {processor.py:839} INFO - DAG(s) dict_keys(['example_complex']) retrieved from /home/airflow/.local/lib/python3.8/site-packages/airflow/example_dags/example_complex.py
[2024-10-20T03:12:24.174+0000] {logging_mixin.py:154} INFO - [2024-10-20T03:12:24.173+0000] {dag.py:2941} INFO - Sync 1 DAGs
[2024-10-20T03:12:24.199+0000] {logging_mixin.py:154} INFO - [2024-10-20T03:12:24.199+0000] {dag.py:3722} INFO - Setting next_dagrun for example_complex to None, run_after=None
[2024-10-20T03:12:24.224+0000] {processor.py:179} INFO - Processing /home/airflow/.local/lib/python3.8/site-packages/airflow/example_dags/example_complex.py took 0.098 seconds
[2024-10-20T03:12:54.581+0000] {processor.py:157} INFO - Started process (PID=539) to work on /home/airflow/.local/lib/python3.8/site-packages/airflow/example_dags/example_complex.py
[2024-10-20T03:12:54.582+0000] {processor.py:829} INFO - Processing file /home/airflow/.local/lib/python3.8/site-packages/airflow/example_dags/example_complex.py for tasks to queue
[2024-10-20T03:12:54.585+0000] {logging_mixin.py:154} INFO - [2024-10-20T03:12:54.585+0000] {dagbag.py:536} INFO - Filling up the DagBag from /home/airflow/.local/lib/python3.8/site-packages/airflow/example_dags/example_complex.py
[2024-10-20T03:12:54.595+0000] {processor.py:839} INFO - DAG(s) dict_keys(['example_complex']) retrieved from /home/airflow/.local/lib/python3.8/site-packages/airflow/example_dags/example_complex.py
[2024-10-20T03:12:54.629+0000] {logging_mixin.py:154} INFO - [2024-10-20T03:12:54.629+0000] {dag.py:2941} INFO - Sync 1 DAGs
[2024-10-20T03:12:54.645+0000] {logging_mixin.py:154} INFO - [2024-10-20T03:12:54.645+0000] {dag.py:3722} INFO - Setting next_dagrun for example_complex to None, run_after=None
[2024-10-20T03:12:54.669+0000] {processor.py:179} INFO - Processing /home/airflow/.local/lib/python3.8/site-packages/airflow/example_dags/example_complex.py took 0.092 seconds
[2024-10-20T03:13:25.137+0000] {processor.py:157} INFO - Started process (PID=594) to work on /home/airflow/.local/lib/python3.8/site-packages/airflow/example_dags/example_complex.py
[2024-10-20T03:13:25.139+0000] {processor.py:829} INFO - Processing file /home/airflow/.local/lib/python3.8/site-packages/airflow/example_dags/example_complex.py for tasks to queue
[2024-10-20T03:13:25.141+0000] {logging_mixin.py:154} INFO - [2024-10-20T03:13:25.141+0000] {dagbag.py:536} INFO - Filling up the DagBag from /home/airflow/.local/lib/python3.8/site-packages/airflow/example_dags/example_complex.py
[2024-10-20T03:13:25.152+0000] {processor.py:839} INFO - DAG(s) dict_keys(['example_complex']) retrieved from /home/airflow/.local/lib/python3.8/site-packages/airflow/example_dags/example_complex.py
[2024-10-20T03:13:25.182+0000] {logging_mixin.py:154} INFO - [2024-10-20T03:13:25.182+0000] {dag.py:2941} INFO - Sync 1 DAGs
[2024-10-20T03:13:25.195+0000] {logging_mixin.py:154} INFO - [2024-10-20T03:13:25.195+0000] {dag.py:3722} INFO - Setting next_dagrun for example_complex to None, run_after=None
[2024-10-20T03:13:25.219+0000] {processor.py:179} INFO - Processing /home/airflow/.local/lib/python3.8/site-packages/airflow/example_dags/example_complex.py took 0.086 seconds
[2024-10-20T03:13:55.559+0000] {processor.py:157} INFO - Started process (PID=650) to work on /home/airflow/.local/lib/python3.8/site-packages/airflow/example_dags/example_complex.py
[2024-10-20T03:13:55.561+0000] {processor.py:829} INFO - Processing file /home/airflow/.local/lib/python3.8/site-packages/airflow/example_dags/example_complex.py for tasks to queue
[2024-10-20T03:13:55.563+0000] {logging_mixin.py:154} INFO - [2024-10-20T03:13:55.563+0000] {dagbag.py:536} INFO - Filling up the DagBag from /home/airflow/.local/lib/python3.8/site-packages/airflow/example_dags/example_complex.py
[2024-10-20T03:13:55.574+0000] {processor.py:839} INFO - DAG(s) dict_keys(['example_complex']) retrieved from /home/airflow/.local/lib/python3.8/site-packages/airflow/example_dags/example_complex.py
[2024-10-20T03:13:55.607+0000] {logging_mixin.py:154} INFO - [2024-10-20T03:13:55.607+0000] {dag.py:2941} INFO - Sync 1 DAGs
[2024-10-20T03:13:55.620+0000] {logging_mixin.py:154} INFO - [2024-10-20T03:13:55.620+0000] {dag.py:3722} INFO - Setting next_dagrun for example_complex to None, run_after=None
[2024-10-20T03:13:55.644+0000] {processor.py:179} INFO - Processing /home/airflow/.local/lib/python3.8/site-packages/airflow/example_dags/example_complex.py took 0.087 seconds
[2024-10-20T03:14:25.981+0000] {processor.py:157} INFO - Started process (PID=706) to work on /home/airflow/.local/lib/python3.8/site-packages/airflow/example_dags/example_complex.py
[2024-10-20T03:14:25.983+0000] {processor.py:829} INFO - Processing file /home/airflow/.local/lib/python3.8/site-packages/airflow/example_dags/example_complex.py for tasks to queue
[2024-10-20T03:14:25.986+0000] {logging_mixin.py:154} INFO - [2024-10-20T03:14:25.986+0000] {dagbag.py:536} INFO - Filling up the DagBag from /home/airflow/.local/lib/python3.8/site-packages/airflow/example_dags/example_complex.py
[2024-10-20T03:14:25.997+0000] {processor.py:839} INFO - DAG(s) dict_keys(['example_complex']) retrieved from /home/airflow/.local/lib/python3.8/site-packages/airflow/example_dags/example_complex.py
[2024-10-20T03:14:26.030+0000] {logging_mixin.py:154} INFO - [2024-10-20T03:14:26.029+0000] {dag.py:2941} INFO - Sync 1 DAGs
[2024-10-20T03:14:26.043+0000] {logging_mixin.py:154} INFO - [2024-10-20T03:14:26.043+0000] {dag.py:3722} INFO - Setting next_dagrun for example_complex to None, run_after=None
[2024-10-20T03:14:26.067+0000] {processor.py:179} INFO - Processing /home/airflow/.local/lib/python3.8/site-packages/airflow/example_dags/example_complex.py took 0.089 seconds
[2024-10-20T03:14:56.300+0000] {processor.py:157} INFO - Started process (PID=762) to work on /home/airflow/.local/lib/python3.8/site-packages/airflow/example_dags/example_complex.py
[2024-10-20T03:14:56.301+0000] {processor.py:829} INFO - Processing file /home/airflow/.local/lib/python3.8/site-packages/airflow/example_dags/example_complex.py for tasks to queue
[2024-10-20T03:14:56.304+0000] {logging_mixin.py:154} INFO - [2024-10-20T03:14:56.303+0000] {dagbag.py:536} INFO - Filling up the DagBag from /home/airflow/.local/lib/python3.8/site-packages/airflow/example_dags/example_complex.py
[2024-10-20T03:14:56.317+0000] {processor.py:839} INFO - DAG(s) dict_keys(['example_complex']) retrieved from /home/airflow/.local/lib/python3.8/site-packages/airflow/example_dags/example_complex.py
[2024-10-20T03:14:56.352+0000] {logging_mixin.py:154} INFO - [2024-10-20T03:14:56.352+0000] {dag.py:2941} INFO - Sync 1 DAGs
[2024-10-20T03:14:56.365+0000] {logging_mixin.py:154} INFO - [2024-10-20T03:14:56.365+0000] {dag.py:3722} INFO - Setting next_dagrun for example_complex to None, run_after=None
[2024-10-20T03:14:56.394+0000] {processor.py:179} INFO - Processing /home/airflow/.local/lib/python3.8/site-packages/airflow/example_dags/example_complex.py took 0.098 seconds
[2024-10-20T03:15:26.932+0000] {processor.py:157} INFO - Started process (PID=818) to work on /home/airflow/.local/lib/python3.8/site-packages/airflow/example_dags/example_complex.py
[2024-10-20T03:15:26.933+0000] {processor.py:829} INFO - Processing file /home/airflow/.local/lib/python3.8/site-packages/airflow/example_dags/example_complex.py for tasks to queue
[2024-10-20T03:15:26.935+0000] {logging_mixin.py:154} INFO - [2024-10-20T03:15:26.935+0000] {dagbag.py:536} INFO - Filling up the DagBag from /home/airflow/.local/lib/python3.8/site-packages/airflow/example_dags/example_complex.py
[2024-10-20T03:15:26.946+0000] {processor.py:839} INFO - DAG(s) dict_keys(['example_complex']) retrieved from /home/airflow/.local/lib/python3.8/site-packages/airflow/example_dags/example_complex.py
[2024-10-20T03:15:26.977+0000] {logging_mixin.py:154} INFO - [2024-10-20T03:15:26.977+0000] {dag.py:2941} INFO - Sync 1 DAGs
[2024-10-20T03:15:26.990+0000] {logging_mixin.py:154} INFO - [2024-10-20T03:15:26.990+0000] {dag.py:3722} INFO - Setting next_dagrun for example_complex to None, run_after=None
[2024-10-20T03:15:27.015+0000] {processor.py:179} INFO - Processing /home/airflow/.local/lib/python3.8/site-packages/airflow/example_dags/example_complex.py took 0.087 seconds
[2024-10-20T03:15:57.682+0000] {processor.py:157} INFO - Started process (PID=874) to work on /home/airflow/.local/lib/python3.8/site-packages/airflow/example_dags/example_complex.py
[2024-10-20T03:15:57.683+0000] {processor.py:829} INFO - Processing file /home/airflow/.local/lib/python3.8/site-packages/airflow/example_dags/example_complex.py for tasks to queue
[2024-10-20T03:15:57.685+0000] {logging_mixin.py:154} INFO - [2024-10-20T03:15:57.685+0000] {dagbag.py:536} INFO - Filling up the DagBag from /home/airflow/.local/lib/python3.8/site-packages/airflow/example_dags/example_complex.py
[2024-10-20T03:15:57.696+0000] {processor.py:839} INFO - DAG(s) dict_keys(['example_complex']) retrieved from /home/airflow/.local/lib/python3.8/site-packages/airflow/example_dags/example_complex.py
[2024-10-20T03:15:57.730+0000] {logging_mixin.py:154} INFO - [2024-10-20T03:15:57.730+0000] {dag.py:2941} INFO - Sync 1 DAGs
[2024-10-20T03:15:57.749+0000] {logging_mixin.py:154} INFO - [2024-10-20T03:15:57.749+0000] {dag.py:3722} INFO - Setting next_dagrun for example_complex to None, run_after=None
[2024-10-20T03:15:57.771+0000] {processor.py:179} INFO - Processing /home/airflow/.local/lib/python3.8/site-packages/airflow/example_dags/example_complex.py took 0.092 seconds
[2024-10-20T03:16:28.332+0000] {processor.py:157} INFO - Started process (PID=930) to work on /home/airflow/.local/lib/python3.8/site-packages/airflow/example_dags/example_complex.py
[2024-10-20T03:16:28.334+0000] {processor.py:829} INFO - Processing file /home/airflow/.local/lib/python3.8/site-packages/airflow/example_dags/example_complex.py for tasks to queue
[2024-10-20T03:16:28.336+0000] {logging_mixin.py:154} INFO - [2024-10-20T03:16:28.336+0000] {dagbag.py:536} INFO - Filling up the DagBag from /home/airflow/.local/lib/python3.8/site-packages/airflow/example_dags/example_complex.py
[2024-10-20T03:16:28.349+0000] {processor.py:839} INFO - DAG(s) dict_keys(['example_complex']) retrieved from /home/airflow/.local/lib/python3.8/site-packages/airflow/example_dags/example_complex.py
[2024-10-20T03:16:28.391+0000] {logging_mixin.py:154} INFO - [2024-10-20T03:16:28.391+0000] {dag.py:2941} INFO - Sync 1 DAGs
[2024-10-20T03:16:28.407+0000] {logging_mixin.py:154} INFO - [2024-10-20T03:16:28.407+0000] {dag.py:3722} INFO - Setting next_dagrun for example_complex to None, run_after=None
[2024-10-20T03:16:28.436+0000] {processor.py:179} INFO - Processing /home/airflow/.local/lib/python3.8/site-packages/airflow/example_dags/example_complex.py took 0.109 seconds
[2024-10-20T03:16:59.223+0000] {processor.py:157} INFO - Started process (PID=986) to work on /home/airflow/.local/lib/python3.8/site-packages/airflow/example_dags/example_complex.py
[2024-10-20T03:16:59.224+0000] {processor.py:829} INFO - Processing file /home/airflow/.local/lib/python3.8/site-packages/airflow/example_dags/example_complex.py for tasks to queue
[2024-10-20T03:16:59.227+0000] {logging_mixin.py:154} INFO - [2024-10-20T03:16:59.226+0000] {dagbag.py:536} INFO - Filling up the DagBag from /home/airflow/.local/lib/python3.8/site-packages/airflow/example_dags/example_complex.py
[2024-10-20T03:16:59.236+0000] {processor.py:839} INFO - DAG(s) dict_keys(['example_complex']) retrieved from /home/airflow/.local/lib/python3.8/site-packages/airflow/example_dags/example_complex.py
[2024-10-20T03:16:59.266+0000] {logging_mixin.py:154} INFO - [2024-10-20T03:16:59.265+0000] {dag.py:2941} INFO - Sync 1 DAGs
[2024-10-20T03:16:59.278+0000] {logging_mixin.py:154} INFO - [2024-10-20T03:16:59.277+0000] {dag.py:3722} INFO - Setting next_dagrun for example_complex to None, run_after=None
[2024-10-20T03:16:59.456+0000] {processor.py:179} INFO - Processing /home/airflow/.local/lib/python3.8/site-packages/airflow/example_dags/example_complex.py took 0.236 seconds
[2024-10-20T03:17:30.293+0000] {processor.py:157} INFO - Started process (PID=1042) to work on /home/airflow/.local/lib/python3.8/site-packages/airflow/example_dags/example_complex.py
[2024-10-20T03:17:30.294+0000] {processor.py:829} INFO - Processing file /home/airflow/.local/lib/python3.8/site-packages/airflow/example_dags/example_complex.py for tasks to queue
[2024-10-20T03:17:30.296+0000] {logging_mixin.py:154} INFO - [2024-10-20T03:17:30.296+0000] {dagbag.py:536} INFO - Filling up the DagBag from /home/airflow/.local/lib/python3.8/site-packages/airflow/example_dags/example_complex.py
[2024-10-20T03:17:30.306+0000] {processor.py:839} INFO - DAG(s) dict_keys(['example_complex']) retrieved from /home/airflow/.local/lib/python3.8/site-packages/airflow/example_dags/example_complex.py
[2024-10-20T03:17:30.336+0000] {logging_mixin.py:154} INFO - [2024-10-20T03:17:30.335+0000] {dag.py:2941} INFO - Sync 1 DAGs
[2024-10-20T03:17:30.348+0000] {logging_mixin.py:154} INFO - [2024-10-20T03:17:30.348+0000] {dag.py:3722} INFO - Setting next_dagrun for example_complex to None, run_after=None
[2024-10-20T03:17:30.369+0000] {processor.py:179} INFO - Processing /home/airflow/.local/lib/python3.8/site-packages/airflow/example_dags/example_complex.py took 0.079 seconds
[2024-10-20T07:21:05.463+0000] {processor.py:157} INFO - Started process (PID=93) to work on /home/airflow/.local/lib/python3.8/site-packages/airflow/example_dags/example_complex.py
[2024-10-20T07:21:05.465+0000] {processor.py:829} INFO - Processing file /home/airflow/.local/lib/python3.8/site-packages/airflow/example_dags/example_complex.py for tasks to queue
[2024-10-20T07:21:05.468+0000] {logging_mixin.py:154} INFO - [2024-10-20T07:21:05.468+0000] {dagbag.py:536} INFO - Filling up the DagBag from /home/airflow/.local/lib/python3.8/site-packages/airflow/example_dags/example_complex.py
[2024-10-20T07:21:05.492+0000] {processor.py:839} INFO - DAG(s) dict_keys(['example_complex']) retrieved from /home/airflow/.local/lib/python3.8/site-packages/airflow/example_dags/example_complex.py
[2024-10-20T07:21:05.545+0000] {logging_mixin.py:154} INFO - [2024-10-20T07:21:05.545+0000] {dag.py:2941} INFO - Sync 1 DAGs
[2024-10-20T07:21:05.567+0000] {logging_mixin.py:154} INFO - [2024-10-20T07:21:05.567+0000] {dag.py:3722} INFO - Setting next_dagrun for example_complex to None, run_after=None
[2024-10-20T07:21:05.615+0000] {processor.py:179} INFO - Processing /home/airflow/.local/lib/python3.8/site-packages/airflow/example_dags/example_complex.py took 0.156 seconds
[2024-10-20T07:21:36.693+0000] {processor.py:157} INFO - Started process (PID=149) to work on /home/airflow/.local/lib/python3.8/site-packages/airflow/example_dags/example_complex.py
[2024-10-20T07:21:36.694+0000] {processor.py:829} INFO - Processing file /home/airflow/.local/lib/python3.8/site-packages/airflow/example_dags/example_complex.py for tasks to queue
[2024-10-20T07:21:36.698+0000] {logging_mixin.py:154} INFO - [2024-10-20T07:21:36.698+0000] {dagbag.py:536} INFO - Filling up the DagBag from /home/airflow/.local/lib/python3.8/site-packages/airflow/example_dags/example_complex.py
[2024-10-20T07:21:36.717+0000] {processor.py:839} INFO - DAG(s) dict_keys(['example_complex']) retrieved from /home/airflow/.local/lib/python3.8/site-packages/airflow/example_dags/example_complex.py
[2024-10-20T07:21:36.781+0000] {logging_mixin.py:154} INFO - [2024-10-20T07:21:36.780+0000] {dag.py:2941} INFO - Sync 1 DAGs
[2024-10-20T07:21:36.804+0000] {logging_mixin.py:154} INFO - [2024-10-20T07:21:36.804+0000] {dag.py:3722} INFO - Setting next_dagrun for example_complex to None, run_after=None
[2024-10-20T07:21:36.838+0000] {processor.py:179} INFO - Processing /home/airflow/.local/lib/python3.8/site-packages/airflow/example_dags/example_complex.py took 0.150 seconds
[2024-10-20T07:22:07.846+0000] {processor.py:157} INFO - Started process (PID=205) to work on /home/airflow/.local/lib/python3.8/site-packages/airflow/example_dags/example_complex.py
[2024-10-20T07:22:07.847+0000] {processor.py:829} INFO - Processing file /home/airflow/.local/lib/python3.8/site-packages/airflow/example_dags/example_complex.py for tasks to queue
[2024-10-20T07:22:07.851+0000] {logging_mixin.py:154} INFO - [2024-10-20T07:22:07.850+0000] {dagbag.py:536} INFO - Filling up the DagBag from /home/airflow/.local/lib/python3.8/site-packages/airflow/example_dags/example_complex.py
[2024-10-20T07:22:07.868+0000] {processor.py:839} INFO - DAG(s) dict_keys(['example_complex']) retrieved from /home/airflow/.local/lib/python3.8/site-packages/airflow/example_dags/example_complex.py
[2024-10-20T07:22:07.928+0000] {logging_mixin.py:154} INFO - [2024-10-20T07:22:07.928+0000] {dag.py:2941} INFO - Sync 1 DAGs
[2024-10-20T07:22:07.954+0000] {logging_mixin.py:154} INFO - [2024-10-20T07:22:07.954+0000] {dag.py:3722} INFO - Setting next_dagrun for example_complex to None, run_after=None
[2024-10-20T07:22:07.997+0000] {processor.py:179} INFO - Processing /home/airflow/.local/lib/python3.8/site-packages/airflow/example_dags/example_complex.py took 0.156 seconds
[2024-10-20T07:22:38.143+0000] {processor.py:157} INFO - Started process (PID=261) to work on /home/airflow/.local/lib/python3.8/site-packages/airflow/example_dags/example_complex.py
[2024-10-20T07:22:38.145+0000] {processor.py:829} INFO - Processing file /home/airflow/.local/lib/python3.8/site-packages/airflow/example_dags/example_complex.py for tasks to queue
[2024-10-20T07:22:38.149+0000] {logging_mixin.py:154} INFO - [2024-10-20T07:22:38.148+0000] {dagbag.py:536} INFO - Filling up the DagBag from /home/airflow/.local/lib/python3.8/site-packages/airflow/example_dags/example_complex.py
[2024-10-20T07:22:38.169+0000] {processor.py:839} INFO - DAG(s) dict_keys(['example_complex']) retrieved from /home/airflow/.local/lib/python3.8/site-packages/airflow/example_dags/example_complex.py
[2024-10-20T07:22:38.224+0000] {logging_mixin.py:154} INFO - [2024-10-20T07:22:38.224+0000] {dag.py:2941} INFO - Sync 1 DAGs
[2024-10-20T07:22:38.251+0000] {logging_mixin.py:154} INFO - [2024-10-20T07:22:38.250+0000] {dag.py:3722} INFO - Setting next_dagrun for example_complex to None, run_after=None
[2024-10-20T07:22:38.296+0000] {processor.py:179} INFO - Processing /home/airflow/.local/lib/python3.8/site-packages/airflow/example_dags/example_complex.py took 0.157 seconds
[2024-10-20T07:23:09.193+0000] {processor.py:157} INFO - Started process (PID=317) to work on /home/airflow/.local/lib/python3.8/site-packages/airflow/example_dags/example_complex.py
[2024-10-20T07:23:09.195+0000] {processor.py:829} INFO - Processing file /home/airflow/.local/lib/python3.8/site-packages/airflow/example_dags/example_complex.py for tasks to queue
[2024-10-20T07:23:09.198+0000] {logging_mixin.py:154} INFO - [2024-10-20T07:23:09.198+0000] {dagbag.py:536} INFO - Filling up the DagBag from /home/airflow/.local/lib/python3.8/site-packages/airflow/example_dags/example_complex.py
[2024-10-20T07:23:09.216+0000] {processor.py:839} INFO - DAG(s) dict_keys(['example_complex']) retrieved from /home/airflow/.local/lib/python3.8/site-packages/airflow/example_dags/example_complex.py
[2024-10-20T07:23:09.272+0000] {logging_mixin.py:154} INFO - [2024-10-20T07:23:09.272+0000] {dag.py:2941} INFO - Sync 1 DAGs
[2024-10-20T07:23:09.303+0000] {logging_mixin.py:154} INFO - [2024-10-20T07:23:09.302+0000] {dag.py:3722} INFO - Setting next_dagrun for example_complex to None, run_after=None
[2024-10-20T07:23:09.363+0000] {processor.py:179} INFO - Processing /home/airflow/.local/lib/python3.8/site-packages/airflow/example_dags/example_complex.py took 0.174 seconds
[2024-10-20T07:23:39.966+0000] {processor.py:157} INFO - Started process (PID=373) to work on /home/airflow/.local/lib/python3.8/site-packages/airflow/example_dags/example_complex.py
[2024-10-20T07:23:39.967+0000] {processor.py:829} INFO - Processing file /home/airflow/.local/lib/python3.8/site-packages/airflow/example_dags/example_complex.py for tasks to queue
[2024-10-20T07:23:39.971+0000] {logging_mixin.py:154} INFO - [2024-10-20T07:23:39.970+0000] {dagbag.py:536} INFO - Filling up the DagBag from /home/airflow/.local/lib/python3.8/site-packages/airflow/example_dags/example_complex.py
[2024-10-20T07:23:39.990+0000] {processor.py:839} INFO - DAG(s) dict_keys(['example_complex']) retrieved from /home/airflow/.local/lib/python3.8/site-packages/airflow/example_dags/example_complex.py
[2024-10-20T07:23:40.039+0000] {logging_mixin.py:154} INFO - [2024-10-20T07:23:40.039+0000] {dag.py:2941} INFO - Sync 1 DAGs
[2024-10-20T07:23:40.060+0000] {logging_mixin.py:154} INFO - [2024-10-20T07:23:40.060+0000] {dag.py:3722} INFO - Setting next_dagrun for example_complex to None, run_after=None
[2024-10-20T07:23:40.097+0000] {processor.py:179} INFO - Processing /home/airflow/.local/lib/python3.8/site-packages/airflow/example_dags/example_complex.py took 0.135 seconds
[2024-10-20T07:24:10.295+0000] {processor.py:157} INFO - Started process (PID=429) to work on /home/airflow/.local/lib/python3.8/site-packages/airflow/example_dags/example_complex.py
[2024-10-20T07:24:10.297+0000] {processor.py:829} INFO - Processing file /home/airflow/.local/lib/python3.8/site-packages/airflow/example_dags/example_complex.py for tasks to queue
[2024-10-20T07:24:10.300+0000] {logging_mixin.py:154} INFO - [2024-10-20T07:24:10.300+0000] {dagbag.py:536} INFO - Filling up the DagBag from /home/airflow/.local/lib/python3.8/site-packages/airflow/example_dags/example_complex.py
[2024-10-20T07:24:10.318+0000] {processor.py:839} INFO - DAG(s) dict_keys(['example_complex']) retrieved from /home/airflow/.local/lib/python3.8/site-packages/airflow/example_dags/example_complex.py
[2024-10-20T07:24:10.370+0000] {logging_mixin.py:154} INFO - [2024-10-20T07:24:10.370+0000] {dag.py:2941} INFO - Sync 1 DAGs
[2024-10-20T07:24:10.401+0000] {logging_mixin.py:154} INFO - [2024-10-20T07:24:10.401+0000] {dag.py:3722} INFO - Setting next_dagrun for example_complex to None, run_after=None
[2024-10-20T07:24:10.446+0000] {processor.py:179} INFO - Processing /home/airflow/.local/lib/python3.8/site-packages/airflow/example_dags/example_complex.py took 0.156 seconds
[2024-10-20T07:24:40.582+0000] {processor.py:157} INFO - Started process (PID=483) to work on /home/airflow/.local/lib/python3.8/site-packages/airflow/example_dags/example_complex.py
[2024-10-20T07:24:40.584+0000] {processor.py:829} INFO - Processing file /home/airflow/.local/lib/python3.8/site-packages/airflow/example_dags/example_complex.py for tasks to queue
[2024-10-20T07:24:40.588+0000] {logging_mixin.py:154} INFO - [2024-10-20T07:24:40.588+0000] {dagbag.py:536} INFO - Filling up the DagBag from /home/airflow/.local/lib/python3.8/site-packages/airflow/example_dags/example_complex.py
[2024-10-20T07:24:40.609+0000] {processor.py:839} INFO - DAG(s) dict_keys(['example_complex']) retrieved from /home/airflow/.local/lib/python3.8/site-packages/airflow/example_dags/example_complex.py
[2024-10-20T07:24:40.663+0000] {logging_mixin.py:154} INFO - [2024-10-20T07:24:40.662+0000] {dag.py:2941} INFO - Sync 1 DAGs
[2024-10-20T07:24:40.685+0000] {logging_mixin.py:154} INFO - [2024-10-20T07:24:40.684+0000] {dag.py:3722} INFO - Setting next_dagrun for example_complex to None, run_after=None
[2024-10-20T07:24:40.724+0000] {processor.py:179} INFO - Processing /home/airflow/.local/lib/python3.8/site-packages/airflow/example_dags/example_complex.py took 0.149 seconds
[2024-10-20T07:26:05.060+0000] {processor.py:157} INFO - Started process (PID=534) to work on /home/airflow/.local/lib/python3.8/site-packages/airflow/example_dags/example_complex.py
[2024-10-20T07:26:05.062+0000] {processor.py:829} INFO - Processing file /home/airflow/.local/lib/python3.8/site-packages/airflow/example_dags/example_complex.py for tasks to queue
[2024-10-20T07:26:05.067+0000] {logging_mixin.py:154} INFO - [2024-10-20T07:26:05.067+0000] {dagbag.py:536} INFO - Filling up the DagBag from /home/airflow/.local/lib/python3.8/site-packages/airflow/example_dags/example_complex.py
[2024-10-20T07:26:05.087+0000] {processor.py:839} INFO - DAG(s) dict_keys(['example_complex']) retrieved from /home/airflow/.local/lib/python3.8/site-packages/airflow/example_dags/example_complex.py
[2024-10-20T07:26:05.143+0000] {logging_mixin.py:154} INFO - [2024-10-20T07:26:05.143+0000] {dag.py:2941} INFO - Sync 1 DAGs
[2024-10-20T07:26:05.168+0000] {logging_mixin.py:154} INFO - [2024-10-20T07:26:05.168+0000] {dag.py:3722} INFO - Setting next_dagrun for example_complex to None, run_after=None
[2024-10-20T07:26:05.204+0000] {processor.py:179} INFO - Processing /home/airflow/.local/lib/python3.8/site-packages/airflow/example_dags/example_complex.py took 0.150 seconds
[2024-10-20T07:26:35.870+0000] {processor.py:157} INFO - Started process (PID=591) to work on /home/airflow/.local/lib/python3.8/site-packages/airflow/example_dags/example_complex.py
[2024-10-20T07:26:35.871+0000] {processor.py:829} INFO - Processing file /home/airflow/.local/lib/python3.8/site-packages/airflow/example_dags/example_complex.py for tasks to queue
[2024-10-20T07:26:35.873+0000] {logging_mixin.py:154} INFO - [2024-10-20T07:26:35.873+0000] {dagbag.py:536} INFO - Filling up the DagBag from /home/airflow/.local/lib/python3.8/site-packages/airflow/example_dags/example_complex.py
[2024-10-20T07:26:35.887+0000] {processor.py:839} INFO - DAG(s) dict_keys(['example_complex']) retrieved from /home/airflow/.local/lib/python3.8/site-packages/airflow/example_dags/example_complex.py
[2024-10-20T07:26:35.932+0000] {logging_mixin.py:154} INFO - [2024-10-20T07:26:35.932+0000] {dag.py:2941} INFO - Sync 1 DAGs
[2024-10-20T07:26:35.951+0000] {logging_mixin.py:154} INFO - [2024-10-20T07:26:35.950+0000] {dag.py:3722} INFO - Setting next_dagrun for example_complex to None, run_after=None
[2024-10-20T07:26:35.980+0000] {processor.py:179} INFO - Processing /home/airflow/.local/lib/python3.8/site-packages/airflow/example_dags/example_complex.py took 0.115 seconds
[2024-10-20T07:27:07.546+0000] {processor.py:157} INFO - Started process (PID=654) to work on /home/airflow/.local/lib/python3.8/site-packages/airflow/example_dags/example_complex.py
[2024-10-20T07:27:07.548+0000] {processor.py:829} INFO - Processing file /home/airflow/.local/lib/python3.8/site-packages/airflow/example_dags/example_complex.py for tasks to queue
[2024-10-20T07:27:07.553+0000] {logging_mixin.py:154} INFO - [2024-10-20T07:27:07.552+0000] {dagbag.py:536} INFO - Filling up the DagBag from /home/airflow/.local/lib/python3.8/site-packages/airflow/example_dags/example_complex.py
[2024-10-20T07:27:07.582+0000] {processor.py:839} INFO - DAG(s) dict_keys(['example_complex']) retrieved from /home/airflow/.local/lib/python3.8/site-packages/airflow/example_dags/example_complex.py
[2024-10-20T07:27:07.654+0000] {logging_mixin.py:154} INFO - [2024-10-20T07:27:07.653+0000] {dag.py:2941} INFO - Sync 1 DAGs
[2024-10-20T07:27:07.684+0000] {logging_mixin.py:154} INFO - [2024-10-20T07:27:07.683+0000] {dag.py:3722} INFO - Setting next_dagrun for example_complex to None, run_after=None
[2024-10-20T07:27:07.729+0000] {processor.py:179} INFO - Processing /home/airflow/.local/lib/python3.8/site-packages/airflow/example_dags/example_complex.py took 0.191 seconds
[2024-10-20T07:27:38.613+0000] {processor.py:157} INFO - Started process (PID=710) to work on /home/airflow/.local/lib/python3.8/site-packages/airflow/example_dags/example_complex.py
[2024-10-20T07:27:38.615+0000] {processor.py:829} INFO - Processing file /home/airflow/.local/lib/python3.8/site-packages/airflow/example_dags/example_complex.py for tasks to queue
[2024-10-20T07:27:38.618+0000] {logging_mixin.py:154} INFO - [2024-10-20T07:27:38.618+0000] {dagbag.py:536} INFO - Filling up the DagBag from /home/airflow/.local/lib/python3.8/site-packages/airflow/example_dags/example_complex.py
[2024-10-20T07:27:38.633+0000] {processor.py:839} INFO - DAG(s) dict_keys(['example_complex']) retrieved from /home/airflow/.local/lib/python3.8/site-packages/airflow/example_dags/example_complex.py
[2024-10-20T07:27:38.675+0000] {logging_mixin.py:154} INFO - [2024-10-20T07:27:38.674+0000] {dag.py:2941} INFO - Sync 1 DAGs
[2024-10-20T07:27:38.689+0000] {logging_mixin.py:154} INFO - [2024-10-20T07:27:38.689+0000] {dag.py:3722} INFO - Setting next_dagrun for example_complex to None, run_after=None
[2024-10-20T07:27:38.721+0000] {processor.py:179} INFO - Processing /home/airflow/.local/lib/python3.8/site-packages/airflow/example_dags/example_complex.py took 0.112 seconds
