[2024-10-20T02:46:18.863+0000] {processor.py:157} INFO - Started process (PID=99) to work on /home/airflow/.local/lib/python3.8/site-packages/airflow/example_dags/example_sensor_decorator.py
[2024-10-20T02:46:18.867+0000] {processor.py:829} INFO - Processing file /home/airflow/.local/lib/python3.8/site-packages/airflow/example_dags/example_sensor_decorator.py for tasks to queue
[2024-10-20T02:46:18.872+0000] {logging_mixin.py:154} INFO - [2024-10-20T02:46:18.871+0000] {dagbag.py:536} INFO - Filling up the DagBag from /home/airflow/.local/lib/python3.8/site-packages/airflow/example_dags/example_sensor_decorator.py
[2024-10-20T02:46:18.893+0000] {processor.py:839} INFO - DAG(s) dict_keys(['example_sensor_decorator']) retrieved from /home/airflow/.local/lib/python3.8/site-packages/airflow/example_dags/example_sensor_decorator.py
[2024-10-20T02:46:18.918+0000] {logging_mixin.py:154} INFO - [2024-10-20T02:46:18.918+0000] {dag.py:2941} INFO - Sync 1 DAGs
[2024-10-20T02:46:18.944+0000] {logging_mixin.py:154} INFO - [2024-10-20T02:46:18.944+0000] {dag.py:3722} INFO - Setting next_dagrun for example_sensor_decorator to None, run_after=None
[2024-10-20T02:46:18.990+0000] {processor.py:179} INFO - Processing /home/airflow/.local/lib/python3.8/site-packages/airflow/example_dags/example_sensor_decorator.py took 0.141 seconds
[2024-10-20T02:46:49.737+0000] {processor.py:157} INFO - Started process (PID=155) to work on /home/airflow/.local/lib/python3.8/site-packages/airflow/example_dags/example_sensor_decorator.py
[2024-10-20T02:46:49.739+0000] {processor.py:829} INFO - Processing file /home/airflow/.local/lib/python3.8/site-packages/airflow/example_dags/example_sensor_decorator.py for tasks to queue
[2024-10-20T02:46:49.741+0000] {logging_mixin.py:154} INFO - [2024-10-20T02:46:49.741+0000] {dagbag.py:536} INFO - Filling up the DagBag from /home/airflow/.local/lib/python3.8/site-packages/airflow/example_dags/example_sensor_decorator.py
[2024-10-20T02:46:49.750+0000] {processor.py:839} INFO - DAG(s) dict_keys(['example_sensor_decorator']) retrieved from /home/airflow/.local/lib/python3.8/site-packages/airflow/example_dags/example_sensor_decorator.py
[2024-10-20T02:46:49.783+0000] {logging_mixin.py:154} INFO - [2024-10-20T02:46:49.782+0000] {dag.py:2941} INFO - Sync 1 DAGs
[2024-10-20T02:46:49.797+0000] {logging_mixin.py:154} INFO - [2024-10-20T02:46:49.797+0000] {dag.py:3722} INFO - Setting next_dagrun for example_sensor_decorator to None, run_after=None
[2024-10-20T02:46:49.823+0000] {processor.py:179} INFO - Processing /home/airflow/.local/lib/python3.8/site-packages/airflow/example_dags/example_sensor_decorator.py took 0.090 seconds
[2024-10-20T02:47:20.571+0000] {processor.py:157} INFO - Started process (PID=211) to work on /home/airflow/.local/lib/python3.8/site-packages/airflow/example_dags/example_sensor_decorator.py
[2024-10-20T02:47:20.572+0000] {processor.py:829} INFO - Processing file /home/airflow/.local/lib/python3.8/site-packages/airflow/example_dags/example_sensor_decorator.py for tasks to queue
[2024-10-20T02:47:20.575+0000] {logging_mixin.py:154} INFO - [2024-10-20T02:47:20.575+0000] {dagbag.py:536} INFO - Filling up the DagBag from /home/airflow/.local/lib/python3.8/site-packages/airflow/example_dags/example_sensor_decorator.py
[2024-10-20T02:47:20.583+0000] {processor.py:839} INFO - DAG(s) dict_keys(['example_sensor_decorator']) retrieved from /home/airflow/.local/lib/python3.8/site-packages/airflow/example_dags/example_sensor_decorator.py
[2024-10-20T02:47:20.606+0000] {logging_mixin.py:154} INFO - [2024-10-20T02:47:20.606+0000] {dag.py:2941} INFO - Sync 1 DAGs
[2024-10-20T02:47:20.622+0000] {logging_mixin.py:154} INFO - [2024-10-20T02:47:20.622+0000] {dag.py:3722} INFO - Setting next_dagrun for example_sensor_decorator to None, run_after=None
[2024-10-20T02:47:20.654+0000] {processor.py:179} INFO - Processing /home/airflow/.local/lib/python3.8/site-packages/airflow/example_dags/example_sensor_decorator.py took 0.086 seconds
[2024-10-20T02:47:52.106+0000] {processor.py:157} INFO - Started process (PID=267) to work on /home/airflow/.local/lib/python3.8/site-packages/airflow/example_dags/example_sensor_decorator.py
[2024-10-20T02:47:52.108+0000] {processor.py:829} INFO - Processing file /home/airflow/.local/lib/python3.8/site-packages/airflow/example_dags/example_sensor_decorator.py for tasks to queue
[2024-10-20T02:47:52.112+0000] {logging_mixin.py:154} INFO - [2024-10-20T02:47:52.112+0000] {dagbag.py:536} INFO - Filling up the DagBag from /home/airflow/.local/lib/python3.8/site-packages/airflow/example_dags/example_sensor_decorator.py
[2024-10-20T02:47:52.130+0000] {processor.py:839} INFO - DAG(s) dict_keys(['example_sensor_decorator']) retrieved from /home/airflow/.local/lib/python3.8/site-packages/airflow/example_dags/example_sensor_decorator.py
[2024-10-20T02:47:52.170+0000] {logging_mixin.py:154} INFO - [2024-10-20T02:47:52.170+0000] {dag.py:2941} INFO - Sync 1 DAGs
[2024-10-20T02:47:52.191+0000] {logging_mixin.py:154} INFO - [2024-10-20T02:47:52.190+0000] {dag.py:3722} INFO - Setting next_dagrun for example_sensor_decorator to None, run_after=None
[2024-10-20T02:47:52.228+0000] {processor.py:179} INFO - Processing /home/airflow/.local/lib/python3.8/site-packages/airflow/example_dags/example_sensor_decorator.py took 0.128 seconds
[2024-10-20T02:48:22.326+0000] {processor.py:157} INFO - Started process (PID=323) to work on /home/airflow/.local/lib/python3.8/site-packages/airflow/example_dags/example_sensor_decorator.py
[2024-10-20T02:48:22.327+0000] {processor.py:829} INFO - Processing file /home/airflow/.local/lib/python3.8/site-packages/airflow/example_dags/example_sensor_decorator.py for tasks to queue
[2024-10-20T02:48:22.330+0000] {logging_mixin.py:154} INFO - [2024-10-20T02:48:22.329+0000] {dagbag.py:536} INFO - Filling up the DagBag from /home/airflow/.local/lib/python3.8/site-packages/airflow/example_dags/example_sensor_decorator.py
[2024-10-20T02:48:22.336+0000] {processor.py:839} INFO - DAG(s) dict_keys(['example_sensor_decorator']) retrieved from /home/airflow/.local/lib/python3.8/site-packages/airflow/example_dags/example_sensor_decorator.py
[2024-10-20T02:48:22.357+0000] {logging_mixin.py:154} INFO - [2024-10-20T02:48:22.356+0000] {dag.py:2941} INFO - Sync 1 DAGs
[2024-10-20T02:48:22.369+0000] {logging_mixin.py:154} INFO - [2024-10-20T02:48:22.369+0000] {dag.py:3722} INFO - Setting next_dagrun for example_sensor_decorator to None, run_after=None
[2024-10-20T02:48:22.395+0000] {processor.py:179} INFO - Processing /home/airflow/.local/lib/python3.8/site-packages/airflow/example_dags/example_sensor_decorator.py took 0.072 seconds
[2024-10-20T02:48:53.566+0000] {processor.py:157} INFO - Started process (PID=379) to work on /home/airflow/.local/lib/python3.8/site-packages/airflow/example_dags/example_sensor_decorator.py
[2024-10-20T02:48:53.568+0000] {processor.py:829} INFO - Processing file /home/airflow/.local/lib/python3.8/site-packages/airflow/example_dags/example_sensor_decorator.py for tasks to queue
[2024-10-20T02:48:53.571+0000] {logging_mixin.py:154} INFO - [2024-10-20T02:48:53.570+0000] {dagbag.py:536} INFO - Filling up the DagBag from /home/airflow/.local/lib/python3.8/site-packages/airflow/example_dags/example_sensor_decorator.py
[2024-10-20T02:48:53.578+0000] {processor.py:839} INFO - DAG(s) dict_keys(['example_sensor_decorator']) retrieved from /home/airflow/.local/lib/python3.8/site-packages/airflow/example_dags/example_sensor_decorator.py
[2024-10-20T02:48:53.607+0000] {logging_mixin.py:154} INFO - [2024-10-20T02:48:53.606+0000] {dag.py:2941} INFO - Sync 1 DAGs
[2024-10-20T02:48:53.625+0000] {logging_mixin.py:154} INFO - [2024-10-20T02:48:53.624+0000] {dag.py:3722} INFO - Setting next_dagrun for example_sensor_decorator to None, run_after=None
[2024-10-20T02:48:53.654+0000] {processor.py:179} INFO - Processing /home/airflow/.local/lib/python3.8/site-packages/airflow/example_dags/example_sensor_decorator.py took 0.091 seconds
[2024-10-20T02:49:24.483+0000] {processor.py:157} INFO - Started process (PID=435) to work on /home/airflow/.local/lib/python3.8/site-packages/airflow/example_dags/example_sensor_decorator.py
[2024-10-20T02:49:24.484+0000] {processor.py:829} INFO - Processing file /home/airflow/.local/lib/python3.8/site-packages/airflow/example_dags/example_sensor_decorator.py for tasks to queue
[2024-10-20T02:49:24.487+0000] {logging_mixin.py:154} INFO - [2024-10-20T02:49:24.486+0000] {dagbag.py:536} INFO - Filling up the DagBag from /home/airflow/.local/lib/python3.8/site-packages/airflow/example_dags/example_sensor_decorator.py
[2024-10-20T02:49:24.492+0000] {processor.py:839} INFO - DAG(s) dict_keys(['example_sensor_decorator']) retrieved from /home/airflow/.local/lib/python3.8/site-packages/airflow/example_dags/example_sensor_decorator.py
[2024-10-20T02:49:24.513+0000] {logging_mixin.py:154} INFO - [2024-10-20T02:49:24.512+0000] {dag.py:2941} INFO - Sync 1 DAGs
[2024-10-20T02:49:24.526+0000] {logging_mixin.py:154} INFO - [2024-10-20T02:49:24.526+0000] {dag.py:3722} INFO - Setting next_dagrun for example_sensor_decorator to None, run_after=None
[2024-10-20T02:49:24.548+0000] {processor.py:179} INFO - Processing /home/airflow/.local/lib/python3.8/site-packages/airflow/example_dags/example_sensor_decorator.py took 0.068 seconds
[2024-10-20T02:49:54.947+0000] {processor.py:157} INFO - Started process (PID=491) to work on /home/airflow/.local/lib/python3.8/site-packages/airflow/example_dags/example_sensor_decorator.py
[2024-10-20T02:49:54.949+0000] {processor.py:829} INFO - Processing file /home/airflow/.local/lib/python3.8/site-packages/airflow/example_dags/example_sensor_decorator.py for tasks to queue
[2024-10-20T02:49:54.952+0000] {logging_mixin.py:154} INFO - [2024-10-20T02:49:54.951+0000] {dagbag.py:536} INFO - Filling up the DagBag from /home/airflow/.local/lib/python3.8/site-packages/airflow/example_dags/example_sensor_decorator.py
[2024-10-20T02:49:54.957+0000] {processor.py:839} INFO - DAG(s) dict_keys(['example_sensor_decorator']) retrieved from /home/airflow/.local/lib/python3.8/site-packages/airflow/example_dags/example_sensor_decorator.py
[2024-10-20T02:49:54.977+0000] {logging_mixin.py:154} INFO - [2024-10-20T02:49:54.977+0000] {dag.py:2941} INFO - Sync 1 DAGs
[2024-10-20T02:49:54.990+0000] {logging_mixin.py:154} INFO - [2024-10-20T02:49:54.990+0000] {dag.py:3722} INFO - Setting next_dagrun for example_sensor_decorator to None, run_after=None
[2024-10-20T02:49:55.013+0000] {processor.py:179} INFO - Processing /home/airflow/.local/lib/python3.8/site-packages/airflow/example_dags/example_sensor_decorator.py took 0.069 seconds
[2024-10-20T02:50:25.529+0000] {processor.py:157} INFO - Started process (PID=547) to work on /home/airflow/.local/lib/python3.8/site-packages/airflow/example_dags/example_sensor_decorator.py
[2024-10-20T02:50:25.531+0000] {processor.py:829} INFO - Processing file /home/airflow/.local/lib/python3.8/site-packages/airflow/example_dags/example_sensor_decorator.py for tasks to queue
[2024-10-20T02:50:25.533+0000] {logging_mixin.py:154} INFO - [2024-10-20T02:50:25.533+0000] {dagbag.py:536} INFO - Filling up the DagBag from /home/airflow/.local/lib/python3.8/site-packages/airflow/example_dags/example_sensor_decorator.py
[2024-10-20T02:50:25.540+0000] {processor.py:839} INFO - DAG(s) dict_keys(['example_sensor_decorator']) retrieved from /home/airflow/.local/lib/python3.8/site-packages/airflow/example_dags/example_sensor_decorator.py
[2024-10-20T02:50:25.562+0000] {logging_mixin.py:154} INFO - [2024-10-20T02:50:25.562+0000] {dag.py:2941} INFO - Sync 1 DAGs
[2024-10-20T02:50:25.577+0000] {logging_mixin.py:154} INFO - [2024-10-20T02:50:25.576+0000] {dag.py:3722} INFO - Setting next_dagrun for example_sensor_decorator to None, run_after=None
[2024-10-20T02:50:25.606+0000] {processor.py:179} INFO - Processing /home/airflow/.local/lib/python3.8/site-packages/airflow/example_dags/example_sensor_decorator.py took 0.081 seconds
[2024-10-20T02:50:56.651+0000] {processor.py:157} INFO - Started process (PID=603) to work on /home/airflow/.local/lib/python3.8/site-packages/airflow/example_dags/example_sensor_decorator.py
[2024-10-20T02:50:56.653+0000] {processor.py:829} INFO - Processing file /home/airflow/.local/lib/python3.8/site-packages/airflow/example_dags/example_sensor_decorator.py for tasks to queue
[2024-10-20T02:50:56.655+0000] {logging_mixin.py:154} INFO - [2024-10-20T02:50:56.655+0000] {dagbag.py:536} INFO - Filling up the DagBag from /home/airflow/.local/lib/python3.8/site-packages/airflow/example_dags/example_sensor_decorator.py
[2024-10-20T02:50:56.661+0000] {processor.py:839} INFO - DAG(s) dict_keys(['example_sensor_decorator']) retrieved from /home/airflow/.local/lib/python3.8/site-packages/airflow/example_dags/example_sensor_decorator.py
[2024-10-20T02:50:56.686+0000] {logging_mixin.py:154} INFO - [2024-10-20T02:50:56.685+0000] {dag.py:2941} INFO - Sync 1 DAGs
[2024-10-20T02:50:56.699+0000] {logging_mixin.py:154} INFO - [2024-10-20T02:50:56.699+0000] {dag.py:3722} INFO - Setting next_dagrun for example_sensor_decorator to None, run_after=None
[2024-10-20T02:50:56.737+0000] {processor.py:179} INFO - Processing /home/airflow/.local/lib/python3.8/site-packages/airflow/example_dags/example_sensor_decorator.py took 0.089 seconds
[2024-10-20T02:51:26.856+0000] {processor.py:157} INFO - Started process (PID=657) to work on /home/airflow/.local/lib/python3.8/site-packages/airflow/example_dags/example_sensor_decorator.py
[2024-10-20T02:51:26.857+0000] {processor.py:829} INFO - Processing file /home/airflow/.local/lib/python3.8/site-packages/airflow/example_dags/example_sensor_decorator.py for tasks to queue
[2024-10-20T02:51:26.859+0000] {logging_mixin.py:154} INFO - [2024-10-20T02:51:26.859+0000] {dagbag.py:536} INFO - Filling up the DagBag from /home/airflow/.local/lib/python3.8/site-packages/airflow/example_dags/example_sensor_decorator.py
[2024-10-20T02:51:26.865+0000] {processor.py:839} INFO - DAG(s) dict_keys(['example_sensor_decorator']) retrieved from /home/airflow/.local/lib/python3.8/site-packages/airflow/example_dags/example_sensor_decorator.py
[2024-10-20T02:51:26.887+0000] {logging_mixin.py:154} INFO - [2024-10-20T02:51:26.887+0000] {dag.py:2941} INFO - Sync 1 DAGs
[2024-10-20T02:51:26.902+0000] {logging_mixin.py:154} INFO - [2024-10-20T02:51:26.901+0000] {dag.py:3722} INFO - Setting next_dagrun for example_sensor_decorator to None, run_after=None
[2024-10-20T02:51:26.923+0000] {processor.py:179} INFO - Processing /home/airflow/.local/lib/python3.8/site-packages/airflow/example_dags/example_sensor_decorator.py took 0.070 seconds
[2024-10-20T02:51:57.152+0000] {processor.py:157} INFO - Started process (PID=713) to work on /home/airflow/.local/lib/python3.8/site-packages/airflow/example_dags/example_sensor_decorator.py
[2024-10-20T02:51:57.154+0000] {processor.py:829} INFO - Processing file /home/airflow/.local/lib/python3.8/site-packages/airflow/example_dags/example_sensor_decorator.py for tasks to queue
[2024-10-20T02:51:57.156+0000] {logging_mixin.py:154} INFO - [2024-10-20T02:51:57.156+0000] {dagbag.py:536} INFO - Filling up the DagBag from /home/airflow/.local/lib/python3.8/site-packages/airflow/example_dags/example_sensor_decorator.py
[2024-10-20T02:51:57.162+0000] {processor.py:839} INFO - DAG(s) dict_keys(['example_sensor_decorator']) retrieved from /home/airflow/.local/lib/python3.8/site-packages/airflow/example_dags/example_sensor_decorator.py
[2024-10-20T02:51:57.183+0000] {logging_mixin.py:154} INFO - [2024-10-20T02:51:57.183+0000] {dag.py:2941} INFO - Sync 1 DAGs
[2024-10-20T02:51:57.196+0000] {logging_mixin.py:154} INFO - [2024-10-20T02:51:57.196+0000] {dag.py:3722} INFO - Setting next_dagrun for example_sensor_decorator to None, run_after=None
[2024-10-20T02:51:57.224+0000] {processor.py:179} INFO - Processing /home/airflow/.local/lib/python3.8/site-packages/airflow/example_dags/example_sensor_decorator.py took 0.074 seconds
[2024-10-20T02:52:27.398+0000] {processor.py:157} INFO - Started process (PID=769) to work on /home/airflow/.local/lib/python3.8/site-packages/airflow/example_dags/example_sensor_decorator.py
[2024-10-20T02:52:27.399+0000] {processor.py:829} INFO - Processing file /home/airflow/.local/lib/python3.8/site-packages/airflow/example_dags/example_sensor_decorator.py for tasks to queue
[2024-10-20T02:52:27.401+0000] {logging_mixin.py:154} INFO - [2024-10-20T02:52:27.401+0000] {dagbag.py:536} INFO - Filling up the DagBag from /home/airflow/.local/lib/python3.8/site-packages/airflow/example_dags/example_sensor_decorator.py
[2024-10-20T02:52:27.406+0000] {processor.py:839} INFO - DAG(s) dict_keys(['example_sensor_decorator']) retrieved from /home/airflow/.local/lib/python3.8/site-packages/airflow/example_dags/example_sensor_decorator.py
[2024-10-20T02:52:27.427+0000] {logging_mixin.py:154} INFO - [2024-10-20T02:52:27.426+0000] {dag.py:2941} INFO - Sync 1 DAGs
[2024-10-20T02:52:27.438+0000] {logging_mixin.py:154} INFO - [2024-10-20T02:52:27.438+0000] {dag.py:3722} INFO - Setting next_dagrun for example_sensor_decorator to None, run_after=None
[2024-10-20T02:52:27.460+0000] {processor.py:179} INFO - Processing /home/airflow/.local/lib/python3.8/site-packages/airflow/example_dags/example_sensor_decorator.py took 0.065 seconds
[2024-10-20T02:52:57.661+0000] {processor.py:157} INFO - Started process (PID=827) to work on /home/airflow/.local/lib/python3.8/site-packages/airflow/example_dags/example_sensor_decorator.py
[2024-10-20T02:52:57.663+0000] {processor.py:829} INFO - Processing file /home/airflow/.local/lib/python3.8/site-packages/airflow/example_dags/example_sensor_decorator.py for tasks to queue
[2024-10-20T02:52:57.665+0000] {logging_mixin.py:154} INFO - [2024-10-20T02:52:57.665+0000] {dagbag.py:536} INFO - Filling up the DagBag from /home/airflow/.local/lib/python3.8/site-packages/airflow/example_dags/example_sensor_decorator.py
[2024-10-20T02:52:57.673+0000] {processor.py:839} INFO - DAG(s) dict_keys(['example_sensor_decorator']) retrieved from /home/airflow/.local/lib/python3.8/site-packages/airflow/example_dags/example_sensor_decorator.py
[2024-10-20T02:52:57.699+0000] {logging_mixin.py:154} INFO - [2024-10-20T02:52:57.699+0000] {dag.py:2941} INFO - Sync 1 DAGs
[2024-10-20T02:52:57.715+0000] {logging_mixin.py:154} INFO - [2024-10-20T02:52:57.714+0000] {dag.py:3722} INFO - Setting next_dagrun for example_sensor_decorator to None, run_after=None
[2024-10-20T02:52:57.745+0000] {processor.py:179} INFO - Processing /home/airflow/.local/lib/python3.8/site-packages/airflow/example_dags/example_sensor_decorator.py took 0.087 seconds
[2024-10-20T02:53:28.708+0000] {processor.py:157} INFO - Started process (PID=885) to work on /home/airflow/.local/lib/python3.8/site-packages/airflow/example_dags/example_sensor_decorator.py
[2024-10-20T02:53:28.709+0000] {processor.py:829} INFO - Processing file /home/airflow/.local/lib/python3.8/site-packages/airflow/example_dags/example_sensor_decorator.py for tasks to queue
[2024-10-20T02:53:28.713+0000] {logging_mixin.py:154} INFO - [2024-10-20T02:53:28.713+0000] {dagbag.py:536} INFO - Filling up the DagBag from /home/airflow/.local/lib/python3.8/site-packages/airflow/example_dags/example_sensor_decorator.py
[2024-10-20T02:53:28.722+0000] {processor.py:839} INFO - DAG(s) dict_keys(['example_sensor_decorator']) retrieved from /home/airflow/.local/lib/python3.8/site-packages/airflow/example_dags/example_sensor_decorator.py
[2024-10-20T02:53:28.750+0000] {logging_mixin.py:154} INFO - [2024-10-20T02:53:28.749+0000] {dag.py:2941} INFO - Sync 1 DAGs
[2024-10-20T02:53:28.764+0000] {logging_mixin.py:154} INFO - [2024-10-20T02:53:28.764+0000] {dag.py:3722} INFO - Setting next_dagrun for example_sensor_decorator to None, run_after=None
[2024-10-20T02:53:28.789+0000] {processor.py:179} INFO - Processing /home/airflow/.local/lib/python3.8/site-packages/airflow/example_dags/example_sensor_decorator.py took 0.086 seconds
[2024-10-20T02:53:59.449+0000] {processor.py:157} INFO - Started process (PID=941) to work on /home/airflow/.local/lib/python3.8/site-packages/airflow/example_dags/example_sensor_decorator.py
[2024-10-20T02:53:59.450+0000] {processor.py:829} INFO - Processing file /home/airflow/.local/lib/python3.8/site-packages/airflow/example_dags/example_sensor_decorator.py for tasks to queue
[2024-10-20T02:53:59.454+0000] {logging_mixin.py:154} INFO - [2024-10-20T02:53:59.453+0000] {dagbag.py:536} INFO - Filling up the DagBag from /home/airflow/.local/lib/python3.8/site-packages/airflow/example_dags/example_sensor_decorator.py
[2024-10-20T02:53:59.472+0000] {processor.py:839} INFO - DAG(s) dict_keys(['example_sensor_decorator']) retrieved from /home/airflow/.local/lib/python3.8/site-packages/airflow/example_dags/example_sensor_decorator.py
[2024-10-20T02:53:59.523+0000] {logging_mixin.py:154} INFO - [2024-10-20T02:53:59.523+0000] {dag.py:2941} INFO - Sync 1 DAGs
[2024-10-20T02:53:59.554+0000] {logging_mixin.py:154} INFO - [2024-10-20T02:53:59.554+0000] {dag.py:3722} INFO - Setting next_dagrun for example_sensor_decorator to None, run_after=None
[2024-10-20T02:53:59.586+0000] {processor.py:179} INFO - Processing /home/airflow/.local/lib/python3.8/site-packages/airflow/example_dags/example_sensor_decorator.py took 0.142 seconds
[2024-10-20T02:54:29.956+0000] {processor.py:157} INFO - Started process (PID=997) to work on /home/airflow/.local/lib/python3.8/site-packages/airflow/example_dags/example_sensor_decorator.py
[2024-10-20T02:54:29.958+0000] {processor.py:829} INFO - Processing file /home/airflow/.local/lib/python3.8/site-packages/airflow/example_dags/example_sensor_decorator.py for tasks to queue
[2024-10-20T02:54:29.962+0000] {logging_mixin.py:154} INFO - [2024-10-20T02:54:29.961+0000] {dagbag.py:536} INFO - Filling up the DagBag from /home/airflow/.local/lib/python3.8/site-packages/airflow/example_dags/example_sensor_decorator.py
[2024-10-20T02:54:29.969+0000] {processor.py:839} INFO - DAG(s) dict_keys(['example_sensor_decorator']) retrieved from /home/airflow/.local/lib/python3.8/site-packages/airflow/example_dags/example_sensor_decorator.py
[2024-10-20T02:54:29.993+0000] {logging_mixin.py:154} INFO - [2024-10-20T02:54:29.993+0000] {dag.py:2941} INFO - Sync 1 DAGs
[2024-10-20T02:54:30.008+0000] {logging_mixin.py:154} INFO - [2024-10-20T02:54:30.008+0000] {dag.py:3722} INFO - Setting next_dagrun for example_sensor_decorator to None, run_after=None
[2024-10-20T02:54:30.038+0000] {processor.py:179} INFO - Processing /home/airflow/.local/lib/python3.8/site-packages/airflow/example_dags/example_sensor_decorator.py took 0.085 seconds
[2024-10-20T02:55:00.276+0000] {processor.py:157} INFO - Started process (PID=1053) to work on /home/airflow/.local/lib/python3.8/site-packages/airflow/example_dags/example_sensor_decorator.py
[2024-10-20T02:55:00.278+0000] {processor.py:829} INFO - Processing file /home/airflow/.local/lib/python3.8/site-packages/airflow/example_dags/example_sensor_decorator.py for tasks to queue
[2024-10-20T02:55:00.283+0000] {logging_mixin.py:154} INFO - [2024-10-20T02:55:00.282+0000] {dagbag.py:536} INFO - Filling up the DagBag from /home/airflow/.local/lib/python3.8/site-packages/airflow/example_dags/example_sensor_decorator.py
[2024-10-20T02:55:00.291+0000] {processor.py:839} INFO - DAG(s) dict_keys(['example_sensor_decorator']) retrieved from /home/airflow/.local/lib/python3.8/site-packages/airflow/example_dags/example_sensor_decorator.py
[2024-10-20T02:55:00.328+0000] {logging_mixin.py:154} INFO - [2024-10-20T02:55:00.328+0000] {dag.py:2941} INFO - Sync 1 DAGs
[2024-10-20T02:55:00.349+0000] {logging_mixin.py:154} INFO - [2024-10-20T02:55:00.349+0000] {dag.py:3722} INFO - Setting next_dagrun for example_sensor_decorator to None, run_after=None
[2024-10-20T02:55:00.387+0000] {processor.py:179} INFO - Processing /home/airflow/.local/lib/python3.8/site-packages/airflow/example_dags/example_sensor_decorator.py took 0.117 seconds
[2024-10-20T02:55:31.238+0000] {processor.py:157} INFO - Started process (PID=1111) to work on /home/airflow/.local/lib/python3.8/site-packages/airflow/example_dags/example_sensor_decorator.py
[2024-10-20T02:55:31.239+0000] {processor.py:829} INFO - Processing file /home/airflow/.local/lib/python3.8/site-packages/airflow/example_dags/example_sensor_decorator.py for tasks to queue
[2024-10-20T02:55:31.243+0000] {logging_mixin.py:154} INFO - [2024-10-20T02:55:31.243+0000] {dagbag.py:536} INFO - Filling up the DagBag from /home/airflow/.local/lib/python3.8/site-packages/airflow/example_dags/example_sensor_decorator.py
[2024-10-20T02:55:31.252+0000] {processor.py:839} INFO - DAG(s) dict_keys(['example_sensor_decorator']) retrieved from /home/airflow/.local/lib/python3.8/site-packages/airflow/example_dags/example_sensor_decorator.py
[2024-10-20T02:55:31.281+0000] {logging_mixin.py:154} INFO - [2024-10-20T02:55:31.281+0000] {dag.py:2941} INFO - Sync 1 DAGs
[2024-10-20T02:55:31.295+0000] {logging_mixin.py:154} INFO - [2024-10-20T02:55:31.295+0000] {dag.py:3722} INFO - Setting next_dagrun for example_sensor_decorator to None, run_after=None
[2024-10-20T02:55:31.322+0000] {processor.py:179} INFO - Processing /home/airflow/.local/lib/python3.8/site-packages/airflow/example_dags/example_sensor_decorator.py took 0.088 seconds
[2024-10-20T02:56:02.053+0000] {processor.py:157} INFO - Started process (PID=1171) to work on /home/airflow/.local/lib/python3.8/site-packages/airflow/example_dags/example_sensor_decorator.py
[2024-10-20T02:56:02.054+0000] {processor.py:829} INFO - Processing file /home/airflow/.local/lib/python3.8/site-packages/airflow/example_dags/example_sensor_decorator.py for tasks to queue
[2024-10-20T02:56:02.057+0000] {logging_mixin.py:154} INFO - [2024-10-20T02:56:02.056+0000] {dagbag.py:536} INFO - Filling up the DagBag from /home/airflow/.local/lib/python3.8/site-packages/airflow/example_dags/example_sensor_decorator.py
[2024-10-20T02:56:02.065+0000] {processor.py:839} INFO - DAG(s) dict_keys(['example_sensor_decorator']) retrieved from /home/airflow/.local/lib/python3.8/site-packages/airflow/example_dags/example_sensor_decorator.py
[2024-10-20T02:56:02.087+0000] {logging_mixin.py:154} INFO - [2024-10-20T02:56:02.087+0000] {dag.py:2941} INFO - Sync 1 DAGs
[2024-10-20T02:56:02.102+0000] {logging_mixin.py:154} INFO - [2024-10-20T02:56:02.102+0000] {dag.py:3722} INFO - Setting next_dagrun for example_sensor_decorator to None, run_after=None
[2024-10-20T02:56:02.131+0000] {processor.py:179} INFO - Processing /home/airflow/.local/lib/python3.8/site-packages/airflow/example_dags/example_sensor_decorator.py took 0.082 seconds
[2024-10-20T02:56:32.702+0000] {processor.py:157} INFO - Started process (PID=1227) to work on /home/airflow/.local/lib/python3.8/site-packages/airflow/example_dags/example_sensor_decorator.py
[2024-10-20T02:56:32.703+0000] {processor.py:829} INFO - Processing file /home/airflow/.local/lib/python3.8/site-packages/airflow/example_dags/example_sensor_decorator.py for tasks to queue
[2024-10-20T02:56:32.706+0000] {logging_mixin.py:154} INFO - [2024-10-20T02:56:32.706+0000] {dagbag.py:536} INFO - Filling up the DagBag from /home/airflow/.local/lib/python3.8/site-packages/airflow/example_dags/example_sensor_decorator.py
[2024-10-20T02:56:32.717+0000] {processor.py:839} INFO - DAG(s) dict_keys(['example_sensor_decorator']) retrieved from /home/airflow/.local/lib/python3.8/site-packages/airflow/example_dags/example_sensor_decorator.py
[2024-10-20T02:56:32.746+0000] {logging_mixin.py:154} INFO - [2024-10-20T02:56:32.746+0000] {dag.py:2941} INFO - Sync 1 DAGs
[2024-10-20T02:56:32.931+0000] {logging_mixin.py:154} INFO - [2024-10-20T02:56:32.931+0000] {dag.py:3722} INFO - Setting next_dagrun for example_sensor_decorator to None, run_after=None
[2024-10-20T02:56:32.960+0000] {processor.py:179} INFO - Processing /home/airflow/.local/lib/python3.8/site-packages/airflow/example_dags/example_sensor_decorator.py took 0.262 seconds
[2024-10-20T02:57:03.223+0000] {processor.py:157} INFO - Started process (PID=1283) to work on /home/airflow/.local/lib/python3.8/site-packages/airflow/example_dags/example_sensor_decorator.py
[2024-10-20T02:57:03.224+0000] {processor.py:829} INFO - Processing file /home/airflow/.local/lib/python3.8/site-packages/airflow/example_dags/example_sensor_decorator.py for tasks to queue
[2024-10-20T02:57:03.227+0000] {logging_mixin.py:154} INFO - [2024-10-20T02:57:03.226+0000] {dagbag.py:536} INFO - Filling up the DagBag from /home/airflow/.local/lib/python3.8/site-packages/airflow/example_dags/example_sensor_decorator.py
[2024-10-20T02:57:03.233+0000] {processor.py:839} INFO - DAG(s) dict_keys(['example_sensor_decorator']) retrieved from /home/airflow/.local/lib/python3.8/site-packages/airflow/example_dags/example_sensor_decorator.py
[2024-10-20T02:57:03.257+0000] {logging_mixin.py:154} INFO - [2024-10-20T02:57:03.256+0000] {dag.py:2941} INFO - Sync 1 DAGs
[2024-10-20T02:57:03.270+0000] {logging_mixin.py:154} INFO - [2024-10-20T02:57:03.270+0000] {dag.py:3722} INFO - Setting next_dagrun for example_sensor_decorator to None, run_after=None
[2024-10-20T02:57:03.295+0000] {processor.py:179} INFO - Processing /home/airflow/.local/lib/python3.8/site-packages/airflow/example_dags/example_sensor_decorator.py took 0.077 seconds
[2024-10-20T02:57:34.226+0000] {processor.py:157} INFO - Started process (PID=1341) to work on /home/airflow/.local/lib/python3.8/site-packages/airflow/example_dags/example_sensor_decorator.py
[2024-10-20T02:57:34.228+0000] {processor.py:829} INFO - Processing file /home/airflow/.local/lib/python3.8/site-packages/airflow/example_dags/example_sensor_decorator.py for tasks to queue
[2024-10-20T02:57:34.230+0000] {logging_mixin.py:154} INFO - [2024-10-20T02:57:34.230+0000] {dagbag.py:536} INFO - Filling up the DagBag from /home/airflow/.local/lib/python3.8/site-packages/airflow/example_dags/example_sensor_decorator.py
[2024-10-20T02:57:34.236+0000] {processor.py:839} INFO - DAG(s) dict_keys(['example_sensor_decorator']) retrieved from /home/airflow/.local/lib/python3.8/site-packages/airflow/example_dags/example_sensor_decorator.py
[2024-10-20T02:57:34.258+0000] {logging_mixin.py:154} INFO - [2024-10-20T02:57:34.258+0000] {dag.py:2941} INFO - Sync 1 DAGs
[2024-10-20T02:57:34.271+0000] {logging_mixin.py:154} INFO - [2024-10-20T02:57:34.271+0000] {dag.py:3722} INFO - Setting next_dagrun for example_sensor_decorator to None, run_after=None
[2024-10-20T02:57:34.294+0000] {processor.py:179} INFO - Processing /home/airflow/.local/lib/python3.8/site-packages/airflow/example_dags/example_sensor_decorator.py took 0.070 seconds
[2024-10-20T02:58:05.469+0000] {processor.py:157} INFO - Started process (PID=1397) to work on /home/airflow/.local/lib/python3.8/site-packages/airflow/example_dags/example_sensor_decorator.py
[2024-10-20T02:58:05.471+0000] {processor.py:829} INFO - Processing file /home/airflow/.local/lib/python3.8/site-packages/airflow/example_dags/example_sensor_decorator.py for tasks to queue
[2024-10-20T02:58:05.475+0000] {logging_mixin.py:154} INFO - [2024-10-20T02:58:05.475+0000] {dagbag.py:536} INFO - Filling up the DagBag from /home/airflow/.local/lib/python3.8/site-packages/airflow/example_dags/example_sensor_decorator.py
[2024-10-20T02:58:05.482+0000] {processor.py:839} INFO - DAG(s) dict_keys(['example_sensor_decorator']) retrieved from /home/airflow/.local/lib/python3.8/site-packages/airflow/example_dags/example_sensor_decorator.py
[2024-10-20T02:58:05.708+0000] {logging_mixin.py:154} INFO - [2024-10-20T02:58:05.707+0000] {dag.py:2941} INFO - Sync 1 DAGs
[2024-10-20T02:58:05.720+0000] {logging_mixin.py:154} INFO - [2024-10-20T02:58:05.720+0000] {dag.py:3722} INFO - Setting next_dagrun for example_sensor_decorator to None, run_after=None
[2024-10-20T02:58:05.748+0000] {processor.py:179} INFO - Processing /home/airflow/.local/lib/python3.8/site-packages/airflow/example_dags/example_sensor_decorator.py took 0.285 seconds
[2024-10-20T02:58:36.274+0000] {processor.py:157} INFO - Started process (PID=1453) to work on /home/airflow/.local/lib/python3.8/site-packages/airflow/example_dags/example_sensor_decorator.py
[2024-10-20T02:58:36.276+0000] {processor.py:829} INFO - Processing file /home/airflow/.local/lib/python3.8/site-packages/airflow/example_dags/example_sensor_decorator.py for tasks to queue
[2024-10-20T02:58:36.279+0000] {logging_mixin.py:154} INFO - [2024-10-20T02:58:36.279+0000] {dagbag.py:536} INFO - Filling up the DagBag from /home/airflow/.local/lib/python3.8/site-packages/airflow/example_dags/example_sensor_decorator.py
[2024-10-20T02:58:36.284+0000] {processor.py:839} INFO - DAG(s) dict_keys(['example_sensor_decorator']) retrieved from /home/airflow/.local/lib/python3.8/site-packages/airflow/example_dags/example_sensor_decorator.py
[2024-10-20T02:58:36.307+0000] {logging_mixin.py:154} INFO - [2024-10-20T02:58:36.307+0000] {dag.py:2941} INFO - Sync 1 DAGs
[2024-10-20T02:58:36.321+0000] {logging_mixin.py:154} INFO - [2024-10-20T02:58:36.320+0000] {dag.py:3722} INFO - Setting next_dagrun for example_sensor_decorator to None, run_after=None
[2024-10-20T02:58:36.343+0000] {processor.py:179} INFO - Processing /home/airflow/.local/lib/python3.8/site-packages/airflow/example_dags/example_sensor_decorator.py took 0.073 seconds
[2024-10-20T02:59:54.202+0000] {processor.py:157} INFO - Started process (PID=104) to work on /home/airflow/.local/lib/python3.8/site-packages/airflow/example_dags/example_sensor_decorator.py
[2024-10-20T02:59:54.203+0000] {processor.py:829} INFO - Processing file /home/airflow/.local/lib/python3.8/site-packages/airflow/example_dags/example_sensor_decorator.py for tasks to queue
[2024-10-20T02:59:54.206+0000] {logging_mixin.py:154} INFO - [2024-10-20T02:59:54.206+0000] {dagbag.py:536} INFO - Filling up the DagBag from /home/airflow/.local/lib/python3.8/site-packages/airflow/example_dags/example_sensor_decorator.py
[2024-10-20T02:59:54.218+0000] {processor.py:839} INFO - DAG(s) dict_keys(['example_sensor_decorator']) retrieved from /home/airflow/.local/lib/python3.8/site-packages/airflow/example_dags/example_sensor_decorator.py
[2024-10-20T02:59:54.273+0000] {logging_mixin.py:154} INFO - [2024-10-20T02:59:54.272+0000] {dag.py:2941} INFO - Sync 1 DAGs
[2024-10-20T02:59:54.310+0000] {logging_mixin.py:154} INFO - [2024-10-20T02:59:54.309+0000] {dag.py:3722} INFO - Setting next_dagrun for example_sensor_decorator to None, run_after=None
[2024-10-20T02:59:54.353+0000] {processor.py:179} INFO - Processing /home/airflow/.local/lib/python3.8/site-packages/airflow/example_dags/example_sensor_decorator.py took 0.155 seconds
[2024-10-20T03:00:25.925+0000] {processor.py:157} INFO - Started process (PID=160) to work on /home/airflow/.local/lib/python3.8/site-packages/airflow/example_dags/example_sensor_decorator.py
[2024-10-20T03:00:25.926+0000] {processor.py:829} INFO - Processing file /home/airflow/.local/lib/python3.8/site-packages/airflow/example_dags/example_sensor_decorator.py for tasks to queue
[2024-10-20T03:00:25.929+0000] {logging_mixin.py:154} INFO - [2024-10-20T03:00:25.928+0000] {dagbag.py:536} INFO - Filling up the DagBag from /home/airflow/.local/lib/python3.8/site-packages/airflow/example_dags/example_sensor_decorator.py
[2024-10-20T03:00:25.937+0000] {processor.py:839} INFO - DAG(s) dict_keys(['example_sensor_decorator']) retrieved from /home/airflow/.local/lib/python3.8/site-packages/airflow/example_dags/example_sensor_decorator.py
[2024-10-20T03:00:25.972+0000] {logging_mixin.py:154} INFO - [2024-10-20T03:00:25.971+0000] {dag.py:2941} INFO - Sync 1 DAGs
[2024-10-20T03:00:25.994+0000] {logging_mixin.py:154} INFO - [2024-10-20T03:00:25.994+0000] {dag.py:3722} INFO - Setting next_dagrun for example_sensor_decorator to None, run_after=None
[2024-10-20T03:00:26.112+0000] {processor.py:179} INFO - Processing /home/airflow/.local/lib/python3.8/site-packages/airflow/example_dags/example_sensor_decorator.py took 0.192 seconds
[2024-10-20T03:00:56.959+0000] {processor.py:157} INFO - Started process (PID=216) to work on /home/airflow/.local/lib/python3.8/site-packages/airflow/example_dags/example_sensor_decorator.py
[2024-10-20T03:00:56.960+0000] {processor.py:829} INFO - Processing file /home/airflow/.local/lib/python3.8/site-packages/airflow/example_dags/example_sensor_decorator.py for tasks to queue
[2024-10-20T03:00:56.964+0000] {logging_mixin.py:154} INFO - [2024-10-20T03:00:56.963+0000] {dagbag.py:536} INFO - Filling up the DagBag from /home/airflow/.local/lib/python3.8/site-packages/airflow/example_dags/example_sensor_decorator.py
[2024-10-20T03:00:56.970+0000] {processor.py:839} INFO - DAG(s) dict_keys(['example_sensor_decorator']) retrieved from /home/airflow/.local/lib/python3.8/site-packages/airflow/example_dags/example_sensor_decorator.py
[2024-10-20T03:00:56.994+0000] {logging_mixin.py:154} INFO - [2024-10-20T03:00:56.993+0000] {dag.py:2941} INFO - Sync 1 DAGs
[2024-10-20T03:00:57.007+0000] {logging_mixin.py:154} INFO - [2024-10-20T03:00:57.007+0000] {dag.py:3722} INFO - Setting next_dagrun for example_sensor_decorator to None, run_after=None
[2024-10-20T03:00:57.035+0000] {processor.py:179} INFO - Processing /home/airflow/.local/lib/python3.8/site-packages/airflow/example_dags/example_sensor_decorator.py took 0.080 seconds
[2024-10-20T03:01:27.920+0000] {processor.py:157} INFO - Started process (PID=272) to work on /home/airflow/.local/lib/python3.8/site-packages/airflow/example_dags/example_sensor_decorator.py
[2024-10-20T03:01:27.921+0000] {processor.py:829} INFO - Processing file /home/airflow/.local/lib/python3.8/site-packages/airflow/example_dags/example_sensor_decorator.py for tasks to queue
[2024-10-20T03:01:27.924+0000] {logging_mixin.py:154} INFO - [2024-10-20T03:01:27.923+0000] {dagbag.py:536} INFO - Filling up the DagBag from /home/airflow/.local/lib/python3.8/site-packages/airflow/example_dags/example_sensor_decorator.py
[2024-10-20T03:01:27.930+0000] {processor.py:839} INFO - DAG(s) dict_keys(['example_sensor_decorator']) retrieved from /home/airflow/.local/lib/python3.8/site-packages/airflow/example_dags/example_sensor_decorator.py
[2024-10-20T03:01:27.952+0000] {logging_mixin.py:154} INFO - [2024-10-20T03:01:27.952+0000] {dag.py:2941} INFO - Sync 1 DAGs
[2024-10-20T03:01:27.966+0000] {logging_mixin.py:154} INFO - [2024-10-20T03:01:27.966+0000] {dag.py:3722} INFO - Setting next_dagrun for example_sensor_decorator to None, run_after=None
[2024-10-20T03:01:27.999+0000] {processor.py:179} INFO - Processing /home/airflow/.local/lib/python3.8/site-packages/airflow/example_dags/example_sensor_decorator.py took 0.082 seconds
[2024-10-20T03:01:58.259+0000] {processor.py:157} INFO - Started process (PID=328) to work on /home/airflow/.local/lib/python3.8/site-packages/airflow/example_dags/example_sensor_decorator.py
[2024-10-20T03:01:58.260+0000] {processor.py:829} INFO - Processing file /home/airflow/.local/lib/python3.8/site-packages/airflow/example_dags/example_sensor_decorator.py for tasks to queue
[2024-10-20T03:01:58.263+0000] {logging_mixin.py:154} INFO - [2024-10-20T03:01:58.263+0000] {dagbag.py:536} INFO - Filling up the DagBag from /home/airflow/.local/lib/python3.8/site-packages/airflow/example_dags/example_sensor_decorator.py
[2024-10-20T03:01:58.272+0000] {processor.py:839} INFO - DAG(s) dict_keys(['example_sensor_decorator']) retrieved from /home/airflow/.local/lib/python3.8/site-packages/airflow/example_dags/example_sensor_decorator.py
[2024-10-20T03:01:58.310+0000] {logging_mixin.py:154} INFO - [2024-10-20T03:01:58.310+0000] {dag.py:2941} INFO - Sync 1 DAGs
[2024-10-20T03:01:58.327+0000] {logging_mixin.py:154} INFO - [2024-10-20T03:01:58.327+0000] {dag.py:3722} INFO - Setting next_dagrun for example_sensor_decorator to None, run_after=None
[2024-10-20T03:01:58.359+0000] {processor.py:179} INFO - Processing /home/airflow/.local/lib/python3.8/site-packages/airflow/example_dags/example_sensor_decorator.py took 0.105 seconds
[2024-10-20T03:02:28.810+0000] {processor.py:157} INFO - Started process (PID=388) to work on /home/airflow/.local/lib/python3.8/site-packages/airflow/example_dags/example_sensor_decorator.py
[2024-10-20T03:02:28.811+0000] {processor.py:829} INFO - Processing file /home/airflow/.local/lib/python3.8/site-packages/airflow/example_dags/example_sensor_decorator.py for tasks to queue
[2024-10-20T03:02:28.814+0000] {logging_mixin.py:154} INFO - [2024-10-20T03:02:28.814+0000] {dagbag.py:536} INFO - Filling up the DagBag from /home/airflow/.local/lib/python3.8/site-packages/airflow/example_dags/example_sensor_decorator.py
[2024-10-20T03:02:28.820+0000] {processor.py:839} INFO - DAG(s) dict_keys(['example_sensor_decorator']) retrieved from /home/airflow/.local/lib/python3.8/site-packages/airflow/example_dags/example_sensor_decorator.py
[2024-10-20T03:02:28.849+0000] {logging_mixin.py:154} INFO - [2024-10-20T03:02:28.848+0000] {dag.py:2941} INFO - Sync 1 DAGs
[2024-10-20T03:02:28.865+0000] {logging_mixin.py:154} INFO - [2024-10-20T03:02:28.865+0000] {dag.py:3722} INFO - Setting next_dagrun for example_sensor_decorator to None, run_after=None
[2024-10-20T03:02:28.895+0000] {processor.py:179} INFO - Processing /home/airflow/.local/lib/python3.8/site-packages/airflow/example_dags/example_sensor_decorator.py took 0.089 seconds
[2024-10-20T03:02:59.548+0000] {processor.py:157} INFO - Started process (PID=444) to work on /home/airflow/.local/lib/python3.8/site-packages/airflow/example_dags/example_sensor_decorator.py
[2024-10-20T03:02:59.550+0000] {processor.py:829} INFO - Processing file /home/airflow/.local/lib/python3.8/site-packages/airflow/example_dags/example_sensor_decorator.py for tasks to queue
[2024-10-20T03:02:59.552+0000] {logging_mixin.py:154} INFO - [2024-10-20T03:02:59.551+0000] {dagbag.py:536} INFO - Filling up the DagBag from /home/airflow/.local/lib/python3.8/site-packages/airflow/example_dags/example_sensor_decorator.py
[2024-10-20T03:02:59.557+0000] {processor.py:839} INFO - DAG(s) dict_keys(['example_sensor_decorator']) retrieved from /home/airflow/.local/lib/python3.8/site-packages/airflow/example_dags/example_sensor_decorator.py
[2024-10-20T03:02:59.581+0000] {logging_mixin.py:154} INFO - [2024-10-20T03:02:59.581+0000] {dag.py:2941} INFO - Sync 1 DAGs
[2024-10-20T03:02:59.597+0000] {logging_mixin.py:154} INFO - [2024-10-20T03:02:59.597+0000] {dag.py:3722} INFO - Setting next_dagrun for example_sensor_decorator to None, run_after=None
[2024-10-20T03:02:59.622+0000] {processor.py:179} INFO - Processing /home/airflow/.local/lib/python3.8/site-packages/airflow/example_dags/example_sensor_decorator.py took 0.078 seconds
[2024-10-20T03:03:30.228+0000] {processor.py:157} INFO - Started process (PID=500) to work on /home/airflow/.local/lib/python3.8/site-packages/airflow/example_dags/example_sensor_decorator.py
[2024-10-20T03:03:30.230+0000] {processor.py:829} INFO - Processing file /home/airflow/.local/lib/python3.8/site-packages/airflow/example_dags/example_sensor_decorator.py for tasks to queue
[2024-10-20T03:03:30.232+0000] {logging_mixin.py:154} INFO - [2024-10-20T03:03:30.232+0000] {dagbag.py:536} INFO - Filling up the DagBag from /home/airflow/.local/lib/python3.8/site-packages/airflow/example_dags/example_sensor_decorator.py
[2024-10-20T03:03:30.240+0000] {processor.py:839} INFO - DAG(s) dict_keys(['example_sensor_decorator']) retrieved from /home/airflow/.local/lib/python3.8/site-packages/airflow/example_dags/example_sensor_decorator.py
[2024-10-20T03:03:30.270+0000] {logging_mixin.py:154} INFO - [2024-10-20T03:03:30.270+0000] {dag.py:2941} INFO - Sync 1 DAGs
[2024-10-20T03:03:30.283+0000] {logging_mixin.py:154} INFO - [2024-10-20T03:03:30.283+0000] {dag.py:3722} INFO - Setting next_dagrun for example_sensor_decorator to None, run_after=None
[2024-10-20T03:03:30.308+0000] {processor.py:179} INFO - Processing /home/airflow/.local/lib/python3.8/site-packages/airflow/example_dags/example_sensor_decorator.py took 0.083 seconds
[2024-10-20T03:04:00.593+0000] {processor.py:157} INFO - Started process (PID=556) to work on /home/airflow/.local/lib/python3.8/site-packages/airflow/example_dags/example_sensor_decorator.py
[2024-10-20T03:04:00.594+0000] {processor.py:829} INFO - Processing file /home/airflow/.local/lib/python3.8/site-packages/airflow/example_dags/example_sensor_decorator.py for tasks to queue
[2024-10-20T03:04:00.597+0000] {logging_mixin.py:154} INFO - [2024-10-20T03:04:00.597+0000] {dagbag.py:536} INFO - Filling up the DagBag from /home/airflow/.local/lib/python3.8/site-packages/airflow/example_dags/example_sensor_decorator.py
[2024-10-20T03:04:00.603+0000] {processor.py:839} INFO - DAG(s) dict_keys(['example_sensor_decorator']) retrieved from /home/airflow/.local/lib/python3.8/site-packages/airflow/example_dags/example_sensor_decorator.py
[2024-10-20T03:04:00.629+0000] {logging_mixin.py:154} INFO - [2024-10-20T03:04:00.629+0000] {dag.py:2941} INFO - Sync 1 DAGs
[2024-10-20T03:04:00.641+0000] {logging_mixin.py:154} INFO - [2024-10-20T03:04:00.641+0000] {dag.py:3722} INFO - Setting next_dagrun for example_sensor_decorator to None, run_after=None
[2024-10-20T03:04:00.663+0000] {processor.py:179} INFO - Processing /home/airflow/.local/lib/python3.8/site-packages/airflow/example_dags/example_sensor_decorator.py took 0.073 seconds
[2024-10-20T03:04:31.144+0000] {processor.py:157} INFO - Started process (PID=612) to work on /home/airflow/.local/lib/python3.8/site-packages/airflow/example_dags/example_sensor_decorator.py
[2024-10-20T03:04:31.145+0000] {processor.py:829} INFO - Processing file /home/airflow/.local/lib/python3.8/site-packages/airflow/example_dags/example_sensor_decorator.py for tasks to queue
[2024-10-20T03:04:31.147+0000] {logging_mixin.py:154} INFO - [2024-10-20T03:04:31.147+0000] {dagbag.py:536} INFO - Filling up the DagBag from /home/airflow/.local/lib/python3.8/site-packages/airflow/example_dags/example_sensor_decorator.py
[2024-10-20T03:04:31.153+0000] {processor.py:839} INFO - DAG(s) dict_keys(['example_sensor_decorator']) retrieved from /home/airflow/.local/lib/python3.8/site-packages/airflow/example_dags/example_sensor_decorator.py
[2024-10-20T03:04:31.174+0000] {logging_mixin.py:154} INFO - [2024-10-20T03:04:31.174+0000] {dag.py:2941} INFO - Sync 1 DAGs
[2024-10-20T03:04:31.186+0000] {logging_mixin.py:154} INFO - [2024-10-20T03:04:31.185+0000] {dag.py:3722} INFO - Setting next_dagrun for example_sensor_decorator to None, run_after=None
[2024-10-20T03:04:31.208+0000] {processor.py:179} INFO - Processing /home/airflow/.local/lib/python3.8/site-packages/airflow/example_dags/example_sensor_decorator.py took 0.067 seconds
[2024-10-20T03:05:01.509+0000] {processor.py:157} INFO - Started process (PID=668) to work on /home/airflow/.local/lib/python3.8/site-packages/airflow/example_dags/example_sensor_decorator.py
[2024-10-20T03:05:01.511+0000] {processor.py:829} INFO - Processing file /home/airflow/.local/lib/python3.8/site-packages/airflow/example_dags/example_sensor_decorator.py for tasks to queue
[2024-10-20T03:05:01.513+0000] {logging_mixin.py:154} INFO - [2024-10-20T03:05:01.513+0000] {dagbag.py:536} INFO - Filling up the DagBag from /home/airflow/.local/lib/python3.8/site-packages/airflow/example_dags/example_sensor_decorator.py
[2024-10-20T03:05:01.518+0000] {processor.py:839} INFO - DAG(s) dict_keys(['example_sensor_decorator']) retrieved from /home/airflow/.local/lib/python3.8/site-packages/airflow/example_dags/example_sensor_decorator.py
[2024-10-20T03:05:01.538+0000] {logging_mixin.py:154} INFO - [2024-10-20T03:05:01.538+0000] {dag.py:2941} INFO - Sync 1 DAGs
[2024-10-20T03:05:01.550+0000] {logging_mixin.py:154} INFO - [2024-10-20T03:05:01.550+0000] {dag.py:3722} INFO - Setting next_dagrun for example_sensor_decorator to None, run_after=None
[2024-10-20T03:05:01.571+0000] {processor.py:179} INFO - Processing /home/airflow/.local/lib/python3.8/site-packages/airflow/example_dags/example_sensor_decorator.py took 0.065 seconds
[2024-10-20T03:05:31.773+0000] {processor.py:157} INFO - Started process (PID=724) to work on /home/airflow/.local/lib/python3.8/site-packages/airflow/example_dags/example_sensor_decorator.py
[2024-10-20T03:05:31.774+0000] {processor.py:829} INFO - Processing file /home/airflow/.local/lib/python3.8/site-packages/airflow/example_dags/example_sensor_decorator.py for tasks to queue
[2024-10-20T03:05:31.777+0000] {logging_mixin.py:154} INFO - [2024-10-20T03:05:31.777+0000] {dagbag.py:536} INFO - Filling up the DagBag from /home/airflow/.local/lib/python3.8/site-packages/airflow/example_dags/example_sensor_decorator.py
[2024-10-20T03:05:31.785+0000] {processor.py:839} INFO - DAG(s) dict_keys(['example_sensor_decorator']) retrieved from /home/airflow/.local/lib/python3.8/site-packages/airflow/example_dags/example_sensor_decorator.py
[2024-10-20T03:05:31.809+0000] {logging_mixin.py:154} INFO - [2024-10-20T03:05:31.809+0000] {dag.py:2941} INFO - Sync 1 DAGs
[2024-10-20T03:05:31.824+0000] {logging_mixin.py:154} INFO - [2024-10-20T03:05:31.824+0000] {dag.py:3722} INFO - Setting next_dagrun for example_sensor_decorator to None, run_after=None
[2024-10-20T03:05:31.846+0000] {processor.py:179} INFO - Processing /home/airflow/.local/lib/python3.8/site-packages/airflow/example_dags/example_sensor_decorator.py took 0.076 seconds
[2024-10-20T03:06:01.931+0000] {processor.py:157} INFO - Started process (PID=779) to work on /home/airflow/.local/lib/python3.8/site-packages/airflow/example_dags/example_sensor_decorator.py
[2024-10-20T03:06:01.932+0000] {processor.py:829} INFO - Processing file /home/airflow/.local/lib/python3.8/site-packages/airflow/example_dags/example_sensor_decorator.py for tasks to queue
[2024-10-20T03:06:01.934+0000] {logging_mixin.py:154} INFO - [2024-10-20T03:06:01.934+0000] {dagbag.py:536} INFO - Filling up the DagBag from /home/airflow/.local/lib/python3.8/site-packages/airflow/example_dags/example_sensor_decorator.py
[2024-10-20T03:06:01.941+0000] {processor.py:839} INFO - DAG(s) dict_keys(['example_sensor_decorator']) retrieved from /home/airflow/.local/lib/python3.8/site-packages/airflow/example_dags/example_sensor_decorator.py
[2024-10-20T03:06:01.962+0000] {logging_mixin.py:154} INFO - [2024-10-20T03:06:01.962+0000] {dag.py:2941} INFO - Sync 1 DAGs
[2024-10-20T03:06:01.978+0000] {logging_mixin.py:154} INFO - [2024-10-20T03:06:01.978+0000] {dag.py:3722} INFO - Setting next_dagrun for example_sensor_decorator to None, run_after=None
[2024-10-20T03:06:02.002+0000] {processor.py:179} INFO - Processing /home/airflow/.local/lib/python3.8/site-packages/airflow/example_dags/example_sensor_decorator.py took 0.074 seconds
[2024-10-20T03:06:32.995+0000] {processor.py:157} INFO - Started process (PID=835) to work on /home/airflow/.local/lib/python3.8/site-packages/airflow/example_dags/example_sensor_decorator.py
[2024-10-20T03:06:32.995+0000] {processor.py:829} INFO - Processing file /home/airflow/.local/lib/python3.8/site-packages/airflow/example_dags/example_sensor_decorator.py for tasks to queue
[2024-10-20T03:06:32.998+0000] {logging_mixin.py:154} INFO - [2024-10-20T03:06:32.997+0000] {dagbag.py:536} INFO - Filling up the DagBag from /home/airflow/.local/lib/python3.8/site-packages/airflow/example_dags/example_sensor_decorator.py
[2024-10-20T03:06:33.004+0000] {processor.py:839} INFO - DAG(s) dict_keys(['example_sensor_decorator']) retrieved from /home/airflow/.local/lib/python3.8/site-packages/airflow/example_dags/example_sensor_decorator.py
[2024-10-20T03:06:33.028+0000] {logging_mixin.py:154} INFO - [2024-10-20T03:06:33.027+0000] {dag.py:2941} INFO - Sync 1 DAGs
[2024-10-20T03:06:33.043+0000] {logging_mixin.py:154} INFO - [2024-10-20T03:06:33.042+0000] {dag.py:3722} INFO - Setting next_dagrun for example_sensor_decorator to None, run_after=None
[2024-10-20T03:06:33.070+0000] {processor.py:179} INFO - Processing /home/airflow/.local/lib/python3.8/site-packages/airflow/example_dags/example_sensor_decorator.py took 0.078 seconds
[2024-10-20T03:07:03.288+0000] {processor.py:157} INFO - Started process (PID=890) to work on /home/airflow/.local/lib/python3.8/site-packages/airflow/example_dags/example_sensor_decorator.py
[2024-10-20T03:07:03.290+0000] {processor.py:829} INFO - Processing file /home/airflow/.local/lib/python3.8/site-packages/airflow/example_dags/example_sensor_decorator.py for tasks to queue
[2024-10-20T03:07:03.293+0000] {logging_mixin.py:154} INFO - [2024-10-20T03:07:03.292+0000] {dagbag.py:536} INFO - Filling up the DagBag from /home/airflow/.local/lib/python3.8/site-packages/airflow/example_dags/example_sensor_decorator.py
[2024-10-20T03:07:03.304+0000] {processor.py:839} INFO - DAG(s) dict_keys(['example_sensor_decorator']) retrieved from /home/airflow/.local/lib/python3.8/site-packages/airflow/example_dags/example_sensor_decorator.py
[2024-10-20T03:07:03.353+0000] {logging_mixin.py:154} INFO - [2024-10-20T03:07:03.352+0000] {dag.py:2941} INFO - Sync 1 DAGs
[2024-10-20T03:07:03.378+0000] {logging_mixin.py:154} INFO - [2024-10-20T03:07:03.377+0000] {dag.py:3722} INFO - Setting next_dagrun for example_sensor_decorator to None, run_after=None
[2024-10-20T03:07:03.469+0000] {processor.py:179} INFO - Processing /home/airflow/.local/lib/python3.8/site-packages/airflow/example_dags/example_sensor_decorator.py took 0.187 seconds
[2024-10-20T03:07:33.544+0000] {processor.py:157} INFO - Started process (PID=946) to work on /home/airflow/.local/lib/python3.8/site-packages/airflow/example_dags/example_sensor_decorator.py
[2024-10-20T03:07:33.546+0000] {processor.py:829} INFO - Processing file /home/airflow/.local/lib/python3.8/site-packages/airflow/example_dags/example_sensor_decorator.py for tasks to queue
[2024-10-20T03:07:33.548+0000] {logging_mixin.py:154} INFO - [2024-10-20T03:07:33.548+0000] {dagbag.py:536} INFO - Filling up the DagBag from /home/airflow/.local/lib/python3.8/site-packages/airflow/example_dags/example_sensor_decorator.py
[2024-10-20T03:07:33.554+0000] {processor.py:839} INFO - DAG(s) dict_keys(['example_sensor_decorator']) retrieved from /home/airflow/.local/lib/python3.8/site-packages/airflow/example_dags/example_sensor_decorator.py
[2024-10-20T03:07:33.577+0000] {logging_mixin.py:154} INFO - [2024-10-20T03:07:33.577+0000] {dag.py:2941} INFO - Sync 1 DAGs
[2024-10-20T03:07:33.591+0000] {logging_mixin.py:154} INFO - [2024-10-20T03:07:33.590+0000] {dag.py:3722} INFO - Setting next_dagrun for example_sensor_decorator to None, run_after=None
[2024-10-20T03:07:33.614+0000] {processor.py:179} INFO - Processing /home/airflow/.local/lib/python3.8/site-packages/airflow/example_dags/example_sensor_decorator.py took 0.073 seconds
[2024-10-20T03:08:49.351+0000] {processor.py:157} INFO - Started process (PID=99) to work on /home/airflow/.local/lib/python3.8/site-packages/airflow/example_dags/example_sensor_decorator.py
[2024-10-20T03:08:49.353+0000] {processor.py:829} INFO - Processing file /home/airflow/.local/lib/python3.8/site-packages/airflow/example_dags/example_sensor_decorator.py for tasks to queue
[2024-10-20T03:08:49.356+0000] {logging_mixin.py:154} INFO - [2024-10-20T03:08:49.356+0000] {dagbag.py:536} INFO - Filling up the DagBag from /home/airflow/.local/lib/python3.8/site-packages/airflow/example_dags/example_sensor_decorator.py
[2024-10-20T03:08:49.365+0000] {processor.py:839} INFO - DAG(s) dict_keys(['example_sensor_decorator']) retrieved from /home/airflow/.local/lib/python3.8/site-packages/airflow/example_dags/example_sensor_decorator.py
[2024-10-20T03:08:49.383+0000] {logging_mixin.py:154} INFO - [2024-10-20T03:08:49.383+0000] {dag.py:2941} INFO - Sync 1 DAGs
[2024-10-20T03:08:49.404+0000] {logging_mixin.py:154} INFO - [2024-10-20T03:08:49.404+0000] {dag.py:3722} INFO - Setting next_dagrun for example_sensor_decorator to None, run_after=None
[2024-10-20T03:08:49.434+0000] {processor.py:179} INFO - Processing /home/airflow/.local/lib/python3.8/site-packages/airflow/example_dags/example_sensor_decorator.py took 0.087 seconds
[2024-10-20T03:09:20.527+0000] {processor.py:157} INFO - Started process (PID=155) to work on /home/airflow/.local/lib/python3.8/site-packages/airflow/example_dags/example_sensor_decorator.py
[2024-10-20T03:09:20.528+0000] {processor.py:829} INFO - Processing file /home/airflow/.local/lib/python3.8/site-packages/airflow/example_dags/example_sensor_decorator.py for tasks to queue
[2024-10-20T03:09:20.532+0000] {logging_mixin.py:154} INFO - [2024-10-20T03:09:20.532+0000] {dagbag.py:536} INFO - Filling up the DagBag from /home/airflow/.local/lib/python3.8/site-packages/airflow/example_dags/example_sensor_decorator.py
[2024-10-20T03:09:20.540+0000] {processor.py:839} INFO - DAG(s) dict_keys(['example_sensor_decorator']) retrieved from /home/airflow/.local/lib/python3.8/site-packages/airflow/example_dags/example_sensor_decorator.py
[2024-10-20T03:09:20.569+0000] {logging_mixin.py:154} INFO - [2024-10-20T03:09:20.569+0000] {dag.py:2941} INFO - Sync 1 DAGs
[2024-10-20T03:09:20.584+0000] {logging_mixin.py:154} INFO - [2024-10-20T03:09:20.584+0000] {dag.py:3722} INFO - Setting next_dagrun for example_sensor_decorator to None, run_after=None
[2024-10-20T03:09:20.612+0000] {processor.py:179} INFO - Processing /home/airflow/.local/lib/python3.8/site-packages/airflow/example_dags/example_sensor_decorator.py took 0.090 seconds
[2024-10-20T03:09:50.950+0000] {processor.py:157} INFO - Started process (PID=211) to work on /home/airflow/.local/lib/python3.8/site-packages/airflow/example_dags/example_sensor_decorator.py
[2024-10-20T03:09:50.951+0000] {processor.py:829} INFO - Processing file /home/airflow/.local/lib/python3.8/site-packages/airflow/example_dags/example_sensor_decorator.py for tasks to queue
[2024-10-20T03:09:50.953+0000] {logging_mixin.py:154} INFO - [2024-10-20T03:09:50.953+0000] {dagbag.py:536} INFO - Filling up the DagBag from /home/airflow/.local/lib/python3.8/site-packages/airflow/example_dags/example_sensor_decorator.py
[2024-10-20T03:09:50.958+0000] {processor.py:839} INFO - DAG(s) dict_keys(['example_sensor_decorator']) retrieved from /home/airflow/.local/lib/python3.8/site-packages/airflow/example_dags/example_sensor_decorator.py
[2024-10-20T03:09:50.979+0000] {logging_mixin.py:154} INFO - [2024-10-20T03:09:50.978+0000] {dag.py:2941} INFO - Sync 1 DAGs
[2024-10-20T03:09:50.991+0000] {logging_mixin.py:154} INFO - [2024-10-20T03:09:50.991+0000] {dag.py:3722} INFO - Setting next_dagrun for example_sensor_decorator to None, run_after=None
[2024-10-20T03:09:51.012+0000] {processor.py:179} INFO - Processing /home/airflow/.local/lib/python3.8/site-packages/airflow/example_dags/example_sensor_decorator.py took 0.065 seconds
[2024-10-20T03:10:21.276+0000] {processor.py:157} INFO - Started process (PID=267) to work on /home/airflow/.local/lib/python3.8/site-packages/airflow/example_dags/example_sensor_decorator.py
[2024-10-20T03:10:21.277+0000] {processor.py:829} INFO - Processing file /home/airflow/.local/lib/python3.8/site-packages/airflow/example_dags/example_sensor_decorator.py for tasks to queue
[2024-10-20T03:10:21.279+0000] {logging_mixin.py:154} INFO - [2024-10-20T03:10:21.279+0000] {dagbag.py:536} INFO - Filling up the DagBag from /home/airflow/.local/lib/python3.8/site-packages/airflow/example_dags/example_sensor_decorator.py
[2024-10-20T03:10:21.287+0000] {processor.py:839} INFO - DAG(s) dict_keys(['example_sensor_decorator']) retrieved from /home/airflow/.local/lib/python3.8/site-packages/airflow/example_dags/example_sensor_decorator.py
[2024-10-20T03:10:21.316+0000] {logging_mixin.py:154} INFO - [2024-10-20T03:10:21.316+0000] {dag.py:2941} INFO - Sync 1 DAGs
[2024-10-20T03:10:21.332+0000] {logging_mixin.py:154} INFO - [2024-10-20T03:10:21.332+0000] {dag.py:3722} INFO - Setting next_dagrun for example_sensor_decorator to None, run_after=None
[2024-10-20T03:10:21.367+0000] {processor.py:179} INFO - Processing /home/airflow/.local/lib/python3.8/site-packages/airflow/example_dags/example_sensor_decorator.py took 0.094 seconds
[2024-10-20T03:10:52.315+0000] {processor.py:157} INFO - Started process (PID=323) to work on /home/airflow/.local/lib/python3.8/site-packages/airflow/example_dags/example_sensor_decorator.py
[2024-10-20T03:10:52.316+0000] {processor.py:829} INFO - Processing file /home/airflow/.local/lib/python3.8/site-packages/airflow/example_dags/example_sensor_decorator.py for tasks to queue
[2024-10-20T03:10:52.318+0000] {logging_mixin.py:154} INFO - [2024-10-20T03:10:52.318+0000] {dagbag.py:536} INFO - Filling up the DagBag from /home/airflow/.local/lib/python3.8/site-packages/airflow/example_dags/example_sensor_decorator.py
[2024-10-20T03:10:52.324+0000] {processor.py:839} INFO - DAG(s) dict_keys(['example_sensor_decorator']) retrieved from /home/airflow/.local/lib/python3.8/site-packages/airflow/example_dags/example_sensor_decorator.py
[2024-10-20T03:10:52.348+0000] {logging_mixin.py:154} INFO - [2024-10-20T03:10:52.347+0000] {dag.py:2941} INFO - Sync 1 DAGs
[2024-10-20T03:10:52.363+0000] {logging_mixin.py:154} INFO - [2024-10-20T03:10:52.363+0000] {dag.py:3722} INFO - Setting next_dagrun for example_sensor_decorator to None, run_after=None
[2024-10-20T03:10:52.393+0000] {processor.py:179} INFO - Processing /home/airflow/.local/lib/python3.8/site-packages/airflow/example_dags/example_sensor_decorator.py took 0.082 seconds
[2024-10-20T03:11:23.076+0000] {processor.py:157} INFO - Started process (PID=379) to work on /home/airflow/.local/lib/python3.8/site-packages/airflow/example_dags/example_sensor_decorator.py
[2024-10-20T03:11:23.077+0000] {processor.py:829} INFO - Processing file /home/airflow/.local/lib/python3.8/site-packages/airflow/example_dags/example_sensor_decorator.py for tasks to queue
[2024-10-20T03:11:23.079+0000] {logging_mixin.py:154} INFO - [2024-10-20T03:11:23.078+0000] {dagbag.py:536} INFO - Filling up the DagBag from /home/airflow/.local/lib/python3.8/site-packages/airflow/example_dags/example_sensor_decorator.py
[2024-10-20T03:11:23.085+0000] {processor.py:839} INFO - DAG(s) dict_keys(['example_sensor_decorator']) retrieved from /home/airflow/.local/lib/python3.8/site-packages/airflow/example_dags/example_sensor_decorator.py
[2024-10-20T03:11:23.107+0000] {logging_mixin.py:154} INFO - [2024-10-20T03:11:23.107+0000] {dag.py:2941} INFO - Sync 1 DAGs
[2024-10-20T03:11:23.120+0000] {logging_mixin.py:154} INFO - [2024-10-20T03:11:23.120+0000] {dag.py:3722} INFO - Setting next_dagrun for example_sensor_decorator to None, run_after=None
[2024-10-20T03:11:23.144+0000] {processor.py:179} INFO - Processing /home/airflow/.local/lib/python3.8/site-packages/airflow/example_dags/example_sensor_decorator.py took 0.071 seconds
[2024-10-20T03:11:54.269+0000] {processor.py:157} INFO - Started process (PID=435) to work on /home/airflow/.local/lib/python3.8/site-packages/airflow/example_dags/example_sensor_decorator.py
[2024-10-20T03:11:54.270+0000] {processor.py:829} INFO - Processing file /home/airflow/.local/lib/python3.8/site-packages/airflow/example_dags/example_sensor_decorator.py for tasks to queue
[2024-10-20T03:11:54.272+0000] {logging_mixin.py:154} INFO - [2024-10-20T03:11:54.272+0000] {dagbag.py:536} INFO - Filling up the DagBag from /home/airflow/.local/lib/python3.8/site-packages/airflow/example_dags/example_sensor_decorator.py
[2024-10-20T03:11:54.280+0000] {processor.py:839} INFO - DAG(s) dict_keys(['example_sensor_decorator']) retrieved from /home/airflow/.local/lib/python3.8/site-packages/airflow/example_dags/example_sensor_decorator.py
[2024-10-20T03:11:54.307+0000] {logging_mixin.py:154} INFO - [2024-10-20T03:11:54.306+0000] {dag.py:2941} INFO - Sync 1 DAGs
[2024-10-20T03:11:54.321+0000] {logging_mixin.py:154} INFO - [2024-10-20T03:11:54.321+0000] {dag.py:3722} INFO - Setting next_dagrun for example_sensor_decorator to None, run_after=None
[2024-10-20T03:11:54.349+0000] {processor.py:179} INFO - Processing /home/airflow/.local/lib/python3.8/site-packages/airflow/example_dags/example_sensor_decorator.py took 0.084 seconds
[2024-10-20T03:12:24.673+0000] {processor.py:157} INFO - Started process (PID=491) to work on /home/airflow/.local/lib/python3.8/site-packages/airflow/example_dags/example_sensor_decorator.py
[2024-10-20T03:12:24.675+0000] {processor.py:829} INFO - Processing file /home/airflow/.local/lib/python3.8/site-packages/airflow/example_dags/example_sensor_decorator.py for tasks to queue
[2024-10-20T03:12:24.677+0000] {logging_mixin.py:154} INFO - [2024-10-20T03:12:24.677+0000] {dagbag.py:536} INFO - Filling up the DagBag from /home/airflow/.local/lib/python3.8/site-packages/airflow/example_dags/example_sensor_decorator.py
[2024-10-20T03:12:24.684+0000] {processor.py:839} INFO - DAG(s) dict_keys(['example_sensor_decorator']) retrieved from /home/airflow/.local/lib/python3.8/site-packages/airflow/example_dags/example_sensor_decorator.py
[2024-10-20T03:12:24.708+0000] {logging_mixin.py:154} INFO - [2024-10-20T03:12:24.707+0000] {dag.py:2941} INFO - Sync 1 DAGs
[2024-10-20T03:12:24.722+0000] {logging_mixin.py:154} INFO - [2024-10-20T03:12:24.722+0000] {dag.py:3722} INFO - Setting next_dagrun for example_sensor_decorator to None, run_after=None
[2024-10-20T03:12:24.747+0000] {processor.py:179} INFO - Processing /home/airflow/.local/lib/python3.8/site-packages/airflow/example_dags/example_sensor_decorator.py took 0.076 seconds
[2024-10-20T03:12:55.341+0000] {processor.py:157} INFO - Started process (PID=547) to work on /home/airflow/.local/lib/python3.8/site-packages/airflow/example_dags/example_sensor_decorator.py
[2024-10-20T03:12:55.342+0000] {processor.py:829} INFO - Processing file /home/airflow/.local/lib/python3.8/site-packages/airflow/example_dags/example_sensor_decorator.py for tasks to queue
[2024-10-20T03:12:55.345+0000] {logging_mixin.py:154} INFO - [2024-10-20T03:12:55.345+0000] {dagbag.py:536} INFO - Filling up the DagBag from /home/airflow/.local/lib/python3.8/site-packages/airflow/example_dags/example_sensor_decorator.py
[2024-10-20T03:12:55.353+0000] {processor.py:839} INFO - DAG(s) dict_keys(['example_sensor_decorator']) retrieved from /home/airflow/.local/lib/python3.8/site-packages/airflow/example_dags/example_sensor_decorator.py
[2024-10-20T03:12:55.380+0000] {logging_mixin.py:154} INFO - [2024-10-20T03:12:55.380+0000] {dag.py:2941} INFO - Sync 1 DAGs
[2024-10-20T03:12:55.397+0000] {logging_mixin.py:154} INFO - [2024-10-20T03:12:55.397+0000] {dag.py:3722} INFO - Setting next_dagrun for example_sensor_decorator to None, run_after=None
[2024-10-20T03:12:55.427+0000] {processor.py:179} INFO - Processing /home/airflow/.local/lib/python3.8/site-packages/airflow/example_dags/example_sensor_decorator.py took 0.090 seconds
[2024-10-20T03:13:25.871+0000] {processor.py:157} INFO - Started process (PID=603) to work on /home/airflow/.local/lib/python3.8/site-packages/airflow/example_dags/example_sensor_decorator.py
[2024-10-20T03:13:25.872+0000] {processor.py:829} INFO - Processing file /home/airflow/.local/lib/python3.8/site-packages/airflow/example_dags/example_sensor_decorator.py for tasks to queue
[2024-10-20T03:13:25.875+0000] {logging_mixin.py:154} INFO - [2024-10-20T03:13:25.874+0000] {dagbag.py:536} INFO - Filling up the DagBag from /home/airflow/.local/lib/python3.8/site-packages/airflow/example_dags/example_sensor_decorator.py
[2024-10-20T03:13:25.883+0000] {processor.py:839} INFO - DAG(s) dict_keys(['example_sensor_decorator']) retrieved from /home/airflow/.local/lib/python3.8/site-packages/airflow/example_dags/example_sensor_decorator.py
[2024-10-20T03:13:25.907+0000] {logging_mixin.py:154} INFO - [2024-10-20T03:13:25.907+0000] {dag.py:2941} INFO - Sync 1 DAGs
[2024-10-20T03:13:25.922+0000] {logging_mixin.py:154} INFO - [2024-10-20T03:13:25.921+0000] {dag.py:3722} INFO - Setting next_dagrun for example_sensor_decorator to None, run_after=None
[2024-10-20T03:13:25.947+0000] {processor.py:179} INFO - Processing /home/airflow/.local/lib/python3.8/site-packages/airflow/example_dags/example_sensor_decorator.py took 0.079 seconds
[2024-10-20T03:13:56.126+0000] {processor.py:157} INFO - Started process (PID=659) to work on /home/airflow/.local/lib/python3.8/site-packages/airflow/example_dags/example_sensor_decorator.py
[2024-10-20T03:13:56.127+0000] {processor.py:829} INFO - Processing file /home/airflow/.local/lib/python3.8/site-packages/airflow/example_dags/example_sensor_decorator.py for tasks to queue
[2024-10-20T03:13:56.129+0000] {logging_mixin.py:154} INFO - [2024-10-20T03:13:56.129+0000] {dagbag.py:536} INFO - Filling up the DagBag from /home/airflow/.local/lib/python3.8/site-packages/airflow/example_dags/example_sensor_decorator.py
[2024-10-20T03:13:56.136+0000] {processor.py:839} INFO - DAG(s) dict_keys(['example_sensor_decorator']) retrieved from /home/airflow/.local/lib/python3.8/site-packages/airflow/example_dags/example_sensor_decorator.py
[2024-10-20T03:13:56.161+0000] {logging_mixin.py:154} INFO - [2024-10-20T03:13:56.160+0000] {dag.py:2941} INFO - Sync 1 DAGs
[2024-10-20T03:13:56.178+0000] {logging_mixin.py:154} INFO - [2024-10-20T03:13:56.177+0000] {dag.py:3722} INFO - Setting next_dagrun for example_sensor_decorator to None, run_after=None
[2024-10-20T03:13:56.209+0000] {processor.py:179} INFO - Processing /home/airflow/.local/lib/python3.8/site-packages/airflow/example_dags/example_sensor_decorator.py took 0.087 seconds
[2024-10-20T03:14:26.446+0000] {processor.py:157} INFO - Started process (PID=713) to work on /home/airflow/.local/lib/python3.8/site-packages/airflow/example_dags/example_sensor_decorator.py
[2024-10-20T03:14:26.447+0000] {processor.py:829} INFO - Processing file /home/airflow/.local/lib/python3.8/site-packages/airflow/example_dags/example_sensor_decorator.py for tasks to queue
[2024-10-20T03:14:26.450+0000] {logging_mixin.py:154} INFO - [2024-10-20T03:14:26.449+0000] {dagbag.py:536} INFO - Filling up the DagBag from /home/airflow/.local/lib/python3.8/site-packages/airflow/example_dags/example_sensor_decorator.py
[2024-10-20T03:14:26.456+0000] {processor.py:839} INFO - DAG(s) dict_keys(['example_sensor_decorator']) retrieved from /home/airflow/.local/lib/python3.8/site-packages/airflow/example_dags/example_sensor_decorator.py
[2024-10-20T03:14:26.481+0000] {logging_mixin.py:154} INFO - [2024-10-20T03:14:26.481+0000] {dag.py:2941} INFO - Sync 1 DAGs
[2024-10-20T03:14:26.500+0000] {logging_mixin.py:154} INFO - [2024-10-20T03:14:26.499+0000] {dag.py:3722} INFO - Setting next_dagrun for example_sensor_decorator to None, run_after=None
[2024-10-20T03:14:26.526+0000] {processor.py:179} INFO - Processing /home/airflow/.local/lib/python3.8/site-packages/airflow/example_dags/example_sensor_decorator.py took 0.084 seconds
[2024-10-20T03:14:56.931+0000] {processor.py:157} INFO - Started process (PID=769) to work on /home/airflow/.local/lib/python3.8/site-packages/airflow/example_dags/example_sensor_decorator.py
[2024-10-20T03:14:56.932+0000] {processor.py:829} INFO - Processing file /home/airflow/.local/lib/python3.8/site-packages/airflow/example_dags/example_sensor_decorator.py for tasks to queue
[2024-10-20T03:14:56.935+0000] {logging_mixin.py:154} INFO - [2024-10-20T03:14:56.934+0000] {dagbag.py:536} INFO - Filling up the DagBag from /home/airflow/.local/lib/python3.8/site-packages/airflow/example_dags/example_sensor_decorator.py
[2024-10-20T03:14:56.941+0000] {processor.py:839} INFO - DAG(s) dict_keys(['example_sensor_decorator']) retrieved from /home/airflow/.local/lib/python3.8/site-packages/airflow/example_dags/example_sensor_decorator.py
[2024-10-20T03:14:56.963+0000] {logging_mixin.py:154} INFO - [2024-10-20T03:14:56.963+0000] {dag.py:2941} INFO - Sync 1 DAGs
[2024-10-20T03:14:56.977+0000] {logging_mixin.py:154} INFO - [2024-10-20T03:14:56.976+0000] {dag.py:3722} INFO - Setting next_dagrun for example_sensor_decorator to None, run_after=None
[2024-10-20T03:14:57.000+0000] {processor.py:179} INFO - Processing /home/airflow/.local/lib/python3.8/site-packages/airflow/example_dags/example_sensor_decorator.py took 0.071 seconds
[2024-10-20T03:15:27.354+0000] {processor.py:157} INFO - Started process (PID=825) to work on /home/airflow/.local/lib/python3.8/site-packages/airflow/example_dags/example_sensor_decorator.py
[2024-10-20T03:15:27.355+0000] {processor.py:829} INFO - Processing file /home/airflow/.local/lib/python3.8/site-packages/airflow/example_dags/example_sensor_decorator.py for tasks to queue
[2024-10-20T03:15:27.358+0000] {logging_mixin.py:154} INFO - [2024-10-20T03:15:27.357+0000] {dagbag.py:536} INFO - Filling up the DagBag from /home/airflow/.local/lib/python3.8/site-packages/airflow/example_dags/example_sensor_decorator.py
[2024-10-20T03:15:27.364+0000] {processor.py:839} INFO - DAG(s) dict_keys(['example_sensor_decorator']) retrieved from /home/airflow/.local/lib/python3.8/site-packages/airflow/example_dags/example_sensor_decorator.py
[2024-10-20T03:15:27.387+0000] {logging_mixin.py:154} INFO - [2024-10-20T03:15:27.387+0000] {dag.py:2941} INFO - Sync 1 DAGs
[2024-10-20T03:15:27.401+0000] {logging_mixin.py:154} INFO - [2024-10-20T03:15:27.400+0000] {dag.py:3722} INFO - Setting next_dagrun for example_sensor_decorator to None, run_after=None
[2024-10-20T03:15:27.424+0000] {processor.py:179} INFO - Processing /home/airflow/.local/lib/python3.8/site-packages/airflow/example_dags/example_sensor_decorator.py took 0.072 seconds
[2024-10-20T03:15:58.161+0000] {processor.py:157} INFO - Started process (PID=881) to work on /home/airflow/.local/lib/python3.8/site-packages/airflow/example_dags/example_sensor_decorator.py
[2024-10-20T03:15:58.163+0000] {processor.py:829} INFO - Processing file /home/airflow/.local/lib/python3.8/site-packages/airflow/example_dags/example_sensor_decorator.py for tasks to queue
[2024-10-20T03:15:58.165+0000] {logging_mixin.py:154} INFO - [2024-10-20T03:15:58.165+0000] {dagbag.py:536} INFO - Filling up the DagBag from /home/airflow/.local/lib/python3.8/site-packages/airflow/example_dags/example_sensor_decorator.py
[2024-10-20T03:15:58.176+0000] {processor.py:839} INFO - DAG(s) dict_keys(['example_sensor_decorator']) retrieved from /home/airflow/.local/lib/python3.8/site-packages/airflow/example_dags/example_sensor_decorator.py
[2024-10-20T03:15:58.207+0000] {logging_mixin.py:154} INFO - [2024-10-20T03:15:58.206+0000] {dag.py:2941} INFO - Sync 1 DAGs
[2024-10-20T03:15:58.223+0000] {logging_mixin.py:154} INFO - [2024-10-20T03:15:58.222+0000] {dag.py:3722} INFO - Setting next_dagrun for example_sensor_decorator to None, run_after=None
[2024-10-20T03:15:58.255+0000] {processor.py:179} INFO - Processing /home/airflow/.local/lib/python3.8/site-packages/airflow/example_dags/example_sensor_decorator.py took 0.097 seconds
[2024-10-20T03:16:28.779+0000] {processor.py:157} INFO - Started process (PID=937) to work on /home/airflow/.local/lib/python3.8/site-packages/airflow/example_dags/example_sensor_decorator.py
[2024-10-20T03:16:28.780+0000] {processor.py:829} INFO - Processing file /home/airflow/.local/lib/python3.8/site-packages/airflow/example_dags/example_sensor_decorator.py for tasks to queue
[2024-10-20T03:16:28.782+0000] {logging_mixin.py:154} INFO - [2024-10-20T03:16:28.782+0000] {dagbag.py:536} INFO - Filling up the DagBag from /home/airflow/.local/lib/python3.8/site-packages/airflow/example_dags/example_sensor_decorator.py
[2024-10-20T03:16:28.788+0000] {processor.py:839} INFO - DAG(s) dict_keys(['example_sensor_decorator']) retrieved from /home/airflow/.local/lib/python3.8/site-packages/airflow/example_dags/example_sensor_decorator.py
[2024-10-20T03:16:28.810+0000] {logging_mixin.py:154} INFO - [2024-10-20T03:16:28.810+0000] {dag.py:2941} INFO - Sync 1 DAGs
[2024-10-20T03:16:28.825+0000] {logging_mixin.py:154} INFO - [2024-10-20T03:16:28.824+0000] {dag.py:3722} INFO - Setting next_dagrun for example_sensor_decorator to None, run_after=None
[2024-10-20T03:16:28.846+0000] {processor.py:179} INFO - Processing /home/airflow/.local/lib/python3.8/site-packages/airflow/example_dags/example_sensor_decorator.py took 0.070 seconds
[2024-10-20T03:17:00.363+0000] {processor.py:157} INFO - Started process (PID=993) to work on /home/airflow/.local/lib/python3.8/site-packages/airflow/example_dags/example_sensor_decorator.py
[2024-10-20T03:17:00.364+0000] {processor.py:829} INFO - Processing file /home/airflow/.local/lib/python3.8/site-packages/airflow/example_dags/example_sensor_decorator.py for tasks to queue
[2024-10-20T03:17:00.366+0000] {logging_mixin.py:154} INFO - [2024-10-20T03:17:00.365+0000] {dagbag.py:536} INFO - Filling up the DagBag from /home/airflow/.local/lib/python3.8/site-packages/airflow/example_dags/example_sensor_decorator.py
[2024-10-20T03:17:00.371+0000] {processor.py:839} INFO - DAG(s) dict_keys(['example_sensor_decorator']) retrieved from /home/airflow/.local/lib/python3.8/site-packages/airflow/example_dags/example_sensor_decorator.py
[2024-10-20T03:17:00.392+0000] {logging_mixin.py:154} INFO - [2024-10-20T03:17:00.392+0000] {dag.py:2941} INFO - Sync 1 DAGs
[2024-10-20T03:17:00.404+0000] {logging_mixin.py:154} INFO - [2024-10-20T03:17:00.404+0000] {dag.py:3722} INFO - Setting next_dagrun for example_sensor_decorator to None, run_after=None
[2024-10-20T03:17:00.426+0000] {processor.py:179} INFO - Processing /home/airflow/.local/lib/python3.8/site-packages/airflow/example_dags/example_sensor_decorator.py took 0.066 seconds
[2024-10-20T03:17:30.756+0000] {processor.py:157} INFO - Started process (PID=1049) to work on /home/airflow/.local/lib/python3.8/site-packages/airflow/example_dags/example_sensor_decorator.py
[2024-10-20T03:17:30.757+0000] {processor.py:829} INFO - Processing file /home/airflow/.local/lib/python3.8/site-packages/airflow/example_dags/example_sensor_decorator.py for tasks to queue
[2024-10-20T03:17:30.759+0000] {logging_mixin.py:154} INFO - [2024-10-20T03:17:30.759+0000] {dagbag.py:536} INFO - Filling up the DagBag from /home/airflow/.local/lib/python3.8/site-packages/airflow/example_dags/example_sensor_decorator.py
[2024-10-20T03:17:30.765+0000] {processor.py:839} INFO - DAG(s) dict_keys(['example_sensor_decorator']) retrieved from /home/airflow/.local/lib/python3.8/site-packages/airflow/example_dags/example_sensor_decorator.py
[2024-10-20T03:17:30.787+0000] {logging_mixin.py:154} INFO - [2024-10-20T03:17:30.787+0000] {dag.py:2941} INFO - Sync 1 DAGs
[2024-10-20T03:17:30.798+0000] {logging_mixin.py:154} INFO - [2024-10-20T03:17:30.798+0000] {dag.py:3722} INFO - Setting next_dagrun for example_sensor_decorator to None, run_after=None
[2024-10-20T03:17:30.818+0000] {processor.py:179} INFO - Processing /home/airflow/.local/lib/python3.8/site-packages/airflow/example_dags/example_sensor_decorator.py took 0.065 seconds
[2024-10-20T07:21:06.193+0000] {processor.py:157} INFO - Started process (PID=100) to work on /home/airflow/.local/lib/python3.8/site-packages/airflow/example_dags/example_sensor_decorator.py
[2024-10-20T07:21:06.194+0000] {processor.py:829} INFO - Processing file /home/airflow/.local/lib/python3.8/site-packages/airflow/example_dags/example_sensor_decorator.py for tasks to queue
[2024-10-20T07:21:06.197+0000] {logging_mixin.py:154} INFO - [2024-10-20T07:21:06.196+0000] {dagbag.py:536} INFO - Filling up the DagBag from /home/airflow/.local/lib/python3.8/site-packages/airflow/example_dags/example_sensor_decorator.py
[2024-10-20T07:21:06.206+0000] {processor.py:839} INFO - DAG(s) dict_keys(['example_sensor_decorator']) retrieved from /home/airflow/.local/lib/python3.8/site-packages/airflow/example_dags/example_sensor_decorator.py
[2024-10-20T07:21:06.237+0000] {logging_mixin.py:154} INFO - [2024-10-20T07:21:06.237+0000] {dag.py:2941} INFO - Sync 1 DAGs
[2024-10-20T07:21:06.253+0000] {logging_mixin.py:154} INFO - [2024-10-20T07:21:06.252+0000] {dag.py:3722} INFO - Setting next_dagrun for example_sensor_decorator to None, run_after=None
[2024-10-20T07:21:06.287+0000] {processor.py:179} INFO - Processing /home/airflow/.local/lib/python3.8/site-packages/airflow/example_dags/example_sensor_decorator.py took 0.097 seconds
[2024-10-20T07:21:37.346+0000] {processor.py:157} INFO - Started process (PID=156) to work on /home/airflow/.local/lib/python3.8/site-packages/airflow/example_dags/example_sensor_decorator.py
[2024-10-20T07:21:37.348+0000] {processor.py:829} INFO - Processing file /home/airflow/.local/lib/python3.8/site-packages/airflow/example_dags/example_sensor_decorator.py for tasks to queue
[2024-10-20T07:21:37.351+0000] {logging_mixin.py:154} INFO - [2024-10-20T07:21:37.351+0000] {dagbag.py:536} INFO - Filling up the DagBag from /home/airflow/.local/lib/python3.8/site-packages/airflow/example_dags/example_sensor_decorator.py
[2024-10-20T07:21:37.361+0000] {processor.py:839} INFO - DAG(s) dict_keys(['example_sensor_decorator']) retrieved from /home/airflow/.local/lib/python3.8/site-packages/airflow/example_dags/example_sensor_decorator.py
[2024-10-20T07:21:37.393+0000] {logging_mixin.py:154} INFO - [2024-10-20T07:21:37.393+0000] {dag.py:2941} INFO - Sync 1 DAGs
[2024-10-20T07:21:37.415+0000] {logging_mixin.py:154} INFO - [2024-10-20T07:21:37.415+0000] {dag.py:3722} INFO - Setting next_dagrun for example_sensor_decorator to None, run_after=None
[2024-10-20T07:21:37.448+0000] {processor.py:179} INFO - Processing /home/airflow/.local/lib/python3.8/site-packages/airflow/example_dags/example_sensor_decorator.py took 0.107 seconds
[2024-10-20T07:22:08.597+0000] {processor.py:157} INFO - Started process (PID=212) to work on /home/airflow/.local/lib/python3.8/site-packages/airflow/example_dags/example_sensor_decorator.py
[2024-10-20T07:22:08.599+0000] {processor.py:829} INFO - Processing file /home/airflow/.local/lib/python3.8/site-packages/airflow/example_dags/example_sensor_decorator.py for tasks to queue
[2024-10-20T07:22:08.603+0000] {logging_mixin.py:154} INFO - [2024-10-20T07:22:08.602+0000] {dagbag.py:536} INFO - Filling up the DagBag from /home/airflow/.local/lib/python3.8/site-packages/airflow/example_dags/example_sensor_decorator.py
[2024-10-20T07:22:08.611+0000] {processor.py:839} INFO - DAG(s) dict_keys(['example_sensor_decorator']) retrieved from /home/airflow/.local/lib/python3.8/site-packages/airflow/example_dags/example_sensor_decorator.py
[2024-10-20T07:22:08.645+0000] {logging_mixin.py:154} INFO - [2024-10-20T07:22:08.644+0000] {dag.py:2941} INFO - Sync 1 DAGs
[2024-10-20T07:22:08.666+0000] {logging_mixin.py:154} INFO - [2024-10-20T07:22:08.666+0000] {dag.py:3722} INFO - Setting next_dagrun for example_sensor_decorator to None, run_after=None
[2024-10-20T07:22:08.709+0000] {processor.py:179} INFO - Processing /home/airflow/.local/lib/python3.8/site-packages/airflow/example_dags/example_sensor_decorator.py took 0.116 seconds
[2024-10-20T07:22:38.855+0000] {processor.py:157} INFO - Started process (PID=268) to work on /home/airflow/.local/lib/python3.8/site-packages/airflow/example_dags/example_sensor_decorator.py
[2024-10-20T07:22:38.857+0000] {processor.py:829} INFO - Processing file /home/airflow/.local/lib/python3.8/site-packages/airflow/example_dags/example_sensor_decorator.py for tasks to queue
[2024-10-20T07:22:38.860+0000] {logging_mixin.py:154} INFO - [2024-10-20T07:22:38.860+0000] {dagbag.py:536} INFO - Filling up the DagBag from /home/airflow/.local/lib/python3.8/site-packages/airflow/example_dags/example_sensor_decorator.py
[2024-10-20T07:22:38.869+0000] {processor.py:839} INFO - DAG(s) dict_keys(['example_sensor_decorator']) retrieved from /home/airflow/.local/lib/python3.8/site-packages/airflow/example_dags/example_sensor_decorator.py
[2024-10-20T07:22:38.908+0000] {logging_mixin.py:154} INFO - [2024-10-20T07:22:38.908+0000] {dag.py:2941} INFO - Sync 1 DAGs
[2024-10-20T07:22:38.933+0000] {logging_mixin.py:154} INFO - [2024-10-20T07:22:38.933+0000] {dag.py:3722} INFO - Setting next_dagrun for example_sensor_decorator to None, run_after=None
[2024-10-20T07:22:38.973+0000] {processor.py:179} INFO - Processing /home/airflow/.local/lib/python3.8/site-packages/airflow/example_dags/example_sensor_decorator.py took 0.122 seconds
[2024-10-20T07:23:09.862+0000] {processor.py:157} INFO - Started process (PID=324) to work on /home/airflow/.local/lib/python3.8/site-packages/airflow/example_dags/example_sensor_decorator.py
[2024-10-20T07:23:09.864+0000] {processor.py:829} INFO - Processing file /home/airflow/.local/lib/python3.8/site-packages/airflow/example_dags/example_sensor_decorator.py for tasks to queue
[2024-10-20T07:23:09.868+0000] {logging_mixin.py:154} INFO - [2024-10-20T07:23:09.868+0000] {dagbag.py:536} INFO - Filling up the DagBag from /home/airflow/.local/lib/python3.8/site-packages/airflow/example_dags/example_sensor_decorator.py
[2024-10-20T07:23:09.877+0000] {processor.py:839} INFO - DAG(s) dict_keys(['example_sensor_decorator']) retrieved from /home/airflow/.local/lib/python3.8/site-packages/airflow/example_dags/example_sensor_decorator.py
[2024-10-20T07:23:09.910+0000] {logging_mixin.py:154} INFO - [2024-10-20T07:23:09.910+0000] {dag.py:2941} INFO - Sync 1 DAGs
[2024-10-20T07:23:09.929+0000] {logging_mixin.py:154} INFO - [2024-10-20T07:23:09.929+0000] {dag.py:3722} INFO - Setting next_dagrun for example_sensor_decorator to None, run_after=None
[2024-10-20T07:23:09.963+0000] {processor.py:179} INFO - Processing /home/airflow/.local/lib/python3.8/site-packages/airflow/example_dags/example_sensor_decorator.py took 0.107 seconds
[2024-10-20T07:23:40.746+0000] {processor.py:157} INFO - Started process (PID=380) to work on /home/airflow/.local/lib/python3.8/site-packages/airflow/example_dags/example_sensor_decorator.py
[2024-10-20T07:23:40.748+0000] {processor.py:829} INFO - Processing file /home/airflow/.local/lib/python3.8/site-packages/airflow/example_dags/example_sensor_decorator.py for tasks to queue
[2024-10-20T07:23:40.752+0000] {logging_mixin.py:154} INFO - [2024-10-20T07:23:40.752+0000] {dagbag.py:536} INFO - Filling up the DagBag from /home/airflow/.local/lib/python3.8/site-packages/airflow/example_dags/example_sensor_decorator.py
[2024-10-20T07:23:40.762+0000] {processor.py:839} INFO - DAG(s) dict_keys(['example_sensor_decorator']) retrieved from /home/airflow/.local/lib/python3.8/site-packages/airflow/example_dags/example_sensor_decorator.py
[2024-10-20T07:23:40.800+0000] {logging_mixin.py:154} INFO - [2024-10-20T07:23:40.800+0000] {dag.py:2941} INFO - Sync 1 DAGs
[2024-10-20T07:23:40.822+0000] {logging_mixin.py:154} INFO - [2024-10-20T07:23:40.822+0000] {dag.py:3722} INFO - Setting next_dagrun for example_sensor_decorator to None, run_after=None
[2024-10-20T07:23:40.857+0000] {processor.py:179} INFO - Processing /home/airflow/.local/lib/python3.8/site-packages/airflow/example_dags/example_sensor_decorator.py took 0.115 seconds
[2024-10-20T07:24:11.263+0000] {processor.py:157} INFO - Started process (PID=436) to work on /home/airflow/.local/lib/python3.8/site-packages/airflow/example_dags/example_sensor_decorator.py
[2024-10-20T07:24:11.264+0000] {processor.py:829} INFO - Processing file /home/airflow/.local/lib/python3.8/site-packages/airflow/example_dags/example_sensor_decorator.py for tasks to queue
[2024-10-20T07:24:11.268+0000] {logging_mixin.py:154} INFO - [2024-10-20T07:24:11.267+0000] {dagbag.py:536} INFO - Filling up the DagBag from /home/airflow/.local/lib/python3.8/site-packages/airflow/example_dags/example_sensor_decorator.py
[2024-10-20T07:24:11.280+0000] {processor.py:839} INFO - DAG(s) dict_keys(['example_sensor_decorator']) retrieved from /home/airflow/.local/lib/python3.8/site-packages/airflow/example_dags/example_sensor_decorator.py
[2024-10-20T07:24:11.314+0000] {logging_mixin.py:154} INFO - [2024-10-20T07:24:11.314+0000] {dag.py:2941} INFO - Sync 1 DAGs
[2024-10-20T07:24:11.335+0000] {logging_mixin.py:154} INFO - [2024-10-20T07:24:11.335+0000] {dag.py:3722} INFO - Setting next_dagrun for example_sensor_decorator to None, run_after=None
[2024-10-20T07:24:11.368+0000] {processor.py:179} INFO - Processing /home/airflow/.local/lib/python3.8/site-packages/airflow/example_dags/example_sensor_decorator.py took 0.110 seconds
[2024-10-20T07:24:41.968+0000] {processor.py:157} INFO - Started process (PID=492) to work on /home/airflow/.local/lib/python3.8/site-packages/airflow/example_dags/example_sensor_decorator.py
[2024-10-20T07:24:41.970+0000] {processor.py:829} INFO - Processing file /home/airflow/.local/lib/python3.8/site-packages/airflow/example_dags/example_sensor_decorator.py for tasks to queue
[2024-10-20T07:24:41.974+0000] {logging_mixin.py:154} INFO - [2024-10-20T07:24:41.974+0000] {dagbag.py:536} INFO - Filling up the DagBag from /home/airflow/.local/lib/python3.8/site-packages/airflow/example_dags/example_sensor_decorator.py
[2024-10-20T07:24:41.985+0000] {processor.py:839} INFO - DAG(s) dict_keys(['example_sensor_decorator']) retrieved from /home/airflow/.local/lib/python3.8/site-packages/airflow/example_dags/example_sensor_decorator.py
[2024-10-20T07:24:42.022+0000] {logging_mixin.py:154} INFO - [2024-10-20T07:24:42.022+0000] {dag.py:2941} INFO - Sync 1 DAGs
[2024-10-20T07:24:42.042+0000] {logging_mixin.py:154} INFO - [2024-10-20T07:24:42.042+0000] {dag.py:3722} INFO - Setting next_dagrun for example_sensor_decorator to None, run_after=None
[2024-10-20T07:24:42.079+0000] {processor.py:179} INFO - Processing /home/airflow/.local/lib/python3.8/site-packages/airflow/example_dags/example_sensor_decorator.py took 0.117 seconds
[2024-10-20T07:26:05.860+0000] {processor.py:157} INFO - Started process (PID=541) to work on /home/airflow/.local/lib/python3.8/site-packages/airflow/example_dags/example_sensor_decorator.py
[2024-10-20T07:26:05.863+0000] {processor.py:829} INFO - Processing file /home/airflow/.local/lib/python3.8/site-packages/airflow/example_dags/example_sensor_decorator.py for tasks to queue
[2024-10-20T07:26:05.870+0000] {logging_mixin.py:154} INFO - [2024-10-20T07:26:05.869+0000] {dagbag.py:536} INFO - Filling up the DagBag from /home/airflow/.local/lib/python3.8/site-packages/airflow/example_dags/example_sensor_decorator.py
[2024-10-20T07:26:05.884+0000] {processor.py:839} INFO - DAG(s) dict_keys(['example_sensor_decorator']) retrieved from /home/airflow/.local/lib/python3.8/site-packages/airflow/example_dags/example_sensor_decorator.py
[2024-10-20T07:26:05.925+0000] {logging_mixin.py:154} INFO - [2024-10-20T07:26:05.924+0000] {dag.py:2941} INFO - Sync 1 DAGs
[2024-10-20T07:26:05.945+0000] {logging_mixin.py:154} INFO - [2024-10-20T07:26:05.945+0000] {dag.py:3722} INFO - Setting next_dagrun for example_sensor_decorator to None, run_after=None
[2024-10-20T07:26:05.985+0000] {processor.py:179} INFO - Processing /home/airflow/.local/lib/python3.8/site-packages/airflow/example_dags/example_sensor_decorator.py took 0.133 seconds
[2024-10-20T07:26:36.379+0000] {processor.py:157} INFO - Started process (PID=598) to work on /home/airflow/.local/lib/python3.8/site-packages/airflow/example_dags/example_sensor_decorator.py
[2024-10-20T07:26:36.380+0000] {processor.py:829} INFO - Processing file /home/airflow/.local/lib/python3.8/site-packages/airflow/example_dags/example_sensor_decorator.py for tasks to queue
[2024-10-20T07:26:36.382+0000] {logging_mixin.py:154} INFO - [2024-10-20T07:26:36.382+0000] {dagbag.py:536} INFO - Filling up the DagBag from /home/airflow/.local/lib/python3.8/site-packages/airflow/example_dags/example_sensor_decorator.py
[2024-10-20T07:26:36.387+0000] {processor.py:839} INFO - DAG(s) dict_keys(['example_sensor_decorator']) retrieved from /home/airflow/.local/lib/python3.8/site-packages/airflow/example_dags/example_sensor_decorator.py
[2024-10-20T07:26:36.410+0000] {logging_mixin.py:154} INFO - [2024-10-20T07:26:36.410+0000] {dag.py:2941} INFO - Sync 1 DAGs
[2024-10-20T07:26:36.426+0000] {logging_mixin.py:154} INFO - [2024-10-20T07:26:36.425+0000] {dag.py:3722} INFO - Setting next_dagrun for example_sensor_decorator to None, run_after=None
[2024-10-20T07:26:36.461+0000] {processor.py:179} INFO - Processing /home/airflow/.local/lib/python3.8/site-packages/airflow/example_dags/example_sensor_decorator.py took 0.085 seconds
[2024-10-20T07:27:08.330+0000] {processor.py:157} INFO - Started process (PID=661) to work on /home/airflow/.local/lib/python3.8/site-packages/airflow/example_dags/example_sensor_decorator.py
[2024-10-20T07:27:08.332+0000] {processor.py:829} INFO - Processing file /home/airflow/.local/lib/python3.8/site-packages/airflow/example_dags/example_sensor_decorator.py for tasks to queue
[2024-10-20T07:27:08.338+0000] {logging_mixin.py:154} INFO - [2024-10-20T07:27:08.337+0000] {dagbag.py:536} INFO - Filling up the DagBag from /home/airflow/.local/lib/python3.8/site-packages/airflow/example_dags/example_sensor_decorator.py
[2024-10-20T07:27:08.352+0000] {processor.py:839} INFO - DAG(s) dict_keys(['example_sensor_decorator']) retrieved from /home/airflow/.local/lib/python3.8/site-packages/airflow/example_dags/example_sensor_decorator.py
[2024-10-20T07:27:08.427+0000] {logging_mixin.py:154} INFO - [2024-10-20T07:27:08.426+0000] {dag.py:2941} INFO - Sync 1 DAGs
[2024-10-20T07:27:08.463+0000] {logging_mixin.py:154} INFO - [2024-10-20T07:27:08.463+0000] {dag.py:3722} INFO - Setting next_dagrun for example_sensor_decorator to None, run_after=None
[2024-10-20T07:27:08.505+0000] {processor.py:179} INFO - Processing /home/airflow/.local/lib/python3.8/site-packages/airflow/example_dags/example_sensor_decorator.py took 0.182 seconds
[2024-10-20T07:27:39.314+0000] {processor.py:157} INFO - Started process (PID=717) to work on /home/airflow/.local/lib/python3.8/site-packages/airflow/example_dags/example_sensor_decorator.py
[2024-10-20T07:27:39.315+0000] {processor.py:829} INFO - Processing file /home/airflow/.local/lib/python3.8/site-packages/airflow/example_dags/example_sensor_decorator.py for tasks to queue
[2024-10-20T07:27:39.318+0000] {logging_mixin.py:154} INFO - [2024-10-20T07:27:39.317+0000] {dagbag.py:536} INFO - Filling up the DagBag from /home/airflow/.local/lib/python3.8/site-packages/airflow/example_dags/example_sensor_decorator.py
[2024-10-20T07:27:39.325+0000] {processor.py:839} INFO - DAG(s) dict_keys(['example_sensor_decorator']) retrieved from /home/airflow/.local/lib/python3.8/site-packages/airflow/example_dags/example_sensor_decorator.py
[2024-10-20T07:27:39.352+0000] {logging_mixin.py:154} INFO - [2024-10-20T07:27:39.352+0000] {dag.py:2941} INFO - Sync 1 DAGs
[2024-10-20T07:27:39.368+0000] {logging_mixin.py:154} INFO - [2024-10-20T07:27:39.368+0000] {dag.py:3722} INFO - Setting next_dagrun for example_sensor_decorator to None, run_after=None
[2024-10-20T07:27:39.397+0000] {processor.py:179} INFO - Processing /home/airflow/.local/lib/python3.8/site-packages/airflow/example_dags/example_sensor_decorator.py took 0.087 seconds
