[2024-10-20T02:46:16.805+0000] {processor.py:157} INFO - Started process (PID=75) to work on /home/airflow/.local/lib/python3.8/site-packages/airflow/example_dags/example_branch_operator_decorator.py
[2024-10-20T02:46:16.809+0000] {processor.py:829} INFO - Processing file /home/airflow/.local/lib/python3.8/site-packages/airflow/example_dags/example_branch_operator_decorator.py for tasks to queue
[2024-10-20T02:46:16.813+0000] {logging_mixin.py:154} INFO - [2024-10-20T02:46:16.813+0000] {dagbag.py:536} INFO - Filling up the DagBag from /home/airflow/.local/lib/python3.8/site-packages/airflow/example_dags/example_branch_operator_decorator.py
[2024-10-20T02:46:16.972+0000] {processor.py:839} INFO - DAG(s) dict_keys(['example_branch_python_operator_decorator']) retrieved from /home/airflow/.local/lib/python3.8/site-packages/airflow/example_dags/example_branch_operator_decorator.py
[2024-10-20T02:46:16.994+0000] {logging_mixin.py:154} INFO - [2024-10-20T02:46:16.994+0000] {dag.py:2941} INFO - Sync 1 DAGs
[2024-10-20T02:46:17.032+0000] {logging_mixin.py:154} INFO - [2024-10-20T02:46:17.031+0000] {dag.py:3722} INFO - Setting next_dagrun for example_branch_python_operator_decorator to 2024-10-19T00:00:00+00:00, run_after=2024-10-20T00:00:00+00:00
[2024-10-20T02:46:17.065+0000] {processor.py:179} INFO - Processing /home/airflow/.local/lib/python3.8/site-packages/airflow/example_dags/example_branch_operator_decorator.py took 0.270 seconds
[2024-10-20T02:46:47.570+0000] {processor.py:157} INFO - Started process (PID=138) to work on /home/airflow/.local/lib/python3.8/site-packages/airflow/example_dags/example_branch_operator_decorator.py
[2024-10-20T02:46:47.571+0000] {processor.py:829} INFO - Processing file /home/airflow/.local/lib/python3.8/site-packages/airflow/example_dags/example_branch_operator_decorator.py for tasks to queue
[2024-10-20T02:46:47.575+0000] {logging_mixin.py:154} INFO - [2024-10-20T02:46:47.574+0000] {dagbag.py:536} INFO - Filling up the DagBag from /home/airflow/.local/lib/python3.8/site-packages/airflow/example_dags/example_branch_operator_decorator.py
[2024-10-20T02:46:47.585+0000] {processor.py:839} INFO - DAG(s) dict_keys(['example_branch_python_operator_decorator']) retrieved from /home/airflow/.local/lib/python3.8/site-packages/airflow/example_dags/example_branch_operator_decorator.py
[2024-10-20T02:46:47.610+0000] {logging_mixin.py:154} INFO - [2024-10-20T02:46:47.610+0000] {dag.py:2941} INFO - Sync 1 DAGs
[2024-10-20T02:46:47.635+0000] {logging_mixin.py:154} INFO - [2024-10-20T02:46:47.635+0000] {dag.py:3722} INFO - Setting next_dagrun for example_branch_python_operator_decorator to 2024-10-19T00:00:00+00:00, run_after=2024-10-20T00:00:00+00:00
[2024-10-20T02:46:47.662+0000] {processor.py:179} INFO - Processing /home/airflow/.local/lib/python3.8/site-packages/airflow/example_dags/example_branch_operator_decorator.py took 0.096 seconds
[2024-10-20T02:47:18.100+0000] {processor.py:157} INFO - Started process (PID=193) to work on /home/airflow/.local/lib/python3.8/site-packages/airflow/example_dags/example_branch_operator_decorator.py
[2024-10-20T02:47:18.101+0000] {processor.py:829} INFO - Processing file /home/airflow/.local/lib/python3.8/site-packages/airflow/example_dags/example_branch_operator_decorator.py for tasks to queue
[2024-10-20T02:47:18.105+0000] {logging_mixin.py:154} INFO - [2024-10-20T02:47:18.105+0000] {dagbag.py:536} INFO - Filling up the DagBag from /home/airflow/.local/lib/python3.8/site-packages/airflow/example_dags/example_branch_operator_decorator.py
[2024-10-20T02:47:18.126+0000] {processor.py:839} INFO - DAG(s) dict_keys(['example_branch_python_operator_decorator']) retrieved from /home/airflow/.local/lib/python3.8/site-packages/airflow/example_dags/example_branch_operator_decorator.py
[2024-10-20T02:47:18.156+0000] {logging_mixin.py:154} INFO - [2024-10-20T02:47:18.156+0000] {dag.py:2941} INFO - Sync 1 DAGs
[2024-10-20T02:47:18.191+0000] {logging_mixin.py:154} INFO - [2024-10-20T02:47:18.191+0000] {dag.py:3722} INFO - Setting next_dagrun for example_branch_python_operator_decorator to 2024-10-19T00:00:00+00:00, run_after=2024-10-20T00:00:00+00:00
[2024-10-20T02:47:18.217+0000] {processor.py:179} INFO - Processing /home/airflow/.local/lib/python3.8/site-packages/airflow/example_dags/example_branch_operator_decorator.py took 0.119 seconds
[2024-10-20T02:47:48.490+0000] {processor.py:157} INFO - Started process (PID=248) to work on /home/airflow/.local/lib/python3.8/site-packages/airflow/example_dags/example_branch_operator_decorator.py
[2024-10-20T02:47:48.492+0000] {processor.py:829} INFO - Processing file /home/airflow/.local/lib/python3.8/site-packages/airflow/example_dags/example_branch_operator_decorator.py for tasks to queue
[2024-10-20T02:47:48.497+0000] {logging_mixin.py:154} INFO - [2024-10-20T02:47:48.496+0000] {dagbag.py:536} INFO - Filling up the DagBag from /home/airflow/.local/lib/python3.8/site-packages/airflow/example_dags/example_branch_operator_decorator.py
[2024-10-20T02:47:48.513+0000] {processor.py:839} INFO - DAG(s) dict_keys(['example_branch_python_operator_decorator']) retrieved from /home/airflow/.local/lib/python3.8/site-packages/airflow/example_dags/example_branch_operator_decorator.py
[2024-10-20T02:47:48.566+0000] {logging_mixin.py:154} INFO - [2024-10-20T02:47:48.565+0000] {dag.py:2941} INFO - Sync 1 DAGs
[2024-10-20T02:47:48.625+0000] {logging_mixin.py:154} INFO - [2024-10-20T02:47:48.625+0000] {dag.py:3722} INFO - Setting next_dagrun for example_branch_python_operator_decorator to 2024-10-19T00:00:00+00:00, run_after=2024-10-20T00:00:00+00:00
[2024-10-20T02:47:48.658+0000] {processor.py:179} INFO - Processing /home/airflow/.local/lib/python3.8/site-packages/airflow/example_dags/example_branch_operator_decorator.py took 0.173 seconds
[2024-10-20T02:48:18.901+0000] {processor.py:157} INFO - Started process (PID=304) to work on /home/airflow/.local/lib/python3.8/site-packages/airflow/example_dags/example_branch_operator_decorator.py
[2024-10-20T02:48:18.903+0000] {processor.py:829} INFO - Processing file /home/airflow/.local/lib/python3.8/site-packages/airflow/example_dags/example_branch_operator_decorator.py for tasks to queue
[2024-10-20T02:48:18.905+0000] {logging_mixin.py:154} INFO - [2024-10-20T02:48:18.905+0000] {dagbag.py:536} INFO - Filling up the DagBag from /home/airflow/.local/lib/python3.8/site-packages/airflow/example_dags/example_branch_operator_decorator.py
[2024-10-20T02:48:18.913+0000] {processor.py:839} INFO - DAG(s) dict_keys(['example_branch_python_operator_decorator']) retrieved from /home/airflow/.local/lib/python3.8/site-packages/airflow/example_dags/example_branch_operator_decorator.py
[2024-10-20T02:48:18.936+0000] {logging_mixin.py:154} INFO - [2024-10-20T02:48:18.936+0000] {dag.py:2941} INFO - Sync 1 DAGs
[2024-10-20T02:48:18.958+0000] {logging_mixin.py:154} INFO - [2024-10-20T02:48:18.958+0000] {dag.py:3722} INFO - Setting next_dagrun for example_branch_python_operator_decorator to 2024-10-19T00:00:00+00:00, run_after=2024-10-20T00:00:00+00:00
[2024-10-20T02:48:18.983+0000] {processor.py:179} INFO - Processing /home/airflow/.local/lib/python3.8/site-packages/airflow/example_dags/example_branch_operator_decorator.py took 0.085 seconds
[2024-10-20T02:48:49.710+0000] {processor.py:157} INFO - Started process (PID=360) to work on /home/airflow/.local/lib/python3.8/site-packages/airflow/example_dags/example_branch_operator_decorator.py
[2024-10-20T02:48:49.712+0000] {processor.py:829} INFO - Processing file /home/airflow/.local/lib/python3.8/site-packages/airflow/example_dags/example_branch_operator_decorator.py for tasks to queue
[2024-10-20T02:48:49.717+0000] {logging_mixin.py:154} INFO - [2024-10-20T02:48:49.717+0000] {dagbag.py:536} INFO - Filling up the DagBag from /home/airflow/.local/lib/python3.8/site-packages/airflow/example_dags/example_branch_operator_decorator.py
[2024-10-20T02:48:49.737+0000] {processor.py:839} INFO - DAG(s) dict_keys(['example_branch_python_operator_decorator']) retrieved from /home/airflow/.local/lib/python3.8/site-packages/airflow/example_dags/example_branch_operator_decorator.py
[2024-10-20T02:48:49.772+0000] {logging_mixin.py:154} INFO - [2024-10-20T02:48:49.771+0000] {dag.py:2941} INFO - Sync 1 DAGs
[2024-10-20T02:48:49.804+0000] {logging_mixin.py:154} INFO - [2024-10-20T02:48:49.804+0000] {dag.py:3722} INFO - Setting next_dagrun for example_branch_python_operator_decorator to 2024-10-19T00:00:00+00:00, run_after=2024-10-20T00:00:00+00:00
[2024-10-20T02:48:49.840+0000] {processor.py:179} INFO - Processing /home/airflow/.local/lib/python3.8/site-packages/airflow/example_dags/example_branch_operator_decorator.py took 0.136 seconds
[2024-10-20T02:49:20.366+0000] {processor.py:157} INFO - Started process (PID=416) to work on /home/airflow/.local/lib/python3.8/site-packages/airflow/example_dags/example_branch_operator_decorator.py
[2024-10-20T02:49:20.367+0000] {processor.py:829} INFO - Processing file /home/airflow/.local/lib/python3.8/site-packages/airflow/example_dags/example_branch_operator_decorator.py for tasks to queue
[2024-10-20T02:49:20.369+0000] {logging_mixin.py:154} INFO - [2024-10-20T02:49:20.369+0000] {dagbag.py:536} INFO - Filling up the DagBag from /home/airflow/.local/lib/python3.8/site-packages/airflow/example_dags/example_branch_operator_decorator.py
[2024-10-20T02:49:20.379+0000] {processor.py:839} INFO - DAG(s) dict_keys(['example_branch_python_operator_decorator']) retrieved from /home/airflow/.local/lib/python3.8/site-packages/airflow/example_dags/example_branch_operator_decorator.py
[2024-10-20T02:49:20.402+0000] {logging_mixin.py:154} INFO - [2024-10-20T02:49:20.402+0000] {dag.py:2941} INFO - Sync 1 DAGs
[2024-10-20T02:49:20.427+0000] {logging_mixin.py:154} INFO - [2024-10-20T02:49:20.427+0000] {dag.py:3722} INFO - Setting next_dagrun for example_branch_python_operator_decorator to 2024-10-19T00:00:00+00:00, run_after=2024-10-20T00:00:00+00:00
[2024-10-20T02:49:20.450+0000] {processor.py:179} INFO - Processing /home/airflow/.local/lib/python3.8/site-packages/airflow/example_dags/example_branch_operator_decorator.py took 0.087 seconds
[2024-10-20T02:49:50.686+0000] {processor.py:157} INFO - Started process (PID=472) to work on /home/airflow/.local/lib/python3.8/site-packages/airflow/example_dags/example_branch_operator_decorator.py
[2024-10-20T02:49:50.687+0000] {processor.py:829} INFO - Processing file /home/airflow/.local/lib/python3.8/site-packages/airflow/example_dags/example_branch_operator_decorator.py for tasks to queue
[2024-10-20T02:49:50.689+0000] {logging_mixin.py:154} INFO - [2024-10-20T02:49:50.689+0000] {dagbag.py:536} INFO - Filling up the DagBag from /home/airflow/.local/lib/python3.8/site-packages/airflow/example_dags/example_branch_operator_decorator.py
[2024-10-20T02:49:50.698+0000] {processor.py:839} INFO - DAG(s) dict_keys(['example_branch_python_operator_decorator']) retrieved from /home/airflow/.local/lib/python3.8/site-packages/airflow/example_dags/example_branch_operator_decorator.py
[2024-10-20T02:49:50.724+0000] {logging_mixin.py:154} INFO - [2024-10-20T02:49:50.724+0000] {dag.py:2941} INFO - Sync 1 DAGs
[2024-10-20T02:49:50.749+0000] {logging_mixin.py:154} INFO - [2024-10-20T02:49:50.749+0000] {dag.py:3722} INFO - Setting next_dagrun for example_branch_python_operator_decorator to 2024-10-19T00:00:00+00:00, run_after=2024-10-20T00:00:00+00:00
[2024-10-20T02:49:50.772+0000] {processor.py:179} INFO - Processing /home/airflow/.local/lib/python3.8/site-packages/airflow/example_dags/example_branch_operator_decorator.py took 0.089 seconds
[2024-10-20T02:50:20.918+0000] {processor.py:157} INFO - Started process (PID=528) to work on /home/airflow/.local/lib/python3.8/site-packages/airflow/example_dags/example_branch_operator_decorator.py
[2024-10-20T02:50:20.920+0000] {processor.py:829} INFO - Processing file /home/airflow/.local/lib/python3.8/site-packages/airflow/example_dags/example_branch_operator_decorator.py for tasks to queue
[2024-10-20T02:50:20.923+0000] {logging_mixin.py:154} INFO - [2024-10-20T02:50:20.922+0000] {dagbag.py:536} INFO - Filling up the DagBag from /home/airflow/.local/lib/python3.8/site-packages/airflow/example_dags/example_branch_operator_decorator.py
[2024-10-20T02:50:20.933+0000] {processor.py:839} INFO - DAG(s) dict_keys(['example_branch_python_operator_decorator']) retrieved from /home/airflow/.local/lib/python3.8/site-packages/airflow/example_dags/example_branch_operator_decorator.py
[2024-10-20T02:50:20.957+0000] {logging_mixin.py:154} INFO - [2024-10-20T02:50:20.956+0000] {dag.py:2941} INFO - Sync 1 DAGs
[2024-10-20T02:50:20.981+0000] {logging_mixin.py:154} INFO - [2024-10-20T02:50:20.981+0000] {dag.py:3722} INFO - Setting next_dagrun for example_branch_python_operator_decorator to 2024-10-19T00:00:00+00:00, run_after=2024-10-20T00:00:00+00:00
[2024-10-20T02:50:21.005+0000] {processor.py:179} INFO - Processing /home/airflow/.local/lib/python3.8/site-packages/airflow/example_dags/example_branch_operator_decorator.py took 0.089 seconds
[2024-10-20T02:50:51.483+0000] {processor.py:157} INFO - Started process (PID=584) to work on /home/airflow/.local/lib/python3.8/site-packages/airflow/example_dags/example_branch_operator_decorator.py
[2024-10-20T02:50:51.484+0000] {processor.py:829} INFO - Processing file /home/airflow/.local/lib/python3.8/site-packages/airflow/example_dags/example_branch_operator_decorator.py for tasks to queue
[2024-10-20T02:50:51.486+0000] {logging_mixin.py:154} INFO - [2024-10-20T02:50:51.486+0000] {dagbag.py:536} INFO - Filling up the DagBag from /home/airflow/.local/lib/python3.8/site-packages/airflow/example_dags/example_branch_operator_decorator.py
[2024-10-20T02:50:51.496+0000] {processor.py:839} INFO - DAG(s) dict_keys(['example_branch_python_operator_decorator']) retrieved from /home/airflow/.local/lib/python3.8/site-packages/airflow/example_dags/example_branch_operator_decorator.py
[2024-10-20T02:50:51.522+0000] {logging_mixin.py:154} INFO - [2024-10-20T02:50:51.522+0000] {dag.py:2941} INFO - Sync 1 DAGs
[2024-10-20T02:50:51.547+0000] {logging_mixin.py:154} INFO - [2024-10-20T02:50:51.547+0000] {dag.py:3722} INFO - Setting next_dagrun for example_branch_python_operator_decorator to 2024-10-19T00:00:00+00:00, run_after=2024-10-20T00:00:00+00:00
[2024-10-20T02:50:51.572+0000] {processor.py:179} INFO - Processing /home/airflow/.local/lib/python3.8/site-packages/airflow/example_dags/example_branch_operator_decorator.py took 0.092 seconds
[2024-10-20T02:51:21.870+0000] {processor.py:157} INFO - Started process (PID=640) to work on /home/airflow/.local/lib/python3.8/site-packages/airflow/example_dags/example_branch_operator_decorator.py
[2024-10-20T02:51:21.872+0000] {processor.py:829} INFO - Processing file /home/airflow/.local/lib/python3.8/site-packages/airflow/example_dags/example_branch_operator_decorator.py for tasks to queue
[2024-10-20T02:51:21.874+0000] {logging_mixin.py:154} INFO - [2024-10-20T02:51:21.874+0000] {dagbag.py:536} INFO - Filling up the DagBag from /home/airflow/.local/lib/python3.8/site-packages/airflow/example_dags/example_branch_operator_decorator.py
[2024-10-20T02:51:21.886+0000] {processor.py:839} INFO - DAG(s) dict_keys(['example_branch_python_operator_decorator']) retrieved from /home/airflow/.local/lib/python3.8/site-packages/airflow/example_dags/example_branch_operator_decorator.py
[2024-10-20T02:51:21.910+0000] {logging_mixin.py:154} INFO - [2024-10-20T02:51:21.910+0000] {dag.py:2941} INFO - Sync 1 DAGs
[2024-10-20T02:51:21.937+0000] {logging_mixin.py:154} INFO - [2024-10-20T02:51:21.937+0000] {dag.py:3722} INFO - Setting next_dagrun for example_branch_python_operator_decorator to 2024-10-19T00:00:00+00:00, run_after=2024-10-20T00:00:00+00:00
[2024-10-20T02:51:21.961+0000] {processor.py:179} INFO - Processing /home/airflow/.local/lib/python3.8/site-packages/airflow/example_dags/example_branch_operator_decorator.py took 0.096 seconds
[2024-10-20T02:51:52.100+0000] {processor.py:157} INFO - Started process (PID=696) to work on /home/airflow/.local/lib/python3.8/site-packages/airflow/example_dags/example_branch_operator_decorator.py
[2024-10-20T02:51:52.101+0000] {processor.py:829} INFO - Processing file /home/airflow/.local/lib/python3.8/site-packages/airflow/example_dags/example_branch_operator_decorator.py for tasks to queue
[2024-10-20T02:51:52.103+0000] {logging_mixin.py:154} INFO - [2024-10-20T02:51:52.103+0000] {dagbag.py:536} INFO - Filling up the DagBag from /home/airflow/.local/lib/python3.8/site-packages/airflow/example_dags/example_branch_operator_decorator.py
[2024-10-20T02:51:52.115+0000] {processor.py:839} INFO - DAG(s) dict_keys(['example_branch_python_operator_decorator']) retrieved from /home/airflow/.local/lib/python3.8/site-packages/airflow/example_dags/example_branch_operator_decorator.py
[2024-10-20T02:51:52.143+0000] {logging_mixin.py:154} INFO - [2024-10-20T02:51:52.143+0000] {dag.py:2941} INFO - Sync 1 DAGs
[2024-10-20T02:51:52.171+0000] {logging_mixin.py:154} INFO - [2024-10-20T02:51:52.171+0000] {dag.py:3722} INFO - Setting next_dagrun for example_branch_python_operator_decorator to 2024-10-19T00:00:00+00:00, run_after=2024-10-20T00:00:00+00:00
[2024-10-20T02:51:52.195+0000] {processor.py:179} INFO - Processing /home/airflow/.local/lib/python3.8/site-packages/airflow/example_dags/example_branch_operator_decorator.py took 0.098 seconds
[2024-10-20T02:52:22.290+0000] {processor.py:157} INFO - Started process (PID=752) to work on /home/airflow/.local/lib/python3.8/site-packages/airflow/example_dags/example_branch_operator_decorator.py
[2024-10-20T02:52:22.291+0000] {processor.py:829} INFO - Processing file /home/airflow/.local/lib/python3.8/site-packages/airflow/example_dags/example_branch_operator_decorator.py for tasks to queue
[2024-10-20T02:52:22.294+0000] {logging_mixin.py:154} INFO - [2024-10-20T02:52:22.294+0000] {dagbag.py:536} INFO - Filling up the DagBag from /home/airflow/.local/lib/python3.8/site-packages/airflow/example_dags/example_branch_operator_decorator.py
[2024-10-20T02:52:22.303+0000] {processor.py:839} INFO - DAG(s) dict_keys(['example_branch_python_operator_decorator']) retrieved from /home/airflow/.local/lib/python3.8/site-packages/airflow/example_dags/example_branch_operator_decorator.py
[2024-10-20T02:52:22.326+0000] {logging_mixin.py:154} INFO - [2024-10-20T02:52:22.326+0000] {dag.py:2941} INFO - Sync 1 DAGs
[2024-10-20T02:52:22.353+0000] {logging_mixin.py:154} INFO - [2024-10-20T02:52:22.352+0000] {dag.py:3722} INFO - Setting next_dagrun for example_branch_python_operator_decorator to 2024-10-19T00:00:00+00:00, run_after=2024-10-20T00:00:00+00:00
[2024-10-20T02:52:22.377+0000] {processor.py:179} INFO - Processing /home/airflow/.local/lib/python3.8/site-packages/airflow/example_dags/example_branch_operator_decorator.py took 0.090 seconds
[2024-10-20T02:52:52.462+0000] {processor.py:157} INFO - Started process (PID=807) to work on /home/airflow/.local/lib/python3.8/site-packages/airflow/example_dags/example_branch_operator_decorator.py
[2024-10-20T02:52:52.463+0000] {processor.py:829} INFO - Processing file /home/airflow/.local/lib/python3.8/site-packages/airflow/example_dags/example_branch_operator_decorator.py for tasks to queue
[2024-10-20T02:52:52.466+0000] {logging_mixin.py:154} INFO - [2024-10-20T02:52:52.465+0000] {dagbag.py:536} INFO - Filling up the DagBag from /home/airflow/.local/lib/python3.8/site-packages/airflow/example_dags/example_branch_operator_decorator.py
[2024-10-20T02:52:52.479+0000] {processor.py:839} INFO - DAG(s) dict_keys(['example_branch_python_operator_decorator']) retrieved from /home/airflow/.local/lib/python3.8/site-packages/airflow/example_dags/example_branch_operator_decorator.py
[2024-10-20T02:52:52.509+0000] {logging_mixin.py:154} INFO - [2024-10-20T02:52:52.508+0000] {dag.py:2941} INFO - Sync 1 DAGs
[2024-10-20T02:52:52.540+0000] {logging_mixin.py:154} INFO - [2024-10-20T02:52:52.540+0000] {dag.py:3722} INFO - Setting next_dagrun for example_branch_python_operator_decorator to 2024-10-19T00:00:00+00:00, run_after=2024-10-20T00:00:00+00:00
[2024-10-20T02:52:52.571+0000] {processor.py:179} INFO - Processing /home/airflow/.local/lib/python3.8/site-packages/airflow/example_dags/example_branch_operator_decorator.py took 0.114 seconds
[2024-10-20T02:53:23.142+0000] {processor.py:157} INFO - Started process (PID=865) to work on /home/airflow/.local/lib/python3.8/site-packages/airflow/example_dags/example_branch_operator_decorator.py
[2024-10-20T02:53:23.144+0000] {processor.py:829} INFO - Processing file /home/airflow/.local/lib/python3.8/site-packages/airflow/example_dags/example_branch_operator_decorator.py for tasks to queue
[2024-10-20T02:53:23.146+0000] {logging_mixin.py:154} INFO - [2024-10-20T02:53:23.146+0000] {dagbag.py:536} INFO - Filling up the DagBag from /home/airflow/.local/lib/python3.8/site-packages/airflow/example_dags/example_branch_operator_decorator.py
[2024-10-20T02:53:23.156+0000] {processor.py:839} INFO - DAG(s) dict_keys(['example_branch_python_operator_decorator']) retrieved from /home/airflow/.local/lib/python3.8/site-packages/airflow/example_dags/example_branch_operator_decorator.py
[2024-10-20T02:53:23.181+0000] {logging_mixin.py:154} INFO - [2024-10-20T02:53:23.181+0000] {dag.py:2941} INFO - Sync 1 DAGs
[2024-10-20T02:53:23.208+0000] {logging_mixin.py:154} INFO - [2024-10-20T02:53:23.208+0000] {dag.py:3722} INFO - Setting next_dagrun for example_branch_python_operator_decorator to 2024-10-19T00:00:00+00:00, run_after=2024-10-20T00:00:00+00:00
[2024-10-20T02:53:23.237+0000] {processor.py:179} INFO - Processing /home/airflow/.local/lib/python3.8/site-packages/airflow/example_dags/example_branch_operator_decorator.py took 0.097 seconds
[2024-10-20T02:53:53.903+0000] {processor.py:157} INFO - Started process (PID=924) to work on /home/airflow/.local/lib/python3.8/site-packages/airflow/example_dags/example_branch_operator_decorator.py
[2024-10-20T02:53:53.904+0000] {processor.py:829} INFO - Processing file /home/airflow/.local/lib/python3.8/site-packages/airflow/example_dags/example_branch_operator_decorator.py for tasks to queue
[2024-10-20T02:53:53.908+0000] {logging_mixin.py:154} INFO - [2024-10-20T02:53:53.907+0000] {dagbag.py:536} INFO - Filling up the DagBag from /home/airflow/.local/lib/python3.8/site-packages/airflow/example_dags/example_branch_operator_decorator.py
[2024-10-20T02:53:53.921+0000] {processor.py:839} INFO - DAG(s) dict_keys(['example_branch_python_operator_decorator']) retrieved from /home/airflow/.local/lib/python3.8/site-packages/airflow/example_dags/example_branch_operator_decorator.py
[2024-10-20T02:53:53.949+0000] {logging_mixin.py:154} INFO - [2024-10-20T02:53:53.949+0000] {dag.py:2941} INFO - Sync 1 DAGs
[2024-10-20T02:53:53.982+0000] {logging_mixin.py:154} INFO - [2024-10-20T02:53:53.981+0000] {dag.py:3722} INFO - Setting next_dagrun for example_branch_python_operator_decorator to 2024-10-19T00:00:00+00:00, run_after=2024-10-20T00:00:00+00:00
[2024-10-20T02:53:54.011+0000] {processor.py:179} INFO - Processing /home/airflow/.local/lib/python3.8/site-packages/airflow/example_dags/example_branch_operator_decorator.py took 0.111 seconds
[2024-10-20T02:54:24.252+0000] {processor.py:157} INFO - Started process (PID=979) to work on /home/airflow/.local/lib/python3.8/site-packages/airflow/example_dags/example_branch_operator_decorator.py
[2024-10-20T02:54:24.253+0000] {processor.py:829} INFO - Processing file /home/airflow/.local/lib/python3.8/site-packages/airflow/example_dags/example_branch_operator_decorator.py for tasks to queue
[2024-10-20T02:54:24.256+0000] {logging_mixin.py:154} INFO - [2024-10-20T02:54:24.255+0000] {dagbag.py:536} INFO - Filling up the DagBag from /home/airflow/.local/lib/python3.8/site-packages/airflow/example_dags/example_branch_operator_decorator.py
[2024-10-20T02:54:24.265+0000] {processor.py:839} INFO - DAG(s) dict_keys(['example_branch_python_operator_decorator']) retrieved from /home/airflow/.local/lib/python3.8/site-packages/airflow/example_dags/example_branch_operator_decorator.py
[2024-10-20T02:54:24.291+0000] {logging_mixin.py:154} INFO - [2024-10-20T02:54:24.291+0000] {dag.py:2941} INFO - Sync 1 DAGs
[2024-10-20T02:54:24.317+0000] {logging_mixin.py:154} INFO - [2024-10-20T02:54:24.317+0000] {dag.py:3722} INFO - Setting next_dagrun for example_branch_python_operator_decorator to 2024-10-19T00:00:00+00:00, run_after=2024-10-20T00:00:00+00:00
[2024-10-20T02:54:24.345+0000] {processor.py:179} INFO - Processing /home/airflow/.local/lib/python3.8/site-packages/airflow/example_dags/example_branch_operator_decorator.py took 0.097 seconds
[2024-10-20T02:54:54.588+0000] {processor.py:157} INFO - Started process (PID=1035) to work on /home/airflow/.local/lib/python3.8/site-packages/airflow/example_dags/example_branch_operator_decorator.py
[2024-10-20T02:54:54.589+0000] {processor.py:829} INFO - Processing file /home/airflow/.local/lib/python3.8/site-packages/airflow/example_dags/example_branch_operator_decorator.py for tasks to queue
[2024-10-20T02:54:54.592+0000] {logging_mixin.py:154} INFO - [2024-10-20T02:54:54.591+0000] {dagbag.py:536} INFO - Filling up the DagBag from /home/airflow/.local/lib/python3.8/site-packages/airflow/example_dags/example_branch_operator_decorator.py
[2024-10-20T02:54:54.602+0000] {processor.py:839} INFO - DAG(s) dict_keys(['example_branch_python_operator_decorator']) retrieved from /home/airflow/.local/lib/python3.8/site-packages/airflow/example_dags/example_branch_operator_decorator.py
[2024-10-20T02:54:54.627+0000] {logging_mixin.py:154} INFO - [2024-10-20T02:54:54.626+0000] {dag.py:2941} INFO - Sync 1 DAGs
[2024-10-20T02:54:54.651+0000] {logging_mixin.py:154} INFO - [2024-10-20T02:54:54.650+0000] {dag.py:3722} INFO - Setting next_dagrun for example_branch_python_operator_decorator to 2024-10-19T00:00:00+00:00, run_after=2024-10-20T00:00:00+00:00
[2024-10-20T02:54:54.684+0000] {processor.py:179} INFO - Processing /home/airflow/.local/lib/python3.8/site-packages/airflow/example_dags/example_branch_operator_decorator.py took 0.100 seconds
[2024-10-20T02:55:25.537+0000] {processor.py:157} INFO - Started process (PID=1093) to work on /home/airflow/.local/lib/python3.8/site-packages/airflow/example_dags/example_branch_operator_decorator.py
[2024-10-20T02:55:25.539+0000] {processor.py:829} INFO - Processing file /home/airflow/.local/lib/python3.8/site-packages/airflow/example_dags/example_branch_operator_decorator.py for tasks to queue
[2024-10-20T02:55:25.542+0000] {logging_mixin.py:154} INFO - [2024-10-20T02:55:25.542+0000] {dagbag.py:536} INFO - Filling up the DagBag from /home/airflow/.local/lib/python3.8/site-packages/airflow/example_dags/example_branch_operator_decorator.py
[2024-10-20T02:55:25.556+0000] {processor.py:839} INFO - DAG(s) dict_keys(['example_branch_python_operator_decorator']) retrieved from /home/airflow/.local/lib/python3.8/site-packages/airflow/example_dags/example_branch_operator_decorator.py
[2024-10-20T02:55:25.595+0000] {logging_mixin.py:154} INFO - [2024-10-20T02:55:25.595+0000] {dag.py:2941} INFO - Sync 1 DAGs
[2024-10-20T02:55:25.655+0000] {logging_mixin.py:154} INFO - [2024-10-20T02:55:25.655+0000] {dag.py:3722} INFO - Setting next_dagrun for example_branch_python_operator_decorator to 2024-10-19T00:00:00+00:00, run_after=2024-10-20T00:00:00+00:00
[2024-10-20T02:55:25.712+0000] {processor.py:179} INFO - Processing /home/airflow/.local/lib/python3.8/site-packages/airflow/example_dags/example_branch_operator_decorator.py took 0.178 seconds
[2024-10-20T02:55:56.307+0000] {processor.py:157} INFO - Started process (PID=1153) to work on /home/airflow/.local/lib/python3.8/site-packages/airflow/example_dags/example_branch_operator_decorator.py
[2024-10-20T02:55:56.308+0000] {processor.py:829} INFO - Processing file /home/airflow/.local/lib/python3.8/site-packages/airflow/example_dags/example_branch_operator_decorator.py for tasks to queue
[2024-10-20T02:55:56.310+0000] {logging_mixin.py:154} INFO - [2024-10-20T02:55:56.310+0000] {dagbag.py:536} INFO - Filling up the DagBag from /home/airflow/.local/lib/python3.8/site-packages/airflow/example_dags/example_branch_operator_decorator.py
[2024-10-20T02:55:56.320+0000] {processor.py:839} INFO - DAG(s) dict_keys(['example_branch_python_operator_decorator']) retrieved from /home/airflow/.local/lib/python3.8/site-packages/airflow/example_dags/example_branch_operator_decorator.py
[2024-10-20T02:55:56.348+0000] {logging_mixin.py:154} INFO - [2024-10-20T02:55:56.348+0000] {dag.py:2941} INFO - Sync 1 DAGs
[2024-10-20T02:55:56.544+0000] {logging_mixin.py:154} INFO - [2024-10-20T02:55:56.543+0000] {dag.py:3722} INFO - Setting next_dagrun for example_branch_python_operator_decorator to 2024-10-19T00:00:00+00:00, run_after=2024-10-20T00:00:00+00:00
[2024-10-20T02:55:56.578+0000] {processor.py:179} INFO - Processing /home/airflow/.local/lib/python3.8/site-packages/airflow/example_dags/example_branch_operator_decorator.py took 0.275 seconds
[2024-10-20T02:56:26.795+0000] {processor.py:157} INFO - Started process (PID=1209) to work on /home/airflow/.local/lib/python3.8/site-packages/airflow/example_dags/example_branch_operator_decorator.py
[2024-10-20T02:56:26.796+0000] {processor.py:829} INFO - Processing file /home/airflow/.local/lib/python3.8/site-packages/airflow/example_dags/example_branch_operator_decorator.py for tasks to queue
[2024-10-20T02:56:26.799+0000] {logging_mixin.py:154} INFO - [2024-10-20T02:56:26.798+0000] {dagbag.py:536} INFO - Filling up the DagBag from /home/airflow/.local/lib/python3.8/site-packages/airflow/example_dags/example_branch_operator_decorator.py
[2024-10-20T02:56:26.810+0000] {processor.py:839} INFO - DAG(s) dict_keys(['example_branch_python_operator_decorator']) retrieved from /home/airflow/.local/lib/python3.8/site-packages/airflow/example_dags/example_branch_operator_decorator.py
[2024-10-20T02:56:26.838+0000] {logging_mixin.py:154} INFO - [2024-10-20T02:56:26.837+0000] {dag.py:2941} INFO - Sync 1 DAGs
[2024-10-20T02:56:27.050+0000] {logging_mixin.py:154} INFO - [2024-10-20T02:56:27.050+0000] {dag.py:3722} INFO - Setting next_dagrun for example_branch_python_operator_decorator to 2024-10-19T00:00:00+00:00, run_after=2024-10-20T00:00:00+00:00
[2024-10-20T02:56:27.075+0000] {processor.py:179} INFO - Processing /home/airflow/.local/lib/python3.8/site-packages/airflow/example_dags/example_branch_operator_decorator.py took 0.284 seconds
[2024-10-20T02:56:57.984+0000] {processor.py:157} INFO - Started process (PID=1265) to work on /home/airflow/.local/lib/python3.8/site-packages/airflow/example_dags/example_branch_operator_decorator.py
[2024-10-20T02:56:57.986+0000] {processor.py:829} INFO - Processing file /home/airflow/.local/lib/python3.8/site-packages/airflow/example_dags/example_branch_operator_decorator.py for tasks to queue
[2024-10-20T02:56:57.988+0000] {logging_mixin.py:154} INFO - [2024-10-20T02:56:57.988+0000] {dagbag.py:536} INFO - Filling up the DagBag from /home/airflow/.local/lib/python3.8/site-packages/airflow/example_dags/example_branch_operator_decorator.py
[2024-10-20T02:56:57.998+0000] {processor.py:839} INFO - DAG(s) dict_keys(['example_branch_python_operator_decorator']) retrieved from /home/airflow/.local/lib/python3.8/site-packages/airflow/example_dags/example_branch_operator_decorator.py
[2024-10-20T02:56:58.023+0000] {logging_mixin.py:154} INFO - [2024-10-20T02:56:58.023+0000] {dag.py:2941} INFO - Sync 1 DAGs
[2024-10-20T02:56:58.055+0000] {logging_mixin.py:154} INFO - [2024-10-20T02:56:58.055+0000] {dag.py:3722} INFO - Setting next_dagrun for example_branch_python_operator_decorator to 2024-10-19T00:00:00+00:00, run_after=2024-10-20T00:00:00+00:00
[2024-10-20T02:56:58.085+0000] {processor.py:179} INFO - Processing /home/airflow/.local/lib/python3.8/site-packages/airflow/example_dags/example_branch_operator_decorator.py took 0.105 seconds
[2024-10-20T02:57:28.948+0000] {processor.py:157} INFO - Started process (PID=1323) to work on /home/airflow/.local/lib/python3.8/site-packages/airflow/example_dags/example_branch_operator_decorator.py
[2024-10-20T02:57:28.949+0000] {processor.py:829} INFO - Processing file /home/airflow/.local/lib/python3.8/site-packages/airflow/example_dags/example_branch_operator_decorator.py for tasks to queue
[2024-10-20T02:57:28.951+0000] {logging_mixin.py:154} INFO - [2024-10-20T02:57:28.951+0000] {dagbag.py:536} INFO - Filling up the DagBag from /home/airflow/.local/lib/python3.8/site-packages/airflow/example_dags/example_branch_operator_decorator.py
[2024-10-20T02:57:28.962+0000] {processor.py:839} INFO - DAG(s) dict_keys(['example_branch_python_operator_decorator']) retrieved from /home/airflow/.local/lib/python3.8/site-packages/airflow/example_dags/example_branch_operator_decorator.py
[2024-10-20T02:57:28.992+0000] {logging_mixin.py:154} INFO - [2024-10-20T02:57:28.991+0000] {dag.py:2941} INFO - Sync 1 DAGs
[2024-10-20T02:57:29.016+0000] {logging_mixin.py:154} INFO - [2024-10-20T02:57:29.016+0000] {dag.py:3722} INFO - Setting next_dagrun for example_branch_python_operator_decorator to 2024-10-19T00:00:00+00:00, run_after=2024-10-20T00:00:00+00:00
[2024-10-20T02:57:29.039+0000] {processor.py:179} INFO - Processing /home/airflow/.local/lib/python3.8/site-packages/airflow/example_dags/example_branch_operator_decorator.py took 0.095 seconds
[2024-10-20T02:57:59.293+0000] {processor.py:157} INFO - Started process (PID=1379) to work on /home/airflow/.local/lib/python3.8/site-packages/airflow/example_dags/example_branch_operator_decorator.py
[2024-10-20T02:57:59.294+0000] {processor.py:829} INFO - Processing file /home/airflow/.local/lib/python3.8/site-packages/airflow/example_dags/example_branch_operator_decorator.py for tasks to queue
[2024-10-20T02:57:59.296+0000] {logging_mixin.py:154} INFO - [2024-10-20T02:57:59.296+0000] {dagbag.py:536} INFO - Filling up the DagBag from /home/airflow/.local/lib/python3.8/site-packages/airflow/example_dags/example_branch_operator_decorator.py
[2024-10-20T02:57:59.306+0000] {processor.py:839} INFO - DAG(s) dict_keys(['example_branch_python_operator_decorator']) retrieved from /home/airflow/.local/lib/python3.8/site-packages/airflow/example_dags/example_branch_operator_decorator.py
[2024-10-20T02:57:59.502+0000] {logging_mixin.py:154} INFO - [2024-10-20T02:57:59.501+0000] {dag.py:2941} INFO - Sync 1 DAGs
[2024-10-20T02:57:59.525+0000] {logging_mixin.py:154} INFO - [2024-10-20T02:57:59.525+0000] {dag.py:3722} INFO - Setting next_dagrun for example_branch_python_operator_decorator to 2024-10-19T00:00:00+00:00, run_after=2024-10-20T00:00:00+00:00
[2024-10-20T02:57:59.549+0000] {processor.py:179} INFO - Processing /home/airflow/.local/lib/python3.8/site-packages/airflow/example_dags/example_branch_operator_decorator.py took 0.260 seconds
[2024-10-20T02:58:29.885+0000] {processor.py:157} INFO - Started process (PID=1435) to work on /home/airflow/.local/lib/python3.8/site-packages/airflow/example_dags/example_branch_operator_decorator.py
[2024-10-20T02:58:29.886+0000] {processor.py:829} INFO - Processing file /home/airflow/.local/lib/python3.8/site-packages/airflow/example_dags/example_branch_operator_decorator.py for tasks to queue
[2024-10-20T02:58:29.889+0000] {logging_mixin.py:154} INFO - [2024-10-20T02:58:29.888+0000] {dagbag.py:536} INFO - Filling up the DagBag from /home/airflow/.local/lib/python3.8/site-packages/airflow/example_dags/example_branch_operator_decorator.py
[2024-10-20T02:58:29.901+0000] {processor.py:839} INFO - DAG(s) dict_keys(['example_branch_python_operator_decorator']) retrieved from /home/airflow/.local/lib/python3.8/site-packages/airflow/example_dags/example_branch_operator_decorator.py
[2024-10-20T02:58:29.932+0000] {logging_mixin.py:154} INFO - [2024-10-20T02:58:29.931+0000] {dag.py:2941} INFO - Sync 1 DAGs
[2024-10-20T02:58:29.963+0000] {logging_mixin.py:154} INFO - [2024-10-20T02:58:29.963+0000] {dag.py:3722} INFO - Setting next_dagrun for example_branch_python_operator_decorator to 2024-10-19T00:00:00+00:00, run_after=2024-10-20T00:00:00+00:00
[2024-10-20T02:58:29.992+0000] {processor.py:179} INFO - Processing /home/airflow/.local/lib/python3.8/site-packages/airflow/example_dags/example_branch_operator_decorator.py took 0.110 seconds
[2024-10-20T02:59:51.936+0000] {processor.py:157} INFO - Started process (PID=83) to work on /home/airflow/.local/lib/python3.8/site-packages/airflow/example_dags/example_branch_operator_decorator.py
[2024-10-20T02:59:51.937+0000] {processor.py:829} INFO - Processing file /home/airflow/.local/lib/python3.8/site-packages/airflow/example_dags/example_branch_operator_decorator.py for tasks to queue
[2024-10-20T02:59:51.940+0000] {logging_mixin.py:154} INFO - [2024-10-20T02:59:51.940+0000] {dagbag.py:536} INFO - Filling up the DagBag from /home/airflow/.local/lib/python3.8/site-packages/airflow/example_dags/example_branch_operator_decorator.py
[2024-10-20T02:59:51.956+0000] {processor.py:839} INFO - DAG(s) dict_keys(['example_branch_python_operator_decorator']) retrieved from /home/airflow/.local/lib/python3.8/site-packages/airflow/example_dags/example_branch_operator_decorator.py
[2024-10-20T02:59:52.003+0000] {logging_mixin.py:154} INFO - [2024-10-20T02:59:52.003+0000] {dag.py:2941} INFO - Sync 1 DAGs
[2024-10-20T02:59:52.039+0000] {logging_mixin.py:154} INFO - [2024-10-20T02:59:52.038+0000] {dag.py:3722} INFO - Setting next_dagrun for example_branch_python_operator_decorator to 2024-10-19T00:00:00+00:00, run_after=2024-10-20T00:00:00+00:00
[2024-10-20T02:59:52.072+0000] {processor.py:179} INFO - Processing /home/airflow/.local/lib/python3.8/site-packages/airflow/example_dags/example_branch_operator_decorator.py took 0.140 seconds
[2024-10-20T03:00:23.806+0000] {processor.py:157} INFO - Started process (PID=143) to work on /home/airflow/.local/lib/python3.8/site-packages/airflow/example_dags/example_branch_operator_decorator.py
[2024-10-20T03:00:23.808+0000] {processor.py:829} INFO - Processing file /home/airflow/.local/lib/python3.8/site-packages/airflow/example_dags/example_branch_operator_decorator.py for tasks to queue
[2024-10-20T03:00:23.812+0000] {logging_mixin.py:154} INFO - [2024-10-20T03:00:23.811+0000] {dagbag.py:536} INFO - Filling up the DagBag from /home/airflow/.local/lib/python3.8/site-packages/airflow/example_dags/example_branch_operator_decorator.py
[2024-10-20T03:00:23.825+0000] {processor.py:839} INFO - DAG(s) dict_keys(['example_branch_python_operator_decorator']) retrieved from /home/airflow/.local/lib/python3.8/site-packages/airflow/example_dags/example_branch_operator_decorator.py
[2024-10-20T03:00:23.866+0000] {logging_mixin.py:154} INFO - [2024-10-20T03:00:23.865+0000] {dag.py:2941} INFO - Sync 1 DAGs
[2024-10-20T03:00:23.901+0000] {logging_mixin.py:154} INFO - [2024-10-20T03:00:23.901+0000] {dag.py:3722} INFO - Setting next_dagrun for example_branch_python_operator_decorator to 2024-10-19T00:00:00+00:00, run_after=2024-10-20T00:00:00+00:00
[2024-10-20T03:00:23.941+0000] {processor.py:179} INFO - Processing /home/airflow/.local/lib/python3.8/site-packages/airflow/example_dags/example_branch_operator_decorator.py took 0.139 seconds
[2024-10-20T03:00:54.575+0000] {processor.py:157} INFO - Started process (PID=199) to work on /home/airflow/.local/lib/python3.8/site-packages/airflow/example_dags/example_branch_operator_decorator.py
[2024-10-20T03:00:54.577+0000] {processor.py:829} INFO - Processing file /home/airflow/.local/lib/python3.8/site-packages/airflow/example_dags/example_branch_operator_decorator.py for tasks to queue
[2024-10-20T03:00:54.580+0000] {logging_mixin.py:154} INFO - [2024-10-20T03:00:54.579+0000] {dagbag.py:536} INFO - Filling up the DagBag from /home/airflow/.local/lib/python3.8/site-packages/airflow/example_dags/example_branch_operator_decorator.py
[2024-10-20T03:00:54.592+0000] {processor.py:839} INFO - DAG(s) dict_keys(['example_branch_python_operator_decorator']) retrieved from /home/airflow/.local/lib/python3.8/site-packages/airflow/example_dags/example_branch_operator_decorator.py
[2024-10-20T03:00:54.621+0000] {logging_mixin.py:154} INFO - [2024-10-20T03:00:54.620+0000] {dag.py:2941} INFO - Sync 1 DAGs
[2024-10-20T03:00:54.647+0000] {logging_mixin.py:154} INFO - [2024-10-20T03:00:54.647+0000] {dag.py:3722} INFO - Setting next_dagrun for example_branch_python_operator_decorator to 2024-10-19T00:00:00+00:00, run_after=2024-10-20T00:00:00+00:00
[2024-10-20T03:00:54.678+0000] {processor.py:179} INFO - Processing /home/airflow/.local/lib/python3.8/site-packages/airflow/example_dags/example_branch_operator_decorator.py took 0.107 seconds
[2024-10-20T03:01:25.460+0000] {processor.py:157} INFO - Started process (PID=255) to work on /home/airflow/.local/lib/python3.8/site-packages/airflow/example_dags/example_branch_operator_decorator.py
[2024-10-20T03:01:25.463+0000] {processor.py:829} INFO - Processing file /home/airflow/.local/lib/python3.8/site-packages/airflow/example_dags/example_branch_operator_decorator.py for tasks to queue
[2024-10-20T03:01:25.465+0000] {logging_mixin.py:154} INFO - [2024-10-20T03:01:25.465+0000] {dagbag.py:536} INFO - Filling up the DagBag from /home/airflow/.local/lib/python3.8/site-packages/airflow/example_dags/example_branch_operator_decorator.py
[2024-10-20T03:01:25.475+0000] {processor.py:839} INFO - DAG(s) dict_keys(['example_branch_python_operator_decorator']) retrieved from /home/airflow/.local/lib/python3.8/site-packages/airflow/example_dags/example_branch_operator_decorator.py
[2024-10-20T03:01:25.501+0000] {logging_mixin.py:154} INFO - [2024-10-20T03:01:25.501+0000] {dag.py:2941} INFO - Sync 1 DAGs
[2024-10-20T03:01:25.524+0000] {logging_mixin.py:154} INFO - [2024-10-20T03:01:25.524+0000] {dag.py:3722} INFO - Setting next_dagrun for example_branch_python_operator_decorator to 2024-10-19T00:00:00+00:00, run_after=2024-10-20T00:00:00+00:00
[2024-10-20T03:01:25.561+0000] {processor.py:179} INFO - Processing /home/airflow/.local/lib/python3.8/site-packages/airflow/example_dags/example_branch_operator_decorator.py took 0.105 seconds
[2024-10-20T03:01:55.622+0000] {processor.py:157} INFO - Started process (PID=311) to work on /home/airflow/.local/lib/python3.8/site-packages/airflow/example_dags/example_branch_operator_decorator.py
[2024-10-20T03:01:55.623+0000] {processor.py:829} INFO - Processing file /home/airflow/.local/lib/python3.8/site-packages/airflow/example_dags/example_branch_operator_decorator.py for tasks to queue
[2024-10-20T03:01:55.626+0000] {logging_mixin.py:154} INFO - [2024-10-20T03:01:55.626+0000] {dagbag.py:536} INFO - Filling up the DagBag from /home/airflow/.local/lib/python3.8/site-packages/airflow/example_dags/example_branch_operator_decorator.py
[2024-10-20T03:01:55.638+0000] {processor.py:839} INFO - DAG(s) dict_keys(['example_branch_python_operator_decorator']) retrieved from /home/airflow/.local/lib/python3.8/site-packages/airflow/example_dags/example_branch_operator_decorator.py
[2024-10-20T03:01:55.679+0000] {logging_mixin.py:154} INFO - [2024-10-20T03:01:55.679+0000] {dag.py:2941} INFO - Sync 1 DAGs
[2024-10-20T03:01:55.718+0000] {logging_mixin.py:154} INFO - [2024-10-20T03:01:55.717+0000] {dag.py:3722} INFO - Setting next_dagrun for example_branch_python_operator_decorator to 2024-10-19T00:00:00+00:00, run_after=2024-10-20T00:00:00+00:00
[2024-10-20T03:01:55.754+0000] {processor.py:179} INFO - Processing /home/airflow/.local/lib/python3.8/site-packages/airflow/example_dags/example_branch_operator_decorator.py took 0.136 seconds
[2024-10-20T03:02:26.136+0000] {processor.py:157} INFO - Started process (PID=369) to work on /home/airflow/.local/lib/python3.8/site-packages/airflow/example_dags/example_branch_operator_decorator.py
[2024-10-20T03:02:26.137+0000] {processor.py:829} INFO - Processing file /home/airflow/.local/lib/python3.8/site-packages/airflow/example_dags/example_branch_operator_decorator.py for tasks to queue
[2024-10-20T03:02:26.140+0000] {logging_mixin.py:154} INFO - [2024-10-20T03:02:26.139+0000] {dagbag.py:536} INFO - Filling up the DagBag from /home/airflow/.local/lib/python3.8/site-packages/airflow/example_dags/example_branch_operator_decorator.py
[2024-10-20T03:02:26.149+0000] {processor.py:839} INFO - DAG(s) dict_keys(['example_branch_python_operator_decorator']) retrieved from /home/airflow/.local/lib/python3.8/site-packages/airflow/example_dags/example_branch_operator_decorator.py
[2024-10-20T03:02:26.176+0000] {logging_mixin.py:154} INFO - [2024-10-20T03:02:26.176+0000] {dag.py:2941} INFO - Sync 1 DAGs
[2024-10-20T03:02:26.204+0000] {logging_mixin.py:154} INFO - [2024-10-20T03:02:26.203+0000] {dag.py:3722} INFO - Setting next_dagrun for example_branch_python_operator_decorator to 2024-10-19T00:00:00+00:00, run_after=2024-10-20T00:00:00+00:00
[2024-10-20T03:02:26.233+0000] {processor.py:179} INFO - Processing /home/airflow/.local/lib/python3.8/site-packages/airflow/example_dags/example_branch_operator_decorator.py took 0.101 seconds
[2024-10-20T03:02:56.710+0000] {processor.py:157} INFO - Started process (PID=425) to work on /home/airflow/.local/lib/python3.8/site-packages/airflow/example_dags/example_branch_operator_decorator.py
[2024-10-20T03:02:56.711+0000] {processor.py:829} INFO - Processing file /home/airflow/.local/lib/python3.8/site-packages/airflow/example_dags/example_branch_operator_decorator.py for tasks to queue
[2024-10-20T03:02:56.714+0000] {logging_mixin.py:154} INFO - [2024-10-20T03:02:56.713+0000] {dagbag.py:536} INFO - Filling up the DagBag from /home/airflow/.local/lib/python3.8/site-packages/airflow/example_dags/example_branch_operator_decorator.py
[2024-10-20T03:02:56.725+0000] {processor.py:839} INFO - DAG(s) dict_keys(['example_branch_python_operator_decorator']) retrieved from /home/airflow/.local/lib/python3.8/site-packages/airflow/example_dags/example_branch_operator_decorator.py
[2024-10-20T03:02:56.757+0000] {logging_mixin.py:154} INFO - [2024-10-20T03:02:56.756+0000] {dag.py:2941} INFO - Sync 1 DAGs
[2024-10-20T03:02:56.787+0000] {logging_mixin.py:154} INFO - [2024-10-20T03:02:56.787+0000] {dag.py:3722} INFO - Setting next_dagrun for example_branch_python_operator_decorator to 2024-10-19T00:00:00+00:00, run_after=2024-10-20T00:00:00+00:00
[2024-10-20T03:02:56.819+0000] {processor.py:179} INFO - Processing /home/airflow/.local/lib/python3.8/site-packages/airflow/example_dags/example_branch_operator_decorator.py took 0.112 seconds
[2024-10-20T03:03:26.874+0000] {processor.py:157} INFO - Started process (PID=481) to work on /home/airflow/.local/lib/python3.8/site-packages/airflow/example_dags/example_branch_operator_decorator.py
[2024-10-20T03:03:26.875+0000] {processor.py:829} INFO - Processing file /home/airflow/.local/lib/python3.8/site-packages/airflow/example_dags/example_branch_operator_decorator.py for tasks to queue
[2024-10-20T03:03:26.878+0000] {logging_mixin.py:154} INFO - [2024-10-20T03:03:26.878+0000] {dagbag.py:536} INFO - Filling up the DagBag from /home/airflow/.local/lib/python3.8/site-packages/airflow/example_dags/example_branch_operator_decorator.py
[2024-10-20T03:03:26.905+0000] {processor.py:839} INFO - DAG(s) dict_keys(['example_branch_python_operator_decorator']) retrieved from /home/airflow/.local/lib/python3.8/site-packages/airflow/example_dags/example_branch_operator_decorator.py
[2024-10-20T03:03:26.944+0000] {logging_mixin.py:154} INFO - [2024-10-20T03:03:26.944+0000] {dag.py:2941} INFO - Sync 1 DAGs
[2024-10-20T03:03:26.971+0000] {logging_mixin.py:154} INFO - [2024-10-20T03:03:26.971+0000] {dag.py:3722} INFO - Setting next_dagrun for example_branch_python_operator_decorator to 2024-10-19T00:00:00+00:00, run_after=2024-10-20T00:00:00+00:00
[2024-10-20T03:03:26.995+0000] {processor.py:179} INFO - Processing /home/airflow/.local/lib/python3.8/site-packages/airflow/example_dags/example_branch_operator_decorator.py took 0.124 seconds
[2024-10-20T03:03:57.323+0000] {processor.py:157} INFO - Started process (PID=537) to work on /home/airflow/.local/lib/python3.8/site-packages/airflow/example_dags/example_branch_operator_decorator.py
[2024-10-20T03:03:57.324+0000] {processor.py:829} INFO - Processing file /home/airflow/.local/lib/python3.8/site-packages/airflow/example_dags/example_branch_operator_decorator.py for tasks to queue
[2024-10-20T03:03:57.326+0000] {logging_mixin.py:154} INFO - [2024-10-20T03:03:57.326+0000] {dagbag.py:536} INFO - Filling up the DagBag from /home/airflow/.local/lib/python3.8/site-packages/airflow/example_dags/example_branch_operator_decorator.py
[2024-10-20T03:03:57.336+0000] {processor.py:839} INFO - DAG(s) dict_keys(['example_branch_python_operator_decorator']) retrieved from /home/airflow/.local/lib/python3.8/site-packages/airflow/example_dags/example_branch_operator_decorator.py
[2024-10-20T03:03:57.359+0000] {logging_mixin.py:154} INFO - [2024-10-20T03:03:57.359+0000] {dag.py:2941} INFO - Sync 1 DAGs
[2024-10-20T03:03:57.382+0000] {logging_mixin.py:154} INFO - [2024-10-20T03:03:57.382+0000] {dag.py:3722} INFO - Setting next_dagrun for example_branch_python_operator_decorator to 2024-10-19T00:00:00+00:00, run_after=2024-10-20T00:00:00+00:00
[2024-10-20T03:03:57.403+0000] {processor.py:179} INFO - Processing /home/airflow/.local/lib/python3.8/site-packages/airflow/example_dags/example_branch_operator_decorator.py took 0.083 seconds
[2024-10-20T03:04:27.756+0000] {processor.py:157} INFO - Started process (PID=593) to work on /home/airflow/.local/lib/python3.8/site-packages/airflow/example_dags/example_branch_operator_decorator.py
[2024-10-20T03:04:27.758+0000] {processor.py:829} INFO - Processing file /home/airflow/.local/lib/python3.8/site-packages/airflow/example_dags/example_branch_operator_decorator.py for tasks to queue
[2024-10-20T03:04:27.760+0000] {logging_mixin.py:154} INFO - [2024-10-20T03:04:27.760+0000] {dagbag.py:536} INFO - Filling up the DagBag from /home/airflow/.local/lib/python3.8/site-packages/airflow/example_dags/example_branch_operator_decorator.py
[2024-10-20T03:04:27.770+0000] {processor.py:839} INFO - DAG(s) dict_keys(['example_branch_python_operator_decorator']) retrieved from /home/airflow/.local/lib/python3.8/site-packages/airflow/example_dags/example_branch_operator_decorator.py
[2024-10-20T03:04:27.798+0000] {logging_mixin.py:154} INFO - [2024-10-20T03:04:27.797+0000] {dag.py:2941} INFO - Sync 1 DAGs
[2024-10-20T03:04:27.824+0000] {logging_mixin.py:154} INFO - [2024-10-20T03:04:27.824+0000] {dag.py:3722} INFO - Setting next_dagrun for example_branch_python_operator_decorator to 2024-10-19T00:00:00+00:00, run_after=2024-10-20T00:00:00+00:00
[2024-10-20T03:04:27.849+0000] {processor.py:179} INFO - Processing /home/airflow/.local/lib/python3.8/site-packages/airflow/example_dags/example_branch_operator_decorator.py took 0.095 seconds
[2024-10-20T03:04:58.243+0000] {processor.py:157} INFO - Started process (PID=649) to work on /home/airflow/.local/lib/python3.8/site-packages/airflow/example_dags/example_branch_operator_decorator.py
[2024-10-20T03:04:58.244+0000] {processor.py:829} INFO - Processing file /home/airflow/.local/lib/python3.8/site-packages/airflow/example_dags/example_branch_operator_decorator.py for tasks to queue
[2024-10-20T03:04:58.246+0000] {logging_mixin.py:154} INFO - [2024-10-20T03:04:58.246+0000] {dagbag.py:536} INFO - Filling up the DagBag from /home/airflow/.local/lib/python3.8/site-packages/airflow/example_dags/example_branch_operator_decorator.py
[2024-10-20T03:04:58.254+0000] {processor.py:839} INFO - DAG(s) dict_keys(['example_branch_python_operator_decorator']) retrieved from /home/airflow/.local/lib/python3.8/site-packages/airflow/example_dags/example_branch_operator_decorator.py
[2024-10-20T03:04:58.281+0000] {logging_mixin.py:154} INFO - [2024-10-20T03:04:58.281+0000] {dag.py:2941} INFO - Sync 1 DAGs
[2024-10-20T03:04:58.307+0000] {logging_mixin.py:154} INFO - [2024-10-20T03:04:58.306+0000] {dag.py:3722} INFO - Setting next_dagrun for example_branch_python_operator_decorator to 2024-10-19T00:00:00+00:00, run_after=2024-10-20T00:00:00+00:00
[2024-10-20T03:04:58.331+0000] {processor.py:179} INFO - Processing /home/airflow/.local/lib/python3.8/site-packages/airflow/example_dags/example_branch_operator_decorator.py took 0.092 seconds
[2024-10-20T03:05:28.477+0000] {processor.py:157} INFO - Started process (PID=705) to work on /home/airflow/.local/lib/python3.8/site-packages/airflow/example_dags/example_branch_operator_decorator.py
[2024-10-20T03:05:28.478+0000] {processor.py:829} INFO - Processing file /home/airflow/.local/lib/python3.8/site-packages/airflow/example_dags/example_branch_operator_decorator.py for tasks to queue
[2024-10-20T03:05:28.480+0000] {logging_mixin.py:154} INFO - [2024-10-20T03:05:28.480+0000] {dagbag.py:536} INFO - Filling up the DagBag from /home/airflow/.local/lib/python3.8/site-packages/airflow/example_dags/example_branch_operator_decorator.py
[2024-10-20T03:05:28.491+0000] {processor.py:839} INFO - DAG(s) dict_keys(['example_branch_python_operator_decorator']) retrieved from /home/airflow/.local/lib/python3.8/site-packages/airflow/example_dags/example_branch_operator_decorator.py
[2024-10-20T03:05:28.517+0000] {logging_mixin.py:154} INFO - [2024-10-20T03:05:28.517+0000] {dag.py:2941} INFO - Sync 1 DAGs
[2024-10-20T03:05:28.542+0000] {logging_mixin.py:154} INFO - [2024-10-20T03:05:28.542+0000] {dag.py:3722} INFO - Setting next_dagrun for example_branch_python_operator_decorator to 2024-10-19T00:00:00+00:00, run_after=2024-10-20T00:00:00+00:00
[2024-10-20T03:05:28.570+0000] {processor.py:179} INFO - Processing /home/airflow/.local/lib/python3.8/site-packages/airflow/example_dags/example_branch_operator_decorator.py took 0.096 seconds
[2024-10-20T03:05:58.769+0000] {processor.py:157} INFO - Started process (PID=761) to work on /home/airflow/.local/lib/python3.8/site-packages/airflow/example_dags/example_branch_operator_decorator.py
[2024-10-20T03:05:58.770+0000] {processor.py:829} INFO - Processing file /home/airflow/.local/lib/python3.8/site-packages/airflow/example_dags/example_branch_operator_decorator.py for tasks to queue
[2024-10-20T03:05:58.773+0000] {logging_mixin.py:154} INFO - [2024-10-20T03:05:58.772+0000] {dagbag.py:536} INFO - Filling up the DagBag from /home/airflow/.local/lib/python3.8/site-packages/airflow/example_dags/example_branch_operator_decorator.py
[2024-10-20T03:05:58.782+0000] {processor.py:839} INFO - DAG(s) dict_keys(['example_branch_python_operator_decorator']) retrieved from /home/airflow/.local/lib/python3.8/site-packages/airflow/example_dags/example_branch_operator_decorator.py
[2024-10-20T03:05:58.805+0000] {logging_mixin.py:154} INFO - [2024-10-20T03:05:58.805+0000] {dag.py:2941} INFO - Sync 1 DAGs
[2024-10-20T03:05:58.831+0000] {logging_mixin.py:154} INFO - [2024-10-20T03:05:58.830+0000] {dag.py:3722} INFO - Setting next_dagrun for example_branch_python_operator_decorator to 2024-10-19T00:00:00+00:00, run_after=2024-10-20T00:00:00+00:00
[2024-10-20T03:05:58.855+0000] {processor.py:179} INFO - Processing /home/airflow/.local/lib/python3.8/site-packages/airflow/example_dags/example_branch_operator_decorator.py took 0.089 seconds
[2024-10-20T03:06:29.463+0000] {processor.py:157} INFO - Started process (PID=817) to work on /home/airflow/.local/lib/python3.8/site-packages/airflow/example_dags/example_branch_operator_decorator.py
[2024-10-20T03:06:29.464+0000] {processor.py:829} INFO - Processing file /home/airflow/.local/lib/python3.8/site-packages/airflow/example_dags/example_branch_operator_decorator.py for tasks to queue
[2024-10-20T03:06:29.467+0000] {logging_mixin.py:154} INFO - [2024-10-20T03:06:29.467+0000] {dagbag.py:536} INFO - Filling up the DagBag from /home/airflow/.local/lib/python3.8/site-packages/airflow/example_dags/example_branch_operator_decorator.py
[2024-10-20T03:06:29.477+0000] {processor.py:839} INFO - DAG(s) dict_keys(['example_branch_python_operator_decorator']) retrieved from /home/airflow/.local/lib/python3.8/site-packages/airflow/example_dags/example_branch_operator_decorator.py
[2024-10-20T03:06:29.502+0000] {logging_mixin.py:154} INFO - [2024-10-20T03:06:29.501+0000] {dag.py:2941} INFO - Sync 1 DAGs
[2024-10-20T03:06:29.527+0000] {logging_mixin.py:154} INFO - [2024-10-20T03:06:29.527+0000] {dag.py:3722} INFO - Setting next_dagrun for example_branch_python_operator_decorator to 2024-10-19T00:00:00+00:00, run_after=2024-10-20T00:00:00+00:00
[2024-10-20T03:06:29.552+0000] {processor.py:179} INFO - Processing /home/airflow/.local/lib/python3.8/site-packages/airflow/example_dags/example_branch_operator_decorator.py took 0.093 seconds
[2024-10-20T03:06:59.921+0000] {processor.py:157} INFO - Started process (PID=873) to work on /home/airflow/.local/lib/python3.8/site-packages/airflow/example_dags/example_branch_operator_decorator.py
[2024-10-20T03:06:59.922+0000] {processor.py:829} INFO - Processing file /home/airflow/.local/lib/python3.8/site-packages/airflow/example_dags/example_branch_operator_decorator.py for tasks to queue
[2024-10-20T03:06:59.924+0000] {logging_mixin.py:154} INFO - [2024-10-20T03:06:59.924+0000] {dagbag.py:536} INFO - Filling up the DagBag from /home/airflow/.local/lib/python3.8/site-packages/airflow/example_dags/example_branch_operator_decorator.py
[2024-10-20T03:06:59.936+0000] {processor.py:839} INFO - DAG(s) dict_keys(['example_branch_python_operator_decorator']) retrieved from /home/airflow/.local/lib/python3.8/site-packages/airflow/example_dags/example_branch_operator_decorator.py
[2024-10-20T03:06:59.961+0000] {logging_mixin.py:154} INFO - [2024-10-20T03:06:59.960+0000] {dag.py:2941} INFO - Sync 1 DAGs
[2024-10-20T03:06:59.986+0000] {logging_mixin.py:154} INFO - [2024-10-20T03:06:59.985+0000] {dag.py:3722} INFO - Setting next_dagrun for example_branch_python_operator_decorator to 2024-10-19T00:00:00+00:00, run_after=2024-10-20T00:00:00+00:00
[2024-10-20T03:07:00.013+0000] {processor.py:179} INFO - Processing /home/airflow/.local/lib/python3.8/site-packages/airflow/example_dags/example_branch_operator_decorator.py took 0.096 seconds
[2024-10-20T03:07:30.437+0000] {processor.py:157} INFO - Started process (PID=929) to work on /home/airflow/.local/lib/python3.8/site-packages/airflow/example_dags/example_branch_operator_decorator.py
[2024-10-20T03:07:30.438+0000] {processor.py:829} INFO - Processing file /home/airflow/.local/lib/python3.8/site-packages/airflow/example_dags/example_branch_operator_decorator.py for tasks to queue
[2024-10-20T03:07:30.440+0000] {logging_mixin.py:154} INFO - [2024-10-20T03:07:30.440+0000] {dagbag.py:536} INFO - Filling up the DagBag from /home/airflow/.local/lib/python3.8/site-packages/airflow/example_dags/example_branch_operator_decorator.py
[2024-10-20T03:07:30.450+0000] {processor.py:839} INFO - DAG(s) dict_keys(['example_branch_python_operator_decorator']) retrieved from /home/airflow/.local/lib/python3.8/site-packages/airflow/example_dags/example_branch_operator_decorator.py
[2024-10-20T03:07:30.474+0000] {logging_mixin.py:154} INFO - [2024-10-20T03:07:30.474+0000] {dag.py:2941} INFO - Sync 1 DAGs
[2024-10-20T03:07:30.497+0000] {logging_mixin.py:154} INFO - [2024-10-20T03:07:30.497+0000] {dag.py:3722} INFO - Setting next_dagrun for example_branch_python_operator_decorator to 2024-10-19T00:00:00+00:00, run_after=2024-10-20T00:00:00+00:00
[2024-10-20T03:07:30.517+0000] {processor.py:179} INFO - Processing /home/airflow/.local/lib/python3.8/site-packages/airflow/example_dags/example_branch_operator_decorator.py took 0.083 seconds
[2024-10-20T03:08:47.682+0000] {processor.py:157} INFO - Started process (PID=82) to work on /home/airflow/.local/lib/python3.8/site-packages/airflow/example_dags/example_branch_operator_decorator.py
[2024-10-20T03:08:47.684+0000] {processor.py:829} INFO - Processing file /home/airflow/.local/lib/python3.8/site-packages/airflow/example_dags/example_branch_operator_decorator.py for tasks to queue
[2024-10-20T03:08:47.688+0000] {logging_mixin.py:154} INFO - [2024-10-20T03:08:47.687+0000] {dagbag.py:536} INFO - Filling up the DagBag from /home/airflow/.local/lib/python3.8/site-packages/airflow/example_dags/example_branch_operator_decorator.py
[2024-10-20T03:08:47.708+0000] {processor.py:839} INFO - DAG(s) dict_keys(['example_branch_python_operator_decorator']) retrieved from /home/airflow/.local/lib/python3.8/site-packages/airflow/example_dags/example_branch_operator_decorator.py
[2024-10-20T03:08:47.729+0000] {logging_mixin.py:154} INFO - [2024-10-20T03:08:47.729+0000] {dag.py:2941} INFO - Sync 1 DAGs
[2024-10-20T03:08:47.768+0000] {logging_mixin.py:154} INFO - [2024-10-20T03:08:47.767+0000] {dag.py:3722} INFO - Setting next_dagrun for example_branch_python_operator_decorator to 2024-10-19T00:00:00+00:00, run_after=2024-10-20T00:00:00+00:00
[2024-10-20T03:08:47.815+0000] {processor.py:179} INFO - Processing /home/airflow/.local/lib/python3.8/site-packages/airflow/example_dags/example_branch_operator_decorator.py took 0.136 seconds
[2024-10-20T03:09:19.148+0000] {processor.py:157} INFO - Started process (PID=138) to work on /home/airflow/.local/lib/python3.8/site-packages/airflow/example_dags/example_branch_operator_decorator.py
[2024-10-20T03:09:19.149+0000] {processor.py:829} INFO - Processing file /home/airflow/.local/lib/python3.8/site-packages/airflow/example_dags/example_branch_operator_decorator.py for tasks to queue
[2024-10-20T03:09:19.152+0000] {logging_mixin.py:154} INFO - [2024-10-20T03:09:19.152+0000] {dagbag.py:536} INFO - Filling up the DagBag from /home/airflow/.local/lib/python3.8/site-packages/airflow/example_dags/example_branch_operator_decorator.py
[2024-10-20T03:09:19.165+0000] {processor.py:839} INFO - DAG(s) dict_keys(['example_branch_python_operator_decorator']) retrieved from /home/airflow/.local/lib/python3.8/site-packages/airflow/example_dags/example_branch_operator_decorator.py
[2024-10-20T03:09:19.199+0000] {logging_mixin.py:154} INFO - [2024-10-20T03:09:19.199+0000] {dag.py:2941} INFO - Sync 1 DAGs
[2024-10-20T03:09:19.234+0000] {logging_mixin.py:154} INFO - [2024-10-20T03:09:19.234+0000] {dag.py:3722} INFO - Setting next_dagrun for example_branch_python_operator_decorator to 2024-10-19T00:00:00+00:00, run_after=2024-10-20T00:00:00+00:00
[2024-10-20T03:09:19.264+0000] {processor.py:179} INFO - Processing /home/airflow/.local/lib/python3.8/site-packages/airflow/example_dags/example_branch_operator_decorator.py took 0.120 seconds
[2024-10-20T03:09:49.588+0000] {processor.py:157} INFO - Started process (PID=194) to work on /home/airflow/.local/lib/python3.8/site-packages/airflow/example_dags/example_branch_operator_decorator.py
[2024-10-20T03:09:49.590+0000] {processor.py:829} INFO - Processing file /home/airflow/.local/lib/python3.8/site-packages/airflow/example_dags/example_branch_operator_decorator.py for tasks to queue
[2024-10-20T03:09:49.592+0000] {logging_mixin.py:154} INFO - [2024-10-20T03:09:49.591+0000] {dagbag.py:536} INFO - Filling up the DagBag from /home/airflow/.local/lib/python3.8/site-packages/airflow/example_dags/example_branch_operator_decorator.py
[2024-10-20T03:09:49.602+0000] {processor.py:839} INFO - DAG(s) dict_keys(['example_branch_python_operator_decorator']) retrieved from /home/airflow/.local/lib/python3.8/site-packages/airflow/example_dags/example_branch_operator_decorator.py
[2024-10-20T03:09:49.633+0000] {logging_mixin.py:154} INFO - [2024-10-20T03:09:49.632+0000] {dag.py:2941} INFO - Sync 1 DAGs
[2024-10-20T03:09:49.657+0000] {logging_mixin.py:154} INFO - [2024-10-20T03:09:49.657+0000] {dag.py:3722} INFO - Setting next_dagrun for example_branch_python_operator_decorator to 2024-10-19T00:00:00+00:00, run_after=2024-10-20T00:00:00+00:00
[2024-10-20T03:09:49.681+0000] {processor.py:179} INFO - Processing /home/airflow/.local/lib/python3.8/site-packages/airflow/example_dags/example_branch_operator_decorator.py took 0.095 seconds
[2024-10-20T03:10:19.813+0000] {processor.py:157} INFO - Started process (PID=249) to work on /home/airflow/.local/lib/python3.8/site-packages/airflow/example_dags/example_branch_operator_decorator.py
[2024-10-20T03:10:19.815+0000] {processor.py:829} INFO - Processing file /home/airflow/.local/lib/python3.8/site-packages/airflow/example_dags/example_branch_operator_decorator.py for tasks to queue
[2024-10-20T03:10:19.818+0000] {logging_mixin.py:154} INFO - [2024-10-20T03:10:19.818+0000] {dagbag.py:536} INFO - Filling up the DagBag from /home/airflow/.local/lib/python3.8/site-packages/airflow/example_dags/example_branch_operator_decorator.py
[2024-10-20T03:10:19.834+0000] {processor.py:839} INFO - DAG(s) dict_keys(['example_branch_python_operator_decorator']) retrieved from /home/airflow/.local/lib/python3.8/site-packages/airflow/example_dags/example_branch_operator_decorator.py
[2024-10-20T03:10:19.871+0000] {logging_mixin.py:154} INFO - [2024-10-20T03:10:19.870+0000] {dag.py:2941} INFO - Sync 1 DAGs
[2024-10-20T03:10:19.898+0000] {logging_mixin.py:154} INFO - [2024-10-20T03:10:19.898+0000] {dag.py:3722} INFO - Setting next_dagrun for example_branch_python_operator_decorator to 2024-10-19T00:00:00+00:00, run_after=2024-10-20T00:00:00+00:00
[2024-10-20T03:10:19.923+0000] {processor.py:179} INFO - Processing /home/airflow/.local/lib/python3.8/site-packages/airflow/example_dags/example_branch_operator_decorator.py took 0.114 seconds
[2024-10-20T03:10:50.214+0000] {processor.py:157} INFO - Started process (PID=304) to work on /home/airflow/.local/lib/python3.8/site-packages/airflow/example_dags/example_branch_operator_decorator.py
[2024-10-20T03:10:50.216+0000] {processor.py:829} INFO - Processing file /home/airflow/.local/lib/python3.8/site-packages/airflow/example_dags/example_branch_operator_decorator.py for tasks to queue
[2024-10-20T03:10:50.223+0000] {logging_mixin.py:154} INFO - [2024-10-20T03:10:50.222+0000] {dagbag.py:536} INFO - Filling up the DagBag from /home/airflow/.local/lib/python3.8/site-packages/airflow/example_dags/example_branch_operator_decorator.py
[2024-10-20T03:10:50.246+0000] {processor.py:839} INFO - DAG(s) dict_keys(['example_branch_python_operator_decorator']) retrieved from /home/airflow/.local/lib/python3.8/site-packages/airflow/example_dags/example_branch_operator_decorator.py
[2024-10-20T03:10:50.285+0000] {logging_mixin.py:154} INFO - [2024-10-20T03:10:50.285+0000] {dag.py:2941} INFO - Sync 1 DAGs
[2024-10-20T03:10:50.330+0000] {logging_mixin.py:154} INFO - [2024-10-20T03:10:50.330+0000] {dag.py:3722} INFO - Setting next_dagrun for example_branch_python_operator_decorator to 2024-10-19T00:00:00+00:00, run_after=2024-10-20T00:00:00+00:00
[2024-10-20T03:10:50.379+0000] {processor.py:179} INFO - Processing /home/airflow/.local/lib/python3.8/site-packages/airflow/example_dags/example_branch_operator_decorator.py took 0.173 seconds
[2024-10-20T03:11:20.630+0000] {processor.py:157} INFO - Started process (PID=360) to work on /home/airflow/.local/lib/python3.8/site-packages/airflow/example_dags/example_branch_operator_decorator.py
[2024-10-20T03:11:20.631+0000] {processor.py:829} INFO - Processing file /home/airflow/.local/lib/python3.8/site-packages/airflow/example_dags/example_branch_operator_decorator.py for tasks to queue
[2024-10-20T03:11:20.634+0000] {logging_mixin.py:154} INFO - [2024-10-20T03:11:20.634+0000] {dagbag.py:536} INFO - Filling up the DagBag from /home/airflow/.local/lib/python3.8/site-packages/airflow/example_dags/example_branch_operator_decorator.py
[2024-10-20T03:11:20.646+0000] {processor.py:839} INFO - DAG(s) dict_keys(['example_branch_python_operator_decorator']) retrieved from /home/airflow/.local/lib/python3.8/site-packages/airflow/example_dags/example_branch_operator_decorator.py
[2024-10-20T03:11:20.673+0000] {logging_mixin.py:154} INFO - [2024-10-20T03:11:20.672+0000] {dag.py:2941} INFO - Sync 1 DAGs
[2024-10-20T03:11:20.699+0000] {logging_mixin.py:154} INFO - [2024-10-20T03:11:20.699+0000] {dag.py:3722} INFO - Setting next_dagrun for example_branch_python_operator_decorator to 2024-10-19T00:00:00+00:00, run_after=2024-10-20T00:00:00+00:00
[2024-10-20T03:11:20.726+0000] {processor.py:179} INFO - Processing /home/airflow/.local/lib/python3.8/site-packages/airflow/example_dags/example_branch_operator_decorator.py took 0.099 seconds
[2024-10-20T03:11:50.985+0000] {processor.py:157} INFO - Started process (PID=416) to work on /home/airflow/.local/lib/python3.8/site-packages/airflow/example_dags/example_branch_operator_decorator.py
[2024-10-20T03:11:50.986+0000] {processor.py:829} INFO - Processing file /home/airflow/.local/lib/python3.8/site-packages/airflow/example_dags/example_branch_operator_decorator.py for tasks to queue
[2024-10-20T03:11:50.989+0000] {logging_mixin.py:154} INFO - [2024-10-20T03:11:50.989+0000] {dagbag.py:536} INFO - Filling up the DagBag from /home/airflow/.local/lib/python3.8/site-packages/airflow/example_dags/example_branch_operator_decorator.py
[2024-10-20T03:11:50.998+0000] {processor.py:839} INFO - DAG(s) dict_keys(['example_branch_python_operator_decorator']) retrieved from /home/airflow/.local/lib/python3.8/site-packages/airflow/example_dags/example_branch_operator_decorator.py
[2024-10-20T03:11:51.022+0000] {logging_mixin.py:154} INFO - [2024-10-20T03:11:51.021+0000] {dag.py:2941} INFO - Sync 1 DAGs
[2024-10-20T03:11:51.045+0000] {logging_mixin.py:154} INFO - [2024-10-20T03:11:51.045+0000] {dag.py:3722} INFO - Setting next_dagrun for example_branch_python_operator_decorator to 2024-10-19T00:00:00+00:00, run_after=2024-10-20T00:00:00+00:00
[2024-10-20T03:11:51.068+0000] {processor.py:179} INFO - Processing /home/airflow/.local/lib/python3.8/site-packages/airflow/example_dags/example_branch_operator_decorator.py took 0.086 seconds
[2024-10-20T03:12:21.299+0000] {processor.py:157} INFO - Started process (PID=472) to work on /home/airflow/.local/lib/python3.8/site-packages/airflow/example_dags/example_branch_operator_decorator.py
[2024-10-20T03:12:21.300+0000] {processor.py:829} INFO - Processing file /home/airflow/.local/lib/python3.8/site-packages/airflow/example_dags/example_branch_operator_decorator.py for tasks to queue
[2024-10-20T03:12:21.302+0000] {logging_mixin.py:154} INFO - [2024-10-20T03:12:21.302+0000] {dagbag.py:536} INFO - Filling up the DagBag from /home/airflow/.local/lib/python3.8/site-packages/airflow/example_dags/example_branch_operator_decorator.py
[2024-10-20T03:12:21.312+0000] {processor.py:839} INFO - DAG(s) dict_keys(['example_branch_python_operator_decorator']) retrieved from /home/airflow/.local/lib/python3.8/site-packages/airflow/example_dags/example_branch_operator_decorator.py
[2024-10-20T03:12:21.341+0000] {logging_mixin.py:154} INFO - [2024-10-20T03:12:21.341+0000] {dag.py:2941} INFO - Sync 1 DAGs
[2024-10-20T03:12:21.369+0000] {logging_mixin.py:154} INFO - [2024-10-20T03:12:21.368+0000] {dag.py:3722} INFO - Setting next_dagrun for example_branch_python_operator_decorator to 2024-10-19T00:00:00+00:00, run_after=2024-10-20T00:00:00+00:00
[2024-10-20T03:12:21.391+0000] {processor.py:179} INFO - Processing /home/airflow/.local/lib/python3.8/site-packages/airflow/example_dags/example_branch_operator_decorator.py took 0.097 seconds
[2024-10-20T03:12:51.933+0000] {processor.py:157} INFO - Started process (PID=528) to work on /home/airflow/.local/lib/python3.8/site-packages/airflow/example_dags/example_branch_operator_decorator.py
[2024-10-20T03:12:51.934+0000] {processor.py:829} INFO - Processing file /home/airflow/.local/lib/python3.8/site-packages/airflow/example_dags/example_branch_operator_decorator.py for tasks to queue
[2024-10-20T03:12:51.936+0000] {logging_mixin.py:154} INFO - [2024-10-20T03:12:51.936+0000] {dagbag.py:536} INFO - Filling up the DagBag from /home/airflow/.local/lib/python3.8/site-packages/airflow/example_dags/example_branch_operator_decorator.py
[2024-10-20T03:12:51.946+0000] {processor.py:839} INFO - DAG(s) dict_keys(['example_branch_python_operator_decorator']) retrieved from /home/airflow/.local/lib/python3.8/site-packages/airflow/example_dags/example_branch_operator_decorator.py
[2024-10-20T03:12:51.970+0000] {logging_mixin.py:154} INFO - [2024-10-20T03:12:51.970+0000] {dag.py:2941} INFO - Sync 1 DAGs
[2024-10-20T03:12:51.993+0000] {logging_mixin.py:154} INFO - [2024-10-20T03:12:51.993+0000] {dag.py:3722} INFO - Setting next_dagrun for example_branch_python_operator_decorator to 2024-10-19T00:00:00+00:00, run_after=2024-10-20T00:00:00+00:00
[2024-10-20T03:12:52.015+0000] {processor.py:179} INFO - Processing /home/airflow/.local/lib/python3.8/site-packages/airflow/example_dags/example_branch_operator_decorator.py took 0.085 seconds
[2024-10-20T03:13:22.475+0000] {processor.py:157} INFO - Started process (PID=584) to work on /home/airflow/.local/lib/python3.8/site-packages/airflow/example_dags/example_branch_operator_decorator.py
[2024-10-20T03:13:22.476+0000] {processor.py:829} INFO - Processing file /home/airflow/.local/lib/python3.8/site-packages/airflow/example_dags/example_branch_operator_decorator.py for tasks to queue
[2024-10-20T03:13:22.478+0000] {logging_mixin.py:154} INFO - [2024-10-20T03:13:22.478+0000] {dagbag.py:536} INFO - Filling up the DagBag from /home/airflow/.local/lib/python3.8/site-packages/airflow/example_dags/example_branch_operator_decorator.py
[2024-10-20T03:13:22.488+0000] {processor.py:839} INFO - DAG(s) dict_keys(['example_branch_python_operator_decorator']) retrieved from /home/airflow/.local/lib/python3.8/site-packages/airflow/example_dags/example_branch_operator_decorator.py
[2024-10-20T03:13:22.512+0000] {logging_mixin.py:154} INFO - [2024-10-20T03:13:22.512+0000] {dag.py:2941} INFO - Sync 1 DAGs
[2024-10-20T03:13:22.539+0000] {logging_mixin.py:154} INFO - [2024-10-20T03:13:22.538+0000] {dag.py:3722} INFO - Setting next_dagrun for example_branch_python_operator_decorator to 2024-10-19T00:00:00+00:00, run_after=2024-10-20T00:00:00+00:00
[2024-10-20T03:13:22.566+0000] {processor.py:179} INFO - Processing /home/airflow/.local/lib/python3.8/site-packages/airflow/example_dags/example_branch_operator_decorator.py took 0.094 seconds
[2024-10-20T03:13:52.962+0000] {processor.py:157} INFO - Started process (PID=640) to work on /home/airflow/.local/lib/python3.8/site-packages/airflow/example_dags/example_branch_operator_decorator.py
[2024-10-20T03:13:52.964+0000] {processor.py:829} INFO - Processing file /home/airflow/.local/lib/python3.8/site-packages/airflow/example_dags/example_branch_operator_decorator.py for tasks to queue
[2024-10-20T03:13:52.966+0000] {logging_mixin.py:154} INFO - [2024-10-20T03:13:52.966+0000] {dagbag.py:536} INFO - Filling up the DagBag from /home/airflow/.local/lib/python3.8/site-packages/airflow/example_dags/example_branch_operator_decorator.py
[2024-10-20T03:13:52.978+0000] {processor.py:839} INFO - DAG(s) dict_keys(['example_branch_python_operator_decorator']) retrieved from /home/airflow/.local/lib/python3.8/site-packages/airflow/example_dags/example_branch_operator_decorator.py
[2024-10-20T03:13:53.006+0000] {logging_mixin.py:154} INFO - [2024-10-20T03:13:53.006+0000] {dag.py:2941} INFO - Sync 1 DAGs
[2024-10-20T03:13:53.034+0000] {logging_mixin.py:154} INFO - [2024-10-20T03:13:53.034+0000] {dag.py:3722} INFO - Setting next_dagrun for example_branch_python_operator_decorator to 2024-10-19T00:00:00+00:00, run_after=2024-10-20T00:00:00+00:00
[2024-10-20T03:13:53.058+0000] {processor.py:179} INFO - Processing /home/airflow/.local/lib/python3.8/site-packages/airflow/example_dags/example_branch_operator_decorator.py took 0.101 seconds
[2024-10-20T03:14:23.387+0000] {processor.py:157} INFO - Started process (PID=696) to work on /home/airflow/.local/lib/python3.8/site-packages/airflow/example_dags/example_branch_operator_decorator.py
[2024-10-20T03:14:23.388+0000] {processor.py:829} INFO - Processing file /home/airflow/.local/lib/python3.8/site-packages/airflow/example_dags/example_branch_operator_decorator.py for tasks to queue
[2024-10-20T03:14:23.390+0000] {logging_mixin.py:154} INFO - [2024-10-20T03:14:23.390+0000] {dagbag.py:536} INFO - Filling up the DagBag from /home/airflow/.local/lib/python3.8/site-packages/airflow/example_dags/example_branch_operator_decorator.py
[2024-10-20T03:14:23.399+0000] {processor.py:839} INFO - DAG(s) dict_keys(['example_branch_python_operator_decorator']) retrieved from /home/airflow/.local/lib/python3.8/site-packages/airflow/example_dags/example_branch_operator_decorator.py
[2024-10-20T03:14:23.424+0000] {logging_mixin.py:154} INFO - [2024-10-20T03:14:23.424+0000] {dag.py:2941} INFO - Sync 1 DAGs
[2024-10-20T03:14:23.453+0000] {logging_mixin.py:154} INFO - [2024-10-20T03:14:23.453+0000] {dag.py:3722} INFO - Setting next_dagrun for example_branch_python_operator_decorator to 2024-10-19T00:00:00+00:00, run_after=2024-10-20T00:00:00+00:00
[2024-10-20T03:14:23.477+0000] {processor.py:179} INFO - Processing /home/airflow/.local/lib/python3.8/site-packages/airflow/example_dags/example_branch_operator_decorator.py took 0.093 seconds
[2024-10-20T03:14:53.580+0000] {processor.py:157} INFO - Started process (PID=752) to work on /home/airflow/.local/lib/python3.8/site-packages/airflow/example_dags/example_branch_operator_decorator.py
[2024-10-20T03:14:53.582+0000] {processor.py:829} INFO - Processing file /home/airflow/.local/lib/python3.8/site-packages/airflow/example_dags/example_branch_operator_decorator.py for tasks to queue
[2024-10-20T03:14:53.585+0000] {logging_mixin.py:154} INFO - [2024-10-20T03:14:53.584+0000] {dagbag.py:536} INFO - Filling up the DagBag from /home/airflow/.local/lib/python3.8/site-packages/airflow/example_dags/example_branch_operator_decorator.py
[2024-10-20T03:14:53.593+0000] {processor.py:839} INFO - DAG(s) dict_keys(['example_branch_python_operator_decorator']) retrieved from /home/airflow/.local/lib/python3.8/site-packages/airflow/example_dags/example_branch_operator_decorator.py
[2024-10-20T03:14:53.616+0000] {logging_mixin.py:154} INFO - [2024-10-20T03:14:53.616+0000] {dag.py:2941} INFO - Sync 1 DAGs
[2024-10-20T03:14:53.640+0000] {logging_mixin.py:154} INFO - [2024-10-20T03:14:53.639+0000] {dag.py:3722} INFO - Setting next_dagrun for example_branch_python_operator_decorator to 2024-10-19T00:00:00+00:00, run_after=2024-10-20T00:00:00+00:00
[2024-10-20T03:14:53.662+0000] {processor.py:179} INFO - Processing /home/airflow/.local/lib/python3.8/site-packages/airflow/example_dags/example_branch_operator_decorator.py took 0.084 seconds
[2024-10-20T03:15:24.340+0000] {processor.py:157} INFO - Started process (PID=808) to work on /home/airflow/.local/lib/python3.8/site-packages/airflow/example_dags/example_branch_operator_decorator.py
[2024-10-20T03:15:24.341+0000] {processor.py:829} INFO - Processing file /home/airflow/.local/lib/python3.8/site-packages/airflow/example_dags/example_branch_operator_decorator.py for tasks to queue
[2024-10-20T03:15:24.344+0000] {logging_mixin.py:154} INFO - [2024-10-20T03:15:24.343+0000] {dagbag.py:536} INFO - Filling up the DagBag from /home/airflow/.local/lib/python3.8/site-packages/airflow/example_dags/example_branch_operator_decorator.py
[2024-10-20T03:15:24.354+0000] {processor.py:839} INFO - DAG(s) dict_keys(['example_branch_python_operator_decorator']) retrieved from /home/airflow/.local/lib/python3.8/site-packages/airflow/example_dags/example_branch_operator_decorator.py
[2024-10-20T03:15:24.379+0000] {logging_mixin.py:154} INFO - [2024-10-20T03:15:24.379+0000] {dag.py:2941} INFO - Sync 1 DAGs
[2024-10-20T03:15:24.415+0000] {logging_mixin.py:154} INFO - [2024-10-20T03:15:24.415+0000] {dag.py:3722} INFO - Setting next_dagrun for example_branch_python_operator_decorator to 2024-10-19T00:00:00+00:00, run_after=2024-10-20T00:00:00+00:00
[2024-10-20T03:15:24.442+0000] {processor.py:179} INFO - Processing /home/airflow/.local/lib/python3.8/site-packages/airflow/example_dags/example_branch_operator_decorator.py took 0.106 seconds
[2024-10-20T03:15:55.073+0000] {processor.py:157} INFO - Started process (PID=864) to work on /home/airflow/.local/lib/python3.8/site-packages/airflow/example_dags/example_branch_operator_decorator.py
[2024-10-20T03:15:55.074+0000] {processor.py:829} INFO - Processing file /home/airflow/.local/lib/python3.8/site-packages/airflow/example_dags/example_branch_operator_decorator.py for tasks to queue
[2024-10-20T03:15:55.079+0000] {logging_mixin.py:154} INFO - [2024-10-20T03:15:55.077+0000] {dagbag.py:536} INFO - Filling up the DagBag from /home/airflow/.local/lib/python3.8/site-packages/airflow/example_dags/example_branch_operator_decorator.py
[2024-10-20T03:15:55.096+0000] {processor.py:839} INFO - DAG(s) dict_keys(['example_branch_python_operator_decorator']) retrieved from /home/airflow/.local/lib/python3.8/site-packages/airflow/example_dags/example_branch_operator_decorator.py
[2024-10-20T03:15:55.128+0000] {logging_mixin.py:154} INFO - [2024-10-20T03:15:55.128+0000] {dag.py:2941} INFO - Sync 1 DAGs
[2024-10-20T03:15:55.156+0000] {logging_mixin.py:154} INFO - [2024-10-20T03:15:55.156+0000] {dag.py:3722} INFO - Setting next_dagrun for example_branch_python_operator_decorator to 2024-10-19T00:00:00+00:00, run_after=2024-10-20T00:00:00+00:00
[2024-10-20T03:15:55.187+0000] {processor.py:179} INFO - Processing /home/airflow/.local/lib/python3.8/site-packages/airflow/example_dags/example_branch_operator_decorator.py took 0.117 seconds
[2024-10-20T03:16:25.785+0000] {processor.py:157} INFO - Started process (PID=920) to work on /home/airflow/.local/lib/python3.8/site-packages/airflow/example_dags/example_branch_operator_decorator.py
[2024-10-20T03:16:25.786+0000] {processor.py:829} INFO - Processing file /home/airflow/.local/lib/python3.8/site-packages/airflow/example_dags/example_branch_operator_decorator.py for tasks to queue
[2024-10-20T03:16:25.789+0000] {logging_mixin.py:154} INFO - [2024-10-20T03:16:25.789+0000] {dagbag.py:536} INFO - Filling up the DagBag from /home/airflow/.local/lib/python3.8/site-packages/airflow/example_dags/example_branch_operator_decorator.py
[2024-10-20T03:16:25.797+0000] {processor.py:839} INFO - DAG(s) dict_keys(['example_branch_python_operator_decorator']) retrieved from /home/airflow/.local/lib/python3.8/site-packages/airflow/example_dags/example_branch_operator_decorator.py
[2024-10-20T03:16:25.820+0000] {logging_mixin.py:154} INFO - [2024-10-20T03:16:25.820+0000] {dag.py:2941} INFO - Sync 1 DAGs
[2024-10-20T03:16:25.844+0000] {logging_mixin.py:154} INFO - [2024-10-20T03:16:25.844+0000] {dag.py:3722} INFO - Setting next_dagrun for example_branch_python_operator_decorator to 2024-10-19T00:00:00+00:00, run_after=2024-10-20T00:00:00+00:00
[2024-10-20T03:16:25.866+0000] {processor.py:179} INFO - Processing /home/airflow/.local/lib/python3.8/site-packages/airflow/example_dags/example_branch_operator_decorator.py took 0.084 seconds
[2024-10-20T03:16:56.173+0000] {processor.py:157} INFO - Started process (PID=976) to work on /home/airflow/.local/lib/python3.8/site-packages/airflow/example_dags/example_branch_operator_decorator.py
[2024-10-20T03:16:56.175+0000] {processor.py:829} INFO - Processing file /home/airflow/.local/lib/python3.8/site-packages/airflow/example_dags/example_branch_operator_decorator.py for tasks to queue
[2024-10-20T03:16:56.177+0000] {logging_mixin.py:154} INFO - [2024-10-20T03:16:56.177+0000] {dagbag.py:536} INFO - Filling up the DagBag from /home/airflow/.local/lib/python3.8/site-packages/airflow/example_dags/example_branch_operator_decorator.py
[2024-10-20T03:16:56.188+0000] {processor.py:839} INFO - DAG(s) dict_keys(['example_branch_python_operator_decorator']) retrieved from /home/airflow/.local/lib/python3.8/site-packages/airflow/example_dags/example_branch_operator_decorator.py
[2024-10-20T03:16:56.218+0000] {logging_mixin.py:154} INFO - [2024-10-20T03:16:56.218+0000] {dag.py:2941} INFO - Sync 1 DAGs
[2024-10-20T03:16:56.247+0000] {logging_mixin.py:154} INFO - [2024-10-20T03:16:56.247+0000] {dag.py:3722} INFO - Setting next_dagrun for example_branch_python_operator_decorator to 2024-10-19T00:00:00+00:00, run_after=2024-10-20T00:00:00+00:00
[2024-10-20T03:16:56.271+0000] {processor.py:179} INFO - Processing /home/airflow/.local/lib/python3.8/site-packages/airflow/example_dags/example_branch_operator_decorator.py took 0.101 seconds
[2024-10-20T03:17:26.685+0000] {processor.py:157} INFO - Started process (PID=1032) to work on /home/airflow/.local/lib/python3.8/site-packages/airflow/example_dags/example_branch_operator_decorator.py
[2024-10-20T03:17:26.686+0000] {processor.py:829} INFO - Processing file /home/airflow/.local/lib/python3.8/site-packages/airflow/example_dags/example_branch_operator_decorator.py for tasks to queue
[2024-10-20T03:17:26.689+0000] {logging_mixin.py:154} INFO - [2024-10-20T03:17:26.689+0000] {dagbag.py:536} INFO - Filling up the DagBag from /home/airflow/.local/lib/python3.8/site-packages/airflow/example_dags/example_branch_operator_decorator.py
[2024-10-20T03:17:26.704+0000] {processor.py:839} INFO - DAG(s) dict_keys(['example_branch_python_operator_decorator']) retrieved from /home/airflow/.local/lib/python3.8/site-packages/airflow/example_dags/example_branch_operator_decorator.py
[2024-10-20T03:17:26.730+0000] {logging_mixin.py:154} INFO - [2024-10-20T03:17:26.730+0000] {dag.py:2941} INFO - Sync 1 DAGs
[2024-10-20T03:17:26.757+0000] {logging_mixin.py:154} INFO - [2024-10-20T03:17:26.756+0000] {dag.py:3722} INFO - Setting next_dagrun for example_branch_python_operator_decorator to 2024-10-19T00:00:00+00:00, run_after=2024-10-20T00:00:00+00:00
[2024-10-20T03:17:26.780+0000] {processor.py:179} INFO - Processing /home/airflow/.local/lib/python3.8/site-packages/airflow/example_dags/example_branch_operator_decorator.py took 0.099 seconds
