[2024-10-20T02:46:19.429+0000] {processor.py:157} INFO - Started process (PID=102) to work on /home/airflow/.local/lib/python3.8/site-packages/airflow/example_dags/example_bash_operator.py
[2024-10-20T02:46:19.432+0000] {processor.py:829} INFO - Processing file /home/airflow/.local/lib/python3.8/site-packages/airflow/example_dags/example_bash_operator.py for tasks to queue
[2024-10-20T02:46:19.438+0000] {logging_mixin.py:154} INFO - [2024-10-20T02:46:19.437+0000] {dagbag.py:536} INFO - Filling up the DagBag from /home/airflow/.local/lib/python3.8/site-packages/airflow/example_dags/example_bash_operator.py
[2024-10-20T02:46:19.467+0000] {processor.py:839} INFO - DAG(s) dict_keys(['example_bash_operator']) retrieved from /home/airflow/.local/lib/python3.8/site-packages/airflow/example_dags/example_bash_operator.py
[2024-10-20T02:46:19.507+0000] {logging_mixin.py:154} INFO - [2024-10-20T02:46:19.507+0000] {dag.py:2941} INFO - Sync 1 DAGs
[2024-10-20T02:46:19.617+0000] {logging_mixin.py:154} INFO - [2024-10-20T02:46:19.617+0000] {dag.py:3722} INFO - Setting next_dagrun for example_bash_operator to 2024-10-19T00:00:00+00:00, run_after=2024-10-20T00:00:00+00:00
[2024-10-20T02:46:19.696+0000] {processor.py:179} INFO - Processing /home/airflow/.local/lib/python3.8/site-packages/airflow/example_dags/example_bash_operator.py took 0.273 seconds
[2024-10-20T02:46:49.923+0000] {processor.py:157} INFO - Started process (PID=158) to work on /home/airflow/.local/lib/python3.8/site-packages/airflow/example_dags/example_bash_operator.py
[2024-10-20T02:46:49.924+0000] {processor.py:829} INFO - Processing file /home/airflow/.local/lib/python3.8/site-packages/airflow/example_dags/example_bash_operator.py for tasks to queue
[2024-10-20T02:46:49.926+0000] {logging_mixin.py:154} INFO - [2024-10-20T02:46:49.926+0000] {dagbag.py:536} INFO - Filling up the DagBag from /home/airflow/.local/lib/python3.8/site-packages/airflow/example_dags/example_bash_operator.py
[2024-10-20T02:46:49.939+0000] {processor.py:839} INFO - DAG(s) dict_keys(['example_bash_operator']) retrieved from /home/airflow/.local/lib/python3.8/site-packages/airflow/example_dags/example_bash_operator.py
[2024-10-20T02:46:49.974+0000] {logging_mixin.py:154} INFO - [2024-10-20T02:46:49.974+0000] {dag.py:2941} INFO - Sync 1 DAGs
[2024-10-20T02:46:49.999+0000] {logging_mixin.py:154} INFO - [2024-10-20T02:46:49.999+0000] {dag.py:3722} INFO - Setting next_dagrun for example_bash_operator to 2024-10-19T00:00:00+00:00, run_after=2024-10-20T00:00:00+00:00
[2024-10-20T02:46:50.019+0000] {processor.py:179} INFO - Processing /home/airflow/.local/lib/python3.8/site-packages/airflow/example_dags/example_bash_operator.py took 0.099 seconds
[2024-10-20T02:47:20.812+0000] {processor.py:157} INFO - Started process (PID=214) to work on /home/airflow/.local/lib/python3.8/site-packages/airflow/example_dags/example_bash_operator.py
[2024-10-20T02:47:20.813+0000] {processor.py:829} INFO - Processing file /home/airflow/.local/lib/python3.8/site-packages/airflow/example_dags/example_bash_operator.py for tasks to queue
[2024-10-20T02:47:20.816+0000] {logging_mixin.py:154} INFO - [2024-10-20T02:47:20.815+0000] {dagbag.py:536} INFO - Filling up the DagBag from /home/airflow/.local/lib/python3.8/site-packages/airflow/example_dags/example_bash_operator.py
[2024-10-20T02:47:20.828+0000] {processor.py:839} INFO - DAG(s) dict_keys(['example_bash_operator']) retrieved from /home/airflow/.local/lib/python3.8/site-packages/airflow/example_dags/example_bash_operator.py
[2024-10-20T02:47:20.859+0000] {logging_mixin.py:154} INFO - [2024-10-20T02:47:20.859+0000] {dag.py:2941} INFO - Sync 1 DAGs
[2024-10-20T02:47:20.882+0000] {logging_mixin.py:154} INFO - [2024-10-20T02:47:20.882+0000] {dag.py:3722} INFO - Setting next_dagrun for example_bash_operator to 2024-10-19T00:00:00+00:00, run_after=2024-10-20T00:00:00+00:00
[2024-10-20T02:47:20.913+0000] {processor.py:179} INFO - Processing /home/airflow/.local/lib/python3.8/site-packages/airflow/example_dags/example_bash_operator.py took 0.104 seconds
[2024-10-20T02:47:52.375+0000] {processor.py:157} INFO - Started process (PID=270) to work on /home/airflow/.local/lib/python3.8/site-packages/airflow/example_dags/example_bash_operator.py
[2024-10-20T02:47:52.377+0000] {processor.py:829} INFO - Processing file /home/airflow/.local/lib/python3.8/site-packages/airflow/example_dags/example_bash_operator.py for tasks to queue
[2024-10-20T02:47:52.381+0000] {logging_mixin.py:154} INFO - [2024-10-20T02:47:52.380+0000] {dagbag.py:536} INFO - Filling up the DagBag from /home/airflow/.local/lib/python3.8/site-packages/airflow/example_dags/example_bash_operator.py
[2024-10-20T02:47:52.398+0000] {processor.py:839} INFO - DAG(s) dict_keys(['example_bash_operator']) retrieved from /home/airflow/.local/lib/python3.8/site-packages/airflow/example_dags/example_bash_operator.py
[2024-10-20T02:47:52.445+0000] {logging_mixin.py:154} INFO - [2024-10-20T02:47:52.445+0000] {dag.py:2941} INFO - Sync 1 DAGs
[2024-10-20T02:47:52.478+0000] {logging_mixin.py:154} INFO - [2024-10-20T02:47:52.478+0000] {dag.py:3722} INFO - Setting next_dagrun for example_bash_operator to 2024-10-19T00:00:00+00:00, run_after=2024-10-20T00:00:00+00:00
[2024-10-20T02:47:52.512+0000] {processor.py:179} INFO - Processing /home/airflow/.local/lib/python3.8/site-packages/airflow/example_dags/example_bash_operator.py took 0.140 seconds
[2024-10-20T02:48:22.569+0000] {processor.py:157} INFO - Started process (PID=326) to work on /home/airflow/.local/lib/python3.8/site-packages/airflow/example_dags/example_bash_operator.py
[2024-10-20T02:48:22.570+0000] {processor.py:829} INFO - Processing file /home/airflow/.local/lib/python3.8/site-packages/airflow/example_dags/example_bash_operator.py for tasks to queue
[2024-10-20T02:48:22.571+0000] {logging_mixin.py:154} INFO - [2024-10-20T02:48:22.571+0000] {dagbag.py:536} INFO - Filling up the DagBag from /home/airflow/.local/lib/python3.8/site-packages/airflow/example_dags/example_bash_operator.py
[2024-10-20T02:48:22.582+0000] {processor.py:839} INFO - DAG(s) dict_keys(['example_bash_operator']) retrieved from /home/airflow/.local/lib/python3.8/site-packages/airflow/example_dags/example_bash_operator.py
[2024-10-20T02:48:22.614+0000] {logging_mixin.py:154} INFO - [2024-10-20T02:48:22.614+0000] {dag.py:2941} INFO - Sync 1 DAGs
[2024-10-20T02:48:22.638+0000] {logging_mixin.py:154} INFO - [2024-10-20T02:48:22.638+0000] {dag.py:3722} INFO - Setting next_dagrun for example_bash_operator to 2024-10-19T00:00:00+00:00, run_after=2024-10-20T00:00:00+00:00
[2024-10-20T02:48:22.660+0000] {processor.py:179} INFO - Processing /home/airflow/.local/lib/python3.8/site-packages/airflow/example_dags/example_bash_operator.py took 0.094 seconds
[2024-10-20T02:48:53.766+0000] {processor.py:157} INFO - Started process (PID=382) to work on /home/airflow/.local/lib/python3.8/site-packages/airflow/example_dags/example_bash_operator.py
[2024-10-20T02:48:53.768+0000] {processor.py:829} INFO - Processing file /home/airflow/.local/lib/python3.8/site-packages/airflow/example_dags/example_bash_operator.py for tasks to queue
[2024-10-20T02:48:53.772+0000] {logging_mixin.py:154} INFO - [2024-10-20T02:48:53.772+0000] {dagbag.py:536} INFO - Filling up the DagBag from /home/airflow/.local/lib/python3.8/site-packages/airflow/example_dags/example_bash_operator.py
[2024-10-20T02:48:53.793+0000] {processor.py:839} INFO - DAG(s) dict_keys(['example_bash_operator']) retrieved from /home/airflow/.local/lib/python3.8/site-packages/airflow/example_dags/example_bash_operator.py
[2024-10-20T02:48:53.835+0000] {logging_mixin.py:154} INFO - [2024-10-20T02:48:53.835+0000] {dag.py:2941} INFO - Sync 1 DAGs
[2024-10-20T02:48:53.874+0000] {logging_mixin.py:154} INFO - [2024-10-20T02:48:53.874+0000] {dag.py:3722} INFO - Setting next_dagrun for example_bash_operator to 2024-10-19T00:00:00+00:00, run_after=2024-10-20T00:00:00+00:00
[2024-10-20T02:48:53.904+0000] {processor.py:179} INFO - Processing /home/airflow/.local/lib/python3.8/site-packages/airflow/example_dags/example_bash_operator.py took 0.144 seconds
[2024-10-20T02:49:24.620+0000] {processor.py:157} INFO - Started process (PID=438) to work on /home/airflow/.local/lib/python3.8/site-packages/airflow/example_dags/example_bash_operator.py
[2024-10-20T02:49:24.621+0000] {processor.py:829} INFO - Processing file /home/airflow/.local/lib/python3.8/site-packages/airflow/example_dags/example_bash_operator.py for tasks to queue
[2024-10-20T02:49:24.623+0000] {logging_mixin.py:154} INFO - [2024-10-20T02:49:24.623+0000] {dagbag.py:536} INFO - Filling up the DagBag from /home/airflow/.local/lib/python3.8/site-packages/airflow/example_dags/example_bash_operator.py
[2024-10-20T02:49:24.633+0000] {processor.py:839} INFO - DAG(s) dict_keys(['example_bash_operator']) retrieved from /home/airflow/.local/lib/python3.8/site-packages/airflow/example_dags/example_bash_operator.py
[2024-10-20T02:49:24.662+0000] {logging_mixin.py:154} INFO - [2024-10-20T02:49:24.662+0000] {dag.py:2941} INFO - Sync 1 DAGs
[2024-10-20T02:49:24.687+0000] {logging_mixin.py:154} INFO - [2024-10-20T02:49:24.687+0000] {dag.py:3722} INFO - Setting next_dagrun for example_bash_operator to 2024-10-19T00:00:00+00:00, run_after=2024-10-20T00:00:00+00:00
[2024-10-20T02:49:24.709+0000] {processor.py:179} INFO - Processing /home/airflow/.local/lib/python3.8/site-packages/airflow/example_dags/example_bash_operator.py took 0.092 seconds
[2024-10-20T02:49:55.102+0000] {processor.py:157} INFO - Started process (PID=494) to work on /home/airflow/.local/lib/python3.8/site-packages/airflow/example_dags/example_bash_operator.py
[2024-10-20T02:49:55.103+0000] {processor.py:829} INFO - Processing file /home/airflow/.local/lib/python3.8/site-packages/airflow/example_dags/example_bash_operator.py for tasks to queue
[2024-10-20T02:49:55.105+0000] {logging_mixin.py:154} INFO - [2024-10-20T02:49:55.105+0000] {dagbag.py:536} INFO - Filling up the DagBag from /home/airflow/.local/lib/python3.8/site-packages/airflow/example_dags/example_bash_operator.py
[2024-10-20T02:49:55.117+0000] {processor.py:839} INFO - DAG(s) dict_keys(['example_bash_operator']) retrieved from /home/airflow/.local/lib/python3.8/site-packages/airflow/example_dags/example_bash_operator.py
[2024-10-20T02:49:55.149+0000] {logging_mixin.py:154} INFO - [2024-10-20T02:49:55.149+0000] {dag.py:2941} INFO - Sync 1 DAGs
[2024-10-20T02:49:55.183+0000] {logging_mixin.py:154} INFO - [2024-10-20T02:49:55.183+0000] {dag.py:3722} INFO - Setting next_dagrun for example_bash_operator to 2024-10-19T00:00:00+00:00, run_after=2024-10-20T00:00:00+00:00
[2024-10-20T02:49:55.209+0000] {processor.py:179} INFO - Processing /home/airflow/.local/lib/python3.8/site-packages/airflow/example_dags/example_bash_operator.py took 0.109 seconds
[2024-10-20T02:50:25.772+0000] {processor.py:157} INFO - Started process (PID=550) to work on /home/airflow/.local/lib/python3.8/site-packages/airflow/example_dags/example_bash_operator.py
[2024-10-20T02:50:25.773+0000] {processor.py:829} INFO - Processing file /home/airflow/.local/lib/python3.8/site-packages/airflow/example_dags/example_bash_operator.py for tasks to queue
[2024-10-20T02:50:25.776+0000] {logging_mixin.py:154} INFO - [2024-10-20T02:50:25.776+0000] {dagbag.py:536} INFO - Filling up the DagBag from /home/airflow/.local/lib/python3.8/site-packages/airflow/example_dags/example_bash_operator.py
[2024-10-20T02:50:25.788+0000] {processor.py:839} INFO - DAG(s) dict_keys(['example_bash_operator']) retrieved from /home/airflow/.local/lib/python3.8/site-packages/airflow/example_dags/example_bash_operator.py
[2024-10-20T02:50:25.822+0000] {logging_mixin.py:154} INFO - [2024-10-20T02:50:25.822+0000] {dag.py:2941} INFO - Sync 1 DAGs
[2024-10-20T02:50:25.846+0000] {logging_mixin.py:154} INFO - [2024-10-20T02:50:25.846+0000] {dag.py:3722} INFO - Setting next_dagrun for example_bash_operator to 2024-10-19T00:00:00+00:00, run_after=2024-10-20T00:00:00+00:00
[2024-10-20T02:50:25.871+0000] {processor.py:179} INFO - Processing /home/airflow/.local/lib/python3.8/site-packages/airflow/example_dags/example_bash_operator.py took 0.102 seconds
[2024-10-20T02:50:56.919+0000] {processor.py:157} INFO - Started process (PID=606) to work on /home/airflow/.local/lib/python3.8/site-packages/airflow/example_dags/example_bash_operator.py
[2024-10-20T02:50:56.920+0000] {processor.py:829} INFO - Processing file /home/airflow/.local/lib/python3.8/site-packages/airflow/example_dags/example_bash_operator.py for tasks to queue
[2024-10-20T02:50:56.923+0000] {logging_mixin.py:154} INFO - [2024-10-20T02:50:56.922+0000] {dagbag.py:536} INFO - Filling up the DagBag from /home/airflow/.local/lib/python3.8/site-packages/airflow/example_dags/example_bash_operator.py
[2024-10-20T02:50:56.935+0000] {processor.py:839} INFO - DAG(s) dict_keys(['example_bash_operator']) retrieved from /home/airflow/.local/lib/python3.8/site-packages/airflow/example_dags/example_bash_operator.py
[2024-10-20T02:50:56.967+0000] {logging_mixin.py:154} INFO - [2024-10-20T02:50:56.967+0000] {dag.py:2941} INFO - Sync 1 DAGs
[2024-10-20T02:50:56.993+0000] {logging_mixin.py:154} INFO - [2024-10-20T02:50:56.993+0000] {dag.py:3722} INFO - Setting next_dagrun for example_bash_operator to 2024-10-19T00:00:00+00:00, run_after=2024-10-20T00:00:00+00:00
[2024-10-20T02:50:57.017+0000] {processor.py:179} INFO - Processing /home/airflow/.local/lib/python3.8/site-packages/airflow/example_dags/example_bash_operator.py took 0.101 seconds
[2024-10-20T02:51:27.297+0000] {processor.py:157} INFO - Started process (PID=662) to work on /home/airflow/.local/lib/python3.8/site-packages/airflow/example_dags/example_bash_operator.py
[2024-10-20T02:51:27.299+0000] {processor.py:829} INFO - Processing file /home/airflow/.local/lib/python3.8/site-packages/airflow/example_dags/example_bash_operator.py for tasks to queue
[2024-10-20T02:51:27.301+0000] {logging_mixin.py:154} INFO - [2024-10-20T02:51:27.300+0000] {dagbag.py:536} INFO - Filling up the DagBag from /home/airflow/.local/lib/python3.8/site-packages/airflow/example_dags/example_bash_operator.py
[2024-10-20T02:51:27.319+0000] {processor.py:839} INFO - DAG(s) dict_keys(['example_bash_operator']) retrieved from /home/airflow/.local/lib/python3.8/site-packages/airflow/example_dags/example_bash_operator.py
[2024-10-20T02:51:27.349+0000] {logging_mixin.py:154} INFO - [2024-10-20T02:51:27.348+0000] {dag.py:2941} INFO - Sync 1 DAGs
[2024-10-20T02:51:27.372+0000] {logging_mixin.py:154} INFO - [2024-10-20T02:51:27.372+0000] {dag.py:3722} INFO - Setting next_dagrun for example_bash_operator to 2024-10-19T00:00:00+00:00, run_after=2024-10-20T00:00:00+00:00
[2024-10-20T02:51:27.395+0000] {processor.py:179} INFO - Processing /home/airflow/.local/lib/python3.8/site-packages/airflow/example_dags/example_bash_operator.py took 0.101 seconds
[2024-10-20T02:51:57.433+0000] {processor.py:157} INFO - Started process (PID=716) to work on /home/airflow/.local/lib/python3.8/site-packages/airflow/example_dags/example_bash_operator.py
[2024-10-20T02:51:57.434+0000] {processor.py:829} INFO - Processing file /home/airflow/.local/lib/python3.8/site-packages/airflow/example_dags/example_bash_operator.py for tasks to queue
[2024-10-20T02:51:57.436+0000] {logging_mixin.py:154} INFO - [2024-10-20T02:51:57.436+0000] {dagbag.py:536} INFO - Filling up the DagBag from /home/airflow/.local/lib/python3.8/site-packages/airflow/example_dags/example_bash_operator.py
[2024-10-20T02:51:57.447+0000] {processor.py:839} INFO - DAG(s) dict_keys(['example_bash_operator']) retrieved from /home/airflow/.local/lib/python3.8/site-packages/airflow/example_dags/example_bash_operator.py
[2024-10-20T02:51:57.477+0000] {logging_mixin.py:154} INFO - [2024-10-20T02:51:57.477+0000] {dag.py:2941} INFO - Sync 1 DAGs
[2024-10-20T02:51:57.501+0000] {logging_mixin.py:154} INFO - [2024-10-20T02:51:57.501+0000] {dag.py:3722} INFO - Setting next_dagrun for example_bash_operator to 2024-10-19T00:00:00+00:00, run_after=2024-10-20T00:00:00+00:00
[2024-10-20T02:51:57.523+0000] {processor.py:179} INFO - Processing /home/airflow/.local/lib/python3.8/site-packages/airflow/example_dags/example_bash_operator.py took 0.093 seconds
[2024-10-20T02:52:27.618+0000] {processor.py:157} INFO - Started process (PID=772) to work on /home/airflow/.local/lib/python3.8/site-packages/airflow/example_dags/example_bash_operator.py
[2024-10-20T02:52:27.619+0000] {processor.py:829} INFO - Processing file /home/airflow/.local/lib/python3.8/site-packages/airflow/example_dags/example_bash_operator.py for tasks to queue
[2024-10-20T02:52:27.622+0000] {logging_mixin.py:154} INFO - [2024-10-20T02:52:27.622+0000] {dagbag.py:536} INFO - Filling up the DagBag from /home/airflow/.local/lib/python3.8/site-packages/airflow/example_dags/example_bash_operator.py
[2024-10-20T02:52:27.632+0000] {processor.py:839} INFO - DAG(s) dict_keys(['example_bash_operator']) retrieved from /home/airflow/.local/lib/python3.8/site-packages/airflow/example_dags/example_bash_operator.py
[2024-10-20T02:52:27.661+0000] {logging_mixin.py:154} INFO - [2024-10-20T02:52:27.660+0000] {dag.py:2941} INFO - Sync 1 DAGs
[2024-10-20T02:52:27.687+0000] {logging_mixin.py:154} INFO - [2024-10-20T02:52:27.687+0000] {dag.py:3722} INFO - Setting next_dagrun for example_bash_operator to 2024-10-19T00:00:00+00:00, run_after=2024-10-20T00:00:00+00:00
[2024-10-20T02:52:27.708+0000] {processor.py:179} INFO - Processing /home/airflow/.local/lib/python3.8/site-packages/airflow/example_dags/example_bash_operator.py took 0.093 seconds
[2024-10-20T02:52:57.837+0000] {processor.py:157} INFO - Started process (PID=830) to work on /home/airflow/.local/lib/python3.8/site-packages/airflow/example_dags/example_bash_operator.py
[2024-10-20T02:52:57.838+0000] {processor.py:829} INFO - Processing file /home/airflow/.local/lib/python3.8/site-packages/airflow/example_dags/example_bash_operator.py for tasks to queue
[2024-10-20T02:52:57.841+0000] {logging_mixin.py:154} INFO - [2024-10-20T02:52:57.840+0000] {dagbag.py:536} INFO - Filling up the DagBag from /home/airflow/.local/lib/python3.8/site-packages/airflow/example_dags/example_bash_operator.py
[2024-10-20T02:52:57.855+0000] {processor.py:839} INFO - DAG(s) dict_keys(['example_bash_operator']) retrieved from /home/airflow/.local/lib/python3.8/site-packages/airflow/example_dags/example_bash_operator.py
[2024-10-20T02:52:57.896+0000] {logging_mixin.py:154} INFO - [2024-10-20T02:52:57.896+0000] {dag.py:2941} INFO - Sync 1 DAGs
[2024-10-20T02:52:57.932+0000] {logging_mixin.py:154} INFO - [2024-10-20T02:52:57.931+0000] {dag.py:3722} INFO - Setting next_dagrun for example_bash_operator to 2024-10-19T00:00:00+00:00, run_after=2024-10-20T00:00:00+00:00
[2024-10-20T02:52:57.964+0000] {processor.py:179} INFO - Processing /home/airflow/.local/lib/python3.8/site-packages/airflow/example_dags/example_bash_operator.py took 0.132 seconds
[2024-10-20T02:53:28.861+0000] {processor.py:157} INFO - Started process (PID=888) to work on /home/airflow/.local/lib/python3.8/site-packages/airflow/example_dags/example_bash_operator.py
[2024-10-20T02:53:28.862+0000] {processor.py:829} INFO - Processing file /home/airflow/.local/lib/python3.8/site-packages/airflow/example_dags/example_bash_operator.py for tasks to queue
[2024-10-20T02:53:28.864+0000] {logging_mixin.py:154} INFO - [2024-10-20T02:53:28.864+0000] {dagbag.py:536} INFO - Filling up the DagBag from /home/airflow/.local/lib/python3.8/site-packages/airflow/example_dags/example_bash_operator.py
[2024-10-20T02:53:28.876+0000] {processor.py:839} INFO - DAG(s) dict_keys(['example_bash_operator']) retrieved from /home/airflow/.local/lib/python3.8/site-packages/airflow/example_dags/example_bash_operator.py
[2024-10-20T02:53:28.909+0000] {logging_mixin.py:154} INFO - [2024-10-20T02:53:28.909+0000] {dag.py:2941} INFO - Sync 1 DAGs
[2024-10-20T02:53:28.936+0000] {logging_mixin.py:154} INFO - [2024-10-20T02:53:28.936+0000] {dag.py:3722} INFO - Setting next_dagrun for example_bash_operator to 2024-10-19T00:00:00+00:00, run_after=2024-10-20T00:00:00+00:00
[2024-10-20T02:53:28.958+0000] {processor.py:179} INFO - Processing /home/airflow/.local/lib/python3.8/site-packages/airflow/example_dags/example_bash_operator.py took 0.100 seconds
[2024-10-20T02:53:59.688+0000] {processor.py:157} INFO - Started process (PID=944) to work on /home/airflow/.local/lib/python3.8/site-packages/airflow/example_dags/example_bash_operator.py
[2024-10-20T02:53:59.690+0000] {processor.py:829} INFO - Processing file /home/airflow/.local/lib/python3.8/site-packages/airflow/example_dags/example_bash_operator.py for tasks to queue
[2024-10-20T02:53:59.692+0000] {logging_mixin.py:154} INFO - [2024-10-20T02:53:59.692+0000] {dagbag.py:536} INFO - Filling up the DagBag from /home/airflow/.local/lib/python3.8/site-packages/airflow/example_dags/example_bash_operator.py
[2024-10-20T02:53:59.707+0000] {processor.py:839} INFO - DAG(s) dict_keys(['example_bash_operator']) retrieved from /home/airflow/.local/lib/python3.8/site-packages/airflow/example_dags/example_bash_operator.py
[2024-10-20T02:53:59.740+0000] {logging_mixin.py:154} INFO - [2024-10-20T02:53:59.740+0000] {dag.py:2941} INFO - Sync 1 DAGs
[2024-10-20T02:53:59.768+0000] {logging_mixin.py:154} INFO - [2024-10-20T02:53:59.768+0000] {dag.py:3722} INFO - Setting next_dagrun for example_bash_operator to 2024-10-19T00:00:00+00:00, run_after=2024-10-20T00:00:00+00:00
[2024-10-20T02:53:59.794+0000] {processor.py:179} INFO - Processing /home/airflow/.local/lib/python3.8/site-packages/airflow/example_dags/example_bash_operator.py took 0.109 seconds
[2024-10-20T02:54:30.315+0000] {processor.py:157} INFO - Started process (PID=1000) to work on /home/airflow/.local/lib/python3.8/site-packages/airflow/example_dags/example_bash_operator.py
[2024-10-20T02:54:30.316+0000] {processor.py:829} INFO - Processing file /home/airflow/.local/lib/python3.8/site-packages/airflow/example_dags/example_bash_operator.py for tasks to queue
[2024-10-20T02:54:30.318+0000] {logging_mixin.py:154} INFO - [2024-10-20T02:54:30.318+0000] {dagbag.py:536} INFO - Filling up the DagBag from /home/airflow/.local/lib/python3.8/site-packages/airflow/example_dags/example_bash_operator.py
[2024-10-20T02:54:30.329+0000] {processor.py:839} INFO - DAG(s) dict_keys(['example_bash_operator']) retrieved from /home/airflow/.local/lib/python3.8/site-packages/airflow/example_dags/example_bash_operator.py
[2024-10-20T02:54:30.362+0000] {logging_mixin.py:154} INFO - [2024-10-20T02:54:30.362+0000] {dag.py:2941} INFO - Sync 1 DAGs
[2024-10-20T02:54:30.512+0000] {logging_mixin.py:154} INFO - [2024-10-20T02:54:30.511+0000] {dag.py:3722} INFO - Setting next_dagrun for example_bash_operator to 2024-10-19T00:00:00+00:00, run_after=2024-10-20T00:00:00+00:00
[2024-10-20T02:54:30.531+0000] {processor.py:179} INFO - Processing /home/airflow/.local/lib/python3.8/site-packages/airflow/example_dags/example_bash_operator.py took 0.220 seconds
[2024-10-20T02:55:00.663+0000] {processor.py:157} INFO - Started process (PID=1056) to work on /home/airflow/.local/lib/python3.8/site-packages/airflow/example_dags/example_bash_operator.py
[2024-10-20T02:55:00.665+0000] {processor.py:829} INFO - Processing file /home/airflow/.local/lib/python3.8/site-packages/airflow/example_dags/example_bash_operator.py for tasks to queue
[2024-10-20T02:55:00.669+0000] {logging_mixin.py:154} INFO - [2024-10-20T02:55:00.668+0000] {dagbag.py:536} INFO - Filling up the DagBag from /home/airflow/.local/lib/python3.8/site-packages/airflow/example_dags/example_bash_operator.py
[2024-10-20T02:55:00.691+0000] {processor.py:839} INFO - DAG(s) dict_keys(['example_bash_operator']) retrieved from /home/airflow/.local/lib/python3.8/site-packages/airflow/example_dags/example_bash_operator.py
[2024-10-20T02:55:00.753+0000] {logging_mixin.py:154} INFO - [2024-10-20T02:55:00.752+0000] {dag.py:2941} INFO - Sync 1 DAGs
[2024-10-20T02:55:00.802+0000] {logging_mixin.py:154} INFO - [2024-10-20T02:55:00.801+0000] {dag.py:3722} INFO - Setting next_dagrun for example_bash_operator to 2024-10-19T00:00:00+00:00, run_after=2024-10-20T00:00:00+00:00
[2024-10-20T02:55:00.831+0000] {processor.py:179} INFO - Processing /home/airflow/.local/lib/python3.8/site-packages/airflow/example_dags/example_bash_operator.py took 0.173 seconds
[2024-10-20T02:55:31.404+0000] {processor.py:157} INFO - Started process (PID=1114) to work on /home/airflow/.local/lib/python3.8/site-packages/airflow/example_dags/example_bash_operator.py
[2024-10-20T02:55:31.405+0000] {processor.py:829} INFO - Processing file /home/airflow/.local/lib/python3.8/site-packages/airflow/example_dags/example_bash_operator.py for tasks to queue
[2024-10-20T02:55:31.408+0000] {logging_mixin.py:154} INFO - [2024-10-20T02:55:31.408+0000] {dagbag.py:536} INFO - Filling up the DagBag from /home/airflow/.local/lib/python3.8/site-packages/airflow/example_dags/example_bash_operator.py
[2024-10-20T02:55:31.422+0000] {processor.py:839} INFO - DAG(s) dict_keys(['example_bash_operator']) retrieved from /home/airflow/.local/lib/python3.8/site-packages/airflow/example_dags/example_bash_operator.py
[2024-10-20T02:55:31.459+0000] {logging_mixin.py:154} INFO - [2024-10-20T02:55:31.459+0000] {dag.py:2941} INFO - Sync 1 DAGs
[2024-10-20T02:55:31.488+0000] {logging_mixin.py:154} INFO - [2024-10-20T02:55:31.488+0000] {dag.py:3722} INFO - Setting next_dagrun for example_bash_operator to 2024-10-19T00:00:00+00:00, run_after=2024-10-20T00:00:00+00:00
[2024-10-20T02:55:31.517+0000] {processor.py:179} INFO - Processing /home/airflow/.local/lib/python3.8/site-packages/airflow/example_dags/example_bash_operator.py took 0.116 seconds
[2024-10-20T02:56:02.211+0000] {processor.py:157} INFO - Started process (PID=1174) to work on /home/airflow/.local/lib/python3.8/site-packages/airflow/example_dags/example_bash_operator.py
[2024-10-20T02:56:02.212+0000] {processor.py:829} INFO - Processing file /home/airflow/.local/lib/python3.8/site-packages/airflow/example_dags/example_bash_operator.py for tasks to queue
[2024-10-20T02:56:02.216+0000] {logging_mixin.py:154} INFO - [2024-10-20T02:56:02.215+0000] {dagbag.py:536} INFO - Filling up the DagBag from /home/airflow/.local/lib/python3.8/site-packages/airflow/example_dags/example_bash_operator.py
[2024-10-20T02:56:02.232+0000] {processor.py:839} INFO - DAG(s) dict_keys(['example_bash_operator']) retrieved from /home/airflow/.local/lib/python3.8/site-packages/airflow/example_dags/example_bash_operator.py
[2024-10-20T02:56:02.271+0000] {logging_mixin.py:154} INFO - [2024-10-20T02:56:02.271+0000] {dag.py:2941} INFO - Sync 1 DAGs
[2024-10-20T02:56:02.305+0000] {logging_mixin.py:154} INFO - [2024-10-20T02:56:02.305+0000] {dag.py:3722} INFO - Setting next_dagrun for example_bash_operator to 2024-10-19T00:00:00+00:00, run_after=2024-10-20T00:00:00+00:00
[2024-10-20T02:56:02.335+0000] {processor.py:179} INFO - Processing /home/airflow/.local/lib/python3.8/site-packages/airflow/example_dags/example_bash_operator.py took 0.128 seconds
[2024-10-20T02:56:33.052+0000] {processor.py:157} INFO - Started process (PID=1230) to work on /home/airflow/.local/lib/python3.8/site-packages/airflow/example_dags/example_bash_operator.py
[2024-10-20T02:56:33.053+0000] {processor.py:829} INFO - Processing file /home/airflow/.local/lib/python3.8/site-packages/airflow/example_dags/example_bash_operator.py for tasks to queue
[2024-10-20T02:56:33.056+0000] {logging_mixin.py:154} INFO - [2024-10-20T02:56:33.055+0000] {dagbag.py:536} INFO - Filling up the DagBag from /home/airflow/.local/lib/python3.8/site-packages/airflow/example_dags/example_bash_operator.py
[2024-10-20T02:56:33.068+0000] {processor.py:839} INFO - DAG(s) dict_keys(['example_bash_operator']) retrieved from /home/airflow/.local/lib/python3.8/site-packages/airflow/example_dags/example_bash_operator.py
[2024-10-20T02:56:33.108+0000] {logging_mixin.py:154} INFO - [2024-10-20T02:56:33.108+0000] {dag.py:2941} INFO - Sync 1 DAGs
[2024-10-20T02:56:33.325+0000] {logging_mixin.py:154} INFO - [2024-10-20T02:56:33.324+0000] {dag.py:3722} INFO - Setting next_dagrun for example_bash_operator to 2024-10-19T00:00:00+00:00, run_after=2024-10-20T00:00:00+00:00
[2024-10-20T02:56:33.376+0000] {processor.py:179} INFO - Processing /home/airflow/.local/lib/python3.8/site-packages/airflow/example_dags/example_bash_operator.py took 0.327 seconds
[2024-10-20T02:57:03.631+0000] {processor.py:157} INFO - Started process (PID=1286) to work on /home/airflow/.local/lib/python3.8/site-packages/airflow/example_dags/example_bash_operator.py
[2024-10-20T02:57:03.633+0000] {processor.py:829} INFO - Processing file /home/airflow/.local/lib/python3.8/site-packages/airflow/example_dags/example_bash_operator.py for tasks to queue
[2024-10-20T02:57:03.635+0000] {logging_mixin.py:154} INFO - [2024-10-20T02:57:03.635+0000] {dagbag.py:536} INFO - Filling up the DagBag from /home/airflow/.local/lib/python3.8/site-packages/airflow/example_dags/example_bash_operator.py
[2024-10-20T02:57:03.651+0000] {processor.py:839} INFO - DAG(s) dict_keys(['example_bash_operator']) retrieved from /home/airflow/.local/lib/python3.8/site-packages/airflow/example_dags/example_bash_operator.py
[2024-10-20T02:57:03.688+0000] {logging_mixin.py:154} INFO - [2024-10-20T02:57:03.688+0000] {dag.py:2941} INFO - Sync 1 DAGs
[2024-10-20T02:57:03.871+0000] {logging_mixin.py:154} INFO - [2024-10-20T02:57:03.871+0000] {dag.py:3722} INFO - Setting next_dagrun for example_bash_operator to 2024-10-19T00:00:00+00:00, run_after=2024-10-20T00:00:00+00:00
[2024-10-20T02:57:03.892+0000] {processor.py:179} INFO - Processing /home/airflow/.local/lib/python3.8/site-packages/airflow/example_dags/example_bash_operator.py took 0.264 seconds
[2024-10-20T02:57:34.477+0000] {processor.py:157} INFO - Started process (PID=1344) to work on /home/airflow/.local/lib/python3.8/site-packages/airflow/example_dags/example_bash_operator.py
[2024-10-20T02:57:34.478+0000] {processor.py:829} INFO - Processing file /home/airflow/.local/lib/python3.8/site-packages/airflow/example_dags/example_bash_operator.py for tasks to queue
[2024-10-20T02:57:34.480+0000] {logging_mixin.py:154} INFO - [2024-10-20T02:57:34.480+0000] {dagbag.py:536} INFO - Filling up the DagBag from /home/airflow/.local/lib/python3.8/site-packages/airflow/example_dags/example_bash_operator.py
[2024-10-20T02:57:34.491+0000] {processor.py:839} INFO - DAG(s) dict_keys(['example_bash_operator']) retrieved from /home/airflow/.local/lib/python3.8/site-packages/airflow/example_dags/example_bash_operator.py
[2024-10-20T02:57:34.521+0000] {logging_mixin.py:154} INFO - [2024-10-20T02:57:34.521+0000] {dag.py:2941} INFO - Sync 1 DAGs
[2024-10-20T02:57:34.549+0000] {logging_mixin.py:154} INFO - [2024-10-20T02:57:34.548+0000] {dag.py:3722} INFO - Setting next_dagrun for example_bash_operator to 2024-10-19T00:00:00+00:00, run_after=2024-10-20T00:00:00+00:00
[2024-10-20T02:57:34.579+0000] {processor.py:179} INFO - Processing /home/airflow/.local/lib/python3.8/site-packages/airflow/example_dags/example_bash_operator.py took 0.105 seconds
[2024-10-20T02:58:05.873+0000] {processor.py:157} INFO - Started process (PID=1400) to work on /home/airflow/.local/lib/python3.8/site-packages/airflow/example_dags/example_bash_operator.py
[2024-10-20T02:58:05.874+0000] {processor.py:829} INFO - Processing file /home/airflow/.local/lib/python3.8/site-packages/airflow/example_dags/example_bash_operator.py for tasks to queue
[2024-10-20T02:58:05.877+0000] {logging_mixin.py:154} INFO - [2024-10-20T02:58:05.877+0000] {dagbag.py:536} INFO - Filling up the DagBag from /home/airflow/.local/lib/python3.8/site-packages/airflow/example_dags/example_bash_operator.py
[2024-10-20T02:58:06.094+0000] {processor.py:839} INFO - DAG(s) dict_keys(['example_bash_operator']) retrieved from /home/airflow/.local/lib/python3.8/site-packages/airflow/example_dags/example_bash_operator.py
[2024-10-20T02:58:06.130+0000] {logging_mixin.py:154} INFO - [2024-10-20T02:58:06.130+0000] {dag.py:2941} INFO - Sync 1 DAGs
[2024-10-20T02:58:06.157+0000] {logging_mixin.py:154} INFO - [2024-10-20T02:58:06.157+0000] {dag.py:3722} INFO - Setting next_dagrun for example_bash_operator to 2024-10-19T00:00:00+00:00, run_after=2024-10-20T00:00:00+00:00
[2024-10-20T02:58:06.185+0000] {processor.py:179} INFO - Processing /home/airflow/.local/lib/python3.8/site-packages/airflow/example_dags/example_bash_operator.py took 0.316 seconds
[2024-10-20T02:58:36.515+0000] {processor.py:157} INFO - Started process (PID=1456) to work on /home/airflow/.local/lib/python3.8/site-packages/airflow/example_dags/example_bash_operator.py
[2024-10-20T02:58:36.516+0000] {processor.py:829} INFO - Processing file /home/airflow/.local/lib/python3.8/site-packages/airflow/example_dags/example_bash_operator.py for tasks to queue
[2024-10-20T02:58:36.518+0000] {logging_mixin.py:154} INFO - [2024-10-20T02:58:36.518+0000] {dagbag.py:536} INFO - Filling up the DagBag from /home/airflow/.local/lib/python3.8/site-packages/airflow/example_dags/example_bash_operator.py
[2024-10-20T02:58:36.529+0000] {processor.py:839} INFO - DAG(s) dict_keys(['example_bash_operator']) retrieved from /home/airflow/.local/lib/python3.8/site-packages/airflow/example_dags/example_bash_operator.py
[2024-10-20T02:58:36.562+0000] {logging_mixin.py:154} INFO - [2024-10-20T02:58:36.562+0000] {dag.py:2941} INFO - Sync 1 DAGs
[2024-10-20T02:58:36.589+0000] {logging_mixin.py:154} INFO - [2024-10-20T02:58:36.588+0000] {dag.py:3722} INFO - Setting next_dagrun for example_bash_operator to 2024-10-19T00:00:00+00:00, run_after=2024-10-20T00:00:00+00:00
[2024-10-20T02:58:36.613+0000] {processor.py:179} INFO - Processing /home/airflow/.local/lib/python3.8/site-packages/airflow/example_dags/example_bash_operator.py took 0.101 seconds
[2024-10-20T02:59:54.789+0000] {processor.py:157} INFO - Started process (PID=107) to work on /home/airflow/.local/lib/python3.8/site-packages/airflow/example_dags/example_bash_operator.py
[2024-10-20T02:59:54.797+0000] {processor.py:829} INFO - Processing file /home/airflow/.local/lib/python3.8/site-packages/airflow/example_dags/example_bash_operator.py for tasks to queue
[2024-10-20T02:59:54.810+0000] {logging_mixin.py:154} INFO - [2024-10-20T02:59:54.809+0000] {dagbag.py:536} INFO - Filling up the DagBag from /home/airflow/.local/lib/python3.8/site-packages/airflow/example_dags/example_bash_operator.py
[2024-10-20T02:59:54.882+0000] {processor.py:839} INFO - DAG(s) dict_keys(['example_bash_operator']) retrieved from /home/airflow/.local/lib/python3.8/site-packages/airflow/example_dags/example_bash_operator.py
[2024-10-20T02:59:54.961+0000] {logging_mixin.py:154} INFO - [2024-10-20T02:59:54.961+0000] {dag.py:2941} INFO - Sync 1 DAGs
[2024-10-20T02:59:55.034+0000] {logging_mixin.py:154} INFO - [2024-10-20T02:59:55.034+0000] {dag.py:3722} INFO - Setting next_dagrun for example_bash_operator to 2024-10-19T00:00:00+00:00, run_after=2024-10-20T00:00:00+00:00
[2024-10-20T02:59:55.086+0000] {processor.py:179} INFO - Processing /home/airflow/.local/lib/python3.8/site-packages/airflow/example_dags/example_bash_operator.py took 0.329 seconds
[2024-10-20T03:00:26.403+0000] {processor.py:157} INFO - Started process (PID=163) to work on /home/airflow/.local/lib/python3.8/site-packages/airflow/example_dags/example_bash_operator.py
[2024-10-20T03:00:26.405+0000] {processor.py:829} INFO - Processing file /home/airflow/.local/lib/python3.8/site-packages/airflow/example_dags/example_bash_operator.py for tasks to queue
[2024-10-20T03:00:26.409+0000] {logging_mixin.py:154} INFO - [2024-10-20T03:00:26.409+0000] {dagbag.py:536} INFO - Filling up the DagBag from /home/airflow/.local/lib/python3.8/site-packages/airflow/example_dags/example_bash_operator.py
[2024-10-20T03:00:26.424+0000] {processor.py:839} INFO - DAG(s) dict_keys(['example_bash_operator']) retrieved from /home/airflow/.local/lib/python3.8/site-packages/airflow/example_dags/example_bash_operator.py
[2024-10-20T03:00:26.461+0000] {logging_mixin.py:154} INFO - [2024-10-20T03:00:26.461+0000] {dag.py:2941} INFO - Sync 1 DAGs
[2024-10-20T03:00:26.490+0000] {logging_mixin.py:154} INFO - [2024-10-20T03:00:26.489+0000] {dag.py:3722} INFO - Setting next_dagrun for example_bash_operator to 2024-10-19T00:00:00+00:00, run_after=2024-10-20T00:00:00+00:00
[2024-10-20T03:00:26.618+0000] {processor.py:179} INFO - Processing /home/airflow/.local/lib/python3.8/site-packages/airflow/example_dags/example_bash_operator.py took 0.221 seconds
[2024-10-20T03:00:57.117+0000] {processor.py:157} INFO - Started process (PID=219) to work on /home/airflow/.local/lib/python3.8/site-packages/airflow/example_dags/example_bash_operator.py
[2024-10-20T03:00:57.118+0000] {processor.py:829} INFO - Processing file /home/airflow/.local/lib/python3.8/site-packages/airflow/example_dags/example_bash_operator.py for tasks to queue
[2024-10-20T03:00:57.121+0000] {logging_mixin.py:154} INFO - [2024-10-20T03:00:57.120+0000] {dagbag.py:536} INFO - Filling up the DagBag from /home/airflow/.local/lib/python3.8/site-packages/airflow/example_dags/example_bash_operator.py
[2024-10-20T03:00:57.133+0000] {processor.py:839} INFO - DAG(s) dict_keys(['example_bash_operator']) retrieved from /home/airflow/.local/lib/python3.8/site-packages/airflow/example_dags/example_bash_operator.py
[2024-10-20T03:00:57.168+0000] {logging_mixin.py:154} INFO - [2024-10-20T03:00:57.167+0000] {dag.py:2941} INFO - Sync 1 DAGs
[2024-10-20T03:00:57.197+0000] {logging_mixin.py:154} INFO - [2024-10-20T03:00:57.197+0000] {dag.py:3722} INFO - Setting next_dagrun for example_bash_operator to 2024-10-19T00:00:00+00:00, run_after=2024-10-20T00:00:00+00:00
[2024-10-20T03:00:57.226+0000] {processor.py:179} INFO - Processing /home/airflow/.local/lib/python3.8/site-packages/airflow/example_dags/example_bash_operator.py took 0.112 seconds
[2024-10-20T03:01:28.060+0000] {processor.py:157} INFO - Started process (PID=275) to work on /home/airflow/.local/lib/python3.8/site-packages/airflow/example_dags/example_bash_operator.py
[2024-10-20T03:01:28.062+0000] {processor.py:829} INFO - Processing file /home/airflow/.local/lib/python3.8/site-packages/airflow/example_dags/example_bash_operator.py for tasks to queue
[2024-10-20T03:01:28.064+0000] {logging_mixin.py:154} INFO - [2024-10-20T03:01:28.063+0000] {dagbag.py:536} INFO - Filling up the DagBag from /home/airflow/.local/lib/python3.8/site-packages/airflow/example_dags/example_bash_operator.py
[2024-10-20T03:01:28.075+0000] {processor.py:839} INFO - DAG(s) dict_keys(['example_bash_operator']) retrieved from /home/airflow/.local/lib/python3.8/site-packages/airflow/example_dags/example_bash_operator.py
[2024-10-20T03:01:28.108+0000] {logging_mixin.py:154} INFO - [2024-10-20T03:01:28.108+0000] {dag.py:2941} INFO - Sync 1 DAGs
[2024-10-20T03:01:28.137+0000] {logging_mixin.py:154} INFO - [2024-10-20T03:01:28.137+0000] {dag.py:3722} INFO - Setting next_dagrun for example_bash_operator to 2024-10-19T00:00:00+00:00, run_after=2024-10-20T00:00:00+00:00
[2024-10-20T03:01:28.167+0000] {processor.py:179} INFO - Processing /home/airflow/.local/lib/python3.8/site-packages/airflow/example_dags/example_bash_operator.py took 0.110 seconds
[2024-10-20T03:01:58.454+0000] {processor.py:157} INFO - Started process (PID=331) to work on /home/airflow/.local/lib/python3.8/site-packages/airflow/example_dags/example_bash_operator.py
[2024-10-20T03:01:58.456+0000] {processor.py:829} INFO - Processing file /home/airflow/.local/lib/python3.8/site-packages/airflow/example_dags/example_bash_operator.py for tasks to queue
[2024-10-20T03:01:58.459+0000] {logging_mixin.py:154} INFO - [2024-10-20T03:01:58.458+0000] {dagbag.py:536} INFO - Filling up the DagBag from /home/airflow/.local/lib/python3.8/site-packages/airflow/example_dags/example_bash_operator.py
[2024-10-20T03:01:58.476+0000] {processor.py:839} INFO - DAG(s) dict_keys(['example_bash_operator']) retrieved from /home/airflow/.local/lib/python3.8/site-packages/airflow/example_dags/example_bash_operator.py
[2024-10-20T03:01:58.519+0000] {logging_mixin.py:154} INFO - [2024-10-20T03:01:58.518+0000] {dag.py:2941} INFO - Sync 1 DAGs
[2024-10-20T03:01:58.551+0000] {logging_mixin.py:154} INFO - [2024-10-20T03:01:58.551+0000] {dag.py:3722} INFO - Setting next_dagrun for example_bash_operator to 2024-10-19T00:00:00+00:00, run_after=2024-10-20T00:00:00+00:00
[2024-10-20T03:01:58.590+0000] {processor.py:179} INFO - Processing /home/airflow/.local/lib/python3.8/site-packages/airflow/example_dags/example_bash_operator.py took 0.140 seconds
[2024-10-20T03:02:28.984+0000] {processor.py:157} INFO - Started process (PID=391) to work on /home/airflow/.local/lib/python3.8/site-packages/airflow/example_dags/example_bash_operator.py
[2024-10-20T03:02:28.985+0000] {processor.py:829} INFO - Processing file /home/airflow/.local/lib/python3.8/site-packages/airflow/example_dags/example_bash_operator.py for tasks to queue
[2024-10-20T03:02:28.989+0000] {logging_mixin.py:154} INFO - [2024-10-20T03:02:28.989+0000] {dagbag.py:536} INFO - Filling up the DagBag from /home/airflow/.local/lib/python3.8/site-packages/airflow/example_dags/example_bash_operator.py
[2024-10-20T03:02:29.005+0000] {processor.py:839} INFO - DAG(s) dict_keys(['example_bash_operator']) retrieved from /home/airflow/.local/lib/python3.8/site-packages/airflow/example_dags/example_bash_operator.py
[2024-10-20T03:02:29.045+0000] {logging_mixin.py:154} INFO - [2024-10-20T03:02:29.045+0000] {dag.py:2941} INFO - Sync 1 DAGs
[2024-10-20T03:02:29.076+0000] {logging_mixin.py:154} INFO - [2024-10-20T03:02:29.076+0000] {dag.py:3722} INFO - Setting next_dagrun for example_bash_operator to 2024-10-19T00:00:00+00:00, run_after=2024-10-20T00:00:00+00:00
[2024-10-20T03:02:29.112+0000] {processor.py:179} INFO - Processing /home/airflow/.local/lib/python3.8/site-packages/airflow/example_dags/example_bash_operator.py took 0.131 seconds
[2024-10-20T03:02:59.689+0000] {processor.py:157} INFO - Started process (PID=447) to work on /home/airflow/.local/lib/python3.8/site-packages/airflow/example_dags/example_bash_operator.py
[2024-10-20T03:02:59.690+0000] {processor.py:829} INFO - Processing file /home/airflow/.local/lib/python3.8/site-packages/airflow/example_dags/example_bash_operator.py for tasks to queue
[2024-10-20T03:02:59.693+0000] {logging_mixin.py:154} INFO - [2024-10-20T03:02:59.693+0000] {dagbag.py:536} INFO - Filling up the DagBag from /home/airflow/.local/lib/python3.8/site-packages/airflow/example_dags/example_bash_operator.py
[2024-10-20T03:02:59.704+0000] {processor.py:839} INFO - DAG(s) dict_keys(['example_bash_operator']) retrieved from /home/airflow/.local/lib/python3.8/site-packages/airflow/example_dags/example_bash_operator.py
[2024-10-20T03:02:59.744+0000] {logging_mixin.py:154} INFO - [2024-10-20T03:02:59.743+0000] {dag.py:2941} INFO - Sync 1 DAGs
[2024-10-20T03:02:59.788+0000] {logging_mixin.py:154} INFO - [2024-10-20T03:02:59.787+0000] {dag.py:3722} INFO - Setting next_dagrun for example_bash_operator to 2024-10-19T00:00:00+00:00, run_after=2024-10-20T00:00:00+00:00
[2024-10-20T03:02:59.814+0000] {processor.py:179} INFO - Processing /home/airflow/.local/lib/python3.8/site-packages/airflow/example_dags/example_bash_operator.py took 0.128 seconds
[2024-10-20T03:03:30.394+0000] {processor.py:157} INFO - Started process (PID=503) to work on /home/airflow/.local/lib/python3.8/site-packages/airflow/example_dags/example_bash_operator.py
[2024-10-20T03:03:30.395+0000] {processor.py:829} INFO - Processing file /home/airflow/.local/lib/python3.8/site-packages/airflow/example_dags/example_bash_operator.py for tasks to queue
[2024-10-20T03:03:30.397+0000] {logging_mixin.py:154} INFO - [2024-10-20T03:03:30.397+0000] {dagbag.py:536} INFO - Filling up the DagBag from /home/airflow/.local/lib/python3.8/site-packages/airflow/example_dags/example_bash_operator.py
[2024-10-20T03:03:30.410+0000] {processor.py:839} INFO - DAG(s) dict_keys(['example_bash_operator']) retrieved from /home/airflow/.local/lib/python3.8/site-packages/airflow/example_dags/example_bash_operator.py
[2024-10-20T03:03:30.444+0000] {logging_mixin.py:154} INFO - [2024-10-20T03:03:30.444+0000] {dag.py:2941} INFO - Sync 1 DAGs
[2024-10-20T03:03:30.469+0000] {logging_mixin.py:154} INFO - [2024-10-20T03:03:30.469+0000] {dag.py:3722} INFO - Setting next_dagrun for example_bash_operator to 2024-10-19T00:00:00+00:00, run_after=2024-10-20T00:00:00+00:00
[2024-10-20T03:03:30.497+0000] {processor.py:179} INFO - Processing /home/airflow/.local/lib/python3.8/site-packages/airflow/example_dags/example_bash_operator.py took 0.107 seconds
[2024-10-20T03:04:00.736+0000] {processor.py:157} INFO - Started process (PID=559) to work on /home/airflow/.local/lib/python3.8/site-packages/airflow/example_dags/example_bash_operator.py
[2024-10-20T03:04:00.737+0000] {processor.py:829} INFO - Processing file /home/airflow/.local/lib/python3.8/site-packages/airflow/example_dags/example_bash_operator.py for tasks to queue
[2024-10-20T03:04:00.740+0000] {logging_mixin.py:154} INFO - [2024-10-20T03:04:00.740+0000] {dagbag.py:536} INFO - Filling up the DagBag from /home/airflow/.local/lib/python3.8/site-packages/airflow/example_dags/example_bash_operator.py
[2024-10-20T03:04:00.751+0000] {processor.py:839} INFO - DAG(s) dict_keys(['example_bash_operator']) retrieved from /home/airflow/.local/lib/python3.8/site-packages/airflow/example_dags/example_bash_operator.py
[2024-10-20T03:04:00.785+0000] {logging_mixin.py:154} INFO - [2024-10-20T03:04:00.784+0000] {dag.py:2941} INFO - Sync 1 DAGs
[2024-10-20T03:04:00.811+0000] {logging_mixin.py:154} INFO - [2024-10-20T03:04:00.811+0000] {dag.py:3722} INFO - Setting next_dagrun for example_bash_operator to 2024-10-19T00:00:00+00:00, run_after=2024-10-20T00:00:00+00:00
[2024-10-20T03:04:00.834+0000] {processor.py:179} INFO - Processing /home/airflow/.local/lib/python3.8/site-packages/airflow/example_dags/example_bash_operator.py took 0.100 seconds
[2024-10-20T03:04:31.277+0000] {processor.py:157} INFO - Started process (PID=615) to work on /home/airflow/.local/lib/python3.8/site-packages/airflow/example_dags/example_bash_operator.py
[2024-10-20T03:04:31.278+0000] {processor.py:829} INFO - Processing file /home/airflow/.local/lib/python3.8/site-packages/airflow/example_dags/example_bash_operator.py for tasks to queue
[2024-10-20T03:04:31.281+0000] {logging_mixin.py:154} INFO - [2024-10-20T03:04:31.281+0000] {dagbag.py:536} INFO - Filling up the DagBag from /home/airflow/.local/lib/python3.8/site-packages/airflow/example_dags/example_bash_operator.py
[2024-10-20T03:04:31.293+0000] {processor.py:839} INFO - DAG(s) dict_keys(['example_bash_operator']) retrieved from /home/airflow/.local/lib/python3.8/site-packages/airflow/example_dags/example_bash_operator.py
[2024-10-20T03:04:31.328+0000] {logging_mixin.py:154} INFO - [2024-10-20T03:04:31.328+0000] {dag.py:2941} INFO - Sync 1 DAGs
[2024-10-20T03:04:31.354+0000] {logging_mixin.py:154} INFO - [2024-10-20T03:04:31.354+0000] {dag.py:3722} INFO - Setting next_dagrun for example_bash_operator to 2024-10-19T00:00:00+00:00, run_after=2024-10-20T00:00:00+00:00
[2024-10-20T03:04:31.381+0000] {processor.py:179} INFO - Processing /home/airflow/.local/lib/python3.8/site-packages/airflow/example_dags/example_bash_operator.py took 0.107 seconds
[2024-10-20T03:05:01.643+0000] {processor.py:157} INFO - Started process (PID=671) to work on /home/airflow/.local/lib/python3.8/site-packages/airflow/example_dags/example_bash_operator.py
[2024-10-20T03:05:01.644+0000] {processor.py:829} INFO - Processing file /home/airflow/.local/lib/python3.8/site-packages/airflow/example_dags/example_bash_operator.py for tasks to queue
[2024-10-20T03:05:01.647+0000] {logging_mixin.py:154} INFO - [2024-10-20T03:05:01.646+0000] {dagbag.py:536} INFO - Filling up the DagBag from /home/airflow/.local/lib/python3.8/site-packages/airflow/example_dags/example_bash_operator.py
[2024-10-20T03:05:01.658+0000] {processor.py:839} INFO - DAG(s) dict_keys(['example_bash_operator']) retrieved from /home/airflow/.local/lib/python3.8/site-packages/airflow/example_dags/example_bash_operator.py
[2024-10-20T03:05:01.690+0000] {logging_mixin.py:154} INFO - [2024-10-20T03:05:01.690+0000] {dag.py:2941} INFO - Sync 1 DAGs
[2024-10-20T03:05:01.718+0000] {logging_mixin.py:154} INFO - [2024-10-20T03:05:01.718+0000] {dag.py:3722} INFO - Setting next_dagrun for example_bash_operator to 2024-10-19T00:00:00+00:00, run_after=2024-10-20T00:00:00+00:00
[2024-10-20T03:05:01.743+0000] {processor.py:179} INFO - Processing /home/airflow/.local/lib/python3.8/site-packages/airflow/example_dags/example_bash_operator.py took 0.103 seconds
[2024-10-20T03:05:31.917+0000] {processor.py:157} INFO - Started process (PID=727) to work on /home/airflow/.local/lib/python3.8/site-packages/airflow/example_dags/example_bash_operator.py
[2024-10-20T03:05:31.919+0000] {processor.py:829} INFO - Processing file /home/airflow/.local/lib/python3.8/site-packages/airflow/example_dags/example_bash_operator.py for tasks to queue
[2024-10-20T03:05:31.921+0000] {logging_mixin.py:154} INFO - [2024-10-20T03:05:31.921+0000] {dagbag.py:536} INFO - Filling up the DagBag from /home/airflow/.local/lib/python3.8/site-packages/airflow/example_dags/example_bash_operator.py
[2024-10-20T03:05:31.933+0000] {processor.py:839} INFO - DAG(s) dict_keys(['example_bash_operator']) retrieved from /home/airflow/.local/lib/python3.8/site-packages/airflow/example_dags/example_bash_operator.py
[2024-10-20T03:05:31.963+0000] {logging_mixin.py:154} INFO - [2024-10-20T03:05:31.963+0000] {dag.py:2941} INFO - Sync 1 DAGs
[2024-10-20T03:05:31.988+0000] {logging_mixin.py:154} INFO - [2024-10-20T03:05:31.987+0000] {dag.py:3722} INFO - Setting next_dagrun for example_bash_operator to 2024-10-19T00:00:00+00:00, run_after=2024-10-20T00:00:00+00:00
[2024-10-20T03:05:32.012+0000] {processor.py:179} INFO - Processing /home/airflow/.local/lib/python3.8/site-packages/airflow/example_dags/example_bash_operator.py took 0.098 seconds
[2024-10-20T03:06:02.329+0000] {processor.py:157} INFO - Started process (PID=783) to work on /home/airflow/.local/lib/python3.8/site-packages/airflow/example_dags/example_bash_operator.py
[2024-10-20T03:06:02.330+0000] {processor.py:829} INFO - Processing file /home/airflow/.local/lib/python3.8/site-packages/airflow/example_dags/example_bash_operator.py for tasks to queue
[2024-10-20T03:06:02.332+0000] {logging_mixin.py:154} INFO - [2024-10-20T03:06:02.332+0000] {dagbag.py:536} INFO - Filling up the DagBag from /home/airflow/.local/lib/python3.8/site-packages/airflow/example_dags/example_bash_operator.py
[2024-10-20T03:06:02.343+0000] {processor.py:839} INFO - DAG(s) dict_keys(['example_bash_operator']) retrieved from /home/airflow/.local/lib/python3.8/site-packages/airflow/example_dags/example_bash_operator.py
[2024-10-20T03:06:02.378+0000] {logging_mixin.py:154} INFO - [2024-10-20T03:06:02.377+0000] {dag.py:2941} INFO - Sync 1 DAGs
[2024-10-20T03:06:02.403+0000] {logging_mixin.py:154} INFO - [2024-10-20T03:06:02.403+0000] {dag.py:3722} INFO - Setting next_dagrun for example_bash_operator to 2024-10-19T00:00:00+00:00, run_after=2024-10-20T00:00:00+00:00
[2024-10-20T03:06:02.425+0000] {processor.py:179} INFO - Processing /home/airflow/.local/lib/python3.8/site-packages/airflow/example_dags/example_bash_operator.py took 0.099 seconds
[2024-10-20T03:06:33.451+0000] {processor.py:157} INFO - Started process (PID=839) to work on /home/airflow/.local/lib/python3.8/site-packages/airflow/example_dags/example_bash_operator.py
[2024-10-20T03:06:33.453+0000] {processor.py:829} INFO - Processing file /home/airflow/.local/lib/python3.8/site-packages/airflow/example_dags/example_bash_operator.py for tasks to queue
[2024-10-20T03:06:33.456+0000] {logging_mixin.py:154} INFO - [2024-10-20T03:06:33.455+0000] {dagbag.py:536} INFO - Filling up the DagBag from /home/airflow/.local/lib/python3.8/site-packages/airflow/example_dags/example_bash_operator.py
[2024-10-20T03:06:33.472+0000] {processor.py:839} INFO - DAG(s) dict_keys(['example_bash_operator']) retrieved from /home/airflow/.local/lib/python3.8/site-packages/airflow/example_dags/example_bash_operator.py
[2024-10-20T03:06:33.522+0000] {logging_mixin.py:154} INFO - [2024-10-20T03:06:33.522+0000] {dag.py:2941} INFO - Sync 1 DAGs
[2024-10-20T03:06:33.551+0000] {logging_mixin.py:154} INFO - [2024-10-20T03:06:33.551+0000] {dag.py:3722} INFO - Setting next_dagrun for example_bash_operator to 2024-10-19T00:00:00+00:00, run_after=2024-10-20T00:00:00+00:00
[2024-10-20T03:06:33.577+0000] {processor.py:179} INFO - Processing /home/airflow/.local/lib/python3.8/site-packages/airflow/example_dags/example_bash_operator.py took 0.130 seconds
[2024-10-20T03:07:04.096+0000] {processor.py:157} INFO - Started process (PID=894) to work on /home/airflow/.local/lib/python3.8/site-packages/airflow/example_dags/example_bash_operator.py
[2024-10-20T03:07:04.098+0000] {processor.py:829} INFO - Processing file /home/airflow/.local/lib/python3.8/site-packages/airflow/example_dags/example_bash_operator.py for tasks to queue
[2024-10-20T03:07:04.101+0000] {logging_mixin.py:154} INFO - [2024-10-20T03:07:04.101+0000] {dagbag.py:536} INFO - Filling up the DagBag from /home/airflow/.local/lib/python3.8/site-packages/airflow/example_dags/example_bash_operator.py
[2024-10-20T03:07:04.116+0000] {processor.py:839} INFO - DAG(s) dict_keys(['example_bash_operator']) retrieved from /home/airflow/.local/lib/python3.8/site-packages/airflow/example_dags/example_bash_operator.py
[2024-10-20T03:07:04.154+0000] {logging_mixin.py:154} INFO - [2024-10-20T03:07:04.154+0000] {dag.py:2941} INFO - Sync 1 DAGs
[2024-10-20T03:07:04.180+0000] {logging_mixin.py:154} INFO - [2024-10-20T03:07:04.180+0000] {dag.py:3722} INFO - Setting next_dagrun for example_bash_operator to 2024-10-19T00:00:00+00:00, run_after=2024-10-20T00:00:00+00:00
[2024-10-20T03:07:04.372+0000] {processor.py:179} INFO - Processing /home/airflow/.local/lib/python3.8/site-packages/airflow/example_dags/example_bash_operator.py took 0.281 seconds
[2024-10-20T03:07:34.720+0000] {processor.py:157} INFO - Started process (PID=949) to work on /home/airflow/.local/lib/python3.8/site-packages/airflow/example_dags/example_bash_operator.py
[2024-10-20T03:07:34.722+0000] {processor.py:829} INFO - Processing file /home/airflow/.local/lib/python3.8/site-packages/airflow/example_dags/example_bash_operator.py for tasks to queue
[2024-10-20T03:07:34.724+0000] {logging_mixin.py:154} INFO - [2024-10-20T03:07:34.724+0000] {dagbag.py:536} INFO - Filling up the DagBag from /home/airflow/.local/lib/python3.8/site-packages/airflow/example_dags/example_bash_operator.py
[2024-10-20T03:07:34.738+0000] {processor.py:839} INFO - DAG(s) dict_keys(['example_bash_operator']) retrieved from /home/airflow/.local/lib/python3.8/site-packages/airflow/example_dags/example_bash_operator.py
[2024-10-20T03:07:34.777+0000] {logging_mixin.py:154} INFO - [2024-10-20T03:07:34.776+0000] {dag.py:2941} INFO - Sync 1 DAGs
[2024-10-20T03:07:34.805+0000] {logging_mixin.py:154} INFO - [2024-10-20T03:07:34.805+0000] {dag.py:3722} INFO - Setting next_dagrun for example_bash_operator to 2024-10-19T00:00:00+00:00, run_after=2024-10-20T00:00:00+00:00
[2024-10-20T03:07:34.828+0000] {processor.py:179} INFO - Processing /home/airflow/.local/lib/python3.8/site-packages/airflow/example_dags/example_bash_operator.py took 0.111 seconds
[2024-10-20T03:08:49.584+0000] {processor.py:157} INFO - Started process (PID=102) to work on /home/airflow/.local/lib/python3.8/site-packages/airflow/example_dags/example_bash_operator.py
[2024-10-20T03:08:49.585+0000] {processor.py:829} INFO - Processing file /home/airflow/.local/lib/python3.8/site-packages/airflow/example_dags/example_bash_operator.py for tasks to queue
[2024-10-20T03:08:49.588+0000] {logging_mixin.py:154} INFO - [2024-10-20T03:08:49.588+0000] {dagbag.py:536} INFO - Filling up the DagBag from /home/airflow/.local/lib/python3.8/site-packages/airflow/example_dags/example_bash_operator.py
[2024-10-20T03:08:49.605+0000] {processor.py:839} INFO - DAG(s) dict_keys(['example_bash_operator']) retrieved from /home/airflow/.local/lib/python3.8/site-packages/airflow/example_dags/example_bash_operator.py
[2024-10-20T03:08:49.621+0000] {logging_mixin.py:154} INFO - [2024-10-20T03:08:49.621+0000] {dag.py:2941} INFO - Sync 1 DAGs
[2024-10-20T03:08:49.650+0000] {logging_mixin.py:154} INFO - [2024-10-20T03:08:49.650+0000] {dag.py:3722} INFO - Setting next_dagrun for example_bash_operator to 2024-10-19T00:00:00+00:00, run_after=2024-10-20T00:00:00+00:00
[2024-10-20T03:08:49.681+0000] {processor.py:179} INFO - Processing /home/airflow/.local/lib/python3.8/site-packages/airflow/example_dags/example_bash_operator.py took 0.101 seconds
[2024-10-20T03:09:20.748+0000] {processor.py:157} INFO - Started process (PID=158) to work on /home/airflow/.local/lib/python3.8/site-packages/airflow/example_dags/example_bash_operator.py
[2024-10-20T03:09:20.749+0000] {processor.py:829} INFO - Processing file /home/airflow/.local/lib/python3.8/site-packages/airflow/example_dags/example_bash_operator.py for tasks to queue
[2024-10-20T03:09:20.753+0000] {logging_mixin.py:154} INFO - [2024-10-20T03:09:20.752+0000] {dagbag.py:536} INFO - Filling up the DagBag from /home/airflow/.local/lib/python3.8/site-packages/airflow/example_dags/example_bash_operator.py
[2024-10-20T03:09:20.767+0000] {processor.py:839} INFO - DAG(s) dict_keys(['example_bash_operator']) retrieved from /home/airflow/.local/lib/python3.8/site-packages/airflow/example_dags/example_bash_operator.py
[2024-10-20T03:09:20.803+0000] {logging_mixin.py:154} INFO - [2024-10-20T03:09:20.803+0000] {dag.py:2941} INFO - Sync 1 DAGs
[2024-10-20T03:09:20.840+0000] {logging_mixin.py:154} INFO - [2024-10-20T03:09:20.840+0000] {dag.py:3722} INFO - Setting next_dagrun for example_bash_operator to 2024-10-19T00:00:00+00:00, run_after=2024-10-20T00:00:00+00:00
[2024-10-20T03:09:20.873+0000] {processor.py:179} INFO - Processing /home/airflow/.local/lib/python3.8/site-packages/airflow/example_dags/example_bash_operator.py took 0.129 seconds
[2024-10-20T03:09:51.180+0000] {processor.py:157} INFO - Started process (PID=214) to work on /home/airflow/.local/lib/python3.8/site-packages/airflow/example_dags/example_bash_operator.py
[2024-10-20T03:09:51.181+0000] {processor.py:829} INFO - Processing file /home/airflow/.local/lib/python3.8/site-packages/airflow/example_dags/example_bash_operator.py for tasks to queue
[2024-10-20T03:09:51.183+0000] {logging_mixin.py:154} INFO - [2024-10-20T03:09:51.183+0000] {dagbag.py:536} INFO - Filling up the DagBag from /home/airflow/.local/lib/python3.8/site-packages/airflow/example_dags/example_bash_operator.py
[2024-10-20T03:09:51.193+0000] {processor.py:839} INFO - DAG(s) dict_keys(['example_bash_operator']) retrieved from /home/airflow/.local/lib/python3.8/site-packages/airflow/example_dags/example_bash_operator.py
[2024-10-20T03:09:51.224+0000] {logging_mixin.py:154} INFO - [2024-10-20T03:09:51.224+0000] {dag.py:2941} INFO - Sync 1 DAGs
[2024-10-20T03:09:51.247+0000] {logging_mixin.py:154} INFO - [2024-10-20T03:09:51.247+0000] {dag.py:3722} INFO - Setting next_dagrun for example_bash_operator to 2024-10-19T00:00:00+00:00, run_after=2024-10-20T00:00:00+00:00
[2024-10-20T03:09:51.270+0000] {processor.py:179} INFO - Processing /home/airflow/.local/lib/python3.8/site-packages/airflow/example_dags/example_bash_operator.py took 0.093 seconds
[2024-10-20T03:10:21.529+0000] {processor.py:157} INFO - Started process (PID=270) to work on /home/airflow/.local/lib/python3.8/site-packages/airflow/example_dags/example_bash_operator.py
[2024-10-20T03:10:21.531+0000] {processor.py:829} INFO - Processing file /home/airflow/.local/lib/python3.8/site-packages/airflow/example_dags/example_bash_operator.py for tasks to queue
[2024-10-20T03:10:21.534+0000] {logging_mixin.py:154} INFO - [2024-10-20T03:10:21.534+0000] {dagbag.py:536} INFO - Filling up the DagBag from /home/airflow/.local/lib/python3.8/site-packages/airflow/example_dags/example_bash_operator.py
[2024-10-20T03:10:21.547+0000] {processor.py:839} INFO - DAG(s) dict_keys(['example_bash_operator']) retrieved from /home/airflow/.local/lib/python3.8/site-packages/airflow/example_dags/example_bash_operator.py
[2024-10-20T03:10:21.589+0000] {logging_mixin.py:154} INFO - [2024-10-20T03:10:21.588+0000] {dag.py:2941} INFO - Sync 1 DAGs
[2024-10-20T03:10:21.621+0000] {logging_mixin.py:154} INFO - [2024-10-20T03:10:21.621+0000] {dag.py:3722} INFO - Setting next_dagrun for example_bash_operator to 2024-10-19T00:00:00+00:00, run_after=2024-10-20T00:00:00+00:00
[2024-10-20T03:10:21.646+0000] {processor.py:179} INFO - Processing /home/airflow/.local/lib/python3.8/site-packages/airflow/example_dags/example_bash_operator.py took 0.120 seconds
[2024-10-20T03:10:52.531+0000] {processor.py:157} INFO - Started process (PID=326) to work on /home/airflow/.local/lib/python3.8/site-packages/airflow/example_dags/example_bash_operator.py
[2024-10-20T03:10:52.534+0000] {processor.py:829} INFO - Processing file /home/airflow/.local/lib/python3.8/site-packages/airflow/example_dags/example_bash_operator.py for tasks to queue
[2024-10-20T03:10:52.538+0000] {logging_mixin.py:154} INFO - [2024-10-20T03:10:52.538+0000] {dagbag.py:536} INFO - Filling up the DagBag from /home/airflow/.local/lib/python3.8/site-packages/airflow/example_dags/example_bash_operator.py
[2024-10-20T03:10:52.565+0000] {processor.py:839} INFO - DAG(s) dict_keys(['example_bash_operator']) retrieved from /home/airflow/.local/lib/python3.8/site-packages/airflow/example_dags/example_bash_operator.py
[2024-10-20T03:10:52.630+0000] {logging_mixin.py:154} INFO - [2024-10-20T03:10:52.630+0000] {dag.py:2941} INFO - Sync 1 DAGs
[2024-10-20T03:10:52.681+0000] {logging_mixin.py:154} INFO - [2024-10-20T03:10:52.681+0000] {dag.py:3722} INFO - Setting next_dagrun for example_bash_operator to 2024-10-19T00:00:00+00:00, run_after=2024-10-20T00:00:00+00:00
[2024-10-20T03:10:52.715+0000] {processor.py:179} INFO - Processing /home/airflow/.local/lib/python3.8/site-packages/airflow/example_dags/example_bash_operator.py took 0.188 seconds
[2024-10-20T03:11:23.279+0000] {processor.py:157} INFO - Started process (PID=382) to work on /home/airflow/.local/lib/python3.8/site-packages/airflow/example_dags/example_bash_operator.py
[2024-10-20T03:11:23.280+0000] {processor.py:829} INFO - Processing file /home/airflow/.local/lib/python3.8/site-packages/airflow/example_dags/example_bash_operator.py for tasks to queue
[2024-10-20T03:11:23.282+0000] {logging_mixin.py:154} INFO - [2024-10-20T03:11:23.282+0000] {dagbag.py:536} INFO - Filling up the DagBag from /home/airflow/.local/lib/python3.8/site-packages/airflow/example_dags/example_bash_operator.py
[2024-10-20T03:11:23.294+0000] {processor.py:839} INFO - DAG(s) dict_keys(['example_bash_operator']) retrieved from /home/airflow/.local/lib/python3.8/site-packages/airflow/example_dags/example_bash_operator.py
[2024-10-20T03:11:23.323+0000] {logging_mixin.py:154} INFO - [2024-10-20T03:11:23.323+0000] {dag.py:2941} INFO - Sync 1 DAGs
[2024-10-20T03:11:23.346+0000] {logging_mixin.py:154} INFO - [2024-10-20T03:11:23.345+0000] {dag.py:3722} INFO - Setting next_dagrun for example_bash_operator to 2024-10-19T00:00:00+00:00, run_after=2024-10-20T00:00:00+00:00
[2024-10-20T03:11:23.366+0000] {processor.py:179} INFO - Processing /home/airflow/.local/lib/python3.8/site-packages/airflow/example_dags/example_bash_operator.py took 0.090 seconds
[2024-10-20T03:11:54.493+0000] {processor.py:157} INFO - Started process (PID=438) to work on /home/airflow/.local/lib/python3.8/site-packages/airflow/example_dags/example_bash_operator.py
[2024-10-20T03:11:54.495+0000] {processor.py:829} INFO - Processing file /home/airflow/.local/lib/python3.8/site-packages/airflow/example_dags/example_bash_operator.py for tasks to queue
[2024-10-20T03:11:54.497+0000] {logging_mixin.py:154} INFO - [2024-10-20T03:11:54.496+0000] {dagbag.py:536} INFO - Filling up the DagBag from /home/airflow/.local/lib/python3.8/site-packages/airflow/example_dags/example_bash_operator.py
[2024-10-20T03:11:54.507+0000] {processor.py:839} INFO - DAG(s) dict_keys(['example_bash_operator']) retrieved from /home/airflow/.local/lib/python3.8/site-packages/airflow/example_dags/example_bash_operator.py
[2024-10-20T03:11:54.535+0000] {logging_mixin.py:154} INFO - [2024-10-20T03:11:54.534+0000] {dag.py:2941} INFO - Sync 1 DAGs
[2024-10-20T03:11:54.562+0000] {logging_mixin.py:154} INFO - [2024-10-20T03:11:54.562+0000] {dag.py:3722} INFO - Setting next_dagrun for example_bash_operator to 2024-10-19T00:00:00+00:00, run_after=2024-10-20T00:00:00+00:00
[2024-10-20T03:11:54.584+0000] {processor.py:179} INFO - Processing /home/airflow/.local/lib/python3.8/site-packages/airflow/example_dags/example_bash_operator.py took 0.094 seconds
[2024-10-20T03:12:24.996+0000] {processor.py:157} INFO - Started process (PID=494) to work on /home/airflow/.local/lib/python3.8/site-packages/airflow/example_dags/example_bash_operator.py
[2024-10-20T03:12:24.997+0000] {processor.py:829} INFO - Processing file /home/airflow/.local/lib/python3.8/site-packages/airflow/example_dags/example_bash_operator.py for tasks to queue
[2024-10-20T03:12:25.000+0000] {logging_mixin.py:154} INFO - [2024-10-20T03:12:24.999+0000] {dagbag.py:536} INFO - Filling up the DagBag from /home/airflow/.local/lib/python3.8/site-packages/airflow/example_dags/example_bash_operator.py
[2024-10-20T03:12:25.016+0000] {processor.py:839} INFO - DAG(s) dict_keys(['example_bash_operator']) retrieved from /home/airflow/.local/lib/python3.8/site-packages/airflow/example_dags/example_bash_operator.py
[2024-10-20T03:12:25.051+0000] {logging_mixin.py:154} INFO - [2024-10-20T03:12:25.051+0000] {dag.py:2941} INFO - Sync 1 DAGs
[2024-10-20T03:12:25.075+0000] {logging_mixin.py:154} INFO - [2024-10-20T03:12:25.075+0000] {dag.py:3722} INFO - Setting next_dagrun for example_bash_operator to 2024-10-19T00:00:00+00:00, run_after=2024-10-20T00:00:00+00:00
[2024-10-20T03:12:25.097+0000] {processor.py:179} INFO - Processing /home/airflow/.local/lib/python3.8/site-packages/airflow/example_dags/example_bash_operator.py took 0.106 seconds
[2024-10-20T03:12:55.613+0000] {processor.py:157} INFO - Started process (PID=550) to work on /home/airflow/.local/lib/python3.8/site-packages/airflow/example_dags/example_bash_operator.py
[2024-10-20T03:12:55.615+0000] {processor.py:829} INFO - Processing file /home/airflow/.local/lib/python3.8/site-packages/airflow/example_dags/example_bash_operator.py for tasks to queue
[2024-10-20T03:12:55.617+0000] {logging_mixin.py:154} INFO - [2024-10-20T03:12:55.617+0000] {dagbag.py:536} INFO - Filling up the DagBag from /home/airflow/.local/lib/python3.8/site-packages/airflow/example_dags/example_bash_operator.py
[2024-10-20T03:12:55.631+0000] {processor.py:839} INFO - DAG(s) dict_keys(['example_bash_operator']) retrieved from /home/airflow/.local/lib/python3.8/site-packages/airflow/example_dags/example_bash_operator.py
[2024-10-20T03:12:55.670+0000] {logging_mixin.py:154} INFO - [2024-10-20T03:12:55.670+0000] {dag.py:2941} INFO - Sync 1 DAGs
[2024-10-20T03:12:55.701+0000] {logging_mixin.py:154} INFO - [2024-10-20T03:12:55.701+0000] {dag.py:3722} INFO - Setting next_dagrun for example_bash_operator to 2024-10-19T00:00:00+00:00, run_after=2024-10-20T00:00:00+00:00
[2024-10-20T03:12:55.730+0000] {processor.py:179} INFO - Processing /home/airflow/.local/lib/python3.8/site-packages/airflow/example_dags/example_bash_operator.py took 0.120 seconds
[2024-10-20T03:13:26.054+0000] {processor.py:157} INFO - Started process (PID=606) to work on /home/airflow/.local/lib/python3.8/site-packages/airflow/example_dags/example_bash_operator.py
[2024-10-20T03:13:26.055+0000] {processor.py:829} INFO - Processing file /home/airflow/.local/lib/python3.8/site-packages/airflow/example_dags/example_bash_operator.py for tasks to queue
[2024-10-20T03:13:26.058+0000] {logging_mixin.py:154} INFO - [2024-10-20T03:13:26.058+0000] {dagbag.py:536} INFO - Filling up the DagBag from /home/airflow/.local/lib/python3.8/site-packages/airflow/example_dags/example_bash_operator.py
[2024-10-20T03:13:26.071+0000] {processor.py:839} INFO - DAG(s) dict_keys(['example_bash_operator']) retrieved from /home/airflow/.local/lib/python3.8/site-packages/airflow/example_dags/example_bash_operator.py
[2024-10-20T03:13:26.104+0000] {logging_mixin.py:154} INFO - [2024-10-20T03:13:26.104+0000] {dag.py:2941} INFO - Sync 1 DAGs
[2024-10-20T03:13:26.130+0000] {logging_mixin.py:154} INFO - [2024-10-20T03:13:26.130+0000] {dag.py:3722} INFO - Setting next_dagrun for example_bash_operator to 2024-10-19T00:00:00+00:00, run_after=2024-10-20T00:00:00+00:00
[2024-10-20T03:13:26.154+0000] {processor.py:179} INFO - Processing /home/airflow/.local/lib/python3.8/site-packages/airflow/example_dags/example_bash_operator.py took 0.103 seconds
[2024-10-20T03:13:56.454+0000] {processor.py:157} INFO - Started process (PID=662) to work on /home/airflow/.local/lib/python3.8/site-packages/airflow/example_dags/example_bash_operator.py
[2024-10-20T03:13:56.455+0000] {processor.py:829} INFO - Processing file /home/airflow/.local/lib/python3.8/site-packages/airflow/example_dags/example_bash_operator.py for tasks to queue
[2024-10-20T03:13:56.459+0000] {logging_mixin.py:154} INFO - [2024-10-20T03:13:56.458+0000] {dagbag.py:536} INFO - Filling up the DagBag from /home/airflow/.local/lib/python3.8/site-packages/airflow/example_dags/example_bash_operator.py
[2024-10-20T03:13:56.474+0000] {processor.py:839} INFO - DAG(s) dict_keys(['example_bash_operator']) retrieved from /home/airflow/.local/lib/python3.8/site-packages/airflow/example_dags/example_bash_operator.py
[2024-10-20T03:13:56.509+0000] {logging_mixin.py:154} INFO - [2024-10-20T03:13:56.509+0000] {dag.py:2941} INFO - Sync 1 DAGs
[2024-10-20T03:13:56.535+0000] {logging_mixin.py:154} INFO - [2024-10-20T03:13:56.534+0000] {dag.py:3722} INFO - Setting next_dagrun for example_bash_operator to 2024-10-19T00:00:00+00:00, run_after=2024-10-20T00:00:00+00:00
[2024-10-20T03:13:56.565+0000] {processor.py:179} INFO - Processing /home/airflow/.local/lib/python3.8/site-packages/airflow/example_dags/example_bash_operator.py took 0.115 seconds
[2024-10-20T03:14:26.852+0000] {processor.py:157} INFO - Started process (PID=718) to work on /home/airflow/.local/lib/python3.8/site-packages/airflow/example_dags/example_bash_operator.py
[2024-10-20T03:14:26.853+0000] {processor.py:829} INFO - Processing file /home/airflow/.local/lib/python3.8/site-packages/airflow/example_dags/example_bash_operator.py for tasks to queue
[2024-10-20T03:14:26.856+0000] {logging_mixin.py:154} INFO - [2024-10-20T03:14:26.856+0000] {dagbag.py:536} INFO - Filling up the DagBag from /home/airflow/.local/lib/python3.8/site-packages/airflow/example_dags/example_bash_operator.py
[2024-10-20T03:14:26.868+0000] {processor.py:839} INFO - DAG(s) dict_keys(['example_bash_operator']) retrieved from /home/airflow/.local/lib/python3.8/site-packages/airflow/example_dags/example_bash_operator.py
[2024-10-20T03:14:26.900+0000] {logging_mixin.py:154} INFO - [2024-10-20T03:14:26.899+0000] {dag.py:2941} INFO - Sync 1 DAGs
[2024-10-20T03:14:26.925+0000] {logging_mixin.py:154} INFO - [2024-10-20T03:14:26.925+0000] {dag.py:3722} INFO - Setting next_dagrun for example_bash_operator to 2024-10-19T00:00:00+00:00, run_after=2024-10-20T00:00:00+00:00
[2024-10-20T03:14:26.949+0000] {processor.py:179} INFO - Processing /home/airflow/.local/lib/python3.8/site-packages/airflow/example_dags/example_bash_operator.py took 0.100 seconds
[2024-10-20T03:14:57.104+0000] {processor.py:157} INFO - Started process (PID=772) to work on /home/airflow/.local/lib/python3.8/site-packages/airflow/example_dags/example_bash_operator.py
[2024-10-20T03:14:57.105+0000] {processor.py:829} INFO - Processing file /home/airflow/.local/lib/python3.8/site-packages/airflow/example_dags/example_bash_operator.py for tasks to queue
[2024-10-20T03:14:57.108+0000] {logging_mixin.py:154} INFO - [2024-10-20T03:14:57.108+0000] {dagbag.py:536} INFO - Filling up the DagBag from /home/airflow/.local/lib/python3.8/site-packages/airflow/example_dags/example_bash_operator.py
[2024-10-20T03:14:57.121+0000] {processor.py:839} INFO - DAG(s) dict_keys(['example_bash_operator']) retrieved from /home/airflow/.local/lib/python3.8/site-packages/airflow/example_dags/example_bash_operator.py
[2024-10-20T03:14:57.157+0000] {logging_mixin.py:154} INFO - [2024-10-20T03:14:57.156+0000] {dag.py:2941} INFO - Sync 1 DAGs
[2024-10-20T03:14:57.182+0000] {logging_mixin.py:154} INFO - [2024-10-20T03:14:57.182+0000] {dag.py:3722} INFO - Setting next_dagrun for example_bash_operator to 2024-10-19T00:00:00+00:00, run_after=2024-10-20T00:00:00+00:00
[2024-10-20T03:14:57.206+0000] {processor.py:179} INFO - Processing /home/airflow/.local/lib/python3.8/site-packages/airflow/example_dags/example_bash_operator.py took 0.106 seconds
[2024-10-20T03:15:27.526+0000] {processor.py:157} INFO - Started process (PID=828) to work on /home/airflow/.local/lib/python3.8/site-packages/airflow/example_dags/example_bash_operator.py
[2024-10-20T03:15:27.527+0000] {processor.py:829} INFO - Processing file /home/airflow/.local/lib/python3.8/site-packages/airflow/example_dags/example_bash_operator.py for tasks to queue
[2024-10-20T03:15:27.528+0000] {logging_mixin.py:154} INFO - [2024-10-20T03:15:27.528+0000] {dagbag.py:536} INFO - Filling up the DagBag from /home/airflow/.local/lib/python3.8/site-packages/airflow/example_dags/example_bash_operator.py
[2024-10-20T03:15:27.539+0000] {processor.py:839} INFO - DAG(s) dict_keys(['example_bash_operator']) retrieved from /home/airflow/.local/lib/python3.8/site-packages/airflow/example_dags/example_bash_operator.py
[2024-10-20T03:15:27.567+0000] {logging_mixin.py:154} INFO - [2024-10-20T03:15:27.567+0000] {dag.py:2941} INFO - Sync 1 DAGs
[2024-10-20T03:15:27.591+0000] {logging_mixin.py:154} INFO - [2024-10-20T03:15:27.591+0000] {dag.py:3722} INFO - Setting next_dagrun for example_bash_operator to 2024-10-19T00:00:00+00:00, run_after=2024-10-20T00:00:00+00:00
[2024-10-20T03:15:27.617+0000] {processor.py:179} INFO - Processing /home/airflow/.local/lib/python3.8/site-packages/airflow/example_dags/example_bash_operator.py took 0.094 seconds
[2024-10-20T03:15:58.393+0000] {processor.py:157} INFO - Started process (PID=884) to work on /home/airflow/.local/lib/python3.8/site-packages/airflow/example_dags/example_bash_operator.py
[2024-10-20T03:15:58.394+0000] {processor.py:829} INFO - Processing file /home/airflow/.local/lib/python3.8/site-packages/airflow/example_dags/example_bash_operator.py for tasks to queue
[2024-10-20T03:15:58.397+0000] {logging_mixin.py:154} INFO - [2024-10-20T03:15:58.396+0000] {dagbag.py:536} INFO - Filling up the DagBag from /home/airflow/.local/lib/python3.8/site-packages/airflow/example_dags/example_bash_operator.py
[2024-10-20T03:15:58.410+0000] {processor.py:839} INFO - DAG(s) dict_keys(['example_bash_operator']) retrieved from /home/airflow/.local/lib/python3.8/site-packages/airflow/example_dags/example_bash_operator.py
[2024-10-20T03:15:58.451+0000] {logging_mixin.py:154} INFO - [2024-10-20T03:15:58.450+0000] {dag.py:2941} INFO - Sync 1 DAGs
[2024-10-20T03:15:58.481+0000] {logging_mixin.py:154} INFO - [2024-10-20T03:15:58.480+0000] {dag.py:3722} INFO - Setting next_dagrun for example_bash_operator to 2024-10-19T00:00:00+00:00, run_after=2024-10-20T00:00:00+00:00
[2024-10-20T03:15:58.513+0000] {processor.py:179} INFO - Processing /home/airflow/.local/lib/python3.8/site-packages/airflow/example_dags/example_bash_operator.py took 0.124 seconds
[2024-10-20T03:16:28.969+0000] {processor.py:157} INFO - Started process (PID=940) to work on /home/airflow/.local/lib/python3.8/site-packages/airflow/example_dags/example_bash_operator.py
[2024-10-20T03:16:28.971+0000] {processor.py:829} INFO - Processing file /home/airflow/.local/lib/python3.8/site-packages/airflow/example_dags/example_bash_operator.py for tasks to queue
[2024-10-20T03:16:28.974+0000] {logging_mixin.py:154} INFO - [2024-10-20T03:16:28.973+0000] {dagbag.py:536} INFO - Filling up the DagBag from /home/airflow/.local/lib/python3.8/site-packages/airflow/example_dags/example_bash_operator.py
[2024-10-20T03:16:28.986+0000] {processor.py:839} INFO - DAG(s) dict_keys(['example_bash_operator']) retrieved from /home/airflow/.local/lib/python3.8/site-packages/airflow/example_dags/example_bash_operator.py
[2024-10-20T03:16:29.022+0000] {logging_mixin.py:154} INFO - [2024-10-20T03:16:29.022+0000] {dag.py:2941} INFO - Sync 1 DAGs
[2024-10-20T03:16:29.048+0000] {logging_mixin.py:154} INFO - [2024-10-20T03:16:29.048+0000] {dag.py:3722} INFO - Setting next_dagrun for example_bash_operator to 2024-10-19T00:00:00+00:00, run_after=2024-10-20T00:00:00+00:00
[2024-10-20T03:16:29.074+0000] {processor.py:179} INFO - Processing /home/airflow/.local/lib/python3.8/site-packages/airflow/example_dags/example_bash_operator.py took 0.108 seconds
[2024-10-20T03:17:00.736+0000] {processor.py:157} INFO - Started process (PID=996) to work on /home/airflow/.local/lib/python3.8/site-packages/airflow/example_dags/example_bash_operator.py
[2024-10-20T03:17:00.737+0000] {processor.py:829} INFO - Processing file /home/airflow/.local/lib/python3.8/site-packages/airflow/example_dags/example_bash_operator.py for tasks to queue
[2024-10-20T03:17:00.739+0000] {logging_mixin.py:154} INFO - [2024-10-20T03:17:00.739+0000] {dagbag.py:536} INFO - Filling up the DagBag from /home/airflow/.local/lib/python3.8/site-packages/airflow/example_dags/example_bash_operator.py
[2024-10-20T03:17:00.751+0000] {processor.py:839} INFO - DAG(s) dict_keys(['example_bash_operator']) retrieved from /home/airflow/.local/lib/python3.8/site-packages/airflow/example_dags/example_bash_operator.py
[2024-10-20T03:17:00.787+0000] {logging_mixin.py:154} INFO - [2024-10-20T03:17:00.787+0000] {dag.py:2941} INFO - Sync 1 DAGs
[2024-10-20T03:17:00.964+0000] {logging_mixin.py:154} INFO - [2024-10-20T03:17:00.964+0000] {dag.py:3722} INFO - Setting next_dagrun for example_bash_operator to 2024-10-19T00:00:00+00:00, run_after=2024-10-20T00:00:00+00:00
[2024-10-20T03:17:00.989+0000] {processor.py:179} INFO - Processing /home/airflow/.local/lib/python3.8/site-packages/airflow/example_dags/example_bash_operator.py took 0.257 seconds
[2024-10-20T03:17:32.146+0000] {processor.py:157} INFO - Started process (PID=1054) to work on /home/airflow/.local/lib/python3.8/site-packages/airflow/example_dags/example_bash_operator.py
[2024-10-20T03:17:32.147+0000] {processor.py:829} INFO - Processing file /home/airflow/.local/lib/python3.8/site-packages/airflow/example_dags/example_bash_operator.py for tasks to queue
[2024-10-20T03:17:32.150+0000] {logging_mixin.py:154} INFO - [2024-10-20T03:17:32.149+0000] {dagbag.py:536} INFO - Filling up the DagBag from /home/airflow/.local/lib/python3.8/site-packages/airflow/example_dags/example_bash_operator.py
[2024-10-20T03:17:32.160+0000] {processor.py:839} INFO - DAG(s) dict_keys(['example_bash_operator']) retrieved from /home/airflow/.local/lib/python3.8/site-packages/airflow/example_dags/example_bash_operator.py
[2024-10-20T03:17:32.192+0000] {logging_mixin.py:154} INFO - [2024-10-20T03:17:32.191+0000] {dag.py:2941} INFO - Sync 1 DAGs
[2024-10-20T03:17:32.216+0000] {logging_mixin.py:154} INFO - [2024-10-20T03:17:32.215+0000] {dag.py:3722} INFO - Setting next_dagrun for example_bash_operator to 2024-10-19T00:00:00+00:00, run_after=2024-10-20T00:00:00+00:00
[2024-10-20T03:17:32.368+0000] {processor.py:179} INFO - Processing /home/airflow/.local/lib/python3.8/site-packages/airflow/example_dags/example_bash_operator.py took 0.226 seconds
[2024-10-20T07:21:06.541+0000] {processor.py:157} INFO - Started process (PID=103) to work on /home/airflow/.local/lib/python3.8/site-packages/airflow/example_dags/example_bash_operator.py
[2024-10-20T07:21:06.564+0000] {processor.py:829} INFO - Processing file /home/airflow/.local/lib/python3.8/site-packages/airflow/example_dags/example_bash_operator.py for tasks to queue
[2024-10-20T07:21:06.568+0000] {logging_mixin.py:154} INFO - [2024-10-20T07:21:06.568+0000] {dagbag.py:536} INFO - Filling up the DagBag from /home/airflow/.local/lib/python3.8/site-packages/airflow/example_dags/example_bash_operator.py
[2024-10-20T07:21:06.593+0000] {processor.py:839} INFO - DAG(s) dict_keys(['example_bash_operator']) retrieved from /home/airflow/.local/lib/python3.8/site-packages/airflow/example_dags/example_bash_operator.py
[2024-10-20T07:21:06.658+0000] {logging_mixin.py:154} INFO - [2024-10-20T07:21:06.657+0000] {dag.py:2941} INFO - Sync 1 DAGs
[2024-10-20T07:21:06.695+0000] {logging_mixin.py:154} INFO - [2024-10-20T07:21:06.694+0000] {dag.py:3722} INFO - Setting next_dagrun for example_bash_operator to 2024-10-19T00:00:00+00:00, run_after=2024-10-20T00:00:00+00:00
[2024-10-20T07:21:06.732+0000] {processor.py:179} INFO - Processing /home/airflow/.local/lib/python3.8/site-packages/airflow/example_dags/example_bash_operator.py took 0.197 seconds
[2024-10-20T07:21:37.713+0000] {processor.py:157} INFO - Started process (PID=159) to work on /home/airflow/.local/lib/python3.8/site-packages/airflow/example_dags/example_bash_operator.py
[2024-10-20T07:21:37.715+0000] {processor.py:829} INFO - Processing file /home/airflow/.local/lib/python3.8/site-packages/airflow/example_dags/example_bash_operator.py for tasks to queue
[2024-10-20T07:21:37.718+0000] {logging_mixin.py:154} INFO - [2024-10-20T07:21:37.717+0000] {dagbag.py:536} INFO - Filling up the DagBag from /home/airflow/.local/lib/python3.8/site-packages/airflow/example_dags/example_bash_operator.py
[2024-10-20T07:21:37.740+0000] {processor.py:839} INFO - DAG(s) dict_keys(['example_bash_operator']) retrieved from /home/airflow/.local/lib/python3.8/site-packages/airflow/example_dags/example_bash_operator.py
[2024-10-20T07:21:37.802+0000] {logging_mixin.py:154} INFO - [2024-10-20T07:21:37.802+0000] {dag.py:2941} INFO - Sync 1 DAGs
[2024-10-20T07:21:37.844+0000] {logging_mixin.py:154} INFO - [2024-10-20T07:21:37.844+0000] {dag.py:3722} INFO - Setting next_dagrun for example_bash_operator to 2024-10-19T00:00:00+00:00, run_after=2024-10-20T00:00:00+00:00
[2024-10-20T07:21:37.884+0000] {processor.py:179} INFO - Processing /home/airflow/.local/lib/python3.8/site-packages/airflow/example_dags/example_bash_operator.py took 0.176 seconds
[2024-10-20T07:22:08.859+0000] {processor.py:157} INFO - Started process (PID=215) to work on /home/airflow/.local/lib/python3.8/site-packages/airflow/example_dags/example_bash_operator.py
[2024-10-20T07:22:08.861+0000] {processor.py:829} INFO - Processing file /home/airflow/.local/lib/python3.8/site-packages/airflow/example_dags/example_bash_operator.py for tasks to queue
[2024-10-20T07:22:08.865+0000] {logging_mixin.py:154} INFO - [2024-10-20T07:22:08.865+0000] {dagbag.py:536} INFO - Filling up the DagBag from /home/airflow/.local/lib/python3.8/site-packages/airflow/example_dags/example_bash_operator.py
[2024-10-20T07:22:08.886+0000] {processor.py:839} INFO - DAG(s) dict_keys(['example_bash_operator']) retrieved from /home/airflow/.local/lib/python3.8/site-packages/airflow/example_dags/example_bash_operator.py
[2024-10-20T07:22:08.953+0000] {logging_mixin.py:154} INFO - [2024-10-20T07:22:08.952+0000] {dag.py:2941} INFO - Sync 1 DAGs
[2024-10-20T07:22:09.010+0000] {logging_mixin.py:154} INFO - [2024-10-20T07:22:09.010+0000] {dag.py:3722} INFO - Setting next_dagrun for example_bash_operator to 2024-10-19T00:00:00+00:00, run_after=2024-10-20T00:00:00+00:00
[2024-10-20T07:22:09.043+0000] {processor.py:179} INFO - Processing /home/airflow/.local/lib/python3.8/site-packages/airflow/example_dags/example_bash_operator.py took 0.189 seconds
[2024-10-20T07:22:39.092+0000] {processor.py:157} INFO - Started process (PID=271) to work on /home/airflow/.local/lib/python3.8/site-packages/airflow/example_dags/example_bash_operator.py
[2024-10-20T07:22:39.094+0000] {processor.py:829} INFO - Processing file /home/airflow/.local/lib/python3.8/site-packages/airflow/example_dags/example_bash_operator.py for tasks to queue
[2024-10-20T07:22:39.098+0000] {logging_mixin.py:154} INFO - [2024-10-20T07:22:39.098+0000] {dagbag.py:536} INFO - Filling up the DagBag from /home/airflow/.local/lib/python3.8/site-packages/airflow/example_dags/example_bash_operator.py
[2024-10-20T07:22:39.120+0000] {processor.py:839} INFO - DAG(s) dict_keys(['example_bash_operator']) retrieved from /home/airflow/.local/lib/python3.8/site-packages/airflow/example_dags/example_bash_operator.py
[2024-10-20T07:22:39.173+0000] {logging_mixin.py:154} INFO - [2024-10-20T07:22:39.173+0000] {dag.py:2941} INFO - Sync 1 DAGs
[2024-10-20T07:22:39.212+0000] {logging_mixin.py:154} INFO - [2024-10-20T07:22:39.211+0000] {dag.py:3722} INFO - Setting next_dagrun for example_bash_operator to 2024-10-19T00:00:00+00:00, run_after=2024-10-20T00:00:00+00:00
[2024-10-20T07:22:39.245+0000] {processor.py:179} INFO - Processing /home/airflow/.local/lib/python3.8/site-packages/airflow/example_dags/example_bash_operator.py took 0.158 seconds
[2024-10-20T07:23:10.205+0000] {processor.py:157} INFO - Started process (PID=327) to work on /home/airflow/.local/lib/python3.8/site-packages/airflow/example_dags/example_bash_operator.py
[2024-10-20T07:23:10.207+0000] {processor.py:829} INFO - Processing file /home/airflow/.local/lib/python3.8/site-packages/airflow/example_dags/example_bash_operator.py for tasks to queue
[2024-10-20T07:23:10.211+0000] {logging_mixin.py:154} INFO - [2024-10-20T07:23:10.210+0000] {dagbag.py:536} INFO - Filling up the DagBag from /home/airflow/.local/lib/python3.8/site-packages/airflow/example_dags/example_bash_operator.py
[2024-10-20T07:23:10.229+0000] {processor.py:839} INFO - DAG(s) dict_keys(['example_bash_operator']) retrieved from /home/airflow/.local/lib/python3.8/site-packages/airflow/example_dags/example_bash_operator.py
[2024-10-20T07:23:10.281+0000] {logging_mixin.py:154} INFO - [2024-10-20T07:23:10.281+0000] {dag.py:2941} INFO - Sync 1 DAGs
[2024-10-20T07:23:10.321+0000] {logging_mixin.py:154} INFO - [2024-10-20T07:23:10.321+0000] {dag.py:3722} INFO - Setting next_dagrun for example_bash_operator to 2024-10-19T00:00:00+00:00, run_after=2024-10-20T00:00:00+00:00
[2024-10-20T07:23:10.355+0000] {processor.py:179} INFO - Processing /home/airflow/.local/lib/python3.8/site-packages/airflow/example_dags/example_bash_operator.py took 0.159 seconds
[2024-10-20T07:23:41.138+0000] {processor.py:157} INFO - Started process (PID=383) to work on /home/airflow/.local/lib/python3.8/site-packages/airflow/example_dags/example_bash_operator.py
[2024-10-20T07:23:41.139+0000] {processor.py:829} INFO - Processing file /home/airflow/.local/lib/python3.8/site-packages/airflow/example_dags/example_bash_operator.py for tasks to queue
[2024-10-20T07:23:41.143+0000] {logging_mixin.py:154} INFO - [2024-10-20T07:23:41.142+0000] {dagbag.py:536} INFO - Filling up the DagBag from /home/airflow/.local/lib/python3.8/site-packages/airflow/example_dags/example_bash_operator.py
[2024-10-20T07:23:41.163+0000] {processor.py:839} INFO - DAG(s) dict_keys(['example_bash_operator']) retrieved from /home/airflow/.local/lib/python3.8/site-packages/airflow/example_dags/example_bash_operator.py
[2024-10-20T07:23:41.213+0000] {logging_mixin.py:154} INFO - [2024-10-20T07:23:41.213+0000] {dag.py:2941} INFO - Sync 1 DAGs
[2024-10-20T07:23:41.250+0000] {logging_mixin.py:154} INFO - [2024-10-20T07:23:41.250+0000] {dag.py:3722} INFO - Setting next_dagrun for example_bash_operator to 2024-10-19T00:00:00+00:00, run_after=2024-10-20T00:00:00+00:00
[2024-10-20T07:23:41.286+0000] {processor.py:179} INFO - Processing /home/airflow/.local/lib/python3.8/site-packages/airflow/example_dags/example_bash_operator.py took 0.156 seconds
[2024-10-20T07:24:11.523+0000] {processor.py:157} INFO - Started process (PID=439) to work on /home/airflow/.local/lib/python3.8/site-packages/airflow/example_dags/example_bash_operator.py
[2024-10-20T07:24:11.525+0000] {processor.py:829} INFO - Processing file /home/airflow/.local/lib/python3.8/site-packages/airflow/example_dags/example_bash_operator.py for tasks to queue
[2024-10-20T07:24:11.528+0000] {logging_mixin.py:154} INFO - [2024-10-20T07:24:11.528+0000] {dagbag.py:536} INFO - Filling up the DagBag from /home/airflow/.local/lib/python3.8/site-packages/airflow/example_dags/example_bash_operator.py
[2024-10-20T07:24:11.547+0000] {processor.py:839} INFO - DAG(s) dict_keys(['example_bash_operator']) retrieved from /home/airflow/.local/lib/python3.8/site-packages/airflow/example_dags/example_bash_operator.py
[2024-10-20T07:24:11.608+0000] {logging_mixin.py:154} INFO - [2024-10-20T07:24:11.608+0000] {dag.py:2941} INFO - Sync 1 DAGs
[2024-10-20T07:24:11.655+0000] {logging_mixin.py:154} INFO - [2024-10-20T07:24:11.655+0000] {dag.py:3722} INFO - Setting next_dagrun for example_bash_operator to 2024-10-19T00:00:00+00:00, run_after=2024-10-20T00:00:00+00:00
[2024-10-20T07:24:11.692+0000] {processor.py:179} INFO - Processing /home/airflow/.local/lib/python3.8/site-packages/airflow/example_dags/example_bash_operator.py took 0.173 seconds
[2024-10-20T07:24:42.347+0000] {processor.py:157} INFO - Started process (PID=495) to work on /home/airflow/.local/lib/python3.8/site-packages/airflow/example_dags/example_bash_operator.py
[2024-10-20T07:24:42.349+0000] {processor.py:829} INFO - Processing file /home/airflow/.local/lib/python3.8/site-packages/airflow/example_dags/example_bash_operator.py for tasks to queue
[2024-10-20T07:24:42.352+0000] {logging_mixin.py:154} INFO - [2024-10-20T07:24:42.352+0000] {dagbag.py:536} INFO - Filling up the DagBag from /home/airflow/.local/lib/python3.8/site-packages/airflow/example_dags/example_bash_operator.py
[2024-10-20T07:24:42.371+0000] {processor.py:839} INFO - DAG(s) dict_keys(['example_bash_operator']) retrieved from /home/airflow/.local/lib/python3.8/site-packages/airflow/example_dags/example_bash_operator.py
[2024-10-20T07:24:42.423+0000] {logging_mixin.py:154} INFO - [2024-10-20T07:24:42.422+0000] {dag.py:2941} INFO - Sync 1 DAGs
[2024-10-20T07:24:42.465+0000] {logging_mixin.py:154} INFO - [2024-10-20T07:24:42.464+0000] {dag.py:3722} INFO - Setting next_dagrun for example_bash_operator to 2024-10-19T00:00:00+00:00, run_after=2024-10-20T00:00:00+00:00
[2024-10-20T07:24:42.502+0000] {processor.py:179} INFO - Processing /home/airflow/.local/lib/python3.8/site-packages/airflow/example_dags/example_bash_operator.py took 0.159 seconds
[2024-10-20T07:26:06.239+0000] {processor.py:157} INFO - Started process (PID=544) to work on /home/airflow/.local/lib/python3.8/site-packages/airflow/example_dags/example_bash_operator.py
[2024-10-20T07:26:06.242+0000] {processor.py:829} INFO - Processing file /home/airflow/.local/lib/python3.8/site-packages/airflow/example_dags/example_bash_operator.py for tasks to queue
[2024-10-20T07:26:06.255+0000] {logging_mixin.py:154} INFO - [2024-10-20T07:26:06.254+0000] {dagbag.py:536} INFO - Filling up the DagBag from /home/airflow/.local/lib/python3.8/site-packages/airflow/example_dags/example_bash_operator.py
[2024-10-20T07:26:06.289+0000] {processor.py:839} INFO - DAG(s) dict_keys(['example_bash_operator']) retrieved from /home/airflow/.local/lib/python3.8/site-packages/airflow/example_dags/example_bash_operator.py
[2024-10-20T07:26:06.441+0000] {logging_mixin.py:154} INFO - [2024-10-20T07:26:06.440+0000] {dag.py:2941} INFO - Sync 1 DAGs
[2024-10-20T07:26:06.500+0000] {logging_mixin.py:154} INFO - [2024-10-20T07:26:06.499+0000] {dag.py:3722} INFO - Setting next_dagrun for example_bash_operator to 2024-10-19T00:00:00+00:00, run_after=2024-10-20T00:00:00+00:00
[2024-10-20T07:26:06.540+0000] {processor.py:179} INFO - Processing /home/airflow/.local/lib/python3.8/site-packages/airflow/example_dags/example_bash_operator.py took 0.310 seconds
[2024-10-20T07:26:36.619+0000] {processor.py:157} INFO - Started process (PID=608) to work on /home/airflow/.local/lib/python3.8/site-packages/airflow/example_dags/example_bash_operator.py
[2024-10-20T07:26:36.620+0000] {processor.py:829} INFO - Processing file /home/airflow/.local/lib/python3.8/site-packages/airflow/example_dags/example_bash_operator.py for tasks to queue
[2024-10-20T07:26:36.624+0000] {logging_mixin.py:154} INFO - [2024-10-20T07:26:36.622+0000] {dagbag.py:536} INFO - Filling up the DagBag from /home/airflow/.local/lib/python3.8/site-packages/airflow/example_dags/example_bash_operator.py
[2024-10-20T07:26:36.641+0000] {processor.py:839} INFO - DAG(s) dict_keys(['example_bash_operator']) retrieved from /home/airflow/.local/lib/python3.8/site-packages/airflow/example_dags/example_bash_operator.py
[2024-10-20T07:26:36.684+0000] {logging_mixin.py:154} INFO - [2024-10-20T07:26:36.683+0000] {dag.py:2941} INFO - Sync 1 DAGs
[2024-10-20T07:26:36.719+0000] {logging_mixin.py:154} INFO - [2024-10-20T07:26:36.719+0000] {dag.py:3722} INFO - Setting next_dagrun for example_bash_operator to 2024-10-19T00:00:00+00:00, run_after=2024-10-20T00:00:00+00:00
[2024-10-20T07:26:36.754+0000] {processor.py:179} INFO - Processing /home/airflow/.local/lib/python3.8/site-packages/airflow/example_dags/example_bash_operator.py took 0.139 seconds
[2024-10-20T07:27:08.701+0000] {processor.py:157} INFO - Started process (PID=664) to work on /home/airflow/.local/lib/python3.8/site-packages/airflow/example_dags/example_bash_operator.py
[2024-10-20T07:27:08.703+0000] {processor.py:829} INFO - Processing file /home/airflow/.local/lib/python3.8/site-packages/airflow/example_dags/example_bash_operator.py for tasks to queue
[2024-10-20T07:27:08.706+0000] {logging_mixin.py:154} INFO - [2024-10-20T07:27:08.706+0000] {dagbag.py:536} INFO - Filling up the DagBag from /home/airflow/.local/lib/python3.8/site-packages/airflow/example_dags/example_bash_operator.py
[2024-10-20T07:27:08.724+0000] {processor.py:839} INFO - DAG(s) dict_keys(['example_bash_operator']) retrieved from /home/airflow/.local/lib/python3.8/site-packages/airflow/example_dags/example_bash_operator.py
[2024-10-20T07:27:08.801+0000] {logging_mixin.py:154} INFO - [2024-10-20T07:27:08.801+0000] {dag.py:2941} INFO - Sync 1 DAGs
[2024-10-20T07:27:08.841+0000] {logging_mixin.py:154} INFO - [2024-10-20T07:27:08.840+0000] {dag.py:3722} INFO - Setting next_dagrun for example_bash_operator to 2024-10-19T00:00:00+00:00, run_after=2024-10-20T00:00:00+00:00
[2024-10-20T07:27:08.870+0000] {processor.py:179} INFO - Processing /home/airflow/.local/lib/python3.8/site-packages/airflow/example_dags/example_bash_operator.py took 0.173 seconds
[2024-10-20T07:27:39.613+0000] {processor.py:157} INFO - Started process (PID=720) to work on /home/airflow/.local/lib/python3.8/site-packages/airflow/example_dags/example_bash_operator.py
[2024-10-20T07:27:39.614+0000] {processor.py:829} INFO - Processing file /home/airflow/.local/lib/python3.8/site-packages/airflow/example_dags/example_bash_operator.py for tasks to queue
[2024-10-20T07:27:39.617+0000] {logging_mixin.py:154} INFO - [2024-10-20T07:27:39.616+0000] {dagbag.py:536} INFO - Filling up the DagBag from /home/airflow/.local/lib/python3.8/site-packages/airflow/example_dags/example_bash_operator.py
[2024-10-20T07:27:39.629+0000] {processor.py:839} INFO - DAG(s) dict_keys(['example_bash_operator']) retrieved from /home/airflow/.local/lib/python3.8/site-packages/airflow/example_dags/example_bash_operator.py
[2024-10-20T07:27:39.669+0000] {logging_mixin.py:154} INFO - [2024-10-20T07:27:39.668+0000] {dag.py:2941} INFO - Sync 1 DAGs
[2024-10-20T07:27:39.699+0000] {logging_mixin.py:154} INFO - [2024-10-20T07:27:39.699+0000] {dag.py:3722} INFO - Setting next_dagrun for example_bash_operator to 2024-10-19T00:00:00+00:00, run_after=2024-10-20T00:00:00+00:00
[2024-10-20T07:27:39.730+0000] {processor.py:179} INFO - Processing /home/airflow/.local/lib/python3.8/site-packages/airflow/example_dags/example_bash_operator.py took 0.121 seconds
