[2024-10-20T02:46:20.830+0000] {processor.py:157} INFO - Started process (PID=111) to work on /home/airflow/.local/lib/python3.8/site-packages/airflow/example_dags/example_latest_only.py
[2024-10-20T02:46:20.831+0000] {processor.py:829} INFO - Processing file /home/airflow/.local/lib/python3.8/site-packages/airflow/example_dags/example_latest_only.py for tasks to queue
[2024-10-20T02:46:20.835+0000] {logging_mixin.py:154} INFO - [2024-10-20T02:46:20.834+0000] {dagbag.py:536} INFO - Filling up the DagBag from /home/airflow/.local/lib/python3.8/site-packages/airflow/example_dags/example_latest_only.py
[2024-10-20T02:46:20.846+0000] {processor.py:839} INFO - DAG(s) dict_keys(['latest_only']) retrieved from /home/airflow/.local/lib/python3.8/site-packages/airflow/example_dags/example_latest_only.py
[2024-10-20T02:46:20.876+0000] {logging_mixin.py:154} INFO - [2024-10-20T02:46:20.875+0000] {dag.py:2941} INFO - Sync 1 DAGs
[2024-10-20T02:46:20.915+0000] {logging_mixin.py:154} INFO - [2024-10-20T02:46:20.914+0000] {dag.py:3722} INFO - Setting next_dagrun for latest_only to 2024-10-19T22:46:20.914639+00:00, run_after=2024-10-20T02:46:20.914639+00:00
[2024-10-20T02:46:20.948+0000] {processor.py:179} INFO - Processing /home/airflow/.local/lib/python3.8/site-packages/airflow/example_dags/example_latest_only.py took 0.122 seconds
[2024-10-20T02:46:51.466+0000] {processor.py:157} INFO - Started process (PID=167) to work on /home/airflow/.local/lib/python3.8/site-packages/airflow/example_dags/example_latest_only.py
[2024-10-20T02:46:51.467+0000] {processor.py:829} INFO - Processing file /home/airflow/.local/lib/python3.8/site-packages/airflow/example_dags/example_latest_only.py for tasks to queue
[2024-10-20T02:46:51.470+0000] {logging_mixin.py:154} INFO - [2024-10-20T02:46:51.470+0000] {dagbag.py:536} INFO - Filling up the DagBag from /home/airflow/.local/lib/python3.8/site-packages/airflow/example_dags/example_latest_only.py
[2024-10-20T02:46:51.477+0000] {processor.py:839} INFO - DAG(s) dict_keys(['latest_only']) retrieved from /home/airflow/.local/lib/python3.8/site-packages/airflow/example_dags/example_latest_only.py
[2024-10-20T02:46:51.500+0000] {logging_mixin.py:154} INFO - [2024-10-20T02:46:51.500+0000] {dag.py:2941} INFO - Sync 1 DAGs
[2024-10-20T02:46:51.524+0000] {logging_mixin.py:154} INFO - [2024-10-20T02:46:51.524+0000] {dag.py:3722} INFO - Setting next_dagrun for latest_only to 2024-10-19T22:46:51.523711+00:00, run_after=2024-10-20T02:46:51.523711+00:00
[2024-10-20T02:46:51.544+0000] {processor.py:179} INFO - Processing /home/airflow/.local/lib/python3.8/site-packages/airflow/example_dags/example_latest_only.py took 0.083 seconds
[2024-10-20T02:47:22.366+0000] {processor.py:157} INFO - Started process (PID=223) to work on /home/airflow/.local/lib/python3.8/site-packages/airflow/example_dags/example_latest_only.py
[2024-10-20T02:47:22.367+0000] {processor.py:829} INFO - Processing file /home/airflow/.local/lib/python3.8/site-packages/airflow/example_dags/example_latest_only.py for tasks to queue
[2024-10-20T02:47:22.369+0000] {logging_mixin.py:154} INFO - [2024-10-20T02:47:22.369+0000] {dagbag.py:536} INFO - Filling up the DagBag from /home/airflow/.local/lib/python3.8/site-packages/airflow/example_dags/example_latest_only.py
[2024-10-20T02:47:22.374+0000] {processor.py:839} INFO - DAG(s) dict_keys(['latest_only']) retrieved from /home/airflow/.local/lib/python3.8/site-packages/airflow/example_dags/example_latest_only.py
[2024-10-20T02:47:22.397+0000] {logging_mixin.py:154} INFO - [2024-10-20T02:47:22.396+0000] {dag.py:2941} INFO - Sync 1 DAGs
[2024-10-20T02:47:22.419+0000] {logging_mixin.py:154} INFO - [2024-10-20T02:47:22.419+0000] {dag.py:3722} INFO - Setting next_dagrun for latest_only to 2024-10-19T22:47:22.419326+00:00, run_after=2024-10-20T02:47:22.419326+00:00
[2024-10-20T02:47:22.441+0000] {processor.py:179} INFO - Processing /home/airflow/.local/lib/python3.8/site-packages/airflow/example_dags/example_latest_only.py took 0.078 seconds
[2024-10-20T02:47:53.131+0000] {processor.py:157} INFO - Started process (PID=279) to work on /home/airflow/.local/lib/python3.8/site-packages/airflow/example_dags/example_latest_only.py
[2024-10-20T02:47:53.132+0000] {processor.py:829} INFO - Processing file /home/airflow/.local/lib/python3.8/site-packages/airflow/example_dags/example_latest_only.py for tasks to queue
[2024-10-20T02:47:53.135+0000] {logging_mixin.py:154} INFO - [2024-10-20T02:47:53.135+0000] {dagbag.py:536} INFO - Filling up the DagBag from /home/airflow/.local/lib/python3.8/site-packages/airflow/example_dags/example_latest_only.py
[2024-10-20T02:47:53.141+0000] {processor.py:839} INFO - DAG(s) dict_keys(['latest_only']) retrieved from /home/airflow/.local/lib/python3.8/site-packages/airflow/example_dags/example_latest_only.py
[2024-10-20T02:47:53.165+0000] {logging_mixin.py:154} INFO - [2024-10-20T02:47:53.165+0000] {dag.py:2941} INFO - Sync 1 DAGs
[2024-10-20T02:47:53.190+0000] {logging_mixin.py:154} INFO - [2024-10-20T02:47:53.189+0000] {dag.py:3722} INFO - Setting next_dagrun for latest_only to 2024-10-19T22:47:53.189568+00:00, run_after=2024-10-20T02:47:53.189568+00:00
[2024-10-20T02:47:53.225+0000] {processor.py:179} INFO - Processing /home/airflow/.local/lib/python3.8/site-packages/airflow/example_dags/example_latest_only.py took 0.097 seconds
[2024-10-20T02:48:23.399+0000] {processor.py:157} INFO - Started process (PID=335) to work on /home/airflow/.local/lib/python3.8/site-packages/airflow/example_dags/example_latest_only.py
[2024-10-20T02:48:23.400+0000] {processor.py:829} INFO - Processing file /home/airflow/.local/lib/python3.8/site-packages/airflow/example_dags/example_latest_only.py for tasks to queue
[2024-10-20T02:48:23.403+0000] {logging_mixin.py:154} INFO - [2024-10-20T02:48:23.403+0000] {dagbag.py:536} INFO - Filling up the DagBag from /home/airflow/.local/lib/python3.8/site-packages/airflow/example_dags/example_latest_only.py
[2024-10-20T02:48:23.408+0000] {processor.py:839} INFO - DAG(s) dict_keys(['latest_only']) retrieved from /home/airflow/.local/lib/python3.8/site-packages/airflow/example_dags/example_latest_only.py
[2024-10-20T02:48:23.432+0000] {logging_mixin.py:154} INFO - [2024-10-20T02:48:23.432+0000] {dag.py:2941} INFO - Sync 1 DAGs
[2024-10-20T02:48:23.456+0000] {logging_mixin.py:154} INFO - [2024-10-20T02:48:23.456+0000] {dag.py:3722} INFO - Setting next_dagrun for latest_only to 2024-10-19T22:48:23.455789+00:00, run_after=2024-10-20T02:48:23.455789+00:00
[2024-10-20T02:48:23.480+0000] {processor.py:179} INFO - Processing /home/airflow/.local/lib/python3.8/site-packages/airflow/example_dags/example_latest_only.py took 0.084 seconds
[2024-10-20T02:48:54.408+0000] {processor.py:157} INFO - Started process (PID=391) to work on /home/airflow/.local/lib/python3.8/site-packages/airflow/example_dags/example_latest_only.py
[2024-10-20T02:48:54.410+0000] {processor.py:829} INFO - Processing file /home/airflow/.local/lib/python3.8/site-packages/airflow/example_dags/example_latest_only.py for tasks to queue
[2024-10-20T02:48:54.412+0000] {logging_mixin.py:154} INFO - [2024-10-20T02:48:54.411+0000] {dagbag.py:536} INFO - Filling up the DagBag from /home/airflow/.local/lib/python3.8/site-packages/airflow/example_dags/example_latest_only.py
[2024-10-20T02:48:54.417+0000] {processor.py:839} INFO - DAG(s) dict_keys(['latest_only']) retrieved from /home/airflow/.local/lib/python3.8/site-packages/airflow/example_dags/example_latest_only.py
[2024-10-20T02:48:54.442+0000] {logging_mixin.py:154} INFO - [2024-10-20T02:48:54.442+0000] {dag.py:2941} INFO - Sync 1 DAGs
[2024-10-20T02:48:54.469+0000] {logging_mixin.py:154} INFO - [2024-10-20T02:48:54.469+0000] {dag.py:3722} INFO - Setting next_dagrun for latest_only to 2024-10-19T22:48:54.469263+00:00, run_after=2024-10-20T02:48:54.469263+00:00
[2024-10-20T02:48:54.494+0000] {processor.py:179} INFO - Processing /home/airflow/.local/lib/python3.8/site-packages/airflow/example_dags/example_latest_only.py took 0.089 seconds
[2024-10-20T02:49:25.210+0000] {processor.py:157} INFO - Started process (PID=447) to work on /home/airflow/.local/lib/python3.8/site-packages/airflow/example_dags/example_latest_only.py
[2024-10-20T02:49:25.212+0000] {processor.py:829} INFO - Processing file /home/airflow/.local/lib/python3.8/site-packages/airflow/example_dags/example_latest_only.py for tasks to queue
[2024-10-20T02:49:25.214+0000] {logging_mixin.py:154} INFO - [2024-10-20T02:49:25.214+0000] {dagbag.py:536} INFO - Filling up the DagBag from /home/airflow/.local/lib/python3.8/site-packages/airflow/example_dags/example_latest_only.py
[2024-10-20T02:49:25.219+0000] {processor.py:839} INFO - DAG(s) dict_keys(['latest_only']) retrieved from /home/airflow/.local/lib/python3.8/site-packages/airflow/example_dags/example_latest_only.py
[2024-10-20T02:49:25.240+0000] {logging_mixin.py:154} INFO - [2024-10-20T02:49:25.240+0000] {dag.py:2941} INFO - Sync 1 DAGs
[2024-10-20T02:49:25.261+0000] {logging_mixin.py:154} INFO - [2024-10-20T02:49:25.261+0000] {dag.py:3722} INFO - Setting next_dagrun for latest_only to 2024-10-19T22:49:25.261015+00:00, run_after=2024-10-20T02:49:25.261015+00:00
[2024-10-20T02:49:25.285+0000] {processor.py:179} INFO - Processing /home/airflow/.local/lib/python3.8/site-packages/airflow/example_dags/example_latest_only.py took 0.077 seconds
[2024-10-20T02:49:55.791+0000] {processor.py:157} INFO - Started process (PID=503) to work on /home/airflow/.local/lib/python3.8/site-packages/airflow/example_dags/example_latest_only.py
[2024-10-20T02:49:55.793+0000] {processor.py:829} INFO - Processing file /home/airflow/.local/lib/python3.8/site-packages/airflow/example_dags/example_latest_only.py for tasks to queue
[2024-10-20T02:49:55.795+0000] {logging_mixin.py:154} INFO - [2024-10-20T02:49:55.795+0000] {dagbag.py:536} INFO - Filling up the DagBag from /home/airflow/.local/lib/python3.8/site-packages/airflow/example_dags/example_latest_only.py
[2024-10-20T02:49:55.801+0000] {processor.py:839} INFO - DAG(s) dict_keys(['latest_only']) retrieved from /home/airflow/.local/lib/python3.8/site-packages/airflow/example_dags/example_latest_only.py
[2024-10-20T02:49:55.823+0000] {logging_mixin.py:154} INFO - [2024-10-20T02:49:55.823+0000] {dag.py:2941} INFO - Sync 1 DAGs
[2024-10-20T02:49:55.847+0000] {logging_mixin.py:154} INFO - [2024-10-20T02:49:55.847+0000] {dag.py:3722} INFO - Setting next_dagrun for latest_only to 2024-10-19T22:49:55.847019+00:00, run_after=2024-10-20T02:49:55.847019+00:00
[2024-10-20T02:49:55.873+0000] {processor.py:179} INFO - Processing /home/airflow/.local/lib/python3.8/site-packages/airflow/example_dags/example_latest_only.py took 0.084 seconds
[2024-10-20T02:50:26.345+0000] {processor.py:157} INFO - Started process (PID=559) to work on /home/airflow/.local/lib/python3.8/site-packages/airflow/example_dags/example_latest_only.py
[2024-10-20T02:50:26.347+0000] {processor.py:829} INFO - Processing file /home/airflow/.local/lib/python3.8/site-packages/airflow/example_dags/example_latest_only.py for tasks to queue
[2024-10-20T02:50:26.350+0000] {logging_mixin.py:154} INFO - [2024-10-20T02:50:26.350+0000] {dagbag.py:536} INFO - Filling up the DagBag from /home/airflow/.local/lib/python3.8/site-packages/airflow/example_dags/example_latest_only.py
[2024-10-20T02:50:26.357+0000] {processor.py:839} INFO - DAG(s) dict_keys(['latest_only']) retrieved from /home/airflow/.local/lib/python3.8/site-packages/airflow/example_dags/example_latest_only.py
[2024-10-20T02:50:26.384+0000] {logging_mixin.py:154} INFO - [2024-10-20T02:50:26.384+0000] {dag.py:2941} INFO - Sync 1 DAGs
[2024-10-20T02:50:26.419+0000] {logging_mixin.py:154} INFO - [2024-10-20T02:50:26.418+0000] {dag.py:3722} INFO - Setting next_dagrun for latest_only to 2024-10-19T22:50:26.418383+00:00, run_after=2024-10-20T02:50:26.418383+00:00
[2024-10-20T02:50:26.463+0000] {processor.py:179} INFO - Processing /home/airflow/.local/lib/python3.8/site-packages/airflow/example_dags/example_latest_only.py took 0.122 seconds
[2024-10-20T02:50:57.543+0000] {processor.py:157} INFO - Started process (PID=615) to work on /home/airflow/.local/lib/python3.8/site-packages/airflow/example_dags/example_latest_only.py
[2024-10-20T02:50:57.545+0000] {processor.py:829} INFO - Processing file /home/airflow/.local/lib/python3.8/site-packages/airflow/example_dags/example_latest_only.py for tasks to queue
[2024-10-20T02:50:57.548+0000] {logging_mixin.py:154} INFO - [2024-10-20T02:50:57.547+0000] {dagbag.py:536} INFO - Filling up the DagBag from /home/airflow/.local/lib/python3.8/site-packages/airflow/example_dags/example_latest_only.py
[2024-10-20T02:50:57.552+0000] {processor.py:839} INFO - DAG(s) dict_keys(['latest_only']) retrieved from /home/airflow/.local/lib/python3.8/site-packages/airflow/example_dags/example_latest_only.py
[2024-10-20T02:50:57.575+0000] {logging_mixin.py:154} INFO - [2024-10-20T02:50:57.574+0000] {dag.py:2941} INFO - Sync 1 DAGs
[2024-10-20T02:50:57.598+0000] {logging_mixin.py:154} INFO - [2024-10-20T02:50:57.598+0000] {dag.py:3722} INFO - Setting next_dagrun for latest_only to 2024-10-19T22:50:57.598467+00:00, run_after=2024-10-20T02:50:57.598467+00:00
[2024-10-20T02:50:57.621+0000] {processor.py:179} INFO - Processing /home/airflow/.local/lib/python3.8/site-packages/airflow/example_dags/example_latest_only.py took 0.081 seconds
[2024-10-20T02:51:27.944+0000] {processor.py:157} INFO - Started process (PID=671) to work on /home/airflow/.local/lib/python3.8/site-packages/airflow/example_dags/example_latest_only.py
[2024-10-20T02:51:27.946+0000] {processor.py:829} INFO - Processing file /home/airflow/.local/lib/python3.8/site-packages/airflow/example_dags/example_latest_only.py for tasks to queue
[2024-10-20T02:51:27.948+0000] {logging_mixin.py:154} INFO - [2024-10-20T02:51:27.947+0000] {dagbag.py:536} INFO - Filling up the DagBag from /home/airflow/.local/lib/python3.8/site-packages/airflow/example_dags/example_latest_only.py
[2024-10-20T02:51:27.952+0000] {processor.py:839} INFO - DAG(s) dict_keys(['latest_only']) retrieved from /home/airflow/.local/lib/python3.8/site-packages/airflow/example_dags/example_latest_only.py
[2024-10-20T02:51:27.972+0000] {logging_mixin.py:154} INFO - [2024-10-20T02:51:27.972+0000] {dag.py:2941} INFO - Sync 1 DAGs
[2024-10-20T02:51:27.995+0000] {logging_mixin.py:154} INFO - [2024-10-20T02:51:27.995+0000] {dag.py:3722} INFO - Setting next_dagrun for latest_only to 2024-10-19T22:51:27.995486+00:00, run_after=2024-10-20T02:51:27.995486+00:00
[2024-10-20T02:51:28.018+0000] {processor.py:179} INFO - Processing /home/airflow/.local/lib/python3.8/site-packages/airflow/example_dags/example_latest_only.py took 0.076 seconds
[2024-10-20T02:51:59.263+0000] {processor.py:157} INFO - Started process (PID=727) to work on /home/airflow/.local/lib/python3.8/site-packages/airflow/example_dags/example_latest_only.py
[2024-10-20T02:51:59.264+0000] {processor.py:829} INFO - Processing file /home/airflow/.local/lib/python3.8/site-packages/airflow/example_dags/example_latest_only.py for tasks to queue
[2024-10-20T02:51:59.266+0000] {logging_mixin.py:154} INFO - [2024-10-20T02:51:59.266+0000] {dagbag.py:536} INFO - Filling up the DagBag from /home/airflow/.local/lib/python3.8/site-packages/airflow/example_dags/example_latest_only.py
[2024-10-20T02:51:59.271+0000] {processor.py:839} INFO - DAG(s) dict_keys(['latest_only']) retrieved from /home/airflow/.local/lib/python3.8/site-packages/airflow/example_dags/example_latest_only.py
[2024-10-20T02:51:59.292+0000] {logging_mixin.py:154} INFO - [2024-10-20T02:51:59.292+0000] {dag.py:2941} INFO - Sync 1 DAGs
[2024-10-20T02:51:59.316+0000] {logging_mixin.py:154} INFO - [2024-10-20T02:51:59.316+0000] {dag.py:3722} INFO - Setting next_dagrun for latest_only to 2024-10-19T22:51:59.315887+00:00, run_after=2024-10-20T02:51:59.315887+00:00
[2024-10-20T02:51:59.348+0000] {processor.py:179} INFO - Processing /home/airflow/.local/lib/python3.8/site-packages/airflow/example_dags/example_latest_only.py took 0.088 seconds
[2024-10-20T02:52:30.485+0000] {processor.py:157} INFO - Started process (PID=783) to work on /home/airflow/.local/lib/python3.8/site-packages/airflow/example_dags/example_latest_only.py
[2024-10-20T02:52:30.486+0000] {processor.py:829} INFO - Processing file /home/airflow/.local/lib/python3.8/site-packages/airflow/example_dags/example_latest_only.py for tasks to queue
[2024-10-20T02:52:30.489+0000] {logging_mixin.py:154} INFO - [2024-10-20T02:52:30.488+0000] {dagbag.py:536} INFO - Filling up the DagBag from /home/airflow/.local/lib/python3.8/site-packages/airflow/example_dags/example_latest_only.py
[2024-10-20T02:52:30.495+0000] {processor.py:839} INFO - DAG(s) dict_keys(['latest_only']) retrieved from /home/airflow/.local/lib/python3.8/site-packages/airflow/example_dags/example_latest_only.py
[2024-10-20T02:52:30.518+0000] {logging_mixin.py:154} INFO - [2024-10-20T02:52:30.518+0000] {dag.py:2941} INFO - Sync 1 DAGs
[2024-10-20T02:52:30.543+0000] {logging_mixin.py:154} INFO - [2024-10-20T02:52:30.543+0000] {dag.py:3722} INFO - Setting next_dagrun for latest_only to 2024-10-19T22:52:30.542881+00:00, run_after=2024-10-20T02:52:30.542881+00:00
[2024-10-20T02:52:30.565+0000] {processor.py:179} INFO - Processing /home/airflow/.local/lib/python3.8/site-packages/airflow/example_dags/example_latest_only.py took 0.084 seconds
[2024-10-20T02:53:01.088+0000] {processor.py:157} INFO - Started process (PID=839) to work on /home/airflow/.local/lib/python3.8/site-packages/airflow/example_dags/example_latest_only.py
[2024-10-20T02:53:01.089+0000] {processor.py:829} INFO - Processing file /home/airflow/.local/lib/python3.8/site-packages/airflow/example_dags/example_latest_only.py for tasks to queue
[2024-10-20T02:53:01.093+0000] {logging_mixin.py:154} INFO - [2024-10-20T02:53:01.093+0000] {dagbag.py:536} INFO - Filling up the DagBag from /home/airflow/.local/lib/python3.8/site-packages/airflow/example_dags/example_latest_only.py
[2024-10-20T02:53:01.100+0000] {processor.py:839} INFO - DAG(s) dict_keys(['latest_only']) retrieved from /home/airflow/.local/lib/python3.8/site-packages/airflow/example_dags/example_latest_only.py
[2024-10-20T02:53:01.134+0000] {logging_mixin.py:154} INFO - [2024-10-20T02:53:01.134+0000] {dag.py:2941} INFO - Sync 1 DAGs
[2024-10-20T02:53:01.175+0000] {logging_mixin.py:154} INFO - [2024-10-20T02:53:01.174+0000] {dag.py:3722} INFO - Setting next_dagrun for latest_only to 2024-10-19T22:53:01.174191+00:00, run_after=2024-10-20T02:53:01.174191+00:00
[2024-10-20T02:53:01.223+0000] {processor.py:179} INFO - Processing /home/airflow/.local/lib/python3.8/site-packages/airflow/example_dags/example_latest_only.py took 0.140 seconds
[2024-10-20T02:53:31.545+0000] {processor.py:157} INFO - Started process (PID=897) to work on /home/airflow/.local/lib/python3.8/site-packages/airflow/example_dags/example_latest_only.py
[2024-10-20T02:53:31.546+0000] {processor.py:829} INFO - Processing file /home/airflow/.local/lib/python3.8/site-packages/airflow/example_dags/example_latest_only.py for tasks to queue
[2024-10-20T02:53:31.548+0000] {logging_mixin.py:154} INFO - [2024-10-20T02:53:31.548+0000] {dagbag.py:536} INFO - Filling up the DagBag from /home/airflow/.local/lib/python3.8/site-packages/airflow/example_dags/example_latest_only.py
[2024-10-20T02:53:31.554+0000] {processor.py:839} INFO - DAG(s) dict_keys(['latest_only']) retrieved from /home/airflow/.local/lib/python3.8/site-packages/airflow/example_dags/example_latest_only.py
[2024-10-20T02:53:31.577+0000] {logging_mixin.py:154} INFO - [2024-10-20T02:53:31.577+0000] {dag.py:2941} INFO - Sync 1 DAGs
[2024-10-20T02:53:31.604+0000] {logging_mixin.py:154} INFO - [2024-10-20T02:53:31.604+0000] {dag.py:3722} INFO - Setting next_dagrun for latest_only to 2024-10-19T22:53:31.604045+00:00, run_after=2024-10-20T02:53:31.604045+00:00
[2024-10-20T02:53:31.631+0000] {processor.py:179} INFO - Processing /home/airflow/.local/lib/python3.8/site-packages/airflow/example_dags/example_latest_only.py took 0.089 seconds
[2024-10-20T02:54:02.605+0000] {processor.py:157} INFO - Started process (PID=953) to work on /home/airflow/.local/lib/python3.8/site-packages/airflow/example_dags/example_latest_only.py
[2024-10-20T02:54:02.606+0000] {processor.py:829} INFO - Processing file /home/airflow/.local/lib/python3.8/site-packages/airflow/example_dags/example_latest_only.py for tasks to queue
[2024-10-20T02:54:02.609+0000] {logging_mixin.py:154} INFO - [2024-10-20T02:54:02.608+0000] {dagbag.py:536} INFO - Filling up the DagBag from /home/airflow/.local/lib/python3.8/site-packages/airflow/example_dags/example_latest_only.py
[2024-10-20T02:54:02.615+0000] {processor.py:839} INFO - DAG(s) dict_keys(['latest_only']) retrieved from /home/airflow/.local/lib/python3.8/site-packages/airflow/example_dags/example_latest_only.py
[2024-10-20T02:54:02.644+0000] {logging_mixin.py:154} INFO - [2024-10-20T02:54:02.644+0000] {dag.py:2941} INFO - Sync 1 DAGs
[2024-10-20T02:54:02.671+0000] {logging_mixin.py:154} INFO - [2024-10-20T02:54:02.671+0000] {dag.py:3722} INFO - Setting next_dagrun for latest_only to 2024-10-19T22:54:02.671161+00:00, run_after=2024-10-20T02:54:02.671161+00:00
[2024-10-20T02:54:02.703+0000] {processor.py:179} INFO - Processing /home/airflow/.local/lib/python3.8/site-packages/airflow/example_dags/example_latest_only.py took 0.103 seconds
[2024-10-20T02:54:33.178+0000] {processor.py:157} INFO - Started process (PID=1009) to work on /home/airflow/.local/lib/python3.8/site-packages/airflow/example_dags/example_latest_only.py
[2024-10-20T02:54:33.179+0000] {processor.py:829} INFO - Processing file /home/airflow/.local/lib/python3.8/site-packages/airflow/example_dags/example_latest_only.py for tasks to queue
[2024-10-20T02:54:33.181+0000] {logging_mixin.py:154} INFO - [2024-10-20T02:54:33.181+0000] {dagbag.py:536} INFO - Filling up the DagBag from /home/airflow/.local/lib/python3.8/site-packages/airflow/example_dags/example_latest_only.py
[2024-10-20T02:54:33.186+0000] {processor.py:839} INFO - DAG(s) dict_keys(['latest_only']) retrieved from /home/airflow/.local/lib/python3.8/site-packages/airflow/example_dags/example_latest_only.py
[2024-10-20T02:54:33.211+0000] {logging_mixin.py:154} INFO - [2024-10-20T02:54:33.211+0000] {dag.py:2941} INFO - Sync 1 DAGs
[2024-10-20T02:54:33.238+0000] {logging_mixin.py:154} INFO - [2024-10-20T02:54:33.238+0000] {dag.py:3722} INFO - Setting next_dagrun for latest_only to 2024-10-19T22:54:33.238092+00:00, run_after=2024-10-20T02:54:33.238092+00:00
[2024-10-20T02:54:33.262+0000] {processor.py:179} INFO - Processing /home/airflow/.local/lib/python3.8/site-packages/airflow/example_dags/example_latest_only.py took 0.089 seconds
[2024-10-20T02:55:03.746+0000] {processor.py:157} INFO - Started process (PID=1065) to work on /home/airflow/.local/lib/python3.8/site-packages/airflow/example_dags/example_latest_only.py
[2024-10-20T02:55:03.748+0000] {processor.py:829} INFO - Processing file /home/airflow/.local/lib/python3.8/site-packages/airflow/example_dags/example_latest_only.py for tasks to queue
[2024-10-20T02:55:03.751+0000] {logging_mixin.py:154} INFO - [2024-10-20T02:55:03.750+0000] {dagbag.py:536} INFO - Filling up the DagBag from /home/airflow/.local/lib/python3.8/site-packages/airflow/example_dags/example_latest_only.py
[2024-10-20T02:55:03.757+0000] {processor.py:839} INFO - DAG(s) dict_keys(['latest_only']) retrieved from /home/airflow/.local/lib/python3.8/site-packages/airflow/example_dags/example_latest_only.py
[2024-10-20T02:55:03.780+0000] {logging_mixin.py:154} INFO - [2024-10-20T02:55:03.780+0000] {dag.py:2941} INFO - Sync 1 DAGs
[2024-10-20T02:55:03.803+0000] {logging_mixin.py:154} INFO - [2024-10-20T02:55:03.803+0000] {dag.py:3722} INFO - Setting next_dagrun for latest_only to 2024-10-19T22:55:03.803513+00:00, run_after=2024-10-20T02:55:03.803513+00:00
[2024-10-20T02:55:04.071+0000] {processor.py:179} INFO - Processing /home/airflow/.local/lib/python3.8/site-packages/airflow/example_dags/example_latest_only.py took 0.328 seconds
[2024-10-20T02:55:34.209+0000] {processor.py:157} INFO - Started process (PID=1123) to work on /home/airflow/.local/lib/python3.8/site-packages/airflow/example_dags/example_latest_only.py
[2024-10-20T02:55:34.210+0000] {processor.py:829} INFO - Processing file /home/airflow/.local/lib/python3.8/site-packages/airflow/example_dags/example_latest_only.py for tasks to queue
[2024-10-20T02:55:34.213+0000] {logging_mixin.py:154} INFO - [2024-10-20T02:55:34.213+0000] {dagbag.py:536} INFO - Filling up the DagBag from /home/airflow/.local/lib/python3.8/site-packages/airflow/example_dags/example_latest_only.py
[2024-10-20T02:55:34.219+0000] {processor.py:839} INFO - DAG(s) dict_keys(['latest_only']) retrieved from /home/airflow/.local/lib/python3.8/site-packages/airflow/example_dags/example_latest_only.py
[2024-10-20T02:55:34.243+0000] {logging_mixin.py:154} INFO - [2024-10-20T02:55:34.243+0000] {dag.py:2941} INFO - Sync 1 DAGs
[2024-10-20T02:55:34.270+0000] {logging_mixin.py:154} INFO - [2024-10-20T02:55:34.270+0000] {dag.py:3722} INFO - Setting next_dagrun for latest_only to 2024-10-19T22:55:34.269787+00:00, run_after=2024-10-20T02:55:34.269787+00:00
[2024-10-20T02:55:34.300+0000] {processor.py:179} INFO - Processing /home/airflow/.local/lib/python3.8/site-packages/airflow/example_dags/example_latest_only.py took 0.094 seconds
[2024-10-20T02:56:05.008+0000] {processor.py:157} INFO - Started process (PID=1183) to work on /home/airflow/.local/lib/python3.8/site-packages/airflow/example_dags/example_latest_only.py
[2024-10-20T02:56:05.010+0000] {processor.py:829} INFO - Processing file /home/airflow/.local/lib/python3.8/site-packages/airflow/example_dags/example_latest_only.py for tasks to queue
[2024-10-20T02:56:05.013+0000] {logging_mixin.py:154} INFO - [2024-10-20T02:56:05.012+0000] {dagbag.py:536} INFO - Filling up the DagBag from /home/airflow/.local/lib/python3.8/site-packages/airflow/example_dags/example_latest_only.py
[2024-10-20T02:56:05.019+0000] {processor.py:839} INFO - DAG(s) dict_keys(['latest_only']) retrieved from /home/airflow/.local/lib/python3.8/site-packages/airflow/example_dags/example_latest_only.py
[2024-10-20T02:56:05.046+0000] {logging_mixin.py:154} INFO - [2024-10-20T02:56:05.046+0000] {dag.py:2941} INFO - Sync 1 DAGs
[2024-10-20T02:56:05.074+0000] {logging_mixin.py:154} INFO - [2024-10-20T02:56:05.074+0000] {dag.py:3722} INFO - Setting next_dagrun for latest_only to 2024-10-19T22:56:05.074042+00:00, run_after=2024-10-20T02:56:05.074042+00:00
[2024-10-20T02:56:05.103+0000] {processor.py:179} INFO - Processing /home/airflow/.local/lib/python3.8/site-packages/airflow/example_dags/example_latest_only.py took 0.098 seconds
[2024-10-20T02:56:35.225+0000] {processor.py:157} INFO - Started process (PID=1239) to work on /home/airflow/.local/lib/python3.8/site-packages/airflow/example_dags/example_latest_only.py
[2024-10-20T02:56:35.226+0000] {processor.py:829} INFO - Processing file /home/airflow/.local/lib/python3.8/site-packages/airflow/example_dags/example_latest_only.py for tasks to queue
[2024-10-20T02:56:35.229+0000] {logging_mixin.py:154} INFO - [2024-10-20T02:56:35.228+0000] {dagbag.py:536} INFO - Filling up the DagBag from /home/airflow/.local/lib/python3.8/site-packages/airflow/example_dags/example_latest_only.py
[2024-10-20T02:56:35.234+0000] {processor.py:839} INFO - DAG(s) dict_keys(['latest_only']) retrieved from /home/airflow/.local/lib/python3.8/site-packages/airflow/example_dags/example_latest_only.py
[2024-10-20T02:56:35.257+0000] {logging_mixin.py:154} INFO - [2024-10-20T02:56:35.257+0000] {dag.py:2941} INFO - Sync 1 DAGs
[2024-10-20T02:56:35.283+0000] {logging_mixin.py:154} INFO - [2024-10-20T02:56:35.283+0000] {dag.py:3722} INFO - Setting next_dagrun for latest_only to 2024-10-19T22:56:35.283469+00:00, run_after=2024-10-20T02:56:35.283469+00:00
[2024-10-20T02:56:35.309+0000] {processor.py:179} INFO - Processing /home/airflow/.local/lib/python3.8/site-packages/airflow/example_dags/example_latest_only.py took 0.087 seconds
[2024-10-20T02:57:06.223+0000] {processor.py:157} INFO - Started process (PID=1295) to work on /home/airflow/.local/lib/python3.8/site-packages/airflow/example_dags/example_latest_only.py
[2024-10-20T02:57:06.224+0000] {processor.py:829} INFO - Processing file /home/airflow/.local/lib/python3.8/site-packages/airflow/example_dags/example_latest_only.py for tasks to queue
[2024-10-20T02:57:06.226+0000] {logging_mixin.py:154} INFO - [2024-10-20T02:57:06.226+0000] {dagbag.py:536} INFO - Filling up the DagBag from /home/airflow/.local/lib/python3.8/site-packages/airflow/example_dags/example_latest_only.py
[2024-10-20T02:57:06.232+0000] {processor.py:839} INFO - DAG(s) dict_keys(['latest_only']) retrieved from /home/airflow/.local/lib/python3.8/site-packages/airflow/example_dags/example_latest_only.py
[2024-10-20T02:57:06.258+0000] {logging_mixin.py:154} INFO - [2024-10-20T02:57:06.257+0000] {dag.py:2941} INFO - Sync 1 DAGs
[2024-10-20T02:57:06.446+0000] {logging_mixin.py:154} INFO - [2024-10-20T02:57:06.445+0000] {dag.py:3722} INFO - Setting next_dagrun for latest_only to 2024-10-19T22:57:06.445599+00:00, run_after=2024-10-20T02:57:06.445599+00:00
[2024-10-20T02:57:06.476+0000] {processor.py:179} INFO - Processing /home/airflow/.local/lib/python3.8/site-packages/airflow/example_dags/example_latest_only.py took 0.256 seconds
[2024-10-20T02:57:36.698+0000] {processor.py:157} INFO - Started process (PID=1353) to work on /home/airflow/.local/lib/python3.8/site-packages/airflow/example_dags/example_latest_only.py
[2024-10-20T02:57:36.699+0000] {processor.py:829} INFO - Processing file /home/airflow/.local/lib/python3.8/site-packages/airflow/example_dags/example_latest_only.py for tasks to queue
[2024-10-20T02:57:36.701+0000] {logging_mixin.py:154} INFO - [2024-10-20T02:57:36.701+0000] {dagbag.py:536} INFO - Filling up the DagBag from /home/airflow/.local/lib/python3.8/site-packages/airflow/example_dags/example_latest_only.py
[2024-10-20T02:57:36.706+0000] {processor.py:839} INFO - DAG(s) dict_keys(['latest_only']) retrieved from /home/airflow/.local/lib/python3.8/site-packages/airflow/example_dags/example_latest_only.py
[2024-10-20T02:57:36.730+0000] {logging_mixin.py:154} INFO - [2024-10-20T02:57:36.730+0000] {dag.py:2941} INFO - Sync 1 DAGs
[2024-10-20T02:57:36.756+0000] {logging_mixin.py:154} INFO - [2024-10-20T02:57:36.755+0000] {dag.py:3722} INFO - Setting next_dagrun for latest_only to 2024-10-19T22:57:36.755531+00:00, run_after=2024-10-20T02:57:36.755531+00:00
[2024-10-20T02:57:36.960+0000] {processor.py:179} INFO - Processing /home/airflow/.local/lib/python3.8/site-packages/airflow/example_dags/example_latest_only.py took 0.265 seconds
[2024-10-20T02:58:07.001+0000] {processor.py:157} INFO - Started process (PID=1408) to work on /home/airflow/.local/lib/python3.8/site-packages/airflow/example_dags/example_latest_only.py
[2024-10-20T02:58:07.002+0000] {processor.py:829} INFO - Processing file /home/airflow/.local/lib/python3.8/site-packages/airflow/example_dags/example_latest_only.py for tasks to queue
[2024-10-20T02:58:07.006+0000] {logging_mixin.py:154} INFO - [2024-10-20T02:58:07.005+0000] {dagbag.py:536} INFO - Filling up the DagBag from /home/airflow/.local/lib/python3.8/site-packages/airflow/example_dags/example_latest_only.py
[2024-10-20T02:58:07.012+0000] {processor.py:839} INFO - DAG(s) dict_keys(['latest_only']) retrieved from /home/airflow/.local/lib/python3.8/site-packages/airflow/example_dags/example_latest_only.py
[2024-10-20T02:58:07.034+0000] {logging_mixin.py:154} INFO - [2024-10-20T02:58:07.034+0000] {dag.py:2941} INFO - Sync 1 DAGs
[2024-10-20T02:58:07.057+0000] {logging_mixin.py:154} INFO - [2024-10-20T02:58:07.057+0000] {dag.py:3722} INFO - Setting next_dagrun for latest_only to 2024-10-19T22:58:07.057480+00:00, run_after=2024-10-20T02:58:07.057480+00:00
[2024-10-20T02:58:07.082+0000] {processor.py:179} INFO - Processing /home/airflow/.local/lib/python3.8/site-packages/airflow/example_dags/example_latest_only.py took 0.084 seconds
[2024-10-20T02:58:37.220+0000] {processor.py:157} INFO - Started process (PID=1464) to work on /home/airflow/.local/lib/python3.8/site-packages/airflow/example_dags/example_latest_only.py
[2024-10-20T02:58:37.221+0000] {processor.py:829} INFO - Processing file /home/airflow/.local/lib/python3.8/site-packages/airflow/example_dags/example_latest_only.py for tasks to queue
[2024-10-20T02:58:37.225+0000] {logging_mixin.py:154} INFO - [2024-10-20T02:58:37.224+0000] {dagbag.py:536} INFO - Filling up the DagBag from /home/airflow/.local/lib/python3.8/site-packages/airflow/example_dags/example_latest_only.py
[2024-10-20T02:58:37.230+0000] {processor.py:839} INFO - DAG(s) dict_keys(['latest_only']) retrieved from /home/airflow/.local/lib/python3.8/site-packages/airflow/example_dags/example_latest_only.py
[2024-10-20T02:58:37.254+0000] {logging_mixin.py:154} INFO - [2024-10-20T02:58:37.253+0000] {dag.py:2941} INFO - Sync 1 DAGs
[2024-10-20T02:58:37.278+0000] {logging_mixin.py:154} INFO - [2024-10-20T02:58:37.278+0000] {dag.py:3722} INFO - Setting next_dagrun for latest_only to 2024-10-19T22:58:37.278234+00:00, run_after=2024-10-20T02:58:37.278234+00:00
[2024-10-20T02:58:37.304+0000] {processor.py:179} INFO - Processing /home/airflow/.local/lib/python3.8/site-packages/airflow/example_dags/example_latest_only.py took 0.088 seconds
[2024-10-20T02:59:56.458+0000] {processor.py:157} INFO - Started process (PID=116) to work on /home/airflow/.local/lib/python3.8/site-packages/airflow/example_dags/example_latest_only.py
[2024-10-20T02:59:56.459+0000] {processor.py:829} INFO - Processing file /home/airflow/.local/lib/python3.8/site-packages/airflow/example_dags/example_latest_only.py for tasks to queue
[2024-10-20T02:59:56.462+0000] {logging_mixin.py:154} INFO - [2024-10-20T02:59:56.462+0000] {dagbag.py:536} INFO - Filling up the DagBag from /home/airflow/.local/lib/python3.8/site-packages/airflow/example_dags/example_latest_only.py
[2024-10-20T02:59:56.472+0000] {processor.py:839} INFO - DAG(s) dict_keys(['latest_only']) retrieved from /home/airflow/.local/lib/python3.8/site-packages/airflow/example_dags/example_latest_only.py
[2024-10-20T02:59:56.507+0000] {logging_mixin.py:154} INFO - [2024-10-20T02:59:56.506+0000] {dag.py:2941} INFO - Sync 1 DAGs
[2024-10-20T02:59:56.538+0000] {logging_mixin.py:154} INFO - [2024-10-20T02:59:56.538+0000] {dag.py:3722} INFO - Setting next_dagrun for latest_only to 2024-10-19T22:59:56.537850+00:00, run_after=2024-10-20T02:59:56.537850+00:00
[2024-10-20T02:59:56.572+0000] {processor.py:179} INFO - Processing /home/airflow/.local/lib/python3.8/site-packages/airflow/example_dags/example_latest_only.py took 0.119 seconds
[2024-10-20T03:00:27.417+0000] {processor.py:157} INFO - Started process (PID=172) to work on /home/airflow/.local/lib/python3.8/site-packages/airflow/example_dags/example_latest_only.py
[2024-10-20T03:00:27.418+0000] {processor.py:829} INFO - Processing file /home/airflow/.local/lib/python3.8/site-packages/airflow/example_dags/example_latest_only.py for tasks to queue
[2024-10-20T03:00:27.422+0000] {logging_mixin.py:154} INFO - [2024-10-20T03:00:27.421+0000] {dagbag.py:536} INFO - Filling up the DagBag from /home/airflow/.local/lib/python3.8/site-packages/airflow/example_dags/example_latest_only.py
[2024-10-20T03:00:27.433+0000] {processor.py:839} INFO - DAG(s) dict_keys(['latest_only']) retrieved from /home/airflow/.local/lib/python3.8/site-packages/airflow/example_dags/example_latest_only.py
[2024-10-20T03:00:27.468+0000] {logging_mixin.py:154} INFO - [2024-10-20T03:00:27.468+0000] {dag.py:2941} INFO - Sync 1 DAGs
[2024-10-20T03:00:27.501+0000] {logging_mixin.py:154} INFO - [2024-10-20T03:00:27.501+0000] {dag.py:3722} INFO - Setting next_dagrun for latest_only to 2024-10-19T23:00:27.501046+00:00, run_after=2024-10-20T03:00:27.501046+00:00
[2024-10-20T03:00:27.541+0000] {processor.py:179} INFO - Processing /home/airflow/.local/lib/python3.8/site-packages/airflow/example_dags/example_latest_only.py took 0.131 seconds
[2024-10-20T03:00:57.808+0000] {processor.py:157} INFO - Started process (PID=228) to work on /home/airflow/.local/lib/python3.8/site-packages/airflow/example_dags/example_latest_only.py
[2024-10-20T03:00:57.809+0000] {processor.py:829} INFO - Processing file /home/airflow/.local/lib/python3.8/site-packages/airflow/example_dags/example_latest_only.py for tasks to queue
[2024-10-20T03:00:57.812+0000] {logging_mixin.py:154} INFO - [2024-10-20T03:00:57.812+0000] {dagbag.py:536} INFO - Filling up the DagBag from /home/airflow/.local/lib/python3.8/site-packages/airflow/example_dags/example_latest_only.py
[2024-10-20T03:00:57.818+0000] {processor.py:839} INFO - DAG(s) dict_keys(['latest_only']) retrieved from /home/airflow/.local/lib/python3.8/site-packages/airflow/example_dags/example_latest_only.py
[2024-10-20T03:00:57.846+0000] {logging_mixin.py:154} INFO - [2024-10-20T03:00:57.845+0000] {dag.py:2941} INFO - Sync 1 DAGs
[2024-10-20T03:00:57.873+0000] {logging_mixin.py:154} INFO - [2024-10-20T03:00:57.873+0000] {dag.py:3722} INFO - Setting next_dagrun for latest_only to 2024-10-19T23:00:57.872923+00:00, run_after=2024-10-20T03:00:57.872923+00:00
[2024-10-20T03:00:57.907+0000] {processor.py:179} INFO - Processing /home/airflow/.local/lib/python3.8/site-packages/airflow/example_dags/example_latest_only.py took 0.103 seconds
[2024-10-20T03:01:28.878+0000] {processor.py:157} INFO - Started process (PID=284) to work on /home/airflow/.local/lib/python3.8/site-packages/airflow/example_dags/example_latest_only.py
[2024-10-20T03:01:28.879+0000] {processor.py:829} INFO - Processing file /home/airflow/.local/lib/python3.8/site-packages/airflow/example_dags/example_latest_only.py for tasks to queue
[2024-10-20T03:01:28.882+0000] {logging_mixin.py:154} INFO - [2024-10-20T03:01:28.881+0000] {dagbag.py:536} INFO - Filling up the DagBag from /home/airflow/.local/lib/python3.8/site-packages/airflow/example_dags/example_latest_only.py
[2024-10-20T03:01:28.888+0000] {processor.py:839} INFO - DAG(s) dict_keys(['latest_only']) retrieved from /home/airflow/.local/lib/python3.8/site-packages/airflow/example_dags/example_latest_only.py
[2024-10-20T03:01:28.916+0000] {logging_mixin.py:154} INFO - [2024-10-20T03:01:28.916+0000] {dag.py:2941} INFO - Sync 1 DAGs
[2024-10-20T03:01:28.945+0000] {logging_mixin.py:154} INFO - [2024-10-20T03:01:28.944+0000] {dag.py:3722} INFO - Setting next_dagrun for latest_only to 2024-10-19T23:01:28.944745+00:00, run_after=2024-10-20T03:01:28.944745+00:00
[2024-10-20T03:01:29.029+0000] {processor.py:179} INFO - Processing /home/airflow/.local/lib/python3.8/site-packages/airflow/example_dags/example_latest_only.py took 0.155 seconds
[2024-10-20T03:01:59.328+0000] {processor.py:157} INFO - Started process (PID=340) to work on /home/airflow/.local/lib/python3.8/site-packages/airflow/example_dags/example_latest_only.py
[2024-10-20T03:01:59.329+0000] {processor.py:829} INFO - Processing file /home/airflow/.local/lib/python3.8/site-packages/airflow/example_dags/example_latest_only.py for tasks to queue
[2024-10-20T03:01:59.333+0000] {logging_mixin.py:154} INFO - [2024-10-20T03:01:59.332+0000] {dagbag.py:536} INFO - Filling up the DagBag from /home/airflow/.local/lib/python3.8/site-packages/airflow/example_dags/example_latest_only.py
[2024-10-20T03:01:59.340+0000] {processor.py:839} INFO - DAG(s) dict_keys(['latest_only']) retrieved from /home/airflow/.local/lib/python3.8/site-packages/airflow/example_dags/example_latest_only.py
[2024-10-20T03:01:59.376+0000] {logging_mixin.py:154} INFO - [2024-10-20T03:01:59.376+0000] {dag.py:2941} INFO - Sync 1 DAGs
[2024-10-20T03:01:59.410+0000] {logging_mixin.py:154} INFO - [2024-10-20T03:01:59.409+0000] {dag.py:3722} INFO - Setting next_dagrun for latest_only to 2024-10-19T23:01:59.409313+00:00, run_after=2024-10-20T03:01:59.409313+00:00
[2024-10-20T03:01:59.455+0000] {processor.py:179} INFO - Processing /home/airflow/.local/lib/python3.8/site-packages/airflow/example_dags/example_latest_only.py took 0.131 seconds
[2024-10-20T03:02:29.860+0000] {processor.py:157} INFO - Started process (PID=400) to work on /home/airflow/.local/lib/python3.8/site-packages/airflow/example_dags/example_latest_only.py
[2024-10-20T03:02:29.861+0000] {processor.py:829} INFO - Processing file /home/airflow/.local/lib/python3.8/site-packages/airflow/example_dags/example_latest_only.py for tasks to queue
[2024-10-20T03:02:29.864+0000] {logging_mixin.py:154} INFO - [2024-10-20T03:02:29.864+0000] {dagbag.py:536} INFO - Filling up the DagBag from /home/airflow/.local/lib/python3.8/site-packages/airflow/example_dags/example_latest_only.py
[2024-10-20T03:02:29.871+0000] {processor.py:839} INFO - DAG(s) dict_keys(['latest_only']) retrieved from /home/airflow/.local/lib/python3.8/site-packages/airflow/example_dags/example_latest_only.py
[2024-10-20T03:02:29.899+0000] {logging_mixin.py:154} INFO - [2024-10-20T03:02:29.898+0000] {dag.py:2941} INFO - Sync 1 DAGs
[2024-10-20T03:02:29.927+0000] {logging_mixin.py:154} INFO - [2024-10-20T03:02:29.927+0000] {dag.py:3722} INFO - Setting next_dagrun for latest_only to 2024-10-19T23:02:29.926809+00:00, run_after=2024-10-20T03:02:29.926809+00:00
[2024-10-20T03:02:29.955+0000] {processor.py:179} INFO - Processing /home/airflow/.local/lib/python3.8/site-packages/airflow/example_dags/example_latest_only.py took 0.098 seconds
[2024-10-20T03:03:00.396+0000] {processor.py:157} INFO - Started process (PID=456) to work on /home/airflow/.local/lib/python3.8/site-packages/airflow/example_dags/example_latest_only.py
[2024-10-20T03:03:00.397+0000] {processor.py:829} INFO - Processing file /home/airflow/.local/lib/python3.8/site-packages/airflow/example_dags/example_latest_only.py for tasks to queue
[2024-10-20T03:03:00.399+0000] {logging_mixin.py:154} INFO - [2024-10-20T03:03:00.399+0000] {dagbag.py:536} INFO - Filling up the DagBag from /home/airflow/.local/lib/python3.8/site-packages/airflow/example_dags/example_latest_only.py
[2024-10-20T03:03:00.405+0000] {processor.py:839} INFO - DAG(s) dict_keys(['latest_only']) retrieved from /home/airflow/.local/lib/python3.8/site-packages/airflow/example_dags/example_latest_only.py
[2024-10-20T03:03:00.432+0000] {logging_mixin.py:154} INFO - [2024-10-20T03:03:00.431+0000] {dag.py:2941} INFO - Sync 1 DAGs
[2024-10-20T03:03:00.460+0000] {logging_mixin.py:154} INFO - [2024-10-20T03:03:00.460+0000] {dag.py:3722} INFO - Setting next_dagrun for latest_only to 2024-10-19T23:03:00.459881+00:00, run_after=2024-10-20T03:03:00.459881+00:00
[2024-10-20T03:03:00.496+0000] {processor.py:179} INFO - Processing /home/airflow/.local/lib/python3.8/site-packages/airflow/example_dags/example_latest_only.py took 0.104 seconds
[2024-10-20T03:03:31.182+0000] {processor.py:157} INFO - Started process (PID=512) to work on /home/airflow/.local/lib/python3.8/site-packages/airflow/example_dags/example_latest_only.py
[2024-10-20T03:03:31.183+0000] {processor.py:829} INFO - Processing file /home/airflow/.local/lib/python3.8/site-packages/airflow/example_dags/example_latest_only.py for tasks to queue
[2024-10-20T03:03:31.186+0000] {logging_mixin.py:154} INFO - [2024-10-20T03:03:31.185+0000] {dagbag.py:536} INFO - Filling up the DagBag from /home/airflow/.local/lib/python3.8/site-packages/airflow/example_dags/example_latest_only.py
[2024-10-20T03:03:31.192+0000] {processor.py:839} INFO - DAG(s) dict_keys(['latest_only']) retrieved from /home/airflow/.local/lib/python3.8/site-packages/airflow/example_dags/example_latest_only.py
[2024-10-20T03:03:31.217+0000] {logging_mixin.py:154} INFO - [2024-10-20T03:03:31.217+0000] {dag.py:2941} INFO - Sync 1 DAGs
[2024-10-20T03:03:31.242+0000] {logging_mixin.py:154} INFO - [2024-10-20T03:03:31.241+0000] {dag.py:3722} INFO - Setting next_dagrun for latest_only to 2024-10-19T23:03:31.241552+00:00, run_after=2024-10-20T03:03:31.241552+00:00
[2024-10-20T03:03:31.270+0000] {processor.py:179} INFO - Processing /home/airflow/.local/lib/python3.8/site-packages/airflow/example_dags/example_latest_only.py took 0.092 seconds
[2024-10-20T03:04:01.302+0000] {processor.py:157} INFO - Started process (PID=568) to work on /home/airflow/.local/lib/python3.8/site-packages/airflow/example_dags/example_latest_only.py
[2024-10-20T03:04:01.303+0000] {processor.py:829} INFO - Processing file /home/airflow/.local/lib/python3.8/site-packages/airflow/example_dags/example_latest_only.py for tasks to queue
[2024-10-20T03:04:01.305+0000] {logging_mixin.py:154} INFO - [2024-10-20T03:04:01.305+0000] {dagbag.py:536} INFO - Filling up the DagBag from /home/airflow/.local/lib/python3.8/site-packages/airflow/example_dags/example_latest_only.py
[2024-10-20T03:04:01.310+0000] {processor.py:839} INFO - DAG(s) dict_keys(['latest_only']) retrieved from /home/airflow/.local/lib/python3.8/site-packages/airflow/example_dags/example_latest_only.py
[2024-10-20T03:04:01.333+0000] {logging_mixin.py:154} INFO - [2024-10-20T03:04:01.333+0000] {dag.py:2941} INFO - Sync 1 DAGs
[2024-10-20T03:04:01.355+0000] {logging_mixin.py:154} INFO - [2024-10-20T03:04:01.355+0000] {dag.py:3722} INFO - Setting next_dagrun for latest_only to 2024-10-19T23:04:01.355189+00:00, run_after=2024-10-20T03:04:01.355189+00:00
[2024-10-20T03:04:01.377+0000] {processor.py:179} INFO - Processing /home/airflow/.local/lib/python3.8/site-packages/airflow/example_dags/example_latest_only.py took 0.078 seconds
[2024-10-20T03:04:31.950+0000] {processor.py:157} INFO - Started process (PID=624) to work on /home/airflow/.local/lib/python3.8/site-packages/airflow/example_dags/example_latest_only.py
[2024-10-20T03:04:31.951+0000] {processor.py:829} INFO - Processing file /home/airflow/.local/lib/python3.8/site-packages/airflow/example_dags/example_latest_only.py for tasks to queue
[2024-10-20T03:04:31.953+0000] {logging_mixin.py:154} INFO - [2024-10-20T03:04:31.953+0000] {dagbag.py:536} INFO - Filling up the DagBag from /home/airflow/.local/lib/python3.8/site-packages/airflow/example_dags/example_latest_only.py
[2024-10-20T03:04:31.958+0000] {processor.py:839} INFO - DAG(s) dict_keys(['latest_only']) retrieved from /home/airflow/.local/lib/python3.8/site-packages/airflow/example_dags/example_latest_only.py
[2024-10-20T03:04:31.983+0000] {logging_mixin.py:154} INFO - [2024-10-20T03:04:31.983+0000] {dag.py:2941} INFO - Sync 1 DAGs
[2024-10-20T03:04:32.005+0000] {logging_mixin.py:154} INFO - [2024-10-20T03:04:32.005+0000] {dag.py:3722} INFO - Setting next_dagrun for latest_only to 2024-10-19T23:04:32.005537+00:00, run_after=2024-10-20T03:04:32.005537+00:00
[2024-10-20T03:04:32.030+0000] {processor.py:179} INFO - Processing /home/airflow/.local/lib/python3.8/site-packages/airflow/example_dags/example_latest_only.py took 0.084 seconds
[2024-10-20T03:05:02.256+0000] {processor.py:157} INFO - Started process (PID=680) to work on /home/airflow/.local/lib/python3.8/site-packages/airflow/example_dags/example_latest_only.py
[2024-10-20T03:05:02.257+0000] {processor.py:829} INFO - Processing file /home/airflow/.local/lib/python3.8/site-packages/airflow/example_dags/example_latest_only.py for tasks to queue
[2024-10-20T03:05:02.259+0000] {logging_mixin.py:154} INFO - [2024-10-20T03:05:02.259+0000] {dagbag.py:536} INFO - Filling up the DagBag from /home/airflow/.local/lib/python3.8/site-packages/airflow/example_dags/example_latest_only.py
[2024-10-20T03:05:02.263+0000] {processor.py:839} INFO - DAG(s) dict_keys(['latest_only']) retrieved from /home/airflow/.local/lib/python3.8/site-packages/airflow/example_dags/example_latest_only.py
[2024-10-20T03:05:02.284+0000] {logging_mixin.py:154} INFO - [2024-10-20T03:05:02.284+0000] {dag.py:2941} INFO - Sync 1 DAGs
[2024-10-20T03:05:02.306+0000] {logging_mixin.py:154} INFO - [2024-10-20T03:05:02.305+0000] {dag.py:3722} INFO - Setting next_dagrun for latest_only to 2024-10-19T23:05:02.305709+00:00, run_after=2024-10-20T03:05:02.305709+00:00
[2024-10-20T03:05:02.327+0000] {processor.py:179} INFO - Processing /home/airflow/.local/lib/python3.8/site-packages/airflow/example_dags/example_latest_only.py took 0.075 seconds
[2024-10-20T03:05:32.609+0000] {processor.py:157} INFO - Started process (PID=736) to work on /home/airflow/.local/lib/python3.8/site-packages/airflow/example_dags/example_latest_only.py
[2024-10-20T03:05:32.610+0000] {processor.py:829} INFO - Processing file /home/airflow/.local/lib/python3.8/site-packages/airflow/example_dags/example_latest_only.py for tasks to queue
[2024-10-20T03:05:32.612+0000] {logging_mixin.py:154} INFO - [2024-10-20T03:05:32.612+0000] {dagbag.py:536} INFO - Filling up the DagBag from /home/airflow/.local/lib/python3.8/site-packages/airflow/example_dags/example_latest_only.py
[2024-10-20T03:05:32.619+0000] {processor.py:839} INFO - DAG(s) dict_keys(['latest_only']) retrieved from /home/airflow/.local/lib/python3.8/site-packages/airflow/example_dags/example_latest_only.py
[2024-10-20T03:05:32.644+0000] {logging_mixin.py:154} INFO - [2024-10-20T03:05:32.644+0000] {dag.py:2941} INFO - Sync 1 DAGs
[2024-10-20T03:05:32.670+0000] {logging_mixin.py:154} INFO - [2024-10-20T03:05:32.670+0000] {dag.py:3722} INFO - Setting next_dagrun for latest_only to 2024-10-19T23:05:32.670076+00:00, run_after=2024-10-20T03:05:32.670076+00:00
[2024-10-20T03:05:32.698+0000] {processor.py:179} INFO - Processing /home/airflow/.local/lib/python3.8/site-packages/airflow/example_dags/example_latest_only.py took 0.093 seconds
[2024-10-20T03:06:02.998+0000] {processor.py:157} INFO - Started process (PID=792) to work on /home/airflow/.local/lib/python3.8/site-packages/airflow/example_dags/example_latest_only.py
[2024-10-20T03:06:02.999+0000] {processor.py:829} INFO - Processing file /home/airflow/.local/lib/python3.8/site-packages/airflow/example_dags/example_latest_only.py for tasks to queue
[2024-10-20T03:06:03.002+0000] {logging_mixin.py:154} INFO - [2024-10-20T03:06:03.002+0000] {dagbag.py:536} INFO - Filling up the DagBag from /home/airflow/.local/lib/python3.8/site-packages/airflow/example_dags/example_latest_only.py
[2024-10-20T03:06:03.008+0000] {processor.py:839} INFO - DAG(s) dict_keys(['latest_only']) retrieved from /home/airflow/.local/lib/python3.8/site-packages/airflow/example_dags/example_latest_only.py
[2024-10-20T03:06:03.029+0000] {logging_mixin.py:154} INFO - [2024-10-20T03:06:03.029+0000] {dag.py:2941} INFO - Sync 1 DAGs
[2024-10-20T03:06:03.052+0000] {logging_mixin.py:154} INFO - [2024-10-20T03:06:03.052+0000] {dag.py:3722} INFO - Setting next_dagrun for latest_only to 2024-10-19T23:06:03.052207+00:00, run_after=2024-10-20T03:06:03.052207+00:00
[2024-10-20T03:06:03.076+0000] {processor.py:179} INFO - Processing /home/airflow/.local/lib/python3.8/site-packages/airflow/example_dags/example_latest_only.py took 0.081 seconds
[2024-10-20T03:06:34.173+0000] {processor.py:157} INFO - Started process (PID=848) to work on /home/airflow/.local/lib/python3.8/site-packages/airflow/example_dags/example_latest_only.py
[2024-10-20T03:06:34.174+0000] {processor.py:829} INFO - Processing file /home/airflow/.local/lib/python3.8/site-packages/airflow/example_dags/example_latest_only.py for tasks to queue
[2024-10-20T03:06:34.177+0000] {logging_mixin.py:154} INFO - [2024-10-20T03:06:34.176+0000] {dagbag.py:536} INFO - Filling up the DagBag from /home/airflow/.local/lib/python3.8/site-packages/airflow/example_dags/example_latest_only.py
[2024-10-20T03:06:34.182+0000] {processor.py:839} INFO - DAG(s) dict_keys(['latest_only']) retrieved from /home/airflow/.local/lib/python3.8/site-packages/airflow/example_dags/example_latest_only.py
[2024-10-20T03:06:34.205+0000] {logging_mixin.py:154} INFO - [2024-10-20T03:06:34.204+0000] {dag.py:2941} INFO - Sync 1 DAGs
[2024-10-20T03:06:34.229+0000] {logging_mixin.py:154} INFO - [2024-10-20T03:06:34.228+0000] {dag.py:3722} INFO - Setting next_dagrun for latest_only to 2024-10-19T23:06:34.228679+00:00, run_after=2024-10-20T03:06:34.228679+00:00
[2024-10-20T03:06:34.255+0000] {processor.py:179} INFO - Processing /home/airflow/.local/lib/python3.8/site-packages/airflow/example_dags/example_latest_only.py took 0.085 seconds
[2024-10-20T03:07:05.564+0000] {processor.py:157} INFO - Started process (PID=904) to work on /home/airflow/.local/lib/python3.8/site-packages/airflow/example_dags/example_latest_only.py
[2024-10-20T03:07:05.566+0000] {processor.py:829} INFO - Processing file /home/airflow/.local/lib/python3.8/site-packages/airflow/example_dags/example_latest_only.py for tasks to queue
[2024-10-20T03:07:05.570+0000] {logging_mixin.py:154} INFO - [2024-10-20T03:07:05.569+0000] {dagbag.py:536} INFO - Filling up the DagBag from /home/airflow/.local/lib/python3.8/site-packages/airflow/example_dags/example_latest_only.py
[2024-10-20T03:07:05.580+0000] {processor.py:839} INFO - DAG(s) dict_keys(['latest_only']) retrieved from /home/airflow/.local/lib/python3.8/site-packages/airflow/example_dags/example_latest_only.py
[2024-10-20T03:07:05.616+0000] {logging_mixin.py:154} INFO - [2024-10-20T03:07:05.615+0000] {dag.py:2941} INFO - Sync 1 DAGs
[2024-10-20T03:07:05.661+0000] {logging_mixin.py:154} INFO - [2024-10-20T03:07:05.660+0000] {dag.py:3722} INFO - Setting next_dagrun for latest_only to 2024-10-19T23:07:05.660616+00:00, run_after=2024-10-20T03:07:05.660616+00:00
[2024-10-20T03:07:05.691+0000] {processor.py:179} INFO - Processing /home/airflow/.local/lib/python3.8/site-packages/airflow/example_dags/example_latest_only.py took 0.131 seconds
[2024-10-20T03:07:35.981+0000] {processor.py:157} INFO - Started process (PID=960) to work on /home/airflow/.local/lib/python3.8/site-packages/airflow/example_dags/example_latest_only.py
[2024-10-20T03:07:35.982+0000] {processor.py:829} INFO - Processing file /home/airflow/.local/lib/python3.8/site-packages/airflow/example_dags/example_latest_only.py for tasks to queue
[2024-10-20T03:07:35.985+0000] {logging_mixin.py:154} INFO - [2024-10-20T03:07:35.985+0000] {dagbag.py:536} INFO - Filling up the DagBag from /home/airflow/.local/lib/python3.8/site-packages/airflow/example_dags/example_latest_only.py
[2024-10-20T03:07:35.990+0000] {processor.py:839} INFO - DAG(s) dict_keys(['latest_only']) retrieved from /home/airflow/.local/lib/python3.8/site-packages/airflow/example_dags/example_latest_only.py
[2024-10-20T03:07:36.013+0000] {logging_mixin.py:154} INFO - [2024-10-20T03:07:36.013+0000] {dag.py:2941} INFO - Sync 1 DAGs
[2024-10-20T03:07:36.034+0000] {logging_mixin.py:154} INFO - [2024-10-20T03:07:36.034+0000] {dag.py:3722} INFO - Setting next_dagrun for latest_only to 2024-10-19T23:07:36.034081+00:00, run_after=2024-10-20T03:07:36.034081+00:00
[2024-10-20T03:07:36.056+0000] {processor.py:179} INFO - Processing /home/airflow/.local/lib/python3.8/site-packages/airflow/example_dags/example_latest_only.py took 0.078 seconds
[2024-10-20T03:08:50.168+0000] {processor.py:157} INFO - Started process (PID=111) to work on /home/airflow/.local/lib/python3.8/site-packages/airflow/example_dags/example_latest_only.py
[2024-10-20T03:08:50.170+0000] {processor.py:829} INFO - Processing file /home/airflow/.local/lib/python3.8/site-packages/airflow/example_dags/example_latest_only.py for tasks to queue
[2024-10-20T03:08:50.172+0000] {logging_mixin.py:154} INFO - [2024-10-20T03:08:50.172+0000] {dagbag.py:536} INFO - Filling up the DagBag from /home/airflow/.local/lib/python3.8/site-packages/airflow/example_dags/example_latest_only.py
[2024-10-20T03:08:50.181+0000] {processor.py:839} INFO - DAG(s) dict_keys(['latest_only']) retrieved from /home/airflow/.local/lib/python3.8/site-packages/airflow/example_dags/example_latest_only.py
[2024-10-20T03:08:50.212+0000] {logging_mixin.py:154} INFO - [2024-10-20T03:08:50.211+0000] {dag.py:2941} INFO - Sync 1 DAGs
[2024-10-20T03:08:50.244+0000] {logging_mixin.py:154} INFO - [2024-10-20T03:08:50.244+0000] {dag.py:3722} INFO - Setting next_dagrun for latest_only to 2024-10-19T23:08:50.244031+00:00, run_after=2024-10-20T03:08:50.244031+00:00
[2024-10-20T03:08:50.278+0000] {processor.py:179} INFO - Processing /home/airflow/.local/lib/python3.8/site-packages/airflow/example_dags/example_latest_only.py took 0.114 seconds
[2024-10-20T03:09:21.483+0000] {processor.py:157} INFO - Started process (PID=167) to work on /home/airflow/.local/lib/python3.8/site-packages/airflow/example_dags/example_latest_only.py
[2024-10-20T03:09:21.485+0000] {processor.py:829} INFO - Processing file /home/airflow/.local/lib/python3.8/site-packages/airflow/example_dags/example_latest_only.py for tasks to queue
[2024-10-20T03:09:21.487+0000] {logging_mixin.py:154} INFO - [2024-10-20T03:09:21.487+0000] {dagbag.py:536} INFO - Filling up the DagBag from /home/airflow/.local/lib/python3.8/site-packages/airflow/example_dags/example_latest_only.py
[2024-10-20T03:09:21.493+0000] {processor.py:839} INFO - DAG(s) dict_keys(['latest_only']) retrieved from /home/airflow/.local/lib/python3.8/site-packages/airflow/example_dags/example_latest_only.py
[2024-10-20T03:09:21.520+0000] {logging_mixin.py:154} INFO - [2024-10-20T03:09:21.519+0000] {dag.py:2941} INFO - Sync 1 DAGs
[2024-10-20T03:09:21.549+0000] {logging_mixin.py:154} INFO - [2024-10-20T03:09:21.549+0000] {dag.py:3722} INFO - Setting next_dagrun for latest_only to 2024-10-19T23:09:21.549307+00:00, run_after=2024-10-20T03:09:21.549307+00:00
[2024-10-20T03:09:21.579+0000] {processor.py:179} INFO - Processing /home/airflow/.local/lib/python3.8/site-packages/airflow/example_dags/example_latest_only.py took 0.099 seconds
[2024-10-20T03:09:51.928+0000] {processor.py:157} INFO - Started process (PID=223) to work on /home/airflow/.local/lib/python3.8/site-packages/airflow/example_dags/example_latest_only.py
[2024-10-20T03:09:51.930+0000] {processor.py:829} INFO - Processing file /home/airflow/.local/lib/python3.8/site-packages/airflow/example_dags/example_latest_only.py for tasks to queue
[2024-10-20T03:09:51.933+0000] {logging_mixin.py:154} INFO - [2024-10-20T03:09:51.932+0000] {dagbag.py:536} INFO - Filling up the DagBag from /home/airflow/.local/lib/python3.8/site-packages/airflow/example_dags/example_latest_only.py
[2024-10-20T03:09:51.941+0000] {processor.py:839} INFO - DAG(s) dict_keys(['latest_only']) retrieved from /home/airflow/.local/lib/python3.8/site-packages/airflow/example_dags/example_latest_only.py
[2024-10-20T03:09:51.971+0000] {logging_mixin.py:154} INFO - [2024-10-20T03:09:51.971+0000] {dag.py:2941} INFO - Sync 1 DAGs
[2024-10-20T03:09:51.999+0000] {logging_mixin.py:154} INFO - [2024-10-20T03:09:51.999+0000] {dag.py:3722} INFO - Setting next_dagrun for latest_only to 2024-10-19T23:09:51.998780+00:00, run_after=2024-10-20T03:09:51.998780+00:00
[2024-10-20T03:09:52.033+0000] {processor.py:179} INFO - Processing /home/airflow/.local/lib/python3.8/site-packages/airflow/example_dags/example_latest_only.py took 0.109 seconds
[2024-10-20T03:10:22.371+0000] {processor.py:157} INFO - Started process (PID=279) to work on /home/airflow/.local/lib/python3.8/site-packages/airflow/example_dags/example_latest_only.py
[2024-10-20T03:10:22.372+0000] {processor.py:829} INFO - Processing file /home/airflow/.local/lib/python3.8/site-packages/airflow/example_dags/example_latest_only.py for tasks to queue
[2024-10-20T03:10:22.374+0000] {logging_mixin.py:154} INFO - [2024-10-20T03:10:22.374+0000] {dagbag.py:536} INFO - Filling up the DagBag from /home/airflow/.local/lib/python3.8/site-packages/airflow/example_dags/example_latest_only.py
[2024-10-20T03:10:22.379+0000] {processor.py:839} INFO - DAG(s) dict_keys(['latest_only']) retrieved from /home/airflow/.local/lib/python3.8/site-packages/airflow/example_dags/example_latest_only.py
[2024-10-20T03:10:22.403+0000] {logging_mixin.py:154} INFO - [2024-10-20T03:10:22.403+0000] {dag.py:2941} INFO - Sync 1 DAGs
[2024-10-20T03:10:22.427+0000] {logging_mixin.py:154} INFO - [2024-10-20T03:10:22.427+0000] {dag.py:3722} INFO - Setting next_dagrun for latest_only to 2024-10-19T23:10:22.426848+00:00, run_after=2024-10-20T03:10:22.426848+00:00
[2024-10-20T03:10:22.454+0000] {processor.py:179} INFO - Processing /home/airflow/.local/lib/python3.8/site-packages/airflow/example_dags/example_latest_only.py took 0.087 seconds
[2024-10-20T03:10:53.240+0000] {processor.py:157} INFO - Started process (PID=335) to work on /home/airflow/.local/lib/python3.8/site-packages/airflow/example_dags/example_latest_only.py
[2024-10-20T03:10:53.241+0000] {processor.py:829} INFO - Processing file /home/airflow/.local/lib/python3.8/site-packages/airflow/example_dags/example_latest_only.py for tasks to queue
[2024-10-20T03:10:53.244+0000] {logging_mixin.py:154} INFO - [2024-10-20T03:10:53.244+0000] {dagbag.py:536} INFO - Filling up the DagBag from /home/airflow/.local/lib/python3.8/site-packages/airflow/example_dags/example_latest_only.py
[2024-10-20T03:10:53.249+0000] {processor.py:839} INFO - DAG(s) dict_keys(['latest_only']) retrieved from /home/airflow/.local/lib/python3.8/site-packages/airflow/example_dags/example_latest_only.py
[2024-10-20T03:10:53.270+0000] {logging_mixin.py:154} INFO - [2024-10-20T03:10:53.270+0000] {dag.py:2941} INFO - Sync 1 DAGs
[2024-10-20T03:10:53.293+0000] {logging_mixin.py:154} INFO - [2024-10-20T03:10:53.292+0000] {dag.py:3722} INFO - Setting next_dagrun for latest_only to 2024-10-19T23:10:53.292661+00:00, run_after=2024-10-20T03:10:53.292661+00:00
[2024-10-20T03:10:53.319+0000] {processor.py:179} INFO - Processing /home/airflow/.local/lib/python3.8/site-packages/airflow/example_dags/example_latest_only.py took 0.081 seconds
[2024-10-20T03:11:23.837+0000] {processor.py:157} INFO - Started process (PID=391) to work on /home/airflow/.local/lib/python3.8/site-packages/airflow/example_dags/example_latest_only.py
[2024-10-20T03:11:23.838+0000] {processor.py:829} INFO - Processing file /home/airflow/.local/lib/python3.8/site-packages/airflow/example_dags/example_latest_only.py for tasks to queue
[2024-10-20T03:11:23.840+0000] {logging_mixin.py:154} INFO - [2024-10-20T03:11:23.840+0000] {dagbag.py:536} INFO - Filling up the DagBag from /home/airflow/.local/lib/python3.8/site-packages/airflow/example_dags/example_latest_only.py
[2024-10-20T03:11:23.845+0000] {processor.py:839} INFO - DAG(s) dict_keys(['latest_only']) retrieved from /home/airflow/.local/lib/python3.8/site-packages/airflow/example_dags/example_latest_only.py
[2024-10-20T03:11:23.867+0000] {logging_mixin.py:154} INFO - [2024-10-20T03:11:23.867+0000] {dag.py:2941} INFO - Sync 1 DAGs
[2024-10-20T03:11:23.889+0000] {logging_mixin.py:154} INFO - [2024-10-20T03:11:23.889+0000] {dag.py:3722} INFO - Setting next_dagrun for latest_only to 2024-10-19T23:11:23.889238+00:00, run_after=2024-10-20T03:11:23.889238+00:00
[2024-10-20T03:11:23.913+0000] {processor.py:179} INFO - Processing /home/airflow/.local/lib/python3.8/site-packages/airflow/example_dags/example_latest_only.py took 0.079 seconds
[2024-10-20T03:11:55.119+0000] {processor.py:157} INFO - Started process (PID=447) to work on /home/airflow/.local/lib/python3.8/site-packages/airflow/example_dags/example_latest_only.py
[2024-10-20T03:11:55.120+0000] {processor.py:829} INFO - Processing file /home/airflow/.local/lib/python3.8/site-packages/airflow/example_dags/example_latest_only.py for tasks to queue
[2024-10-20T03:11:55.123+0000] {logging_mixin.py:154} INFO - [2024-10-20T03:11:55.123+0000] {dagbag.py:536} INFO - Filling up the DagBag from /home/airflow/.local/lib/python3.8/site-packages/airflow/example_dags/example_latest_only.py
[2024-10-20T03:11:55.128+0000] {processor.py:839} INFO - DAG(s) dict_keys(['latest_only']) retrieved from /home/airflow/.local/lib/python3.8/site-packages/airflow/example_dags/example_latest_only.py
[2024-10-20T03:11:55.149+0000] {logging_mixin.py:154} INFO - [2024-10-20T03:11:55.149+0000] {dag.py:2941} INFO - Sync 1 DAGs
[2024-10-20T03:11:55.172+0000] {logging_mixin.py:154} INFO - [2024-10-20T03:11:55.172+0000] {dag.py:3722} INFO - Setting next_dagrun for latest_only to 2024-10-19T23:11:55.172083+00:00, run_after=2024-10-20T03:11:55.172083+00:00
[2024-10-20T03:11:55.194+0000] {processor.py:179} INFO - Processing /home/airflow/.local/lib/python3.8/site-packages/airflow/example_dags/example_latest_only.py took 0.078 seconds
[2024-10-20T03:12:25.630+0000] {processor.py:157} INFO - Started process (PID=503) to work on /home/airflow/.local/lib/python3.8/site-packages/airflow/example_dags/example_latest_only.py
[2024-10-20T03:12:25.631+0000] {processor.py:829} INFO - Processing file /home/airflow/.local/lib/python3.8/site-packages/airflow/example_dags/example_latest_only.py for tasks to queue
[2024-10-20T03:12:25.634+0000] {logging_mixin.py:154} INFO - [2024-10-20T03:12:25.633+0000] {dagbag.py:536} INFO - Filling up the DagBag from /home/airflow/.local/lib/python3.8/site-packages/airflow/example_dags/example_latest_only.py
[2024-10-20T03:12:25.639+0000] {processor.py:839} INFO - DAG(s) dict_keys(['latest_only']) retrieved from /home/airflow/.local/lib/python3.8/site-packages/airflow/example_dags/example_latest_only.py
[2024-10-20T03:12:25.663+0000] {logging_mixin.py:154} INFO - [2024-10-20T03:12:25.663+0000] {dag.py:2941} INFO - Sync 1 DAGs
[2024-10-20T03:12:25.687+0000] {logging_mixin.py:154} INFO - [2024-10-20T03:12:25.687+0000] {dag.py:3722} INFO - Setting next_dagrun for latest_only to 2024-10-19T23:12:25.687271+00:00, run_after=2024-10-20T03:12:25.687271+00:00
[2024-10-20T03:12:25.711+0000] {processor.py:179} INFO - Processing /home/airflow/.local/lib/python3.8/site-packages/airflow/example_dags/example_latest_only.py took 0.086 seconds
[2024-10-20T03:12:56.267+0000] {processor.py:157} INFO - Started process (PID=559) to work on /home/airflow/.local/lib/python3.8/site-packages/airflow/example_dags/example_latest_only.py
[2024-10-20T03:12:56.268+0000] {processor.py:829} INFO - Processing file /home/airflow/.local/lib/python3.8/site-packages/airflow/example_dags/example_latest_only.py for tasks to queue
[2024-10-20T03:12:56.270+0000] {logging_mixin.py:154} INFO - [2024-10-20T03:12:56.270+0000] {dagbag.py:536} INFO - Filling up the DagBag from /home/airflow/.local/lib/python3.8/site-packages/airflow/example_dags/example_latest_only.py
[2024-10-20T03:12:56.275+0000] {processor.py:839} INFO - DAG(s) dict_keys(['latest_only']) retrieved from /home/airflow/.local/lib/python3.8/site-packages/airflow/example_dags/example_latest_only.py
[2024-10-20T03:12:56.297+0000] {logging_mixin.py:154} INFO - [2024-10-20T03:12:56.297+0000] {dag.py:2941} INFO - Sync 1 DAGs
[2024-10-20T03:12:56.321+0000] {logging_mixin.py:154} INFO - [2024-10-20T03:12:56.321+0000] {dag.py:3722} INFO - Setting next_dagrun for latest_only to 2024-10-19T23:12:56.320872+00:00, run_after=2024-10-20T03:12:56.320872+00:00
[2024-10-20T03:12:56.344+0000] {processor.py:179} INFO - Processing /home/airflow/.local/lib/python3.8/site-packages/airflow/example_dags/example_latest_only.py took 0.080 seconds
[2024-10-20T03:13:26.722+0000] {processor.py:157} INFO - Started process (PID=615) to work on /home/airflow/.local/lib/python3.8/site-packages/airflow/example_dags/example_latest_only.py
[2024-10-20T03:13:26.724+0000] {processor.py:829} INFO - Processing file /home/airflow/.local/lib/python3.8/site-packages/airflow/example_dags/example_latest_only.py for tasks to queue
[2024-10-20T03:13:26.726+0000] {logging_mixin.py:154} INFO - [2024-10-20T03:13:26.726+0000] {dagbag.py:536} INFO - Filling up the DagBag from /home/airflow/.local/lib/python3.8/site-packages/airflow/example_dags/example_latest_only.py
[2024-10-20T03:13:26.731+0000] {processor.py:839} INFO - DAG(s) dict_keys(['latest_only']) retrieved from /home/airflow/.local/lib/python3.8/site-packages/airflow/example_dags/example_latest_only.py
[2024-10-20T03:13:26.754+0000] {logging_mixin.py:154} INFO - [2024-10-20T03:13:26.754+0000] {dag.py:2941} INFO - Sync 1 DAGs
[2024-10-20T03:13:26.776+0000] {logging_mixin.py:154} INFO - [2024-10-20T03:13:26.776+0000] {dag.py:3722} INFO - Setting next_dagrun for latest_only to 2024-10-19T23:13:26.776552+00:00, run_after=2024-10-20T03:13:26.776552+00:00
[2024-10-20T03:13:26.799+0000] {processor.py:179} INFO - Processing /home/airflow/.local/lib/python3.8/site-packages/airflow/example_dags/example_latest_only.py took 0.080 seconds
[2024-10-20T03:13:57.094+0000] {processor.py:157} INFO - Started process (PID=671) to work on /home/airflow/.local/lib/python3.8/site-packages/airflow/example_dags/example_latest_only.py
[2024-10-20T03:13:57.095+0000] {processor.py:829} INFO - Processing file /home/airflow/.local/lib/python3.8/site-packages/airflow/example_dags/example_latest_only.py for tasks to queue
[2024-10-20T03:13:57.097+0000] {logging_mixin.py:154} INFO - [2024-10-20T03:13:57.097+0000] {dagbag.py:536} INFO - Filling up the DagBag from /home/airflow/.local/lib/python3.8/site-packages/airflow/example_dags/example_latest_only.py
[2024-10-20T03:13:57.103+0000] {processor.py:839} INFO - DAG(s) dict_keys(['latest_only']) retrieved from /home/airflow/.local/lib/python3.8/site-packages/airflow/example_dags/example_latest_only.py
[2024-10-20T03:13:57.129+0000] {logging_mixin.py:154} INFO - [2024-10-20T03:13:57.129+0000] {dag.py:2941} INFO - Sync 1 DAGs
[2024-10-20T03:13:57.155+0000] {logging_mixin.py:154} INFO - [2024-10-20T03:13:57.155+0000] {dag.py:3722} INFO - Setting next_dagrun for latest_only to 2024-10-19T23:13:57.154783+00:00, run_after=2024-10-20T03:13:57.154783+00:00
[2024-10-20T03:13:57.179+0000] {processor.py:179} INFO - Processing /home/airflow/.local/lib/python3.8/site-packages/airflow/example_dags/example_latest_only.py took 0.088 seconds
[2024-10-20T03:14:27.571+0000] {processor.py:157} INFO - Started process (PID=727) to work on /home/airflow/.local/lib/python3.8/site-packages/airflow/example_dags/example_latest_only.py
[2024-10-20T03:14:27.572+0000] {processor.py:829} INFO - Processing file /home/airflow/.local/lib/python3.8/site-packages/airflow/example_dags/example_latest_only.py for tasks to queue
[2024-10-20T03:14:27.575+0000] {logging_mixin.py:154} INFO - [2024-10-20T03:14:27.574+0000] {dagbag.py:536} INFO - Filling up the DagBag from /home/airflow/.local/lib/python3.8/site-packages/airflow/example_dags/example_latest_only.py
[2024-10-20T03:14:27.580+0000] {processor.py:839} INFO - DAG(s) dict_keys(['latest_only']) retrieved from /home/airflow/.local/lib/python3.8/site-packages/airflow/example_dags/example_latest_only.py
[2024-10-20T03:14:27.602+0000] {logging_mixin.py:154} INFO - [2024-10-20T03:14:27.602+0000] {dag.py:2941} INFO - Sync 1 DAGs
[2024-10-20T03:14:27.625+0000] {logging_mixin.py:154} INFO - [2024-10-20T03:14:27.625+0000] {dag.py:3722} INFO - Setting next_dagrun for latest_only to 2024-10-19T23:14:27.625119+00:00, run_after=2024-10-20T03:14:27.625119+00:00
[2024-10-20T03:14:27.647+0000] {processor.py:179} INFO - Processing /home/airflow/.local/lib/python3.8/site-packages/airflow/example_dags/example_latest_only.py took 0.079 seconds
[2024-10-20T03:14:57.978+0000] {processor.py:157} INFO - Started process (PID=783) to work on /home/airflow/.local/lib/python3.8/site-packages/airflow/example_dags/example_latest_only.py
[2024-10-20T03:14:57.980+0000] {processor.py:829} INFO - Processing file /home/airflow/.local/lib/python3.8/site-packages/airflow/example_dags/example_latest_only.py for tasks to queue
[2024-10-20T03:14:57.982+0000] {logging_mixin.py:154} INFO - [2024-10-20T03:14:57.982+0000] {dagbag.py:536} INFO - Filling up the DagBag from /home/airflow/.local/lib/python3.8/site-packages/airflow/example_dags/example_latest_only.py
[2024-10-20T03:14:57.987+0000] {processor.py:839} INFO - DAG(s) dict_keys(['latest_only']) retrieved from /home/airflow/.local/lib/python3.8/site-packages/airflow/example_dags/example_latest_only.py
[2024-10-20T03:14:58.010+0000] {logging_mixin.py:154} INFO - [2024-10-20T03:14:58.009+0000] {dag.py:2941} INFO - Sync 1 DAGs
[2024-10-20T03:14:58.034+0000] {logging_mixin.py:154} INFO - [2024-10-20T03:14:58.034+0000] {dag.py:3722} INFO - Setting next_dagrun for latest_only to 2024-10-19T23:14:58.034287+00:00, run_after=2024-10-20T03:14:58.034287+00:00
[2024-10-20T03:14:58.055+0000] {processor.py:179} INFO - Processing /home/airflow/.local/lib/python3.8/site-packages/airflow/example_dags/example_latest_only.py took 0.080 seconds
[2024-10-20T03:15:28.707+0000] {processor.py:157} INFO - Started process (PID=839) to work on /home/airflow/.local/lib/python3.8/site-packages/airflow/example_dags/example_latest_only.py
[2024-10-20T03:15:28.709+0000] {processor.py:829} INFO - Processing file /home/airflow/.local/lib/python3.8/site-packages/airflow/example_dags/example_latest_only.py for tasks to queue
[2024-10-20T03:15:28.711+0000] {logging_mixin.py:154} INFO - [2024-10-20T03:15:28.710+0000] {dagbag.py:536} INFO - Filling up the DagBag from /home/airflow/.local/lib/python3.8/site-packages/airflow/example_dags/example_latest_only.py
[2024-10-20T03:15:28.715+0000] {processor.py:839} INFO - DAG(s) dict_keys(['latest_only']) retrieved from /home/airflow/.local/lib/python3.8/site-packages/airflow/example_dags/example_latest_only.py
[2024-10-20T03:15:28.737+0000] {logging_mixin.py:154} INFO - [2024-10-20T03:15:28.737+0000] {dag.py:2941} INFO - Sync 1 DAGs
[2024-10-20T03:15:28.760+0000] {logging_mixin.py:154} INFO - [2024-10-20T03:15:28.760+0000] {dag.py:3722} INFO - Setting next_dagrun for latest_only to 2024-10-19T23:15:28.760132+00:00, run_after=2024-10-20T03:15:28.760132+00:00
[2024-10-20T03:15:28.784+0000] {processor.py:179} INFO - Processing /home/airflow/.local/lib/python3.8/site-packages/airflow/example_dags/example_latest_only.py took 0.080 seconds
[2024-10-20T03:15:59.333+0000] {processor.py:157} INFO - Started process (PID=895) to work on /home/airflow/.local/lib/python3.8/site-packages/airflow/example_dags/example_latest_only.py
[2024-10-20T03:15:59.334+0000] {processor.py:829} INFO - Processing file /home/airflow/.local/lib/python3.8/site-packages/airflow/example_dags/example_latest_only.py for tasks to queue
[2024-10-20T03:15:59.337+0000] {logging_mixin.py:154} INFO - [2024-10-20T03:15:59.336+0000] {dagbag.py:536} INFO - Filling up the DagBag from /home/airflow/.local/lib/python3.8/site-packages/airflow/example_dags/example_latest_only.py
[2024-10-20T03:15:59.343+0000] {processor.py:839} INFO - DAG(s) dict_keys(['latest_only']) retrieved from /home/airflow/.local/lib/python3.8/site-packages/airflow/example_dags/example_latest_only.py
[2024-10-20T03:15:59.365+0000] {logging_mixin.py:154} INFO - [2024-10-20T03:15:59.364+0000] {dag.py:2941} INFO - Sync 1 DAGs
[2024-10-20T03:15:59.387+0000] {logging_mixin.py:154} INFO - [2024-10-20T03:15:59.387+0000] {dag.py:3722} INFO - Setting next_dagrun for latest_only to 2024-10-19T23:15:59.387339+00:00, run_after=2024-10-20T03:15:59.387339+00:00
[2024-10-20T03:15:59.412+0000] {processor.py:179} INFO - Processing /home/airflow/.local/lib/python3.8/site-packages/airflow/example_dags/example_latest_only.py took 0.082 seconds
[2024-10-20T03:16:29.901+0000] {processor.py:157} INFO - Started process (PID=951) to work on /home/airflow/.local/lib/python3.8/site-packages/airflow/example_dags/example_latest_only.py
[2024-10-20T03:16:29.902+0000] {processor.py:829} INFO - Processing file /home/airflow/.local/lib/python3.8/site-packages/airflow/example_dags/example_latest_only.py for tasks to queue
[2024-10-20T03:16:29.905+0000] {logging_mixin.py:154} INFO - [2024-10-20T03:16:29.904+0000] {dagbag.py:536} INFO - Filling up the DagBag from /home/airflow/.local/lib/python3.8/site-packages/airflow/example_dags/example_latest_only.py
[2024-10-20T03:16:29.910+0000] {processor.py:839} INFO - DAG(s) dict_keys(['latest_only']) retrieved from /home/airflow/.local/lib/python3.8/site-packages/airflow/example_dags/example_latest_only.py
[2024-10-20T03:16:29.935+0000] {logging_mixin.py:154} INFO - [2024-10-20T03:16:29.935+0000] {dag.py:2941} INFO - Sync 1 DAGs
[2024-10-20T03:16:29.964+0000] {logging_mixin.py:154} INFO - [2024-10-20T03:16:29.963+0000] {dag.py:3722} INFO - Setting next_dagrun for latest_only to 2024-10-19T23:16:29.963360+00:00, run_after=2024-10-20T03:16:29.963360+00:00
[2024-10-20T03:16:29.997+0000] {processor.py:179} INFO - Processing /home/airflow/.local/lib/python3.8/site-packages/airflow/example_dags/example_latest_only.py took 0.099 seconds
[2024-10-20T03:17:01.947+0000] {processor.py:157} INFO - Started process (PID=1007) to work on /home/airflow/.local/lib/python3.8/site-packages/airflow/example_dags/example_latest_only.py
[2024-10-20T03:17:01.949+0000] {processor.py:829} INFO - Processing file /home/airflow/.local/lib/python3.8/site-packages/airflow/example_dags/example_latest_only.py for tasks to queue
[2024-10-20T03:17:01.951+0000] {logging_mixin.py:154} INFO - [2024-10-20T03:17:01.951+0000] {dagbag.py:536} INFO - Filling up the DagBag from /home/airflow/.local/lib/python3.8/site-packages/airflow/example_dags/example_latest_only.py
[2024-10-20T03:17:01.958+0000] {processor.py:839} INFO - DAG(s) dict_keys(['latest_only']) retrieved from /home/airflow/.local/lib/python3.8/site-packages/airflow/example_dags/example_latest_only.py
[2024-10-20T03:17:01.985+0000] {logging_mixin.py:154} INFO - [2024-10-20T03:17:01.985+0000] {dag.py:2941} INFO - Sync 1 DAGs
[2024-10-20T03:17:02.012+0000] {logging_mixin.py:154} INFO - [2024-10-20T03:17:02.011+0000] {dag.py:3722} INFO - Setting next_dagrun for latest_only to 2024-10-19T23:17:02.011649+00:00, run_after=2024-10-20T03:17:02.011649+00:00
[2024-10-20T03:17:02.038+0000] {processor.py:179} INFO - Processing /home/airflow/.local/lib/python3.8/site-packages/airflow/example_dags/example_latest_only.py took 0.093 seconds
[2024-10-20T03:17:33.757+0000] {processor.py:157} INFO - Started process (PID=1063) to work on /home/airflow/.local/lib/python3.8/site-packages/airflow/example_dags/example_latest_only.py
[2024-10-20T03:17:33.758+0000] {processor.py:829} INFO - Processing file /home/airflow/.local/lib/python3.8/site-packages/airflow/example_dags/example_latest_only.py for tasks to queue
[2024-10-20T03:17:33.760+0000] {logging_mixin.py:154} INFO - [2024-10-20T03:17:33.760+0000] {dagbag.py:536} INFO - Filling up the DagBag from /home/airflow/.local/lib/python3.8/site-packages/airflow/example_dags/example_latest_only.py
[2024-10-20T03:17:33.766+0000] {processor.py:839} INFO - DAG(s) dict_keys(['latest_only']) retrieved from /home/airflow/.local/lib/python3.8/site-packages/airflow/example_dags/example_latest_only.py
[2024-10-20T03:17:33.788+0000] {logging_mixin.py:154} INFO - [2024-10-20T03:17:33.788+0000] {dag.py:2941} INFO - Sync 1 DAGs
[2024-10-20T03:17:33.955+0000] {logging_mixin.py:154} INFO - [2024-10-20T03:17:33.954+0000] {dag.py:3722} INFO - Setting next_dagrun for latest_only to 2024-10-19T23:17:33.954768+00:00, run_after=2024-10-20T03:17:33.954768+00:00
[2024-10-20T03:17:33.974+0000] {processor.py:179} INFO - Processing /home/airflow/.local/lib/python3.8/site-packages/airflow/example_dags/example_latest_only.py took 0.220 seconds
