[2024-10-20T02:46:17.121+0000] {processor.py:157} INFO - Started process (PID=84) to work on /home/airflow/.local/lib/python3.8/site-packages/airflow/example_dags/example_external_task_marker_dag.py
[2024-10-20T02:46:17.122+0000] {processor.py:829} INFO - Processing file /home/airflow/.local/lib/python3.8/site-packages/airflow/example_dags/example_external_task_marker_dag.py for tasks to queue
[2024-10-20T02:46:17.126+0000] {logging_mixin.py:154} INFO - [2024-10-20T02:46:17.125+0000] {dagbag.py:536} INFO - Filling up the DagBag from /home/airflow/.local/lib/python3.8/site-packages/airflow/example_dags/example_external_task_marker_dag.py
[2024-10-20T02:46:17.139+0000] {processor.py:839} INFO - DAG(s) dict_keys(['example_external_task_marker_child', 'example_external_task_marker_parent']) retrieved from /home/airflow/.local/lib/python3.8/site-packages/airflow/example_dags/example_external_task_marker_dag.py
[2024-10-20T02:46:17.168+0000] {logging_mixin.py:154} INFO - [2024-10-20T02:46:17.168+0000] {dag.py:2941} INFO - Sync 2 DAGs
[2024-10-20T02:46:17.202+0000] {logging_mixin.py:154} INFO - [2024-10-20T02:46:17.202+0000] {dag.py:3722} INFO - Setting next_dagrun for example_external_task_marker_child to None, run_after=None
[2024-10-20T02:46:17.213+0000] {logging_mixin.py:154} INFO - [2024-10-20T02:46:17.212+0000] {dag.py:3722} INFO - Setting next_dagrun for example_external_task_marker_parent to None, run_after=None
[2024-10-20T02:46:17.266+0000] {processor.py:179} INFO - Processing /home/airflow/.local/lib/python3.8/site-packages/airflow/example_dags/example_external_task_marker_dag.py took 0.149 seconds
[2024-10-20T02:46:47.700+0000] {processor.py:157} INFO - Started process (PID=140) to work on /home/airflow/.local/lib/python3.8/site-packages/airflow/example_dags/example_external_task_marker_dag.py
[2024-10-20T02:46:47.702+0000] {processor.py:829} INFO - Processing file /home/airflow/.local/lib/python3.8/site-packages/airflow/example_dags/example_external_task_marker_dag.py for tasks to queue
[2024-10-20T02:46:47.705+0000] {logging_mixin.py:154} INFO - [2024-10-20T02:46:47.705+0000] {dagbag.py:536} INFO - Filling up the DagBag from /home/airflow/.local/lib/python3.8/site-packages/airflow/example_dags/example_external_task_marker_dag.py
[2024-10-20T02:46:47.713+0000] {processor.py:839} INFO - DAG(s) dict_keys(['example_external_task_marker_child', 'example_external_task_marker_parent']) retrieved from /home/airflow/.local/lib/python3.8/site-packages/airflow/example_dags/example_external_task_marker_dag.py
[2024-10-20T02:46:47.744+0000] {logging_mixin.py:154} INFO - [2024-10-20T02:46:47.744+0000] {dag.py:2941} INFO - Sync 2 DAGs
[2024-10-20T02:46:47.758+0000] {logging_mixin.py:154} INFO - [2024-10-20T02:46:47.758+0000] {dag.py:3722} INFO - Setting next_dagrun for example_external_task_marker_child to None, run_after=None
[2024-10-20T02:46:47.762+0000] {logging_mixin.py:154} INFO - [2024-10-20T02:46:47.762+0000] {dag.py:3722} INFO - Setting next_dagrun for example_external_task_marker_parent to None, run_after=None
[2024-10-20T02:46:47.783+0000] {processor.py:179} INFO - Processing /home/airflow/.local/lib/python3.8/site-packages/airflow/example_dags/example_external_task_marker_dag.py took 0.088 seconds
[2024-10-20T02:47:18.414+0000] {processor.py:157} INFO - Started process (PID=196) to work on /home/airflow/.local/lib/python3.8/site-packages/airflow/example_dags/example_external_task_marker_dag.py
[2024-10-20T02:47:18.416+0000] {processor.py:829} INFO - Processing file /home/airflow/.local/lib/python3.8/site-packages/airflow/example_dags/example_external_task_marker_dag.py for tasks to queue
[2024-10-20T02:47:18.419+0000] {logging_mixin.py:154} INFO - [2024-10-20T02:47:18.418+0000] {dagbag.py:536} INFO - Filling up the DagBag from /home/airflow/.local/lib/python3.8/site-packages/airflow/example_dags/example_external_task_marker_dag.py
[2024-10-20T02:47:18.428+0000] {processor.py:839} INFO - DAG(s) dict_keys(['example_external_task_marker_parent', 'example_external_task_marker_child']) retrieved from /home/airflow/.local/lib/python3.8/site-packages/airflow/example_dags/example_external_task_marker_dag.py
[2024-10-20T02:47:18.458+0000] {logging_mixin.py:154} INFO - [2024-10-20T02:47:18.457+0000] {dag.py:2941} INFO - Sync 2 DAGs
[2024-10-20T02:47:18.471+0000] {logging_mixin.py:154} INFO - [2024-10-20T02:47:18.471+0000] {dag.py:3722} INFO - Setting next_dagrun for example_external_task_marker_child to None, run_after=None
[2024-10-20T02:47:18.476+0000] {logging_mixin.py:154} INFO - [2024-10-20T02:47:18.475+0000] {dag.py:3722} INFO - Setting next_dagrun for example_external_task_marker_parent to None, run_after=None
[2024-10-20T02:47:18.501+0000] {processor.py:179} INFO - Processing /home/airflow/.local/lib/python3.8/site-packages/airflow/example_dags/example_external_task_marker_dag.py took 0.090 seconds
[2024-10-20T02:47:48.697+0000] {processor.py:157} INFO - Started process (PID=250) to work on /home/airflow/.local/lib/python3.8/site-packages/airflow/example_dags/example_external_task_marker_dag.py
[2024-10-20T02:47:48.699+0000] {processor.py:829} INFO - Processing file /home/airflow/.local/lib/python3.8/site-packages/airflow/example_dags/example_external_task_marker_dag.py for tasks to queue
[2024-10-20T02:47:48.702+0000] {logging_mixin.py:154} INFO - [2024-10-20T02:47:48.702+0000] {dagbag.py:536} INFO - Filling up the DagBag from /home/airflow/.local/lib/python3.8/site-packages/airflow/example_dags/example_external_task_marker_dag.py
[2024-10-20T02:47:48.712+0000] {processor.py:839} INFO - DAG(s) dict_keys(['example_external_task_marker_child', 'example_external_task_marker_parent']) retrieved from /home/airflow/.local/lib/python3.8/site-packages/airflow/example_dags/example_external_task_marker_dag.py
[2024-10-20T02:47:48.745+0000] {logging_mixin.py:154} INFO - [2024-10-20T02:47:48.745+0000] {dag.py:2941} INFO - Sync 2 DAGs
[2024-10-20T02:47:48.762+0000] {logging_mixin.py:154} INFO - [2024-10-20T02:47:48.762+0000] {dag.py:3722} INFO - Setting next_dagrun for example_external_task_marker_child to None, run_after=None
[2024-10-20T02:47:48.769+0000] {logging_mixin.py:154} INFO - [2024-10-20T02:47:48.768+0000] {dag.py:3722} INFO - Setting next_dagrun for example_external_task_marker_parent to None, run_after=None
[2024-10-20T02:47:48.801+0000] {processor.py:179} INFO - Processing /home/airflow/.local/lib/python3.8/site-packages/airflow/example_dags/example_external_task_marker_dag.py took 0.109 seconds
[2024-10-20T02:48:19.010+0000] {processor.py:157} INFO - Started process (PID=306) to work on /home/airflow/.local/lib/python3.8/site-packages/airflow/example_dags/example_external_task_marker_dag.py
[2024-10-20T02:48:19.011+0000] {processor.py:829} INFO - Processing file /home/airflow/.local/lib/python3.8/site-packages/airflow/example_dags/example_external_task_marker_dag.py for tasks to queue
[2024-10-20T02:48:19.014+0000] {logging_mixin.py:154} INFO - [2024-10-20T02:48:19.013+0000] {dagbag.py:536} INFO - Filling up the DagBag from /home/airflow/.local/lib/python3.8/site-packages/airflow/example_dags/example_external_task_marker_dag.py
[2024-10-20T02:48:19.020+0000] {processor.py:839} INFO - DAG(s) dict_keys(['example_external_task_marker_parent', 'example_external_task_marker_child']) retrieved from /home/airflow/.local/lib/python3.8/site-packages/airflow/example_dags/example_external_task_marker_dag.py
[2024-10-20T02:48:19.047+0000] {logging_mixin.py:154} INFO - [2024-10-20T02:48:19.046+0000] {dag.py:2941} INFO - Sync 2 DAGs
[2024-10-20T02:48:19.059+0000] {logging_mixin.py:154} INFO - [2024-10-20T02:48:19.059+0000] {dag.py:3722} INFO - Setting next_dagrun for example_external_task_marker_child to None, run_after=None
[2024-10-20T02:48:19.064+0000] {logging_mixin.py:154} INFO - [2024-10-20T02:48:19.064+0000] {dag.py:3722} INFO - Setting next_dagrun for example_external_task_marker_parent to None, run_after=None
[2024-10-20T02:48:19.087+0000] {processor.py:179} INFO - Processing /home/airflow/.local/lib/python3.8/site-packages/airflow/example_dags/example_external_task_marker_dag.py took 0.079 seconds
[2024-10-20T02:48:49.879+0000] {processor.py:157} INFO - Started process (PID=362) to work on /home/airflow/.local/lib/python3.8/site-packages/airflow/example_dags/example_external_task_marker_dag.py
[2024-10-20T02:48:49.881+0000] {processor.py:829} INFO - Processing file /home/airflow/.local/lib/python3.8/site-packages/airflow/example_dags/example_external_task_marker_dag.py for tasks to queue
[2024-10-20T02:48:49.884+0000] {logging_mixin.py:154} INFO - [2024-10-20T02:48:49.884+0000] {dagbag.py:536} INFO - Filling up the DagBag from /home/airflow/.local/lib/python3.8/site-packages/airflow/example_dags/example_external_task_marker_dag.py
[2024-10-20T02:48:49.892+0000] {processor.py:839} INFO - DAG(s) dict_keys(['example_external_task_marker_child', 'example_external_task_marker_parent']) retrieved from /home/airflow/.local/lib/python3.8/site-packages/airflow/example_dags/example_external_task_marker_dag.py
[2024-10-20T02:48:49.931+0000] {logging_mixin.py:154} INFO - [2024-10-20T02:48:49.930+0000] {dag.py:2941} INFO - Sync 2 DAGs
[2024-10-20T02:48:49.950+0000] {logging_mixin.py:154} INFO - [2024-10-20T02:48:49.950+0000] {dag.py:3722} INFO - Setting next_dagrun for example_external_task_marker_child to None, run_after=None
[2024-10-20T02:48:49.957+0000] {logging_mixin.py:154} INFO - [2024-10-20T02:48:49.956+0000] {dag.py:3722} INFO - Setting next_dagrun for example_external_task_marker_parent to None, run_after=None
[2024-10-20T02:48:49.992+0000] {processor.py:179} INFO - Processing /home/airflow/.local/lib/python3.8/site-packages/airflow/example_dags/example_external_task_marker_dag.py took 0.119 seconds
[2024-10-20T02:49:20.475+0000] {processor.py:157} INFO - Started process (PID=418) to work on /home/airflow/.local/lib/python3.8/site-packages/airflow/example_dags/example_external_task_marker_dag.py
[2024-10-20T02:49:20.477+0000] {processor.py:829} INFO - Processing file /home/airflow/.local/lib/python3.8/site-packages/airflow/example_dags/example_external_task_marker_dag.py for tasks to queue
[2024-10-20T02:49:20.479+0000] {logging_mixin.py:154} INFO - [2024-10-20T02:49:20.479+0000] {dagbag.py:536} INFO - Filling up the DagBag from /home/airflow/.local/lib/python3.8/site-packages/airflow/example_dags/example_external_task_marker_dag.py
[2024-10-20T02:49:20.485+0000] {processor.py:839} INFO - DAG(s) dict_keys(['example_external_task_marker_child', 'example_external_task_marker_parent']) retrieved from /home/airflow/.local/lib/python3.8/site-packages/airflow/example_dags/example_external_task_marker_dag.py
[2024-10-20T02:49:20.510+0000] {logging_mixin.py:154} INFO - [2024-10-20T02:49:20.510+0000] {dag.py:2941} INFO - Sync 2 DAGs
[2024-10-20T02:49:20.523+0000] {logging_mixin.py:154} INFO - [2024-10-20T02:49:20.523+0000] {dag.py:3722} INFO - Setting next_dagrun for example_external_task_marker_child to None, run_after=None
[2024-10-20T02:49:20.528+0000] {logging_mixin.py:154} INFO - [2024-10-20T02:49:20.527+0000] {dag.py:3722} INFO - Setting next_dagrun for example_external_task_marker_parent to None, run_after=None
[2024-10-20T02:49:20.551+0000] {processor.py:179} INFO - Processing /home/airflow/.local/lib/python3.8/site-packages/airflow/example_dags/example_external_task_marker_dag.py took 0.078 seconds
[2024-10-20T02:49:50.799+0000] {processor.py:157} INFO - Started process (PID=474) to work on /home/airflow/.local/lib/python3.8/site-packages/airflow/example_dags/example_external_task_marker_dag.py
[2024-10-20T02:49:50.800+0000] {processor.py:829} INFO - Processing file /home/airflow/.local/lib/python3.8/site-packages/airflow/example_dags/example_external_task_marker_dag.py for tasks to queue
[2024-10-20T02:49:50.803+0000] {logging_mixin.py:154} INFO - [2024-10-20T02:49:50.803+0000] {dagbag.py:536} INFO - Filling up the DagBag from /home/airflow/.local/lib/python3.8/site-packages/airflow/example_dags/example_external_task_marker_dag.py
[2024-10-20T02:49:50.809+0000] {processor.py:839} INFO - DAG(s) dict_keys(['example_external_task_marker_child', 'example_external_task_marker_parent']) retrieved from /home/airflow/.local/lib/python3.8/site-packages/airflow/example_dags/example_external_task_marker_dag.py
[2024-10-20T02:49:50.835+0000] {logging_mixin.py:154} INFO - [2024-10-20T02:49:50.834+0000] {dag.py:2941} INFO - Sync 2 DAGs
[2024-10-20T02:49:50.848+0000] {logging_mixin.py:154} INFO - [2024-10-20T02:49:50.847+0000] {dag.py:3722} INFO - Setting next_dagrun for example_external_task_marker_child to None, run_after=None
[2024-10-20T02:49:50.851+0000] {logging_mixin.py:154} INFO - [2024-10-20T02:49:50.851+0000] {dag.py:3722} INFO - Setting next_dagrun for example_external_task_marker_parent to None, run_after=None
[2024-10-20T02:49:50.873+0000] {processor.py:179} INFO - Processing /home/airflow/.local/lib/python3.8/site-packages/airflow/example_dags/example_external_task_marker_dag.py took 0.077 seconds
[2024-10-20T02:50:21.032+0000] {processor.py:157} INFO - Started process (PID=530) to work on /home/airflow/.local/lib/python3.8/site-packages/airflow/example_dags/example_external_task_marker_dag.py
[2024-10-20T02:50:21.034+0000] {processor.py:829} INFO - Processing file /home/airflow/.local/lib/python3.8/site-packages/airflow/example_dags/example_external_task_marker_dag.py for tasks to queue
[2024-10-20T02:50:21.037+0000] {logging_mixin.py:154} INFO - [2024-10-20T02:50:21.037+0000] {dagbag.py:536} INFO - Filling up the DagBag from /home/airflow/.local/lib/python3.8/site-packages/airflow/example_dags/example_external_task_marker_dag.py
[2024-10-20T02:50:21.044+0000] {processor.py:839} INFO - DAG(s) dict_keys(['example_external_task_marker_child', 'example_external_task_marker_parent']) retrieved from /home/airflow/.local/lib/python3.8/site-packages/airflow/example_dags/example_external_task_marker_dag.py
[2024-10-20T02:50:21.073+0000] {logging_mixin.py:154} INFO - [2024-10-20T02:50:21.073+0000] {dag.py:2941} INFO - Sync 2 DAGs
[2024-10-20T02:50:21.088+0000] {logging_mixin.py:154} INFO - [2024-10-20T02:50:21.088+0000] {dag.py:3722} INFO - Setting next_dagrun for example_external_task_marker_child to None, run_after=None
[2024-10-20T02:50:21.092+0000] {logging_mixin.py:154} INFO - [2024-10-20T02:50:21.092+0000] {dag.py:3722} INFO - Setting next_dagrun for example_external_task_marker_parent to None, run_after=None
[2024-10-20T02:50:21.116+0000] {processor.py:179} INFO - Processing /home/airflow/.local/lib/python3.8/site-packages/airflow/example_dags/example_external_task_marker_dag.py took 0.087 seconds
[2024-10-20T02:50:51.600+0000] {processor.py:157} INFO - Started process (PID=586) to work on /home/airflow/.local/lib/python3.8/site-packages/airflow/example_dags/example_external_task_marker_dag.py
[2024-10-20T02:50:51.601+0000] {processor.py:829} INFO - Processing file /home/airflow/.local/lib/python3.8/site-packages/airflow/example_dags/example_external_task_marker_dag.py for tasks to queue
[2024-10-20T02:50:51.604+0000] {logging_mixin.py:154} INFO - [2024-10-20T02:50:51.603+0000] {dagbag.py:536} INFO - Filling up the DagBag from /home/airflow/.local/lib/python3.8/site-packages/airflow/example_dags/example_external_task_marker_dag.py
[2024-10-20T02:50:51.610+0000] {processor.py:839} INFO - DAG(s) dict_keys(['example_external_task_marker_parent', 'example_external_task_marker_child']) retrieved from /home/airflow/.local/lib/python3.8/site-packages/airflow/example_dags/example_external_task_marker_dag.py
[2024-10-20T02:50:51.637+0000] {logging_mixin.py:154} INFO - [2024-10-20T02:50:51.637+0000] {dag.py:2941} INFO - Sync 2 DAGs
[2024-10-20T02:50:51.650+0000] {logging_mixin.py:154} INFO - [2024-10-20T02:50:51.649+0000] {dag.py:3722} INFO - Setting next_dagrun for example_external_task_marker_child to None, run_after=None
[2024-10-20T02:50:51.654+0000] {logging_mixin.py:154} INFO - [2024-10-20T02:50:51.653+0000] {dag.py:3722} INFO - Setting next_dagrun for example_external_task_marker_parent to None, run_after=None
[2024-10-20T02:50:51.676+0000] {processor.py:179} INFO - Processing /home/airflow/.local/lib/python3.8/site-packages/airflow/example_dags/example_external_task_marker_dag.py took 0.079 seconds
[2024-10-20T02:51:21.994+0000] {processor.py:157} INFO - Started process (PID=642) to work on /home/airflow/.local/lib/python3.8/site-packages/airflow/example_dags/example_external_task_marker_dag.py
[2024-10-20T02:51:21.996+0000] {processor.py:829} INFO - Processing file /home/airflow/.local/lib/python3.8/site-packages/airflow/example_dags/example_external_task_marker_dag.py for tasks to queue
[2024-10-20T02:51:21.999+0000] {logging_mixin.py:154} INFO - [2024-10-20T02:51:21.998+0000] {dagbag.py:536} INFO - Filling up the DagBag from /home/airflow/.local/lib/python3.8/site-packages/airflow/example_dags/example_external_task_marker_dag.py
[2024-10-20T02:51:22.005+0000] {processor.py:839} INFO - DAG(s) dict_keys(['example_external_task_marker_child', 'example_external_task_marker_parent']) retrieved from /home/airflow/.local/lib/python3.8/site-packages/airflow/example_dags/example_external_task_marker_dag.py
[2024-10-20T02:51:22.035+0000] {logging_mixin.py:154} INFO - [2024-10-20T02:51:22.034+0000] {dag.py:2941} INFO - Sync 2 DAGs
[2024-10-20T02:51:22.050+0000] {logging_mixin.py:154} INFO - [2024-10-20T02:51:22.049+0000] {dag.py:3722} INFO - Setting next_dagrun for example_external_task_marker_child to None, run_after=None
[2024-10-20T02:51:22.056+0000] {logging_mixin.py:154} INFO - [2024-10-20T02:51:22.056+0000] {dag.py:3722} INFO - Setting next_dagrun for example_external_task_marker_parent to None, run_after=None
[2024-10-20T02:51:22.080+0000] {processor.py:179} INFO - Processing /home/airflow/.local/lib/python3.8/site-packages/airflow/example_dags/example_external_task_marker_dag.py took 0.091 seconds
[2024-10-20T02:51:52.225+0000] {processor.py:157} INFO - Started process (PID=698) to work on /home/airflow/.local/lib/python3.8/site-packages/airflow/example_dags/example_external_task_marker_dag.py
[2024-10-20T02:51:52.226+0000] {processor.py:829} INFO - Processing file /home/airflow/.local/lib/python3.8/site-packages/airflow/example_dags/example_external_task_marker_dag.py for tasks to queue
[2024-10-20T02:51:52.229+0000] {logging_mixin.py:154} INFO - [2024-10-20T02:51:52.229+0000] {dagbag.py:536} INFO - Filling up the DagBag from /home/airflow/.local/lib/python3.8/site-packages/airflow/example_dags/example_external_task_marker_dag.py
[2024-10-20T02:51:52.235+0000] {processor.py:839} INFO - DAG(s) dict_keys(['example_external_task_marker_child', 'example_external_task_marker_parent']) retrieved from /home/airflow/.local/lib/python3.8/site-packages/airflow/example_dags/example_external_task_marker_dag.py
[2024-10-20T02:51:52.263+0000] {logging_mixin.py:154} INFO - [2024-10-20T02:51:52.263+0000] {dag.py:2941} INFO - Sync 2 DAGs
[2024-10-20T02:51:52.280+0000] {logging_mixin.py:154} INFO - [2024-10-20T02:51:52.279+0000] {dag.py:3722} INFO - Setting next_dagrun for example_external_task_marker_child to None, run_after=None
[2024-10-20T02:51:52.284+0000] {logging_mixin.py:154} INFO - [2024-10-20T02:51:52.284+0000] {dag.py:3722} INFO - Setting next_dagrun for example_external_task_marker_parent to None, run_after=None
[2024-10-20T02:51:52.309+0000] {processor.py:179} INFO - Processing /home/airflow/.local/lib/python3.8/site-packages/airflow/example_dags/example_external_task_marker_dag.py took 0.087 seconds
[2024-10-20T02:52:22.535+0000] {processor.py:157} INFO - Started process (PID=754) to work on /home/airflow/.local/lib/python3.8/site-packages/airflow/example_dags/example_external_task_marker_dag.py
[2024-10-20T02:52:22.536+0000] {processor.py:829} INFO - Processing file /home/airflow/.local/lib/python3.8/site-packages/airflow/example_dags/example_external_task_marker_dag.py for tasks to queue
[2024-10-20T02:52:22.539+0000] {logging_mixin.py:154} INFO - [2024-10-20T02:52:22.538+0000] {dagbag.py:536} INFO - Filling up the DagBag from /home/airflow/.local/lib/python3.8/site-packages/airflow/example_dags/example_external_task_marker_dag.py
[2024-10-20T02:52:22.545+0000] {processor.py:839} INFO - DAG(s) dict_keys(['example_external_task_marker_parent', 'example_external_task_marker_child']) retrieved from /home/airflow/.local/lib/python3.8/site-packages/airflow/example_dags/example_external_task_marker_dag.py
[2024-10-20T02:52:22.571+0000] {logging_mixin.py:154} INFO - [2024-10-20T02:52:22.570+0000] {dag.py:2941} INFO - Sync 2 DAGs
[2024-10-20T02:52:22.584+0000] {logging_mixin.py:154} INFO - [2024-10-20T02:52:22.584+0000] {dag.py:3722} INFO - Setting next_dagrun for example_external_task_marker_child to None, run_after=None
[2024-10-20T02:52:22.589+0000] {logging_mixin.py:154} INFO - [2024-10-20T02:52:22.589+0000] {dag.py:3722} INFO - Setting next_dagrun for example_external_task_marker_parent to None, run_after=None
[2024-10-20T02:52:22.609+0000] {processor.py:179} INFO - Processing /home/airflow/.local/lib/python3.8/site-packages/airflow/example_dags/example_external_task_marker_dag.py took 0.077 seconds
[2024-10-20T02:52:52.828+0000] {processor.py:157} INFO - Started process (PID=810) to work on /home/airflow/.local/lib/python3.8/site-packages/airflow/example_dags/example_external_task_marker_dag.py
[2024-10-20T02:52:52.831+0000] {processor.py:829} INFO - Processing file /home/airflow/.local/lib/python3.8/site-packages/airflow/example_dags/example_external_task_marker_dag.py for tasks to queue
[2024-10-20T02:52:52.837+0000] {logging_mixin.py:154} INFO - [2024-10-20T02:52:52.836+0000] {dagbag.py:536} INFO - Filling up the DagBag from /home/airflow/.local/lib/python3.8/site-packages/airflow/example_dags/example_external_task_marker_dag.py
[2024-10-20T02:52:52.861+0000] {processor.py:839} INFO - DAG(s) dict_keys(['example_external_task_marker_child', 'example_external_task_marker_parent']) retrieved from /home/airflow/.local/lib/python3.8/site-packages/airflow/example_dags/example_external_task_marker_dag.py
[2024-10-20T02:52:52.910+0000] {logging_mixin.py:154} INFO - [2024-10-20T02:52:52.909+0000] {dag.py:2941} INFO - Sync 2 DAGs
[2024-10-20T02:52:52.933+0000] {logging_mixin.py:154} INFO - [2024-10-20T02:52:52.932+0000] {dag.py:3722} INFO - Setting next_dagrun for example_external_task_marker_child to None, run_after=None
[2024-10-20T02:52:52.938+0000] {logging_mixin.py:154} INFO - [2024-10-20T02:52:52.937+0000] {dag.py:3722} INFO - Setting next_dagrun for example_external_task_marker_parent to None, run_after=None
[2024-10-20T02:52:52.972+0000] {processor.py:179} INFO - Processing /home/airflow/.local/lib/python3.8/site-packages/airflow/example_dags/example_external_task_marker_dag.py took 0.153 seconds
[2024-10-20T02:53:23.268+0000] {processor.py:157} INFO - Started process (PID=867) to work on /home/airflow/.local/lib/python3.8/site-packages/airflow/example_dags/example_external_task_marker_dag.py
[2024-10-20T02:53:23.269+0000] {processor.py:829} INFO - Processing file /home/airflow/.local/lib/python3.8/site-packages/airflow/example_dags/example_external_task_marker_dag.py for tasks to queue
[2024-10-20T02:53:23.272+0000] {logging_mixin.py:154} INFO - [2024-10-20T02:53:23.271+0000] {dagbag.py:536} INFO - Filling up the DagBag from /home/airflow/.local/lib/python3.8/site-packages/airflow/example_dags/example_external_task_marker_dag.py
[2024-10-20T02:53:23.279+0000] {processor.py:839} INFO - DAG(s) dict_keys(['example_external_task_marker_child', 'example_external_task_marker_parent']) retrieved from /home/airflow/.local/lib/python3.8/site-packages/airflow/example_dags/example_external_task_marker_dag.py
[2024-10-20T02:53:23.306+0000] {logging_mixin.py:154} INFO - [2024-10-20T02:53:23.306+0000] {dag.py:2941} INFO - Sync 2 DAGs
[2024-10-20T02:53:23.320+0000] {logging_mixin.py:154} INFO - [2024-10-20T02:53:23.319+0000] {dag.py:3722} INFO - Setting next_dagrun for example_external_task_marker_child to None, run_after=None
[2024-10-20T02:53:23.324+0000] {logging_mixin.py:154} INFO - [2024-10-20T02:53:23.324+0000] {dag.py:3722} INFO - Setting next_dagrun for example_external_task_marker_parent to None, run_after=None
[2024-10-20T02:53:23.352+0000] {processor.py:179} INFO - Processing /home/airflow/.local/lib/python3.8/site-packages/airflow/example_dags/example_external_task_marker_dag.py took 0.088 seconds
[2024-10-20T02:53:54.181+0000] {processor.py:157} INFO - Started process (PID=926) to work on /home/airflow/.local/lib/python3.8/site-packages/airflow/example_dags/example_external_task_marker_dag.py
[2024-10-20T02:53:54.183+0000] {processor.py:829} INFO - Processing file /home/airflow/.local/lib/python3.8/site-packages/airflow/example_dags/example_external_task_marker_dag.py for tasks to queue
[2024-10-20T02:53:54.185+0000] {logging_mixin.py:154} INFO - [2024-10-20T02:53:54.185+0000] {dagbag.py:536} INFO - Filling up the DagBag from /home/airflow/.local/lib/python3.8/site-packages/airflow/example_dags/example_external_task_marker_dag.py
[2024-10-20T02:53:54.190+0000] {processor.py:839} INFO - DAG(s) dict_keys(['example_external_task_marker_parent', 'example_external_task_marker_child']) retrieved from /home/airflow/.local/lib/python3.8/site-packages/airflow/example_dags/example_external_task_marker_dag.py
[2024-10-20T02:53:54.218+0000] {logging_mixin.py:154} INFO - [2024-10-20T02:53:54.217+0000] {dag.py:2941} INFO - Sync 2 DAGs
[2024-10-20T02:53:54.233+0000] {logging_mixin.py:154} INFO - [2024-10-20T02:53:54.232+0000] {dag.py:3722} INFO - Setting next_dagrun for example_external_task_marker_child to None, run_after=None
[2024-10-20T02:53:54.237+0000] {logging_mixin.py:154} INFO - [2024-10-20T02:53:54.237+0000] {dag.py:3722} INFO - Setting next_dagrun for example_external_task_marker_parent to None, run_after=None
[2024-10-20T02:53:54.259+0000] {processor.py:179} INFO - Processing /home/airflow/.local/lib/python3.8/site-packages/airflow/example_dags/example_external_task_marker_dag.py took 0.081 seconds
[2024-10-20T02:54:24.394+0000] {processor.py:157} INFO - Started process (PID=982) to work on /home/airflow/.local/lib/python3.8/site-packages/airflow/example_dags/example_external_task_marker_dag.py
[2024-10-20T02:54:24.395+0000] {processor.py:829} INFO - Processing file /home/airflow/.local/lib/python3.8/site-packages/airflow/example_dags/example_external_task_marker_dag.py for tasks to queue
[2024-10-20T02:54:24.398+0000] {logging_mixin.py:154} INFO - [2024-10-20T02:54:24.397+0000] {dagbag.py:536} INFO - Filling up the DagBag from /home/airflow/.local/lib/python3.8/site-packages/airflow/example_dags/example_external_task_marker_dag.py
[2024-10-20T02:54:24.404+0000] {processor.py:839} INFO - DAG(s) dict_keys(['example_external_task_marker_child', 'example_external_task_marker_parent']) retrieved from /home/airflow/.local/lib/python3.8/site-packages/airflow/example_dags/example_external_task_marker_dag.py
[2024-10-20T02:54:24.430+0000] {logging_mixin.py:154} INFO - [2024-10-20T02:54:24.430+0000] {dag.py:2941} INFO - Sync 2 DAGs
[2024-10-20T02:54:24.450+0000] {logging_mixin.py:154} INFO - [2024-10-20T02:54:24.449+0000] {dag.py:3722} INFO - Setting next_dagrun for example_external_task_marker_child to None, run_after=None
[2024-10-20T02:54:24.455+0000] {logging_mixin.py:154} INFO - [2024-10-20T02:54:24.455+0000] {dag.py:3722} INFO - Setting next_dagrun for example_external_task_marker_parent to None, run_after=None
[2024-10-20T02:54:24.488+0000] {processor.py:179} INFO - Processing /home/airflow/.local/lib/python3.8/site-packages/airflow/example_dags/example_external_task_marker_dag.py took 0.098 seconds
[2024-10-20T02:54:54.722+0000] {processor.py:157} INFO - Started process (PID=1037) to work on /home/airflow/.local/lib/python3.8/site-packages/airflow/example_dags/example_external_task_marker_dag.py
[2024-10-20T02:54:54.723+0000] {processor.py:829} INFO - Processing file /home/airflow/.local/lib/python3.8/site-packages/airflow/example_dags/example_external_task_marker_dag.py for tasks to queue
[2024-10-20T02:54:54.725+0000] {logging_mixin.py:154} INFO - [2024-10-20T02:54:54.725+0000] {dagbag.py:536} INFO - Filling up the DagBag from /home/airflow/.local/lib/python3.8/site-packages/airflow/example_dags/example_external_task_marker_dag.py
[2024-10-20T02:54:54.732+0000] {processor.py:839} INFO - DAG(s) dict_keys(['example_external_task_marker_child', 'example_external_task_marker_parent']) retrieved from /home/airflow/.local/lib/python3.8/site-packages/airflow/example_dags/example_external_task_marker_dag.py
[2024-10-20T02:54:54.764+0000] {logging_mixin.py:154} INFO - [2024-10-20T02:54:54.763+0000] {dag.py:2941} INFO - Sync 2 DAGs
[2024-10-20T02:54:54.778+0000] {logging_mixin.py:154} INFO - [2024-10-20T02:54:54.778+0000] {dag.py:3722} INFO - Setting next_dagrun for example_external_task_marker_child to None, run_after=None
[2024-10-20T02:54:54.783+0000] {logging_mixin.py:154} INFO - [2024-10-20T02:54:54.783+0000] {dag.py:3722} INFO - Setting next_dagrun for example_external_task_marker_parent to None, run_after=None
[2024-10-20T02:54:54.807+0000] {processor.py:179} INFO - Processing /home/airflow/.local/lib/python3.8/site-packages/airflow/example_dags/example_external_task_marker_dag.py took 0.089 seconds
[2024-10-20T02:55:25.763+0000] {processor.py:157} INFO - Started process (PID=1095) to work on /home/airflow/.local/lib/python3.8/site-packages/airflow/example_dags/example_external_task_marker_dag.py
[2024-10-20T02:55:25.765+0000] {processor.py:829} INFO - Processing file /home/airflow/.local/lib/python3.8/site-packages/airflow/example_dags/example_external_task_marker_dag.py for tasks to queue
[2024-10-20T02:55:25.768+0000] {logging_mixin.py:154} INFO - [2024-10-20T02:55:25.767+0000] {dagbag.py:536} INFO - Filling up the DagBag from /home/airflow/.local/lib/python3.8/site-packages/airflow/example_dags/example_external_task_marker_dag.py
[2024-10-20T02:55:25.786+0000] {processor.py:839} INFO - DAG(s) dict_keys(['example_external_task_marker_child', 'example_external_task_marker_parent']) retrieved from /home/airflow/.local/lib/python3.8/site-packages/airflow/example_dags/example_external_task_marker_dag.py
[2024-10-20T02:55:25.836+0000] {logging_mixin.py:154} INFO - [2024-10-20T02:55:25.836+0000] {dag.py:2941} INFO - Sync 2 DAGs
[2024-10-20T02:55:25.856+0000] {logging_mixin.py:154} INFO - [2024-10-20T02:55:25.856+0000] {dag.py:3722} INFO - Setting next_dagrun for example_external_task_marker_child to None, run_after=None
[2024-10-20T02:55:25.862+0000] {logging_mixin.py:154} INFO - [2024-10-20T02:55:25.861+0000] {dag.py:3722} INFO - Setting next_dagrun for example_external_task_marker_parent to None, run_after=None
[2024-10-20T02:55:25.890+0000] {processor.py:179} INFO - Processing /home/airflow/.local/lib/python3.8/site-packages/airflow/example_dags/example_external_task_marker_dag.py took 0.134 seconds
[2024-10-20T02:55:56.621+0000] {processor.py:157} INFO - Started process (PID=1155) to work on /home/airflow/.local/lib/python3.8/site-packages/airflow/example_dags/example_external_task_marker_dag.py
[2024-10-20T02:55:56.623+0000] {processor.py:829} INFO - Processing file /home/airflow/.local/lib/python3.8/site-packages/airflow/example_dags/example_external_task_marker_dag.py for tasks to queue
[2024-10-20T02:55:56.625+0000] {logging_mixin.py:154} INFO - [2024-10-20T02:55:56.625+0000] {dagbag.py:536} INFO - Filling up the DagBag from /home/airflow/.local/lib/python3.8/site-packages/airflow/example_dags/example_external_task_marker_dag.py
[2024-10-20T02:55:56.632+0000] {processor.py:839} INFO - DAG(s) dict_keys(['example_external_task_marker_parent', 'example_external_task_marker_child']) retrieved from /home/airflow/.local/lib/python3.8/site-packages/airflow/example_dags/example_external_task_marker_dag.py
[2024-10-20T02:55:56.666+0000] {logging_mixin.py:154} INFO - [2024-10-20T02:55:56.666+0000] {dag.py:2941} INFO - Sync 2 DAGs
[2024-10-20T02:55:56.916+0000] {logging_mixin.py:154} INFO - [2024-10-20T02:55:56.915+0000] {dag.py:3722} INFO - Setting next_dagrun for example_external_task_marker_child to None, run_after=None
[2024-10-20T02:55:56.922+0000] {logging_mixin.py:154} INFO - [2024-10-20T02:55:56.922+0000] {dag.py:3722} INFO - Setting next_dagrun for example_external_task_marker_parent to None, run_after=None
[2024-10-20T02:55:56.951+0000] {processor.py:179} INFO - Processing /home/airflow/.local/lib/python3.8/site-packages/airflow/example_dags/example_external_task_marker_dag.py took 0.334 seconds
[2024-10-20T02:56:27.115+0000] {processor.py:157} INFO - Started process (PID=1211) to work on /home/airflow/.local/lib/python3.8/site-packages/airflow/example_dags/example_external_task_marker_dag.py
[2024-10-20T02:56:27.116+0000] {processor.py:829} INFO - Processing file /home/airflow/.local/lib/python3.8/site-packages/airflow/example_dags/example_external_task_marker_dag.py for tasks to queue
[2024-10-20T02:56:27.118+0000] {logging_mixin.py:154} INFO - [2024-10-20T02:56:27.118+0000] {dagbag.py:536} INFO - Filling up the DagBag from /home/airflow/.local/lib/python3.8/site-packages/airflow/example_dags/example_external_task_marker_dag.py
[2024-10-20T02:56:27.125+0000] {processor.py:839} INFO - DAG(s) dict_keys(['example_external_task_marker_child', 'example_external_task_marker_parent']) retrieved from /home/airflow/.local/lib/python3.8/site-packages/airflow/example_dags/example_external_task_marker_dag.py
[2024-10-20T02:56:27.155+0000] {logging_mixin.py:154} INFO - [2024-10-20T02:56:27.155+0000] {dag.py:2941} INFO - Sync 2 DAGs
[2024-10-20T02:56:27.169+0000] {logging_mixin.py:154} INFO - [2024-10-20T02:56:27.169+0000] {dag.py:3722} INFO - Setting next_dagrun for example_external_task_marker_child to None, run_after=None
[2024-10-20T02:56:27.173+0000] {logging_mixin.py:154} INFO - [2024-10-20T02:56:27.173+0000] {dag.py:3722} INFO - Setting next_dagrun for example_external_task_marker_parent to None, run_after=None
[2024-10-20T02:56:27.196+0000] {processor.py:179} INFO - Processing /home/airflow/.local/lib/python3.8/site-packages/airflow/example_dags/example_external_task_marker_dag.py took 0.085 seconds
[2024-10-20T02:56:58.120+0000] {processor.py:157} INFO - Started process (PID=1267) to work on /home/airflow/.local/lib/python3.8/site-packages/airflow/example_dags/example_external_task_marker_dag.py
[2024-10-20T02:56:58.121+0000] {processor.py:829} INFO - Processing file /home/airflow/.local/lib/python3.8/site-packages/airflow/example_dags/example_external_task_marker_dag.py for tasks to queue
[2024-10-20T02:56:58.124+0000] {logging_mixin.py:154} INFO - [2024-10-20T02:56:58.124+0000] {dagbag.py:536} INFO - Filling up the DagBag from /home/airflow/.local/lib/python3.8/site-packages/airflow/example_dags/example_external_task_marker_dag.py
[2024-10-20T02:56:58.134+0000] {processor.py:839} INFO - DAG(s) dict_keys(['example_external_task_marker_child', 'example_external_task_marker_parent']) retrieved from /home/airflow/.local/lib/python3.8/site-packages/airflow/example_dags/example_external_task_marker_dag.py
[2024-10-20T02:56:58.160+0000] {logging_mixin.py:154} INFO - [2024-10-20T02:56:58.160+0000] {dag.py:2941} INFO - Sync 2 DAGs
[2024-10-20T02:56:58.175+0000] {logging_mixin.py:154} INFO - [2024-10-20T02:56:58.174+0000] {dag.py:3722} INFO - Setting next_dagrun for example_external_task_marker_child to None, run_after=None
[2024-10-20T02:56:58.179+0000] {logging_mixin.py:154} INFO - [2024-10-20T02:56:58.179+0000] {dag.py:3722} INFO - Setting next_dagrun for example_external_task_marker_parent to None, run_after=None
[2024-10-20T02:56:58.197+0000] {processor.py:179} INFO - Processing /home/airflow/.local/lib/python3.8/site-packages/airflow/example_dags/example_external_task_marker_dag.py took 0.081 seconds
[2024-10-20T02:57:29.066+0000] {processor.py:157} INFO - Started process (PID=1325) to work on /home/airflow/.local/lib/python3.8/site-packages/airflow/example_dags/example_external_task_marker_dag.py
[2024-10-20T02:57:29.067+0000] {processor.py:829} INFO - Processing file /home/airflow/.local/lib/python3.8/site-packages/airflow/example_dags/example_external_task_marker_dag.py for tasks to queue
[2024-10-20T02:57:29.070+0000] {logging_mixin.py:154} INFO - [2024-10-20T02:57:29.070+0000] {dagbag.py:536} INFO - Filling up the DagBag from /home/airflow/.local/lib/python3.8/site-packages/airflow/example_dags/example_external_task_marker_dag.py
[2024-10-20T02:57:29.076+0000] {processor.py:839} INFO - DAG(s) dict_keys(['example_external_task_marker_child', 'example_external_task_marker_parent']) retrieved from /home/airflow/.local/lib/python3.8/site-packages/airflow/example_dags/example_external_task_marker_dag.py
[2024-10-20T02:57:29.103+0000] {logging_mixin.py:154} INFO - [2024-10-20T02:57:29.102+0000] {dag.py:2941} INFO - Sync 2 DAGs
[2024-10-20T02:57:29.116+0000] {logging_mixin.py:154} INFO - [2024-10-20T02:57:29.116+0000] {dag.py:3722} INFO - Setting next_dagrun for example_external_task_marker_child to None, run_after=None
[2024-10-20T02:57:29.120+0000] {logging_mixin.py:154} INFO - [2024-10-20T02:57:29.120+0000] {dag.py:3722} INFO - Setting next_dagrun for example_external_task_marker_parent to None, run_after=None
[2024-10-20T02:57:29.142+0000] {processor.py:179} INFO - Processing /home/airflow/.local/lib/python3.8/site-packages/airflow/example_dags/example_external_task_marker_dag.py took 0.079 seconds
[2024-10-20T02:57:59.588+0000] {processor.py:157} INFO - Started process (PID=1381) to work on /home/airflow/.local/lib/python3.8/site-packages/airflow/example_dags/example_external_task_marker_dag.py
[2024-10-20T02:57:59.589+0000] {processor.py:829} INFO - Processing file /home/airflow/.local/lib/python3.8/site-packages/airflow/example_dags/example_external_task_marker_dag.py for tasks to queue
[2024-10-20T02:57:59.593+0000] {logging_mixin.py:154} INFO - [2024-10-20T02:57:59.592+0000] {dagbag.py:536} INFO - Filling up the DagBag from /home/airflow/.local/lib/python3.8/site-packages/airflow/example_dags/example_external_task_marker_dag.py
[2024-10-20T02:57:59.602+0000] {processor.py:839} INFO - DAG(s) dict_keys(['example_external_task_marker_child', 'example_external_task_marker_parent']) retrieved from /home/airflow/.local/lib/python3.8/site-packages/airflow/example_dags/example_external_task_marker_dag.py
[2024-10-20T02:57:59.646+0000] {logging_mixin.py:154} INFO - [2024-10-20T02:57:59.646+0000] {dag.py:2941} INFO - Sync 2 DAGs
[2024-10-20T02:57:59.927+0000] {logging_mixin.py:154} INFO - [2024-10-20T02:57:59.926+0000] {dag.py:3722} INFO - Setting next_dagrun for example_external_task_marker_child to None, run_after=None
[2024-10-20T02:57:59.934+0000] {logging_mixin.py:154} INFO - [2024-10-20T02:57:59.934+0000] {dag.py:3722} INFO - Setting next_dagrun for example_external_task_marker_parent to None, run_after=None
[2024-10-20T02:57:59.962+0000] {processor.py:179} INFO - Processing /home/airflow/.local/lib/python3.8/site-packages/airflow/example_dags/example_external_task_marker_dag.py took 0.378 seconds
[2024-10-20T02:58:30.174+0000] {processor.py:157} INFO - Started process (PID=1437) to work on /home/airflow/.local/lib/python3.8/site-packages/airflow/example_dags/example_external_task_marker_dag.py
[2024-10-20T02:58:30.175+0000] {processor.py:829} INFO - Processing file /home/airflow/.local/lib/python3.8/site-packages/airflow/example_dags/example_external_task_marker_dag.py for tasks to queue
[2024-10-20T02:58:30.177+0000] {logging_mixin.py:154} INFO - [2024-10-20T02:58:30.177+0000] {dagbag.py:536} INFO - Filling up the DagBag from /home/airflow/.local/lib/python3.8/site-packages/airflow/example_dags/example_external_task_marker_dag.py
[2024-10-20T02:58:30.183+0000] {processor.py:839} INFO - DAG(s) dict_keys(['example_external_task_marker_parent', 'example_external_task_marker_child']) retrieved from /home/airflow/.local/lib/python3.8/site-packages/airflow/example_dags/example_external_task_marker_dag.py
[2024-10-20T02:58:30.209+0000] {logging_mixin.py:154} INFO - [2024-10-20T02:58:30.209+0000] {dag.py:2941} INFO - Sync 2 DAGs
[2024-10-20T02:58:30.223+0000] {logging_mixin.py:154} INFO - [2024-10-20T02:58:30.223+0000] {dag.py:3722} INFO - Setting next_dagrun for example_external_task_marker_child to None, run_after=None
[2024-10-20T02:58:30.228+0000] {logging_mixin.py:154} INFO - [2024-10-20T02:58:30.228+0000] {dag.py:3722} INFO - Setting next_dagrun for example_external_task_marker_parent to None, run_after=None
[2024-10-20T02:58:30.247+0000] {processor.py:179} INFO - Processing /home/airflow/.local/lib/python3.8/site-packages/airflow/example_dags/example_external_task_marker_dag.py took 0.077 seconds
[2024-10-20T02:59:52.132+0000] {processor.py:157} INFO - Started process (PID=85) to work on /home/airflow/.local/lib/python3.8/site-packages/airflow/example_dags/example_external_task_marker_dag.py
[2024-10-20T02:59:52.136+0000] {processor.py:829} INFO - Processing file /home/airflow/.local/lib/python3.8/site-packages/airflow/example_dags/example_external_task_marker_dag.py for tasks to queue
[2024-10-20T02:59:52.143+0000] {logging_mixin.py:154} INFO - [2024-10-20T02:59:52.142+0000] {dagbag.py:536} INFO - Filling up the DagBag from /home/airflow/.local/lib/python3.8/site-packages/airflow/example_dags/example_external_task_marker_dag.py
[2024-10-20T02:59:52.175+0000] {processor.py:839} INFO - DAG(s) dict_keys(['example_external_task_marker_parent', 'example_external_task_marker_child']) retrieved from /home/airflow/.local/lib/python3.8/site-packages/airflow/example_dags/example_external_task_marker_dag.py
[2024-10-20T02:59:52.234+0000] {logging_mixin.py:154} INFO - [2024-10-20T02:59:52.234+0000] {dag.py:2941} INFO - Sync 2 DAGs
[2024-10-20T02:59:52.256+0000] {logging_mixin.py:154} INFO - [2024-10-20T02:59:52.256+0000] {dag.py:3722} INFO - Setting next_dagrun for example_external_task_marker_child to None, run_after=None
[2024-10-20T02:59:52.261+0000] {logging_mixin.py:154} INFO - [2024-10-20T02:59:52.261+0000] {dag.py:3722} INFO - Setting next_dagrun for example_external_task_marker_parent to None, run_after=None
[2024-10-20T02:59:52.288+0000] {processor.py:179} INFO - Processing /home/airflow/.local/lib/python3.8/site-packages/airflow/example_dags/example_external_task_marker_dag.py took 0.168 seconds
[2024-10-20T03:00:23.984+0000] {processor.py:157} INFO - Started process (PID=145) to work on /home/airflow/.local/lib/python3.8/site-packages/airflow/example_dags/example_external_task_marker_dag.py
[2024-10-20T03:00:23.986+0000] {processor.py:829} INFO - Processing file /home/airflow/.local/lib/python3.8/site-packages/airflow/example_dags/example_external_task_marker_dag.py for tasks to queue
[2024-10-20T03:00:23.990+0000] {logging_mixin.py:154} INFO - [2024-10-20T03:00:23.989+0000] {dagbag.py:536} INFO - Filling up the DagBag from /home/airflow/.local/lib/python3.8/site-packages/airflow/example_dags/example_external_task_marker_dag.py
[2024-10-20T03:00:23.998+0000] {processor.py:839} INFO - DAG(s) dict_keys(['example_external_task_marker_child', 'example_external_task_marker_parent']) retrieved from /home/airflow/.local/lib/python3.8/site-packages/airflow/example_dags/example_external_task_marker_dag.py
[2024-10-20T03:00:24.040+0000] {logging_mixin.py:154} INFO - [2024-10-20T03:00:24.040+0000] {dag.py:2941} INFO - Sync 2 DAGs
[2024-10-20T03:00:24.060+0000] {logging_mixin.py:154} INFO - [2024-10-20T03:00:24.059+0000] {dag.py:3722} INFO - Setting next_dagrun for example_external_task_marker_child to None, run_after=None
[2024-10-20T03:00:24.067+0000] {logging_mixin.py:154} INFO - [2024-10-20T03:00:24.067+0000] {dag.py:3722} INFO - Setting next_dagrun for example_external_task_marker_parent to None, run_after=None
[2024-10-20T03:00:24.108+0000] {processor.py:179} INFO - Processing /home/airflow/.local/lib/python3.8/site-packages/airflow/example_dags/example_external_task_marker_dag.py took 0.128 seconds
[2024-10-20T03:00:54.883+0000] {processor.py:157} INFO - Started process (PID=201) to work on /home/airflow/.local/lib/python3.8/site-packages/airflow/example_dags/example_external_task_marker_dag.py
[2024-10-20T03:00:54.884+0000] {processor.py:829} INFO - Processing file /home/airflow/.local/lib/python3.8/site-packages/airflow/example_dags/example_external_task_marker_dag.py for tasks to queue
[2024-10-20T03:00:54.888+0000] {logging_mixin.py:154} INFO - [2024-10-20T03:00:54.887+0000] {dagbag.py:536} INFO - Filling up the DagBag from /home/airflow/.local/lib/python3.8/site-packages/airflow/example_dags/example_external_task_marker_dag.py
[2024-10-20T03:00:54.895+0000] {processor.py:839} INFO - DAG(s) dict_keys(['example_external_task_marker_child', 'example_external_task_marker_parent']) retrieved from /home/airflow/.local/lib/python3.8/site-packages/airflow/example_dags/example_external_task_marker_dag.py
[2024-10-20T03:00:54.923+0000] {logging_mixin.py:154} INFO - [2024-10-20T03:00:54.923+0000] {dag.py:2941} INFO - Sync 2 DAGs
[2024-10-20T03:00:54.937+0000] {logging_mixin.py:154} INFO - [2024-10-20T03:00:54.937+0000] {dag.py:3722} INFO - Setting next_dagrun for example_external_task_marker_child to None, run_after=None
[2024-10-20T03:00:54.942+0000] {logging_mixin.py:154} INFO - [2024-10-20T03:00:54.942+0000] {dag.py:3722} INFO - Setting next_dagrun for example_external_task_marker_parent to None, run_after=None
[2024-10-20T03:00:54.965+0000] {processor.py:179} INFO - Processing /home/airflow/.local/lib/python3.8/site-packages/airflow/example_dags/example_external_task_marker_dag.py took 0.085 seconds
[2024-10-20T03:01:25.749+0000] {processor.py:157} INFO - Started process (PID=257) to work on /home/airflow/.local/lib/python3.8/site-packages/airflow/example_dags/example_external_task_marker_dag.py
[2024-10-20T03:01:25.751+0000] {processor.py:829} INFO - Processing file /home/airflow/.local/lib/python3.8/site-packages/airflow/example_dags/example_external_task_marker_dag.py for tasks to queue
[2024-10-20T03:01:25.753+0000] {logging_mixin.py:154} INFO - [2024-10-20T03:01:25.753+0000] {dagbag.py:536} INFO - Filling up the DagBag from /home/airflow/.local/lib/python3.8/site-packages/airflow/example_dags/example_external_task_marker_dag.py
[2024-10-20T03:01:25.760+0000] {processor.py:839} INFO - DAG(s) dict_keys(['example_external_task_marker_child', 'example_external_task_marker_parent']) retrieved from /home/airflow/.local/lib/python3.8/site-packages/airflow/example_dags/example_external_task_marker_dag.py
[2024-10-20T03:01:25.791+0000] {logging_mixin.py:154} INFO - [2024-10-20T03:01:25.791+0000] {dag.py:2941} INFO - Sync 2 DAGs
[2024-10-20T03:01:25.804+0000] {logging_mixin.py:154} INFO - [2024-10-20T03:01:25.804+0000] {dag.py:3722} INFO - Setting next_dagrun for example_external_task_marker_child to None, run_after=None
[2024-10-20T03:01:25.808+0000] {logging_mixin.py:154} INFO - [2024-10-20T03:01:25.808+0000] {dag.py:3722} INFO - Setting next_dagrun for example_external_task_marker_parent to None, run_after=None
[2024-10-20T03:01:25.830+0000] {processor.py:179} INFO - Processing /home/airflow/.local/lib/python3.8/site-packages/airflow/example_dags/example_external_task_marker_dag.py took 0.084 seconds
[2024-10-20T03:01:55.944+0000] {processor.py:157} INFO - Started process (PID=313) to work on /home/airflow/.local/lib/python3.8/site-packages/airflow/example_dags/example_external_task_marker_dag.py
[2024-10-20T03:01:55.947+0000] {processor.py:829} INFO - Processing file /home/airflow/.local/lib/python3.8/site-packages/airflow/example_dags/example_external_task_marker_dag.py for tasks to queue
[2024-10-20T03:01:55.952+0000] {logging_mixin.py:154} INFO - [2024-10-20T03:01:55.951+0000] {dagbag.py:536} INFO - Filling up the DagBag from /home/airflow/.local/lib/python3.8/site-packages/airflow/example_dags/example_external_task_marker_dag.py
[2024-10-20T03:01:55.967+0000] {processor.py:839} INFO - DAG(s) dict_keys(['example_external_task_marker_parent', 'example_external_task_marker_child']) retrieved from /home/airflow/.local/lib/python3.8/site-packages/airflow/example_dags/example_external_task_marker_dag.py
[2024-10-20T03:01:56.023+0000] {logging_mixin.py:154} INFO - [2024-10-20T03:01:56.023+0000] {dag.py:2941} INFO - Sync 2 DAGs
[2024-10-20T03:01:56.046+0000] {logging_mixin.py:154} INFO - [2024-10-20T03:01:56.045+0000] {dag.py:3722} INFO - Setting next_dagrun for example_external_task_marker_child to None, run_after=None
[2024-10-20T03:01:56.053+0000] {logging_mixin.py:154} INFO - [2024-10-20T03:01:56.052+0000] {dag.py:3722} INFO - Setting next_dagrun for example_external_task_marker_parent to None, run_after=None
[2024-10-20T03:01:56.085+0000] {processor.py:179} INFO - Processing /home/airflow/.local/lib/python3.8/site-packages/airflow/example_dags/example_external_task_marker_dag.py took 0.146 seconds
[2024-10-20T03:02:26.319+0000] {processor.py:157} INFO - Started process (PID=372) to work on /home/airflow/.local/lib/python3.8/site-packages/airflow/example_dags/example_external_task_marker_dag.py
[2024-10-20T03:02:26.321+0000] {processor.py:829} INFO - Processing file /home/airflow/.local/lib/python3.8/site-packages/airflow/example_dags/example_external_task_marker_dag.py for tasks to queue
[2024-10-20T03:02:26.325+0000] {logging_mixin.py:154} INFO - [2024-10-20T03:02:26.324+0000] {dagbag.py:536} INFO - Filling up the DagBag from /home/airflow/.local/lib/python3.8/site-packages/airflow/example_dags/example_external_task_marker_dag.py
[2024-10-20T03:02:26.336+0000] {processor.py:839} INFO - DAG(s) dict_keys(['example_external_task_marker_parent', 'example_external_task_marker_child']) retrieved from /home/airflow/.local/lib/python3.8/site-packages/airflow/example_dags/example_external_task_marker_dag.py
[2024-10-20T03:02:26.385+0000] {logging_mixin.py:154} INFO - [2024-10-20T03:02:26.384+0000] {dag.py:2941} INFO - Sync 2 DAGs
[2024-10-20T03:02:26.411+0000] {logging_mixin.py:154} INFO - [2024-10-20T03:02:26.411+0000] {dag.py:3722} INFO - Setting next_dagrun for example_external_task_marker_child to None, run_after=None
[2024-10-20T03:02:26.419+0000] {logging_mixin.py:154} INFO - [2024-10-20T03:02:26.418+0000] {dag.py:3722} INFO - Setting next_dagrun for example_external_task_marker_parent to None, run_after=None
[2024-10-20T03:02:26.456+0000] {processor.py:179} INFO - Processing /home/airflow/.local/lib/python3.8/site-packages/airflow/example_dags/example_external_task_marker_dag.py took 0.141 seconds
[2024-10-20T03:02:56.867+0000] {processor.py:157} INFO - Started process (PID=427) to work on /home/airflow/.local/lib/python3.8/site-packages/airflow/example_dags/example_external_task_marker_dag.py
[2024-10-20T03:02:56.869+0000] {processor.py:829} INFO - Processing file /home/airflow/.local/lib/python3.8/site-packages/airflow/example_dags/example_external_task_marker_dag.py for tasks to queue
[2024-10-20T03:02:56.872+0000] {logging_mixin.py:154} INFO - [2024-10-20T03:02:56.871+0000] {dagbag.py:536} INFO - Filling up the DagBag from /home/airflow/.local/lib/python3.8/site-packages/airflow/example_dags/example_external_task_marker_dag.py
[2024-10-20T03:02:56.880+0000] {processor.py:839} INFO - DAG(s) dict_keys(['example_external_task_marker_child', 'example_external_task_marker_parent']) retrieved from /home/airflow/.local/lib/python3.8/site-packages/airflow/example_dags/example_external_task_marker_dag.py
[2024-10-20T03:02:56.918+0000] {logging_mixin.py:154} INFO - [2024-10-20T03:02:56.917+0000] {dag.py:2941} INFO - Sync 2 DAGs
[2024-10-20T03:02:56.935+0000] {logging_mixin.py:154} INFO - [2024-10-20T03:02:56.935+0000] {dag.py:3722} INFO - Setting next_dagrun for example_external_task_marker_child to None, run_after=None
[2024-10-20T03:02:56.939+0000] {logging_mixin.py:154} INFO - [2024-10-20T03:02:56.939+0000] {dag.py:3722} INFO - Setting next_dagrun for example_external_task_marker_parent to None, run_after=None
[2024-10-20T03:02:56.961+0000] {processor.py:179} INFO - Processing /home/airflow/.local/lib/python3.8/site-packages/airflow/example_dags/example_external_task_marker_dag.py took 0.097 seconds
[2024-10-20T03:03:27.032+0000] {processor.py:157} INFO - Started process (PID=483) to work on /home/airflow/.local/lib/python3.8/site-packages/airflow/example_dags/example_external_task_marker_dag.py
[2024-10-20T03:03:27.034+0000] {processor.py:829} INFO - Processing file /home/airflow/.local/lib/python3.8/site-packages/airflow/example_dags/example_external_task_marker_dag.py for tasks to queue
[2024-10-20T03:03:27.036+0000] {logging_mixin.py:154} INFO - [2024-10-20T03:03:27.036+0000] {dagbag.py:536} INFO - Filling up the DagBag from /home/airflow/.local/lib/python3.8/site-packages/airflow/example_dags/example_external_task_marker_dag.py
[2024-10-20T03:03:27.042+0000] {processor.py:839} INFO - DAG(s) dict_keys(['example_external_task_marker_parent', 'example_external_task_marker_child']) retrieved from /home/airflow/.local/lib/python3.8/site-packages/airflow/example_dags/example_external_task_marker_dag.py
[2024-10-20T03:03:27.069+0000] {logging_mixin.py:154} INFO - [2024-10-20T03:03:27.069+0000] {dag.py:2941} INFO - Sync 2 DAGs
[2024-10-20T03:03:27.083+0000] {logging_mixin.py:154} INFO - [2024-10-20T03:03:27.083+0000] {dag.py:3722} INFO - Setting next_dagrun for example_external_task_marker_child to None, run_after=None
[2024-10-20T03:03:27.087+0000] {logging_mixin.py:154} INFO - [2024-10-20T03:03:27.087+0000] {dag.py:3722} INFO - Setting next_dagrun for example_external_task_marker_parent to None, run_after=None
[2024-10-20T03:03:27.111+0000] {processor.py:179} INFO - Processing /home/airflow/.local/lib/python3.8/site-packages/airflow/example_dags/example_external_task_marker_dag.py took 0.082 seconds
[2024-10-20T03:03:57.439+0000] {processor.py:157} INFO - Started process (PID=539) to work on /home/airflow/.local/lib/python3.8/site-packages/airflow/example_dags/example_external_task_marker_dag.py
[2024-10-20T03:03:57.440+0000] {processor.py:829} INFO - Processing file /home/airflow/.local/lib/python3.8/site-packages/airflow/example_dags/example_external_task_marker_dag.py for tasks to queue
[2024-10-20T03:03:57.443+0000] {logging_mixin.py:154} INFO - [2024-10-20T03:03:57.442+0000] {dagbag.py:536} INFO - Filling up the DagBag from /home/airflow/.local/lib/python3.8/site-packages/airflow/example_dags/example_external_task_marker_dag.py
[2024-10-20T03:03:57.449+0000] {processor.py:839} INFO - DAG(s) dict_keys(['example_external_task_marker_parent', 'example_external_task_marker_child']) retrieved from /home/airflow/.local/lib/python3.8/site-packages/airflow/example_dags/example_external_task_marker_dag.py
[2024-10-20T03:03:57.476+0000] {logging_mixin.py:154} INFO - [2024-10-20T03:03:57.476+0000] {dag.py:2941} INFO - Sync 2 DAGs
[2024-10-20T03:03:57.489+0000] {logging_mixin.py:154} INFO - [2024-10-20T03:03:57.489+0000] {dag.py:3722} INFO - Setting next_dagrun for example_external_task_marker_child to None, run_after=None
[2024-10-20T03:03:57.494+0000] {logging_mixin.py:154} INFO - [2024-10-20T03:03:57.494+0000] {dag.py:3722} INFO - Setting next_dagrun for example_external_task_marker_parent to None, run_after=None
[2024-10-20T03:03:57.516+0000] {processor.py:179} INFO - Processing /home/airflow/.local/lib/python3.8/site-packages/airflow/example_dags/example_external_task_marker_dag.py took 0.080 seconds
[2024-10-20T03:04:27.889+0000] {processor.py:157} INFO - Started process (PID=595) to work on /home/airflow/.local/lib/python3.8/site-packages/airflow/example_dags/example_external_task_marker_dag.py
[2024-10-20T03:04:27.890+0000] {processor.py:829} INFO - Processing file /home/airflow/.local/lib/python3.8/site-packages/airflow/example_dags/example_external_task_marker_dag.py for tasks to queue
[2024-10-20T03:04:27.892+0000] {logging_mixin.py:154} INFO - [2024-10-20T03:04:27.892+0000] {dagbag.py:536} INFO - Filling up the DagBag from /home/airflow/.local/lib/python3.8/site-packages/airflow/example_dags/example_external_task_marker_dag.py
[2024-10-20T03:04:27.899+0000] {processor.py:839} INFO - DAG(s) dict_keys(['example_external_task_marker_parent', 'example_external_task_marker_child']) retrieved from /home/airflow/.local/lib/python3.8/site-packages/airflow/example_dags/example_external_task_marker_dag.py
[2024-10-20T03:04:27.926+0000] {logging_mixin.py:154} INFO - [2024-10-20T03:04:27.926+0000] {dag.py:2941} INFO - Sync 2 DAGs
[2024-10-20T03:04:27.938+0000] {logging_mixin.py:154} INFO - [2024-10-20T03:04:27.938+0000] {dag.py:3722} INFO - Setting next_dagrun for example_external_task_marker_child to None, run_after=None
[2024-10-20T03:04:27.944+0000] {logging_mixin.py:154} INFO - [2024-10-20T03:04:27.943+0000] {dag.py:3722} INFO - Setting next_dagrun for example_external_task_marker_parent to None, run_after=None
[2024-10-20T03:04:27.968+0000] {processor.py:179} INFO - Processing /home/airflow/.local/lib/python3.8/site-packages/airflow/example_dags/example_external_task_marker_dag.py took 0.082 seconds
[2024-10-20T03:04:58.368+0000] {processor.py:157} INFO - Started process (PID=651) to work on /home/airflow/.local/lib/python3.8/site-packages/airflow/example_dags/example_external_task_marker_dag.py
[2024-10-20T03:04:58.369+0000] {processor.py:829} INFO - Processing file /home/airflow/.local/lib/python3.8/site-packages/airflow/example_dags/example_external_task_marker_dag.py for tasks to queue
[2024-10-20T03:04:58.372+0000] {logging_mixin.py:154} INFO - [2024-10-20T03:04:58.371+0000] {dagbag.py:536} INFO - Filling up the DagBag from /home/airflow/.local/lib/python3.8/site-packages/airflow/example_dags/example_external_task_marker_dag.py
[2024-10-20T03:04:58.378+0000] {processor.py:839} INFO - DAG(s) dict_keys(['example_external_task_marker_child', 'example_external_task_marker_parent']) retrieved from /home/airflow/.local/lib/python3.8/site-packages/airflow/example_dags/example_external_task_marker_dag.py
[2024-10-20T03:04:58.406+0000] {logging_mixin.py:154} INFO - [2024-10-20T03:04:58.406+0000] {dag.py:2941} INFO - Sync 2 DAGs
[2024-10-20T03:04:58.422+0000] {logging_mixin.py:154} INFO - [2024-10-20T03:04:58.422+0000] {dag.py:3722} INFO - Setting next_dagrun for example_external_task_marker_child to None, run_after=None
[2024-10-20T03:04:58.426+0000] {logging_mixin.py:154} INFO - [2024-10-20T03:04:58.426+0000] {dag.py:3722} INFO - Setting next_dagrun for example_external_task_marker_parent to None, run_after=None
[2024-10-20T03:04:58.448+0000] {processor.py:179} INFO - Processing /home/airflow/.local/lib/python3.8/site-packages/airflow/example_dags/example_external_task_marker_dag.py took 0.083 seconds
[2024-10-20T03:05:28.530+0000] {processor.py:157} INFO - Started process (PID=706) to work on /home/airflow/.local/lib/python3.8/site-packages/airflow/example_dags/example_external_task_marker_dag.py
[2024-10-20T03:05:28.532+0000] {processor.py:829} INFO - Processing file /home/airflow/.local/lib/python3.8/site-packages/airflow/example_dags/example_external_task_marker_dag.py for tasks to queue
[2024-10-20T03:05:28.534+0000] {logging_mixin.py:154} INFO - [2024-10-20T03:05:28.534+0000] {dagbag.py:536} INFO - Filling up the DagBag from /home/airflow/.local/lib/python3.8/site-packages/airflow/example_dags/example_external_task_marker_dag.py
[2024-10-20T03:05:28.541+0000] {processor.py:839} INFO - DAG(s) dict_keys(['example_external_task_marker_parent', 'example_external_task_marker_child']) retrieved from /home/airflow/.local/lib/python3.8/site-packages/airflow/example_dags/example_external_task_marker_dag.py
[2024-10-20T03:05:28.572+0000] {logging_mixin.py:154} INFO - [2024-10-20T03:05:28.571+0000] {dag.py:2941} INFO - Sync 2 DAGs
[2024-10-20T03:05:28.586+0000] {logging_mixin.py:154} INFO - [2024-10-20T03:05:28.586+0000] {dag.py:3722} INFO - Setting next_dagrun for example_external_task_marker_child to None, run_after=None
[2024-10-20T03:05:28.592+0000] {logging_mixin.py:154} INFO - [2024-10-20T03:05:28.592+0000] {dag.py:3722} INFO - Setting next_dagrun for example_external_task_marker_parent to None, run_after=None
[2024-10-20T03:05:28.615+0000] {processor.py:179} INFO - Processing /home/airflow/.local/lib/python3.8/site-packages/airflow/example_dags/example_external_task_marker_dag.py took 0.087 seconds
[2024-10-20T03:05:58.888+0000] {processor.py:157} INFO - Started process (PID=762) to work on /home/airflow/.local/lib/python3.8/site-packages/airflow/example_dags/example_external_task_marker_dag.py
[2024-10-20T03:05:58.889+0000] {processor.py:829} INFO - Processing file /home/airflow/.local/lib/python3.8/site-packages/airflow/example_dags/example_external_task_marker_dag.py for tasks to queue
[2024-10-20T03:05:58.892+0000] {logging_mixin.py:154} INFO - [2024-10-20T03:05:58.892+0000] {dagbag.py:536} INFO - Filling up the DagBag from /home/airflow/.local/lib/python3.8/site-packages/airflow/example_dags/example_external_task_marker_dag.py
[2024-10-20T03:05:58.900+0000] {processor.py:839} INFO - DAG(s) dict_keys(['example_external_task_marker_parent', 'example_external_task_marker_child']) retrieved from /home/airflow/.local/lib/python3.8/site-packages/airflow/example_dags/example_external_task_marker_dag.py
[2024-10-20T03:05:58.928+0000] {logging_mixin.py:154} INFO - [2024-10-20T03:05:58.928+0000] {dag.py:2941} INFO - Sync 2 DAGs
[2024-10-20T03:05:58.943+0000] {logging_mixin.py:154} INFO - [2024-10-20T03:05:58.943+0000] {dag.py:3722} INFO - Setting next_dagrun for example_external_task_marker_child to None, run_after=None
[2024-10-20T03:05:58.947+0000] {logging_mixin.py:154} INFO - [2024-10-20T03:05:58.947+0000] {dag.py:3722} INFO - Setting next_dagrun for example_external_task_marker_parent to None, run_after=None
[2024-10-20T03:05:58.968+0000] {processor.py:179} INFO - Processing /home/airflow/.local/lib/python3.8/site-packages/airflow/example_dags/example_external_task_marker_dag.py took 0.084 seconds
[2024-10-20T03:06:29.465+0000] {processor.py:157} INFO - Started process (PID=818) to work on /home/airflow/.local/lib/python3.8/site-packages/airflow/example_dags/example_external_task_marker_dag.py
[2024-10-20T03:06:29.467+0000] {processor.py:829} INFO - Processing file /home/airflow/.local/lib/python3.8/site-packages/airflow/example_dags/example_external_task_marker_dag.py for tasks to queue
[2024-10-20T03:06:29.469+0000] {logging_mixin.py:154} INFO - [2024-10-20T03:06:29.469+0000] {dagbag.py:536} INFO - Filling up the DagBag from /home/airflow/.local/lib/python3.8/site-packages/airflow/example_dags/example_external_task_marker_dag.py
[2024-10-20T03:06:29.474+0000] {processor.py:839} INFO - DAG(s) dict_keys(['example_external_task_marker_child', 'example_external_task_marker_parent']) retrieved from /home/airflow/.local/lib/python3.8/site-packages/airflow/example_dags/example_external_task_marker_dag.py
[2024-10-20T03:06:29.503+0000] {logging_mixin.py:154} INFO - [2024-10-20T03:06:29.503+0000] {dag.py:2941} INFO - Sync 2 DAGs
[2024-10-20T03:06:29.515+0000] {logging_mixin.py:154} INFO - [2024-10-20T03:06:29.515+0000] {dag.py:3722} INFO - Setting next_dagrun for example_external_task_marker_child to None, run_after=None
[2024-10-20T03:06:29.520+0000] {logging_mixin.py:154} INFO - [2024-10-20T03:06:29.519+0000] {dag.py:3722} INFO - Setting next_dagrun for example_external_task_marker_parent to None, run_after=None
[2024-10-20T03:06:29.542+0000] {processor.py:179} INFO - Processing /home/airflow/.local/lib/python3.8/site-packages/airflow/example_dags/example_external_task_marker_dag.py took 0.080 seconds
[2024-10-20T03:07:00.048+0000] {processor.py:157} INFO - Started process (PID=875) to work on /home/airflow/.local/lib/python3.8/site-packages/airflow/example_dags/example_external_task_marker_dag.py
[2024-10-20T03:07:00.050+0000] {processor.py:829} INFO - Processing file /home/airflow/.local/lib/python3.8/site-packages/airflow/example_dags/example_external_task_marker_dag.py for tasks to queue
[2024-10-20T03:07:00.053+0000] {logging_mixin.py:154} INFO - [2024-10-20T03:07:00.053+0000] {dagbag.py:536} INFO - Filling up the DagBag from /home/airflow/.local/lib/python3.8/site-packages/airflow/example_dags/example_external_task_marker_dag.py
[2024-10-20T03:07:00.060+0000] {processor.py:839} INFO - DAG(s) dict_keys(['example_external_task_marker_parent', 'example_external_task_marker_child']) retrieved from /home/airflow/.local/lib/python3.8/site-packages/airflow/example_dags/example_external_task_marker_dag.py
[2024-10-20T03:07:00.090+0000] {logging_mixin.py:154} INFO - [2024-10-20T03:07:00.090+0000] {dag.py:2941} INFO - Sync 2 DAGs
[2024-10-20T03:07:00.104+0000] {logging_mixin.py:154} INFO - [2024-10-20T03:07:00.103+0000] {dag.py:3722} INFO - Setting next_dagrun for example_external_task_marker_child to None, run_after=None
[2024-10-20T03:07:00.109+0000] {logging_mixin.py:154} INFO - [2024-10-20T03:07:00.109+0000] {dag.py:3722} INFO - Setting next_dagrun for example_external_task_marker_parent to None, run_after=None
[2024-10-20T03:07:00.129+0000] {processor.py:179} INFO - Processing /home/airflow/.local/lib/python3.8/site-packages/airflow/example_dags/example_external_task_marker_dag.py took 0.084 seconds
[2024-10-20T03:07:30.547+0000] {processor.py:157} INFO - Started process (PID=931) to work on /home/airflow/.local/lib/python3.8/site-packages/airflow/example_dags/example_external_task_marker_dag.py
[2024-10-20T03:07:30.548+0000] {processor.py:829} INFO - Processing file /home/airflow/.local/lib/python3.8/site-packages/airflow/example_dags/example_external_task_marker_dag.py for tasks to queue
[2024-10-20T03:07:30.551+0000] {logging_mixin.py:154} INFO - [2024-10-20T03:07:30.551+0000] {dagbag.py:536} INFO - Filling up the DagBag from /home/airflow/.local/lib/python3.8/site-packages/airflow/example_dags/example_external_task_marker_dag.py
[2024-10-20T03:07:30.557+0000] {processor.py:839} INFO - DAG(s) dict_keys(['example_external_task_marker_parent', 'example_external_task_marker_child']) retrieved from /home/airflow/.local/lib/python3.8/site-packages/airflow/example_dags/example_external_task_marker_dag.py
[2024-10-20T03:07:30.583+0000] {logging_mixin.py:154} INFO - [2024-10-20T03:07:30.583+0000] {dag.py:2941} INFO - Sync 2 DAGs
[2024-10-20T03:07:30.595+0000] {logging_mixin.py:154} INFO - [2024-10-20T03:07:30.595+0000] {dag.py:3722} INFO - Setting next_dagrun for example_external_task_marker_child to None, run_after=None
[2024-10-20T03:07:30.599+0000] {logging_mixin.py:154} INFO - [2024-10-20T03:07:30.599+0000] {dag.py:3722} INFO - Setting next_dagrun for example_external_task_marker_parent to None, run_after=None
[2024-10-20T03:07:30.620+0000] {processor.py:179} INFO - Processing /home/airflow/.local/lib/python3.8/site-packages/airflow/example_dags/example_external_task_marker_dag.py took 0.076 seconds
[2024-10-20T03:08:48.081+0000] {processor.py:157} INFO - Started process (PID=84) to work on /home/airflow/.local/lib/python3.8/site-packages/airflow/example_dags/example_external_task_marker_dag.py
[2024-10-20T03:08:48.083+0000] {processor.py:829} INFO - Processing file /home/airflow/.local/lib/python3.8/site-packages/airflow/example_dags/example_external_task_marker_dag.py for tasks to queue
[2024-10-20T03:08:48.087+0000] {logging_mixin.py:154} INFO - [2024-10-20T03:08:48.086+0000] {dagbag.py:536} INFO - Filling up the DagBag from /home/airflow/.local/lib/python3.8/site-packages/airflow/example_dags/example_external_task_marker_dag.py
[2024-10-20T03:08:48.101+0000] {processor.py:839} INFO - DAG(s) dict_keys(['example_external_task_marker_parent', 'example_external_task_marker_child']) retrieved from /home/airflow/.local/lib/python3.8/site-packages/airflow/example_dags/example_external_task_marker_dag.py
[2024-10-20T03:08:48.122+0000] {logging_mixin.py:154} INFO - [2024-10-20T03:08:48.121+0000] {dag.py:2941} INFO - Sync 2 DAGs
[2024-10-20T03:08:48.140+0000] {logging_mixin.py:154} INFO - [2024-10-20T03:08:48.140+0000] {dag.py:3722} INFO - Setting next_dagrun for example_external_task_marker_child to None, run_after=None
[2024-10-20T03:08:48.145+0000] {logging_mixin.py:154} INFO - [2024-10-20T03:08:48.145+0000] {dag.py:3722} INFO - Setting next_dagrun for example_external_task_marker_parent to None, run_after=None
[2024-10-20T03:08:48.172+0000] {processor.py:179} INFO - Processing /home/airflow/.local/lib/python3.8/site-packages/airflow/example_dags/example_external_task_marker_dag.py took 0.095 seconds
[2024-10-20T03:09:19.304+0000] {processor.py:157} INFO - Started process (PID=140) to work on /home/airflow/.local/lib/python3.8/site-packages/airflow/example_dags/example_external_task_marker_dag.py
[2024-10-20T03:09:19.305+0000] {processor.py:829} INFO - Processing file /home/airflow/.local/lib/python3.8/site-packages/airflow/example_dags/example_external_task_marker_dag.py for tasks to queue
[2024-10-20T03:09:19.308+0000] {logging_mixin.py:154} INFO - [2024-10-20T03:09:19.308+0000] {dagbag.py:536} INFO - Filling up the DagBag from /home/airflow/.local/lib/python3.8/site-packages/airflow/example_dags/example_external_task_marker_dag.py
[2024-10-20T03:09:19.315+0000] {processor.py:839} INFO - DAG(s) dict_keys(['example_external_task_marker_parent', 'example_external_task_marker_child']) retrieved from /home/airflow/.local/lib/python3.8/site-packages/airflow/example_dags/example_external_task_marker_dag.py
[2024-10-20T03:09:19.350+0000] {logging_mixin.py:154} INFO - [2024-10-20T03:09:19.350+0000] {dag.py:2941} INFO - Sync 2 DAGs
[2024-10-20T03:09:19.369+0000] {logging_mixin.py:154} INFO - [2024-10-20T03:09:19.369+0000] {dag.py:3722} INFO - Setting next_dagrun for example_external_task_marker_child to None, run_after=None
[2024-10-20T03:09:19.374+0000] {logging_mixin.py:154} INFO - [2024-10-20T03:09:19.374+0000] {dag.py:3722} INFO - Setting next_dagrun for example_external_task_marker_parent to None, run_after=None
[2024-10-20T03:09:19.404+0000] {processor.py:179} INFO - Processing /home/airflow/.local/lib/python3.8/site-packages/airflow/example_dags/example_external_task_marker_dag.py took 0.104 seconds
[2024-10-20T03:09:49.794+0000] {processor.py:157} INFO - Started process (PID=196) to work on /home/airflow/.local/lib/python3.8/site-packages/airflow/example_dags/example_external_task_marker_dag.py
[2024-10-20T03:09:49.795+0000] {processor.py:829} INFO - Processing file /home/airflow/.local/lib/python3.8/site-packages/airflow/example_dags/example_external_task_marker_dag.py for tasks to queue
[2024-10-20T03:09:49.797+0000] {logging_mixin.py:154} INFO - [2024-10-20T03:09:49.797+0000] {dagbag.py:536} INFO - Filling up the DagBag from /home/airflow/.local/lib/python3.8/site-packages/airflow/example_dags/example_external_task_marker_dag.py
[2024-10-20T03:09:49.805+0000] {processor.py:839} INFO - DAG(s) dict_keys(['example_external_task_marker_child', 'example_external_task_marker_parent']) retrieved from /home/airflow/.local/lib/python3.8/site-packages/airflow/example_dags/example_external_task_marker_dag.py
[2024-10-20T03:09:49.836+0000] {logging_mixin.py:154} INFO - [2024-10-20T03:09:49.835+0000] {dag.py:2941} INFO - Sync 2 DAGs
[2024-10-20T03:09:49.856+0000] {logging_mixin.py:154} INFO - [2024-10-20T03:09:49.855+0000] {dag.py:3722} INFO - Setting next_dagrun for example_external_task_marker_child to None, run_after=None
[2024-10-20T03:09:49.860+0000] {logging_mixin.py:154} INFO - [2024-10-20T03:09:49.860+0000] {dag.py:3722} INFO - Setting next_dagrun for example_external_task_marker_parent to None, run_after=None
[2024-10-20T03:09:49.882+0000] {processor.py:179} INFO - Processing /home/airflow/.local/lib/python3.8/site-packages/airflow/example_dags/example_external_task_marker_dag.py took 0.092 seconds
[2024-10-20T03:10:20.095+0000] {processor.py:157} INFO - Started process (PID=252) to work on /home/airflow/.local/lib/python3.8/site-packages/airflow/example_dags/example_external_task_marker_dag.py
[2024-10-20T03:10:20.096+0000] {processor.py:829} INFO - Processing file /home/airflow/.local/lib/python3.8/site-packages/airflow/example_dags/example_external_task_marker_dag.py for tasks to queue
[2024-10-20T03:10:20.098+0000] {logging_mixin.py:154} INFO - [2024-10-20T03:10:20.098+0000] {dagbag.py:536} INFO - Filling up the DagBag from /home/airflow/.local/lib/python3.8/site-packages/airflow/example_dags/example_external_task_marker_dag.py
[2024-10-20T03:10:20.104+0000] {processor.py:839} INFO - DAG(s) dict_keys(['example_external_task_marker_parent', 'example_external_task_marker_child']) retrieved from /home/airflow/.local/lib/python3.8/site-packages/airflow/example_dags/example_external_task_marker_dag.py
[2024-10-20T03:10:20.132+0000] {logging_mixin.py:154} INFO - [2024-10-20T03:10:20.131+0000] {dag.py:2941} INFO - Sync 2 DAGs
[2024-10-20T03:10:20.147+0000] {logging_mixin.py:154} INFO - [2024-10-20T03:10:20.147+0000] {dag.py:3722} INFO - Setting next_dagrun for example_external_task_marker_child to None, run_after=None
[2024-10-20T03:10:20.152+0000] {logging_mixin.py:154} INFO - [2024-10-20T03:10:20.151+0000] {dag.py:3722} INFO - Setting next_dagrun for example_external_task_marker_parent to None, run_after=None
[2024-10-20T03:10:20.174+0000] {processor.py:179} INFO - Processing /home/airflow/.local/lib/python3.8/site-packages/airflow/example_dags/example_external_task_marker_dag.py took 0.083 seconds
[2024-10-20T03:10:50.607+0000] {processor.py:157} INFO - Started process (PID=308) to work on /home/airflow/.local/lib/python3.8/site-packages/airflow/example_dags/example_external_task_marker_dag.py
[2024-10-20T03:10:50.608+0000] {processor.py:829} INFO - Processing file /home/airflow/.local/lib/python3.8/site-packages/airflow/example_dags/example_external_task_marker_dag.py for tasks to queue
[2024-10-20T03:10:50.612+0000] {logging_mixin.py:154} INFO - [2024-10-20T03:10:50.611+0000] {dagbag.py:536} INFO - Filling up the DagBag from /home/airflow/.local/lib/python3.8/site-packages/airflow/example_dags/example_external_task_marker_dag.py
[2024-10-20T03:10:50.621+0000] {processor.py:839} INFO - DAG(s) dict_keys(['example_external_task_marker_child', 'example_external_task_marker_parent']) retrieved from /home/airflow/.local/lib/python3.8/site-packages/airflow/example_dags/example_external_task_marker_dag.py
[2024-10-20T03:10:50.682+0000] {logging_mixin.py:154} INFO - [2024-10-20T03:10:50.682+0000] {dag.py:2941} INFO - Sync 2 DAGs
[2024-10-20T03:10:50.715+0000] {logging_mixin.py:154} INFO - [2024-10-20T03:10:50.715+0000] {dag.py:3722} INFO - Setting next_dagrun for example_external_task_marker_child to None, run_after=None
[2024-10-20T03:10:50.723+0000] {logging_mixin.py:154} INFO - [2024-10-20T03:10:50.723+0000] {dag.py:3722} INFO - Setting next_dagrun for example_external_task_marker_parent to None, run_after=None
[2024-10-20T03:10:50.750+0000] {processor.py:179} INFO - Processing /home/airflow/.local/lib/python3.8/site-packages/airflow/example_dags/example_external_task_marker_dag.py took 0.149 seconds
[2024-10-20T03:11:20.901+0000] {processor.py:157} INFO - Started process (PID=362) to work on /home/airflow/.local/lib/python3.8/site-packages/airflow/example_dags/example_external_task_marker_dag.py
[2024-10-20T03:11:20.902+0000] {processor.py:829} INFO - Processing file /home/airflow/.local/lib/python3.8/site-packages/airflow/example_dags/example_external_task_marker_dag.py for tasks to queue
[2024-10-20T03:11:20.904+0000] {logging_mixin.py:154} INFO - [2024-10-20T03:11:20.903+0000] {dagbag.py:536} INFO - Filling up the DagBag from /home/airflow/.local/lib/python3.8/site-packages/airflow/example_dags/example_external_task_marker_dag.py
[2024-10-20T03:11:20.909+0000] {processor.py:839} INFO - DAG(s) dict_keys(['example_external_task_marker_child', 'example_external_task_marker_parent']) retrieved from /home/airflow/.local/lib/python3.8/site-packages/airflow/example_dags/example_external_task_marker_dag.py
[2024-10-20T03:11:20.934+0000] {logging_mixin.py:154} INFO - [2024-10-20T03:11:20.934+0000] {dag.py:2941} INFO - Sync 2 DAGs
[2024-10-20T03:11:20.947+0000] {logging_mixin.py:154} INFO - [2024-10-20T03:11:20.946+0000] {dag.py:3722} INFO - Setting next_dagrun for example_external_task_marker_child to None, run_after=None
[2024-10-20T03:11:20.950+0000] {logging_mixin.py:154} INFO - [2024-10-20T03:11:20.950+0000] {dag.py:3722} INFO - Setting next_dagrun for example_external_task_marker_parent to None, run_after=None
[2024-10-20T03:11:20.969+0000] {processor.py:179} INFO - Processing /home/airflow/.local/lib/python3.8/site-packages/airflow/example_dags/example_external_task_marker_dag.py took 0.072 seconds
[2024-10-20T03:11:51.100+0000] {processor.py:157} INFO - Started process (PID=418) to work on /home/airflow/.local/lib/python3.8/site-packages/airflow/example_dags/example_external_task_marker_dag.py
[2024-10-20T03:11:51.102+0000] {processor.py:829} INFO - Processing file /home/airflow/.local/lib/python3.8/site-packages/airflow/example_dags/example_external_task_marker_dag.py for tasks to queue
[2024-10-20T03:11:51.104+0000] {logging_mixin.py:154} INFO - [2024-10-20T03:11:51.104+0000] {dagbag.py:536} INFO - Filling up the DagBag from /home/airflow/.local/lib/python3.8/site-packages/airflow/example_dags/example_external_task_marker_dag.py
[2024-10-20T03:11:51.110+0000] {processor.py:839} INFO - DAG(s) dict_keys(['example_external_task_marker_child', 'example_external_task_marker_parent']) retrieved from /home/airflow/.local/lib/python3.8/site-packages/airflow/example_dags/example_external_task_marker_dag.py
[2024-10-20T03:11:51.137+0000] {logging_mixin.py:154} INFO - [2024-10-20T03:11:51.137+0000] {dag.py:2941} INFO - Sync 2 DAGs
[2024-10-20T03:11:51.151+0000] {logging_mixin.py:154} INFO - [2024-10-20T03:11:51.150+0000] {dag.py:3722} INFO - Setting next_dagrun for example_external_task_marker_child to None, run_after=None
[2024-10-20T03:11:51.155+0000] {logging_mixin.py:154} INFO - [2024-10-20T03:11:51.155+0000] {dag.py:3722} INFO - Setting next_dagrun for example_external_task_marker_parent to None, run_after=None
[2024-10-20T03:11:51.177+0000] {processor.py:179} INFO - Processing /home/airflow/.local/lib/python3.8/site-packages/airflow/example_dags/example_external_task_marker_dag.py took 0.079 seconds
[2024-10-20T03:12:21.423+0000] {processor.py:157} INFO - Started process (PID=474) to work on /home/airflow/.local/lib/python3.8/site-packages/airflow/example_dags/example_external_task_marker_dag.py
[2024-10-20T03:12:21.424+0000] {processor.py:829} INFO - Processing file /home/airflow/.local/lib/python3.8/site-packages/airflow/example_dags/example_external_task_marker_dag.py for tasks to queue
[2024-10-20T03:12:21.427+0000] {logging_mixin.py:154} INFO - [2024-10-20T03:12:21.426+0000] {dagbag.py:536} INFO - Filling up the DagBag from /home/airflow/.local/lib/python3.8/site-packages/airflow/example_dags/example_external_task_marker_dag.py
[2024-10-20T03:12:21.433+0000] {processor.py:839} INFO - DAG(s) dict_keys(['example_external_task_marker_child', 'example_external_task_marker_parent']) retrieved from /home/airflow/.local/lib/python3.8/site-packages/airflow/example_dags/example_external_task_marker_dag.py
[2024-10-20T03:12:21.466+0000] {logging_mixin.py:154} INFO - [2024-10-20T03:12:21.466+0000] {dag.py:2941} INFO - Sync 2 DAGs
[2024-10-20T03:12:21.481+0000] {logging_mixin.py:154} INFO - [2024-10-20T03:12:21.481+0000] {dag.py:3722} INFO - Setting next_dagrun for example_external_task_marker_child to None, run_after=None
[2024-10-20T03:12:21.486+0000] {logging_mixin.py:154} INFO - [2024-10-20T03:12:21.485+0000] {dag.py:3722} INFO - Setting next_dagrun for example_external_task_marker_parent to None, run_after=None
[2024-10-20T03:12:21.509+0000] {processor.py:179} INFO - Processing /home/airflow/.local/lib/python3.8/site-packages/airflow/example_dags/example_external_task_marker_dag.py took 0.090 seconds
[2024-10-20T03:12:52.050+0000] {processor.py:157} INFO - Started process (PID=530) to work on /home/airflow/.local/lib/python3.8/site-packages/airflow/example_dags/example_external_task_marker_dag.py
[2024-10-20T03:12:52.051+0000] {processor.py:829} INFO - Processing file /home/airflow/.local/lib/python3.8/site-packages/airflow/example_dags/example_external_task_marker_dag.py for tasks to queue
[2024-10-20T03:12:52.054+0000] {logging_mixin.py:154} INFO - [2024-10-20T03:12:52.054+0000] {dagbag.py:536} INFO - Filling up the DagBag from /home/airflow/.local/lib/python3.8/site-packages/airflow/example_dags/example_external_task_marker_dag.py
[2024-10-20T03:12:52.059+0000] {processor.py:839} INFO - DAG(s) dict_keys(['example_external_task_marker_parent', 'example_external_task_marker_child']) retrieved from /home/airflow/.local/lib/python3.8/site-packages/airflow/example_dags/example_external_task_marker_dag.py
[2024-10-20T03:12:52.087+0000] {logging_mixin.py:154} INFO - [2024-10-20T03:12:52.087+0000] {dag.py:2941} INFO - Sync 2 DAGs
[2024-10-20T03:12:52.100+0000] {logging_mixin.py:154} INFO - [2024-10-20T03:12:52.099+0000] {dag.py:3722} INFO - Setting next_dagrun for example_external_task_marker_child to None, run_after=None
[2024-10-20T03:12:52.104+0000] {logging_mixin.py:154} INFO - [2024-10-20T03:12:52.104+0000] {dag.py:3722} INFO - Setting next_dagrun for example_external_task_marker_parent to None, run_after=None
[2024-10-20T03:12:52.132+0000] {processor.py:179} INFO - Processing /home/airflow/.local/lib/python3.8/site-packages/airflow/example_dags/example_external_task_marker_dag.py took 0.084 seconds
[2024-10-20T03:13:22.595+0000] {processor.py:157} INFO - Started process (PID=586) to work on /home/airflow/.local/lib/python3.8/site-packages/airflow/example_dags/example_external_task_marker_dag.py
[2024-10-20T03:13:22.596+0000] {processor.py:829} INFO - Processing file /home/airflow/.local/lib/python3.8/site-packages/airflow/example_dags/example_external_task_marker_dag.py for tasks to queue
[2024-10-20T03:13:22.599+0000] {logging_mixin.py:154} INFO - [2024-10-20T03:13:22.598+0000] {dagbag.py:536} INFO - Filling up the DagBag from /home/airflow/.local/lib/python3.8/site-packages/airflow/example_dags/example_external_task_marker_dag.py
[2024-10-20T03:13:22.604+0000] {processor.py:839} INFO - DAG(s) dict_keys(['example_external_task_marker_parent', 'example_external_task_marker_child']) retrieved from /home/airflow/.local/lib/python3.8/site-packages/airflow/example_dags/example_external_task_marker_dag.py
[2024-10-20T03:13:22.635+0000] {logging_mixin.py:154} INFO - [2024-10-20T03:13:22.635+0000] {dag.py:2941} INFO - Sync 2 DAGs
[2024-10-20T03:13:22.650+0000] {logging_mixin.py:154} INFO - [2024-10-20T03:13:22.650+0000] {dag.py:3722} INFO - Setting next_dagrun for example_external_task_marker_child to None, run_after=None
[2024-10-20T03:13:22.655+0000] {logging_mixin.py:154} INFO - [2024-10-20T03:13:22.654+0000] {dag.py:3722} INFO - Setting next_dagrun for example_external_task_marker_parent to None, run_after=None
[2024-10-20T03:13:22.690+0000] {processor.py:179} INFO - Processing /home/airflow/.local/lib/python3.8/site-packages/airflow/example_dags/example_external_task_marker_dag.py took 0.097 seconds
[2024-10-20T03:13:53.096+0000] {processor.py:157} INFO - Started process (PID=642) to work on /home/airflow/.local/lib/python3.8/site-packages/airflow/example_dags/example_external_task_marker_dag.py
[2024-10-20T03:13:53.097+0000] {processor.py:829} INFO - Processing file /home/airflow/.local/lib/python3.8/site-packages/airflow/example_dags/example_external_task_marker_dag.py for tasks to queue
[2024-10-20T03:13:53.100+0000] {logging_mixin.py:154} INFO - [2024-10-20T03:13:53.099+0000] {dagbag.py:536} INFO - Filling up the DagBag from /home/airflow/.local/lib/python3.8/site-packages/airflow/example_dags/example_external_task_marker_dag.py
[2024-10-20T03:13:53.107+0000] {processor.py:839} INFO - DAG(s) dict_keys(['example_external_task_marker_child', 'example_external_task_marker_parent']) retrieved from /home/airflow/.local/lib/python3.8/site-packages/airflow/example_dags/example_external_task_marker_dag.py
[2024-10-20T03:13:53.140+0000] {logging_mixin.py:154} INFO - [2024-10-20T03:13:53.139+0000] {dag.py:2941} INFO - Sync 2 DAGs
[2024-10-20T03:13:53.154+0000] {logging_mixin.py:154} INFO - [2024-10-20T03:13:53.154+0000] {dag.py:3722} INFO - Setting next_dagrun for example_external_task_marker_child to None, run_after=None
[2024-10-20T03:13:53.159+0000] {logging_mixin.py:154} INFO - [2024-10-20T03:13:53.159+0000] {dag.py:3722} INFO - Setting next_dagrun for example_external_task_marker_parent to None, run_after=None
[2024-10-20T03:13:53.184+0000] {processor.py:179} INFO - Processing /home/airflow/.local/lib/python3.8/site-packages/airflow/example_dags/example_external_task_marker_dag.py took 0.092 seconds
[2024-10-20T03:14:23.517+0000] {processor.py:157} INFO - Started process (PID=698) to work on /home/airflow/.local/lib/python3.8/site-packages/airflow/example_dags/example_external_task_marker_dag.py
[2024-10-20T03:14:23.518+0000] {processor.py:829} INFO - Processing file /home/airflow/.local/lib/python3.8/site-packages/airflow/example_dags/example_external_task_marker_dag.py for tasks to queue
[2024-10-20T03:14:23.521+0000] {logging_mixin.py:154} INFO - [2024-10-20T03:14:23.520+0000] {dagbag.py:536} INFO - Filling up the DagBag from /home/airflow/.local/lib/python3.8/site-packages/airflow/example_dags/example_external_task_marker_dag.py
[2024-10-20T03:14:23.526+0000] {processor.py:839} INFO - DAG(s) dict_keys(['example_external_task_marker_parent', 'example_external_task_marker_child']) retrieved from /home/airflow/.local/lib/python3.8/site-packages/airflow/example_dags/example_external_task_marker_dag.py
[2024-10-20T03:14:23.552+0000] {logging_mixin.py:154} INFO - [2024-10-20T03:14:23.551+0000] {dag.py:2941} INFO - Sync 2 DAGs
[2024-10-20T03:14:23.565+0000] {logging_mixin.py:154} INFO - [2024-10-20T03:14:23.565+0000] {dag.py:3722} INFO - Setting next_dagrun for example_external_task_marker_child to None, run_after=None
[2024-10-20T03:14:23.569+0000] {logging_mixin.py:154} INFO - [2024-10-20T03:14:23.568+0000] {dag.py:3722} INFO - Setting next_dagrun for example_external_task_marker_parent to None, run_after=None
[2024-10-20T03:14:23.591+0000] {processor.py:179} INFO - Processing /home/airflow/.local/lib/python3.8/site-packages/airflow/example_dags/example_external_task_marker_dag.py took 0.077 seconds
[2024-10-20T03:14:53.819+0000] {processor.py:157} INFO - Started process (PID=754) to work on /home/airflow/.local/lib/python3.8/site-packages/airflow/example_dags/example_external_task_marker_dag.py
[2024-10-20T03:14:53.820+0000] {processor.py:829} INFO - Processing file /home/airflow/.local/lib/python3.8/site-packages/airflow/example_dags/example_external_task_marker_dag.py for tasks to queue
[2024-10-20T03:14:53.823+0000] {logging_mixin.py:154} INFO - [2024-10-20T03:14:53.822+0000] {dagbag.py:536} INFO - Filling up the DagBag from /home/airflow/.local/lib/python3.8/site-packages/airflow/example_dags/example_external_task_marker_dag.py
[2024-10-20T03:14:53.828+0000] {processor.py:839} INFO - DAG(s) dict_keys(['example_external_task_marker_parent', 'example_external_task_marker_child']) retrieved from /home/airflow/.local/lib/python3.8/site-packages/airflow/example_dags/example_external_task_marker_dag.py
[2024-10-20T03:14:53.854+0000] {logging_mixin.py:154} INFO - [2024-10-20T03:14:53.854+0000] {dag.py:2941} INFO - Sync 2 DAGs
[2024-10-20T03:14:53.867+0000] {logging_mixin.py:154} INFO - [2024-10-20T03:14:53.866+0000] {dag.py:3722} INFO - Setting next_dagrun for example_external_task_marker_child to None, run_after=None
[2024-10-20T03:14:53.870+0000] {logging_mixin.py:154} INFO - [2024-10-20T03:14:53.870+0000] {dag.py:3722} INFO - Setting next_dagrun for example_external_task_marker_parent to None, run_after=None
[2024-10-20T03:14:53.890+0000] {processor.py:179} INFO - Processing /home/airflow/.local/lib/python3.8/site-packages/airflow/example_dags/example_external_task_marker_dag.py took 0.074 seconds
[2024-10-20T03:15:24.475+0000] {processor.py:157} INFO - Started process (PID=810) to work on /home/airflow/.local/lib/python3.8/site-packages/airflow/example_dags/example_external_task_marker_dag.py
[2024-10-20T03:15:24.476+0000] {processor.py:829} INFO - Processing file /home/airflow/.local/lib/python3.8/site-packages/airflow/example_dags/example_external_task_marker_dag.py for tasks to queue
[2024-10-20T03:15:24.478+0000] {logging_mixin.py:154} INFO - [2024-10-20T03:15:24.478+0000] {dagbag.py:536} INFO - Filling up the DagBag from /home/airflow/.local/lib/python3.8/site-packages/airflow/example_dags/example_external_task_marker_dag.py
[2024-10-20T03:15:24.485+0000] {processor.py:839} INFO - DAG(s) dict_keys(['example_external_task_marker_parent', 'example_external_task_marker_child']) retrieved from /home/airflow/.local/lib/python3.8/site-packages/airflow/example_dags/example_external_task_marker_dag.py
[2024-10-20T03:15:24.518+0000] {logging_mixin.py:154} INFO - [2024-10-20T03:15:24.517+0000] {dag.py:2941} INFO - Sync 2 DAGs
[2024-10-20T03:15:24.532+0000] {logging_mixin.py:154} INFO - [2024-10-20T03:15:24.532+0000] {dag.py:3722} INFO - Setting next_dagrun for example_external_task_marker_child to None, run_after=None
[2024-10-20T03:15:24.536+0000] {logging_mixin.py:154} INFO - [2024-10-20T03:15:24.536+0000] {dag.py:3722} INFO - Setting next_dagrun for example_external_task_marker_parent to None, run_after=None
[2024-10-20T03:15:24.557+0000] {processor.py:179} INFO - Processing /home/airflow/.local/lib/python3.8/site-packages/airflow/example_dags/example_external_task_marker_dag.py took 0.086 seconds
[2024-10-20T03:15:55.237+0000] {processor.py:157} INFO - Started process (PID=866) to work on /home/airflow/.local/lib/python3.8/site-packages/airflow/example_dags/example_external_task_marker_dag.py
[2024-10-20T03:15:55.238+0000] {processor.py:829} INFO - Processing file /home/airflow/.local/lib/python3.8/site-packages/airflow/example_dags/example_external_task_marker_dag.py for tasks to queue
[2024-10-20T03:15:55.241+0000] {logging_mixin.py:154} INFO - [2024-10-20T03:15:55.241+0000] {dagbag.py:536} INFO - Filling up the DagBag from /home/airflow/.local/lib/python3.8/site-packages/airflow/example_dags/example_external_task_marker_dag.py
[2024-10-20T03:15:55.247+0000] {processor.py:839} INFO - DAG(s) dict_keys(['example_external_task_marker_child', 'example_external_task_marker_parent']) retrieved from /home/airflow/.local/lib/python3.8/site-packages/airflow/example_dags/example_external_task_marker_dag.py
[2024-10-20T03:15:55.275+0000] {logging_mixin.py:154} INFO - [2024-10-20T03:15:55.275+0000] {dag.py:2941} INFO - Sync 2 DAGs
[2024-10-20T03:15:55.288+0000] {logging_mixin.py:154} INFO - [2024-10-20T03:15:55.288+0000] {dag.py:3722} INFO - Setting next_dagrun for example_external_task_marker_child to None, run_after=None
[2024-10-20T03:15:55.292+0000] {logging_mixin.py:154} INFO - [2024-10-20T03:15:55.292+0000] {dag.py:3722} INFO - Setting next_dagrun for example_external_task_marker_parent to None, run_after=None
[2024-10-20T03:15:55.316+0000] {processor.py:179} INFO - Processing /home/airflow/.local/lib/python3.8/site-packages/airflow/example_dags/example_external_task_marker_dag.py took 0.084 seconds
[2024-10-20T03:16:25.896+0000] {processor.py:157} INFO - Started process (PID=922) to work on /home/airflow/.local/lib/python3.8/site-packages/airflow/example_dags/example_external_task_marker_dag.py
[2024-10-20T03:16:25.897+0000] {processor.py:829} INFO - Processing file /home/airflow/.local/lib/python3.8/site-packages/airflow/example_dags/example_external_task_marker_dag.py for tasks to queue
[2024-10-20T03:16:25.899+0000] {logging_mixin.py:154} INFO - [2024-10-20T03:16:25.899+0000] {dagbag.py:536} INFO - Filling up the DagBag from /home/airflow/.local/lib/python3.8/site-packages/airflow/example_dags/example_external_task_marker_dag.py
[2024-10-20T03:16:25.905+0000] {processor.py:839} INFO - DAG(s) dict_keys(['example_external_task_marker_child', 'example_external_task_marker_parent']) retrieved from /home/airflow/.local/lib/python3.8/site-packages/airflow/example_dags/example_external_task_marker_dag.py
[2024-10-20T03:16:25.931+0000] {logging_mixin.py:154} INFO - [2024-10-20T03:16:25.931+0000] {dag.py:2941} INFO - Sync 2 DAGs
[2024-10-20T03:16:25.945+0000] {logging_mixin.py:154} INFO - [2024-10-20T03:16:25.944+0000] {dag.py:3722} INFO - Setting next_dagrun for example_external_task_marker_child to None, run_after=None
[2024-10-20T03:16:25.948+0000] {logging_mixin.py:154} INFO - [2024-10-20T03:16:25.948+0000] {dag.py:3722} INFO - Setting next_dagrun for example_external_task_marker_parent to None, run_after=None
[2024-10-20T03:16:25.968+0000] {processor.py:179} INFO - Processing /home/airflow/.local/lib/python3.8/site-packages/airflow/example_dags/example_external_task_marker_dag.py took 0.076 seconds
[2024-10-20T03:16:56.301+0000] {processor.py:157} INFO - Started process (PID=978) to work on /home/airflow/.local/lib/python3.8/site-packages/airflow/example_dags/example_external_task_marker_dag.py
[2024-10-20T03:16:56.302+0000] {processor.py:829} INFO - Processing file /home/airflow/.local/lib/python3.8/site-packages/airflow/example_dags/example_external_task_marker_dag.py for tasks to queue
[2024-10-20T03:16:56.304+0000] {logging_mixin.py:154} INFO - [2024-10-20T03:16:56.304+0000] {dagbag.py:536} INFO - Filling up the DagBag from /home/airflow/.local/lib/python3.8/site-packages/airflow/example_dags/example_external_task_marker_dag.py
[2024-10-20T03:16:56.309+0000] {processor.py:839} INFO - DAG(s) dict_keys(['example_external_task_marker_parent', 'example_external_task_marker_child']) retrieved from /home/airflow/.local/lib/python3.8/site-packages/airflow/example_dags/example_external_task_marker_dag.py
[2024-10-20T03:16:56.337+0000] {logging_mixin.py:154} INFO - [2024-10-20T03:16:56.337+0000] {dag.py:2941} INFO - Sync 2 DAGs
[2024-10-20T03:16:56.350+0000] {logging_mixin.py:154} INFO - [2024-10-20T03:16:56.350+0000] {dag.py:3722} INFO - Setting next_dagrun for example_external_task_marker_child to None, run_after=None
[2024-10-20T03:16:56.356+0000] {logging_mixin.py:154} INFO - [2024-10-20T03:16:56.356+0000] {dag.py:3722} INFO - Setting next_dagrun for example_external_task_marker_parent to None, run_after=None
[2024-10-20T03:16:56.380+0000] {processor.py:179} INFO - Processing /home/airflow/.local/lib/python3.8/site-packages/airflow/example_dags/example_external_task_marker_dag.py took 0.082 seconds
[2024-10-20T03:17:26.812+0000] {processor.py:157} INFO - Started process (PID=1034) to work on /home/airflow/.local/lib/python3.8/site-packages/airflow/example_dags/example_external_task_marker_dag.py
[2024-10-20T03:17:26.814+0000] {processor.py:829} INFO - Processing file /home/airflow/.local/lib/python3.8/site-packages/airflow/example_dags/example_external_task_marker_dag.py for tasks to queue
[2024-10-20T03:17:26.816+0000] {logging_mixin.py:154} INFO - [2024-10-20T03:17:26.816+0000] {dagbag.py:536} INFO - Filling up the DagBag from /home/airflow/.local/lib/python3.8/site-packages/airflow/example_dags/example_external_task_marker_dag.py
[2024-10-20T03:17:26.823+0000] {processor.py:839} INFO - DAG(s) dict_keys(['example_external_task_marker_child', 'example_external_task_marker_parent']) retrieved from /home/airflow/.local/lib/python3.8/site-packages/airflow/example_dags/example_external_task_marker_dag.py
[2024-10-20T03:17:26.848+0000] {logging_mixin.py:154} INFO - [2024-10-20T03:17:26.848+0000] {dag.py:2941} INFO - Sync 2 DAGs
[2024-10-20T03:17:26.861+0000] {logging_mixin.py:154} INFO - [2024-10-20T03:17:26.861+0000] {dag.py:3722} INFO - Setting next_dagrun for example_external_task_marker_child to None, run_after=None
[2024-10-20T03:17:26.865+0000] {logging_mixin.py:154} INFO - [2024-10-20T03:17:26.865+0000] {dag.py:3722} INFO - Setting next_dagrun for example_external_task_marker_parent to None, run_after=None
[2024-10-20T03:17:26.888+0000] {processor.py:179} INFO - Processing /home/airflow/.local/lib/python3.8/site-packages/airflow/example_dags/example_external_task_marker_dag.py took 0.079 seconds
