[2024-10-20T02:46:17.808+0000] {processor.py:157} INFO - Started process (PID=90) to work on /home/airflow/.local/lib/python3.8/site-packages/airflow/example_dags/example_setup_teardown_taskflow.py
[2024-10-20T02:46:17.810+0000] {processor.py:829} INFO - Processing file /home/airflow/.local/lib/python3.8/site-packages/airflow/example_dags/example_setup_teardown_taskflow.py for tasks to queue
[2024-10-20T02:46:17.813+0000] {logging_mixin.py:154} INFO - [2024-10-20T02:46:17.813+0000] {dagbag.py:536} INFO - Filling up the DagBag from /home/airflow/.local/lib/python3.8/site-packages/airflow/example_dags/example_setup_teardown_taskflow.py
[2024-10-20T02:46:17.842+0000] {processor.py:839} INFO - DAG(s) dict_keys(['example_setup_teardown_taskflow']) retrieved from /home/airflow/.local/lib/python3.8/site-packages/airflow/example_dags/example_setup_teardown_taskflow.py
[2024-10-20T02:46:17.877+0000] {logging_mixin.py:154} INFO - [2024-10-20T02:46:17.876+0000] {dag.py:2941} INFO - Sync 1 DAGs
[2024-10-20T02:46:17.938+0000] {logging_mixin.py:154} INFO - [2024-10-20T02:46:17.938+0000] {dag.py:3722} INFO - Setting next_dagrun for example_setup_teardown_taskflow to 2024-10-19T02:46:17.938226+00:00, run_after=2024-10-20T02:46:17.938226+00:00
[2024-10-20T02:46:17.980+0000] {processor.py:179} INFO - Processing /home/airflow/.local/lib/python3.8/site-packages/airflow/example_dags/example_setup_teardown_taskflow.py took 0.177 seconds
[2024-10-20T02:46:48.034+0000] {processor.py:157} INFO - Started process (PID=146) to work on /home/airflow/.local/lib/python3.8/site-packages/airflow/example_dags/example_setup_teardown_taskflow.py
[2024-10-20T02:46:48.035+0000] {processor.py:829} INFO - Processing file /home/airflow/.local/lib/python3.8/site-packages/airflow/example_dags/example_setup_teardown_taskflow.py for tasks to queue
[2024-10-20T02:46:48.038+0000] {logging_mixin.py:154} INFO - [2024-10-20T02:46:48.037+0000] {dagbag.py:536} INFO - Filling up the DagBag from /home/airflow/.local/lib/python3.8/site-packages/airflow/example_dags/example_setup_teardown_taskflow.py
[2024-10-20T02:46:48.048+0000] {processor.py:839} INFO - DAG(s) dict_keys(['example_setup_teardown_taskflow']) retrieved from /home/airflow/.local/lib/python3.8/site-packages/airflow/example_dags/example_setup_teardown_taskflow.py
[2024-10-20T02:46:48.072+0000] {logging_mixin.py:154} INFO - [2024-10-20T02:46:48.072+0000] {dag.py:2941} INFO - Sync 1 DAGs
[2024-10-20T02:46:48.097+0000] {logging_mixin.py:154} INFO - [2024-10-20T02:46:48.097+0000] {dag.py:3722} INFO - Setting next_dagrun for example_setup_teardown_taskflow to 2024-10-19T02:46:48.096960+00:00, run_after=2024-10-20T02:46:48.096960+00:00
[2024-10-20T02:46:48.120+0000] {processor.py:179} INFO - Processing /home/airflow/.local/lib/python3.8/site-packages/airflow/example_dags/example_setup_teardown_taskflow.py took 0.090 seconds
[2024-10-20T02:47:18.919+0000] {processor.py:157} INFO - Started process (PID=202) to work on /home/airflow/.local/lib/python3.8/site-packages/airflow/example_dags/example_setup_teardown_taskflow.py
[2024-10-20T02:47:18.921+0000] {processor.py:829} INFO - Processing file /home/airflow/.local/lib/python3.8/site-packages/airflow/example_dags/example_setup_teardown_taskflow.py for tasks to queue
[2024-10-20T02:47:18.923+0000] {logging_mixin.py:154} INFO - [2024-10-20T02:47:18.923+0000] {dagbag.py:536} INFO - Filling up the DagBag from /home/airflow/.local/lib/python3.8/site-packages/airflow/example_dags/example_setup_teardown_taskflow.py
[2024-10-20T02:47:18.931+0000] {processor.py:839} INFO - DAG(s) dict_keys(['example_setup_teardown_taskflow']) retrieved from /home/airflow/.local/lib/python3.8/site-packages/airflow/example_dags/example_setup_teardown_taskflow.py
[2024-10-20T02:47:18.952+0000] {logging_mixin.py:154} INFO - [2024-10-20T02:47:18.951+0000] {dag.py:2941} INFO - Sync 1 DAGs
[2024-10-20T02:47:18.973+0000] {logging_mixin.py:154} INFO - [2024-10-20T02:47:18.972+0000] {dag.py:3722} INFO - Setting next_dagrun for example_setup_teardown_taskflow to 2024-10-19T02:47:18.972773+00:00, run_after=2024-10-20T02:47:18.972773+00:00
[2024-10-20T02:47:18.995+0000] {processor.py:179} INFO - Processing /home/airflow/.local/lib/python3.8/site-packages/airflow/example_dags/example_setup_teardown_taskflow.py took 0.078 seconds
[2024-10-20T02:47:49.719+0000] {processor.py:157} INFO - Started process (PID=258) to work on /home/airflow/.local/lib/python3.8/site-packages/airflow/example_dags/example_setup_teardown_taskflow.py
[2024-10-20T02:47:49.720+0000] {processor.py:829} INFO - Processing file /home/airflow/.local/lib/python3.8/site-packages/airflow/example_dags/example_setup_teardown_taskflow.py for tasks to queue
[2024-10-20T02:47:49.723+0000] {logging_mixin.py:154} INFO - [2024-10-20T02:47:49.723+0000] {dagbag.py:536} INFO - Filling up the DagBag from /home/airflow/.local/lib/python3.8/site-packages/airflow/example_dags/example_setup_teardown_taskflow.py
[2024-10-20T02:47:49.736+0000] {processor.py:839} INFO - DAG(s) dict_keys(['example_setup_teardown_taskflow']) retrieved from /home/airflow/.local/lib/python3.8/site-packages/airflow/example_dags/example_setup_teardown_taskflow.py
[2024-10-20T02:47:49.765+0000] {logging_mixin.py:154} INFO - [2024-10-20T02:47:49.764+0000] {dag.py:2941} INFO - Sync 1 DAGs
[2024-10-20T02:47:49.793+0000] {logging_mixin.py:154} INFO - [2024-10-20T02:47:49.793+0000] {dag.py:3722} INFO - Setting next_dagrun for example_setup_teardown_taskflow to 2024-10-19T02:47:49.793500+00:00, run_after=2024-10-20T02:47:49.793500+00:00
[2024-10-20T02:47:49.817+0000] {processor.py:179} INFO - Processing /home/airflow/.local/lib/python3.8/site-packages/airflow/example_dags/example_setup_teardown_taskflow.py took 0.103 seconds
[2024-10-20T02:48:20.638+0000] {processor.py:157} INFO - Started process (PID=314) to work on /home/airflow/.local/lib/python3.8/site-packages/airflow/example_dags/example_setup_teardown_taskflow.py
[2024-10-20T02:48:20.639+0000] {processor.py:829} INFO - Processing file /home/airflow/.local/lib/python3.8/site-packages/airflow/example_dags/example_setup_teardown_taskflow.py for tasks to queue
[2024-10-20T02:48:20.641+0000] {logging_mixin.py:154} INFO - [2024-10-20T02:48:20.641+0000] {dagbag.py:536} INFO - Filling up the DagBag from /home/airflow/.local/lib/python3.8/site-packages/airflow/example_dags/example_setup_teardown_taskflow.py
[2024-10-20T02:48:20.650+0000] {processor.py:839} INFO - DAG(s) dict_keys(['example_setup_teardown_taskflow']) retrieved from /home/airflow/.local/lib/python3.8/site-packages/airflow/example_dags/example_setup_teardown_taskflow.py
[2024-10-20T02:48:20.673+0000] {logging_mixin.py:154} INFO - [2024-10-20T02:48:20.673+0000] {dag.py:2941} INFO - Sync 1 DAGs
[2024-10-20T02:48:20.695+0000] {logging_mixin.py:154} INFO - [2024-10-20T02:48:20.694+0000] {dag.py:3722} INFO - Setting next_dagrun for example_setup_teardown_taskflow to 2024-10-19T02:48:20.694646+00:00, run_after=2024-10-20T02:48:20.694646+00:00
[2024-10-20T02:48:20.719+0000] {processor.py:179} INFO - Processing /home/airflow/.local/lib/python3.8/site-packages/airflow/example_dags/example_setup_teardown_taskflow.py took 0.084 seconds
[2024-10-20T02:48:51.649+0000] {processor.py:157} INFO - Started process (PID=370) to work on /home/airflow/.local/lib/python3.8/site-packages/airflow/example_dags/example_setup_teardown_taskflow.py
[2024-10-20T02:48:51.651+0000] {processor.py:829} INFO - Processing file /home/airflow/.local/lib/python3.8/site-packages/airflow/example_dags/example_setup_teardown_taskflow.py for tasks to queue
[2024-10-20T02:48:51.654+0000] {logging_mixin.py:154} INFO - [2024-10-20T02:48:51.653+0000] {dagbag.py:536} INFO - Filling up the DagBag from /home/airflow/.local/lib/python3.8/site-packages/airflow/example_dags/example_setup_teardown_taskflow.py
[2024-10-20T02:48:51.665+0000] {processor.py:839} INFO - DAG(s) dict_keys(['example_setup_teardown_taskflow']) retrieved from /home/airflow/.local/lib/python3.8/site-packages/airflow/example_dags/example_setup_teardown_taskflow.py
[2024-10-20T02:48:51.693+0000] {logging_mixin.py:154} INFO - [2024-10-20T02:48:51.692+0000] {dag.py:2941} INFO - Sync 1 DAGs
[2024-10-20T02:48:51.723+0000] {logging_mixin.py:154} INFO - [2024-10-20T02:48:51.723+0000] {dag.py:3722} INFO - Setting next_dagrun for example_setup_teardown_taskflow to 2024-10-19T02:48:51.722993+00:00, run_after=2024-10-20T02:48:51.722993+00:00
[2024-10-20T02:48:51.754+0000] {processor.py:179} INFO - Processing /home/airflow/.local/lib/python3.8/site-packages/airflow/example_dags/example_setup_teardown_taskflow.py took 0.108 seconds
[2024-10-20T02:49:21.911+0000] {processor.py:157} INFO - Started process (PID=426) to work on /home/airflow/.local/lib/python3.8/site-packages/airflow/example_dags/example_setup_teardown_taskflow.py
[2024-10-20T02:49:21.912+0000] {processor.py:829} INFO - Processing file /home/airflow/.local/lib/python3.8/site-packages/airflow/example_dags/example_setup_teardown_taskflow.py for tasks to queue
[2024-10-20T02:49:21.915+0000] {logging_mixin.py:154} INFO - [2024-10-20T02:49:21.915+0000] {dagbag.py:536} INFO - Filling up the DagBag from /home/airflow/.local/lib/python3.8/site-packages/airflow/example_dags/example_setup_teardown_taskflow.py
[2024-10-20T02:49:21.924+0000] {processor.py:839} INFO - DAG(s) dict_keys(['example_setup_teardown_taskflow']) retrieved from /home/airflow/.local/lib/python3.8/site-packages/airflow/example_dags/example_setup_teardown_taskflow.py
[2024-10-20T02:49:21.950+0000] {logging_mixin.py:154} INFO - [2024-10-20T02:49:21.950+0000] {dag.py:2941} INFO - Sync 1 DAGs
[2024-10-20T02:49:21.977+0000] {logging_mixin.py:154} INFO - [2024-10-20T02:49:21.977+0000] {dag.py:3722} INFO - Setting next_dagrun for example_setup_teardown_taskflow to 2024-10-19T02:49:21.977406+00:00, run_after=2024-10-20T02:49:21.977406+00:00
[2024-10-20T02:49:22.003+0000] {processor.py:179} INFO - Processing /home/airflow/.local/lib/python3.8/site-packages/airflow/example_dags/example_setup_teardown_taskflow.py took 0.095 seconds
[2024-10-20T02:49:52.157+0000] {processor.py:157} INFO - Started process (PID=480) to work on /home/airflow/.local/lib/python3.8/site-packages/airflow/example_dags/example_setup_teardown_taskflow.py
[2024-10-20T02:49:52.158+0000] {processor.py:829} INFO - Processing file /home/airflow/.local/lib/python3.8/site-packages/airflow/example_dags/example_setup_teardown_taskflow.py for tasks to queue
[2024-10-20T02:49:52.160+0000] {logging_mixin.py:154} INFO - [2024-10-20T02:49:52.160+0000] {dagbag.py:536} INFO - Filling up the DagBag from /home/airflow/.local/lib/python3.8/site-packages/airflow/example_dags/example_setup_teardown_taskflow.py
[2024-10-20T02:49:52.169+0000] {processor.py:839} INFO - DAG(s) dict_keys(['example_setup_teardown_taskflow']) retrieved from /home/airflow/.local/lib/python3.8/site-packages/airflow/example_dags/example_setup_teardown_taskflow.py
[2024-10-20T02:49:52.192+0000] {logging_mixin.py:154} INFO - [2024-10-20T02:49:52.192+0000] {dag.py:2941} INFO - Sync 1 DAGs
[2024-10-20T02:49:52.216+0000] {logging_mixin.py:154} INFO - [2024-10-20T02:49:52.216+0000] {dag.py:3722} INFO - Setting next_dagrun for example_setup_teardown_taskflow to 2024-10-19T02:49:52.215691+00:00, run_after=2024-10-20T02:49:52.215691+00:00
[2024-10-20T02:49:52.239+0000] {processor.py:179} INFO - Processing /home/airflow/.local/lib/python3.8/site-packages/airflow/example_dags/example_setup_teardown_taskflow.py took 0.085 seconds
[2024-10-20T02:50:22.340+0000] {processor.py:157} INFO - Started process (PID=536) to work on /home/airflow/.local/lib/python3.8/site-packages/airflow/example_dags/example_setup_teardown_taskflow.py
[2024-10-20T02:50:22.342+0000] {processor.py:829} INFO - Processing file /home/airflow/.local/lib/python3.8/site-packages/airflow/example_dags/example_setup_teardown_taskflow.py for tasks to queue
[2024-10-20T02:50:22.344+0000] {logging_mixin.py:154} INFO - [2024-10-20T02:50:22.343+0000] {dagbag.py:536} INFO - Filling up the DagBag from /home/airflow/.local/lib/python3.8/site-packages/airflow/example_dags/example_setup_teardown_taskflow.py
[2024-10-20T02:50:22.352+0000] {processor.py:839} INFO - DAG(s) dict_keys(['example_setup_teardown_taskflow']) retrieved from /home/airflow/.local/lib/python3.8/site-packages/airflow/example_dags/example_setup_teardown_taskflow.py
[2024-10-20T02:50:22.374+0000] {logging_mixin.py:154} INFO - [2024-10-20T02:50:22.374+0000] {dag.py:2941} INFO - Sync 1 DAGs
[2024-10-20T02:50:22.395+0000] {logging_mixin.py:154} INFO - [2024-10-20T02:50:22.395+0000] {dag.py:3722} INFO - Setting next_dagrun for example_setup_teardown_taskflow to 2024-10-19T02:50:22.395256+00:00, run_after=2024-10-20T02:50:22.395256+00:00
[2024-10-20T02:50:22.418+0000] {processor.py:179} INFO - Processing /home/airflow/.local/lib/python3.8/site-packages/airflow/example_dags/example_setup_teardown_taskflow.py took 0.081 seconds
[2024-10-20T02:50:52.950+0000] {processor.py:157} INFO - Started process (PID=592) to work on /home/airflow/.local/lib/python3.8/site-packages/airflow/example_dags/example_setup_teardown_taskflow.py
[2024-10-20T02:50:52.951+0000] {processor.py:829} INFO - Processing file /home/airflow/.local/lib/python3.8/site-packages/airflow/example_dags/example_setup_teardown_taskflow.py for tasks to queue
[2024-10-20T02:50:52.953+0000] {logging_mixin.py:154} INFO - [2024-10-20T02:50:52.953+0000] {dagbag.py:536} INFO - Filling up the DagBag from /home/airflow/.local/lib/python3.8/site-packages/airflow/example_dags/example_setup_teardown_taskflow.py
[2024-10-20T02:50:52.965+0000] {processor.py:839} INFO - DAG(s) dict_keys(['example_setup_teardown_taskflow']) retrieved from /home/airflow/.local/lib/python3.8/site-packages/airflow/example_dags/example_setup_teardown_taskflow.py
[2024-10-20T02:50:52.994+0000] {logging_mixin.py:154} INFO - [2024-10-20T02:50:52.994+0000] {dag.py:2941} INFO - Sync 1 DAGs
[2024-10-20T02:50:53.024+0000] {logging_mixin.py:154} INFO - [2024-10-20T02:50:53.024+0000] {dag.py:3722} INFO - Setting next_dagrun for example_setup_teardown_taskflow to 2024-10-19T02:50:53.024224+00:00, run_after=2024-10-20T02:50:53.024224+00:00
[2024-10-20T02:50:53.056+0000] {processor.py:179} INFO - Processing /home/airflow/.local/lib/python3.8/site-packages/airflow/example_dags/example_setup_teardown_taskflow.py took 0.110 seconds
[2024-10-20T02:51:23.306+0000] {processor.py:157} INFO - Started process (PID=648) to work on /home/airflow/.local/lib/python3.8/site-packages/airflow/example_dags/example_setup_teardown_taskflow.py
[2024-10-20T02:51:23.307+0000] {processor.py:829} INFO - Processing file /home/airflow/.local/lib/python3.8/site-packages/airflow/example_dags/example_setup_teardown_taskflow.py for tasks to queue
[2024-10-20T02:51:23.309+0000] {logging_mixin.py:154} INFO - [2024-10-20T02:51:23.309+0000] {dagbag.py:536} INFO - Filling up the DagBag from /home/airflow/.local/lib/python3.8/site-packages/airflow/example_dags/example_setup_teardown_taskflow.py
[2024-10-20T02:51:23.321+0000] {processor.py:839} INFO - DAG(s) dict_keys(['example_setup_teardown_taskflow']) retrieved from /home/airflow/.local/lib/python3.8/site-packages/airflow/example_dags/example_setup_teardown_taskflow.py
[2024-10-20T02:51:23.343+0000] {logging_mixin.py:154} INFO - [2024-10-20T02:51:23.343+0000] {dag.py:2941} INFO - Sync 1 DAGs
[2024-10-20T02:51:23.364+0000] {logging_mixin.py:154} INFO - [2024-10-20T02:51:23.364+0000] {dag.py:3722} INFO - Setting next_dagrun for example_setup_teardown_taskflow to 2024-10-19T02:51:23.364456+00:00, run_after=2024-10-20T02:51:23.364456+00:00
[2024-10-20T02:51:23.385+0000] {processor.py:179} INFO - Processing /home/airflow/.local/lib/python3.8/site-packages/airflow/example_dags/example_setup_teardown_taskflow.py took 0.083 seconds
[2024-10-20T02:51:53.577+0000] {processor.py:157} INFO - Started process (PID=704) to work on /home/airflow/.local/lib/python3.8/site-packages/airflow/example_dags/example_setup_teardown_taskflow.py
[2024-10-20T02:51:53.578+0000] {processor.py:829} INFO - Processing file /home/airflow/.local/lib/python3.8/site-packages/airflow/example_dags/example_setup_teardown_taskflow.py for tasks to queue
[2024-10-20T02:51:53.581+0000] {logging_mixin.py:154} INFO - [2024-10-20T02:51:53.580+0000] {dagbag.py:536} INFO - Filling up the DagBag from /home/airflow/.local/lib/python3.8/site-packages/airflow/example_dags/example_setup_teardown_taskflow.py
[2024-10-20T02:51:53.590+0000] {processor.py:839} INFO - DAG(s) dict_keys(['example_setup_teardown_taskflow']) retrieved from /home/airflow/.local/lib/python3.8/site-packages/airflow/example_dags/example_setup_teardown_taskflow.py
[2024-10-20T02:51:53.617+0000] {logging_mixin.py:154} INFO - [2024-10-20T02:51:53.616+0000] {dag.py:2941} INFO - Sync 1 DAGs
[2024-10-20T02:51:53.646+0000] {logging_mixin.py:154} INFO - [2024-10-20T02:51:53.646+0000] {dag.py:3722} INFO - Setting next_dagrun for example_setup_teardown_taskflow to 2024-10-19T02:51:53.646084+00:00, run_after=2024-10-20T02:51:53.646084+00:00
[2024-10-20T02:51:53.673+0000] {processor.py:179} INFO - Processing /home/airflow/.local/lib/python3.8/site-packages/airflow/example_dags/example_setup_teardown_taskflow.py took 0.099 seconds
[2024-10-20T02:52:23.842+0000] {processor.py:157} INFO - Started process (PID=760) to work on /home/airflow/.local/lib/python3.8/site-packages/airflow/example_dags/example_setup_teardown_taskflow.py
[2024-10-20T02:52:23.843+0000] {processor.py:829} INFO - Processing file /home/airflow/.local/lib/python3.8/site-packages/airflow/example_dags/example_setup_teardown_taskflow.py for tasks to queue
[2024-10-20T02:52:23.846+0000] {logging_mixin.py:154} INFO - [2024-10-20T02:52:23.845+0000] {dagbag.py:536} INFO - Filling up the DagBag from /home/airflow/.local/lib/python3.8/site-packages/airflow/example_dags/example_setup_teardown_taskflow.py
[2024-10-20T02:52:23.854+0000] {processor.py:839} INFO - DAG(s) dict_keys(['example_setup_teardown_taskflow']) retrieved from /home/airflow/.local/lib/python3.8/site-packages/airflow/example_dags/example_setup_teardown_taskflow.py
[2024-10-20T02:52:23.876+0000] {logging_mixin.py:154} INFO - [2024-10-20T02:52:23.876+0000] {dag.py:2941} INFO - Sync 1 DAGs
[2024-10-20T02:52:23.900+0000] {logging_mixin.py:154} INFO - [2024-10-20T02:52:23.900+0000] {dag.py:3722} INFO - Setting next_dagrun for example_setup_teardown_taskflow to 2024-10-19T02:52:23.900045+00:00, run_after=2024-10-20T02:52:23.900045+00:00
[2024-10-20T02:52:23.921+0000] {processor.py:179} INFO - Processing /home/airflow/.local/lib/python3.8/site-packages/airflow/example_dags/example_setup_teardown_taskflow.py took 0.081 seconds
[2024-10-20T02:52:54.376+0000] {processor.py:157} INFO - Started process (PID=816) to work on /home/airflow/.local/lib/python3.8/site-packages/airflow/example_dags/example_setup_teardown_taskflow.py
[2024-10-20T02:52:54.377+0000] {processor.py:829} INFO - Processing file /home/airflow/.local/lib/python3.8/site-packages/airflow/example_dags/example_setup_teardown_taskflow.py for tasks to queue
[2024-10-20T02:52:54.380+0000] {logging_mixin.py:154} INFO - [2024-10-20T02:52:54.379+0000] {dagbag.py:536} INFO - Filling up the DagBag from /home/airflow/.local/lib/python3.8/site-packages/airflow/example_dags/example_setup_teardown_taskflow.py
[2024-10-20T02:52:54.389+0000] {processor.py:839} INFO - DAG(s) dict_keys(['example_setup_teardown_taskflow']) retrieved from /home/airflow/.local/lib/python3.8/site-packages/airflow/example_dags/example_setup_teardown_taskflow.py
[2024-10-20T02:52:54.414+0000] {logging_mixin.py:154} INFO - [2024-10-20T02:52:54.414+0000] {dag.py:2941} INFO - Sync 1 DAGs
[2024-10-20T02:52:54.438+0000] {logging_mixin.py:154} INFO - [2024-10-20T02:52:54.438+0000] {dag.py:3722} INFO - Setting next_dagrun for example_setup_teardown_taskflow to 2024-10-19T02:52:54.437768+00:00, run_after=2024-10-20T02:52:54.437768+00:00
[2024-10-20T02:52:54.470+0000] {processor.py:179} INFO - Processing /home/airflow/.local/lib/python3.8/site-packages/airflow/example_dags/example_setup_teardown_taskflow.py took 0.097 seconds
[2024-10-20T02:53:24.627+0000] {processor.py:157} INFO - Started process (PID=874) to work on /home/airflow/.local/lib/python3.8/site-packages/airflow/example_dags/example_setup_teardown_taskflow.py
[2024-10-20T02:53:24.629+0000] {processor.py:829} INFO - Processing file /home/airflow/.local/lib/python3.8/site-packages/airflow/example_dags/example_setup_teardown_taskflow.py for tasks to queue
[2024-10-20T02:53:24.631+0000] {logging_mixin.py:154} INFO - [2024-10-20T02:53:24.631+0000] {dagbag.py:536} INFO - Filling up the DagBag from /home/airflow/.local/lib/python3.8/site-packages/airflow/example_dags/example_setup_teardown_taskflow.py
[2024-10-20T02:53:24.642+0000] {processor.py:839} INFO - DAG(s) dict_keys(['example_setup_teardown_taskflow']) retrieved from /home/airflow/.local/lib/python3.8/site-packages/airflow/example_dags/example_setup_teardown_taskflow.py
[2024-10-20T02:53:24.668+0000] {logging_mixin.py:154} INFO - [2024-10-20T02:53:24.668+0000] {dag.py:2941} INFO - Sync 1 DAGs
[2024-10-20T02:53:24.692+0000] {logging_mixin.py:154} INFO - [2024-10-20T02:53:24.692+0000] {dag.py:3722} INFO - Setting next_dagrun for example_setup_teardown_taskflow to 2024-10-19T02:53:24.692364+00:00, run_after=2024-10-20T02:53:24.692364+00:00
[2024-10-20T02:53:24.718+0000] {processor.py:179} INFO - Processing /home/airflow/.local/lib/python3.8/site-packages/airflow/example_dags/example_setup_teardown_taskflow.py took 0.094 seconds
[2024-10-20T02:53:55.605+0000] {processor.py:157} INFO - Started process (PID=932) to work on /home/airflow/.local/lib/python3.8/site-packages/airflow/example_dags/example_setup_teardown_taskflow.py
[2024-10-20T02:53:55.607+0000] {processor.py:829} INFO - Processing file /home/airflow/.local/lib/python3.8/site-packages/airflow/example_dags/example_setup_teardown_taskflow.py for tasks to queue
[2024-10-20T02:53:55.610+0000] {logging_mixin.py:154} INFO - [2024-10-20T02:53:55.609+0000] {dagbag.py:536} INFO - Filling up the DagBag from /home/airflow/.local/lib/python3.8/site-packages/airflow/example_dags/example_setup_teardown_taskflow.py
[2024-10-20T02:53:55.626+0000] {processor.py:839} INFO - DAG(s) dict_keys(['example_setup_teardown_taskflow']) retrieved from /home/airflow/.local/lib/python3.8/site-packages/airflow/example_dags/example_setup_teardown_taskflow.py
[2024-10-20T02:53:55.656+0000] {logging_mixin.py:154} INFO - [2024-10-20T02:53:55.656+0000] {dag.py:2941} INFO - Sync 1 DAGs
[2024-10-20T02:53:55.692+0000] {logging_mixin.py:154} INFO - [2024-10-20T02:53:55.692+0000] {dag.py:3722} INFO - Setting next_dagrun for example_setup_teardown_taskflow to 2024-10-19T02:53:55.691992+00:00, run_after=2024-10-20T02:53:55.691992+00:00
[2024-10-20T02:53:55.725+0000] {processor.py:179} INFO - Processing /home/airflow/.local/lib/python3.8/site-packages/airflow/example_dags/example_setup_teardown_taskflow.py took 0.125 seconds
[2024-10-20T02:54:26.335+0000] {processor.py:157} INFO - Started process (PID=988) to work on /home/airflow/.local/lib/python3.8/site-packages/airflow/example_dags/example_setup_teardown_taskflow.py
[2024-10-20T02:54:26.337+0000] {processor.py:829} INFO - Processing file /home/airflow/.local/lib/python3.8/site-packages/airflow/example_dags/example_setup_teardown_taskflow.py for tasks to queue
[2024-10-20T02:54:26.342+0000] {logging_mixin.py:154} INFO - [2024-10-20T02:54:26.341+0000] {dagbag.py:536} INFO - Filling up the DagBag from /home/airflow/.local/lib/python3.8/site-packages/airflow/example_dags/example_setup_teardown_taskflow.py
[2024-10-20T02:54:26.354+0000] {processor.py:839} INFO - DAG(s) dict_keys(['example_setup_teardown_taskflow']) retrieved from /home/airflow/.local/lib/python3.8/site-packages/airflow/example_dags/example_setup_teardown_taskflow.py
[2024-10-20T02:54:26.383+0000] {logging_mixin.py:154} INFO - [2024-10-20T02:54:26.382+0000] {dag.py:2941} INFO - Sync 1 DAGs
[2024-10-20T02:54:26.409+0000] {logging_mixin.py:154} INFO - [2024-10-20T02:54:26.409+0000] {dag.py:3722} INFO - Setting next_dagrun for example_setup_teardown_taskflow to 2024-10-19T02:54:26.409322+00:00, run_after=2024-10-20T02:54:26.409322+00:00
[2024-10-20T02:54:26.609+0000] {processor.py:179} INFO - Processing /home/airflow/.local/lib/python3.8/site-packages/airflow/example_dags/example_setup_teardown_taskflow.py took 0.278 seconds
[2024-10-20T02:54:57.513+0000] {processor.py:157} INFO - Started process (PID=1044) to work on /home/airflow/.local/lib/python3.8/site-packages/airflow/example_dags/example_setup_teardown_taskflow.py
[2024-10-20T02:54:57.515+0000] {processor.py:829} INFO - Processing file /home/airflow/.local/lib/python3.8/site-packages/airflow/example_dags/example_setup_teardown_taskflow.py for tasks to queue
[2024-10-20T02:54:57.517+0000] {logging_mixin.py:154} INFO - [2024-10-20T02:54:57.517+0000] {dagbag.py:536} INFO - Filling up the DagBag from /home/airflow/.local/lib/python3.8/site-packages/airflow/example_dags/example_setup_teardown_taskflow.py
[2024-10-20T02:54:57.526+0000] {processor.py:839} INFO - DAG(s) dict_keys(['example_setup_teardown_taskflow']) retrieved from /home/airflow/.local/lib/python3.8/site-packages/airflow/example_dags/example_setup_teardown_taskflow.py
[2024-10-20T02:54:57.547+0000] {logging_mixin.py:154} INFO - [2024-10-20T02:54:57.547+0000] {dag.py:2941} INFO - Sync 1 DAGs
[2024-10-20T02:54:57.568+0000] {logging_mixin.py:154} INFO - [2024-10-20T02:54:57.568+0000] {dag.py:3722} INFO - Setting next_dagrun for example_setup_teardown_taskflow to 2024-10-19T02:54:57.568104+00:00, run_after=2024-10-20T02:54:57.568104+00:00
[2024-10-20T02:54:57.598+0000] {processor.py:179} INFO - Processing /home/airflow/.local/lib/python3.8/site-packages/airflow/example_dags/example_setup_teardown_taskflow.py took 0.087 seconds
[2024-10-20T02:55:28.503+0000] {processor.py:157} INFO - Started process (PID=1102) to work on /home/airflow/.local/lib/python3.8/site-packages/airflow/example_dags/example_setup_teardown_taskflow.py
[2024-10-20T02:55:28.505+0000] {processor.py:829} INFO - Processing file /home/airflow/.local/lib/python3.8/site-packages/airflow/example_dags/example_setup_teardown_taskflow.py for tasks to queue
[2024-10-20T02:55:28.507+0000] {logging_mixin.py:154} INFO - [2024-10-20T02:55:28.507+0000] {dagbag.py:536} INFO - Filling up the DagBag from /home/airflow/.local/lib/python3.8/site-packages/airflow/example_dags/example_setup_teardown_taskflow.py
[2024-10-20T02:55:28.517+0000] {processor.py:839} INFO - DAG(s) dict_keys(['example_setup_teardown_taskflow']) retrieved from /home/airflow/.local/lib/python3.8/site-packages/airflow/example_dags/example_setup_teardown_taskflow.py
[2024-10-20T02:55:28.543+0000] {logging_mixin.py:154} INFO - [2024-10-20T02:55:28.543+0000] {dag.py:2941} INFO - Sync 1 DAGs
[2024-10-20T02:55:28.568+0000] {logging_mixin.py:154} INFO - [2024-10-20T02:55:28.568+0000] {dag.py:3722} INFO - Setting next_dagrun for example_setup_teardown_taskflow to 2024-10-19T02:55:28.568279+00:00, run_after=2024-10-20T02:55:28.568279+00:00
[2024-10-20T02:55:28.596+0000] {processor.py:179} INFO - Processing /home/airflow/.local/lib/python3.8/site-packages/airflow/example_dags/example_setup_teardown_taskflow.py took 0.097 seconds
[2024-10-20T02:55:58.965+0000] {processor.py:157} INFO - Started process (PID=1162) to work on /home/airflow/.local/lib/python3.8/site-packages/airflow/example_dags/example_setup_teardown_taskflow.py
[2024-10-20T02:55:58.967+0000] {processor.py:829} INFO - Processing file /home/airflow/.local/lib/python3.8/site-packages/airflow/example_dags/example_setup_teardown_taskflow.py for tasks to queue
[2024-10-20T02:55:58.970+0000] {logging_mixin.py:154} INFO - [2024-10-20T02:55:58.970+0000] {dagbag.py:536} INFO - Filling up the DagBag from /home/airflow/.local/lib/python3.8/site-packages/airflow/example_dags/example_setup_teardown_taskflow.py
[2024-10-20T02:55:58.985+0000] {processor.py:839} INFO - DAG(s) dict_keys(['example_setup_teardown_taskflow']) retrieved from /home/airflow/.local/lib/python3.8/site-packages/airflow/example_dags/example_setup_teardown_taskflow.py
[2024-10-20T02:55:59.014+0000] {logging_mixin.py:154} INFO - [2024-10-20T02:55:59.014+0000] {dag.py:2941} INFO - Sync 1 DAGs
[2024-10-20T02:55:59.282+0000] {logging_mixin.py:154} INFO - [2024-10-20T02:55:59.281+0000] {dag.py:3722} INFO - Setting next_dagrun for example_setup_teardown_taskflow to 2024-10-19T02:55:59.281659+00:00, run_after=2024-10-20T02:55:59.281659+00:00
[2024-10-20T02:55:59.312+0000] {processor.py:179} INFO - Processing /home/airflow/.local/lib/python3.8/site-packages/airflow/example_dags/example_setup_teardown_taskflow.py took 0.350 seconds
[2024-10-20T02:56:29.714+0000] {processor.py:157} INFO - Started process (PID=1218) to work on /home/airflow/.local/lib/python3.8/site-packages/airflow/example_dags/example_setup_teardown_taskflow.py
[2024-10-20T02:56:29.716+0000] {processor.py:829} INFO - Processing file /home/airflow/.local/lib/python3.8/site-packages/airflow/example_dags/example_setup_teardown_taskflow.py for tasks to queue
[2024-10-20T02:56:29.721+0000] {logging_mixin.py:154} INFO - [2024-10-20T02:56:29.720+0000] {dagbag.py:536} INFO - Filling up the DagBag from /home/airflow/.local/lib/python3.8/site-packages/airflow/example_dags/example_setup_teardown_taskflow.py
[2024-10-20T02:56:29.744+0000] {processor.py:839} INFO - DAG(s) dict_keys(['example_setup_teardown_taskflow']) retrieved from /home/airflow/.local/lib/python3.8/site-packages/airflow/example_dags/example_setup_teardown_taskflow.py
[2024-10-20T02:56:29.779+0000] {logging_mixin.py:154} INFO - [2024-10-20T02:56:29.779+0000] {dag.py:2941} INFO - Sync 1 DAGs
[2024-10-20T02:56:29.992+0000] {logging_mixin.py:154} INFO - [2024-10-20T02:56:29.991+0000] {dag.py:3722} INFO - Setting next_dagrun for example_setup_teardown_taskflow to 2024-10-19T02:56:29.991508+00:00, run_after=2024-10-20T02:56:29.991508+00:00
[2024-10-20T02:56:30.016+0000] {processor.py:179} INFO - Processing /home/airflow/.local/lib/python3.8/site-packages/airflow/example_dags/example_setup_teardown_taskflow.py took 0.308 seconds
[2024-10-20T02:57:00.151+0000] {processor.py:157} INFO - Started process (PID=1274) to work on /home/airflow/.local/lib/python3.8/site-packages/airflow/example_dags/example_setup_teardown_taskflow.py
[2024-10-20T02:57:00.153+0000] {processor.py:829} INFO - Processing file /home/airflow/.local/lib/python3.8/site-packages/airflow/example_dags/example_setup_teardown_taskflow.py for tasks to queue
[2024-10-20T02:57:00.155+0000] {logging_mixin.py:154} INFO - [2024-10-20T02:57:00.155+0000] {dagbag.py:536} INFO - Filling up the DagBag from /home/airflow/.local/lib/python3.8/site-packages/airflow/example_dags/example_setup_teardown_taskflow.py
[2024-10-20T02:57:00.164+0000] {processor.py:839} INFO - DAG(s) dict_keys(['example_setup_teardown_taskflow']) retrieved from /home/airflow/.local/lib/python3.8/site-packages/airflow/example_dags/example_setup_teardown_taskflow.py
[2024-10-20T02:57:00.186+0000] {logging_mixin.py:154} INFO - [2024-10-20T02:57:00.186+0000] {dag.py:2941} INFO - Sync 1 DAGs
[2024-10-20T02:57:00.209+0000] {logging_mixin.py:154} INFO - [2024-10-20T02:57:00.209+0000] {dag.py:3722} INFO - Setting next_dagrun for example_setup_teardown_taskflow to 2024-10-19T02:57:00.209247+00:00, run_after=2024-10-20T02:57:00.209247+00:00
[2024-10-20T02:57:00.233+0000] {processor.py:179} INFO - Processing /home/airflow/.local/lib/python3.8/site-packages/airflow/example_dags/example_setup_teardown_taskflow.py took 0.085 seconds
[2024-10-20T02:57:30.630+0000] {processor.py:157} INFO - Started process (PID=1332) to work on /home/airflow/.local/lib/python3.8/site-packages/airflow/example_dags/example_setup_teardown_taskflow.py
[2024-10-20T02:57:30.631+0000] {processor.py:829} INFO - Processing file /home/airflow/.local/lib/python3.8/site-packages/airflow/example_dags/example_setup_teardown_taskflow.py for tasks to queue
[2024-10-20T02:57:30.634+0000] {logging_mixin.py:154} INFO - [2024-10-20T02:57:30.633+0000] {dagbag.py:536} INFO - Filling up the DagBag from /home/airflow/.local/lib/python3.8/site-packages/airflow/example_dags/example_setup_teardown_taskflow.py
[2024-10-20T02:57:30.643+0000] {processor.py:839} INFO - DAG(s) dict_keys(['example_setup_teardown_taskflow']) retrieved from /home/airflow/.local/lib/python3.8/site-packages/airflow/example_dags/example_setup_teardown_taskflow.py
[2024-10-20T02:57:30.673+0000] {logging_mixin.py:154} INFO - [2024-10-20T02:57:30.673+0000] {dag.py:2941} INFO - Sync 1 DAGs
[2024-10-20T02:57:30.701+0000] {logging_mixin.py:154} INFO - [2024-10-20T02:57:30.701+0000] {dag.py:3722} INFO - Setting next_dagrun for example_setup_teardown_taskflow to 2024-10-19T02:57:30.700588+00:00, run_after=2024-10-20T02:57:30.700588+00:00
[2024-10-20T02:57:30.731+0000] {processor.py:179} INFO - Processing /home/airflow/.local/lib/python3.8/site-packages/airflow/example_dags/example_setup_teardown_taskflow.py took 0.104 seconds
[2024-10-20T02:58:01.892+0000] {processor.py:157} INFO - Started process (PID=1388) to work on /home/airflow/.local/lib/python3.8/site-packages/airflow/example_dags/example_setup_teardown_taskflow.py
[2024-10-20T02:58:01.894+0000] {processor.py:829} INFO - Processing file /home/airflow/.local/lib/python3.8/site-packages/airflow/example_dags/example_setup_teardown_taskflow.py for tasks to queue
[2024-10-20T02:58:01.896+0000] {logging_mixin.py:154} INFO - [2024-10-20T02:58:01.896+0000] {dagbag.py:536} INFO - Filling up the DagBag from /home/airflow/.local/lib/python3.8/site-packages/airflow/example_dags/example_setup_teardown_taskflow.py
[2024-10-20T02:58:01.909+0000] {processor.py:839} INFO - DAG(s) dict_keys(['example_setup_teardown_taskflow']) retrieved from /home/airflow/.local/lib/python3.8/site-packages/airflow/example_dags/example_setup_teardown_taskflow.py
[2024-10-20T02:58:02.112+0000] {logging_mixin.py:154} INFO - [2024-10-20T02:58:02.112+0000] {dag.py:2941} INFO - Sync 1 DAGs
[2024-10-20T02:58:02.140+0000] {logging_mixin.py:154} INFO - [2024-10-20T02:58:02.140+0000] {dag.py:3722} INFO - Setting next_dagrun for example_setup_teardown_taskflow to 2024-10-19T02:58:02.140014+00:00, run_after=2024-10-20T02:58:02.140014+00:00
[2024-10-20T02:58:02.170+0000] {processor.py:179} INFO - Processing /home/airflow/.local/lib/python3.8/site-packages/airflow/example_dags/example_setup_teardown_taskflow.py took 0.283 seconds
[2024-10-20T02:58:32.728+0000] {processor.py:157} INFO - Started process (PID=1444) to work on /home/airflow/.local/lib/python3.8/site-packages/airflow/example_dags/example_setup_teardown_taskflow.py
[2024-10-20T02:58:32.730+0000] {processor.py:829} INFO - Processing file /home/airflow/.local/lib/python3.8/site-packages/airflow/example_dags/example_setup_teardown_taskflow.py for tasks to queue
[2024-10-20T02:58:32.733+0000] {logging_mixin.py:154} INFO - [2024-10-20T02:58:32.732+0000] {dagbag.py:536} INFO - Filling up the DagBag from /home/airflow/.local/lib/python3.8/site-packages/airflow/example_dags/example_setup_teardown_taskflow.py
[2024-10-20T02:58:32.743+0000] {processor.py:839} INFO - DAG(s) dict_keys(['example_setup_teardown_taskflow']) retrieved from /home/airflow/.local/lib/python3.8/site-packages/airflow/example_dags/example_setup_teardown_taskflow.py
[2024-10-20T02:58:32.766+0000] {logging_mixin.py:154} INFO - [2024-10-20T02:58:32.766+0000] {dag.py:2941} INFO - Sync 1 DAGs
[2024-10-20T02:58:32.788+0000] {logging_mixin.py:154} INFO - [2024-10-20T02:58:32.788+0000] {dag.py:3722} INFO - Setting next_dagrun for example_setup_teardown_taskflow to 2024-10-19T02:58:32.787799+00:00, run_after=2024-10-20T02:58:32.787799+00:00
[2024-10-20T02:58:32.809+0000] {processor.py:179} INFO - Processing /home/airflow/.local/lib/python3.8/site-packages/airflow/example_dags/example_setup_teardown_taskflow.py took 0.084 seconds
[2024-10-20T02:59:52.856+0000] {processor.py:157} INFO - Started process (PID=91) to work on /home/airflow/.local/lib/python3.8/site-packages/airflow/example_dags/example_setup_teardown_taskflow.py
[2024-10-20T02:59:52.863+0000] {processor.py:829} INFO - Processing file /home/airflow/.local/lib/python3.8/site-packages/airflow/example_dags/example_setup_teardown_taskflow.py for tasks to queue
[2024-10-20T02:59:52.881+0000] {logging_mixin.py:154} INFO - [2024-10-20T02:59:52.879+0000] {dagbag.py:536} INFO - Filling up the DagBag from /home/airflow/.local/lib/python3.8/site-packages/airflow/example_dags/example_setup_teardown_taskflow.py
[2024-10-20T02:59:52.961+0000] {processor.py:839} INFO - DAG(s) dict_keys(['example_setup_teardown_taskflow']) retrieved from /home/airflow/.local/lib/python3.8/site-packages/airflow/example_dags/example_setup_teardown_taskflow.py
[2024-10-20T02:59:53.038+0000] {logging_mixin.py:154} INFO - [2024-10-20T02:59:53.037+0000] {dag.py:2941} INFO - Sync 1 DAGs
[2024-10-20T02:59:53.145+0000] {logging_mixin.py:154} INFO - [2024-10-20T02:59:53.144+0000] {dag.py:3722} INFO - Setting next_dagrun for example_setup_teardown_taskflow to 2024-10-19T02:59:53.142610+00:00, run_after=2024-10-20T02:59:53.142610+00:00
[2024-10-20T02:59:53.210+0000] {processor.py:179} INFO - Processing /home/airflow/.local/lib/python3.8/site-packages/airflow/example_dags/example_setup_teardown_taskflow.py took 0.385 seconds
[2024-10-20T03:00:24.586+0000] {processor.py:157} INFO - Started process (PID=151) to work on /home/airflow/.local/lib/python3.8/site-packages/airflow/example_dags/example_setup_teardown_taskflow.py
[2024-10-20T03:00:24.588+0000] {processor.py:829} INFO - Processing file /home/airflow/.local/lib/python3.8/site-packages/airflow/example_dags/example_setup_teardown_taskflow.py for tasks to queue
[2024-10-20T03:00:24.592+0000] {logging_mixin.py:154} INFO - [2024-10-20T03:00:24.591+0000] {dagbag.py:536} INFO - Filling up the DagBag from /home/airflow/.local/lib/python3.8/site-packages/airflow/example_dags/example_setup_teardown_taskflow.py
[2024-10-20T03:00:24.609+0000] {processor.py:839} INFO - DAG(s) dict_keys(['example_setup_teardown_taskflow']) retrieved from /home/airflow/.local/lib/python3.8/site-packages/airflow/example_dags/example_setup_teardown_taskflow.py
[2024-10-20T03:00:24.650+0000] {logging_mixin.py:154} INFO - [2024-10-20T03:00:24.650+0000] {dag.py:2941} INFO - Sync 1 DAGs
[2024-10-20T03:00:24.689+0000] {logging_mixin.py:154} INFO - [2024-10-20T03:00:24.689+0000] {dag.py:3722} INFO - Setting next_dagrun for example_setup_teardown_taskflow to 2024-10-19T03:00:24.689011+00:00, run_after=2024-10-20T03:00:24.689011+00:00
[2024-10-20T03:00:24.772+0000] {processor.py:179} INFO - Processing /home/airflow/.local/lib/python3.8/site-packages/airflow/example_dags/example_setup_teardown_taskflow.py took 0.190 seconds
[2024-10-20T03:00:55.343+0000] {processor.py:157} INFO - Started process (PID=207) to work on /home/airflow/.local/lib/python3.8/site-packages/airflow/example_dags/example_setup_teardown_taskflow.py
[2024-10-20T03:00:55.344+0000] {processor.py:829} INFO - Processing file /home/airflow/.local/lib/python3.8/site-packages/airflow/example_dags/example_setup_teardown_taskflow.py for tasks to queue
[2024-10-20T03:00:55.347+0000] {logging_mixin.py:154} INFO - [2024-10-20T03:00:55.346+0000] {dagbag.py:536} INFO - Filling up the DagBag from /home/airflow/.local/lib/python3.8/site-packages/airflow/example_dags/example_setup_teardown_taskflow.py
[2024-10-20T03:00:55.358+0000] {processor.py:839} INFO - DAG(s) dict_keys(['example_setup_teardown_taskflow']) retrieved from /home/airflow/.local/lib/python3.8/site-packages/airflow/example_dags/example_setup_teardown_taskflow.py
[2024-10-20T03:00:55.384+0000] {logging_mixin.py:154} INFO - [2024-10-20T03:00:55.384+0000] {dag.py:2941} INFO - Sync 1 DAGs
[2024-10-20T03:00:55.412+0000] {logging_mixin.py:154} INFO - [2024-10-20T03:00:55.412+0000] {dag.py:3722} INFO - Setting next_dagrun for example_setup_teardown_taskflow to 2024-10-19T03:00:55.412290+00:00, run_after=2024-10-20T03:00:55.412290+00:00
[2024-10-20T03:00:55.439+0000] {processor.py:179} INFO - Processing /home/airflow/.local/lib/python3.8/site-packages/airflow/example_dags/example_setup_teardown_taskflow.py took 0.100 seconds
[2024-10-20T03:01:26.264+0000] {processor.py:157} INFO - Started process (PID=263) to work on /home/airflow/.local/lib/python3.8/site-packages/airflow/example_dags/example_setup_teardown_taskflow.py
[2024-10-20T03:01:26.265+0000] {processor.py:829} INFO - Processing file /home/airflow/.local/lib/python3.8/site-packages/airflow/example_dags/example_setup_teardown_taskflow.py for tasks to queue
[2024-10-20T03:01:26.269+0000] {logging_mixin.py:154} INFO - [2024-10-20T03:01:26.268+0000] {dagbag.py:536} INFO - Filling up the DagBag from /home/airflow/.local/lib/python3.8/site-packages/airflow/example_dags/example_setup_teardown_taskflow.py
[2024-10-20T03:01:26.280+0000] {processor.py:839} INFO - DAG(s) dict_keys(['example_setup_teardown_taskflow']) retrieved from /home/airflow/.local/lib/python3.8/site-packages/airflow/example_dags/example_setup_teardown_taskflow.py
[2024-10-20T03:01:26.311+0000] {logging_mixin.py:154} INFO - [2024-10-20T03:01:26.311+0000] {dag.py:2941} INFO - Sync 1 DAGs
[2024-10-20T03:01:26.349+0000] {logging_mixin.py:154} INFO - [2024-10-20T03:01:26.349+0000] {dag.py:3722} INFO - Setting next_dagrun for example_setup_teardown_taskflow to 2024-10-19T03:01:26.348616+00:00, run_after=2024-10-20T03:01:26.348616+00:00
[2024-10-20T03:01:26.387+0000] {processor.py:179} INFO - Processing /home/airflow/.local/lib/python3.8/site-packages/airflow/example_dags/example_setup_teardown_taskflow.py took 0.126 seconds
[2024-10-20T03:01:56.557+0000] {processor.py:157} INFO - Started process (PID=319) to work on /home/airflow/.local/lib/python3.8/site-packages/airflow/example_dags/example_setup_teardown_taskflow.py
[2024-10-20T03:01:56.559+0000] {processor.py:829} INFO - Processing file /home/airflow/.local/lib/python3.8/site-packages/airflow/example_dags/example_setup_teardown_taskflow.py for tasks to queue
[2024-10-20T03:01:56.561+0000] {logging_mixin.py:154} INFO - [2024-10-20T03:01:56.561+0000] {dagbag.py:536} INFO - Filling up the DagBag from /home/airflow/.local/lib/python3.8/site-packages/airflow/example_dags/example_setup_teardown_taskflow.py
[2024-10-20T03:01:56.577+0000] {processor.py:839} INFO - DAG(s) dict_keys(['example_setup_teardown_taskflow']) retrieved from /home/airflow/.local/lib/python3.8/site-packages/airflow/example_dags/example_setup_teardown_taskflow.py
[2024-10-20T03:01:56.606+0000] {logging_mixin.py:154} INFO - [2024-10-20T03:01:56.606+0000] {dag.py:2941} INFO - Sync 1 DAGs
[2024-10-20T03:01:56.631+0000] {logging_mixin.py:154} INFO - [2024-10-20T03:01:56.631+0000] {dag.py:3722} INFO - Setting next_dagrun for example_setup_teardown_taskflow to 2024-10-19T03:01:56.631289+00:00, run_after=2024-10-20T03:01:56.631289+00:00
[2024-10-20T03:01:56.665+0000] {processor.py:179} INFO - Processing /home/airflow/.local/lib/python3.8/site-packages/airflow/example_dags/example_setup_teardown_taskflow.py took 0.111 seconds
[2024-10-20T03:02:27.160+0000] {processor.py:157} INFO - Started process (PID=379) to work on /home/airflow/.local/lib/python3.8/site-packages/airflow/example_dags/example_setup_teardown_taskflow.py
[2024-10-20T03:02:27.162+0000] {processor.py:829} INFO - Processing file /home/airflow/.local/lib/python3.8/site-packages/airflow/example_dags/example_setup_teardown_taskflow.py for tasks to queue
[2024-10-20T03:02:27.165+0000] {logging_mixin.py:154} INFO - [2024-10-20T03:02:27.164+0000] {dagbag.py:536} INFO - Filling up the DagBag from /home/airflow/.local/lib/python3.8/site-packages/airflow/example_dags/example_setup_teardown_taskflow.py
[2024-10-20T03:02:27.178+0000] {processor.py:839} INFO - DAG(s) dict_keys(['example_setup_teardown_taskflow']) retrieved from /home/airflow/.local/lib/python3.8/site-packages/airflow/example_dags/example_setup_teardown_taskflow.py
[2024-10-20T03:02:27.207+0000] {logging_mixin.py:154} INFO - [2024-10-20T03:02:27.207+0000] {dag.py:2941} INFO - Sync 1 DAGs
[2024-10-20T03:02:27.233+0000] {logging_mixin.py:154} INFO - [2024-10-20T03:02:27.233+0000] {dag.py:3722} INFO - Setting next_dagrun for example_setup_teardown_taskflow to 2024-10-19T03:02:27.232833+00:00, run_after=2024-10-20T03:02:27.232833+00:00
[2024-10-20T03:02:27.260+0000] {processor.py:179} INFO - Processing /home/airflow/.local/lib/python3.8/site-packages/airflow/example_dags/example_setup_teardown_taskflow.py took 0.103 seconds
[2024-10-20T03:02:57.950+0000] {processor.py:157} INFO - Started process (PID=435) to work on /home/airflow/.local/lib/python3.8/site-packages/airflow/example_dags/example_setup_teardown_taskflow.py
[2024-10-20T03:02:57.951+0000] {processor.py:829} INFO - Processing file /home/airflow/.local/lib/python3.8/site-packages/airflow/example_dags/example_setup_teardown_taskflow.py for tasks to queue
[2024-10-20T03:02:57.954+0000] {logging_mixin.py:154} INFO - [2024-10-20T03:02:57.953+0000] {dagbag.py:536} INFO - Filling up the DagBag from /home/airflow/.local/lib/python3.8/site-packages/airflow/example_dags/example_setup_teardown_taskflow.py
[2024-10-20T03:02:57.962+0000] {processor.py:839} INFO - DAG(s) dict_keys(['example_setup_teardown_taskflow']) retrieved from /home/airflow/.local/lib/python3.8/site-packages/airflow/example_dags/example_setup_teardown_taskflow.py
[2024-10-20T03:02:57.984+0000] {logging_mixin.py:154} INFO - [2024-10-20T03:02:57.984+0000] {dag.py:2941} INFO - Sync 1 DAGs
[2024-10-20T03:02:58.006+0000] {logging_mixin.py:154} INFO - [2024-10-20T03:02:58.006+0000] {dag.py:3722} INFO - Setting next_dagrun for example_setup_teardown_taskflow to 2024-10-19T03:02:58.006255+00:00, run_after=2024-10-20T03:02:58.006255+00:00
[2024-10-20T03:02:58.028+0000] {processor.py:179} INFO - Processing /home/airflow/.local/lib/python3.8/site-packages/airflow/example_dags/example_setup_teardown_taskflow.py took 0.081 seconds
[2024-10-20T03:03:28.649+0000] {processor.py:157} INFO - Started process (PID=491) to work on /home/airflow/.local/lib/python3.8/site-packages/airflow/example_dags/example_setup_teardown_taskflow.py
[2024-10-20T03:03:28.650+0000] {processor.py:829} INFO - Processing file /home/airflow/.local/lib/python3.8/site-packages/airflow/example_dags/example_setup_teardown_taskflow.py for tasks to queue
[2024-10-20T03:03:28.652+0000] {logging_mixin.py:154} INFO - [2024-10-20T03:03:28.652+0000] {dagbag.py:536} INFO - Filling up the DagBag from /home/airflow/.local/lib/python3.8/site-packages/airflow/example_dags/example_setup_teardown_taskflow.py
[2024-10-20T03:03:28.662+0000] {processor.py:839} INFO - DAG(s) dict_keys(['example_setup_teardown_taskflow']) retrieved from /home/airflow/.local/lib/python3.8/site-packages/airflow/example_dags/example_setup_teardown_taskflow.py
[2024-10-20T03:03:28.684+0000] {logging_mixin.py:154} INFO - [2024-10-20T03:03:28.683+0000] {dag.py:2941} INFO - Sync 1 DAGs
[2024-10-20T03:03:28.704+0000] {logging_mixin.py:154} INFO - [2024-10-20T03:03:28.704+0000] {dag.py:3722} INFO - Setting next_dagrun for example_setup_teardown_taskflow to 2024-10-19T03:03:28.704296+00:00, run_after=2024-10-20T03:03:28.704296+00:00
[2024-10-20T03:03:28.727+0000] {processor.py:179} INFO - Processing /home/airflow/.local/lib/python3.8/site-packages/airflow/example_dags/example_setup_teardown_taskflow.py took 0.082 seconds
[2024-10-20T03:03:58.864+0000] {processor.py:157} INFO - Started process (PID=546) to work on /home/airflow/.local/lib/python3.8/site-packages/airflow/example_dags/example_setup_teardown_taskflow.py
[2024-10-20T03:03:58.865+0000] {processor.py:829} INFO - Processing file /home/airflow/.local/lib/python3.8/site-packages/airflow/example_dags/example_setup_teardown_taskflow.py for tasks to queue
[2024-10-20T03:03:58.867+0000] {logging_mixin.py:154} INFO - [2024-10-20T03:03:58.867+0000] {dagbag.py:536} INFO - Filling up the DagBag from /home/airflow/.local/lib/python3.8/site-packages/airflow/example_dags/example_setup_teardown_taskflow.py
[2024-10-20T03:03:58.875+0000] {processor.py:839} INFO - DAG(s) dict_keys(['example_setup_teardown_taskflow']) retrieved from /home/airflow/.local/lib/python3.8/site-packages/airflow/example_dags/example_setup_teardown_taskflow.py
[2024-10-20T03:03:58.898+0000] {logging_mixin.py:154} INFO - [2024-10-20T03:03:58.898+0000] {dag.py:2941} INFO - Sync 1 DAGs
[2024-10-20T03:03:58.922+0000] {logging_mixin.py:154} INFO - [2024-10-20T03:03:58.921+0000] {dag.py:3722} INFO - Setting next_dagrun for example_setup_teardown_taskflow to 2024-10-19T03:03:58.921450+00:00, run_after=2024-10-20T03:03:58.921450+00:00
[2024-10-20T03:03:58.944+0000] {processor.py:179} INFO - Processing /home/airflow/.local/lib/python3.8/site-packages/airflow/example_dags/example_setup_teardown_taskflow.py took 0.083 seconds
[2024-10-20T03:04:29.305+0000] {processor.py:157} INFO - Started process (PID=601) to work on /home/airflow/.local/lib/python3.8/site-packages/airflow/example_dags/example_setup_teardown_taskflow.py
[2024-10-20T03:04:29.306+0000] {processor.py:829} INFO - Processing file /home/airflow/.local/lib/python3.8/site-packages/airflow/example_dags/example_setup_teardown_taskflow.py for tasks to queue
[2024-10-20T03:04:29.308+0000] {logging_mixin.py:154} INFO - [2024-10-20T03:04:29.308+0000] {dagbag.py:536} INFO - Filling up the DagBag from /home/airflow/.local/lib/python3.8/site-packages/airflow/example_dags/example_setup_teardown_taskflow.py
[2024-10-20T03:04:29.317+0000] {processor.py:839} INFO - DAG(s) dict_keys(['example_setup_teardown_taskflow']) retrieved from /home/airflow/.local/lib/python3.8/site-packages/airflow/example_dags/example_setup_teardown_taskflow.py
[2024-10-20T03:04:29.342+0000] {logging_mixin.py:154} INFO - [2024-10-20T03:04:29.342+0000] {dag.py:2941} INFO - Sync 1 DAGs
[2024-10-20T03:04:29.366+0000] {logging_mixin.py:154} INFO - [2024-10-20T03:04:29.366+0000] {dag.py:3722} INFO - Setting next_dagrun for example_setup_teardown_taskflow to 2024-10-19T03:04:29.365823+00:00, run_after=2024-10-20T03:04:29.365823+00:00
[2024-10-20T03:04:29.392+0000] {processor.py:179} INFO - Processing /home/airflow/.local/lib/python3.8/site-packages/airflow/example_dags/example_setup_teardown_taskflow.py took 0.090 seconds
[2024-10-20T03:04:59.777+0000] {processor.py:157} INFO - Started process (PID=657) to work on /home/airflow/.local/lib/python3.8/site-packages/airflow/example_dags/example_setup_teardown_taskflow.py
[2024-10-20T03:04:59.778+0000] {processor.py:829} INFO - Processing file /home/airflow/.local/lib/python3.8/site-packages/airflow/example_dags/example_setup_teardown_taskflow.py for tasks to queue
[2024-10-20T03:04:59.780+0000] {logging_mixin.py:154} INFO - [2024-10-20T03:04:59.780+0000] {dagbag.py:536} INFO - Filling up the DagBag from /home/airflow/.local/lib/python3.8/site-packages/airflow/example_dags/example_setup_teardown_taskflow.py
[2024-10-20T03:04:59.788+0000] {processor.py:839} INFO - DAG(s) dict_keys(['example_setup_teardown_taskflow']) retrieved from /home/airflow/.local/lib/python3.8/site-packages/airflow/example_dags/example_setup_teardown_taskflow.py
[2024-10-20T03:04:59.811+0000] {logging_mixin.py:154} INFO - [2024-10-20T03:04:59.811+0000] {dag.py:2941} INFO - Sync 1 DAGs
[2024-10-20T03:04:59.833+0000] {logging_mixin.py:154} INFO - [2024-10-20T03:04:59.833+0000] {dag.py:3722} INFO - Setting next_dagrun for example_setup_teardown_taskflow to 2024-10-19T03:04:59.833377+00:00, run_after=2024-10-20T03:04:59.833377+00:00
[2024-10-20T03:04:59.856+0000] {processor.py:179} INFO - Processing /home/airflow/.local/lib/python3.8/site-packages/airflow/example_dags/example_setup_teardown_taskflow.py took 0.083 seconds
[2024-10-20T03:05:29.987+0000] {processor.py:157} INFO - Started process (PID=713) to work on /home/airflow/.local/lib/python3.8/site-packages/airflow/example_dags/example_setup_teardown_taskflow.py
[2024-10-20T03:05:29.989+0000] {processor.py:829} INFO - Processing file /home/airflow/.local/lib/python3.8/site-packages/airflow/example_dags/example_setup_teardown_taskflow.py for tasks to queue
[2024-10-20T03:05:29.992+0000] {logging_mixin.py:154} INFO - [2024-10-20T03:05:29.991+0000] {dagbag.py:536} INFO - Filling up the DagBag from /home/airflow/.local/lib/python3.8/site-packages/airflow/example_dags/example_setup_teardown_taskflow.py
[2024-10-20T03:05:30.005+0000] {processor.py:839} INFO - DAG(s) dict_keys(['example_setup_teardown_taskflow']) retrieved from /home/airflow/.local/lib/python3.8/site-packages/airflow/example_dags/example_setup_teardown_taskflow.py
[2024-10-20T03:05:30.038+0000] {logging_mixin.py:154} INFO - [2024-10-20T03:05:30.037+0000] {dag.py:2941} INFO - Sync 1 DAGs
[2024-10-20T03:05:30.062+0000] {logging_mixin.py:154} INFO - [2024-10-20T03:05:30.062+0000] {dag.py:3722} INFO - Setting next_dagrun for example_setup_teardown_taskflow to 2024-10-19T03:05:30.062151+00:00, run_after=2024-10-20T03:05:30.062151+00:00
[2024-10-20T03:05:30.089+0000] {processor.py:179} INFO - Processing /home/airflow/.local/lib/python3.8/site-packages/airflow/example_dags/example_setup_teardown_taskflow.py took 0.105 seconds
[2024-10-20T03:06:00.350+0000] {processor.py:157} INFO - Started process (PID=769) to work on /home/airflow/.local/lib/python3.8/site-packages/airflow/example_dags/example_setup_teardown_taskflow.py
[2024-10-20T03:06:00.351+0000] {processor.py:829} INFO - Processing file /home/airflow/.local/lib/python3.8/site-packages/airflow/example_dags/example_setup_teardown_taskflow.py for tasks to queue
[2024-10-20T03:06:00.354+0000] {logging_mixin.py:154} INFO - [2024-10-20T03:06:00.354+0000] {dagbag.py:536} INFO - Filling up the DagBag from /home/airflow/.local/lib/python3.8/site-packages/airflow/example_dags/example_setup_teardown_taskflow.py
[2024-10-20T03:06:00.364+0000] {processor.py:839} INFO - DAG(s) dict_keys(['example_setup_teardown_taskflow']) retrieved from /home/airflow/.local/lib/python3.8/site-packages/airflow/example_dags/example_setup_teardown_taskflow.py
[2024-10-20T03:06:00.390+0000] {logging_mixin.py:154} INFO - [2024-10-20T03:06:00.390+0000] {dag.py:2941} INFO - Sync 1 DAGs
[2024-10-20T03:06:00.419+0000] {logging_mixin.py:154} INFO - [2024-10-20T03:06:00.419+0000] {dag.py:3722} INFO - Setting next_dagrun for example_setup_teardown_taskflow to 2024-10-19T03:06:00.418802+00:00, run_after=2024-10-20T03:06:00.418802+00:00
[2024-10-20T03:06:00.450+0000] {processor.py:179} INFO - Processing /home/airflow/.local/lib/python3.8/site-packages/airflow/example_dags/example_setup_teardown_taskflow.py took 0.103 seconds
[2024-10-20T03:06:31.056+0000] {processor.py:157} INFO - Started process (PID=825) to work on /home/airflow/.local/lib/python3.8/site-packages/airflow/example_dags/example_setup_teardown_taskflow.py
[2024-10-20T03:06:31.057+0000] {processor.py:829} INFO - Processing file /home/airflow/.local/lib/python3.8/site-packages/airflow/example_dags/example_setup_teardown_taskflow.py for tasks to queue
[2024-10-20T03:06:31.060+0000] {logging_mixin.py:154} INFO - [2024-10-20T03:06:31.059+0000] {dagbag.py:536} INFO - Filling up the DagBag from /home/airflow/.local/lib/python3.8/site-packages/airflow/example_dags/example_setup_teardown_taskflow.py
[2024-10-20T03:06:31.070+0000] {processor.py:839} INFO - DAG(s) dict_keys(['example_setup_teardown_taskflow']) retrieved from /home/airflow/.local/lib/python3.8/site-packages/airflow/example_dags/example_setup_teardown_taskflow.py
[2024-10-20T03:06:31.094+0000] {logging_mixin.py:154} INFO - [2024-10-20T03:06:31.094+0000] {dag.py:2941} INFO - Sync 1 DAGs
[2024-10-20T03:06:31.118+0000] {logging_mixin.py:154} INFO - [2024-10-20T03:06:31.118+0000] {dag.py:3722} INFO - Setting next_dagrun for example_setup_teardown_taskflow to 2024-10-19T03:06:31.118138+00:00, run_after=2024-10-20T03:06:31.118138+00:00
[2024-10-20T03:06:31.299+0000] {processor.py:179} INFO - Processing /home/airflow/.local/lib/python3.8/site-packages/airflow/example_dags/example_setup_teardown_taskflow.py took 0.246 seconds
[2024-10-20T03:07:01.407+0000] {processor.py:157} INFO - Started process (PID=881) to work on /home/airflow/.local/lib/python3.8/site-packages/airflow/example_dags/example_setup_teardown_taskflow.py
[2024-10-20T03:07:01.409+0000] {processor.py:829} INFO - Processing file /home/airflow/.local/lib/python3.8/site-packages/airflow/example_dags/example_setup_teardown_taskflow.py for tasks to queue
[2024-10-20T03:07:01.411+0000] {logging_mixin.py:154} INFO - [2024-10-20T03:07:01.411+0000] {dagbag.py:536} INFO - Filling up the DagBag from /home/airflow/.local/lib/python3.8/site-packages/airflow/example_dags/example_setup_teardown_taskflow.py
[2024-10-20T03:07:01.421+0000] {processor.py:839} INFO - DAG(s) dict_keys(['example_setup_teardown_taskflow']) retrieved from /home/airflow/.local/lib/python3.8/site-packages/airflow/example_dags/example_setup_teardown_taskflow.py
[2024-10-20T03:07:01.446+0000] {logging_mixin.py:154} INFO - [2024-10-20T03:07:01.446+0000] {dag.py:2941} INFO - Sync 1 DAGs
[2024-10-20T03:07:01.485+0000] {logging_mixin.py:154} INFO - [2024-10-20T03:07:01.484+0000] {dag.py:3722} INFO - Setting next_dagrun for example_setup_teardown_taskflow to 2024-10-19T03:07:01.484258+00:00, run_after=2024-10-20T03:07:01.484258+00:00
[2024-10-20T03:07:01.516+0000] {processor.py:179} INFO - Processing /home/airflow/.local/lib/python3.8/site-packages/airflow/example_dags/example_setup_teardown_taskflow.py took 0.112 seconds
[2024-10-20T03:07:31.898+0000] {processor.py:157} INFO - Started process (PID=937) to work on /home/airflow/.local/lib/python3.8/site-packages/airflow/example_dags/example_setup_teardown_taskflow.py
[2024-10-20T03:07:31.899+0000] {processor.py:829} INFO - Processing file /home/airflow/.local/lib/python3.8/site-packages/airflow/example_dags/example_setup_teardown_taskflow.py for tasks to queue
[2024-10-20T03:07:31.902+0000] {logging_mixin.py:154} INFO - [2024-10-20T03:07:31.901+0000] {dagbag.py:536} INFO - Filling up the DagBag from /home/airflow/.local/lib/python3.8/site-packages/airflow/example_dags/example_setup_teardown_taskflow.py
[2024-10-20T03:07:31.911+0000] {processor.py:839} INFO - DAG(s) dict_keys(['example_setup_teardown_taskflow']) retrieved from /home/airflow/.local/lib/python3.8/site-packages/airflow/example_dags/example_setup_teardown_taskflow.py
[2024-10-20T03:07:31.937+0000] {logging_mixin.py:154} INFO - [2024-10-20T03:07:31.937+0000] {dag.py:2941} INFO - Sync 1 DAGs
[2024-10-20T03:07:31.963+0000] {logging_mixin.py:154} INFO - [2024-10-20T03:07:31.962+0000] {dag.py:3722} INFO - Setting next_dagrun for example_setup_teardown_taskflow to 2024-10-19T03:07:31.962283+00:00, run_after=2024-10-20T03:07:31.962283+00:00
[2024-10-20T03:07:31.989+0000] {processor.py:179} INFO - Processing /home/airflow/.local/lib/python3.8/site-packages/airflow/example_dags/example_setup_teardown_taskflow.py took 0.094 seconds
[2024-10-20T03:08:48.594+0000] {processor.py:157} INFO - Started process (PID=90) to work on /home/airflow/.local/lib/python3.8/site-packages/airflow/example_dags/example_setup_teardown_taskflow.py
[2024-10-20T03:08:48.595+0000] {processor.py:829} INFO - Processing file /home/airflow/.local/lib/python3.8/site-packages/airflow/example_dags/example_setup_teardown_taskflow.py for tasks to queue
[2024-10-20T03:08:48.598+0000] {logging_mixin.py:154} INFO - [2024-10-20T03:08:48.597+0000] {dagbag.py:536} INFO - Filling up the DagBag from /home/airflow/.local/lib/python3.8/site-packages/airflow/example_dags/example_setup_teardown_taskflow.py
[2024-10-20T03:08:48.612+0000] {processor.py:839} INFO - DAG(s) dict_keys(['example_setup_teardown_taskflow']) retrieved from /home/airflow/.local/lib/python3.8/site-packages/airflow/example_dags/example_setup_teardown_taskflow.py
[2024-10-20T03:08:48.630+0000] {logging_mixin.py:154} INFO - [2024-10-20T03:08:48.630+0000] {dag.py:2941} INFO - Sync 1 DAGs
[2024-10-20T03:08:48.669+0000] {logging_mixin.py:154} INFO - [2024-10-20T03:08:48.668+0000] {dag.py:3722} INFO - Setting next_dagrun for example_setup_teardown_taskflow to 2024-10-19T03:08:48.667858+00:00, run_after=2024-10-20T03:08:48.667858+00:00
[2024-10-20T03:08:48.709+0000] {processor.py:179} INFO - Processing /home/airflow/.local/lib/python3.8/site-packages/airflow/example_dags/example_setup_teardown_taskflow.py took 0.120 seconds
[2024-10-20T03:09:19.808+0000] {processor.py:157} INFO - Started process (PID=146) to work on /home/airflow/.local/lib/python3.8/site-packages/airflow/example_dags/example_setup_teardown_taskflow.py
[2024-10-20T03:09:19.810+0000] {processor.py:829} INFO - Processing file /home/airflow/.local/lib/python3.8/site-packages/airflow/example_dags/example_setup_teardown_taskflow.py for tasks to queue
[2024-10-20T03:09:19.813+0000] {logging_mixin.py:154} INFO - [2024-10-20T03:09:19.813+0000] {dagbag.py:536} INFO - Filling up the DagBag from /home/airflow/.local/lib/python3.8/site-packages/airflow/example_dags/example_setup_teardown_taskflow.py
[2024-10-20T03:09:19.824+0000] {processor.py:839} INFO - DAG(s) dict_keys(['example_setup_teardown_taskflow']) retrieved from /home/airflow/.local/lib/python3.8/site-packages/airflow/example_dags/example_setup_teardown_taskflow.py
[2024-10-20T03:09:19.856+0000] {logging_mixin.py:154} INFO - [2024-10-20T03:09:19.856+0000] {dag.py:2941} INFO - Sync 1 DAGs
[2024-10-20T03:09:19.893+0000] {logging_mixin.py:154} INFO - [2024-10-20T03:09:19.893+0000] {dag.py:3722} INFO - Setting next_dagrun for example_setup_teardown_taskflow to 2024-10-19T03:09:19.892553+00:00, run_after=2024-10-20T03:09:19.892553+00:00
[2024-10-20T03:09:19.932+0000] {processor.py:179} INFO - Processing /home/airflow/.local/lib/python3.8/site-packages/airflow/example_dags/example_setup_teardown_taskflow.py took 0.128 seconds
[2024-10-20T03:09:50.369+0000] {processor.py:157} INFO - Started process (PID=202) to work on /home/airflow/.local/lib/python3.8/site-packages/airflow/example_dags/example_setup_teardown_taskflow.py
[2024-10-20T03:09:50.370+0000] {processor.py:829} INFO - Processing file /home/airflow/.local/lib/python3.8/site-packages/airflow/example_dags/example_setup_teardown_taskflow.py for tasks to queue
[2024-10-20T03:09:50.373+0000] {logging_mixin.py:154} INFO - [2024-10-20T03:09:50.373+0000] {dagbag.py:536} INFO - Filling up the DagBag from /home/airflow/.local/lib/python3.8/site-packages/airflow/example_dags/example_setup_teardown_taskflow.py
[2024-10-20T03:09:50.382+0000] {processor.py:839} INFO - DAG(s) dict_keys(['example_setup_teardown_taskflow']) retrieved from /home/airflow/.local/lib/python3.8/site-packages/airflow/example_dags/example_setup_teardown_taskflow.py
[2024-10-20T03:09:50.413+0000] {logging_mixin.py:154} INFO - [2024-10-20T03:09:50.413+0000] {dag.py:2941} INFO - Sync 1 DAGs
[2024-10-20T03:09:50.438+0000] {logging_mixin.py:154} INFO - [2024-10-20T03:09:50.437+0000] {dag.py:3722} INFO - Setting next_dagrun for example_setup_teardown_taskflow to 2024-10-19T03:09:50.437519+00:00, run_after=2024-10-20T03:09:50.437519+00:00
[2024-10-20T03:09:50.463+0000] {processor.py:179} INFO - Processing /home/airflow/.local/lib/python3.8/site-packages/airflow/example_dags/example_setup_teardown_taskflow.py took 0.097 seconds
[2024-10-20T03:10:20.603+0000] {processor.py:157} INFO - Started process (PID=258) to work on /home/airflow/.local/lib/python3.8/site-packages/airflow/example_dags/example_setup_teardown_taskflow.py
[2024-10-20T03:10:20.604+0000] {processor.py:829} INFO - Processing file /home/airflow/.local/lib/python3.8/site-packages/airflow/example_dags/example_setup_teardown_taskflow.py for tasks to queue
[2024-10-20T03:10:20.607+0000] {logging_mixin.py:154} INFO - [2024-10-20T03:10:20.607+0000] {dagbag.py:536} INFO - Filling up the DagBag from /home/airflow/.local/lib/python3.8/site-packages/airflow/example_dags/example_setup_teardown_taskflow.py
[2024-10-20T03:10:20.617+0000] {processor.py:839} INFO - DAG(s) dict_keys(['example_setup_teardown_taskflow']) retrieved from /home/airflow/.local/lib/python3.8/site-packages/airflow/example_dags/example_setup_teardown_taskflow.py
[2024-10-20T03:10:20.642+0000] {logging_mixin.py:154} INFO - [2024-10-20T03:10:20.642+0000] {dag.py:2941} INFO - Sync 1 DAGs
[2024-10-20T03:10:20.668+0000] {logging_mixin.py:154} INFO - [2024-10-20T03:10:20.668+0000] {dag.py:3722} INFO - Setting next_dagrun for example_setup_teardown_taskflow to 2024-10-19T03:10:20.667962+00:00, run_after=2024-10-20T03:10:20.667962+00:00
[2024-10-20T03:10:20.693+0000] {processor.py:179} INFO - Processing /home/airflow/.local/lib/python3.8/site-packages/airflow/example_dags/example_setup_teardown_taskflow.py took 0.096 seconds
[2024-10-20T03:10:51.482+0000] {processor.py:157} INFO - Started process (PID=314) to work on /home/airflow/.local/lib/python3.8/site-packages/airflow/example_dags/example_setup_teardown_taskflow.py
[2024-10-20T03:10:51.483+0000] {processor.py:829} INFO - Processing file /home/airflow/.local/lib/python3.8/site-packages/airflow/example_dags/example_setup_teardown_taskflow.py for tasks to queue
[2024-10-20T03:10:51.487+0000] {logging_mixin.py:154} INFO - [2024-10-20T03:10:51.486+0000] {dagbag.py:536} INFO - Filling up the DagBag from /home/airflow/.local/lib/python3.8/site-packages/airflow/example_dags/example_setup_teardown_taskflow.py
[2024-10-20T03:10:51.505+0000] {processor.py:839} INFO - DAG(s) dict_keys(['example_setup_teardown_taskflow']) retrieved from /home/airflow/.local/lib/python3.8/site-packages/airflow/example_dags/example_setup_teardown_taskflow.py
[2024-10-20T03:10:51.569+0000] {logging_mixin.py:154} INFO - [2024-10-20T03:10:51.569+0000] {dag.py:2941} INFO - Sync 1 DAGs
[2024-10-20T03:10:51.629+0000] {logging_mixin.py:154} INFO - [2024-10-20T03:10:51.628+0000] {dag.py:3722} INFO - Setting next_dagrun for example_setup_teardown_taskflow to 2024-10-19T03:10:51.628590+00:00, run_after=2024-10-20T03:10:51.628590+00:00
[2024-10-20T03:10:51.665+0000] {processor.py:179} INFO - Processing /home/airflow/.local/lib/python3.8/site-packages/airflow/example_dags/example_setup_teardown_taskflow.py took 0.189 seconds
[2024-10-20T03:11:22.582+0000] {processor.py:157} INFO - Started process (PID=370) to work on /home/airflow/.local/lib/python3.8/site-packages/airflow/example_dags/example_setup_teardown_taskflow.py
[2024-10-20T03:11:22.583+0000] {processor.py:829} INFO - Processing file /home/airflow/.local/lib/python3.8/site-packages/airflow/example_dags/example_setup_teardown_taskflow.py for tasks to queue
[2024-10-20T03:11:22.587+0000] {logging_mixin.py:154} INFO - [2024-10-20T03:11:22.586+0000] {dagbag.py:536} INFO - Filling up the DagBag from /home/airflow/.local/lib/python3.8/site-packages/airflow/example_dags/example_setup_teardown_taskflow.py
[2024-10-20T03:11:22.596+0000] {processor.py:839} INFO - DAG(s) dict_keys(['example_setup_teardown_taskflow']) retrieved from /home/airflow/.local/lib/python3.8/site-packages/airflow/example_dags/example_setup_teardown_taskflow.py
[2024-10-20T03:11:22.621+0000] {logging_mixin.py:154} INFO - [2024-10-20T03:11:22.621+0000] {dag.py:2941} INFO - Sync 1 DAGs
[2024-10-20T03:11:22.643+0000] {logging_mixin.py:154} INFO - [2024-10-20T03:11:22.643+0000] {dag.py:3722} INFO - Setting next_dagrun for example_setup_teardown_taskflow to 2024-10-19T03:11:22.643287+00:00, run_after=2024-10-20T03:11:22.643287+00:00
[2024-10-20T03:11:22.668+0000] {processor.py:179} INFO - Processing /home/airflow/.local/lib/python3.8/site-packages/airflow/example_dags/example_setup_teardown_taskflow.py took 0.089 seconds
[2024-10-20T03:11:53.743+0000] {processor.py:157} INFO - Started process (PID=426) to work on /home/airflow/.local/lib/python3.8/site-packages/airflow/example_dags/example_setup_teardown_taskflow.py
[2024-10-20T03:11:53.744+0000] {processor.py:829} INFO - Processing file /home/airflow/.local/lib/python3.8/site-packages/airflow/example_dags/example_setup_teardown_taskflow.py for tasks to queue
[2024-10-20T03:11:53.747+0000] {logging_mixin.py:154} INFO - [2024-10-20T03:11:53.747+0000] {dagbag.py:536} INFO - Filling up the DagBag from /home/airflow/.local/lib/python3.8/site-packages/airflow/example_dags/example_setup_teardown_taskflow.py
[2024-10-20T03:11:53.756+0000] {processor.py:839} INFO - DAG(s) dict_keys(['example_setup_teardown_taskflow']) retrieved from /home/airflow/.local/lib/python3.8/site-packages/airflow/example_dags/example_setup_teardown_taskflow.py
[2024-10-20T03:11:53.780+0000] {logging_mixin.py:154} INFO - [2024-10-20T03:11:53.780+0000] {dag.py:2941} INFO - Sync 1 DAGs
[2024-10-20T03:11:53.803+0000] {logging_mixin.py:154} INFO - [2024-10-20T03:11:53.802+0000] {dag.py:3722} INFO - Setting next_dagrun for example_setup_teardown_taskflow to 2024-10-19T03:11:53.802722+00:00, run_after=2024-10-20T03:11:53.802722+00:00
[2024-10-20T03:11:53.825+0000] {processor.py:179} INFO - Processing /home/airflow/.local/lib/python3.8/site-packages/airflow/example_dags/example_setup_teardown_taskflow.py took 0.085 seconds
[2024-10-20T03:12:23.884+0000] {processor.py:157} INFO - Started process (PID=481) to work on /home/airflow/.local/lib/python3.8/site-packages/airflow/example_dags/example_setup_teardown_taskflow.py
[2024-10-20T03:12:23.885+0000] {processor.py:829} INFO - Processing file /home/airflow/.local/lib/python3.8/site-packages/airflow/example_dags/example_setup_teardown_taskflow.py for tasks to queue
[2024-10-20T03:12:23.888+0000] {logging_mixin.py:154} INFO - [2024-10-20T03:12:23.887+0000] {dagbag.py:536} INFO - Filling up the DagBag from /home/airflow/.local/lib/python3.8/site-packages/airflow/example_dags/example_setup_teardown_taskflow.py
[2024-10-20T03:12:23.896+0000] {processor.py:839} INFO - DAG(s) dict_keys(['example_setup_teardown_taskflow']) retrieved from /home/airflow/.local/lib/python3.8/site-packages/airflow/example_dags/example_setup_teardown_taskflow.py
[2024-10-20T03:12:23.919+0000] {logging_mixin.py:154} INFO - [2024-10-20T03:12:23.919+0000] {dag.py:2941} INFO - Sync 1 DAGs
[2024-10-20T03:12:23.943+0000] {logging_mixin.py:154} INFO - [2024-10-20T03:12:23.943+0000] {dag.py:3722} INFO - Setting next_dagrun for example_setup_teardown_taskflow to 2024-10-19T03:12:23.943441+00:00, run_after=2024-10-20T03:12:23.943441+00:00
[2024-10-20T03:12:23.967+0000] {processor.py:179} INFO - Processing /home/airflow/.local/lib/python3.8/site-packages/airflow/example_dags/example_setup_teardown_taskflow.py took 0.085 seconds
[2024-10-20T03:12:54.388+0000] {processor.py:157} INFO - Started process (PID=536) to work on /home/airflow/.local/lib/python3.8/site-packages/airflow/example_dags/example_setup_teardown_taskflow.py
[2024-10-20T03:12:54.389+0000] {processor.py:829} INFO - Processing file /home/airflow/.local/lib/python3.8/site-packages/airflow/example_dags/example_setup_teardown_taskflow.py for tasks to queue
[2024-10-20T03:12:54.392+0000] {logging_mixin.py:154} INFO - [2024-10-20T03:12:54.391+0000] {dagbag.py:536} INFO - Filling up the DagBag from /home/airflow/.local/lib/python3.8/site-packages/airflow/example_dags/example_setup_teardown_taskflow.py
[2024-10-20T03:12:54.401+0000] {processor.py:839} INFO - DAG(s) dict_keys(['example_setup_teardown_taskflow']) retrieved from /home/airflow/.local/lib/python3.8/site-packages/airflow/example_dags/example_setup_teardown_taskflow.py
[2024-10-20T03:12:54.423+0000] {logging_mixin.py:154} INFO - [2024-10-20T03:12:54.423+0000] {dag.py:2941} INFO - Sync 1 DAGs
[2024-10-20T03:12:54.446+0000] {logging_mixin.py:154} INFO - [2024-10-20T03:12:54.446+0000] {dag.py:3722} INFO - Setting next_dagrun for example_setup_teardown_taskflow to 2024-10-19T03:12:54.446432+00:00, run_after=2024-10-20T03:12:54.446432+00:00
[2024-10-20T03:12:54.468+0000] {processor.py:179} INFO - Processing /home/airflow/.local/lib/python3.8/site-packages/airflow/example_dags/example_setup_teardown_taskflow.py took 0.083 seconds
[2024-10-20T03:13:25.000+0000] {processor.py:157} INFO - Started process (PID=592) to work on /home/airflow/.local/lib/python3.8/site-packages/airflow/example_dags/example_setup_teardown_taskflow.py
[2024-10-20T03:13:25.001+0000] {processor.py:829} INFO - Processing file /home/airflow/.local/lib/python3.8/site-packages/airflow/example_dags/example_setup_teardown_taskflow.py for tasks to queue
[2024-10-20T03:13:25.004+0000] {logging_mixin.py:154} INFO - [2024-10-20T03:13:25.004+0000] {dagbag.py:536} INFO - Filling up the DagBag from /home/airflow/.local/lib/python3.8/site-packages/airflow/example_dags/example_setup_teardown_taskflow.py
[2024-10-20T03:13:25.016+0000] {processor.py:839} INFO - DAG(s) dict_keys(['example_setup_teardown_taskflow']) retrieved from /home/airflow/.local/lib/python3.8/site-packages/airflow/example_dags/example_setup_teardown_taskflow.py
[2024-10-20T03:13:25.052+0000] {logging_mixin.py:154} INFO - [2024-10-20T03:13:25.052+0000] {dag.py:2941} INFO - Sync 1 DAGs
[2024-10-20T03:13:25.080+0000] {logging_mixin.py:154} INFO - [2024-10-20T03:13:25.080+0000] {dag.py:3722} INFO - Setting next_dagrun for example_setup_teardown_taskflow to 2024-10-19T03:13:25.080418+00:00, run_after=2024-10-20T03:13:25.080418+00:00
[2024-10-20T03:13:25.106+0000] {processor.py:179} INFO - Processing /home/airflow/.local/lib/python3.8/site-packages/airflow/example_dags/example_setup_teardown_taskflow.py took 0.109 seconds
[2024-10-20T03:13:55.441+0000] {processor.py:157} INFO - Started process (PID=648) to work on /home/airflow/.local/lib/python3.8/site-packages/airflow/example_dags/example_setup_teardown_taskflow.py
[2024-10-20T03:13:55.442+0000] {processor.py:829} INFO - Processing file /home/airflow/.local/lib/python3.8/site-packages/airflow/example_dags/example_setup_teardown_taskflow.py for tasks to queue
[2024-10-20T03:13:55.444+0000] {logging_mixin.py:154} INFO - [2024-10-20T03:13:55.444+0000] {dagbag.py:536} INFO - Filling up the DagBag from /home/airflow/.local/lib/python3.8/site-packages/airflow/example_dags/example_setup_teardown_taskflow.py
[2024-10-20T03:13:55.453+0000] {processor.py:839} INFO - DAG(s) dict_keys(['example_setup_teardown_taskflow']) retrieved from /home/airflow/.local/lib/python3.8/site-packages/airflow/example_dags/example_setup_teardown_taskflow.py
[2024-10-20T03:13:55.478+0000] {logging_mixin.py:154} INFO - [2024-10-20T03:13:55.477+0000] {dag.py:2941} INFO - Sync 1 DAGs
[2024-10-20T03:13:55.501+0000] {logging_mixin.py:154} INFO - [2024-10-20T03:13:55.501+0000] {dag.py:3722} INFO - Setting next_dagrun for example_setup_teardown_taskflow to 2024-10-19T03:13:55.501293+00:00, run_after=2024-10-20T03:13:55.501293+00:00
[2024-10-20T03:13:55.526+0000] {processor.py:179} INFO - Processing /home/airflow/.local/lib/python3.8/site-packages/airflow/example_dags/example_setup_teardown_taskflow.py took 0.088 seconds
[2024-10-20T03:14:25.852+0000] {processor.py:157} INFO - Started process (PID=704) to work on /home/airflow/.local/lib/python3.8/site-packages/airflow/example_dags/example_setup_teardown_taskflow.py
[2024-10-20T03:14:25.853+0000] {processor.py:829} INFO - Processing file /home/airflow/.local/lib/python3.8/site-packages/airflow/example_dags/example_setup_teardown_taskflow.py for tasks to queue
[2024-10-20T03:14:25.856+0000] {logging_mixin.py:154} INFO - [2024-10-20T03:14:25.855+0000] {dagbag.py:536} INFO - Filling up the DagBag from /home/airflow/.local/lib/python3.8/site-packages/airflow/example_dags/example_setup_teardown_taskflow.py
[2024-10-20T03:14:25.864+0000] {processor.py:839} INFO - DAG(s) dict_keys(['example_setup_teardown_taskflow']) retrieved from /home/airflow/.local/lib/python3.8/site-packages/airflow/example_dags/example_setup_teardown_taskflow.py
[2024-10-20T03:14:25.889+0000] {logging_mixin.py:154} INFO - [2024-10-20T03:14:25.889+0000] {dag.py:2941} INFO - Sync 1 DAGs
[2024-10-20T03:14:25.915+0000] {logging_mixin.py:154} INFO - [2024-10-20T03:14:25.914+0000] {dag.py:3722} INFO - Setting next_dagrun for example_setup_teardown_taskflow to 2024-10-19T03:14:25.914652+00:00, run_after=2024-10-20T03:14:25.914652+00:00
[2024-10-20T03:14:25.944+0000] {processor.py:179} INFO - Processing /home/airflow/.local/lib/python3.8/site-packages/airflow/example_dags/example_setup_teardown_taskflow.py took 0.095 seconds
[2024-10-20T03:14:56.164+0000] {processor.py:157} INFO - Started process (PID=760) to work on /home/airflow/.local/lib/python3.8/site-packages/airflow/example_dags/example_setup_teardown_taskflow.py
[2024-10-20T03:14:56.165+0000] {processor.py:829} INFO - Processing file /home/airflow/.local/lib/python3.8/site-packages/airflow/example_dags/example_setup_teardown_taskflow.py for tasks to queue
[2024-10-20T03:14:56.167+0000] {logging_mixin.py:154} INFO - [2024-10-20T03:14:56.167+0000] {dagbag.py:536} INFO - Filling up the DagBag from /home/airflow/.local/lib/python3.8/site-packages/airflow/example_dags/example_setup_teardown_taskflow.py
[2024-10-20T03:14:56.178+0000] {processor.py:839} INFO - DAG(s) dict_keys(['example_setup_teardown_taskflow']) retrieved from /home/airflow/.local/lib/python3.8/site-packages/airflow/example_dags/example_setup_teardown_taskflow.py
[2024-10-20T03:14:56.206+0000] {logging_mixin.py:154} INFO - [2024-10-20T03:14:56.205+0000] {dag.py:2941} INFO - Sync 1 DAGs
[2024-10-20T03:14:56.231+0000] {logging_mixin.py:154} INFO - [2024-10-20T03:14:56.231+0000] {dag.py:3722} INFO - Setting next_dagrun for example_setup_teardown_taskflow to 2024-10-19T03:14:56.231031+00:00, run_after=2024-10-20T03:14:56.231031+00:00
[2024-10-20T03:14:56.258+0000] {processor.py:179} INFO - Processing /home/airflow/.local/lib/python3.8/site-packages/airflow/example_dags/example_setup_teardown_taskflow.py took 0.098 seconds
[2024-10-20T03:15:26.807+0000] {processor.py:157} INFO - Started process (PID=816) to work on /home/airflow/.local/lib/python3.8/site-packages/airflow/example_dags/example_setup_teardown_taskflow.py
[2024-10-20T03:15:26.809+0000] {processor.py:829} INFO - Processing file /home/airflow/.local/lib/python3.8/site-packages/airflow/example_dags/example_setup_teardown_taskflow.py for tasks to queue
[2024-10-20T03:15:26.812+0000] {logging_mixin.py:154} INFO - [2024-10-20T03:15:26.812+0000] {dagbag.py:536} INFO - Filling up the DagBag from /home/airflow/.local/lib/python3.8/site-packages/airflow/example_dags/example_setup_teardown_taskflow.py
[2024-10-20T03:15:26.824+0000] {processor.py:839} INFO - DAG(s) dict_keys(['example_setup_teardown_taskflow']) retrieved from /home/airflow/.local/lib/python3.8/site-packages/airflow/example_dags/example_setup_teardown_taskflow.py
[2024-10-20T03:15:26.849+0000] {logging_mixin.py:154} INFO - [2024-10-20T03:15:26.848+0000] {dag.py:2941} INFO - Sync 1 DAGs
[2024-10-20T03:15:26.873+0000] {logging_mixin.py:154} INFO - [2024-10-20T03:15:26.873+0000] {dag.py:3722} INFO - Setting next_dagrun for example_setup_teardown_taskflow to 2024-10-19T03:15:26.872897+00:00, run_after=2024-10-20T03:15:26.872897+00:00
[2024-10-20T03:15:26.899+0000] {processor.py:179} INFO - Processing /home/airflow/.local/lib/python3.8/site-packages/airflow/example_dags/example_setup_teardown_taskflow.py took 0.097 seconds
[2024-10-20T03:15:57.568+0000] {processor.py:157} INFO - Started process (PID=872) to work on /home/airflow/.local/lib/python3.8/site-packages/airflow/example_dags/example_setup_teardown_taskflow.py
[2024-10-20T03:15:57.569+0000] {processor.py:829} INFO - Processing file /home/airflow/.local/lib/python3.8/site-packages/airflow/example_dags/example_setup_teardown_taskflow.py for tasks to queue
[2024-10-20T03:15:57.572+0000] {logging_mixin.py:154} INFO - [2024-10-20T03:15:57.571+0000] {dagbag.py:536} INFO - Filling up the DagBag from /home/airflow/.local/lib/python3.8/site-packages/airflow/example_dags/example_setup_teardown_taskflow.py
[2024-10-20T03:15:57.581+0000] {processor.py:839} INFO - DAG(s) dict_keys(['example_setup_teardown_taskflow']) retrieved from /home/airflow/.local/lib/python3.8/site-packages/airflow/example_dags/example_setup_teardown_taskflow.py
[2024-10-20T03:15:57.604+0000] {logging_mixin.py:154} INFO - [2024-10-20T03:15:57.603+0000] {dag.py:2941} INFO - Sync 1 DAGs
[2024-10-20T03:15:57.627+0000] {logging_mixin.py:154} INFO - [2024-10-20T03:15:57.627+0000] {dag.py:3722} INFO - Setting next_dagrun for example_setup_teardown_taskflow to 2024-10-19T03:15:57.627023+00:00, run_after=2024-10-20T03:15:57.627023+00:00
[2024-10-20T03:15:57.650+0000] {processor.py:179} INFO - Processing /home/airflow/.local/lib/python3.8/site-packages/airflow/example_dags/example_setup_teardown_taskflow.py took 0.086 seconds
[2024-10-20T03:16:28.212+0000] {processor.py:157} INFO - Started process (PID=928) to work on /home/airflow/.local/lib/python3.8/site-packages/airflow/example_dags/example_setup_teardown_taskflow.py
[2024-10-20T03:16:28.213+0000] {processor.py:829} INFO - Processing file /home/airflow/.local/lib/python3.8/site-packages/airflow/example_dags/example_setup_teardown_taskflow.py for tasks to queue
[2024-10-20T03:16:28.215+0000] {logging_mixin.py:154} INFO - [2024-10-20T03:16:28.215+0000] {dagbag.py:536} INFO - Filling up the DagBag from /home/airflow/.local/lib/python3.8/site-packages/airflow/example_dags/example_setup_teardown_taskflow.py
[2024-10-20T03:16:28.224+0000] {processor.py:839} INFO - DAG(s) dict_keys(['example_setup_teardown_taskflow']) retrieved from /home/airflow/.local/lib/python3.8/site-packages/airflow/example_dags/example_setup_teardown_taskflow.py
[2024-10-20T03:16:28.247+0000] {logging_mixin.py:154} INFO - [2024-10-20T03:16:28.247+0000] {dag.py:2941} INFO - Sync 1 DAGs
[2024-10-20T03:16:28.271+0000] {logging_mixin.py:154} INFO - [2024-10-20T03:16:28.271+0000] {dag.py:3722} INFO - Setting next_dagrun for example_setup_teardown_taskflow to 2024-10-19T03:16:28.271037+00:00, run_after=2024-10-20T03:16:28.271037+00:00
[2024-10-20T03:16:28.292+0000] {processor.py:179} INFO - Processing /home/airflow/.local/lib/python3.8/site-packages/airflow/example_dags/example_setup_teardown_taskflow.py took 0.083 seconds
[2024-10-20T03:16:58.747+0000] {processor.py:157} INFO - Started process (PID=984) to work on /home/airflow/.local/lib/python3.8/site-packages/airflow/example_dags/example_setup_teardown_taskflow.py
[2024-10-20T03:16:58.748+0000] {processor.py:829} INFO - Processing file /home/airflow/.local/lib/python3.8/site-packages/airflow/example_dags/example_setup_teardown_taskflow.py for tasks to queue
[2024-10-20T03:16:58.751+0000] {logging_mixin.py:154} INFO - [2024-10-20T03:16:58.751+0000] {dagbag.py:536} INFO - Filling up the DagBag from /home/airflow/.local/lib/python3.8/site-packages/airflow/example_dags/example_setup_teardown_taskflow.py
[2024-10-20T03:16:58.759+0000] {processor.py:839} INFO - DAG(s) dict_keys(['example_setup_teardown_taskflow']) retrieved from /home/airflow/.local/lib/python3.8/site-packages/airflow/example_dags/example_setup_teardown_taskflow.py
[2024-10-20T03:16:58.782+0000] {logging_mixin.py:154} INFO - [2024-10-20T03:16:58.782+0000] {dag.py:2941} INFO - Sync 1 DAGs
[2024-10-20T03:16:58.804+0000] {logging_mixin.py:154} INFO - [2024-10-20T03:16:58.804+0000] {dag.py:3722} INFO - Setting next_dagrun for example_setup_teardown_taskflow to 2024-10-19T03:16:58.804017+00:00, run_after=2024-10-20T03:16:58.804017+00:00
[2024-10-20T03:16:58.947+0000] {processor.py:179} INFO - Processing /home/airflow/.local/lib/python3.8/site-packages/airflow/example_dags/example_setup_teardown_taskflow.py took 0.203 seconds
[2024-10-20T03:17:29.137+0000] {processor.py:157} INFO - Started process (PID=1040) to work on /home/airflow/.local/lib/python3.8/site-packages/airflow/example_dags/example_setup_teardown_taskflow.py
[2024-10-20T03:17:29.138+0000] {processor.py:829} INFO - Processing file /home/airflow/.local/lib/python3.8/site-packages/airflow/example_dags/example_setup_teardown_taskflow.py for tasks to queue
[2024-10-20T03:17:29.141+0000] {logging_mixin.py:154} INFO - [2024-10-20T03:17:29.141+0000] {dagbag.py:536} INFO - Filling up the DagBag from /home/airflow/.local/lib/python3.8/site-packages/airflow/example_dags/example_setup_teardown_taskflow.py
[2024-10-20T03:17:29.152+0000] {processor.py:839} INFO - DAG(s) dict_keys(['example_setup_teardown_taskflow']) retrieved from /home/airflow/.local/lib/python3.8/site-packages/airflow/example_dags/example_setup_teardown_taskflow.py
[2024-10-20T03:17:29.185+0000] {logging_mixin.py:154} INFO - [2024-10-20T03:17:29.185+0000] {dag.py:2941} INFO - Sync 1 DAGs
[2024-10-20T03:17:29.217+0000] {logging_mixin.py:154} INFO - [2024-10-20T03:17:29.216+0000] {dag.py:3722} INFO - Setting next_dagrun for example_setup_teardown_taskflow to 2024-10-19T03:17:29.216697+00:00, run_after=2024-10-20T03:17:29.216697+00:00
[2024-10-20T03:17:29.248+0000] {processor.py:179} INFO - Processing /home/airflow/.local/lib/python3.8/site-packages/airflow/example_dags/example_setup_teardown_taskflow.py took 0.114 seconds
