[2024-10-20T02:46:15.103+0000] {processor.py:157} INFO - Started process (PID=67) to work on /home/airflow/.local/lib/python3.8/site-packages/airflow/example_dags/example_task_group.py
[2024-10-20T02:46:15.106+0000] {processor.py:829} INFO - Processing file /home/airflow/.local/lib/python3.8/site-packages/airflow/example_dags/example_task_group.py for tasks to queue
[2024-10-20T02:46:15.109+0000] {logging_mixin.py:154} INFO - [2024-10-20T02:46:15.108+0000] {dagbag.py:536} INFO - Filling up the DagBag from /home/airflow/.local/lib/python3.8/site-packages/airflow/example_dags/example_task_group.py
[2024-10-20T02:46:15.125+0000] {processor.py:839} INFO - DAG(s) dict_keys(['example_task_group']) retrieved from /home/airflow/.local/lib/python3.8/site-packages/airflow/example_dags/example_task_group.py
[2024-10-20T02:46:15.145+0000] {logging_mixin.py:154} INFO - [2024-10-20T02:46:15.145+0000] {dag.py:2941} INFO - Sync 1 DAGs
[2024-10-20T02:46:15.184+0000] {logging_mixin.py:154} INFO - [2024-10-20T02:46:15.183+0000] {dag.py:3722} INFO - Setting next_dagrun for example_task_group to 2024-10-19T02:46:15.181967+00:00, run_after=2024-10-20T02:46:15.181967+00:00
[2024-10-20T02:46:15.235+0000] {processor.py:179} INFO - Processing /home/airflow/.local/lib/python3.8/site-packages/airflow/example_dags/example_task_group.py took 0.135 seconds
[2024-10-20T02:46:45.281+0000] {processor.py:157} INFO - Started process (PID=121) to work on /home/airflow/.local/lib/python3.8/site-packages/airflow/example_dags/example_task_group.py
[2024-10-20T02:46:45.283+0000] {processor.py:829} INFO - Processing file /home/airflow/.local/lib/python3.8/site-packages/airflow/example_dags/example_task_group.py for tasks to queue
[2024-10-20T02:46:45.285+0000] {logging_mixin.py:154} INFO - [2024-10-20T02:46:45.284+0000] {dagbag.py:536} INFO - Filling up the DagBag from /home/airflow/.local/lib/python3.8/site-packages/airflow/example_dags/example_task_group.py
[2024-10-20T02:46:45.290+0000] {processor.py:839} INFO - DAG(s) dict_keys(['example_task_group']) retrieved from /home/airflow/.local/lib/python3.8/site-packages/airflow/example_dags/example_task_group.py
[2024-10-20T02:46:45.314+0000] {logging_mixin.py:154} INFO - [2024-10-20T02:46:45.314+0000] {dag.py:2941} INFO - Sync 1 DAGs
[2024-10-20T02:46:45.335+0000] {logging_mixin.py:154} INFO - [2024-10-20T02:46:45.334+0000] {dag.py:3722} INFO - Setting next_dagrun for example_task_group to 2024-10-19T02:46:45.334730+00:00, run_after=2024-10-20T02:46:45.334730+00:00
[2024-10-20T02:46:45.356+0000] {processor.py:179} INFO - Processing /home/airflow/.local/lib/python3.8/site-packages/airflow/example_dags/example_task_group.py took 0.077 seconds
[2024-10-20T02:47:15.485+0000] {processor.py:157} INFO - Started process (PID=177) to work on /home/airflow/.local/lib/python3.8/site-packages/airflow/example_dags/example_task_group.py
[2024-10-20T02:47:15.486+0000] {processor.py:829} INFO - Processing file /home/airflow/.local/lib/python3.8/site-packages/airflow/example_dags/example_task_group.py for tasks to queue
[2024-10-20T02:47:15.488+0000] {logging_mixin.py:154} INFO - [2024-10-20T02:47:15.488+0000] {dagbag.py:536} INFO - Filling up the DagBag from /home/airflow/.local/lib/python3.8/site-packages/airflow/example_dags/example_task_group.py
[2024-10-20T02:47:15.495+0000] {processor.py:839} INFO - DAG(s) dict_keys(['example_task_group']) retrieved from /home/airflow/.local/lib/python3.8/site-packages/airflow/example_dags/example_task_group.py
[2024-10-20T02:47:15.518+0000] {logging_mixin.py:154} INFO - [2024-10-20T02:47:15.518+0000] {dag.py:2941} INFO - Sync 1 DAGs
[2024-10-20T02:47:15.540+0000] {logging_mixin.py:154} INFO - [2024-10-20T02:47:15.540+0000] {dag.py:3722} INFO - Setting next_dagrun for example_task_group to 2024-10-19T02:47:15.540229+00:00, run_after=2024-10-20T02:47:15.540229+00:00
[2024-10-20T02:47:15.565+0000] {processor.py:179} INFO - Processing /home/airflow/.local/lib/python3.8/site-packages/airflow/example_dags/example_task_group.py took 0.083 seconds
[2024-10-20T02:47:45.925+0000] {processor.py:157} INFO - Started process (PID=233) to work on /home/airflow/.local/lib/python3.8/site-packages/airflow/example_dags/example_task_group.py
[2024-10-20T02:47:45.927+0000] {processor.py:829} INFO - Processing file /home/airflow/.local/lib/python3.8/site-packages/airflow/example_dags/example_task_group.py for tasks to queue
[2024-10-20T02:47:45.930+0000] {logging_mixin.py:154} INFO - [2024-10-20T02:47:45.930+0000] {dagbag.py:536} INFO - Filling up the DagBag from /home/airflow/.local/lib/python3.8/site-packages/airflow/example_dags/example_task_group.py
[2024-10-20T02:47:45.941+0000] {processor.py:839} INFO - DAG(s) dict_keys(['example_task_group']) retrieved from /home/airflow/.local/lib/python3.8/site-packages/airflow/example_dags/example_task_group.py
[2024-10-20T02:47:45.974+0000] {logging_mixin.py:154} INFO - [2024-10-20T02:47:45.974+0000] {dag.py:2941} INFO - Sync 1 DAGs
[2024-10-20T02:47:46.007+0000] {logging_mixin.py:154} INFO - [2024-10-20T02:47:46.007+0000] {dag.py:3722} INFO - Setting next_dagrun for example_task_group to 2024-10-19T02:47:46.007238+00:00, run_after=2024-10-20T02:47:46.007238+00:00
[2024-10-20T02:47:46.040+0000] {processor.py:179} INFO - Processing /home/airflow/.local/lib/python3.8/site-packages/airflow/example_dags/example_task_group.py took 0.121 seconds
[2024-10-20T02:48:16.238+0000] {processor.py:157} INFO - Started process (PID=288) to work on /home/airflow/.local/lib/python3.8/site-packages/airflow/example_dags/example_task_group.py
[2024-10-20T02:48:16.239+0000] {processor.py:829} INFO - Processing file /home/airflow/.local/lib/python3.8/site-packages/airflow/example_dags/example_task_group.py for tasks to queue
[2024-10-20T02:48:16.242+0000] {logging_mixin.py:154} INFO - [2024-10-20T02:48:16.242+0000] {dagbag.py:536} INFO - Filling up the DagBag from /home/airflow/.local/lib/python3.8/site-packages/airflow/example_dags/example_task_group.py
[2024-10-20T02:48:16.252+0000] {processor.py:839} INFO - DAG(s) dict_keys(['example_task_group']) retrieved from /home/airflow/.local/lib/python3.8/site-packages/airflow/example_dags/example_task_group.py
[2024-10-20T02:48:16.277+0000] {logging_mixin.py:154} INFO - [2024-10-20T02:48:16.277+0000] {dag.py:2941} INFO - Sync 1 DAGs
[2024-10-20T02:48:16.306+0000] {logging_mixin.py:154} INFO - [2024-10-20T02:48:16.306+0000] {dag.py:3722} INFO - Setting next_dagrun for example_task_group to 2024-10-19T02:48:16.306488+00:00, run_after=2024-10-20T02:48:16.306488+00:00
[2024-10-20T02:48:16.338+0000] {processor.py:179} INFO - Processing /home/airflow/.local/lib/python3.8/site-packages/airflow/example_dags/example_task_group.py took 0.105 seconds
[2024-10-20T02:48:46.947+0000] {processor.py:157} INFO - Started process (PID=345) to work on /home/airflow/.local/lib/python3.8/site-packages/airflow/example_dags/example_task_group.py
[2024-10-20T02:48:46.949+0000] {processor.py:829} INFO - Processing file /home/airflow/.local/lib/python3.8/site-packages/airflow/example_dags/example_task_group.py for tasks to queue
[2024-10-20T02:48:46.951+0000] {logging_mixin.py:154} INFO - [2024-10-20T02:48:46.951+0000] {dagbag.py:536} INFO - Filling up the DagBag from /home/airflow/.local/lib/python3.8/site-packages/airflow/example_dags/example_task_group.py
[2024-10-20T02:48:46.958+0000] {processor.py:839} INFO - DAG(s) dict_keys(['example_task_group']) retrieved from /home/airflow/.local/lib/python3.8/site-packages/airflow/example_dags/example_task_group.py
[2024-10-20T02:48:46.981+0000] {logging_mixin.py:154} INFO - [2024-10-20T02:48:46.980+0000] {dag.py:2941} INFO - Sync 1 DAGs
[2024-10-20T02:48:47.006+0000] {logging_mixin.py:154} INFO - [2024-10-20T02:48:47.006+0000] {dag.py:3722} INFO - Setting next_dagrun for example_task_group to 2024-10-19T02:48:47.006178+00:00, run_after=2024-10-20T02:48:47.006178+00:00
[2024-10-20T02:48:47.029+0000] {processor.py:179} INFO - Processing /home/airflow/.local/lib/python3.8/site-packages/airflow/example_dags/example_task_group.py took 0.084 seconds
[2024-10-20T02:49:17.734+0000] {processor.py:157} INFO - Started process (PID=408) to work on /home/airflow/.local/lib/python3.8/site-packages/airflow/example_dags/example_task_group.py
[2024-10-20T02:49:17.735+0000] {processor.py:829} INFO - Processing file /home/airflow/.local/lib/python3.8/site-packages/airflow/example_dags/example_task_group.py for tasks to queue
[2024-10-20T02:49:17.738+0000] {logging_mixin.py:154} INFO - [2024-10-20T02:49:17.738+0000] {dagbag.py:536} INFO - Filling up the DagBag from /home/airflow/.local/lib/python3.8/site-packages/airflow/example_dags/example_task_group.py
[2024-10-20T02:49:17.744+0000] {processor.py:839} INFO - DAG(s) dict_keys(['example_task_group']) retrieved from /home/airflow/.local/lib/python3.8/site-packages/airflow/example_dags/example_task_group.py
[2024-10-20T02:49:17.772+0000] {logging_mixin.py:154} INFO - [2024-10-20T02:49:17.771+0000] {dag.py:2941} INFO - Sync 1 DAGs
[2024-10-20T02:49:17.795+0000] {logging_mixin.py:154} INFO - [2024-10-20T02:49:17.794+0000] {dag.py:3722} INFO - Setting next_dagrun for example_task_group to 2024-10-19T02:49:17.794669+00:00, run_after=2024-10-20T02:49:17.794669+00:00
[2024-10-20T02:49:17.821+0000] {processor.py:179} INFO - Processing /home/airflow/.local/lib/python3.8/site-packages/airflow/example_dags/example_task_group.py took 0.090 seconds
[2024-10-20T02:49:48.121+0000] {processor.py:157} INFO - Started process (PID=463) to work on /home/airflow/.local/lib/python3.8/site-packages/airflow/example_dags/example_task_group.py
[2024-10-20T02:49:48.122+0000] {processor.py:829} INFO - Processing file /home/airflow/.local/lib/python3.8/site-packages/airflow/example_dags/example_task_group.py for tasks to queue
[2024-10-20T02:49:48.125+0000] {logging_mixin.py:154} INFO - [2024-10-20T02:49:48.124+0000] {dagbag.py:536} INFO - Filling up the DagBag from /home/airflow/.local/lib/python3.8/site-packages/airflow/example_dags/example_task_group.py
[2024-10-20T02:49:48.131+0000] {processor.py:839} INFO - DAG(s) dict_keys(['example_task_group']) retrieved from /home/airflow/.local/lib/python3.8/site-packages/airflow/example_dags/example_task_group.py
[2024-10-20T02:49:48.153+0000] {logging_mixin.py:154} INFO - [2024-10-20T02:49:48.152+0000] {dag.py:2941} INFO - Sync 1 DAGs
[2024-10-20T02:49:48.174+0000] {logging_mixin.py:154} INFO - [2024-10-20T02:49:48.174+0000] {dag.py:3722} INFO - Setting next_dagrun for example_task_group to 2024-10-19T02:49:48.174145+00:00, run_after=2024-10-20T02:49:48.174145+00:00
[2024-10-20T02:49:48.195+0000] {processor.py:179} INFO - Processing /home/airflow/.local/lib/python3.8/site-packages/airflow/example_dags/example_task_group.py took 0.076 seconds
[2024-10-20T02:50:18.265+0000] {processor.py:157} INFO - Started process (PID=519) to work on /home/airflow/.local/lib/python3.8/site-packages/airflow/example_dags/example_task_group.py
[2024-10-20T02:50:18.266+0000] {processor.py:829} INFO - Processing file /home/airflow/.local/lib/python3.8/site-packages/airflow/example_dags/example_task_group.py for tasks to queue
[2024-10-20T02:50:18.270+0000] {logging_mixin.py:154} INFO - [2024-10-20T02:50:18.269+0000] {dagbag.py:536} INFO - Filling up the DagBag from /home/airflow/.local/lib/python3.8/site-packages/airflow/example_dags/example_task_group.py
[2024-10-20T02:50:18.279+0000] {processor.py:839} INFO - DAG(s) dict_keys(['example_task_group']) retrieved from /home/airflow/.local/lib/python3.8/site-packages/airflow/example_dags/example_task_group.py
[2024-10-20T02:50:18.306+0000] {logging_mixin.py:154} INFO - [2024-10-20T02:50:18.306+0000] {dag.py:2941} INFO - Sync 1 DAGs
[2024-10-20T02:50:18.332+0000] {logging_mixin.py:154} INFO - [2024-10-20T02:50:18.332+0000] {dag.py:3722} INFO - Setting next_dagrun for example_task_group to 2024-10-19T02:50:18.331773+00:00, run_after=2024-10-20T02:50:18.331773+00:00
[2024-10-20T02:50:18.354+0000] {processor.py:179} INFO - Processing /home/airflow/.local/lib/python3.8/site-packages/airflow/example_dags/example_task_group.py took 0.093 seconds
[2024-10-20T02:50:48.835+0000] {processor.py:157} INFO - Started process (PID=575) to work on /home/airflow/.local/lib/python3.8/site-packages/airflow/example_dags/example_task_group.py
[2024-10-20T02:50:48.837+0000] {processor.py:829} INFO - Processing file /home/airflow/.local/lib/python3.8/site-packages/airflow/example_dags/example_task_group.py for tasks to queue
[2024-10-20T02:50:48.840+0000] {logging_mixin.py:154} INFO - [2024-10-20T02:50:48.839+0000] {dagbag.py:536} INFO - Filling up the DagBag from /home/airflow/.local/lib/python3.8/site-packages/airflow/example_dags/example_task_group.py
[2024-10-20T02:50:48.848+0000] {processor.py:839} INFO - DAG(s) dict_keys(['example_task_group']) retrieved from /home/airflow/.local/lib/python3.8/site-packages/airflow/example_dags/example_task_group.py
[2024-10-20T02:50:48.870+0000] {logging_mixin.py:154} INFO - [2024-10-20T02:50:48.870+0000] {dag.py:2941} INFO - Sync 1 DAGs
[2024-10-20T02:50:48.892+0000] {logging_mixin.py:154} INFO - [2024-10-20T02:50:48.892+0000] {dag.py:3722} INFO - Setting next_dagrun for example_task_group to 2024-10-19T02:50:48.891793+00:00, run_after=2024-10-20T02:50:48.891793+00:00
[2024-10-20T02:50:48.914+0000] {processor.py:179} INFO - Processing /home/airflow/.local/lib/python3.8/site-packages/airflow/example_dags/example_task_group.py took 0.083 seconds
[2024-10-20T02:51:19.063+0000] {processor.py:157} INFO - Started process (PID=631) to work on /home/airflow/.local/lib/python3.8/site-packages/airflow/example_dags/example_task_group.py
[2024-10-20T02:51:19.064+0000] {processor.py:829} INFO - Processing file /home/airflow/.local/lib/python3.8/site-packages/airflow/example_dags/example_task_group.py for tasks to queue
[2024-10-20T02:51:19.067+0000] {logging_mixin.py:154} INFO - [2024-10-20T02:51:19.067+0000] {dagbag.py:536} INFO - Filling up the DagBag from /home/airflow/.local/lib/python3.8/site-packages/airflow/example_dags/example_task_group.py
[2024-10-20T02:51:19.074+0000] {processor.py:839} INFO - DAG(s) dict_keys(['example_task_group']) retrieved from /home/airflow/.local/lib/python3.8/site-packages/airflow/example_dags/example_task_group.py
[2024-10-20T02:51:19.098+0000] {logging_mixin.py:154} INFO - [2024-10-20T02:51:19.098+0000] {dag.py:2941} INFO - Sync 1 DAGs
[2024-10-20T02:51:19.119+0000] {logging_mixin.py:154} INFO - [2024-10-20T02:51:19.119+0000] {dag.py:3722} INFO - Setting next_dagrun for example_task_group to 2024-10-19T02:51:19.119092+00:00, run_after=2024-10-20T02:51:19.119092+00:00
[2024-10-20T02:51:19.141+0000] {processor.py:179} INFO - Processing /home/airflow/.local/lib/python3.8/site-packages/airflow/example_dags/example_task_group.py took 0.082 seconds
[2024-10-20T02:51:49.400+0000] {processor.py:157} INFO - Started process (PID=687) to work on /home/airflow/.local/lib/python3.8/site-packages/airflow/example_dags/example_task_group.py
[2024-10-20T02:51:49.401+0000] {processor.py:829} INFO - Processing file /home/airflow/.local/lib/python3.8/site-packages/airflow/example_dags/example_task_group.py for tasks to queue
[2024-10-20T02:51:49.404+0000] {logging_mixin.py:154} INFO - [2024-10-20T02:51:49.403+0000] {dagbag.py:536} INFO - Filling up the DagBag from /home/airflow/.local/lib/python3.8/site-packages/airflow/example_dags/example_task_group.py
[2024-10-20T02:51:49.415+0000] {processor.py:839} INFO - DAG(s) dict_keys(['example_task_group']) retrieved from /home/airflow/.local/lib/python3.8/site-packages/airflow/example_dags/example_task_group.py
[2024-10-20T02:51:49.446+0000] {logging_mixin.py:154} INFO - [2024-10-20T02:51:49.446+0000] {dag.py:2941} INFO - Sync 1 DAGs
[2024-10-20T02:51:49.479+0000] {logging_mixin.py:154} INFO - [2024-10-20T02:51:49.479+0000] {dag.py:3722} INFO - Setting next_dagrun for example_task_group to 2024-10-19T02:51:49.479241+00:00, run_after=2024-10-20T02:51:49.479241+00:00
[2024-10-20T02:51:49.510+0000] {processor.py:179} INFO - Processing /home/airflow/.local/lib/python3.8/site-packages/airflow/example_dags/example_task_group.py took 0.113 seconds
[2024-10-20T02:52:19.580+0000] {processor.py:157} INFO - Started process (PID=743) to work on /home/airflow/.local/lib/python3.8/site-packages/airflow/example_dags/example_task_group.py
[2024-10-20T02:52:19.581+0000] {processor.py:829} INFO - Processing file /home/airflow/.local/lib/python3.8/site-packages/airflow/example_dags/example_task_group.py for tasks to queue
[2024-10-20T02:52:19.584+0000] {logging_mixin.py:154} INFO - [2024-10-20T02:52:19.584+0000] {dagbag.py:536} INFO - Filling up the DagBag from /home/airflow/.local/lib/python3.8/site-packages/airflow/example_dags/example_task_group.py
[2024-10-20T02:52:19.594+0000] {processor.py:839} INFO - DAG(s) dict_keys(['example_task_group']) retrieved from /home/airflow/.local/lib/python3.8/site-packages/airflow/example_dags/example_task_group.py
[2024-10-20T02:52:19.623+0000] {logging_mixin.py:154} INFO - [2024-10-20T02:52:19.622+0000] {dag.py:2941} INFO - Sync 1 DAGs
[2024-10-20T02:52:19.649+0000] {logging_mixin.py:154} INFO - [2024-10-20T02:52:19.649+0000] {dag.py:3722} INFO - Setting next_dagrun for example_task_group to 2024-10-19T02:52:19.648808+00:00, run_after=2024-10-20T02:52:19.648808+00:00
[2024-10-20T02:52:19.677+0000] {processor.py:179} INFO - Processing /home/airflow/.local/lib/python3.8/site-packages/airflow/example_dags/example_task_group.py took 0.103 seconds
[2024-10-20T02:52:49.876+0000] {processor.py:157} INFO - Started process (PID=799) to work on /home/airflow/.local/lib/python3.8/site-packages/airflow/example_dags/example_task_group.py
[2024-10-20T02:52:49.877+0000] {processor.py:829} INFO - Processing file /home/airflow/.local/lib/python3.8/site-packages/airflow/example_dags/example_task_group.py for tasks to queue
[2024-10-20T02:52:49.879+0000] {logging_mixin.py:154} INFO - [2024-10-20T02:52:49.878+0000] {dagbag.py:536} INFO - Filling up the DagBag from /home/airflow/.local/lib/python3.8/site-packages/airflow/example_dags/example_task_group.py
[2024-10-20T02:52:49.886+0000] {processor.py:839} INFO - DAG(s) dict_keys(['example_task_group']) retrieved from /home/airflow/.local/lib/python3.8/site-packages/airflow/example_dags/example_task_group.py
[2024-10-20T02:52:49.910+0000] {logging_mixin.py:154} INFO - [2024-10-20T02:52:49.910+0000] {dag.py:2941} INFO - Sync 1 DAGs
[2024-10-20T02:52:49.930+0000] {logging_mixin.py:154} INFO - [2024-10-20T02:52:49.930+0000] {dag.py:3722} INFO - Setting next_dagrun for example_task_group to 2024-10-19T02:52:49.930351+00:00, run_after=2024-10-20T02:52:49.930351+00:00
[2024-10-20T02:52:49.954+0000] {processor.py:179} INFO - Processing /home/airflow/.local/lib/python3.8/site-packages/airflow/example_dags/example_task_group.py took 0.081 seconds
[2024-10-20T02:53:20.610+0000] {processor.py:157} INFO - Started process (PID=857) to work on /home/airflow/.local/lib/python3.8/site-packages/airflow/example_dags/example_task_group.py
[2024-10-20T02:53:20.611+0000] {processor.py:829} INFO - Processing file /home/airflow/.local/lib/python3.8/site-packages/airflow/example_dags/example_task_group.py for tasks to queue
[2024-10-20T02:53:20.613+0000] {logging_mixin.py:154} INFO - [2024-10-20T02:53:20.613+0000] {dagbag.py:536} INFO - Filling up the DagBag from /home/airflow/.local/lib/python3.8/site-packages/airflow/example_dags/example_task_group.py
[2024-10-20T02:53:20.621+0000] {processor.py:839} INFO - DAG(s) dict_keys(['example_task_group']) retrieved from /home/airflow/.local/lib/python3.8/site-packages/airflow/example_dags/example_task_group.py
[2024-10-20T02:53:20.645+0000] {logging_mixin.py:154} INFO - [2024-10-20T02:53:20.645+0000] {dag.py:2941} INFO - Sync 1 DAGs
[2024-10-20T02:53:20.668+0000] {logging_mixin.py:154} INFO - [2024-10-20T02:53:20.668+0000] {dag.py:3722} INFO - Setting next_dagrun for example_task_group to 2024-10-19T02:53:20.668094+00:00, run_after=2024-10-20T02:53:20.668094+00:00
[2024-10-20T02:53:20.691+0000] {processor.py:179} INFO - Processing /home/airflow/.local/lib/python3.8/site-packages/airflow/example_dags/example_task_group.py took 0.084 seconds
[2024-10-20T02:53:51.020+0000] {processor.py:157} INFO - Started process (PID=915) to work on /home/airflow/.local/lib/python3.8/site-packages/airflow/example_dags/example_task_group.py
[2024-10-20T02:53:51.022+0000] {processor.py:829} INFO - Processing file /home/airflow/.local/lib/python3.8/site-packages/airflow/example_dags/example_task_group.py for tasks to queue
[2024-10-20T02:53:51.024+0000] {logging_mixin.py:154} INFO - [2024-10-20T02:53:51.024+0000] {dagbag.py:536} INFO - Filling up the DagBag from /home/airflow/.local/lib/python3.8/site-packages/airflow/example_dags/example_task_group.py
[2024-10-20T02:53:51.032+0000] {processor.py:839} INFO - DAG(s) dict_keys(['example_task_group']) retrieved from /home/airflow/.local/lib/python3.8/site-packages/airflow/example_dags/example_task_group.py
[2024-10-20T02:53:51.057+0000] {logging_mixin.py:154} INFO - [2024-10-20T02:53:51.057+0000] {dag.py:2941} INFO - Sync 1 DAGs
[2024-10-20T02:53:51.079+0000] {logging_mixin.py:154} INFO - [2024-10-20T02:53:51.079+0000] {dag.py:3722} INFO - Setting next_dagrun for example_task_group to 2024-10-19T02:53:51.079065+00:00, run_after=2024-10-20T02:53:51.079065+00:00
[2024-10-20T02:53:51.262+0000] {processor.py:179} INFO - Processing /home/airflow/.local/lib/python3.8/site-packages/airflow/example_dags/example_task_group.py took 0.245 seconds
[2024-10-20T02:54:21.567+0000] {processor.py:157} INFO - Started process (PID=971) to work on /home/airflow/.local/lib/python3.8/site-packages/airflow/example_dags/example_task_group.py
[2024-10-20T02:54:21.569+0000] {processor.py:829} INFO - Processing file /home/airflow/.local/lib/python3.8/site-packages/airflow/example_dags/example_task_group.py for tasks to queue
[2024-10-20T02:54:21.573+0000] {logging_mixin.py:154} INFO - [2024-10-20T02:54:21.572+0000] {dagbag.py:536} INFO - Filling up the DagBag from /home/airflow/.local/lib/python3.8/site-packages/airflow/example_dags/example_task_group.py
[2024-10-20T02:54:21.587+0000] {processor.py:839} INFO - DAG(s) dict_keys(['example_task_group']) retrieved from /home/airflow/.local/lib/python3.8/site-packages/airflow/example_dags/example_task_group.py
[2024-10-20T02:54:21.620+0000] {logging_mixin.py:154} INFO - [2024-10-20T02:54:21.620+0000] {dag.py:2941} INFO - Sync 1 DAGs
[2024-10-20T02:54:21.646+0000] {logging_mixin.py:154} INFO - [2024-10-20T02:54:21.646+0000] {dag.py:3722} INFO - Setting next_dagrun for example_task_group to 2024-10-19T02:54:21.645872+00:00, run_after=2024-10-20T02:54:21.645872+00:00
[2024-10-20T02:54:21.675+0000] {processor.py:179} INFO - Processing /home/airflow/.local/lib/python3.8/site-packages/airflow/example_dags/example_task_group.py took 0.113 seconds
[2024-10-20T02:54:52.217+0000] {processor.py:157} INFO - Started process (PID=1027) to work on /home/airflow/.local/lib/python3.8/site-packages/airflow/example_dags/example_task_group.py
[2024-10-20T02:54:52.219+0000] {processor.py:829} INFO - Processing file /home/airflow/.local/lib/python3.8/site-packages/airflow/example_dags/example_task_group.py for tasks to queue
[2024-10-20T02:54:52.222+0000] {logging_mixin.py:154} INFO - [2024-10-20T02:54:52.222+0000] {dagbag.py:536} INFO - Filling up the DagBag from /home/airflow/.local/lib/python3.8/site-packages/airflow/example_dags/example_task_group.py
[2024-10-20T02:54:52.231+0000] {processor.py:839} INFO - DAG(s) dict_keys(['example_task_group']) retrieved from /home/airflow/.local/lib/python3.8/site-packages/airflow/example_dags/example_task_group.py
[2024-10-20T02:54:52.262+0000] {logging_mixin.py:154} INFO - [2024-10-20T02:54:52.261+0000] {dag.py:2941} INFO - Sync 1 DAGs
[2024-10-20T02:54:52.298+0000] {logging_mixin.py:154} INFO - [2024-10-20T02:54:52.297+0000] {dag.py:3722} INFO - Setting next_dagrun for example_task_group to 2024-10-19T02:54:52.297645+00:00, run_after=2024-10-20T02:54:52.297645+00:00
[2024-10-20T02:54:52.328+0000] {processor.py:179} INFO - Processing /home/airflow/.local/lib/python3.8/site-packages/airflow/example_dags/example_task_group.py took 0.115 seconds
[2024-10-20T02:55:22.973+0000] {processor.py:157} INFO - Started process (PID=1085) to work on /home/airflow/.local/lib/python3.8/site-packages/airflow/example_dags/example_task_group.py
[2024-10-20T02:55:22.974+0000] {processor.py:829} INFO - Processing file /home/airflow/.local/lib/python3.8/site-packages/airflow/example_dags/example_task_group.py for tasks to queue
[2024-10-20T02:55:22.977+0000] {logging_mixin.py:154} INFO - [2024-10-20T02:55:22.977+0000] {dagbag.py:536} INFO - Filling up the DagBag from /home/airflow/.local/lib/python3.8/site-packages/airflow/example_dags/example_task_group.py
[2024-10-20T02:55:22.986+0000] {processor.py:839} INFO - DAG(s) dict_keys(['example_task_group']) retrieved from /home/airflow/.local/lib/python3.8/site-packages/airflow/example_dags/example_task_group.py
[2024-10-20T02:55:23.015+0000] {logging_mixin.py:154} INFO - [2024-10-20T02:55:23.014+0000] {dag.py:2941} INFO - Sync 1 DAGs
[2024-10-20T02:55:23.039+0000] {logging_mixin.py:154} INFO - [2024-10-20T02:55:23.038+0000] {dag.py:3722} INFO - Setting next_dagrun for example_task_group to 2024-10-19T02:55:23.038686+00:00, run_after=2024-10-20T02:55:23.038686+00:00
[2024-10-20T02:55:23.064+0000] {processor.py:179} INFO - Processing /home/airflow/.local/lib/python3.8/site-packages/airflow/example_dags/example_task_group.py took 0.096 seconds
[2024-10-20T02:55:53.419+0000] {processor.py:157} INFO - Started process (PID=1145) to work on /home/airflow/.local/lib/python3.8/site-packages/airflow/example_dags/example_task_group.py
[2024-10-20T02:55:53.421+0000] {processor.py:829} INFO - Processing file /home/airflow/.local/lib/python3.8/site-packages/airflow/example_dags/example_task_group.py for tasks to queue
[2024-10-20T02:55:53.425+0000] {logging_mixin.py:154} INFO - [2024-10-20T02:55:53.424+0000] {dagbag.py:536} INFO - Filling up the DagBag from /home/airflow/.local/lib/python3.8/site-packages/airflow/example_dags/example_task_group.py
[2024-10-20T02:55:53.433+0000] {processor.py:839} INFO - DAG(s) dict_keys(['example_task_group']) retrieved from /home/airflow/.local/lib/python3.8/site-packages/airflow/example_dags/example_task_group.py
[2024-10-20T02:55:53.469+0000] {logging_mixin.py:154} INFO - [2024-10-20T02:55:53.468+0000] {dag.py:2941} INFO - Sync 1 DAGs
[2024-10-20T02:55:53.715+0000] {logging_mixin.py:154} INFO - [2024-10-20T02:55:53.714+0000] {dag.py:3722} INFO - Setting next_dagrun for example_task_group to 2024-10-19T02:55:53.714682+00:00, run_after=2024-10-20T02:55:53.714682+00:00
[2024-10-20T02:55:53.743+0000] {processor.py:179} INFO - Processing /home/airflow/.local/lib/python3.8/site-packages/airflow/example_dags/example_task_group.py took 0.328 seconds
[2024-10-20T02:56:23.817+0000] {processor.py:157} INFO - Started process (PID=1201) to work on /home/airflow/.local/lib/python3.8/site-packages/airflow/example_dags/example_task_group.py
[2024-10-20T02:56:23.818+0000] {processor.py:829} INFO - Processing file /home/airflow/.local/lib/python3.8/site-packages/airflow/example_dags/example_task_group.py for tasks to queue
[2024-10-20T02:56:23.821+0000] {logging_mixin.py:154} INFO - [2024-10-20T02:56:23.820+0000] {dagbag.py:536} INFO - Filling up the DagBag from /home/airflow/.local/lib/python3.8/site-packages/airflow/example_dags/example_task_group.py
[2024-10-20T02:56:23.828+0000] {processor.py:839} INFO - DAG(s) dict_keys(['example_task_group']) retrieved from /home/airflow/.local/lib/python3.8/site-packages/airflow/example_dags/example_task_group.py
[2024-10-20T02:56:23.854+0000] {logging_mixin.py:154} INFO - [2024-10-20T02:56:23.854+0000] {dag.py:2941} INFO - Sync 1 DAGs
[2024-10-20T02:56:23.879+0000] {logging_mixin.py:154} INFO - [2024-10-20T02:56:23.878+0000] {dag.py:3722} INFO - Setting next_dagrun for example_task_group to 2024-10-19T02:56:23.878245+00:00, run_after=2024-10-20T02:56:23.878245+00:00
[2024-10-20T02:56:24.072+0000] {processor.py:179} INFO - Processing /home/airflow/.local/lib/python3.8/site-packages/airflow/example_dags/example_task_group.py took 0.258 seconds
[2024-10-20T02:56:54.629+0000] {processor.py:157} INFO - Started process (PID=1257) to work on /home/airflow/.local/lib/python3.8/site-packages/airflow/example_dags/example_task_group.py
[2024-10-20T02:56:54.630+0000] {processor.py:829} INFO - Processing file /home/airflow/.local/lib/python3.8/site-packages/airflow/example_dags/example_task_group.py for tasks to queue
[2024-10-20T02:56:54.633+0000] {logging_mixin.py:154} INFO - [2024-10-20T02:56:54.632+0000] {dagbag.py:536} INFO - Filling up the DagBag from /home/airflow/.local/lib/python3.8/site-packages/airflow/example_dags/example_task_group.py
[2024-10-20T02:56:54.639+0000] {processor.py:839} INFO - DAG(s) dict_keys(['example_task_group']) retrieved from /home/airflow/.local/lib/python3.8/site-packages/airflow/example_dags/example_task_group.py
[2024-10-20T02:56:54.659+0000] {logging_mixin.py:154} INFO - [2024-10-20T02:56:54.659+0000] {dag.py:2941} INFO - Sync 1 DAGs
[2024-10-20T02:56:54.681+0000] {logging_mixin.py:154} INFO - [2024-10-20T02:56:54.681+0000] {dag.py:3722} INFO - Setting next_dagrun for example_task_group to 2024-10-19T02:56:54.680974+00:00, run_after=2024-10-20T02:56:54.680974+00:00
[2024-10-20T02:56:54.703+0000] {processor.py:179} INFO - Processing /home/airflow/.local/lib/python3.8/site-packages/airflow/example_dags/example_task_group.py took 0.077 seconds
[2024-10-20T02:57:25.085+0000] {processor.py:157} INFO - Started process (PID=1313) to work on /home/airflow/.local/lib/python3.8/site-packages/airflow/example_dags/example_task_group.py
[2024-10-20T02:57:25.086+0000] {processor.py:829} INFO - Processing file /home/airflow/.local/lib/python3.8/site-packages/airflow/example_dags/example_task_group.py for tasks to queue
[2024-10-20T02:57:25.088+0000] {logging_mixin.py:154} INFO - [2024-10-20T02:57:25.088+0000] {dagbag.py:536} INFO - Filling up the DagBag from /home/airflow/.local/lib/python3.8/site-packages/airflow/example_dags/example_task_group.py
[2024-10-20T02:57:25.095+0000] {processor.py:839} INFO - DAG(s) dict_keys(['example_task_group']) retrieved from /home/airflow/.local/lib/python3.8/site-packages/airflow/example_dags/example_task_group.py
[2024-10-20T02:57:25.269+0000] {logging_mixin.py:154} INFO - [2024-10-20T02:57:25.268+0000] {dag.py:2941} INFO - Sync 1 DAGs
[2024-10-20T02:57:25.291+0000] {logging_mixin.py:154} INFO - [2024-10-20T02:57:25.291+0000] {dag.py:3722} INFO - Setting next_dagrun for example_task_group to 2024-10-19T02:57:25.291589+00:00, run_after=2024-10-20T02:57:25.291589+00:00
[2024-10-20T02:57:25.313+0000] {processor.py:179} INFO - Processing /home/airflow/.local/lib/python3.8/site-packages/airflow/example_dags/example_task_group.py took 0.231 seconds
[2024-10-20T02:57:55.710+0000] {processor.py:157} INFO - Started process (PID=1369) to work on /home/airflow/.local/lib/python3.8/site-packages/airflow/example_dags/example_task_group.py
[2024-10-20T02:57:55.711+0000] {processor.py:829} INFO - Processing file /home/airflow/.local/lib/python3.8/site-packages/airflow/example_dags/example_task_group.py for tasks to queue
[2024-10-20T02:57:55.714+0000] {logging_mixin.py:154} INFO - [2024-10-20T02:57:55.714+0000] {dagbag.py:536} INFO - Filling up the DagBag from /home/airflow/.local/lib/python3.8/site-packages/airflow/example_dags/example_task_group.py
[2024-10-20T02:57:55.723+0000] {processor.py:839} INFO - DAG(s) dict_keys(['example_task_group']) retrieved from /home/airflow/.local/lib/python3.8/site-packages/airflow/example_dags/example_task_group.py
[2024-10-20T02:57:55.755+0000] {logging_mixin.py:154} INFO - [2024-10-20T02:57:55.755+0000] {dag.py:2941} INFO - Sync 1 DAGs
[2024-10-20T02:57:56.000+0000] {logging_mixin.py:154} INFO - [2024-10-20T02:57:56.000+0000] {dag.py:3722} INFO - Setting next_dagrun for example_task_group to 2024-10-19T02:57:55.999813+00:00, run_after=2024-10-20T02:57:55.999813+00:00
[2024-10-20T02:57:56.026+0000] {processor.py:179} INFO - Processing /home/airflow/.local/lib/python3.8/site-packages/airflow/example_dags/example_task_group.py took 0.320 seconds
[2024-10-20T02:58:26.457+0000] {processor.py:157} INFO - Started process (PID=1427) to work on /home/airflow/.local/lib/python3.8/site-packages/airflow/example_dags/example_task_group.py
[2024-10-20T02:58:26.458+0000] {processor.py:829} INFO - Processing file /home/airflow/.local/lib/python3.8/site-packages/airflow/example_dags/example_task_group.py for tasks to queue
[2024-10-20T02:58:26.461+0000] {logging_mixin.py:154} INFO - [2024-10-20T02:58:26.460+0000] {dagbag.py:536} INFO - Filling up the DagBag from /home/airflow/.local/lib/python3.8/site-packages/airflow/example_dags/example_task_group.py
[2024-10-20T02:58:26.471+0000] {processor.py:839} INFO - DAG(s) dict_keys(['example_task_group']) retrieved from /home/airflow/.local/lib/python3.8/site-packages/airflow/example_dags/example_task_group.py
[2024-10-20T02:58:26.496+0000] {logging_mixin.py:154} INFO - [2024-10-20T02:58:26.495+0000] {dag.py:2941} INFO - Sync 1 DAGs
[2024-10-20T02:58:26.518+0000] {logging_mixin.py:154} INFO - [2024-10-20T02:58:26.518+0000] {dag.py:3722} INFO - Setting next_dagrun for example_task_group to 2024-10-19T02:58:26.518449+00:00, run_after=2024-10-20T02:58:26.518449+00:00
[2024-10-20T02:58:26.543+0000] {processor.py:179} INFO - Processing /home/airflow/.local/lib/python3.8/site-packages/airflow/example_dags/example_task_group.py took 0.089 seconds
[2024-10-20T02:59:50.359+0000] {processor.py:157} INFO - Started process (PID=68) to work on /home/airflow/.local/lib/python3.8/site-packages/airflow/example_dags/example_task_group.py
[2024-10-20T02:59:50.361+0000] {processor.py:829} INFO - Processing file /home/airflow/.local/lib/python3.8/site-packages/airflow/example_dags/example_task_group.py for tasks to queue
[2024-10-20T02:59:50.369+0000] {logging_mixin.py:154} INFO - [2024-10-20T02:59:50.368+0000] {dagbag.py:536} INFO - Filling up the DagBag from /home/airflow/.local/lib/python3.8/site-packages/airflow/example_dags/example_task_group.py
[2024-10-20T02:59:50.398+0000] {processor.py:839} INFO - DAG(s) dict_keys(['example_task_group']) retrieved from /home/airflow/.local/lib/python3.8/site-packages/airflow/example_dags/example_task_group.py
[2024-10-20T02:59:50.433+0000] {logging_mixin.py:154} INFO - [2024-10-20T02:59:50.433+0000] {dag.py:2941} INFO - Sync 1 DAGs
[2024-10-20T02:59:50.483+0000] {logging_mixin.py:154} INFO - [2024-10-20T02:59:50.482+0000] {dag.py:3722} INFO - Setting next_dagrun for example_task_group to 2024-10-19T02:59:50.482248+00:00, run_after=2024-10-20T02:59:50.482248+00:00
[2024-10-20T02:59:50.522+0000] {processor.py:179} INFO - Processing /home/airflow/.local/lib/python3.8/site-packages/airflow/example_dags/example_task_group.py took 0.177 seconds
[2024-10-20T03:00:21.318+0000] {processor.py:157} INFO - Started process (PID=133) to work on /home/airflow/.local/lib/python3.8/site-packages/airflow/example_dags/example_task_group.py
[2024-10-20T03:00:21.320+0000] {processor.py:829} INFO - Processing file /home/airflow/.local/lib/python3.8/site-packages/airflow/example_dags/example_task_group.py for tasks to queue
[2024-10-20T03:00:21.323+0000] {logging_mixin.py:154} INFO - [2024-10-20T03:00:21.322+0000] {dagbag.py:536} INFO - Filling up the DagBag from /home/airflow/.local/lib/python3.8/site-packages/airflow/example_dags/example_task_group.py
[2024-10-20T03:00:21.331+0000] {processor.py:839} INFO - DAG(s) dict_keys(['example_task_group']) retrieved from /home/airflow/.local/lib/python3.8/site-packages/airflow/example_dags/example_task_group.py
[2024-10-20T03:00:21.379+0000] {logging_mixin.py:154} INFO - [2024-10-20T03:00:21.379+0000] {dag.py:2941} INFO - Sync 1 DAGs
[2024-10-20T03:00:21.416+0000] {logging_mixin.py:154} INFO - [2024-10-20T03:00:21.415+0000] {dag.py:3722} INFO - Setting next_dagrun for example_task_group to 2024-10-19T03:00:21.415658+00:00, run_after=2024-10-20T03:00:21.415658+00:00
[2024-10-20T03:00:21.447+0000] {processor.py:179} INFO - Processing /home/airflow/.local/lib/python3.8/site-packages/airflow/example_dags/example_task_group.py took 0.131 seconds
[2024-10-20T03:00:52.286+0000] {processor.py:157} INFO - Started process (PID=189) to work on /home/airflow/.local/lib/python3.8/site-packages/airflow/example_dags/example_task_group.py
[2024-10-20T03:00:52.287+0000] {processor.py:829} INFO - Processing file /home/airflow/.local/lib/python3.8/site-packages/airflow/example_dags/example_task_group.py for tasks to queue
[2024-10-20T03:00:52.291+0000] {logging_mixin.py:154} INFO - [2024-10-20T03:00:52.290+0000] {dagbag.py:536} INFO - Filling up the DagBag from /home/airflow/.local/lib/python3.8/site-packages/airflow/example_dags/example_task_group.py
[2024-10-20T03:00:52.298+0000] {processor.py:839} INFO - DAG(s) dict_keys(['example_task_group']) retrieved from /home/airflow/.local/lib/python3.8/site-packages/airflow/example_dags/example_task_group.py
[2024-10-20T03:00:52.342+0000] {logging_mixin.py:154} INFO - [2024-10-20T03:00:52.342+0000] {dag.py:2941} INFO - Sync 1 DAGs
[2024-10-20T03:00:52.370+0000] {logging_mixin.py:154} INFO - [2024-10-20T03:00:52.370+0000] {dag.py:3722} INFO - Setting next_dagrun for example_task_group to 2024-10-19T03:00:52.370247+00:00, run_after=2024-10-20T03:00:52.370247+00:00
[2024-10-20T03:00:52.403+0000] {processor.py:179} INFO - Processing /home/airflow/.local/lib/python3.8/site-packages/airflow/example_dags/example_task_group.py took 0.121 seconds
[2024-10-20T03:01:22.541+0000] {processor.py:157} INFO - Started process (PID=244) to work on /home/airflow/.local/lib/python3.8/site-packages/airflow/example_dags/example_task_group.py
[2024-10-20T03:01:22.542+0000] {processor.py:829} INFO - Processing file /home/airflow/.local/lib/python3.8/site-packages/airflow/example_dags/example_task_group.py for tasks to queue
[2024-10-20T03:01:22.544+0000] {logging_mixin.py:154} INFO - [2024-10-20T03:01:22.544+0000] {dagbag.py:536} INFO - Filling up the DagBag from /home/airflow/.local/lib/python3.8/site-packages/airflow/example_dags/example_task_group.py
[2024-10-20T03:01:22.550+0000] {processor.py:839} INFO - DAG(s) dict_keys(['example_task_group']) retrieved from /home/airflow/.local/lib/python3.8/site-packages/airflow/example_dags/example_task_group.py
[2024-10-20T03:01:22.573+0000] {logging_mixin.py:154} INFO - [2024-10-20T03:01:22.573+0000] {dag.py:2941} INFO - Sync 1 DAGs
[2024-10-20T03:01:22.594+0000] {logging_mixin.py:154} INFO - [2024-10-20T03:01:22.594+0000] {dag.py:3722} INFO - Setting next_dagrun for example_task_group to 2024-10-19T03:01:22.594349+00:00, run_after=2024-10-20T03:01:22.594349+00:00
[2024-10-20T03:01:22.636+0000] {processor.py:179} INFO - Processing /home/airflow/.local/lib/python3.8/site-packages/airflow/example_dags/example_task_group.py took 0.098 seconds
[2024-10-20T03:01:52.758+0000] {processor.py:157} INFO - Started process (PID=302) to work on /home/airflow/.local/lib/python3.8/site-packages/airflow/example_dags/example_task_group.py
[2024-10-20T03:01:52.760+0000] {processor.py:829} INFO - Processing file /home/airflow/.local/lib/python3.8/site-packages/airflow/example_dags/example_task_group.py for tasks to queue
[2024-10-20T03:01:52.764+0000] {logging_mixin.py:154} INFO - [2024-10-20T03:01:52.764+0000] {dagbag.py:536} INFO - Filling up the DagBag from /home/airflow/.local/lib/python3.8/site-packages/airflow/example_dags/example_task_group.py
[2024-10-20T03:01:52.774+0000] {processor.py:839} INFO - DAG(s) dict_keys(['example_task_group']) retrieved from /home/airflow/.local/lib/python3.8/site-packages/airflow/example_dags/example_task_group.py
[2024-10-20T03:01:52.811+0000] {logging_mixin.py:154} INFO - [2024-10-20T03:01:52.811+0000] {dag.py:2941} INFO - Sync 1 DAGs
[2024-10-20T03:01:52.848+0000] {logging_mixin.py:154} INFO - [2024-10-20T03:01:52.847+0000] {dag.py:3722} INFO - Setting next_dagrun for example_task_group to 2024-10-19T03:01:52.847408+00:00, run_after=2024-10-20T03:01:52.847408+00:00
[2024-10-20T03:01:52.889+0000] {processor.py:179} INFO - Processing /home/airflow/.local/lib/python3.8/site-packages/airflow/example_dags/example_task_group.py took 0.135 seconds
[2024-10-20T03:02:23.463+0000] {processor.py:157} INFO - Started process (PID=358) to work on /home/airflow/.local/lib/python3.8/site-packages/airflow/example_dags/example_task_group.py
[2024-10-20T03:02:23.466+0000] {processor.py:829} INFO - Processing file /home/airflow/.local/lib/python3.8/site-packages/airflow/example_dags/example_task_group.py for tasks to queue
[2024-10-20T03:02:23.471+0000] {logging_mixin.py:154} INFO - [2024-10-20T03:02:23.470+0000] {dagbag.py:536} INFO - Filling up the DagBag from /home/airflow/.local/lib/python3.8/site-packages/airflow/example_dags/example_task_group.py
[2024-10-20T03:02:23.490+0000] {processor.py:839} INFO - DAG(s) dict_keys(['example_task_group']) retrieved from /home/airflow/.local/lib/python3.8/site-packages/airflow/example_dags/example_task_group.py
[2024-10-20T03:02:23.561+0000] {logging_mixin.py:154} INFO - [2024-10-20T03:02:23.560+0000] {dag.py:2941} INFO - Sync 1 DAGs
[2024-10-20T03:02:23.623+0000] {logging_mixin.py:154} INFO - [2024-10-20T03:02:23.623+0000] {dag.py:3722} INFO - Setting next_dagrun for example_task_group to 2024-10-19T03:02:23.622844+00:00, run_after=2024-10-20T03:02:23.622844+00:00
[2024-10-20T03:02:23.664+0000] {processor.py:179} INFO - Processing /home/airflow/.local/lib/python3.8/site-packages/airflow/example_dags/example_task_group.py took 0.207 seconds
[2024-10-20T03:02:54.097+0000] {processor.py:157} INFO - Started process (PID=416) to work on /home/airflow/.local/lib/python3.8/site-packages/airflow/example_dags/example_task_group.py
[2024-10-20T03:02:54.099+0000] {processor.py:829} INFO - Processing file /home/airflow/.local/lib/python3.8/site-packages/airflow/example_dags/example_task_group.py for tasks to queue
[2024-10-20T03:02:54.101+0000] {logging_mixin.py:154} INFO - [2024-10-20T03:02:54.101+0000] {dagbag.py:536} INFO - Filling up the DagBag from /home/airflow/.local/lib/python3.8/site-packages/airflow/example_dags/example_task_group.py
[2024-10-20T03:02:54.109+0000] {processor.py:839} INFO - DAG(s) dict_keys(['example_task_group']) retrieved from /home/airflow/.local/lib/python3.8/site-packages/airflow/example_dags/example_task_group.py
[2024-10-20T03:02:54.133+0000] {logging_mixin.py:154} INFO - [2024-10-20T03:02:54.133+0000] {dag.py:2941} INFO - Sync 1 DAGs
[2024-10-20T03:02:54.159+0000] {logging_mixin.py:154} INFO - [2024-10-20T03:02:54.159+0000] {dag.py:3722} INFO - Setting next_dagrun for example_task_group to 2024-10-19T03:02:54.158968+00:00, run_after=2024-10-20T03:02:54.158968+00:00
[2024-10-20T03:02:54.181+0000] {processor.py:179} INFO - Processing /home/airflow/.local/lib/python3.8/site-packages/airflow/example_dags/example_task_group.py took 0.086 seconds
[2024-10-20T03:03:25.110+0000] {processor.py:157} INFO - Started process (PID=473) to work on /home/airflow/.local/lib/python3.8/site-packages/airflow/example_dags/example_task_group.py
[2024-10-20T03:03:25.112+0000] {processor.py:829} INFO - Processing file /home/airflow/.local/lib/python3.8/site-packages/airflow/example_dags/example_task_group.py for tasks to queue
[2024-10-20T03:03:25.116+0000] {logging_mixin.py:154} INFO - [2024-10-20T03:03:25.115+0000] {dagbag.py:536} INFO - Filling up the DagBag from /home/airflow/.local/lib/python3.8/site-packages/airflow/example_dags/example_task_group.py
[2024-10-20T03:03:25.125+0000] {processor.py:839} INFO - DAG(s) dict_keys(['example_task_group']) retrieved from /home/airflow/.local/lib/python3.8/site-packages/airflow/example_dags/example_task_group.py
[2024-10-20T03:03:25.152+0000] {logging_mixin.py:154} INFO - [2024-10-20T03:03:25.152+0000] {dag.py:2941} INFO - Sync 1 DAGs
[2024-10-20T03:03:25.179+0000] {logging_mixin.py:154} INFO - [2024-10-20T03:03:25.178+0000] {dag.py:3722} INFO - Setting next_dagrun for example_task_group to 2024-10-19T03:03:25.178510+00:00, run_after=2024-10-20T03:03:25.178510+00:00
[2024-10-20T03:03:25.209+0000] {processor.py:179} INFO - Processing /home/airflow/.local/lib/python3.8/site-packages/airflow/example_dags/example_task_group.py took 0.102 seconds
[2024-10-20T03:03:55.765+0000] {processor.py:157} INFO - Started process (PID=529) to work on /home/airflow/.local/lib/python3.8/site-packages/airflow/example_dags/example_task_group.py
[2024-10-20T03:03:55.766+0000] {processor.py:829} INFO - Processing file /home/airflow/.local/lib/python3.8/site-packages/airflow/example_dags/example_task_group.py for tasks to queue
[2024-10-20T03:03:55.768+0000] {logging_mixin.py:154} INFO - [2024-10-20T03:03:55.768+0000] {dagbag.py:536} INFO - Filling up the DagBag from /home/airflow/.local/lib/python3.8/site-packages/airflow/example_dags/example_task_group.py
[2024-10-20T03:03:55.776+0000] {processor.py:839} INFO - DAG(s) dict_keys(['example_task_group']) retrieved from /home/airflow/.local/lib/python3.8/site-packages/airflow/example_dags/example_task_group.py
[2024-10-20T03:03:55.801+0000] {logging_mixin.py:154} INFO - [2024-10-20T03:03:55.800+0000] {dag.py:2941} INFO - Sync 1 DAGs
[2024-10-20T03:03:55.822+0000] {logging_mixin.py:154} INFO - [2024-10-20T03:03:55.822+0000] {dag.py:3722} INFO - Setting next_dagrun for example_task_group to 2024-10-19T03:03:55.821974+00:00, run_after=2024-10-20T03:03:55.821974+00:00
[2024-10-20T03:03:55.843+0000] {processor.py:179} INFO - Processing /home/airflow/.local/lib/python3.8/site-packages/airflow/example_dags/example_task_group.py took 0.081 seconds
[2024-10-20T03:04:25.909+0000] {processor.py:157} INFO - Started process (PID=584) to work on /home/airflow/.local/lib/python3.8/site-packages/airflow/example_dags/example_task_group.py
[2024-10-20T03:04:25.910+0000] {processor.py:829} INFO - Processing file /home/airflow/.local/lib/python3.8/site-packages/airflow/example_dags/example_task_group.py for tasks to queue
[2024-10-20T03:04:25.913+0000] {logging_mixin.py:154} INFO - [2024-10-20T03:04:25.912+0000] {dagbag.py:536} INFO - Filling up the DagBag from /home/airflow/.local/lib/python3.8/site-packages/airflow/example_dags/example_task_group.py
[2024-10-20T03:04:25.920+0000] {processor.py:839} INFO - DAG(s) dict_keys(['example_task_group']) retrieved from /home/airflow/.local/lib/python3.8/site-packages/airflow/example_dags/example_task_group.py
[2024-10-20T03:04:25.947+0000] {logging_mixin.py:154} INFO - [2024-10-20T03:04:25.947+0000] {dag.py:2941} INFO - Sync 1 DAGs
[2024-10-20T03:04:25.975+0000] {logging_mixin.py:154} INFO - [2024-10-20T03:04:25.975+0000] {dag.py:3722} INFO - Setting next_dagrun for example_task_group to 2024-10-19T03:04:25.974818+00:00, run_after=2024-10-20T03:04:25.974818+00:00
[2024-10-20T03:04:26.007+0000] {processor.py:179} INFO - Processing /home/airflow/.local/lib/python3.8/site-packages/airflow/example_dags/example_task_group.py took 0.102 seconds
[2024-10-20T03:04:56.422+0000] {processor.py:157} INFO - Started process (PID=640) to work on /home/airflow/.local/lib/python3.8/site-packages/airflow/example_dags/example_task_group.py
[2024-10-20T03:04:56.423+0000] {processor.py:829} INFO - Processing file /home/airflow/.local/lib/python3.8/site-packages/airflow/example_dags/example_task_group.py for tasks to queue
[2024-10-20T03:04:56.426+0000] {logging_mixin.py:154} INFO - [2024-10-20T03:04:56.426+0000] {dagbag.py:536} INFO - Filling up the DagBag from /home/airflow/.local/lib/python3.8/site-packages/airflow/example_dags/example_task_group.py
[2024-10-20T03:04:56.433+0000] {processor.py:839} INFO - DAG(s) dict_keys(['example_task_group']) retrieved from /home/airflow/.local/lib/python3.8/site-packages/airflow/example_dags/example_task_group.py
[2024-10-20T03:04:56.461+0000] {logging_mixin.py:154} INFO - [2024-10-20T03:04:56.461+0000] {dag.py:2941} INFO - Sync 1 DAGs
[2024-10-20T03:04:56.484+0000] {logging_mixin.py:154} INFO - [2024-10-20T03:04:56.484+0000] {dag.py:3722} INFO - Setting next_dagrun for example_task_group to 2024-10-19T03:04:56.483821+00:00, run_after=2024-10-20T03:04:56.483821+00:00
[2024-10-20T03:04:56.508+0000] {processor.py:179} INFO - Processing /home/airflow/.local/lib/python3.8/site-packages/airflow/example_dags/example_task_group.py took 0.088 seconds
[2024-10-20T03:05:26.690+0000] {processor.py:157} INFO - Started process (PID=696) to work on /home/airflow/.local/lib/python3.8/site-packages/airflow/example_dags/example_task_group.py
[2024-10-20T03:05:26.692+0000] {processor.py:829} INFO - Processing file /home/airflow/.local/lib/python3.8/site-packages/airflow/example_dags/example_task_group.py for tasks to queue
[2024-10-20T03:05:26.696+0000] {logging_mixin.py:154} INFO - [2024-10-20T03:05:26.696+0000] {dagbag.py:536} INFO - Filling up the DagBag from /home/airflow/.local/lib/python3.8/site-packages/airflow/example_dags/example_task_group.py
[2024-10-20T03:05:26.705+0000] {processor.py:839} INFO - DAG(s) dict_keys(['example_task_group']) retrieved from /home/airflow/.local/lib/python3.8/site-packages/airflow/example_dags/example_task_group.py
[2024-10-20T03:05:26.733+0000] {logging_mixin.py:154} INFO - [2024-10-20T03:05:26.733+0000] {dag.py:2941} INFO - Sync 1 DAGs
[2024-10-20T03:05:26.762+0000] {logging_mixin.py:154} INFO - [2024-10-20T03:05:26.762+0000] {dag.py:3722} INFO - Setting next_dagrun for example_task_group to 2024-10-19T03:05:26.761901+00:00, run_after=2024-10-20T03:05:26.761901+00:00
[2024-10-20T03:05:26.790+0000] {processor.py:179} INFO - Processing /home/airflow/.local/lib/python3.8/site-packages/airflow/example_dags/example_task_group.py took 0.103 seconds
[2024-10-20T03:05:57.098+0000] {processor.py:157} INFO - Started process (PID=752) to work on /home/airflow/.local/lib/python3.8/site-packages/airflow/example_dags/example_task_group.py
[2024-10-20T03:05:57.100+0000] {processor.py:829} INFO - Processing file /home/airflow/.local/lib/python3.8/site-packages/airflow/example_dags/example_task_group.py for tasks to queue
[2024-10-20T03:05:57.102+0000] {logging_mixin.py:154} INFO - [2024-10-20T03:05:57.102+0000] {dagbag.py:536} INFO - Filling up the DagBag from /home/airflow/.local/lib/python3.8/site-packages/airflow/example_dags/example_task_group.py
[2024-10-20T03:05:57.109+0000] {processor.py:839} INFO - DAG(s) dict_keys(['example_task_group']) retrieved from /home/airflow/.local/lib/python3.8/site-packages/airflow/example_dags/example_task_group.py
[2024-10-20T03:05:57.133+0000] {logging_mixin.py:154} INFO - [2024-10-20T03:05:57.133+0000] {dag.py:2941} INFO - Sync 1 DAGs
[2024-10-20T03:05:57.156+0000] {logging_mixin.py:154} INFO - [2024-10-20T03:05:57.155+0000] {dag.py:3722} INFO - Setting next_dagrun for example_task_group to 2024-10-19T03:05:57.155712+00:00, run_after=2024-10-20T03:05:57.155712+00:00
[2024-10-20T03:05:57.178+0000] {processor.py:179} INFO - Processing /home/airflow/.local/lib/python3.8/site-packages/airflow/example_dags/example_task_group.py took 0.082 seconds
[2024-10-20T03:06:27.551+0000] {processor.py:157} INFO - Started process (PID=808) to work on /home/airflow/.local/lib/python3.8/site-packages/airflow/example_dags/example_task_group.py
[2024-10-20T03:06:27.552+0000] {processor.py:829} INFO - Processing file /home/airflow/.local/lib/python3.8/site-packages/airflow/example_dags/example_task_group.py for tasks to queue
[2024-10-20T03:06:27.554+0000] {logging_mixin.py:154} INFO - [2024-10-20T03:06:27.554+0000] {dagbag.py:536} INFO - Filling up the DagBag from /home/airflow/.local/lib/python3.8/site-packages/airflow/example_dags/example_task_group.py
[2024-10-20T03:06:27.561+0000] {processor.py:839} INFO - DAG(s) dict_keys(['example_task_group']) retrieved from /home/airflow/.local/lib/python3.8/site-packages/airflow/example_dags/example_task_group.py
[2024-10-20T03:06:27.585+0000] {logging_mixin.py:154} INFO - [2024-10-20T03:06:27.585+0000] {dag.py:2941} INFO - Sync 1 DAGs
[2024-10-20T03:06:27.606+0000] {logging_mixin.py:154} INFO - [2024-10-20T03:06:27.606+0000] {dag.py:3722} INFO - Setting next_dagrun for example_task_group to 2024-10-19T03:06:27.605918+00:00, run_after=2024-10-20T03:06:27.605918+00:00
[2024-10-20T03:06:27.630+0000] {processor.py:179} INFO - Processing /home/airflow/.local/lib/python3.8/site-packages/airflow/example_dags/example_task_group.py took 0.083 seconds
[2024-10-20T03:06:57.811+0000] {processor.py:157} INFO - Started process (PID=864) to work on /home/airflow/.local/lib/python3.8/site-packages/airflow/example_dags/example_task_group.py
[2024-10-20T03:06:57.813+0000] {processor.py:829} INFO - Processing file /home/airflow/.local/lib/python3.8/site-packages/airflow/example_dags/example_task_group.py for tasks to queue
[2024-10-20T03:06:57.815+0000] {logging_mixin.py:154} INFO - [2024-10-20T03:06:57.815+0000] {dagbag.py:536} INFO - Filling up the DagBag from /home/airflow/.local/lib/python3.8/site-packages/airflow/example_dags/example_task_group.py
[2024-10-20T03:06:57.825+0000] {processor.py:839} INFO - DAG(s) dict_keys(['example_task_group']) retrieved from /home/airflow/.local/lib/python3.8/site-packages/airflow/example_dags/example_task_group.py
[2024-10-20T03:06:57.854+0000] {logging_mixin.py:154} INFO - [2024-10-20T03:06:57.854+0000] {dag.py:2941} INFO - Sync 1 DAGs
[2024-10-20T03:06:57.885+0000] {logging_mixin.py:154} INFO - [2024-10-20T03:06:57.884+0000] {dag.py:3722} INFO - Setting next_dagrun for example_task_group to 2024-10-19T03:06:57.884505+00:00, run_after=2024-10-20T03:06:57.884505+00:00
[2024-10-20T03:06:57.912+0000] {processor.py:179} INFO - Processing /home/airflow/.local/lib/python3.8/site-packages/airflow/example_dags/example_task_group.py took 0.104 seconds
[2024-10-20T03:07:28.329+0000] {processor.py:157} INFO - Started process (PID=920) to work on /home/airflow/.local/lib/python3.8/site-packages/airflow/example_dags/example_task_group.py
[2024-10-20T03:07:28.331+0000] {processor.py:829} INFO - Processing file /home/airflow/.local/lib/python3.8/site-packages/airflow/example_dags/example_task_group.py for tasks to queue
[2024-10-20T03:07:28.333+0000] {logging_mixin.py:154} INFO - [2024-10-20T03:07:28.333+0000] {dagbag.py:536} INFO - Filling up the DagBag from /home/airflow/.local/lib/python3.8/site-packages/airflow/example_dags/example_task_group.py
[2024-10-20T03:07:28.341+0000] {processor.py:839} INFO - DAG(s) dict_keys(['example_task_group']) retrieved from /home/airflow/.local/lib/python3.8/site-packages/airflow/example_dags/example_task_group.py
[2024-10-20T03:07:28.365+0000] {logging_mixin.py:154} INFO - [2024-10-20T03:07:28.365+0000] {dag.py:2941} INFO - Sync 1 DAGs
[2024-10-20T03:07:28.386+0000] {logging_mixin.py:154} INFO - [2024-10-20T03:07:28.385+0000] {dag.py:3722} INFO - Setting next_dagrun for example_task_group to 2024-10-19T03:07:28.385636+00:00, run_after=2024-10-20T03:07:28.385636+00:00
[2024-10-20T03:07:28.407+0000] {processor.py:179} INFO - Processing /home/airflow/.local/lib/python3.8/site-packages/airflow/example_dags/example_task_group.py took 0.081 seconds
[2024-10-20T03:08:46.157+0000] {processor.py:157} INFO - Started process (PID=67) to work on /home/airflow/.local/lib/python3.8/site-packages/airflow/example_dags/example_task_group.py
[2024-10-20T03:08:46.158+0000] {processor.py:829} INFO - Processing file /home/airflow/.local/lib/python3.8/site-packages/airflow/example_dags/example_task_group.py for tasks to queue
[2024-10-20T03:08:46.161+0000] {logging_mixin.py:154} INFO - [2024-10-20T03:08:46.160+0000] {dagbag.py:536} INFO - Filling up the DagBag from /home/airflow/.local/lib/python3.8/site-packages/airflow/example_dags/example_task_group.py
[2024-10-20T03:08:46.176+0000] {processor.py:839} INFO - DAG(s) dict_keys(['example_task_group']) retrieved from /home/airflow/.local/lib/python3.8/site-packages/airflow/example_dags/example_task_group.py
[2024-10-20T03:08:46.200+0000] {logging_mixin.py:154} INFO - [2024-10-20T03:08:46.200+0000] {dag.py:2941} INFO - Sync 1 DAGs
[2024-10-20T03:08:46.241+0000] {logging_mixin.py:154} INFO - [2024-10-20T03:08:46.241+0000] {dag.py:3722} INFO - Setting next_dagrun for example_task_group to 2024-10-19T03:08:46.240852+00:00, run_after=2024-10-20T03:08:46.240852+00:00
[2024-10-20T03:08:46.283+0000] {processor.py:179} INFO - Processing /home/airflow/.local/lib/python3.8/site-packages/airflow/example_dags/example_task_group.py took 0.130 seconds
[2024-10-20T03:09:16.444+0000] {processor.py:157} INFO - Started process (PID=121) to work on /home/airflow/.local/lib/python3.8/site-packages/airflow/example_dags/example_task_group.py
[2024-10-20T03:09:16.445+0000] {processor.py:829} INFO - Processing file /home/airflow/.local/lib/python3.8/site-packages/airflow/example_dags/example_task_group.py for tasks to queue
[2024-10-20T03:09:16.449+0000] {logging_mixin.py:154} INFO - [2024-10-20T03:09:16.448+0000] {dagbag.py:536} INFO - Filling up the DagBag from /home/airflow/.local/lib/python3.8/site-packages/airflow/example_dags/example_task_group.py
[2024-10-20T03:09:16.458+0000] {processor.py:839} INFO - DAG(s) dict_keys(['example_task_group']) retrieved from /home/airflow/.local/lib/python3.8/site-packages/airflow/example_dags/example_task_group.py
[2024-10-20T03:09:16.489+0000] {logging_mixin.py:154} INFO - [2024-10-20T03:09:16.489+0000] {dag.py:2941} INFO - Sync 1 DAGs
[2024-10-20T03:09:16.515+0000] {logging_mixin.py:154} INFO - [2024-10-20T03:09:16.515+0000] {dag.py:3722} INFO - Setting next_dagrun for example_task_group to 2024-10-19T03:09:16.515280+00:00, run_after=2024-10-20T03:09:16.515280+00:00
[2024-10-20T03:09:16.540+0000] {processor.py:179} INFO - Processing /home/airflow/.local/lib/python3.8/site-packages/airflow/example_dags/example_task_group.py took 0.101 seconds
[2024-10-20T03:09:46.783+0000] {processor.py:157} INFO - Started process (PID=177) to work on /home/airflow/.local/lib/python3.8/site-packages/airflow/example_dags/example_task_group.py
[2024-10-20T03:09:46.784+0000] {processor.py:829} INFO - Processing file /home/airflow/.local/lib/python3.8/site-packages/airflow/example_dags/example_task_group.py for tasks to queue
[2024-10-20T03:09:46.787+0000] {logging_mixin.py:154} INFO - [2024-10-20T03:09:46.786+0000] {dagbag.py:536} INFO - Filling up the DagBag from /home/airflow/.local/lib/python3.8/site-packages/airflow/example_dags/example_task_group.py
[2024-10-20T03:09:46.794+0000] {processor.py:839} INFO - DAG(s) dict_keys(['example_task_group']) retrieved from /home/airflow/.local/lib/python3.8/site-packages/airflow/example_dags/example_task_group.py
[2024-10-20T03:09:46.818+0000] {logging_mixin.py:154} INFO - [2024-10-20T03:09:46.817+0000] {dag.py:2941} INFO - Sync 1 DAGs
[2024-10-20T03:09:46.841+0000] {logging_mixin.py:154} INFO - [2024-10-20T03:09:46.840+0000] {dag.py:3722} INFO - Setting next_dagrun for example_task_group to 2024-10-19T03:09:46.840640+00:00, run_after=2024-10-20T03:09:46.840640+00:00
[2024-10-20T03:09:46.872+0000] {processor.py:179} INFO - Processing /home/airflow/.local/lib/python3.8/site-packages/airflow/example_dags/example_task_group.py took 0.093 seconds
[2024-10-20T03:10:17.053+0000] {processor.py:157} INFO - Started process (PID=232) to work on /home/airflow/.local/lib/python3.8/site-packages/airflow/example_dags/example_task_group.py
[2024-10-20T03:10:17.054+0000] {processor.py:829} INFO - Processing file /home/airflow/.local/lib/python3.8/site-packages/airflow/example_dags/example_task_group.py for tasks to queue
[2024-10-20T03:10:17.056+0000] {logging_mixin.py:154} INFO - [2024-10-20T03:10:17.056+0000] {dagbag.py:536} INFO - Filling up the DagBag from /home/airflow/.local/lib/python3.8/site-packages/airflow/example_dags/example_task_group.py
[2024-10-20T03:10:17.063+0000] {processor.py:839} INFO - DAG(s) dict_keys(['example_task_group']) retrieved from /home/airflow/.local/lib/python3.8/site-packages/airflow/example_dags/example_task_group.py
[2024-10-20T03:10:17.086+0000] {logging_mixin.py:154} INFO - [2024-10-20T03:10:17.086+0000] {dag.py:2941} INFO - Sync 1 DAGs
[2024-10-20T03:10:17.109+0000] {logging_mixin.py:154} INFO - [2024-10-20T03:10:17.109+0000] {dag.py:3722} INFO - Setting next_dagrun for example_task_group to 2024-10-19T03:10:17.109056+00:00, run_after=2024-10-20T03:10:17.109056+00:00
[2024-10-20T03:10:17.136+0000] {processor.py:179} INFO - Processing /home/airflow/.local/lib/python3.8/site-packages/airflow/example_dags/example_task_group.py took 0.087 seconds
[2024-10-20T03:10:47.439+0000] {processor.py:157} INFO - Started process (PID=295) to work on /home/airflow/.local/lib/python3.8/site-packages/airflow/example_dags/example_task_group.py
[2024-10-20T03:10:47.441+0000] {processor.py:829} INFO - Processing file /home/airflow/.local/lib/python3.8/site-packages/airflow/example_dags/example_task_group.py for tasks to queue
[2024-10-20T03:10:47.445+0000] {logging_mixin.py:154} INFO - [2024-10-20T03:10:47.444+0000] {dagbag.py:536} INFO - Filling up the DagBag from /home/airflow/.local/lib/python3.8/site-packages/airflow/example_dags/example_task_group.py
[2024-10-20T03:10:47.460+0000] {processor.py:839} INFO - DAG(s) dict_keys(['example_task_group']) retrieved from /home/airflow/.local/lib/python3.8/site-packages/airflow/example_dags/example_task_group.py
[2024-10-20T03:10:47.495+0000] {logging_mixin.py:154} INFO - [2024-10-20T03:10:47.495+0000] {dag.py:2941} INFO - Sync 1 DAGs
[2024-10-20T03:10:47.530+0000] {logging_mixin.py:154} INFO - [2024-10-20T03:10:47.530+0000] {dag.py:3722} INFO - Setting next_dagrun for example_task_group to 2024-10-19T03:10:47.529937+00:00, run_after=2024-10-20T03:10:47.529937+00:00
[2024-10-20T03:10:47.560+0000] {processor.py:179} INFO - Processing /home/airflow/.local/lib/python3.8/site-packages/airflow/example_dags/example_task_group.py took 0.125 seconds
[2024-10-20T03:11:17.795+0000] {processor.py:157} INFO - Started process (PID=351) to work on /home/airflow/.local/lib/python3.8/site-packages/airflow/example_dags/example_task_group.py
[2024-10-20T03:11:17.796+0000] {processor.py:829} INFO - Processing file /home/airflow/.local/lib/python3.8/site-packages/airflow/example_dags/example_task_group.py for tasks to queue
[2024-10-20T03:11:17.798+0000] {logging_mixin.py:154} INFO - [2024-10-20T03:11:17.798+0000] {dagbag.py:536} INFO - Filling up the DagBag from /home/airflow/.local/lib/python3.8/site-packages/airflow/example_dags/example_task_group.py
[2024-10-20T03:11:17.805+0000] {processor.py:839} INFO - DAG(s) dict_keys(['example_task_group']) retrieved from /home/airflow/.local/lib/python3.8/site-packages/airflow/example_dags/example_task_group.py
[2024-10-20T03:11:17.831+0000] {logging_mixin.py:154} INFO - [2024-10-20T03:11:17.831+0000] {dag.py:2941} INFO - Sync 1 DAGs
[2024-10-20T03:11:17.855+0000] {logging_mixin.py:154} INFO - [2024-10-20T03:11:17.854+0000] {dag.py:3722} INFO - Setting next_dagrun for example_task_group to 2024-10-19T03:11:17.854511+00:00, run_after=2024-10-20T03:11:17.854511+00:00
[2024-10-20T03:11:17.882+0000] {processor.py:179} INFO - Processing /home/airflow/.local/lib/python3.8/site-packages/airflow/example_dags/example_task_group.py took 0.090 seconds
[2024-10-20T03:11:48.386+0000] {processor.py:157} INFO - Started process (PID=407) to work on /home/airflow/.local/lib/python3.8/site-packages/airflow/example_dags/example_task_group.py
[2024-10-20T03:11:48.387+0000] {processor.py:829} INFO - Processing file /home/airflow/.local/lib/python3.8/site-packages/airflow/example_dags/example_task_group.py for tasks to queue
[2024-10-20T03:11:48.390+0000] {logging_mixin.py:154} INFO - [2024-10-20T03:11:48.390+0000] {dagbag.py:536} INFO - Filling up the DagBag from /home/airflow/.local/lib/python3.8/site-packages/airflow/example_dags/example_task_group.py
[2024-10-20T03:11:48.397+0000] {processor.py:839} INFO - DAG(s) dict_keys(['example_task_group']) retrieved from /home/airflow/.local/lib/python3.8/site-packages/airflow/example_dags/example_task_group.py
[2024-10-20T03:11:48.423+0000] {logging_mixin.py:154} INFO - [2024-10-20T03:11:48.423+0000] {dag.py:2941} INFO - Sync 1 DAGs
[2024-10-20T03:11:48.446+0000] {logging_mixin.py:154} INFO - [2024-10-20T03:11:48.446+0000] {dag.py:3722} INFO - Setting next_dagrun for example_task_group to 2024-10-19T03:11:48.446031+00:00, run_after=2024-10-20T03:11:48.446031+00:00
[2024-10-20T03:11:48.468+0000] {processor.py:179} INFO - Processing /home/airflow/.local/lib/python3.8/site-packages/airflow/example_dags/example_task_group.py took 0.085 seconds
[2024-10-20T03:12:18.562+0000] {processor.py:157} INFO - Started process (PID=463) to work on /home/airflow/.local/lib/python3.8/site-packages/airflow/example_dags/example_task_group.py
[2024-10-20T03:12:18.564+0000] {processor.py:829} INFO - Processing file /home/airflow/.local/lib/python3.8/site-packages/airflow/example_dags/example_task_group.py for tasks to queue
[2024-10-20T03:12:18.566+0000] {logging_mixin.py:154} INFO - [2024-10-20T03:12:18.566+0000] {dagbag.py:536} INFO - Filling up the DagBag from /home/airflow/.local/lib/python3.8/site-packages/airflow/example_dags/example_task_group.py
[2024-10-20T03:12:18.573+0000] {processor.py:839} INFO - DAG(s) dict_keys(['example_task_group']) retrieved from /home/airflow/.local/lib/python3.8/site-packages/airflow/example_dags/example_task_group.py
[2024-10-20T03:12:18.599+0000] {logging_mixin.py:154} INFO - [2024-10-20T03:12:18.599+0000] {dag.py:2941} INFO - Sync 1 DAGs
[2024-10-20T03:12:18.623+0000] {logging_mixin.py:154} INFO - [2024-10-20T03:12:18.623+0000] {dag.py:3722} INFO - Setting next_dagrun for example_task_group to 2024-10-19T03:12:18.622916+00:00, run_after=2024-10-20T03:12:18.622916+00:00
[2024-10-20T03:12:18.648+0000] {processor.py:179} INFO - Processing /home/airflow/.local/lib/python3.8/site-packages/airflow/example_dags/example_task_group.py took 0.089 seconds
[2024-10-20T03:12:49.215+0000] {processor.py:157} INFO - Started process (PID=519) to work on /home/airflow/.local/lib/python3.8/site-packages/airflow/example_dags/example_task_group.py
[2024-10-20T03:12:49.217+0000] {processor.py:829} INFO - Processing file /home/airflow/.local/lib/python3.8/site-packages/airflow/example_dags/example_task_group.py for tasks to queue
[2024-10-20T03:12:49.219+0000] {logging_mixin.py:154} INFO - [2024-10-20T03:12:49.219+0000] {dagbag.py:536} INFO - Filling up the DagBag from /home/airflow/.local/lib/python3.8/site-packages/airflow/example_dags/example_task_group.py
[2024-10-20T03:12:49.225+0000] {processor.py:839} INFO - DAG(s) dict_keys(['example_task_group']) retrieved from /home/airflow/.local/lib/python3.8/site-packages/airflow/example_dags/example_task_group.py
[2024-10-20T03:12:49.250+0000] {logging_mixin.py:154} INFO - [2024-10-20T03:12:49.250+0000] {dag.py:2941} INFO - Sync 1 DAGs
[2024-10-20T03:12:49.273+0000] {logging_mixin.py:154} INFO - [2024-10-20T03:12:49.273+0000] {dag.py:3722} INFO - Setting next_dagrun for example_task_group to 2024-10-19T03:12:49.273522+00:00, run_after=2024-10-20T03:12:49.273522+00:00
[2024-10-20T03:12:49.300+0000] {processor.py:179} INFO - Processing /home/airflow/.local/lib/python3.8/site-packages/airflow/example_dags/example_task_group.py took 0.087 seconds
[2024-10-20T03:13:19.690+0000] {processor.py:157} INFO - Started process (PID=575) to work on /home/airflow/.local/lib/python3.8/site-packages/airflow/example_dags/example_task_group.py
[2024-10-20T03:13:19.692+0000] {processor.py:829} INFO - Processing file /home/airflow/.local/lib/python3.8/site-packages/airflow/example_dags/example_task_group.py for tasks to queue
[2024-10-20T03:13:19.694+0000] {logging_mixin.py:154} INFO - [2024-10-20T03:13:19.694+0000] {dagbag.py:536} INFO - Filling up the DagBag from /home/airflow/.local/lib/python3.8/site-packages/airflow/example_dags/example_task_group.py
[2024-10-20T03:13:19.702+0000] {processor.py:839} INFO - DAG(s) dict_keys(['example_task_group']) retrieved from /home/airflow/.local/lib/python3.8/site-packages/airflow/example_dags/example_task_group.py
[2024-10-20T03:13:19.730+0000] {logging_mixin.py:154} INFO - [2024-10-20T03:13:19.730+0000] {dag.py:2941} INFO - Sync 1 DAGs
[2024-10-20T03:13:19.756+0000] {logging_mixin.py:154} INFO - [2024-10-20T03:13:19.756+0000] {dag.py:3722} INFO - Setting next_dagrun for example_task_group to 2024-10-19T03:13:19.756472+00:00, run_after=2024-10-20T03:13:19.756472+00:00
[2024-10-20T03:13:19.785+0000] {processor.py:179} INFO - Processing /home/airflow/.local/lib/python3.8/site-packages/airflow/example_dags/example_task_group.py took 0.098 seconds
[2024-10-20T03:13:50.190+0000] {processor.py:157} INFO - Started process (PID=631) to work on /home/airflow/.local/lib/python3.8/site-packages/airflow/example_dags/example_task_group.py
[2024-10-20T03:13:50.191+0000] {processor.py:829} INFO - Processing file /home/airflow/.local/lib/python3.8/site-packages/airflow/example_dags/example_task_group.py for tasks to queue
[2024-10-20T03:13:50.194+0000] {logging_mixin.py:154} INFO - [2024-10-20T03:13:50.194+0000] {dagbag.py:536} INFO - Filling up the DagBag from /home/airflow/.local/lib/python3.8/site-packages/airflow/example_dags/example_task_group.py
[2024-10-20T03:13:50.203+0000] {processor.py:839} INFO - DAG(s) dict_keys(['example_task_group']) retrieved from /home/airflow/.local/lib/python3.8/site-packages/airflow/example_dags/example_task_group.py
[2024-10-20T03:13:50.225+0000] {logging_mixin.py:154} INFO - [2024-10-20T03:13:50.225+0000] {dag.py:2941} INFO - Sync 1 DAGs
[2024-10-20T03:13:50.250+0000] {logging_mixin.py:154} INFO - [2024-10-20T03:13:50.250+0000] {dag.py:3722} INFO - Setting next_dagrun for example_task_group to 2024-10-19T03:13:50.249874+00:00, run_after=2024-10-20T03:13:50.249874+00:00
[2024-10-20T03:13:50.275+0000] {processor.py:179} INFO - Processing /home/airflow/.local/lib/python3.8/site-packages/airflow/example_dags/example_task_group.py took 0.089 seconds
[2024-10-20T03:14:20.651+0000] {processor.py:157} INFO - Started process (PID=687) to work on /home/airflow/.local/lib/python3.8/site-packages/airflow/example_dags/example_task_group.py
[2024-10-20T03:14:20.652+0000] {processor.py:829} INFO - Processing file /home/airflow/.local/lib/python3.8/site-packages/airflow/example_dags/example_task_group.py for tasks to queue
[2024-10-20T03:14:20.655+0000] {logging_mixin.py:154} INFO - [2024-10-20T03:14:20.654+0000] {dagbag.py:536} INFO - Filling up the DagBag from /home/airflow/.local/lib/python3.8/site-packages/airflow/example_dags/example_task_group.py
[2024-10-20T03:14:20.661+0000] {processor.py:839} INFO - DAG(s) dict_keys(['example_task_group']) retrieved from /home/airflow/.local/lib/python3.8/site-packages/airflow/example_dags/example_task_group.py
[2024-10-20T03:14:20.687+0000] {logging_mixin.py:154} INFO - [2024-10-20T03:14:20.686+0000] {dag.py:2941} INFO - Sync 1 DAGs
[2024-10-20T03:14:20.710+0000] {logging_mixin.py:154} INFO - [2024-10-20T03:14:20.710+0000] {dag.py:3722} INFO - Setting next_dagrun for example_task_group to 2024-10-19T03:14:20.710491+00:00, run_after=2024-10-20T03:14:20.710491+00:00
[2024-10-20T03:14:20.735+0000] {processor.py:179} INFO - Processing /home/airflow/.local/lib/python3.8/site-packages/airflow/example_dags/example_task_group.py took 0.087 seconds
[2024-10-20T03:14:51.009+0000] {processor.py:157} INFO - Started process (PID=743) to work on /home/airflow/.local/lib/python3.8/site-packages/airflow/example_dags/example_task_group.py
[2024-10-20T03:14:51.010+0000] {processor.py:829} INFO - Processing file /home/airflow/.local/lib/python3.8/site-packages/airflow/example_dags/example_task_group.py for tasks to queue
[2024-10-20T03:14:51.013+0000] {logging_mixin.py:154} INFO - [2024-10-20T03:14:51.012+0000] {dagbag.py:536} INFO - Filling up the DagBag from /home/airflow/.local/lib/python3.8/site-packages/airflow/example_dags/example_task_group.py
[2024-10-20T03:14:51.020+0000] {processor.py:839} INFO - DAG(s) dict_keys(['example_task_group']) retrieved from /home/airflow/.local/lib/python3.8/site-packages/airflow/example_dags/example_task_group.py
[2024-10-20T03:14:51.044+0000] {logging_mixin.py:154} INFO - [2024-10-20T03:14:51.043+0000] {dag.py:2941} INFO - Sync 1 DAGs
[2024-10-20T03:14:51.067+0000] {logging_mixin.py:154} INFO - [2024-10-20T03:14:51.067+0000] {dag.py:3722} INFO - Setting next_dagrun for example_task_group to 2024-10-19T03:14:51.067142+00:00, run_after=2024-10-20T03:14:51.067142+00:00
[2024-10-20T03:14:51.093+0000] {processor.py:179} INFO - Processing /home/airflow/.local/lib/python3.8/site-packages/airflow/example_dags/example_task_group.py took 0.086 seconds
[2024-10-20T03:15:21.545+0000] {processor.py:157} INFO - Started process (PID=799) to work on /home/airflow/.local/lib/python3.8/site-packages/airflow/example_dags/example_task_group.py
[2024-10-20T03:15:21.546+0000] {processor.py:829} INFO - Processing file /home/airflow/.local/lib/python3.8/site-packages/airflow/example_dags/example_task_group.py for tasks to queue
[2024-10-20T03:15:21.549+0000] {logging_mixin.py:154} INFO - [2024-10-20T03:15:21.548+0000] {dagbag.py:536} INFO - Filling up the DagBag from /home/airflow/.local/lib/python3.8/site-packages/airflow/example_dags/example_task_group.py
[2024-10-20T03:15:21.557+0000] {processor.py:839} INFO - DAG(s) dict_keys(['example_task_group']) retrieved from /home/airflow/.local/lib/python3.8/site-packages/airflow/example_dags/example_task_group.py
[2024-10-20T03:15:21.587+0000] {logging_mixin.py:154} INFO - [2024-10-20T03:15:21.586+0000] {dag.py:2941} INFO - Sync 1 DAGs
[2024-10-20T03:15:21.657+0000] {logging_mixin.py:154} INFO - [2024-10-20T03:15:21.656+0000] {dag.py:3722} INFO - Setting next_dagrun for example_task_group to 2024-10-19T03:15:21.655062+00:00, run_after=2024-10-20T03:15:21.655062+00:00
[2024-10-20T03:15:21.714+0000] {processor.py:179} INFO - Processing /home/airflow/.local/lib/python3.8/site-packages/airflow/example_dags/example_task_group.py took 0.173 seconds
[2024-10-20T03:15:52.298+0000] {processor.py:157} INFO - Started process (PID=855) to work on /home/airflow/.local/lib/python3.8/site-packages/airflow/example_dags/example_task_group.py
[2024-10-20T03:15:52.299+0000] {processor.py:829} INFO - Processing file /home/airflow/.local/lib/python3.8/site-packages/airflow/example_dags/example_task_group.py for tasks to queue
[2024-10-20T03:15:52.303+0000] {logging_mixin.py:154} INFO - [2024-10-20T03:15:52.302+0000] {dagbag.py:536} INFO - Filling up the DagBag from /home/airflow/.local/lib/python3.8/site-packages/airflow/example_dags/example_task_group.py
[2024-10-20T03:15:52.313+0000] {processor.py:839} INFO - DAG(s) dict_keys(['example_task_group']) retrieved from /home/airflow/.local/lib/python3.8/site-packages/airflow/example_dags/example_task_group.py
[2024-10-20T03:15:52.346+0000] {logging_mixin.py:154} INFO - [2024-10-20T03:15:52.345+0000] {dag.py:2941} INFO - Sync 1 DAGs
[2024-10-20T03:15:52.380+0000] {logging_mixin.py:154} INFO - [2024-10-20T03:15:52.380+0000] {dag.py:3722} INFO - Setting next_dagrun for example_task_group to 2024-10-19T03:15:52.379812+00:00, run_after=2024-10-20T03:15:52.379812+00:00
[2024-10-20T03:15:52.408+0000] {processor.py:179} INFO - Processing /home/airflow/.local/lib/python3.8/site-packages/airflow/example_dags/example_task_group.py took 0.113 seconds
[2024-10-20T03:16:22.821+0000] {processor.py:157} INFO - Started process (PID=911) to work on /home/airflow/.local/lib/python3.8/site-packages/airflow/example_dags/example_task_group.py
[2024-10-20T03:16:22.823+0000] {processor.py:829} INFO - Processing file /home/airflow/.local/lib/python3.8/site-packages/airflow/example_dags/example_task_group.py for tasks to queue
[2024-10-20T03:16:22.825+0000] {logging_mixin.py:154} INFO - [2024-10-20T03:16:22.825+0000] {dagbag.py:536} INFO - Filling up the DagBag from /home/airflow/.local/lib/python3.8/site-packages/airflow/example_dags/example_task_group.py
[2024-10-20T03:16:22.833+0000] {processor.py:839} INFO - DAG(s) dict_keys(['example_task_group']) retrieved from /home/airflow/.local/lib/python3.8/site-packages/airflow/example_dags/example_task_group.py
[2024-10-20T03:16:22.856+0000] {logging_mixin.py:154} INFO - [2024-10-20T03:16:22.855+0000] {dag.py:2941} INFO - Sync 1 DAGs
[2024-10-20T03:16:23.145+0000] {logging_mixin.py:154} INFO - [2024-10-20T03:16:23.144+0000] {dag.py:3722} INFO - Setting next_dagrun for example_task_group to 2024-10-19T03:16:23.144752+00:00, run_after=2024-10-20T03:16:23.144752+00:00
[2024-10-20T03:16:23.171+0000] {processor.py:179} INFO - Processing /home/airflow/.local/lib/python3.8/site-packages/airflow/example_dags/example_task_group.py took 0.352 seconds
[2024-10-20T03:16:53.367+0000] {processor.py:157} INFO - Started process (PID=967) to work on /home/airflow/.local/lib/python3.8/site-packages/airflow/example_dags/example_task_group.py
[2024-10-20T03:16:53.368+0000] {processor.py:829} INFO - Processing file /home/airflow/.local/lib/python3.8/site-packages/airflow/example_dags/example_task_group.py for tasks to queue
[2024-10-20T03:16:53.370+0000] {logging_mixin.py:154} INFO - [2024-10-20T03:16:53.370+0000] {dagbag.py:536} INFO - Filling up the DagBag from /home/airflow/.local/lib/python3.8/site-packages/airflow/example_dags/example_task_group.py
[2024-10-20T03:16:53.376+0000] {processor.py:839} INFO - DAG(s) dict_keys(['example_task_group']) retrieved from /home/airflow/.local/lib/python3.8/site-packages/airflow/example_dags/example_task_group.py
[2024-10-20T03:16:53.400+0000] {logging_mixin.py:154} INFO - [2024-10-20T03:16:53.400+0000] {dag.py:2941} INFO - Sync 1 DAGs
[2024-10-20T03:16:53.422+0000] {logging_mixin.py:154} INFO - [2024-10-20T03:16:53.422+0000] {dag.py:3722} INFO - Setting next_dagrun for example_task_group to 2024-10-19T03:16:53.422429+00:00, run_after=2024-10-20T03:16:53.422429+00:00
[2024-10-20T03:16:53.450+0000] {processor.py:179} INFO - Processing /home/airflow/.local/lib/python3.8/site-packages/airflow/example_dags/example_task_group.py took 0.086 seconds
[2024-10-20T03:17:23.905+0000] {processor.py:157} INFO - Started process (PID=1023) to work on /home/airflow/.local/lib/python3.8/site-packages/airflow/example_dags/example_task_group.py
[2024-10-20T03:17:23.906+0000] {processor.py:829} INFO - Processing file /home/airflow/.local/lib/python3.8/site-packages/airflow/example_dags/example_task_group.py for tasks to queue
[2024-10-20T03:17:23.909+0000] {logging_mixin.py:154} INFO - [2024-10-20T03:17:23.909+0000] {dagbag.py:536} INFO - Filling up the DagBag from /home/airflow/.local/lib/python3.8/site-packages/airflow/example_dags/example_task_group.py
[2024-10-20T03:17:23.916+0000] {processor.py:839} INFO - DAG(s) dict_keys(['example_task_group']) retrieved from /home/airflow/.local/lib/python3.8/site-packages/airflow/example_dags/example_task_group.py
[2024-10-20T03:17:23.942+0000] {logging_mixin.py:154} INFO - [2024-10-20T03:17:23.942+0000] {dag.py:2941} INFO - Sync 1 DAGs
[2024-10-20T03:17:23.969+0000] {logging_mixin.py:154} INFO - [2024-10-20T03:17:23.968+0000] {dag.py:3722} INFO - Setting next_dagrun for example_task_group to 2024-10-19T03:17:23.968762+00:00, run_after=2024-10-20T03:17:23.968762+00:00
[2024-10-20T03:17:23.998+0000] {processor.py:179} INFO - Processing /home/airflow/.local/lib/python3.8/site-packages/airflow/example_dags/example_task_group.py took 0.096 seconds
[2024-10-20T07:21:02.313+0000] {processor.py:157} INFO - Started process (PID=75) to work on /home/airflow/.local/lib/python3.8/site-packages/airflow/example_dags/example_task_group.py
[2024-10-20T07:21:02.315+0000] {processor.py:829} INFO - Processing file /home/airflow/.local/lib/python3.8/site-packages/airflow/example_dags/example_task_group.py for tasks to queue
[2024-10-20T07:21:02.321+0000] {logging_mixin.py:154} INFO - [2024-10-20T07:21:02.321+0000] {dagbag.py:536} INFO - Filling up the DagBag from /home/airflow/.local/lib/python3.8/site-packages/airflow/example_dags/example_task_group.py
[2024-10-20T07:21:02.395+0000] {processor.py:839} INFO - DAG(s) dict_keys(['example_task_group']) retrieved from /home/airflow/.local/lib/python3.8/site-packages/airflow/example_dags/example_task_group.py
[2024-10-20T07:21:02.496+0000] {logging_mixin.py:154} INFO - [2024-10-20T07:21:02.496+0000] {dag.py:2941} INFO - Sync 1 DAGs
[2024-10-20T07:21:02.549+0000] {logging_mixin.py:154} INFO - [2024-10-20T07:21:02.549+0000] {dag.py:3722} INFO - Setting next_dagrun for example_task_group to 2024-10-19T07:21:02.548777+00:00, run_after=2024-10-20T07:21:02.548777+00:00
[2024-10-20T07:21:02.603+0000] {processor.py:179} INFO - Processing /home/airflow/.local/lib/python3.8/site-packages/airflow/example_dags/example_task_group.py took 0.299 seconds
[2024-10-20T07:21:33.379+0000] {processor.py:157} INFO - Started process (PID=129) to work on /home/airflow/.local/lib/python3.8/site-packages/airflow/example_dags/example_task_group.py
[2024-10-20T07:21:33.381+0000] {processor.py:829} INFO - Processing file /home/airflow/.local/lib/python3.8/site-packages/airflow/example_dags/example_task_group.py for tasks to queue
[2024-10-20T07:21:33.385+0000] {logging_mixin.py:154} INFO - [2024-10-20T07:21:33.384+0000] {dagbag.py:536} INFO - Filling up the DagBag from /home/airflow/.local/lib/python3.8/site-packages/airflow/example_dags/example_task_group.py
[2024-10-20T07:21:33.396+0000] {processor.py:839} INFO - DAG(s) dict_keys(['example_task_group']) retrieved from /home/airflow/.local/lib/python3.8/site-packages/airflow/example_dags/example_task_group.py
[2024-10-20T07:21:33.440+0000] {logging_mixin.py:154} INFO - [2024-10-20T07:21:33.440+0000] {dag.py:2941} INFO - Sync 1 DAGs
[2024-10-20T07:21:33.482+0000] {logging_mixin.py:154} INFO - [2024-10-20T07:21:33.482+0000] {dag.py:3722} INFO - Setting next_dagrun for example_task_group to 2024-10-19T07:21:33.481540+00:00, run_after=2024-10-20T07:21:33.481540+00:00
[2024-10-20T07:21:33.525+0000] {processor.py:179} INFO - Processing /home/airflow/.local/lib/python3.8/site-packages/airflow/example_dags/example_task_group.py took 0.150 seconds
[2024-10-20T07:22:03.756+0000] {processor.py:157} INFO - Started process (PID=185) to work on /home/airflow/.local/lib/python3.8/site-packages/airflow/example_dags/example_task_group.py
[2024-10-20T07:22:03.759+0000] {processor.py:829} INFO - Processing file /home/airflow/.local/lib/python3.8/site-packages/airflow/example_dags/example_task_group.py for tasks to queue
[2024-10-20T07:22:03.764+0000] {logging_mixin.py:154} INFO - [2024-10-20T07:22:03.763+0000] {dagbag.py:536} INFO - Filling up the DagBag from /home/airflow/.local/lib/python3.8/site-packages/airflow/example_dags/example_task_group.py
[2024-10-20T07:22:03.780+0000] {processor.py:839} INFO - DAG(s) dict_keys(['example_task_group']) retrieved from /home/airflow/.local/lib/python3.8/site-packages/airflow/example_dags/example_task_group.py
[2024-10-20T07:22:03.819+0000] {logging_mixin.py:154} INFO - [2024-10-20T07:22:03.819+0000] {dag.py:2941} INFO - Sync 1 DAGs
[2024-10-20T07:22:03.862+0000] {logging_mixin.py:154} INFO - [2024-10-20T07:22:03.862+0000] {dag.py:3722} INFO - Setting next_dagrun for example_task_group to 2024-10-19T07:22:03.862076+00:00, run_after=2024-10-20T07:22:03.862076+00:00
[2024-10-20T07:22:03.900+0000] {processor.py:179} INFO - Processing /home/airflow/.local/lib/python3.8/site-packages/airflow/example_dags/example_task_group.py took 0.152 seconds
[2024-10-20T07:22:34.237+0000] {processor.py:157} INFO - Started process (PID=241) to work on /home/airflow/.local/lib/python3.8/site-packages/airflow/example_dags/example_task_group.py
[2024-10-20T07:22:34.240+0000] {processor.py:829} INFO - Processing file /home/airflow/.local/lib/python3.8/site-packages/airflow/example_dags/example_task_group.py for tasks to queue
[2024-10-20T07:22:34.244+0000] {logging_mixin.py:154} INFO - [2024-10-20T07:22:34.243+0000] {dagbag.py:536} INFO - Filling up the DagBag from /home/airflow/.local/lib/python3.8/site-packages/airflow/example_dags/example_task_group.py
[2024-10-20T07:22:34.258+0000] {processor.py:839} INFO - DAG(s) dict_keys(['example_task_group']) retrieved from /home/airflow/.local/lib/python3.8/site-packages/airflow/example_dags/example_task_group.py
[2024-10-20T07:22:34.303+0000] {logging_mixin.py:154} INFO - [2024-10-20T07:22:34.302+0000] {dag.py:2941} INFO - Sync 1 DAGs
[2024-10-20T07:22:34.348+0000] {logging_mixin.py:154} INFO - [2024-10-20T07:22:34.348+0000] {dag.py:3722} INFO - Setting next_dagrun for example_task_group to 2024-10-19T07:22:34.347748+00:00, run_after=2024-10-20T07:22:34.347748+00:00
[2024-10-20T07:22:34.405+0000] {processor.py:179} INFO - Processing /home/airflow/.local/lib/python3.8/site-packages/airflow/example_dags/example_task_group.py took 0.173 seconds
[2024-10-20T07:23:05.215+0000] {processor.py:157} INFO - Started process (PID=297) to work on /home/airflow/.local/lib/python3.8/site-packages/airflow/example_dags/example_task_group.py
[2024-10-20T07:23:05.218+0000] {processor.py:829} INFO - Processing file /home/airflow/.local/lib/python3.8/site-packages/airflow/example_dags/example_task_group.py for tasks to queue
[2024-10-20T07:23:05.222+0000] {logging_mixin.py:154} INFO - [2024-10-20T07:23:05.221+0000] {dagbag.py:536} INFO - Filling up the DagBag from /home/airflow/.local/lib/python3.8/site-packages/airflow/example_dags/example_task_group.py
[2024-10-20T07:23:05.239+0000] {processor.py:839} INFO - DAG(s) dict_keys(['example_task_group']) retrieved from /home/airflow/.local/lib/python3.8/site-packages/airflow/example_dags/example_task_group.py
[2024-10-20T07:23:05.294+0000] {logging_mixin.py:154} INFO - [2024-10-20T07:23:05.294+0000] {dag.py:2941} INFO - Sync 1 DAGs
[2024-10-20T07:23:05.342+0000] {logging_mixin.py:154} INFO - [2024-10-20T07:23:05.342+0000] {dag.py:3722} INFO - Setting next_dagrun for example_task_group to 2024-10-19T07:23:05.341746+00:00, run_after=2024-10-20T07:23:05.341746+00:00
[2024-10-20T07:23:05.388+0000] {processor.py:179} INFO - Processing /home/airflow/.local/lib/python3.8/site-packages/airflow/example_dags/example_task_group.py took 0.177 seconds
[2024-10-20T07:23:35.915+0000] {processor.py:157} INFO - Started process (PID=352) to work on /home/airflow/.local/lib/python3.8/site-packages/airflow/example_dags/example_task_group.py
[2024-10-20T07:23:35.917+0000] {processor.py:829} INFO - Processing file /home/airflow/.local/lib/python3.8/site-packages/airflow/example_dags/example_task_group.py for tasks to queue
[2024-10-20T07:23:35.920+0000] {logging_mixin.py:154} INFO - [2024-10-20T07:23:35.920+0000] {dagbag.py:536} INFO - Filling up the DagBag from /home/airflow/.local/lib/python3.8/site-packages/airflow/example_dags/example_task_group.py
[2024-10-20T07:23:35.936+0000] {processor.py:839} INFO - DAG(s) dict_keys(['example_task_group']) retrieved from /home/airflow/.local/lib/python3.8/site-packages/airflow/example_dags/example_task_group.py
[2024-10-20T07:23:35.977+0000] {logging_mixin.py:154} INFO - [2024-10-20T07:23:35.977+0000] {dag.py:2941} INFO - Sync 1 DAGs
[2024-10-20T07:23:36.016+0000] {logging_mixin.py:154} INFO - [2024-10-20T07:23:36.015+0000] {dag.py:3722} INFO - Setting next_dagrun for example_task_group to 2024-10-19T07:23:36.014855+00:00, run_after=2024-10-20T07:23:36.014855+00:00
[2024-10-20T07:23:36.055+0000] {processor.py:179} INFO - Processing /home/airflow/.local/lib/python3.8/site-packages/airflow/example_dags/example_task_group.py took 0.148 seconds
[2024-10-20T07:24:06.153+0000] {processor.py:157} INFO - Started process (PID=408) to work on /home/airflow/.local/lib/python3.8/site-packages/airflow/example_dags/example_task_group.py
[2024-10-20T07:24:06.157+0000] {processor.py:829} INFO - Processing file /home/airflow/.local/lib/python3.8/site-packages/airflow/example_dags/example_task_group.py for tasks to queue
[2024-10-20T07:24:06.166+0000] {logging_mixin.py:154} INFO - [2024-10-20T07:24:06.166+0000] {dagbag.py:536} INFO - Filling up the DagBag from /home/airflow/.local/lib/python3.8/site-packages/airflow/example_dags/example_task_group.py
[2024-10-20T07:24:06.185+0000] {processor.py:839} INFO - DAG(s) dict_keys(['example_task_group']) retrieved from /home/airflow/.local/lib/python3.8/site-packages/airflow/example_dags/example_task_group.py
[2024-10-20T07:24:06.233+0000] {logging_mixin.py:154} INFO - [2024-10-20T07:24:06.232+0000] {dag.py:2941} INFO - Sync 1 DAGs
[2024-10-20T07:24:06.274+0000] {logging_mixin.py:154} INFO - [2024-10-20T07:24:06.274+0000] {dag.py:3722} INFO - Setting next_dagrun for example_task_group to 2024-10-19T07:24:06.274158+00:00, run_after=2024-10-20T07:24:06.274158+00:00
[2024-10-20T07:24:06.320+0000] {processor.py:179} INFO - Processing /home/airflow/.local/lib/python3.8/site-packages/airflow/example_dags/example_task_group.py took 0.174 seconds
[2024-10-20T07:24:36.486+0000] {processor.py:157} INFO - Started process (PID=464) to work on /home/airflow/.local/lib/python3.8/site-packages/airflow/example_dags/example_task_group.py
[2024-10-20T07:24:36.488+0000] {processor.py:829} INFO - Processing file /home/airflow/.local/lib/python3.8/site-packages/airflow/example_dags/example_task_group.py for tasks to queue
[2024-10-20T07:24:36.493+0000] {logging_mixin.py:154} INFO - [2024-10-20T07:24:36.493+0000] {dagbag.py:536} INFO - Filling up the DagBag from /home/airflow/.local/lib/python3.8/site-packages/airflow/example_dags/example_task_group.py
[2024-10-20T07:24:36.507+0000] {processor.py:839} INFO - DAG(s) dict_keys(['example_task_group']) retrieved from /home/airflow/.local/lib/python3.8/site-packages/airflow/example_dags/example_task_group.py
[2024-10-20T07:24:36.552+0000] {logging_mixin.py:154} INFO - [2024-10-20T07:24:36.552+0000] {dag.py:2941} INFO - Sync 1 DAGs
[2024-10-20T07:24:36.596+0000] {logging_mixin.py:154} INFO - [2024-10-20T07:24:36.595+0000] {dag.py:3722} INFO - Setting next_dagrun for example_task_group to 2024-10-19T07:24:36.594771+00:00, run_after=2024-10-20T07:24:36.594771+00:00
[2024-10-20T07:24:36.643+0000] {processor.py:179} INFO - Processing /home/airflow/.local/lib/python3.8/site-packages/airflow/example_dags/example_task_group.py took 0.164 seconds
[2024-10-20T07:26:02.564+0000] {processor.py:157} INFO - Started process (PID=516) to work on /home/airflow/.local/lib/python3.8/site-packages/airflow/example_dags/example_task_group.py
[2024-10-20T07:26:02.566+0000] {processor.py:829} INFO - Processing file /home/airflow/.local/lib/python3.8/site-packages/airflow/example_dags/example_task_group.py for tasks to queue
[2024-10-20T07:26:02.570+0000] {logging_mixin.py:154} INFO - [2024-10-20T07:26:02.569+0000] {dagbag.py:536} INFO - Filling up the DagBag from /home/airflow/.local/lib/python3.8/site-packages/airflow/example_dags/example_task_group.py
[2024-10-20T07:26:02.583+0000] {processor.py:839} INFO - DAG(s) dict_keys(['example_task_group']) retrieved from /home/airflow/.local/lib/python3.8/site-packages/airflow/example_dags/example_task_group.py
[2024-10-20T07:26:02.628+0000] {logging_mixin.py:154} INFO - [2024-10-20T07:26:02.628+0000] {dag.py:2941} INFO - Sync 1 DAGs
[2024-10-20T07:26:02.672+0000] {logging_mixin.py:154} INFO - [2024-10-20T07:26:02.671+0000] {dag.py:3722} INFO - Setting next_dagrun for example_task_group to 2024-10-19T07:26:02.670954+00:00, run_after=2024-10-20T07:26:02.670954+00:00
[2024-10-20T07:26:02.741+0000] {processor.py:179} INFO - Processing /home/airflow/.local/lib/python3.8/site-packages/airflow/example_dags/example_task_group.py took 0.181 seconds
[2024-10-20T07:26:33.045+0000] {processor.py:157} INFO - Started process (PID=573) to work on /home/airflow/.local/lib/python3.8/site-packages/airflow/example_dags/example_task_group.py
[2024-10-20T07:26:33.046+0000] {processor.py:829} INFO - Processing file /home/airflow/.local/lib/python3.8/site-packages/airflow/example_dags/example_task_group.py for tasks to queue
[2024-10-20T07:26:33.049+0000] {logging_mixin.py:154} INFO - [2024-10-20T07:26:33.049+0000] {dagbag.py:536} INFO - Filling up the DagBag from /home/airflow/.local/lib/python3.8/site-packages/airflow/example_dags/example_task_group.py
[2024-10-20T07:26:33.056+0000] {processor.py:839} INFO - DAG(s) dict_keys(['example_task_group']) retrieved from /home/airflow/.local/lib/python3.8/site-packages/airflow/example_dags/example_task_group.py
[2024-10-20T07:26:33.100+0000] {logging_mixin.py:154} INFO - [2024-10-20T07:26:33.100+0000] {dag.py:2941} INFO - Sync 1 DAGs
[2024-10-20T07:26:33.213+0000] {logging_mixin.py:154} INFO - [2024-10-20T07:26:33.213+0000] {dag.py:3722} INFO - Setting next_dagrun for example_task_group to 2024-10-19T07:26:33.212284+00:00, run_after=2024-10-20T07:26:33.212284+00:00
[2024-10-20T07:26:33.290+0000] {processor.py:179} INFO - Processing /home/airflow/.local/lib/python3.8/site-packages/airflow/example_dags/example_task_group.py took 0.249 seconds
[2024-10-20T07:27:03.602+0000] {processor.py:157} INFO - Started process (PID=627) to work on /home/airflow/.local/lib/python3.8/site-packages/airflow/example_dags/example_task_group.py
[2024-10-20T07:27:03.604+0000] {processor.py:829} INFO - Processing file /home/airflow/.local/lib/python3.8/site-packages/airflow/example_dags/example_task_group.py for tasks to queue
[2024-10-20T07:27:03.607+0000] {logging_mixin.py:154} INFO - [2024-10-20T07:27:03.607+0000] {dagbag.py:536} INFO - Filling up the DagBag from /home/airflow/.local/lib/python3.8/site-packages/airflow/example_dags/example_task_group.py
[2024-10-20T07:27:03.615+0000] {processor.py:839} INFO - DAG(s) dict_keys(['example_task_group']) retrieved from /home/airflow/.local/lib/python3.8/site-packages/airflow/example_dags/example_task_group.py
[2024-10-20T07:27:03.642+0000] {logging_mixin.py:154} INFO - [2024-10-20T07:27:03.642+0000] {dag.py:2941} INFO - Sync 1 DAGs
[2024-10-20T07:27:03.673+0000] {logging_mixin.py:154} INFO - [2024-10-20T07:27:03.673+0000] {dag.py:3722} INFO - Setting next_dagrun for example_task_group to 2024-10-19T07:27:03.672603+00:00, run_after=2024-10-20T07:27:03.672603+00:00
[2024-10-20T07:27:03.706+0000] {processor.py:179} INFO - Processing /home/airflow/.local/lib/python3.8/site-packages/airflow/example_dags/example_task_group.py took 0.106 seconds
[2024-10-20T07:27:33.981+0000] {processor.py:157} INFO - Started process (PID=683) to work on /home/airflow/.local/lib/python3.8/site-packages/airflow/example_dags/example_task_group.py
[2024-10-20T07:27:33.982+0000] {processor.py:829} INFO - Processing file /home/airflow/.local/lib/python3.8/site-packages/airflow/example_dags/example_task_group.py for tasks to queue
[2024-10-20T07:27:33.986+0000] {logging_mixin.py:154} INFO - [2024-10-20T07:27:33.986+0000] {dagbag.py:536} INFO - Filling up the DagBag from /home/airflow/.local/lib/python3.8/site-packages/airflow/example_dags/example_task_group.py
[2024-10-20T07:27:34.000+0000] {processor.py:839} INFO - DAG(s) dict_keys(['example_task_group']) retrieved from /home/airflow/.local/lib/python3.8/site-packages/airflow/example_dags/example_task_group.py
[2024-10-20T07:27:34.058+0000] {logging_mixin.py:154} INFO - [2024-10-20T07:27:34.057+0000] {dag.py:2941} INFO - Sync 1 DAGs
[2024-10-20T07:27:34.108+0000] {logging_mixin.py:154} INFO - [2024-10-20T07:27:34.107+0000] {dag.py:3722} INFO - Setting next_dagrun for example_task_group to 2024-10-19T07:27:34.107277+00:00, run_after=2024-10-20T07:27:34.107277+00:00
[2024-10-20T07:27:34.156+0000] {processor.py:179} INFO - Processing /home/airflow/.local/lib/python3.8/site-packages/airflow/example_dags/example_task_group.py took 0.181 seconds
