[2024-10-20T02:46:15.839+0000] {processor.py:157} INFO - Started process (PID=71) to work on /home/airflow/.local/lib/python3.8/site-packages/airflow/example_dags/example_xcomargs.py
[2024-10-20T02:46:15.842+0000] {processor.py:829} INFO - Processing file /home/airflow/.local/lib/python3.8/site-packages/airflow/example_dags/example_xcomargs.py for tasks to queue
[2024-10-20T02:46:15.848+0000] {logging_mixin.py:154} INFO - [2024-10-20T02:46:15.848+0000] {dagbag.py:536} INFO - Filling up the DagBag from /home/airflow/.local/lib/python3.8/site-packages/airflow/example_dags/example_xcomargs.py
[2024-10-20T02:46:15.869+0000] {processor.py:839} INFO - DAG(s) dict_keys(['example_xcom_args_with_operators', 'example_xcom_args']) retrieved from /home/airflow/.local/lib/python3.8/site-packages/airflow/example_dags/example_xcomargs.py
[2024-10-20T02:46:15.898+0000] {logging_mixin.py:154} INFO - [2024-10-20T02:46:15.897+0000] {dag.py:2941} INFO - Sync 2 DAGs
[2024-10-20T02:46:16.057+0000] {logging_mixin.py:154} INFO - [2024-10-20T02:46:16.057+0000] {dag.py:3722} INFO - Setting next_dagrun for example_xcom_args to None, run_after=None
[2024-10-20T02:46:16.075+0000] {logging_mixin.py:154} INFO - [2024-10-20T02:46:16.075+0000] {dag.py:3722} INFO - Setting next_dagrun for example_xcom_args_with_operators to None, run_after=None
[2024-10-20T02:46:16.167+0000] {processor.py:179} INFO - Processing /home/airflow/.local/lib/python3.8/site-packages/airflow/example_dags/example_xcomargs.py took 0.332 seconds
[2024-10-20T02:46:46.486+0000] {processor.py:157} INFO - Started process (PID=125) to work on /home/airflow/.local/lib/python3.8/site-packages/airflow/example_dags/example_xcomargs.py
[2024-10-20T02:46:46.488+0000] {processor.py:829} INFO - Processing file /home/airflow/.local/lib/python3.8/site-packages/airflow/example_dags/example_xcomargs.py for tasks to queue
[2024-10-20T02:46:46.491+0000] {logging_mixin.py:154} INFO - [2024-10-20T02:46:46.490+0000] {dagbag.py:536} INFO - Filling up the DagBag from /home/airflow/.local/lib/python3.8/site-packages/airflow/example_dags/example_xcomargs.py
[2024-10-20T02:46:46.499+0000] {processor.py:839} INFO - DAG(s) dict_keys(['example_xcom_args_with_operators', 'example_xcom_args']) retrieved from /home/airflow/.local/lib/python3.8/site-packages/airflow/example_dags/example_xcomargs.py
[2024-10-20T02:46:46.522+0000] {logging_mixin.py:154} INFO - [2024-10-20T02:46:46.521+0000] {dag.py:2941} INFO - Sync 2 DAGs
[2024-10-20T02:46:46.534+0000] {logging_mixin.py:154} INFO - [2024-10-20T02:46:46.534+0000] {dag.py:3722} INFO - Setting next_dagrun for example_xcom_args to None, run_after=None
[2024-10-20T02:46:46.539+0000] {logging_mixin.py:154} INFO - [2024-10-20T02:46:46.538+0000] {dag.py:3722} INFO - Setting next_dagrun for example_xcom_args_with_operators to None, run_after=None
[2024-10-20T02:46:46.557+0000] {processor.py:179} INFO - Processing /home/airflow/.local/lib/python3.8/site-packages/airflow/example_dags/example_xcomargs.py took 0.074 seconds
[2024-10-20T02:47:16.830+0000] {processor.py:157} INFO - Started process (PID=181) to work on /home/airflow/.local/lib/python3.8/site-packages/airflow/example_dags/example_xcomargs.py
[2024-10-20T02:47:16.831+0000] {processor.py:829} INFO - Processing file /home/airflow/.local/lib/python3.8/site-packages/airflow/example_dags/example_xcomargs.py for tasks to queue
[2024-10-20T02:47:16.833+0000] {logging_mixin.py:154} INFO - [2024-10-20T02:47:16.833+0000] {dagbag.py:536} INFO - Filling up the DagBag from /home/airflow/.local/lib/python3.8/site-packages/airflow/example_dags/example_xcomargs.py
[2024-10-20T02:47:16.842+0000] {processor.py:839} INFO - DAG(s) dict_keys(['example_xcom_args_with_operators', 'example_xcom_args']) retrieved from /home/airflow/.local/lib/python3.8/site-packages/airflow/example_dags/example_xcomargs.py
[2024-10-20T02:47:16.872+0000] {logging_mixin.py:154} INFO - [2024-10-20T02:47:16.872+0000] {dag.py:2941} INFO - Sync 2 DAGs
[2024-10-20T02:47:16.889+0000] {logging_mixin.py:154} INFO - [2024-10-20T02:47:16.889+0000] {dag.py:3722} INFO - Setting next_dagrun for example_xcom_args to None, run_after=None
[2024-10-20T02:47:16.894+0000] {logging_mixin.py:154} INFO - [2024-10-20T02:47:16.894+0000] {dag.py:3722} INFO - Setting next_dagrun for example_xcom_args_with_operators to None, run_after=None
[2024-10-20T02:47:16.918+0000] {processor.py:179} INFO - Processing /home/airflow/.local/lib/python3.8/site-packages/airflow/example_dags/example_xcomargs.py took 0.091 seconds
[2024-10-20T02:47:47.333+0000] {processor.py:157} INFO - Started process (PID=244) to work on /home/airflow/.local/lib/python3.8/site-packages/airflow/example_dags/example_xcomargs.py
[2024-10-20T02:47:47.335+0000] {processor.py:829} INFO - Processing file /home/airflow/.local/lib/python3.8/site-packages/airflow/example_dags/example_xcomargs.py for tasks to queue
[2024-10-20T02:47:47.338+0000] {logging_mixin.py:154} INFO - [2024-10-20T02:47:47.338+0000] {dagbag.py:536} INFO - Filling up the DagBag from /home/airflow/.local/lib/python3.8/site-packages/airflow/example_dags/example_xcomargs.py
[2024-10-20T02:47:47.347+0000] {processor.py:839} INFO - DAG(s) dict_keys(['example_xcom_args', 'example_xcom_args_with_operators']) retrieved from /home/airflow/.local/lib/python3.8/site-packages/airflow/example_dags/example_xcomargs.py
[2024-10-20T02:47:47.374+0000] {logging_mixin.py:154} INFO - [2024-10-20T02:47:47.374+0000] {dag.py:2941} INFO - Sync 2 DAGs
[2024-10-20T02:47:47.387+0000] {logging_mixin.py:154} INFO - [2024-10-20T02:47:47.387+0000] {dag.py:3722} INFO - Setting next_dagrun for example_xcom_args to None, run_after=None
[2024-10-20T02:47:47.391+0000] {logging_mixin.py:154} INFO - [2024-10-20T02:47:47.391+0000] {dag.py:3722} INFO - Setting next_dagrun for example_xcom_args_with_operators to None, run_after=None
[2024-10-20T02:47:47.413+0000] {processor.py:179} INFO - Processing /home/airflow/.local/lib/python3.8/site-packages/airflow/example_dags/example_xcomargs.py took 0.083 seconds
[2024-10-20T02:48:17.650+0000] {processor.py:157} INFO - Started process (PID=300) to work on /home/airflow/.local/lib/python3.8/site-packages/airflow/example_dags/example_xcomargs.py
[2024-10-20T02:48:17.653+0000] {processor.py:829} INFO - Processing file /home/airflow/.local/lib/python3.8/site-packages/airflow/example_dags/example_xcomargs.py for tasks to queue
[2024-10-20T02:48:17.658+0000] {logging_mixin.py:154} INFO - [2024-10-20T02:48:17.658+0000] {dagbag.py:536} INFO - Filling up the DagBag from /home/airflow/.local/lib/python3.8/site-packages/airflow/example_dags/example_xcomargs.py
[2024-10-20T02:48:17.673+0000] {processor.py:839} INFO - DAG(s) dict_keys(['example_xcom_args', 'example_xcom_args_with_operators']) retrieved from /home/airflow/.local/lib/python3.8/site-packages/airflow/example_dags/example_xcomargs.py
[2024-10-20T02:48:17.713+0000] {logging_mixin.py:154} INFO - [2024-10-20T02:48:17.713+0000] {dag.py:2941} INFO - Sync 2 DAGs
[2024-10-20T02:48:17.727+0000] {logging_mixin.py:154} INFO - [2024-10-20T02:48:17.727+0000] {dag.py:3722} INFO - Setting next_dagrun for example_xcom_args to None, run_after=None
[2024-10-20T02:48:17.731+0000] {logging_mixin.py:154} INFO - [2024-10-20T02:48:17.731+0000] {dag.py:3722} INFO - Setting next_dagrun for example_xcom_args_with_operators to None, run_after=None
[2024-10-20T02:48:17.754+0000] {processor.py:179} INFO - Processing /home/airflow/.local/lib/python3.8/site-packages/airflow/example_dags/example_xcomargs.py took 0.108 seconds
[2024-10-20T02:48:48.373+0000] {processor.py:157} INFO - Started process (PID=356) to work on /home/airflow/.local/lib/python3.8/site-packages/airflow/example_dags/example_xcomargs.py
[2024-10-20T02:48:48.374+0000] {processor.py:829} INFO - Processing file /home/airflow/.local/lib/python3.8/site-packages/airflow/example_dags/example_xcomargs.py for tasks to queue
[2024-10-20T02:48:48.378+0000] {logging_mixin.py:154} INFO - [2024-10-20T02:48:48.377+0000] {dagbag.py:536} INFO - Filling up the DagBag from /home/airflow/.local/lib/python3.8/site-packages/airflow/example_dags/example_xcomargs.py
[2024-10-20T02:48:48.388+0000] {processor.py:839} INFO - DAG(s) dict_keys(['example_xcom_args', 'example_xcom_args_with_operators']) retrieved from /home/airflow/.local/lib/python3.8/site-packages/airflow/example_dags/example_xcomargs.py
[2024-10-20T02:48:48.430+0000] {logging_mixin.py:154} INFO - [2024-10-20T02:48:48.430+0000] {dag.py:2941} INFO - Sync 2 DAGs
[2024-10-20T02:48:48.450+0000] {logging_mixin.py:154} INFO - [2024-10-20T02:48:48.450+0000] {dag.py:3722} INFO - Setting next_dagrun for example_xcom_args to None, run_after=None
[2024-10-20T02:48:48.455+0000] {logging_mixin.py:154} INFO - [2024-10-20T02:48:48.455+0000] {dag.py:3722} INFO - Setting next_dagrun for example_xcom_args_with_operators to None, run_after=None
[2024-10-20T02:48:48.482+0000] {processor.py:179} INFO - Processing /home/airflow/.local/lib/python3.8/site-packages/airflow/example_dags/example_xcomargs.py took 0.114 seconds
[2024-10-20T02:49:19.092+0000] {processor.py:157} INFO - Started process (PID=412) to work on /home/airflow/.local/lib/python3.8/site-packages/airflow/example_dags/example_xcomargs.py
[2024-10-20T02:49:19.093+0000] {processor.py:829} INFO - Processing file /home/airflow/.local/lib/python3.8/site-packages/airflow/example_dags/example_xcomargs.py for tasks to queue
[2024-10-20T02:49:19.096+0000] {logging_mixin.py:154} INFO - [2024-10-20T02:49:19.096+0000] {dagbag.py:536} INFO - Filling up the DagBag from /home/airflow/.local/lib/python3.8/site-packages/airflow/example_dags/example_xcomargs.py
[2024-10-20T02:49:19.103+0000] {processor.py:839} INFO - DAG(s) dict_keys(['example_xcom_args_with_operators', 'example_xcom_args']) retrieved from /home/airflow/.local/lib/python3.8/site-packages/airflow/example_dags/example_xcomargs.py
[2024-10-20T02:49:19.133+0000] {logging_mixin.py:154} INFO - [2024-10-20T02:49:19.132+0000] {dag.py:2941} INFO - Sync 2 DAGs
[2024-10-20T02:49:19.148+0000] {logging_mixin.py:154} INFO - [2024-10-20T02:49:19.147+0000] {dag.py:3722} INFO - Setting next_dagrun for example_xcom_args to None, run_after=None
[2024-10-20T02:49:19.152+0000] {logging_mixin.py:154} INFO - [2024-10-20T02:49:19.152+0000] {dag.py:3722} INFO - Setting next_dagrun for example_xcom_args_with_operators to None, run_after=None
[2024-10-20T02:49:19.176+0000] {processor.py:179} INFO - Processing /home/airflow/.local/lib/python3.8/site-packages/airflow/example_dags/example_xcomargs.py took 0.086 seconds
[2024-10-20T02:49:49.458+0000] {processor.py:157} INFO - Started process (PID=468) to work on /home/airflow/.local/lib/python3.8/site-packages/airflow/example_dags/example_xcomargs.py
[2024-10-20T02:49:49.460+0000] {processor.py:829} INFO - Processing file /home/airflow/.local/lib/python3.8/site-packages/airflow/example_dags/example_xcomargs.py for tasks to queue
[2024-10-20T02:49:49.462+0000] {logging_mixin.py:154} INFO - [2024-10-20T02:49:49.461+0000] {dagbag.py:536} INFO - Filling up the DagBag from /home/airflow/.local/lib/python3.8/site-packages/airflow/example_dags/example_xcomargs.py
[2024-10-20T02:49:49.471+0000] {processor.py:839} INFO - DAG(s) dict_keys(['example_xcom_args_with_operators', 'example_xcom_args']) retrieved from /home/airflow/.local/lib/python3.8/site-packages/airflow/example_dags/example_xcomargs.py
[2024-10-20T02:49:49.499+0000] {logging_mixin.py:154} INFO - [2024-10-20T02:49:49.498+0000] {dag.py:2941} INFO - Sync 2 DAGs
[2024-10-20T02:49:49.511+0000] {logging_mixin.py:154} INFO - [2024-10-20T02:49:49.511+0000] {dag.py:3722} INFO - Setting next_dagrun for example_xcom_args to None, run_after=None
[2024-10-20T02:49:49.516+0000] {logging_mixin.py:154} INFO - [2024-10-20T02:49:49.516+0000] {dag.py:3722} INFO - Setting next_dagrun for example_xcom_args_with_operators to None, run_after=None
[2024-10-20T02:49:49.540+0000] {processor.py:179} INFO - Processing /home/airflow/.local/lib/python3.8/site-packages/airflow/example_dags/example_xcomargs.py took 0.085 seconds
[2024-10-20T02:50:19.692+0000] {processor.py:157} INFO - Started process (PID=524) to work on /home/airflow/.local/lib/python3.8/site-packages/airflow/example_dags/example_xcomargs.py
[2024-10-20T02:50:19.694+0000] {processor.py:829} INFO - Processing file /home/airflow/.local/lib/python3.8/site-packages/airflow/example_dags/example_xcomargs.py for tasks to queue
[2024-10-20T02:50:19.696+0000] {logging_mixin.py:154} INFO - [2024-10-20T02:50:19.696+0000] {dagbag.py:536} INFO - Filling up the DagBag from /home/airflow/.local/lib/python3.8/site-packages/airflow/example_dags/example_xcomargs.py
[2024-10-20T02:50:19.705+0000] {processor.py:839} INFO - DAG(s) dict_keys(['example_xcom_args', 'example_xcom_args_with_operators']) retrieved from /home/airflow/.local/lib/python3.8/site-packages/airflow/example_dags/example_xcomargs.py
[2024-10-20T02:50:19.731+0000] {logging_mixin.py:154} INFO - [2024-10-20T02:50:19.731+0000] {dag.py:2941} INFO - Sync 2 DAGs
[2024-10-20T02:50:19.745+0000] {logging_mixin.py:154} INFO - [2024-10-20T02:50:19.745+0000] {dag.py:3722} INFO - Setting next_dagrun for example_xcom_args to None, run_after=None
[2024-10-20T02:50:19.750+0000] {logging_mixin.py:154} INFO - [2024-10-20T02:50:19.750+0000] {dag.py:3722} INFO - Setting next_dagrun for example_xcom_args_with_operators to None, run_after=None
[2024-10-20T02:50:19.771+0000] {processor.py:179} INFO - Processing /home/airflow/.local/lib/python3.8/site-packages/airflow/example_dags/example_xcomargs.py took 0.081 seconds
[2024-10-20T02:50:50.255+0000] {processor.py:157} INFO - Started process (PID=580) to work on /home/airflow/.local/lib/python3.8/site-packages/airflow/example_dags/example_xcomargs.py
[2024-10-20T02:50:50.256+0000] {processor.py:829} INFO - Processing file /home/airflow/.local/lib/python3.8/site-packages/airflow/example_dags/example_xcomargs.py for tasks to queue
[2024-10-20T02:50:50.258+0000] {logging_mixin.py:154} INFO - [2024-10-20T02:50:50.258+0000] {dagbag.py:536} INFO - Filling up the DagBag from /home/airflow/.local/lib/python3.8/site-packages/airflow/example_dags/example_xcomargs.py
[2024-10-20T02:50:50.265+0000] {processor.py:839} INFO - DAG(s) dict_keys(['example_xcom_args_with_operators', 'example_xcom_args']) retrieved from /home/airflow/.local/lib/python3.8/site-packages/airflow/example_dags/example_xcomargs.py
[2024-10-20T02:50:50.291+0000] {logging_mixin.py:154} INFO - [2024-10-20T02:50:50.291+0000] {dag.py:2941} INFO - Sync 2 DAGs
[2024-10-20T02:50:50.304+0000] {logging_mixin.py:154} INFO - [2024-10-20T02:50:50.303+0000] {dag.py:3722} INFO - Setting next_dagrun for example_xcom_args to None, run_after=None
[2024-10-20T02:50:50.308+0000] {logging_mixin.py:154} INFO - [2024-10-20T02:50:50.307+0000] {dag.py:3722} INFO - Setting next_dagrun for example_xcom_args_with_operators to None, run_after=None
[2024-10-20T02:50:50.334+0000] {processor.py:179} INFO - Processing /home/airflow/.local/lib/python3.8/site-packages/airflow/example_dags/example_xcomargs.py took 0.081 seconds
[2024-10-20T02:51:20.400+0000] {processor.py:157} INFO - Started process (PID=636) to work on /home/airflow/.local/lib/python3.8/site-packages/airflow/example_dags/example_xcomargs.py
[2024-10-20T02:51:20.402+0000] {processor.py:829} INFO - Processing file /home/airflow/.local/lib/python3.8/site-packages/airflow/example_dags/example_xcomargs.py for tasks to queue
[2024-10-20T02:51:20.405+0000] {logging_mixin.py:154} INFO - [2024-10-20T02:51:20.404+0000] {dagbag.py:536} INFO - Filling up the DagBag from /home/airflow/.local/lib/python3.8/site-packages/airflow/example_dags/example_xcomargs.py
[2024-10-20T02:51:20.413+0000] {processor.py:839} INFO - DAG(s) dict_keys(['example_xcom_args_with_operators', 'example_xcom_args']) retrieved from /home/airflow/.local/lib/python3.8/site-packages/airflow/example_dags/example_xcomargs.py
[2024-10-20T02:51:20.444+0000] {logging_mixin.py:154} INFO - [2024-10-20T02:51:20.444+0000] {dag.py:2941} INFO - Sync 2 DAGs
[2024-10-20T02:51:20.464+0000] {logging_mixin.py:154} INFO - [2024-10-20T02:51:20.464+0000] {dag.py:3722} INFO - Setting next_dagrun for example_xcom_args to None, run_after=None
[2024-10-20T02:51:20.469+0000] {logging_mixin.py:154} INFO - [2024-10-20T02:51:20.469+0000] {dag.py:3722} INFO - Setting next_dagrun for example_xcom_args_with_operators to None, run_after=None
[2024-10-20T02:51:20.493+0000] {processor.py:179} INFO - Processing /home/airflow/.local/lib/python3.8/site-packages/airflow/example_dags/example_xcomargs.py took 0.095 seconds
[2024-10-20T02:51:50.626+0000] {processor.py:157} INFO - Started process (PID=691) to work on /home/airflow/.local/lib/python3.8/site-packages/airflow/example_dags/example_xcomargs.py
[2024-10-20T02:51:50.627+0000] {processor.py:829} INFO - Processing file /home/airflow/.local/lib/python3.8/site-packages/airflow/example_dags/example_xcomargs.py for tasks to queue
[2024-10-20T02:51:50.630+0000] {logging_mixin.py:154} INFO - [2024-10-20T02:51:50.629+0000] {dagbag.py:536} INFO - Filling up the DagBag from /home/airflow/.local/lib/python3.8/site-packages/airflow/example_dags/example_xcomargs.py
[2024-10-20T02:51:50.637+0000] {processor.py:839} INFO - DAG(s) dict_keys(['example_xcom_args', 'example_xcom_args_with_operators']) retrieved from /home/airflow/.local/lib/python3.8/site-packages/airflow/example_dags/example_xcomargs.py
[2024-10-20T02:51:50.660+0000] {logging_mixin.py:154} INFO - [2024-10-20T02:51:50.660+0000] {dag.py:2941} INFO - Sync 2 DAGs
[2024-10-20T02:51:50.673+0000] {logging_mixin.py:154} INFO - [2024-10-20T02:51:50.673+0000] {dag.py:3722} INFO - Setting next_dagrun for example_xcom_args to None, run_after=None
[2024-10-20T02:51:50.677+0000] {logging_mixin.py:154} INFO - [2024-10-20T02:51:50.677+0000] {dag.py:3722} INFO - Setting next_dagrun for example_xcom_args_with_operators to None, run_after=None
[2024-10-20T02:51:50.699+0000] {processor.py:179} INFO - Processing /home/airflow/.local/lib/python3.8/site-packages/airflow/example_dags/example_xcomargs.py took 0.075 seconds
[2024-10-20T02:52:20.824+0000] {processor.py:157} INFO - Started process (PID=747) to work on /home/airflow/.local/lib/python3.8/site-packages/airflow/example_dags/example_xcomargs.py
[2024-10-20T02:52:20.825+0000] {processor.py:829} INFO - Processing file /home/airflow/.local/lib/python3.8/site-packages/airflow/example_dags/example_xcomargs.py for tasks to queue
[2024-10-20T02:52:20.828+0000] {logging_mixin.py:154} INFO - [2024-10-20T02:52:20.828+0000] {dagbag.py:536} INFO - Filling up the DagBag from /home/airflow/.local/lib/python3.8/site-packages/airflow/example_dags/example_xcomargs.py
[2024-10-20T02:52:20.835+0000] {processor.py:839} INFO - DAG(s) dict_keys(['example_xcom_args', 'example_xcom_args_with_operators']) retrieved from /home/airflow/.local/lib/python3.8/site-packages/airflow/example_dags/example_xcomargs.py
[2024-10-20T02:52:20.863+0000] {logging_mixin.py:154} INFO - [2024-10-20T02:52:20.862+0000] {dag.py:2941} INFO - Sync 2 DAGs
[2024-10-20T02:52:20.878+0000] {logging_mixin.py:154} INFO - [2024-10-20T02:52:20.878+0000] {dag.py:3722} INFO - Setting next_dagrun for example_xcom_args to None, run_after=None
[2024-10-20T02:52:20.883+0000] {logging_mixin.py:154} INFO - [2024-10-20T02:52:20.882+0000] {dag.py:3722} INFO - Setting next_dagrun for example_xcom_args_with_operators to None, run_after=None
[2024-10-20T02:52:20.904+0000] {processor.py:179} INFO - Processing /home/airflow/.local/lib/python3.8/site-packages/airflow/example_dags/example_xcomargs.py took 0.083 seconds
[2024-10-20T02:52:51.119+0000] {processor.py:157} INFO - Started process (PID=803) to work on /home/airflow/.local/lib/python3.8/site-packages/airflow/example_dags/example_xcomargs.py
[2024-10-20T02:52:51.120+0000] {processor.py:829} INFO - Processing file /home/airflow/.local/lib/python3.8/site-packages/airflow/example_dags/example_xcomargs.py for tasks to queue
[2024-10-20T02:52:51.123+0000] {logging_mixin.py:154} INFO - [2024-10-20T02:52:51.122+0000] {dagbag.py:536} INFO - Filling up the DagBag from /home/airflow/.local/lib/python3.8/site-packages/airflow/example_dags/example_xcomargs.py
[2024-10-20T02:52:51.129+0000] {processor.py:839} INFO - DAG(s) dict_keys(['example_xcom_args', 'example_xcom_args_with_operators']) retrieved from /home/airflow/.local/lib/python3.8/site-packages/airflow/example_dags/example_xcomargs.py
[2024-10-20T02:52:51.156+0000] {logging_mixin.py:154} INFO - [2024-10-20T02:52:51.155+0000] {dag.py:2941} INFO - Sync 2 DAGs
[2024-10-20T02:52:51.168+0000] {logging_mixin.py:154} INFO - [2024-10-20T02:52:51.168+0000] {dag.py:3722} INFO - Setting next_dagrun for example_xcom_args to None, run_after=None
[2024-10-20T02:52:51.173+0000] {logging_mixin.py:154} INFO - [2024-10-20T02:52:51.172+0000] {dag.py:3722} INFO - Setting next_dagrun for example_xcom_args_with_operators to None, run_after=None
[2024-10-20T02:52:51.194+0000] {processor.py:179} INFO - Processing /home/airflow/.local/lib/python3.8/site-packages/airflow/example_dags/example_xcomargs.py took 0.077 seconds
[2024-10-20T02:53:21.897+0000] {processor.py:157} INFO - Started process (PID=861) to work on /home/airflow/.local/lib/python3.8/site-packages/airflow/example_dags/example_xcomargs.py
[2024-10-20T02:53:21.899+0000] {processor.py:829} INFO - Processing file /home/airflow/.local/lib/python3.8/site-packages/airflow/example_dags/example_xcomargs.py for tasks to queue
[2024-10-20T02:53:21.901+0000] {logging_mixin.py:154} INFO - [2024-10-20T02:53:21.901+0000] {dagbag.py:536} INFO - Filling up the DagBag from /home/airflow/.local/lib/python3.8/site-packages/airflow/example_dags/example_xcomargs.py
[2024-10-20T02:53:21.908+0000] {processor.py:839} INFO - DAG(s) dict_keys(['example_xcom_args_with_operators', 'example_xcom_args']) retrieved from /home/airflow/.local/lib/python3.8/site-packages/airflow/example_dags/example_xcomargs.py
[2024-10-20T02:53:21.935+0000] {logging_mixin.py:154} INFO - [2024-10-20T02:53:21.935+0000] {dag.py:2941} INFO - Sync 2 DAGs
[2024-10-20T02:53:21.948+0000] {logging_mixin.py:154} INFO - [2024-10-20T02:53:21.947+0000] {dag.py:3722} INFO - Setting next_dagrun for example_xcom_args to None, run_after=None
[2024-10-20T02:53:21.952+0000] {logging_mixin.py:154} INFO - [2024-10-20T02:53:21.952+0000] {dag.py:3722} INFO - Setting next_dagrun for example_xcom_args_with_operators to None, run_after=None
[2024-10-20T02:53:21.973+0000] {processor.py:179} INFO - Processing /home/airflow/.local/lib/python3.8/site-packages/airflow/example_dags/example_xcomargs.py took 0.079 seconds
[2024-10-20T02:53:52.608+0000] {processor.py:157} INFO - Started process (PID=919) to work on /home/airflow/.local/lib/python3.8/site-packages/airflow/example_dags/example_xcomargs.py
[2024-10-20T02:53:52.609+0000] {processor.py:829} INFO - Processing file /home/airflow/.local/lib/python3.8/site-packages/airflow/example_dags/example_xcomargs.py for tasks to queue
[2024-10-20T02:53:52.612+0000] {logging_mixin.py:154} INFO - [2024-10-20T02:53:52.611+0000] {dagbag.py:536} INFO - Filling up the DagBag from /home/airflow/.local/lib/python3.8/site-packages/airflow/example_dags/example_xcomargs.py
[2024-10-20T02:53:52.619+0000] {processor.py:839} INFO - DAG(s) dict_keys(['example_xcom_args', 'example_xcom_args_with_operators']) retrieved from /home/airflow/.local/lib/python3.8/site-packages/airflow/example_dags/example_xcomargs.py
[2024-10-20T02:53:52.645+0000] {logging_mixin.py:154} INFO - [2024-10-20T02:53:52.645+0000] {dag.py:2941} INFO - Sync 2 DAGs
[2024-10-20T02:53:52.658+0000] {logging_mixin.py:154} INFO - [2024-10-20T02:53:52.658+0000] {dag.py:3722} INFO - Setting next_dagrun for example_xcom_args to None, run_after=None
[2024-10-20T02:53:52.663+0000] {logging_mixin.py:154} INFO - [2024-10-20T02:53:52.663+0000] {dag.py:3722} INFO - Setting next_dagrun for example_xcom_args_with_operators to None, run_after=None
[2024-10-20T02:53:52.846+0000] {processor.py:179} INFO - Processing /home/airflow/.local/lib/python3.8/site-packages/airflow/example_dags/example_xcomargs.py took 0.242 seconds
[2024-10-20T02:54:22.979+0000] {processor.py:157} INFO - Started process (PID=975) to work on /home/airflow/.local/lib/python3.8/site-packages/airflow/example_dags/example_xcomargs.py
[2024-10-20T02:54:22.981+0000] {processor.py:829} INFO - Processing file /home/airflow/.local/lib/python3.8/site-packages/airflow/example_dags/example_xcomargs.py for tasks to queue
[2024-10-20T02:54:22.983+0000] {logging_mixin.py:154} INFO - [2024-10-20T02:54:22.983+0000] {dagbag.py:536} INFO - Filling up the DagBag from /home/airflow/.local/lib/python3.8/site-packages/airflow/example_dags/example_xcomargs.py
[2024-10-20T02:54:22.993+0000] {processor.py:839} INFO - DAG(s) dict_keys(['example_xcom_args_with_operators', 'example_xcom_args']) retrieved from /home/airflow/.local/lib/python3.8/site-packages/airflow/example_dags/example_xcomargs.py
[2024-10-20T02:54:23.023+0000] {logging_mixin.py:154} INFO - [2024-10-20T02:54:23.022+0000] {dag.py:2941} INFO - Sync 2 DAGs
[2024-10-20T02:54:23.037+0000] {logging_mixin.py:154} INFO - [2024-10-20T02:54:23.037+0000] {dag.py:3722} INFO - Setting next_dagrun for example_xcom_args to None, run_after=None
[2024-10-20T02:54:23.041+0000] {logging_mixin.py:154} INFO - [2024-10-20T02:54:23.041+0000] {dag.py:3722} INFO - Setting next_dagrun for example_xcom_args_with_operators to None, run_after=None
[2024-10-20T02:54:23.075+0000] {processor.py:179} INFO - Processing /home/airflow/.local/lib/python3.8/site-packages/airflow/example_dags/example_xcomargs.py took 0.100 seconds
[2024-10-20T02:54:53.342+0000] {processor.py:157} INFO - Started process (PID=1031) to work on /home/airflow/.local/lib/python3.8/site-packages/airflow/example_dags/example_xcomargs.py
[2024-10-20T02:54:53.343+0000] {processor.py:829} INFO - Processing file /home/airflow/.local/lib/python3.8/site-packages/airflow/example_dags/example_xcomargs.py for tasks to queue
[2024-10-20T02:54:53.346+0000] {logging_mixin.py:154} INFO - [2024-10-20T02:54:53.345+0000] {dagbag.py:536} INFO - Filling up the DagBag from /home/airflow/.local/lib/python3.8/site-packages/airflow/example_dags/example_xcomargs.py
[2024-10-20T02:54:53.356+0000] {processor.py:839} INFO - DAG(s) dict_keys(['example_xcom_args', 'example_xcom_args_with_operators']) retrieved from /home/airflow/.local/lib/python3.8/site-packages/airflow/example_dags/example_xcomargs.py
[2024-10-20T02:54:53.383+0000] {logging_mixin.py:154} INFO - [2024-10-20T02:54:53.383+0000] {dag.py:2941} INFO - Sync 2 DAGs
[2024-10-20T02:54:53.398+0000] {logging_mixin.py:154} INFO - [2024-10-20T02:54:53.398+0000] {dag.py:3722} INFO - Setting next_dagrun for example_xcom_args to None, run_after=None
[2024-10-20T02:54:53.403+0000] {logging_mixin.py:154} INFO - [2024-10-20T02:54:53.403+0000] {dag.py:3722} INFO - Setting next_dagrun for example_xcom_args_with_operators to None, run_after=None
[2024-10-20T02:54:53.425+0000] {processor.py:179} INFO - Processing /home/airflow/.local/lib/python3.8/site-packages/airflow/example_dags/example_xcomargs.py took 0.087 seconds
[2024-10-20T02:55:24.227+0000] {processor.py:157} INFO - Started process (PID=1089) to work on /home/airflow/.local/lib/python3.8/site-packages/airflow/example_dags/example_xcomargs.py
[2024-10-20T02:55:24.229+0000] {processor.py:829} INFO - Processing file /home/airflow/.local/lib/python3.8/site-packages/airflow/example_dags/example_xcomargs.py for tasks to queue
[2024-10-20T02:55:24.232+0000] {logging_mixin.py:154} INFO - [2024-10-20T02:55:24.231+0000] {dagbag.py:536} INFO - Filling up the DagBag from /home/airflow/.local/lib/python3.8/site-packages/airflow/example_dags/example_xcomargs.py
[2024-10-20T02:55:24.240+0000] {processor.py:839} INFO - DAG(s) dict_keys(['example_xcom_args', 'example_xcom_args_with_operators']) retrieved from /home/airflow/.local/lib/python3.8/site-packages/airflow/example_dags/example_xcomargs.py
[2024-10-20T02:55:24.287+0000] {logging_mixin.py:154} INFO - [2024-10-20T02:55:24.286+0000] {dag.py:2941} INFO - Sync 2 DAGs
[2024-10-20T02:55:24.307+0000] {logging_mixin.py:154} INFO - [2024-10-20T02:55:24.307+0000] {dag.py:3722} INFO - Setting next_dagrun for example_xcom_args to None, run_after=None
[2024-10-20T02:55:24.315+0000] {logging_mixin.py:154} INFO - [2024-10-20T02:55:24.315+0000] {dag.py:3722} INFO - Setting next_dagrun for example_xcom_args_with_operators to None, run_after=None
[2024-10-20T02:55:24.344+0000] {processor.py:179} INFO - Processing /home/airflow/.local/lib/python3.8/site-packages/airflow/example_dags/example_xcomargs.py took 0.121 seconds
[2024-10-20T02:55:55.372+0000] {processor.py:157} INFO - Started process (PID=1149) to work on /home/airflow/.local/lib/python3.8/site-packages/airflow/example_dags/example_xcomargs.py
[2024-10-20T02:55:55.374+0000] {processor.py:829} INFO - Processing file /home/airflow/.local/lib/python3.8/site-packages/airflow/example_dags/example_xcomargs.py for tasks to queue
[2024-10-20T02:55:55.377+0000] {logging_mixin.py:154} INFO - [2024-10-20T02:55:55.376+0000] {dagbag.py:536} INFO - Filling up the DagBag from /home/airflow/.local/lib/python3.8/site-packages/airflow/example_dags/example_xcomargs.py
[2024-10-20T02:55:55.385+0000] {processor.py:839} INFO - DAG(s) dict_keys(['example_xcom_args', 'example_xcom_args_with_operators']) retrieved from /home/airflow/.local/lib/python3.8/site-packages/airflow/example_dags/example_xcomargs.py
[2024-10-20T02:55:55.415+0000] {logging_mixin.py:154} INFO - [2024-10-20T02:55:55.414+0000] {dag.py:2941} INFO - Sync 2 DAGs
[2024-10-20T02:55:55.436+0000] {logging_mixin.py:154} INFO - [2024-10-20T02:55:55.436+0000] {dag.py:3722} INFO - Setting next_dagrun for example_xcom_args to None, run_after=None
[2024-10-20T02:55:55.442+0000] {logging_mixin.py:154} INFO - [2024-10-20T02:55:55.442+0000] {dag.py:3722} INFO - Setting next_dagrun for example_xcom_args_with_operators to None, run_after=None
[2024-10-20T02:55:55.687+0000] {processor.py:179} INFO - Processing /home/airflow/.local/lib/python3.8/site-packages/airflow/example_dags/example_xcomargs.py took 0.319 seconds
[2024-10-20T02:56:26.138+0000] {processor.py:157} INFO - Started process (PID=1205) to work on /home/airflow/.local/lib/python3.8/site-packages/airflow/example_dags/example_xcomargs.py
[2024-10-20T02:56:26.139+0000] {processor.py:829} INFO - Processing file /home/airflow/.local/lib/python3.8/site-packages/airflow/example_dags/example_xcomargs.py for tasks to queue
[2024-10-20T02:56:26.142+0000] {logging_mixin.py:154} INFO - [2024-10-20T02:56:26.142+0000] {dagbag.py:536} INFO - Filling up the DagBag from /home/airflow/.local/lib/python3.8/site-packages/airflow/example_dags/example_xcomargs.py
[2024-10-20T02:56:26.150+0000] {processor.py:839} INFO - DAG(s) dict_keys(['example_xcom_args', 'example_xcom_args_with_operators']) retrieved from /home/airflow/.local/lib/python3.8/site-packages/airflow/example_dags/example_xcomargs.py
[2024-10-20T02:56:26.176+0000] {logging_mixin.py:154} INFO - [2024-10-20T02:56:26.175+0000] {dag.py:2941} INFO - Sync 2 DAGs
[2024-10-20T02:56:26.190+0000] {logging_mixin.py:154} INFO - [2024-10-20T02:56:26.190+0000] {dag.py:3722} INFO - Setting next_dagrun for example_xcom_args to None, run_after=None
[2024-10-20T02:56:26.194+0000] {logging_mixin.py:154} INFO - [2024-10-20T02:56:26.194+0000] {dag.py:3722} INFO - Setting next_dagrun for example_xcom_args_with_operators to None, run_after=None
[2024-10-20T02:56:26.224+0000] {processor.py:179} INFO - Processing /home/airflow/.local/lib/python3.8/site-packages/airflow/example_dags/example_xcomargs.py took 0.089 seconds
[2024-10-20T02:56:56.750+0000] {processor.py:157} INFO - Started process (PID=1261) to work on /home/airflow/.local/lib/python3.8/site-packages/airflow/example_dags/example_xcomargs.py
[2024-10-20T02:56:56.751+0000] {processor.py:829} INFO - Processing file /home/airflow/.local/lib/python3.8/site-packages/airflow/example_dags/example_xcomargs.py for tasks to queue
[2024-10-20T02:56:56.754+0000] {logging_mixin.py:154} INFO - [2024-10-20T02:56:56.754+0000] {dagbag.py:536} INFO - Filling up the DagBag from /home/airflow/.local/lib/python3.8/site-packages/airflow/example_dags/example_xcomargs.py
[2024-10-20T02:56:56.762+0000] {processor.py:839} INFO - DAG(s) dict_keys(['example_xcom_args', 'example_xcom_args_with_operators']) retrieved from /home/airflow/.local/lib/python3.8/site-packages/airflow/example_dags/example_xcomargs.py
[2024-10-20T02:56:56.787+0000] {logging_mixin.py:154} INFO - [2024-10-20T02:56:56.786+0000] {dag.py:2941} INFO - Sync 2 DAGs
[2024-10-20T02:56:56.799+0000] {logging_mixin.py:154} INFO - [2024-10-20T02:56:56.799+0000] {dag.py:3722} INFO - Setting next_dagrun for example_xcom_args to None, run_after=None
[2024-10-20T02:56:56.803+0000] {logging_mixin.py:154} INFO - [2024-10-20T02:56:56.803+0000] {dag.py:3722} INFO - Setting next_dagrun for example_xcom_args_with_operators to None, run_after=None
[2024-10-20T02:56:56.823+0000] {processor.py:179} INFO - Processing /home/airflow/.local/lib/python3.8/site-packages/airflow/example_dags/example_xcomargs.py took 0.077 seconds
[2024-10-20T02:57:27.485+0000] {processor.py:157} INFO - Started process (PID=1319) to work on /home/airflow/.local/lib/python3.8/site-packages/airflow/example_dags/example_xcomargs.py
[2024-10-20T02:57:27.486+0000] {processor.py:829} INFO - Processing file /home/airflow/.local/lib/python3.8/site-packages/airflow/example_dags/example_xcomargs.py for tasks to queue
[2024-10-20T02:57:27.489+0000] {logging_mixin.py:154} INFO - [2024-10-20T02:57:27.488+0000] {dagbag.py:536} INFO - Filling up the DagBag from /home/airflow/.local/lib/python3.8/site-packages/airflow/example_dags/example_xcomargs.py
[2024-10-20T02:57:27.498+0000] {processor.py:839} INFO - DAG(s) dict_keys(['example_xcom_args', 'example_xcom_args_with_operators']) retrieved from /home/airflow/.local/lib/python3.8/site-packages/airflow/example_dags/example_xcomargs.py
[2024-10-20T02:57:27.526+0000] {logging_mixin.py:154} INFO - [2024-10-20T02:57:27.526+0000] {dag.py:2941} INFO - Sync 2 DAGs
[2024-10-20T02:57:27.539+0000] {logging_mixin.py:154} INFO - [2024-10-20T02:57:27.539+0000] {dag.py:3722} INFO - Setting next_dagrun for example_xcom_args to None, run_after=None
[2024-10-20T02:57:27.543+0000] {logging_mixin.py:154} INFO - [2024-10-20T02:57:27.543+0000] {dag.py:3722} INFO - Setting next_dagrun for example_xcom_args_with_operators to None, run_after=None
[2024-10-20T02:57:27.566+0000] {processor.py:179} INFO - Processing /home/airflow/.local/lib/python3.8/site-packages/airflow/example_dags/example_xcomargs.py took 0.085 seconds
[2024-10-20T02:57:58.373+0000] {processor.py:157} INFO - Started process (PID=1375) to work on /home/airflow/.local/lib/python3.8/site-packages/airflow/example_dags/example_xcomargs.py
[2024-10-20T02:57:58.374+0000] {processor.py:829} INFO - Processing file /home/airflow/.local/lib/python3.8/site-packages/airflow/example_dags/example_xcomargs.py for tasks to queue
[2024-10-20T02:57:58.377+0000] {logging_mixin.py:154} INFO - [2024-10-20T02:57:58.377+0000] {dagbag.py:536} INFO - Filling up the DagBag from /home/airflow/.local/lib/python3.8/site-packages/airflow/example_dags/example_xcomargs.py
[2024-10-20T02:57:58.385+0000] {processor.py:839} INFO - DAG(s) dict_keys(['example_xcom_args', 'example_xcom_args_with_operators']) retrieved from /home/airflow/.local/lib/python3.8/site-packages/airflow/example_dags/example_xcomargs.py
[2024-10-20T02:57:58.416+0000] {logging_mixin.py:154} INFO - [2024-10-20T02:57:58.415+0000] {dag.py:2941} INFO - Sync 2 DAGs
[2024-10-20T02:57:58.604+0000] {logging_mixin.py:154} INFO - [2024-10-20T02:57:58.604+0000] {dag.py:3722} INFO - Setting next_dagrun for example_xcom_args to None, run_after=None
[2024-10-20T02:57:58.609+0000] {logging_mixin.py:154} INFO - [2024-10-20T02:57:58.609+0000] {dag.py:3722} INFO - Setting next_dagrun for example_xcom_args_with_operators to None, run_after=None
[2024-10-20T02:57:58.638+0000] {processor.py:179} INFO - Processing /home/airflow/.local/lib/python3.8/site-packages/airflow/example_dags/example_xcomargs.py took 0.269 seconds
[2024-10-20T02:58:29.601+0000] {processor.py:157} INFO - Started process (PID=1431) to work on /home/airflow/.local/lib/python3.8/site-packages/airflow/example_dags/example_xcomargs.py
[2024-10-20T02:58:29.603+0000] {processor.py:829} INFO - Processing file /home/airflow/.local/lib/python3.8/site-packages/airflow/example_dags/example_xcomargs.py for tasks to queue
[2024-10-20T02:58:29.606+0000] {logging_mixin.py:154} INFO - [2024-10-20T02:58:29.605+0000] {dagbag.py:536} INFO - Filling up the DagBag from /home/airflow/.local/lib/python3.8/site-packages/airflow/example_dags/example_xcomargs.py
[2024-10-20T02:58:29.616+0000] {processor.py:839} INFO - DAG(s) dict_keys(['example_xcom_args', 'example_xcom_args_with_operators']) retrieved from /home/airflow/.local/lib/python3.8/site-packages/airflow/example_dags/example_xcomargs.py
[2024-10-20T02:58:29.648+0000] {logging_mixin.py:154} INFO - [2024-10-20T02:58:29.647+0000] {dag.py:2941} INFO - Sync 2 DAGs
[2024-10-20T02:58:29.664+0000] {logging_mixin.py:154} INFO - [2024-10-20T02:58:29.663+0000] {dag.py:3722} INFO - Setting next_dagrun for example_xcom_args to None, run_after=None
[2024-10-20T02:58:29.668+0000] {logging_mixin.py:154} INFO - [2024-10-20T02:58:29.668+0000] {dag.py:3722} INFO - Setting next_dagrun for example_xcom_args_with_operators to None, run_after=None
[2024-10-20T02:58:29.694+0000] {processor.py:179} INFO - Processing /home/airflow/.local/lib/python3.8/site-packages/airflow/example_dags/example_xcomargs.py took 0.098 seconds
[2024-10-20T02:59:51.226+0000] {processor.py:157} INFO - Started process (PID=79) to work on /home/airflow/.local/lib/python3.8/site-packages/airflow/example_dags/example_xcomargs.py
[2024-10-20T02:59:51.233+0000] {processor.py:829} INFO - Processing file /home/airflow/.local/lib/python3.8/site-packages/airflow/example_dags/example_xcomargs.py for tasks to queue
[2024-10-20T02:59:51.248+0000] {logging_mixin.py:154} INFO - [2024-10-20T02:59:51.246+0000] {dagbag.py:536} INFO - Filling up the DagBag from /home/airflow/.local/lib/python3.8/site-packages/airflow/example_dags/example_xcomargs.py
[2024-10-20T02:59:51.293+0000] {processor.py:839} INFO - DAG(s) dict_keys(['example_xcom_args_with_operators', 'example_xcom_args']) retrieved from /home/airflow/.local/lib/python3.8/site-packages/airflow/example_dags/example_xcomargs.py
[2024-10-20T02:59:51.351+0000] {logging_mixin.py:154} INFO - [2024-10-20T02:59:51.351+0000] {dag.py:2941} INFO - Sync 2 DAGs
[2024-10-20T02:59:51.390+0000] {logging_mixin.py:154} INFO - [2024-10-20T02:59:51.390+0000] {dag.py:3722} INFO - Setting next_dagrun for example_xcom_args to None, run_after=None
[2024-10-20T02:59:51.395+0000] {logging_mixin.py:154} INFO - [2024-10-20T02:59:51.395+0000] {dag.py:3722} INFO - Setting next_dagrun for example_xcom_args_with_operators to None, run_after=None
[2024-10-20T02:59:51.428+0000] {processor.py:179} INFO - Processing /home/airflow/.local/lib/python3.8/site-packages/airflow/example_dags/example_xcomargs.py took 0.226 seconds
[2024-10-20T03:00:21.597+0000] {processor.py:157} INFO - Started process (PID=137) to work on /home/airflow/.local/lib/python3.8/site-packages/airflow/example_dags/example_xcomargs.py
[2024-10-20T03:00:21.598+0000] {processor.py:829} INFO - Processing file /home/airflow/.local/lib/python3.8/site-packages/airflow/example_dags/example_xcomargs.py for tasks to queue
[2024-10-20T03:00:21.600+0000] {logging_mixin.py:154} INFO - [2024-10-20T03:00:21.599+0000] {dagbag.py:536} INFO - Filling up the DagBag from /home/airflow/.local/lib/python3.8/site-packages/airflow/example_dags/example_xcomargs.py
[2024-10-20T03:00:21.608+0000] {processor.py:839} INFO - DAG(s) dict_keys(['example_xcom_args', 'example_xcom_args_with_operators']) retrieved from /home/airflow/.local/lib/python3.8/site-packages/airflow/example_dags/example_xcomargs.py
[2024-10-20T03:00:21.635+0000] {logging_mixin.py:154} INFO - [2024-10-20T03:00:21.634+0000] {dag.py:2941} INFO - Sync 2 DAGs
[2024-10-20T03:00:21.649+0000] {logging_mixin.py:154} INFO - [2024-10-20T03:00:21.648+0000] {dag.py:3722} INFO - Setting next_dagrun for example_xcom_args to None, run_after=None
[2024-10-20T03:00:21.653+0000] {logging_mixin.py:154} INFO - [2024-10-20T03:00:21.653+0000] {dag.py:3722} INFO - Setting next_dagrun for example_xcom_args_with_operators to None, run_after=None
[2024-10-20T03:00:21.675+0000] {processor.py:179} INFO - Processing /home/airflow/.local/lib/python3.8/site-packages/airflow/example_dags/example_xcomargs.py took 0.082 seconds
[2024-10-20T03:00:52.765+0000] {processor.py:157} INFO - Started process (PID=193) to work on /home/airflow/.local/lib/python3.8/site-packages/airflow/example_dags/example_xcomargs.py
[2024-10-20T03:00:52.767+0000] {processor.py:829} INFO - Processing file /home/airflow/.local/lib/python3.8/site-packages/airflow/example_dags/example_xcomargs.py for tasks to queue
[2024-10-20T03:00:52.770+0000] {logging_mixin.py:154} INFO - [2024-10-20T03:00:52.769+0000] {dagbag.py:536} INFO - Filling up the DagBag from /home/airflow/.local/lib/python3.8/site-packages/airflow/example_dags/example_xcomargs.py
[2024-10-20T03:00:52.780+0000] {processor.py:839} INFO - DAG(s) dict_keys(['example_xcom_args', 'example_xcom_args_with_operators']) retrieved from /home/airflow/.local/lib/python3.8/site-packages/airflow/example_dags/example_xcomargs.py
[2024-10-20T03:00:52.816+0000] {logging_mixin.py:154} INFO - [2024-10-20T03:00:52.816+0000] {dag.py:2941} INFO - Sync 2 DAGs
[2024-10-20T03:00:52.835+0000] {logging_mixin.py:154} INFO - [2024-10-20T03:00:52.835+0000] {dag.py:3722} INFO - Setting next_dagrun for example_xcom_args to None, run_after=None
[2024-10-20T03:00:52.841+0000] {logging_mixin.py:154} INFO - [2024-10-20T03:00:52.841+0000] {dag.py:3722} INFO - Setting next_dagrun for example_xcom_args_with_operators to None, run_after=None
[2024-10-20T03:00:52.887+0000] {processor.py:179} INFO - Processing /home/airflow/.local/lib/python3.8/site-packages/airflow/example_dags/example_xcomargs.py took 0.126 seconds
[2024-10-20T03:01:22.987+0000] {processor.py:157} INFO - Started process (PID=249) to work on /home/airflow/.local/lib/python3.8/site-packages/airflow/example_dags/example_xcomargs.py
[2024-10-20T03:01:22.988+0000] {processor.py:829} INFO - Processing file /home/airflow/.local/lib/python3.8/site-packages/airflow/example_dags/example_xcomargs.py for tasks to queue
[2024-10-20T03:01:22.991+0000] {logging_mixin.py:154} INFO - [2024-10-20T03:01:22.991+0000] {dagbag.py:536} INFO - Filling up the DagBag from /home/airflow/.local/lib/python3.8/site-packages/airflow/example_dags/example_xcomargs.py
[2024-10-20T03:01:22.999+0000] {processor.py:839} INFO - DAG(s) dict_keys(['example_xcom_args_with_operators', 'example_xcom_args']) retrieved from /home/airflow/.local/lib/python3.8/site-packages/airflow/example_dags/example_xcomargs.py
[2024-10-20T03:01:23.028+0000] {logging_mixin.py:154} INFO - [2024-10-20T03:01:23.028+0000] {dag.py:2941} INFO - Sync 2 DAGs
[2024-10-20T03:01:23.043+0000] {logging_mixin.py:154} INFO - [2024-10-20T03:01:23.042+0000] {dag.py:3722} INFO - Setting next_dagrun for example_xcom_args to None, run_after=None
[2024-10-20T03:01:23.047+0000] {logging_mixin.py:154} INFO - [2024-10-20T03:01:23.047+0000] {dag.py:3722} INFO - Setting next_dagrun for example_xcom_args_with_operators to None, run_after=None
[2024-10-20T03:01:23.074+0000] {processor.py:179} INFO - Processing /home/airflow/.local/lib/python3.8/site-packages/airflow/example_dags/example_xcomargs.py took 0.090 seconds
[2024-10-20T03:01:53.291+0000] {processor.py:157} INFO - Started process (PID=306) to work on /home/airflow/.local/lib/python3.8/site-packages/airflow/example_dags/example_xcomargs.py
[2024-10-20T03:01:53.292+0000] {processor.py:829} INFO - Processing file /home/airflow/.local/lib/python3.8/site-packages/airflow/example_dags/example_xcomargs.py for tasks to queue
[2024-10-20T03:01:53.295+0000] {logging_mixin.py:154} INFO - [2024-10-20T03:01:53.294+0000] {dagbag.py:536} INFO - Filling up the DagBag from /home/airflow/.local/lib/python3.8/site-packages/airflow/example_dags/example_xcomargs.py
[2024-10-20T03:01:53.305+0000] {processor.py:839} INFO - DAG(s) dict_keys(['example_xcom_args', 'example_xcom_args_with_operators']) retrieved from /home/airflow/.local/lib/python3.8/site-packages/airflow/example_dags/example_xcomargs.py
[2024-10-20T03:01:53.335+0000] {logging_mixin.py:154} INFO - [2024-10-20T03:01:53.335+0000] {dag.py:2941} INFO - Sync 2 DAGs
[2024-10-20T03:01:53.353+0000] {logging_mixin.py:154} INFO - [2024-10-20T03:01:53.353+0000] {dag.py:3722} INFO - Setting next_dagrun for example_xcom_args to None, run_after=None
[2024-10-20T03:01:53.358+0000] {logging_mixin.py:154} INFO - [2024-10-20T03:01:53.358+0000] {dag.py:3722} INFO - Setting next_dagrun for example_xcom_args_with_operators to None, run_after=None
[2024-10-20T03:01:53.385+0000] {processor.py:179} INFO - Processing /home/airflow/.local/lib/python3.8/site-packages/airflow/example_dags/example_xcomargs.py took 0.097 seconds
[2024-10-20T03:02:23.845+0000] {processor.py:157} INFO - Started process (PID=362) to work on /home/airflow/.local/lib/python3.8/site-packages/airflow/example_dags/example_xcomargs.py
[2024-10-20T03:02:23.846+0000] {processor.py:829} INFO - Processing file /home/airflow/.local/lib/python3.8/site-packages/airflow/example_dags/example_xcomargs.py for tasks to queue
[2024-10-20T03:02:23.850+0000] {logging_mixin.py:154} INFO - [2024-10-20T03:02:23.849+0000] {dagbag.py:536} INFO - Filling up the DagBag from /home/airflow/.local/lib/python3.8/site-packages/airflow/example_dags/example_xcomargs.py
[2024-10-20T03:02:23.858+0000] {processor.py:839} INFO - DAG(s) dict_keys(['example_xcom_args', 'example_xcom_args_with_operators']) retrieved from /home/airflow/.local/lib/python3.8/site-packages/airflow/example_dags/example_xcomargs.py
[2024-10-20T03:02:23.890+0000] {logging_mixin.py:154} INFO - [2024-10-20T03:02:23.890+0000] {dag.py:2941} INFO - Sync 2 DAGs
[2024-10-20T03:02:23.908+0000] {logging_mixin.py:154} INFO - [2024-10-20T03:02:23.907+0000] {dag.py:3722} INFO - Setting next_dagrun for example_xcom_args to None, run_after=None
[2024-10-20T03:02:23.913+0000] {logging_mixin.py:154} INFO - [2024-10-20T03:02:23.913+0000] {dag.py:3722} INFO - Setting next_dagrun for example_xcom_args_with_operators to None, run_after=None
[2024-10-20T03:02:23.934+0000] {processor.py:179} INFO - Processing /home/airflow/.local/lib/python3.8/site-packages/airflow/example_dags/example_xcomargs.py took 0.092 seconds
[2024-10-20T03:02:54.468+0000] {processor.py:157} INFO - Started process (PID=420) to work on /home/airflow/.local/lib/python3.8/site-packages/airflow/example_dags/example_xcomargs.py
[2024-10-20T03:02:54.469+0000] {processor.py:829} INFO - Processing file /home/airflow/.local/lib/python3.8/site-packages/airflow/example_dags/example_xcomargs.py for tasks to queue
[2024-10-20T03:02:54.472+0000] {logging_mixin.py:154} INFO - [2024-10-20T03:02:54.472+0000] {dagbag.py:536} INFO - Filling up the DagBag from /home/airflow/.local/lib/python3.8/site-packages/airflow/example_dags/example_xcomargs.py
[2024-10-20T03:02:54.480+0000] {processor.py:839} INFO - DAG(s) dict_keys(['example_xcom_args_with_operators', 'example_xcom_args']) retrieved from /home/airflow/.local/lib/python3.8/site-packages/airflow/example_dags/example_xcomargs.py
[2024-10-20T03:02:54.505+0000] {logging_mixin.py:154} INFO - [2024-10-20T03:02:54.505+0000] {dag.py:2941} INFO - Sync 2 DAGs
[2024-10-20T03:02:54.518+0000] {logging_mixin.py:154} INFO - [2024-10-20T03:02:54.517+0000] {dag.py:3722} INFO - Setting next_dagrun for example_xcom_args to None, run_after=None
[2024-10-20T03:02:54.521+0000] {logging_mixin.py:154} INFO - [2024-10-20T03:02:54.521+0000] {dag.py:3722} INFO - Setting next_dagrun for example_xcom_args_with_operators to None, run_after=None
[2024-10-20T03:02:54.543+0000] {processor.py:179} INFO - Processing /home/airflow/.local/lib/python3.8/site-packages/airflow/example_dags/example_xcomargs.py took 0.077 seconds
[2024-10-20T03:03:25.611+0000] {processor.py:157} INFO - Started process (PID=477) to work on /home/airflow/.local/lib/python3.8/site-packages/airflow/example_dags/example_xcomargs.py
[2024-10-20T03:03:25.612+0000] {processor.py:829} INFO - Processing file /home/airflow/.local/lib/python3.8/site-packages/airflow/example_dags/example_xcomargs.py for tasks to queue
[2024-10-20T03:03:25.614+0000] {logging_mixin.py:154} INFO - [2024-10-20T03:03:25.614+0000] {dagbag.py:536} INFO - Filling up the DagBag from /home/airflow/.local/lib/python3.8/site-packages/airflow/example_dags/example_xcomargs.py
[2024-10-20T03:03:25.623+0000] {processor.py:839} INFO - DAG(s) dict_keys(['example_xcom_args', 'example_xcom_args_with_operators']) retrieved from /home/airflow/.local/lib/python3.8/site-packages/airflow/example_dags/example_xcomargs.py
[2024-10-20T03:03:25.655+0000] {logging_mixin.py:154} INFO - [2024-10-20T03:03:25.655+0000] {dag.py:2941} INFO - Sync 2 DAGs
[2024-10-20T03:03:25.669+0000] {logging_mixin.py:154} INFO - [2024-10-20T03:03:25.669+0000] {dag.py:3722} INFO - Setting next_dagrun for example_xcom_args to None, run_after=None
[2024-10-20T03:03:25.674+0000] {logging_mixin.py:154} INFO - [2024-10-20T03:03:25.673+0000] {dag.py:3722} INFO - Setting next_dagrun for example_xcom_args_with_operators to None, run_after=None
[2024-10-20T03:03:25.694+0000] {processor.py:179} INFO - Processing /home/airflow/.local/lib/python3.8/site-packages/airflow/example_dags/example_xcomargs.py took 0.086 seconds
[2024-10-20T03:03:56.088+0000] {processor.py:157} INFO - Started process (PID=533) to work on /home/airflow/.local/lib/python3.8/site-packages/airflow/example_dags/example_xcomargs.py
[2024-10-20T03:03:56.089+0000] {processor.py:829} INFO - Processing file /home/airflow/.local/lib/python3.8/site-packages/airflow/example_dags/example_xcomargs.py for tasks to queue
[2024-10-20T03:03:56.091+0000] {logging_mixin.py:154} INFO - [2024-10-20T03:03:56.091+0000] {dagbag.py:536} INFO - Filling up the DagBag from /home/airflow/.local/lib/python3.8/site-packages/airflow/example_dags/example_xcomargs.py
[2024-10-20T03:03:56.099+0000] {processor.py:839} INFO - DAG(s) dict_keys(['example_xcom_args_with_operators', 'example_xcom_args']) retrieved from /home/airflow/.local/lib/python3.8/site-packages/airflow/example_dags/example_xcomargs.py
[2024-10-20T03:03:56.124+0000] {logging_mixin.py:154} INFO - [2024-10-20T03:03:56.124+0000] {dag.py:2941} INFO - Sync 2 DAGs
[2024-10-20T03:03:56.138+0000] {logging_mixin.py:154} INFO - [2024-10-20T03:03:56.138+0000] {dag.py:3722} INFO - Setting next_dagrun for example_xcom_args to None, run_after=None
[2024-10-20T03:03:56.142+0000] {logging_mixin.py:154} INFO - [2024-10-20T03:03:56.142+0000] {dag.py:3722} INFO - Setting next_dagrun for example_xcom_args_with_operators to None, run_after=None
[2024-10-20T03:03:56.166+0000] {processor.py:179} INFO - Processing /home/airflow/.local/lib/python3.8/site-packages/airflow/example_dags/example_xcomargs.py took 0.081 seconds
[2024-10-20T03:04:26.410+0000] {processor.py:157} INFO - Started process (PID=589) to work on /home/airflow/.local/lib/python3.8/site-packages/airflow/example_dags/example_xcomargs.py
[2024-10-20T03:04:26.412+0000] {processor.py:829} INFO - Processing file /home/airflow/.local/lib/python3.8/site-packages/airflow/example_dags/example_xcomargs.py for tasks to queue
[2024-10-20T03:04:26.415+0000] {logging_mixin.py:154} INFO - [2024-10-20T03:04:26.414+0000] {dagbag.py:536} INFO - Filling up the DagBag from /home/airflow/.local/lib/python3.8/site-packages/airflow/example_dags/example_xcomargs.py
[2024-10-20T03:04:26.423+0000] {processor.py:839} INFO - DAG(s) dict_keys(['example_xcom_args', 'example_xcom_args_with_operators']) retrieved from /home/airflow/.local/lib/python3.8/site-packages/airflow/example_dags/example_xcomargs.py
[2024-10-20T03:04:26.452+0000] {logging_mixin.py:154} INFO - [2024-10-20T03:04:26.452+0000] {dag.py:2941} INFO - Sync 2 DAGs
[2024-10-20T03:04:26.465+0000] {logging_mixin.py:154} INFO - [2024-10-20T03:04:26.464+0000] {dag.py:3722} INFO - Setting next_dagrun for example_xcom_args to None, run_after=None
[2024-10-20T03:04:26.468+0000] {logging_mixin.py:154} INFO - [2024-10-20T03:04:26.468+0000] {dag.py:3722} INFO - Setting next_dagrun for example_xcom_args_with_operators to None, run_after=None
[2024-10-20T03:04:26.493+0000] {processor.py:179} INFO - Processing /home/airflow/.local/lib/python3.8/site-packages/airflow/example_dags/example_xcomargs.py took 0.087 seconds
[2024-10-20T03:04:57.110+0000] {processor.py:157} INFO - Started process (PID=645) to work on /home/airflow/.local/lib/python3.8/site-packages/airflow/example_dags/example_xcomargs.py
[2024-10-20T03:04:57.112+0000] {processor.py:829} INFO - Processing file /home/airflow/.local/lib/python3.8/site-packages/airflow/example_dags/example_xcomargs.py for tasks to queue
[2024-10-20T03:04:57.114+0000] {logging_mixin.py:154} INFO - [2024-10-20T03:04:57.114+0000] {dagbag.py:536} INFO - Filling up the DagBag from /home/airflow/.local/lib/python3.8/site-packages/airflow/example_dags/example_xcomargs.py
[2024-10-20T03:04:57.123+0000] {processor.py:839} INFO - DAG(s) dict_keys(['example_xcom_args_with_operators', 'example_xcom_args']) retrieved from /home/airflow/.local/lib/python3.8/site-packages/airflow/example_dags/example_xcomargs.py
[2024-10-20T03:04:57.150+0000] {logging_mixin.py:154} INFO - [2024-10-20T03:04:57.149+0000] {dag.py:2941} INFO - Sync 2 DAGs
[2024-10-20T03:04:57.165+0000] {logging_mixin.py:154} INFO - [2024-10-20T03:04:57.165+0000] {dag.py:3722} INFO - Setting next_dagrun for example_xcom_args to None, run_after=None
[2024-10-20T03:04:57.170+0000] {logging_mixin.py:154} INFO - [2024-10-20T03:04:57.170+0000] {dag.py:3722} INFO - Setting next_dagrun for example_xcom_args_with_operators to None, run_after=None
[2024-10-20T03:04:57.190+0000] {processor.py:179} INFO - Processing /home/airflow/.local/lib/python3.8/site-packages/airflow/example_dags/example_xcomargs.py took 0.083 seconds
[2024-10-20T03:05:28.053+0000] {processor.py:157} INFO - Started process (PID=701) to work on /home/airflow/.local/lib/python3.8/site-packages/airflow/example_dags/example_xcomargs.py
[2024-10-20T03:05:28.054+0000] {processor.py:829} INFO - Processing file /home/airflow/.local/lib/python3.8/site-packages/airflow/example_dags/example_xcomargs.py for tasks to queue
[2024-10-20T03:05:28.057+0000] {logging_mixin.py:154} INFO - [2024-10-20T03:05:28.056+0000] {dagbag.py:536} INFO - Filling up the DagBag from /home/airflow/.local/lib/python3.8/site-packages/airflow/example_dags/example_xcomargs.py
[2024-10-20T03:05:28.067+0000] {processor.py:839} INFO - DAG(s) dict_keys(['example_xcom_args', 'example_xcom_args_with_operators']) retrieved from /home/airflow/.local/lib/python3.8/site-packages/airflow/example_dags/example_xcomargs.py
[2024-10-20T03:05:28.094+0000] {logging_mixin.py:154} INFO - [2024-10-20T03:05:28.093+0000] {dag.py:2941} INFO - Sync 2 DAGs
[2024-10-20T03:05:28.107+0000] {logging_mixin.py:154} INFO - [2024-10-20T03:05:28.107+0000] {dag.py:3722} INFO - Setting next_dagrun for example_xcom_args to None, run_after=None
[2024-10-20T03:05:28.112+0000] {logging_mixin.py:154} INFO - [2024-10-20T03:05:28.112+0000] {dag.py:3722} INFO - Setting next_dagrun for example_xcom_args_with_operators to None, run_after=None
[2024-10-20T03:05:28.134+0000] {processor.py:179} INFO - Processing /home/airflow/.local/lib/python3.8/site-packages/airflow/example_dags/example_xcomargs.py took 0.084 seconds
[2024-10-20T03:05:58.427+0000] {processor.py:157} INFO - Started process (PID=756) to work on /home/airflow/.local/lib/python3.8/site-packages/airflow/example_dags/example_xcomargs.py
[2024-10-20T03:05:58.429+0000] {processor.py:829} INFO - Processing file /home/airflow/.local/lib/python3.8/site-packages/airflow/example_dags/example_xcomargs.py for tasks to queue
[2024-10-20T03:05:58.432+0000] {logging_mixin.py:154} INFO - [2024-10-20T03:05:58.431+0000] {dagbag.py:536} INFO - Filling up the DagBag from /home/airflow/.local/lib/python3.8/site-packages/airflow/example_dags/example_xcomargs.py
[2024-10-20T03:05:58.439+0000] {processor.py:839} INFO - DAG(s) dict_keys(['example_xcom_args_with_operators', 'example_xcom_args']) retrieved from /home/airflow/.local/lib/python3.8/site-packages/airflow/example_dags/example_xcomargs.py
[2024-10-20T03:05:58.467+0000] {logging_mixin.py:154} INFO - [2024-10-20T03:05:58.467+0000] {dag.py:2941} INFO - Sync 2 DAGs
[2024-10-20T03:05:58.481+0000] {logging_mixin.py:154} INFO - [2024-10-20T03:05:58.480+0000] {dag.py:3722} INFO - Setting next_dagrun for example_xcom_args to None, run_after=None
[2024-10-20T03:05:58.485+0000] {logging_mixin.py:154} INFO - [2024-10-20T03:05:58.485+0000] {dag.py:3722} INFO - Setting next_dagrun for example_xcom_args_with_operators to None, run_after=None
[2024-10-20T03:05:58.508+0000] {processor.py:179} INFO - Processing /home/airflow/.local/lib/python3.8/site-packages/airflow/example_dags/example_xcomargs.py took 0.084 seconds
[2024-10-20T03:06:28.862+0000] {processor.py:157} INFO - Started process (PID=812) to work on /home/airflow/.local/lib/python3.8/site-packages/airflow/example_dags/example_xcomargs.py
[2024-10-20T03:06:28.863+0000] {processor.py:829} INFO - Processing file /home/airflow/.local/lib/python3.8/site-packages/airflow/example_dags/example_xcomargs.py for tasks to queue
[2024-10-20T03:06:28.866+0000] {logging_mixin.py:154} INFO - [2024-10-20T03:06:28.866+0000] {dagbag.py:536} INFO - Filling up the DagBag from /home/airflow/.local/lib/python3.8/site-packages/airflow/example_dags/example_xcomargs.py
[2024-10-20T03:06:28.873+0000] {processor.py:839} INFO - DAG(s) dict_keys(['example_xcom_args_with_operators', 'example_xcom_args']) retrieved from /home/airflow/.local/lib/python3.8/site-packages/airflow/example_dags/example_xcomargs.py
[2024-10-20T03:06:28.899+0000] {logging_mixin.py:154} INFO - [2024-10-20T03:06:28.899+0000] {dag.py:2941} INFO - Sync 2 DAGs
[2024-10-20T03:06:28.913+0000] {logging_mixin.py:154} INFO - [2024-10-20T03:06:28.912+0000] {dag.py:3722} INFO - Setting next_dagrun for example_xcom_args to None, run_after=None
[2024-10-20T03:06:28.917+0000] {logging_mixin.py:154} INFO - [2024-10-20T03:06:28.917+0000] {dag.py:3722} INFO - Setting next_dagrun for example_xcom_args_with_operators to None, run_after=None
[2024-10-20T03:06:28.936+0000] {processor.py:179} INFO - Processing /home/airflow/.local/lib/python3.8/site-packages/airflow/example_dags/example_xcomargs.py took 0.077 seconds
[2024-10-20T03:06:59.195+0000] {processor.py:157} INFO - Started process (PID=868) to work on /home/airflow/.local/lib/python3.8/site-packages/airflow/example_dags/example_xcomargs.py
[2024-10-20T03:06:59.196+0000] {processor.py:829} INFO - Processing file /home/airflow/.local/lib/python3.8/site-packages/airflow/example_dags/example_xcomargs.py for tasks to queue
[2024-10-20T03:06:59.198+0000] {logging_mixin.py:154} INFO - [2024-10-20T03:06:59.198+0000] {dagbag.py:536} INFO - Filling up the DagBag from /home/airflow/.local/lib/python3.8/site-packages/airflow/example_dags/example_xcomargs.py
[2024-10-20T03:06:59.207+0000] {processor.py:839} INFO - DAG(s) dict_keys(['example_xcom_args', 'example_xcom_args_with_operators']) retrieved from /home/airflow/.local/lib/python3.8/site-packages/airflow/example_dags/example_xcomargs.py
[2024-10-20T03:06:59.238+0000] {logging_mixin.py:154} INFO - [2024-10-20T03:06:59.237+0000] {dag.py:2941} INFO - Sync 2 DAGs
[2024-10-20T03:06:59.252+0000] {logging_mixin.py:154} INFO - [2024-10-20T03:06:59.251+0000] {dag.py:3722} INFO - Setting next_dagrun for example_xcom_args to None, run_after=None
[2024-10-20T03:06:59.256+0000] {logging_mixin.py:154} INFO - [2024-10-20T03:06:59.256+0000] {dag.py:3722} INFO - Setting next_dagrun for example_xcom_args_with_operators to None, run_after=None
[2024-10-20T03:06:59.276+0000] {processor.py:179} INFO - Processing /home/airflow/.local/lib/python3.8/site-packages/airflow/example_dags/example_xcomargs.py took 0.085 seconds
[2024-10-20T03:07:29.675+0000] {processor.py:157} INFO - Started process (PID=924) to work on /home/airflow/.local/lib/python3.8/site-packages/airflow/example_dags/example_xcomargs.py
[2024-10-20T03:07:29.677+0000] {processor.py:829} INFO - Processing file /home/airflow/.local/lib/python3.8/site-packages/airflow/example_dags/example_xcomargs.py for tasks to queue
[2024-10-20T03:07:29.679+0000] {logging_mixin.py:154} INFO - [2024-10-20T03:07:29.679+0000] {dagbag.py:536} INFO - Filling up the DagBag from /home/airflow/.local/lib/python3.8/site-packages/airflow/example_dags/example_xcomargs.py
[2024-10-20T03:07:29.692+0000] {processor.py:839} INFO - DAG(s) dict_keys(['example_xcom_args', 'example_xcom_args_with_operators']) retrieved from /home/airflow/.local/lib/python3.8/site-packages/airflow/example_dags/example_xcomargs.py
[2024-10-20T03:07:29.735+0000] {logging_mixin.py:154} INFO - [2024-10-20T03:07:29.735+0000] {dag.py:2941} INFO - Sync 2 DAGs
[2024-10-20T03:07:29.751+0000] {logging_mixin.py:154} INFO - [2024-10-20T03:07:29.751+0000] {dag.py:3722} INFO - Setting next_dagrun for example_xcom_args to None, run_after=None
[2024-10-20T03:07:29.756+0000] {logging_mixin.py:154} INFO - [2024-10-20T03:07:29.756+0000] {dag.py:3722} INFO - Setting next_dagrun for example_xcom_args_with_operators to None, run_after=None
[2024-10-20T03:07:29.777+0000] {processor.py:179} INFO - Processing /home/airflow/.local/lib/python3.8/site-packages/airflow/example_dags/example_xcomargs.py took 0.106 seconds
[2024-10-20T03:08:46.814+0000] {processor.py:157} INFO - Started process (PID=71) to work on /home/airflow/.local/lib/python3.8/site-packages/airflow/example_dags/example_xcomargs.py
[2024-10-20T03:08:46.817+0000] {processor.py:829} INFO - Processing file /home/airflow/.local/lib/python3.8/site-packages/airflow/example_dags/example_xcomargs.py for tasks to queue
[2024-10-20T03:08:46.822+0000] {logging_mixin.py:154} INFO - [2024-10-20T03:08:46.821+0000] {dagbag.py:536} INFO - Filling up the DagBag from /home/airflow/.local/lib/python3.8/site-packages/airflow/example_dags/example_xcomargs.py
[2024-10-20T03:08:46.840+0000] {processor.py:839} INFO - DAG(s) dict_keys(['example_xcom_args', 'example_xcom_args_with_operators']) retrieved from /home/airflow/.local/lib/python3.8/site-packages/airflow/example_dags/example_xcomargs.py
[2024-10-20T03:08:46.866+0000] {logging_mixin.py:154} INFO - [2024-10-20T03:08:46.865+0000] {dag.py:2941} INFO - Sync 2 DAGs
[2024-10-20T03:08:46.893+0000] {logging_mixin.py:154} INFO - [2024-10-20T03:08:46.893+0000] {dag.py:3722} INFO - Setting next_dagrun for example_xcom_args to None, run_after=None
[2024-10-20T03:08:46.899+0000] {logging_mixin.py:154} INFO - [2024-10-20T03:08:46.898+0000] {dag.py:3722} INFO - Setting next_dagrun for example_xcom_args_with_operators to None, run_after=None
[2024-10-20T03:08:46.936+0000] {processor.py:179} INFO - Processing /home/airflow/.local/lib/python3.8/site-packages/airflow/example_dags/example_xcomargs.py took 0.128 seconds
[2024-10-20T03:09:17.819+0000] {processor.py:157} INFO - Started process (PID=132) to work on /home/airflow/.local/lib/python3.8/site-packages/airflow/example_dags/example_xcomargs.py
[2024-10-20T03:09:17.820+0000] {processor.py:829} INFO - Processing file /home/airflow/.local/lib/python3.8/site-packages/airflow/example_dags/example_xcomargs.py for tasks to queue
[2024-10-20T03:09:17.823+0000] {logging_mixin.py:154} INFO - [2024-10-20T03:09:17.823+0000] {dagbag.py:536} INFO - Filling up the DagBag from /home/airflow/.local/lib/python3.8/site-packages/airflow/example_dags/example_xcomargs.py
[2024-10-20T03:09:17.831+0000] {processor.py:839} INFO - DAG(s) dict_keys(['example_xcom_args', 'example_xcom_args_with_operators']) retrieved from /home/airflow/.local/lib/python3.8/site-packages/airflow/example_dags/example_xcomargs.py
[2024-10-20T03:09:17.861+0000] {logging_mixin.py:154} INFO - [2024-10-20T03:09:17.861+0000] {dag.py:2941} INFO - Sync 2 DAGs
[2024-10-20T03:09:17.880+0000] {logging_mixin.py:154} INFO - [2024-10-20T03:09:17.880+0000] {dag.py:3722} INFO - Setting next_dagrun for example_xcom_args to None, run_after=None
[2024-10-20T03:09:17.885+0000] {logging_mixin.py:154} INFO - [2024-10-20T03:09:17.885+0000] {dag.py:3722} INFO - Setting next_dagrun for example_xcom_args_with_operators to None, run_after=None
[2024-10-20T03:09:17.909+0000] {processor.py:179} INFO - Processing /home/airflow/.local/lib/python3.8/site-packages/airflow/example_dags/example_xcomargs.py took 0.093 seconds
[2024-10-20T03:09:48.121+0000] {processor.py:157} INFO - Started process (PID=188) to work on /home/airflow/.local/lib/python3.8/site-packages/airflow/example_dags/example_xcomargs.py
[2024-10-20T03:09:48.123+0000] {processor.py:829} INFO - Processing file /home/airflow/.local/lib/python3.8/site-packages/airflow/example_dags/example_xcomargs.py for tasks to queue
[2024-10-20T03:09:48.125+0000] {logging_mixin.py:154} INFO - [2024-10-20T03:09:48.125+0000] {dagbag.py:536} INFO - Filling up the DagBag from /home/airflow/.local/lib/python3.8/site-packages/airflow/example_dags/example_xcomargs.py
[2024-10-20T03:09:48.134+0000] {processor.py:839} INFO - DAG(s) dict_keys(['example_xcom_args_with_operators', 'example_xcom_args']) retrieved from /home/airflow/.local/lib/python3.8/site-packages/airflow/example_dags/example_xcomargs.py
[2024-10-20T03:09:48.159+0000] {logging_mixin.py:154} INFO - [2024-10-20T03:09:48.158+0000] {dag.py:2941} INFO - Sync 2 DAGs
[2024-10-20T03:09:48.173+0000] {logging_mixin.py:154} INFO - [2024-10-20T03:09:48.173+0000] {dag.py:3722} INFO - Setting next_dagrun for example_xcom_args to None, run_after=None
[2024-10-20T03:09:48.177+0000] {logging_mixin.py:154} INFO - [2024-10-20T03:09:48.177+0000] {dag.py:3722} INFO - Setting next_dagrun for example_xcom_args_with_operators to None, run_after=None
[2024-10-20T03:09:48.199+0000] {processor.py:179} INFO - Processing /home/airflow/.local/lib/python3.8/site-packages/airflow/example_dags/example_xcomargs.py took 0.081 seconds
[2024-10-20T03:10:18.507+0000] {processor.py:157} INFO - Started process (PID=244) to work on /home/airflow/.local/lib/python3.8/site-packages/airflow/example_dags/example_xcomargs.py
[2024-10-20T03:10:18.510+0000] {processor.py:829} INFO - Processing file /home/airflow/.local/lib/python3.8/site-packages/airflow/example_dags/example_xcomargs.py for tasks to queue
[2024-10-20T03:10:18.515+0000] {logging_mixin.py:154} INFO - [2024-10-20T03:10:18.514+0000] {dagbag.py:536} INFO - Filling up the DagBag from /home/airflow/.local/lib/python3.8/site-packages/airflow/example_dags/example_xcomargs.py
[2024-10-20T03:10:18.527+0000] {processor.py:839} INFO - DAG(s) dict_keys(['example_xcom_args', 'example_xcom_args_with_operators']) retrieved from /home/airflow/.local/lib/python3.8/site-packages/airflow/example_dags/example_xcomargs.py
[2024-10-20T03:10:18.560+0000] {logging_mixin.py:154} INFO - [2024-10-20T03:10:18.560+0000] {dag.py:2941} INFO - Sync 2 DAGs
[2024-10-20T03:10:18.574+0000] {logging_mixin.py:154} INFO - [2024-10-20T03:10:18.574+0000] {dag.py:3722} INFO - Setting next_dagrun for example_xcom_args to None, run_after=None
[2024-10-20T03:10:18.579+0000] {logging_mixin.py:154} INFO - [2024-10-20T03:10:18.579+0000] {dag.py:3722} INFO - Setting next_dagrun for example_xcom_args_with_operators to None, run_after=None
[2024-10-20T03:10:18.603+0000] {processor.py:179} INFO - Processing /home/airflow/.local/lib/python3.8/site-packages/airflow/example_dags/example_xcomargs.py took 0.100 seconds
[2024-10-20T03:10:49.000+0000] {processor.py:157} INFO - Started process (PID=300) to work on /home/airflow/.local/lib/python3.8/site-packages/airflow/example_dags/example_xcomargs.py
[2024-10-20T03:10:49.001+0000] {processor.py:829} INFO - Processing file /home/airflow/.local/lib/python3.8/site-packages/airflow/example_dags/example_xcomargs.py for tasks to queue
[2024-10-20T03:10:49.004+0000] {logging_mixin.py:154} INFO - [2024-10-20T03:10:49.003+0000] {dagbag.py:536} INFO - Filling up the DagBag from /home/airflow/.local/lib/python3.8/site-packages/airflow/example_dags/example_xcomargs.py
[2024-10-20T03:10:49.012+0000] {processor.py:839} INFO - DAG(s) dict_keys(['example_xcom_args_with_operators', 'example_xcom_args']) retrieved from /home/airflow/.local/lib/python3.8/site-packages/airflow/example_dags/example_xcomargs.py
[2024-10-20T03:10:49.041+0000] {logging_mixin.py:154} INFO - [2024-10-20T03:10:49.041+0000] {dag.py:2941} INFO - Sync 2 DAGs
[2024-10-20T03:10:49.056+0000] {logging_mixin.py:154} INFO - [2024-10-20T03:10:49.056+0000] {dag.py:3722} INFO - Setting next_dagrun for example_xcom_args to None, run_after=None
[2024-10-20T03:10:49.061+0000] {logging_mixin.py:154} INFO - [2024-10-20T03:10:49.060+0000] {dag.py:3722} INFO - Setting next_dagrun for example_xcom_args_with_operators to None, run_after=None
[2024-10-20T03:10:49.087+0000] {processor.py:179} INFO - Processing /home/airflow/.local/lib/python3.8/site-packages/airflow/example_dags/example_xcomargs.py took 0.089 seconds
[2024-10-20T03:11:19.157+0000] {processor.py:157} INFO - Started process (PID=356) to work on /home/airflow/.local/lib/python3.8/site-packages/airflow/example_dags/example_xcomargs.py
[2024-10-20T03:11:19.158+0000] {processor.py:829} INFO - Processing file /home/airflow/.local/lib/python3.8/site-packages/airflow/example_dags/example_xcomargs.py for tasks to queue
[2024-10-20T03:11:19.161+0000] {logging_mixin.py:154} INFO - [2024-10-20T03:11:19.161+0000] {dagbag.py:536} INFO - Filling up the DagBag from /home/airflow/.local/lib/python3.8/site-packages/airflow/example_dags/example_xcomargs.py
[2024-10-20T03:11:19.171+0000] {processor.py:839} INFO - DAG(s) dict_keys(['example_xcom_args_with_operators', 'example_xcom_args']) retrieved from /home/airflow/.local/lib/python3.8/site-packages/airflow/example_dags/example_xcomargs.py
[2024-10-20T03:11:19.205+0000] {logging_mixin.py:154} INFO - [2024-10-20T03:11:19.205+0000] {dag.py:2941} INFO - Sync 2 DAGs
[2024-10-20T03:11:19.221+0000] {logging_mixin.py:154} INFO - [2024-10-20T03:11:19.221+0000] {dag.py:3722} INFO - Setting next_dagrun for example_xcom_args to None, run_after=None
[2024-10-20T03:11:19.227+0000] {logging_mixin.py:154} INFO - [2024-10-20T03:11:19.226+0000] {dag.py:3722} INFO - Setting next_dagrun for example_xcom_args_with_operators to None, run_after=None
[2024-10-20T03:11:19.258+0000] {processor.py:179} INFO - Processing /home/airflow/.local/lib/python3.8/site-packages/airflow/example_dags/example_xcomargs.py took 0.105 seconds
[2024-10-20T03:11:49.632+0000] {processor.py:157} INFO - Started process (PID=412) to work on /home/airflow/.local/lib/python3.8/site-packages/airflow/example_dags/example_xcomargs.py
[2024-10-20T03:11:49.633+0000] {processor.py:829} INFO - Processing file /home/airflow/.local/lib/python3.8/site-packages/airflow/example_dags/example_xcomargs.py for tasks to queue
[2024-10-20T03:11:49.636+0000] {logging_mixin.py:154} INFO - [2024-10-20T03:11:49.636+0000] {dagbag.py:536} INFO - Filling up the DagBag from /home/airflow/.local/lib/python3.8/site-packages/airflow/example_dags/example_xcomargs.py
[2024-10-20T03:11:49.645+0000] {processor.py:839} INFO - DAG(s) dict_keys(['example_xcom_args', 'example_xcom_args_with_operators']) retrieved from /home/airflow/.local/lib/python3.8/site-packages/airflow/example_dags/example_xcomargs.py
[2024-10-20T03:11:49.673+0000] {logging_mixin.py:154} INFO - [2024-10-20T03:11:49.673+0000] {dag.py:2941} INFO - Sync 2 DAGs
[2024-10-20T03:11:49.686+0000] {logging_mixin.py:154} INFO - [2024-10-20T03:11:49.686+0000] {dag.py:3722} INFO - Setting next_dagrun for example_xcom_args to None, run_after=None
[2024-10-20T03:11:49.691+0000] {logging_mixin.py:154} INFO - [2024-10-20T03:11:49.691+0000] {dag.py:3722} INFO - Setting next_dagrun for example_xcom_args_with_operators to None, run_after=None
[2024-10-20T03:11:49.716+0000] {processor.py:179} INFO - Processing /home/airflow/.local/lib/python3.8/site-packages/airflow/example_dags/example_xcomargs.py took 0.087 seconds
[2024-10-20T03:12:19.927+0000] {processor.py:157} INFO - Started process (PID=467) to work on /home/airflow/.local/lib/python3.8/site-packages/airflow/example_dags/example_xcomargs.py
[2024-10-20T03:12:19.928+0000] {processor.py:829} INFO - Processing file /home/airflow/.local/lib/python3.8/site-packages/airflow/example_dags/example_xcomargs.py for tasks to queue
[2024-10-20T03:12:19.930+0000] {logging_mixin.py:154} INFO - [2024-10-20T03:12:19.930+0000] {dagbag.py:536} INFO - Filling up the DagBag from /home/airflow/.local/lib/python3.8/site-packages/airflow/example_dags/example_xcomargs.py
[2024-10-20T03:12:19.938+0000] {processor.py:839} INFO - DAG(s) dict_keys(['example_xcom_args_with_operators', 'example_xcom_args']) retrieved from /home/airflow/.local/lib/python3.8/site-packages/airflow/example_dags/example_xcomargs.py
[2024-10-20T03:12:19.966+0000] {logging_mixin.py:154} INFO - [2024-10-20T03:12:19.965+0000] {dag.py:2941} INFO - Sync 2 DAGs
[2024-10-20T03:12:19.979+0000] {logging_mixin.py:154} INFO - [2024-10-20T03:12:19.979+0000] {dag.py:3722} INFO - Setting next_dagrun for example_xcom_args to None, run_after=None
[2024-10-20T03:12:19.984+0000] {logging_mixin.py:154} INFO - [2024-10-20T03:12:19.983+0000] {dag.py:3722} INFO - Setting next_dagrun for example_xcom_args_with_operators to None, run_after=None
[2024-10-20T03:12:20.007+0000] {processor.py:179} INFO - Processing /home/airflow/.local/lib/python3.8/site-packages/airflow/example_dags/example_xcomargs.py took 0.083 seconds
[2024-10-20T03:12:50.565+0000] {processor.py:157} INFO - Started process (PID=524) to work on /home/airflow/.local/lib/python3.8/site-packages/airflow/example_dags/example_xcomargs.py
[2024-10-20T03:12:50.566+0000] {processor.py:829} INFO - Processing file /home/airflow/.local/lib/python3.8/site-packages/airflow/example_dags/example_xcomargs.py for tasks to queue
[2024-10-20T03:12:50.568+0000] {logging_mixin.py:154} INFO - [2024-10-20T03:12:50.568+0000] {dagbag.py:536} INFO - Filling up the DagBag from /home/airflow/.local/lib/python3.8/site-packages/airflow/example_dags/example_xcomargs.py
[2024-10-20T03:12:50.577+0000] {processor.py:839} INFO - DAG(s) dict_keys(['example_xcom_args_with_operators', 'example_xcom_args']) retrieved from /home/airflow/.local/lib/python3.8/site-packages/airflow/example_dags/example_xcomargs.py
[2024-10-20T03:12:50.617+0000] {logging_mixin.py:154} INFO - [2024-10-20T03:12:50.617+0000] {dag.py:2941} INFO - Sync 2 DAGs
[2024-10-20T03:12:50.632+0000] {logging_mixin.py:154} INFO - [2024-10-20T03:12:50.632+0000] {dag.py:3722} INFO - Setting next_dagrun for example_xcom_args to None, run_after=None
[2024-10-20T03:12:50.637+0000] {logging_mixin.py:154} INFO - [2024-10-20T03:12:50.636+0000] {dag.py:3722} INFO - Setting next_dagrun for example_xcom_args_with_operators to None, run_after=None
[2024-10-20T03:12:50.664+0000] {processor.py:179} INFO - Processing /home/airflow/.local/lib/python3.8/site-packages/airflow/example_dags/example_xcomargs.py took 0.102 seconds
[2024-10-20T03:13:21.064+0000] {processor.py:157} INFO - Started process (PID=580) to work on /home/airflow/.local/lib/python3.8/site-packages/airflow/example_dags/example_xcomargs.py
[2024-10-20T03:13:21.065+0000] {processor.py:829} INFO - Processing file /home/airflow/.local/lib/python3.8/site-packages/airflow/example_dags/example_xcomargs.py for tasks to queue
[2024-10-20T03:13:21.068+0000] {logging_mixin.py:154} INFO - [2024-10-20T03:13:21.067+0000] {dagbag.py:536} INFO - Filling up the DagBag from /home/airflow/.local/lib/python3.8/site-packages/airflow/example_dags/example_xcomargs.py
[2024-10-20T03:13:21.078+0000] {processor.py:839} INFO - DAG(s) dict_keys(['example_xcom_args_with_operators', 'example_xcom_args']) retrieved from /home/airflow/.local/lib/python3.8/site-packages/airflow/example_dags/example_xcomargs.py
[2024-10-20T03:13:21.110+0000] {logging_mixin.py:154} INFO - [2024-10-20T03:13:21.110+0000] {dag.py:2941} INFO - Sync 2 DAGs
[2024-10-20T03:13:21.123+0000] {logging_mixin.py:154} INFO - [2024-10-20T03:13:21.123+0000] {dag.py:3722} INFO - Setting next_dagrun for example_xcom_args to None, run_after=None
[2024-10-20T03:13:21.127+0000] {logging_mixin.py:154} INFO - [2024-10-20T03:13:21.127+0000] {dag.py:3722} INFO - Setting next_dagrun for example_xcom_args_with_operators to None, run_after=None
[2024-10-20T03:13:21.147+0000] {processor.py:179} INFO - Processing /home/airflow/.local/lib/python3.8/site-packages/airflow/example_dags/example_xcomargs.py took 0.086 seconds
[2024-10-20T03:13:51.554+0000] {processor.py:157} INFO - Started process (PID=636) to work on /home/airflow/.local/lib/python3.8/site-packages/airflow/example_dags/example_xcomargs.py
[2024-10-20T03:13:51.555+0000] {processor.py:829} INFO - Processing file /home/airflow/.local/lib/python3.8/site-packages/airflow/example_dags/example_xcomargs.py for tasks to queue
[2024-10-20T03:13:51.559+0000] {logging_mixin.py:154} INFO - [2024-10-20T03:13:51.558+0000] {dagbag.py:536} INFO - Filling up the DagBag from /home/airflow/.local/lib/python3.8/site-packages/airflow/example_dags/example_xcomargs.py
[2024-10-20T03:13:51.568+0000] {processor.py:839} INFO - DAG(s) dict_keys(['example_xcom_args', 'example_xcom_args_with_operators']) retrieved from /home/airflow/.local/lib/python3.8/site-packages/airflow/example_dags/example_xcomargs.py
[2024-10-20T03:13:51.604+0000] {logging_mixin.py:154} INFO - [2024-10-20T03:13:51.604+0000] {dag.py:2941} INFO - Sync 2 DAGs
[2024-10-20T03:13:51.620+0000] {logging_mixin.py:154} INFO - [2024-10-20T03:13:51.619+0000] {dag.py:3722} INFO - Setting next_dagrun for example_xcom_args to None, run_after=None
[2024-10-20T03:13:51.625+0000] {logging_mixin.py:154} INFO - [2024-10-20T03:13:51.624+0000] {dag.py:3722} INFO - Setting next_dagrun for example_xcom_args_with_operators to None, run_after=None
[2024-10-20T03:13:51.652+0000] {processor.py:179} INFO - Processing /home/airflow/.local/lib/python3.8/site-packages/airflow/example_dags/example_xcomargs.py took 0.102 seconds
[2024-10-20T03:14:22.011+0000] {processor.py:157} INFO - Started process (PID=692) to work on /home/airflow/.local/lib/python3.8/site-packages/airflow/example_dags/example_xcomargs.py
[2024-10-20T03:14:22.012+0000] {processor.py:829} INFO - Processing file /home/airflow/.local/lib/python3.8/site-packages/airflow/example_dags/example_xcomargs.py for tasks to queue
[2024-10-20T03:14:22.015+0000] {logging_mixin.py:154} INFO - [2024-10-20T03:14:22.014+0000] {dagbag.py:536} INFO - Filling up the DagBag from /home/airflow/.local/lib/python3.8/site-packages/airflow/example_dags/example_xcomargs.py
[2024-10-20T03:14:22.022+0000] {processor.py:839} INFO - DAG(s) dict_keys(['example_xcom_args_with_operators', 'example_xcom_args']) retrieved from /home/airflow/.local/lib/python3.8/site-packages/airflow/example_dags/example_xcomargs.py
[2024-10-20T03:14:22.049+0000] {logging_mixin.py:154} INFO - [2024-10-20T03:14:22.049+0000] {dag.py:2941} INFO - Sync 2 DAGs
[2024-10-20T03:14:22.063+0000] {logging_mixin.py:154} INFO - [2024-10-20T03:14:22.063+0000] {dag.py:3722} INFO - Setting next_dagrun for example_xcom_args to None, run_after=None
[2024-10-20T03:14:22.068+0000] {logging_mixin.py:154} INFO - [2024-10-20T03:14:22.068+0000] {dag.py:3722} INFO - Setting next_dagrun for example_xcom_args_with_operators to None, run_after=None
[2024-10-20T03:14:22.092+0000] {processor.py:179} INFO - Processing /home/airflow/.local/lib/python3.8/site-packages/airflow/example_dags/example_xcomargs.py took 0.083 seconds
[2024-10-20T03:14:52.353+0000] {processor.py:157} INFO - Started process (PID=747) to work on /home/airflow/.local/lib/python3.8/site-packages/airflow/example_dags/example_xcomargs.py
[2024-10-20T03:14:52.354+0000] {processor.py:829} INFO - Processing file /home/airflow/.local/lib/python3.8/site-packages/airflow/example_dags/example_xcomargs.py for tasks to queue
[2024-10-20T03:14:52.357+0000] {logging_mixin.py:154} INFO - [2024-10-20T03:14:52.356+0000] {dagbag.py:536} INFO - Filling up the DagBag from /home/airflow/.local/lib/python3.8/site-packages/airflow/example_dags/example_xcomargs.py
[2024-10-20T03:14:52.363+0000] {processor.py:839} INFO - DAG(s) dict_keys(['example_xcom_args', 'example_xcom_args_with_operators']) retrieved from /home/airflow/.local/lib/python3.8/site-packages/airflow/example_dags/example_xcomargs.py
[2024-10-20T03:14:52.387+0000] {logging_mixin.py:154} INFO - [2024-10-20T03:14:52.387+0000] {dag.py:2941} INFO - Sync 2 DAGs
[2024-10-20T03:14:52.399+0000] {logging_mixin.py:154} INFO - [2024-10-20T03:14:52.399+0000] {dag.py:3722} INFO - Setting next_dagrun for example_xcom_args to None, run_after=None
[2024-10-20T03:14:52.406+0000] {logging_mixin.py:154} INFO - [2024-10-20T03:14:52.406+0000] {dag.py:3722} INFO - Setting next_dagrun for example_xcom_args_with_operators to None, run_after=None
[2024-10-20T03:14:52.424+0000] {processor.py:179} INFO - Processing /home/airflow/.local/lib/python3.8/site-packages/airflow/example_dags/example_xcomargs.py took 0.074 seconds
[2024-10-20T03:15:22.970+0000] {processor.py:157} INFO - Started process (PID=804) to work on /home/airflow/.local/lib/python3.8/site-packages/airflow/example_dags/example_xcomargs.py
[2024-10-20T03:15:22.971+0000] {processor.py:829} INFO - Processing file /home/airflow/.local/lib/python3.8/site-packages/airflow/example_dags/example_xcomargs.py for tasks to queue
[2024-10-20T03:15:22.973+0000] {logging_mixin.py:154} INFO - [2024-10-20T03:15:22.973+0000] {dagbag.py:536} INFO - Filling up the DagBag from /home/airflow/.local/lib/python3.8/site-packages/airflow/example_dags/example_xcomargs.py
[2024-10-20T03:15:22.980+0000] {processor.py:839} INFO - DAG(s) dict_keys(['example_xcom_args_with_operators', 'example_xcom_args']) retrieved from /home/airflow/.local/lib/python3.8/site-packages/airflow/example_dags/example_xcomargs.py
[2024-10-20T03:15:23.005+0000] {logging_mixin.py:154} INFO - [2024-10-20T03:15:23.005+0000] {dag.py:2941} INFO - Sync 2 DAGs
[2024-10-20T03:15:23.017+0000] {logging_mixin.py:154} INFO - [2024-10-20T03:15:23.017+0000] {dag.py:3722} INFO - Setting next_dagrun for example_xcom_args to None, run_after=None
[2024-10-20T03:15:23.022+0000] {logging_mixin.py:154} INFO - [2024-10-20T03:15:23.022+0000] {dag.py:3722} INFO - Setting next_dagrun for example_xcom_args_with_operators to None, run_after=None
[2024-10-20T03:15:23.043+0000] {processor.py:179} INFO - Processing /home/airflow/.local/lib/python3.8/site-packages/airflow/example_dags/example_xcomargs.py took 0.075 seconds
[2024-10-20T03:15:53.658+0000] {processor.py:157} INFO - Started process (PID=860) to work on /home/airflow/.local/lib/python3.8/site-packages/airflow/example_dags/example_xcomargs.py
[2024-10-20T03:15:53.660+0000] {processor.py:829} INFO - Processing file /home/airflow/.local/lib/python3.8/site-packages/airflow/example_dags/example_xcomargs.py for tasks to queue
[2024-10-20T03:15:53.662+0000] {logging_mixin.py:154} INFO - [2024-10-20T03:15:53.662+0000] {dagbag.py:536} INFO - Filling up the DagBag from /home/airflow/.local/lib/python3.8/site-packages/airflow/example_dags/example_xcomargs.py
[2024-10-20T03:15:53.671+0000] {processor.py:839} INFO - DAG(s) dict_keys(['example_xcom_args_with_operators', 'example_xcom_args']) retrieved from /home/airflow/.local/lib/python3.8/site-packages/airflow/example_dags/example_xcomargs.py
[2024-10-20T03:15:53.704+0000] {logging_mixin.py:154} INFO - [2024-10-20T03:15:53.704+0000] {dag.py:2941} INFO - Sync 2 DAGs
[2024-10-20T03:15:53.717+0000] {logging_mixin.py:154} INFO - [2024-10-20T03:15:53.717+0000] {dag.py:3722} INFO - Setting next_dagrun for example_xcom_args to None, run_after=None
[2024-10-20T03:15:53.722+0000] {logging_mixin.py:154} INFO - [2024-10-20T03:15:53.721+0000] {dag.py:3722} INFO - Setting next_dagrun for example_xcom_args_with_operators to None, run_after=None
[2024-10-20T03:15:53.746+0000] {processor.py:179} INFO - Processing /home/airflow/.local/lib/python3.8/site-packages/airflow/example_dags/example_xcomargs.py took 0.090 seconds
[2024-10-20T03:16:24.428+0000] {processor.py:157} INFO - Started process (PID=916) to work on /home/airflow/.local/lib/python3.8/site-packages/airflow/example_dags/example_xcomargs.py
[2024-10-20T03:16:24.429+0000] {processor.py:829} INFO - Processing file /home/airflow/.local/lib/python3.8/site-packages/airflow/example_dags/example_xcomargs.py for tasks to queue
[2024-10-20T03:16:24.432+0000] {logging_mixin.py:154} INFO - [2024-10-20T03:16:24.432+0000] {dagbag.py:536} INFO - Filling up the DagBag from /home/airflow/.local/lib/python3.8/site-packages/airflow/example_dags/example_xcomargs.py
[2024-10-20T03:16:24.443+0000] {processor.py:839} INFO - DAG(s) dict_keys(['example_xcom_args', 'example_xcom_args_with_operators']) retrieved from /home/airflow/.local/lib/python3.8/site-packages/airflow/example_dags/example_xcomargs.py
[2024-10-20T03:16:24.471+0000] {logging_mixin.py:154} INFO - [2024-10-20T03:16:24.471+0000] {dag.py:2941} INFO - Sync 2 DAGs
[2024-10-20T03:16:24.486+0000] {logging_mixin.py:154} INFO - [2024-10-20T03:16:24.486+0000] {dag.py:3722} INFO - Setting next_dagrun for example_xcom_args to None, run_after=None
[2024-10-20T03:16:24.490+0000] {logging_mixin.py:154} INFO - [2024-10-20T03:16:24.490+0000] {dag.py:3722} INFO - Setting next_dagrun for example_xcom_args_with_operators to None, run_after=None
[2024-10-20T03:16:24.517+0000] {processor.py:179} INFO - Processing /home/airflow/.local/lib/python3.8/site-packages/airflow/example_dags/example_xcomargs.py took 0.091 seconds
[2024-10-20T03:16:54.689+0000] {processor.py:157} INFO - Started process (PID=971) to work on /home/airflow/.local/lib/python3.8/site-packages/airflow/example_dags/example_xcomargs.py
[2024-10-20T03:16:54.690+0000] {processor.py:829} INFO - Processing file /home/airflow/.local/lib/python3.8/site-packages/airflow/example_dags/example_xcomargs.py for tasks to queue
[2024-10-20T03:16:54.693+0000] {logging_mixin.py:154} INFO - [2024-10-20T03:16:54.692+0000] {dagbag.py:536} INFO - Filling up the DagBag from /home/airflow/.local/lib/python3.8/site-packages/airflow/example_dags/example_xcomargs.py
[2024-10-20T03:16:54.699+0000] {processor.py:839} INFO - DAG(s) dict_keys(['example_xcom_args_with_operators', 'example_xcom_args']) retrieved from /home/airflow/.local/lib/python3.8/site-packages/airflow/example_dags/example_xcomargs.py
[2024-10-20T03:16:54.723+0000] {logging_mixin.py:154} INFO - [2024-10-20T03:16:54.723+0000] {dag.py:2941} INFO - Sync 2 DAGs
[2024-10-20T03:16:54.735+0000] {logging_mixin.py:154} INFO - [2024-10-20T03:16:54.735+0000] {dag.py:3722} INFO - Setting next_dagrun for example_xcom_args to None, run_after=None
[2024-10-20T03:16:54.739+0000] {logging_mixin.py:154} INFO - [2024-10-20T03:16:54.739+0000] {dag.py:3722} INFO - Setting next_dagrun for example_xcom_args_with_operators to None, run_after=None
[2024-10-20T03:16:54.759+0000] {processor.py:179} INFO - Processing /home/airflow/.local/lib/python3.8/site-packages/airflow/example_dags/example_xcomargs.py took 0.072 seconds
[2024-10-20T03:17:25.278+0000] {processor.py:157} INFO - Started process (PID=1027) to work on /home/airflow/.local/lib/python3.8/site-packages/airflow/example_dags/example_xcomargs.py
[2024-10-20T03:17:25.279+0000] {processor.py:829} INFO - Processing file /home/airflow/.local/lib/python3.8/site-packages/airflow/example_dags/example_xcomargs.py for tasks to queue
[2024-10-20T03:17:25.282+0000] {logging_mixin.py:154} INFO - [2024-10-20T03:17:25.281+0000] {dagbag.py:536} INFO - Filling up the DagBag from /home/airflow/.local/lib/python3.8/site-packages/airflow/example_dags/example_xcomargs.py
[2024-10-20T03:17:25.290+0000] {processor.py:839} INFO - DAG(s) dict_keys(['example_xcom_args_with_operators', 'example_xcom_args']) retrieved from /home/airflow/.local/lib/python3.8/site-packages/airflow/example_dags/example_xcomargs.py
[2024-10-20T03:17:25.314+0000] {logging_mixin.py:154} INFO - [2024-10-20T03:17:25.314+0000] {dag.py:2941} INFO - Sync 2 DAGs
[2024-10-20T03:17:25.327+0000] {logging_mixin.py:154} INFO - [2024-10-20T03:17:25.326+0000] {dag.py:3722} INFO - Setting next_dagrun for example_xcom_args to None, run_after=None
[2024-10-20T03:17:25.330+0000] {logging_mixin.py:154} INFO - [2024-10-20T03:17:25.330+0000] {dag.py:3722} INFO - Setting next_dagrun for example_xcom_args_with_operators to None, run_after=None
[2024-10-20T03:17:25.353+0000] {processor.py:179} INFO - Processing /home/airflow/.local/lib/python3.8/site-packages/airflow/example_dags/example_xcomargs.py took 0.077 seconds
