[2024-10-20T02:46:15.692+0000] {processor.py:157} INFO - Started process (PID=70) to work on /home/airflow/.local/lib/python3.8/site-packages/airflow/example_dags/tutorial.py
[2024-10-20T02:46:15.695+0000] {processor.py:829} INFO - Processing file /home/airflow/.local/lib/python3.8/site-packages/airflow/example_dags/tutorial.py for tasks to queue
[2024-10-20T02:46:15.699+0000] {logging_mixin.py:154} INFO - [2024-10-20T02:46:15.698+0000] {dagbag.py:536} INFO - Filling up the DagBag from /home/airflow/.local/lib/python3.8/site-packages/airflow/example_dags/tutorial.py
[2024-10-20T02:46:15.713+0000] {processor.py:839} INFO - DAG(s) dict_keys(['tutorial']) retrieved from /home/airflow/.local/lib/python3.8/site-packages/airflow/example_dags/tutorial.py
[2024-10-20T02:46:15.737+0000] {logging_mixin.py:154} INFO - [2024-10-20T02:46:15.737+0000] {dag.py:2941} INFO - Sync 1 DAGs
[2024-10-20T02:46:15.770+0000] {logging_mixin.py:154} INFO - [2024-10-20T02:46:15.770+0000] {dag.py:3722} INFO - Setting next_dagrun for tutorial to 2024-10-19T02:46:15.769895+00:00, run_after=2024-10-20T02:46:15.769895+00:00
[2024-10-20T02:46:15.802+0000] {processor.py:179} INFO - Processing /home/airflow/.local/lib/python3.8/site-packages/airflow/example_dags/tutorial.py took 0.117 seconds
[2024-10-20T02:46:46.382+0000] {processor.py:157} INFO - Started process (PID=124) to work on /home/airflow/.local/lib/python3.8/site-packages/airflow/example_dags/tutorial.py
[2024-10-20T02:46:46.384+0000] {processor.py:829} INFO - Processing file /home/airflow/.local/lib/python3.8/site-packages/airflow/example_dags/tutorial.py for tasks to queue
[2024-10-20T02:46:46.386+0000] {logging_mixin.py:154} INFO - [2024-10-20T02:46:46.385+0000] {dagbag.py:536} INFO - Filling up the DagBag from /home/airflow/.local/lib/python3.8/site-packages/airflow/example_dags/tutorial.py
[2024-10-20T02:46:46.391+0000] {processor.py:839} INFO - DAG(s) dict_keys(['tutorial']) retrieved from /home/airflow/.local/lib/python3.8/site-packages/airflow/example_dags/tutorial.py
[2024-10-20T02:46:46.412+0000] {logging_mixin.py:154} INFO - [2024-10-20T02:46:46.412+0000] {dag.py:2941} INFO - Sync 1 DAGs
[2024-10-20T02:46:46.433+0000] {logging_mixin.py:154} INFO - [2024-10-20T02:46:46.433+0000] {dag.py:3722} INFO - Setting next_dagrun for tutorial to 2024-10-19T02:46:46.432993+00:00, run_after=2024-10-20T02:46:46.432993+00:00
[2024-10-20T02:46:46.455+0000] {processor.py:179} INFO - Processing /home/airflow/.local/lib/python3.8/site-packages/airflow/example_dags/tutorial.py took 0.076 seconds
[2024-10-20T02:47:16.714+0000] {processor.py:157} INFO - Started process (PID=180) to work on /home/airflow/.local/lib/python3.8/site-packages/airflow/example_dags/tutorial.py
[2024-10-20T02:47:16.715+0000] {processor.py:829} INFO - Processing file /home/airflow/.local/lib/python3.8/site-packages/airflow/example_dags/tutorial.py for tasks to queue
[2024-10-20T02:47:16.717+0000] {logging_mixin.py:154} INFO - [2024-10-20T02:47:16.717+0000] {dagbag.py:536} INFO - Filling up the DagBag from /home/airflow/.local/lib/python3.8/site-packages/airflow/example_dags/tutorial.py
[2024-10-20T02:47:16.723+0000] {processor.py:839} INFO - DAG(s) dict_keys(['tutorial']) retrieved from /home/airflow/.local/lib/python3.8/site-packages/airflow/example_dags/tutorial.py
[2024-10-20T02:47:16.746+0000] {logging_mixin.py:154} INFO - [2024-10-20T02:47:16.745+0000] {dag.py:2941} INFO - Sync 1 DAGs
[2024-10-20T02:47:16.769+0000] {logging_mixin.py:154} INFO - [2024-10-20T02:47:16.769+0000] {dag.py:3722} INFO - Setting next_dagrun for tutorial to 2024-10-19T02:47:16.769263+00:00, run_after=2024-10-20T02:47:16.769263+00:00
[2024-10-20T02:47:16.793+0000] {processor.py:179} INFO - Processing /home/airflow/.local/lib/python3.8/site-packages/airflow/example_dags/tutorial.py took 0.083 seconds
[2024-10-20T02:47:47.202+0000] {processor.py:157} INFO - Started process (PID=243) to work on /home/airflow/.local/lib/python3.8/site-packages/airflow/example_dags/tutorial.py
[2024-10-20T02:47:47.204+0000] {processor.py:829} INFO - Processing file /home/airflow/.local/lib/python3.8/site-packages/airflow/example_dags/tutorial.py for tasks to queue
[2024-10-20T02:47:47.207+0000] {logging_mixin.py:154} INFO - [2024-10-20T02:47:47.206+0000] {dagbag.py:536} INFO - Filling up the DagBag from /home/airflow/.local/lib/python3.8/site-packages/airflow/example_dags/tutorial.py
[2024-10-20T02:47:47.214+0000] {processor.py:839} INFO - DAG(s) dict_keys(['tutorial']) retrieved from /home/airflow/.local/lib/python3.8/site-packages/airflow/example_dags/tutorial.py
[2024-10-20T02:47:47.246+0000] {logging_mixin.py:154} INFO - [2024-10-20T02:47:47.246+0000] {dag.py:2941} INFO - Sync 1 DAGs
[2024-10-20T02:47:47.277+0000] {logging_mixin.py:154} INFO - [2024-10-20T02:47:47.276+0000] {dag.py:3722} INFO - Setting next_dagrun for tutorial to 2024-10-19T02:47:47.275989+00:00, run_after=2024-10-20T02:47:47.275989+00:00
[2024-10-20T02:47:47.300+0000] {processor.py:179} INFO - Processing /home/airflow/.local/lib/python3.8/site-packages/airflow/example_dags/tutorial.py took 0.100 seconds
[2024-10-20T02:48:17.502+0000] {processor.py:157} INFO - Started process (PID=299) to work on /home/airflow/.local/lib/python3.8/site-packages/airflow/example_dags/tutorial.py
[2024-10-20T02:48:17.503+0000] {processor.py:829} INFO - Processing file /home/airflow/.local/lib/python3.8/site-packages/airflow/example_dags/tutorial.py for tasks to queue
[2024-10-20T02:48:17.505+0000] {logging_mixin.py:154} INFO - [2024-10-20T02:48:17.505+0000] {dagbag.py:536} INFO - Filling up the DagBag from /home/airflow/.local/lib/python3.8/site-packages/airflow/example_dags/tutorial.py
[2024-10-20T02:48:17.512+0000] {processor.py:839} INFO - DAG(s) dict_keys(['tutorial']) retrieved from /home/airflow/.local/lib/python3.8/site-packages/airflow/example_dags/tutorial.py
[2024-10-20T02:48:17.541+0000] {logging_mixin.py:154} INFO - [2024-10-20T02:48:17.540+0000] {dag.py:2941} INFO - Sync 1 DAGs
[2024-10-20T02:48:17.571+0000] {logging_mixin.py:154} INFO - [2024-10-20T02:48:17.571+0000] {dag.py:3722} INFO - Setting next_dagrun for tutorial to 2024-10-19T02:48:17.571486+00:00, run_after=2024-10-20T02:48:17.571486+00:00
[2024-10-20T02:48:17.602+0000] {processor.py:179} INFO - Processing /home/airflow/.local/lib/python3.8/site-packages/airflow/example_dags/tutorial.py took 0.103 seconds
[2024-10-20T02:48:48.223+0000] {processor.py:157} INFO - Started process (PID=355) to work on /home/airflow/.local/lib/python3.8/site-packages/airflow/example_dags/tutorial.py
[2024-10-20T02:48:48.224+0000] {processor.py:829} INFO - Processing file /home/airflow/.local/lib/python3.8/site-packages/airflow/example_dags/tutorial.py for tasks to queue
[2024-10-20T02:48:48.227+0000] {logging_mixin.py:154} INFO - [2024-10-20T02:48:48.227+0000] {dagbag.py:536} INFO - Filling up the DagBag from /home/airflow/.local/lib/python3.8/site-packages/airflow/example_dags/tutorial.py
[2024-10-20T02:48:48.238+0000] {processor.py:839} INFO - DAG(s) dict_keys(['tutorial']) retrieved from /home/airflow/.local/lib/python3.8/site-packages/airflow/example_dags/tutorial.py
[2024-10-20T02:48:48.276+0000] {logging_mixin.py:154} INFO - [2024-10-20T02:48:48.276+0000] {dag.py:2941} INFO - Sync 1 DAGs
[2024-10-20T02:48:48.308+0000] {logging_mixin.py:154} INFO - [2024-10-20T02:48:48.308+0000] {dag.py:3722} INFO - Setting next_dagrun for tutorial to 2024-10-19T02:48:48.308331+00:00, run_after=2024-10-20T02:48:48.308331+00:00
[2024-10-20T02:48:48.335+0000] {processor.py:179} INFO - Processing /home/airflow/.local/lib/python3.8/site-packages/airflow/example_dags/tutorial.py took 0.117 seconds
[2024-10-20T02:49:18.983+0000] {processor.py:157} INFO - Started process (PID=411) to work on /home/airflow/.local/lib/python3.8/site-packages/airflow/example_dags/tutorial.py
[2024-10-20T02:49:18.984+0000] {processor.py:829} INFO - Processing file /home/airflow/.local/lib/python3.8/site-packages/airflow/example_dags/tutorial.py for tasks to queue
[2024-10-20T02:49:18.986+0000] {logging_mixin.py:154} INFO - [2024-10-20T02:49:18.986+0000] {dagbag.py:536} INFO - Filling up the DagBag from /home/airflow/.local/lib/python3.8/site-packages/airflow/example_dags/tutorial.py
[2024-10-20T02:49:18.992+0000] {processor.py:839} INFO - DAG(s) dict_keys(['tutorial']) retrieved from /home/airflow/.local/lib/python3.8/site-packages/airflow/example_dags/tutorial.py
[2024-10-20T02:49:19.015+0000] {logging_mixin.py:154} INFO - [2024-10-20T02:49:19.014+0000] {dag.py:2941} INFO - Sync 1 DAGs
[2024-10-20T02:49:19.037+0000] {logging_mixin.py:154} INFO - [2024-10-20T02:49:19.037+0000] {dag.py:3722} INFO - Setting next_dagrun for tutorial to 2024-10-19T02:49:19.037306+00:00, run_after=2024-10-20T02:49:19.037306+00:00
[2024-10-20T02:49:19.059+0000] {processor.py:179} INFO - Processing /home/airflow/.local/lib/python3.8/site-packages/airflow/example_dags/tutorial.py took 0.080 seconds
[2024-10-20T02:49:49.352+0000] {processor.py:157} INFO - Started process (PID=467) to work on /home/airflow/.local/lib/python3.8/site-packages/airflow/example_dags/tutorial.py
[2024-10-20T02:49:49.353+0000] {processor.py:829} INFO - Processing file /home/airflow/.local/lib/python3.8/site-packages/airflow/example_dags/tutorial.py for tasks to queue
[2024-10-20T02:49:49.355+0000] {logging_mixin.py:154} INFO - [2024-10-20T02:49:49.355+0000] {dagbag.py:536} INFO - Filling up the DagBag from /home/airflow/.local/lib/python3.8/site-packages/airflow/example_dags/tutorial.py
[2024-10-20T02:49:49.361+0000] {processor.py:839} INFO - DAG(s) dict_keys(['tutorial']) retrieved from /home/airflow/.local/lib/python3.8/site-packages/airflow/example_dags/tutorial.py
[2024-10-20T02:49:49.382+0000] {logging_mixin.py:154} INFO - [2024-10-20T02:49:49.382+0000] {dag.py:2941} INFO - Sync 1 DAGs
[2024-10-20T02:49:49.403+0000] {logging_mixin.py:154} INFO - [2024-10-20T02:49:49.403+0000] {dag.py:3722} INFO - Setting next_dagrun for tutorial to 2024-10-19T02:49:49.403558+00:00, run_after=2024-10-20T02:49:49.403558+00:00
[2024-10-20T02:49:49.426+0000] {processor.py:179} INFO - Processing /home/airflow/.local/lib/python3.8/site-packages/airflow/example_dags/tutorial.py took 0.078 seconds
[2024-10-20T02:50:19.595+0000] {processor.py:157} INFO - Started process (PID=523) to work on /home/airflow/.local/lib/python3.8/site-packages/airflow/example_dags/tutorial.py
[2024-10-20T02:50:19.596+0000] {processor.py:829} INFO - Processing file /home/airflow/.local/lib/python3.8/site-packages/airflow/example_dags/tutorial.py for tasks to queue
[2024-10-20T02:50:19.598+0000] {logging_mixin.py:154} INFO - [2024-10-20T02:50:19.598+0000] {dagbag.py:536} INFO - Filling up the DagBag from /home/airflow/.local/lib/python3.8/site-packages/airflow/example_dags/tutorial.py
[2024-10-20T02:50:19.604+0000] {processor.py:839} INFO - DAG(s) dict_keys(['tutorial']) retrieved from /home/airflow/.local/lib/python3.8/site-packages/airflow/example_dags/tutorial.py
[2024-10-20T02:50:19.626+0000] {logging_mixin.py:154} INFO - [2024-10-20T02:50:19.625+0000] {dag.py:2941} INFO - Sync 1 DAGs
[2024-10-20T02:50:19.646+0000] {logging_mixin.py:154} INFO - [2024-10-20T02:50:19.646+0000] {dag.py:3722} INFO - Setting next_dagrun for tutorial to 2024-10-19T02:50:19.646192+00:00, run_after=2024-10-20T02:50:19.646192+00:00
[2024-10-20T02:50:19.666+0000] {processor.py:179} INFO - Processing /home/airflow/.local/lib/python3.8/site-packages/airflow/example_dags/tutorial.py took 0.074 seconds
[2024-10-20T02:50:50.150+0000] {processor.py:157} INFO - Started process (PID=579) to work on /home/airflow/.local/lib/python3.8/site-packages/airflow/example_dags/tutorial.py
[2024-10-20T02:50:50.151+0000] {processor.py:829} INFO - Processing file /home/airflow/.local/lib/python3.8/site-packages/airflow/example_dags/tutorial.py for tasks to queue
[2024-10-20T02:50:50.154+0000] {logging_mixin.py:154} INFO - [2024-10-20T02:50:50.153+0000] {dagbag.py:536} INFO - Filling up the DagBag from /home/airflow/.local/lib/python3.8/site-packages/airflow/example_dags/tutorial.py
[2024-10-20T02:50:50.161+0000] {processor.py:839} INFO - DAG(s) dict_keys(['tutorial']) retrieved from /home/airflow/.local/lib/python3.8/site-packages/airflow/example_dags/tutorial.py
[2024-10-20T02:50:50.182+0000] {logging_mixin.py:154} INFO - [2024-10-20T02:50:50.181+0000] {dag.py:2941} INFO - Sync 1 DAGs
[2024-10-20T02:50:50.205+0000] {logging_mixin.py:154} INFO - [2024-10-20T02:50:50.205+0000] {dag.py:3722} INFO - Setting next_dagrun for tutorial to 2024-10-19T02:50:50.204703+00:00, run_after=2024-10-20T02:50:50.204703+00:00
[2024-10-20T02:50:50.227+0000] {processor.py:179} INFO - Processing /home/airflow/.local/lib/python3.8/site-packages/airflow/example_dags/tutorial.py took 0.080 seconds
[2024-10-20T02:51:20.283+0000] {processor.py:157} INFO - Started process (PID=634) to work on /home/airflow/.local/lib/python3.8/site-packages/airflow/example_dags/tutorial.py
[2024-10-20T02:51:20.284+0000] {processor.py:829} INFO - Processing file /home/airflow/.local/lib/python3.8/site-packages/airflow/example_dags/tutorial.py for tasks to queue
[2024-10-20T02:51:20.287+0000] {logging_mixin.py:154} INFO - [2024-10-20T02:51:20.286+0000] {dagbag.py:536} INFO - Filling up the DagBag from /home/airflow/.local/lib/python3.8/site-packages/airflow/example_dags/tutorial.py
[2024-10-20T02:51:20.292+0000] {processor.py:839} INFO - DAG(s) dict_keys(['tutorial']) retrieved from /home/airflow/.local/lib/python3.8/site-packages/airflow/example_dags/tutorial.py
[2024-10-20T02:51:20.312+0000] {logging_mixin.py:154} INFO - [2024-10-20T02:51:20.312+0000] {dag.py:2941} INFO - Sync 1 DAGs
[2024-10-20T02:51:20.336+0000] {logging_mixin.py:154} INFO - [2024-10-20T02:51:20.336+0000] {dag.py:3722} INFO - Setting next_dagrun for tutorial to 2024-10-19T02:51:20.335912+00:00, run_after=2024-10-20T02:51:20.335912+00:00
[2024-10-20T02:51:20.361+0000] {processor.py:179} INFO - Processing /home/airflow/.local/lib/python3.8/site-packages/airflow/example_dags/tutorial.py took 0.081 seconds
[2024-10-20T02:51:50.520+0000] {processor.py:157} INFO - Started process (PID=690) to work on /home/airflow/.local/lib/python3.8/site-packages/airflow/example_dags/tutorial.py
[2024-10-20T02:51:50.521+0000] {processor.py:829} INFO - Processing file /home/airflow/.local/lib/python3.8/site-packages/airflow/example_dags/tutorial.py for tasks to queue
[2024-10-20T02:51:50.523+0000] {logging_mixin.py:154} INFO - [2024-10-20T02:51:50.523+0000] {dagbag.py:536} INFO - Filling up the DagBag from /home/airflow/.local/lib/python3.8/site-packages/airflow/example_dags/tutorial.py
[2024-10-20T02:51:50.529+0000] {processor.py:839} INFO - DAG(s) dict_keys(['tutorial']) retrieved from /home/airflow/.local/lib/python3.8/site-packages/airflow/example_dags/tutorial.py
[2024-10-20T02:51:50.549+0000] {logging_mixin.py:154} INFO - [2024-10-20T02:51:50.549+0000] {dag.py:2941} INFO - Sync 1 DAGs
[2024-10-20T02:51:50.571+0000] {logging_mixin.py:154} INFO - [2024-10-20T02:51:50.571+0000] {dag.py:3722} INFO - Setting next_dagrun for tutorial to 2024-10-19T02:51:50.571321+00:00, run_after=2024-10-20T02:51:50.571321+00:00
[2024-10-20T02:51:50.592+0000] {processor.py:179} INFO - Processing /home/airflow/.local/lib/python3.8/site-packages/airflow/example_dags/tutorial.py took 0.075 seconds
[2024-10-20T02:52:20.707+0000] {processor.py:157} INFO - Started process (PID=746) to work on /home/airflow/.local/lib/python3.8/site-packages/airflow/example_dags/tutorial.py
[2024-10-20T02:52:20.708+0000] {processor.py:829} INFO - Processing file /home/airflow/.local/lib/python3.8/site-packages/airflow/example_dags/tutorial.py for tasks to queue
[2024-10-20T02:52:20.710+0000] {logging_mixin.py:154} INFO - [2024-10-20T02:52:20.710+0000] {dagbag.py:536} INFO - Filling up the DagBag from /home/airflow/.local/lib/python3.8/site-packages/airflow/example_dags/tutorial.py
[2024-10-20T02:52:20.718+0000] {processor.py:839} INFO - DAG(s) dict_keys(['tutorial']) retrieved from /home/airflow/.local/lib/python3.8/site-packages/airflow/example_dags/tutorial.py
[2024-10-20T02:52:20.742+0000] {logging_mixin.py:154} INFO - [2024-10-20T02:52:20.742+0000] {dag.py:2941} INFO - Sync 1 DAGs
[2024-10-20T02:52:20.766+0000] {logging_mixin.py:154} INFO - [2024-10-20T02:52:20.765+0000] {dag.py:3722} INFO - Setting next_dagrun for tutorial to 2024-10-19T02:52:20.765603+00:00, run_after=2024-10-20T02:52:20.765603+00:00
[2024-10-20T02:52:20.787+0000] {processor.py:179} INFO - Processing /home/airflow/.local/lib/python3.8/site-packages/airflow/example_dags/tutorial.py took 0.084 seconds
[2024-10-20T02:52:51.006+0000] {processor.py:157} INFO - Started process (PID=802) to work on /home/airflow/.local/lib/python3.8/site-packages/airflow/example_dags/tutorial.py
[2024-10-20T02:52:51.007+0000] {processor.py:829} INFO - Processing file /home/airflow/.local/lib/python3.8/site-packages/airflow/example_dags/tutorial.py for tasks to queue
[2024-10-20T02:52:51.009+0000] {logging_mixin.py:154} INFO - [2024-10-20T02:52:51.009+0000] {dagbag.py:536} INFO - Filling up the DagBag from /home/airflow/.local/lib/python3.8/site-packages/airflow/example_dags/tutorial.py
[2024-10-20T02:52:51.015+0000] {processor.py:839} INFO - DAG(s) dict_keys(['tutorial']) retrieved from /home/airflow/.local/lib/python3.8/site-packages/airflow/example_dags/tutorial.py
[2024-10-20T02:52:51.036+0000] {logging_mixin.py:154} INFO - [2024-10-20T02:52:51.036+0000] {dag.py:2941} INFO - Sync 1 DAGs
[2024-10-20T02:52:51.059+0000] {logging_mixin.py:154} INFO - [2024-10-20T02:52:51.059+0000] {dag.py:3722} INFO - Setting next_dagrun for tutorial to 2024-10-19T02:52:51.059047+00:00, run_after=2024-10-20T02:52:51.059047+00:00
[2024-10-20T02:52:51.084+0000] {processor.py:179} INFO - Processing /home/airflow/.local/lib/python3.8/site-packages/airflow/example_dags/tutorial.py took 0.082 seconds
[2024-10-20T02:53:21.754+0000] {processor.py:157} INFO - Started process (PID=860) to work on /home/airflow/.local/lib/python3.8/site-packages/airflow/example_dags/tutorial.py
[2024-10-20T02:53:21.756+0000] {processor.py:829} INFO - Processing file /home/airflow/.local/lib/python3.8/site-packages/airflow/example_dags/tutorial.py for tasks to queue
[2024-10-20T02:53:21.759+0000] {logging_mixin.py:154} INFO - [2024-10-20T02:53:21.758+0000] {dagbag.py:536} INFO - Filling up the DagBag from /home/airflow/.local/lib/python3.8/site-packages/airflow/example_dags/tutorial.py
[2024-10-20T02:53:21.766+0000] {processor.py:839} INFO - DAG(s) dict_keys(['tutorial']) retrieved from /home/airflow/.local/lib/python3.8/site-packages/airflow/example_dags/tutorial.py
[2024-10-20T02:53:21.798+0000] {logging_mixin.py:154} INFO - [2024-10-20T02:53:21.797+0000] {dag.py:2941} INFO - Sync 1 DAGs
[2024-10-20T02:53:21.828+0000] {logging_mixin.py:154} INFO - [2024-10-20T02:53:21.828+0000] {dag.py:3722} INFO - Setting next_dagrun for tutorial to 2024-10-19T02:53:21.828044+00:00, run_after=2024-10-20T02:53:21.828044+00:00
[2024-10-20T02:53:21.859+0000] {processor.py:179} INFO - Processing /home/airflow/.local/lib/python3.8/site-packages/airflow/example_dags/tutorial.py took 0.107 seconds
[2024-10-20T02:53:52.337+0000] {processor.py:157} INFO - Started process (PID=918) to work on /home/airflow/.local/lib/python3.8/site-packages/airflow/example_dags/tutorial.py
[2024-10-20T02:53:52.338+0000] {processor.py:829} INFO - Processing file /home/airflow/.local/lib/python3.8/site-packages/airflow/example_dags/tutorial.py for tasks to queue
[2024-10-20T02:53:52.341+0000] {logging_mixin.py:154} INFO - [2024-10-20T02:53:52.340+0000] {dagbag.py:536} INFO - Filling up the DagBag from /home/airflow/.local/lib/python3.8/site-packages/airflow/example_dags/tutorial.py
[2024-10-20T02:53:52.347+0000] {processor.py:839} INFO - DAG(s) dict_keys(['tutorial']) retrieved from /home/airflow/.local/lib/python3.8/site-packages/airflow/example_dags/tutorial.py
[2024-10-20T02:53:52.370+0000] {logging_mixin.py:154} INFO - [2024-10-20T02:53:52.370+0000] {dag.py:2941} INFO - Sync 1 DAGs
[2024-10-20T02:53:52.542+0000] {logging_mixin.py:154} INFO - [2024-10-20T02:53:52.542+0000] {dag.py:3722} INFO - Setting next_dagrun for tutorial to 2024-10-19T02:53:52.542320+00:00, run_after=2024-10-20T02:53:52.542320+00:00
[2024-10-20T02:53:52.566+0000] {processor.py:179} INFO - Processing /home/airflow/.local/lib/python3.8/site-packages/airflow/example_dags/tutorial.py took 0.232 seconds
[2024-10-20T02:54:22.845+0000] {processor.py:157} INFO - Started process (PID=974) to work on /home/airflow/.local/lib/python3.8/site-packages/airflow/example_dags/tutorial.py
[2024-10-20T02:54:22.847+0000] {processor.py:829} INFO - Processing file /home/airflow/.local/lib/python3.8/site-packages/airflow/example_dags/tutorial.py for tasks to queue
[2024-10-20T02:54:22.849+0000] {logging_mixin.py:154} INFO - [2024-10-20T02:54:22.849+0000] {dagbag.py:536} INFO - Filling up the DagBag from /home/airflow/.local/lib/python3.8/site-packages/airflow/example_dags/tutorial.py
[2024-10-20T02:54:22.856+0000] {processor.py:839} INFO - DAG(s) dict_keys(['tutorial']) retrieved from /home/airflow/.local/lib/python3.8/site-packages/airflow/example_dags/tutorial.py
[2024-10-20T02:54:22.883+0000] {logging_mixin.py:154} INFO - [2024-10-20T02:54:22.882+0000] {dag.py:2941} INFO - Sync 1 DAGs
[2024-10-20T02:54:22.908+0000] {logging_mixin.py:154} INFO - [2024-10-20T02:54:22.908+0000] {dag.py:3722} INFO - Setting next_dagrun for tutorial to 2024-10-19T02:54:22.908568+00:00, run_after=2024-10-20T02:54:22.908568+00:00
[2024-10-20T02:54:22.940+0000] {processor.py:179} INFO - Processing /home/airflow/.local/lib/python3.8/site-packages/airflow/example_dags/tutorial.py took 0.098 seconds
[2024-10-20T02:54:53.342+0000] {processor.py:157} INFO - Started process (PID=1030) to work on /home/airflow/.local/lib/python3.8/site-packages/airflow/example_dags/tutorial.py
[2024-10-20T02:54:53.343+0000] {processor.py:829} INFO - Processing file /home/airflow/.local/lib/python3.8/site-packages/airflow/example_dags/tutorial.py for tasks to queue
[2024-10-20T02:54:53.346+0000] {logging_mixin.py:154} INFO - [2024-10-20T02:54:53.345+0000] {dagbag.py:536} INFO - Filling up the DagBag from /home/airflow/.local/lib/python3.8/site-packages/airflow/example_dags/tutorial.py
[2024-10-20T02:54:53.354+0000] {processor.py:839} INFO - DAG(s) dict_keys(['tutorial']) retrieved from /home/airflow/.local/lib/python3.8/site-packages/airflow/example_dags/tutorial.py
[2024-10-20T02:54:53.377+0000] {logging_mixin.py:154} INFO - [2024-10-20T02:54:53.376+0000] {dag.py:2941} INFO - Sync 1 DAGs
[2024-10-20T02:54:53.403+0000] {logging_mixin.py:154} INFO - [2024-10-20T02:54:53.402+0000] {dag.py:3722} INFO - Setting next_dagrun for tutorial to 2024-10-19T02:54:53.402570+00:00, run_after=2024-10-20T02:54:53.402570+00:00
[2024-10-20T02:54:53.426+0000] {processor.py:179} INFO - Processing /home/airflow/.local/lib/python3.8/site-packages/airflow/example_dags/tutorial.py took 0.088 seconds
[2024-10-20T02:55:24.102+0000] {processor.py:157} INFO - Started process (PID=1088) to work on /home/airflow/.local/lib/python3.8/site-packages/airflow/example_dags/tutorial.py
[2024-10-20T02:55:24.103+0000] {processor.py:829} INFO - Processing file /home/airflow/.local/lib/python3.8/site-packages/airflow/example_dags/tutorial.py for tasks to queue
[2024-10-20T02:55:24.105+0000] {logging_mixin.py:154} INFO - [2024-10-20T02:55:24.105+0000] {dagbag.py:536} INFO - Filling up the DagBag from /home/airflow/.local/lib/python3.8/site-packages/airflow/example_dags/tutorial.py
[2024-10-20T02:55:24.112+0000] {processor.py:839} INFO - DAG(s) dict_keys(['tutorial']) retrieved from /home/airflow/.local/lib/python3.8/site-packages/airflow/example_dags/tutorial.py
[2024-10-20T02:55:24.134+0000] {logging_mixin.py:154} INFO - [2024-10-20T02:55:24.134+0000] {dag.py:2941} INFO - Sync 1 DAGs
[2024-10-20T02:55:24.161+0000] {logging_mixin.py:154} INFO - [2024-10-20T02:55:24.161+0000] {dag.py:3722} INFO - Setting next_dagrun for tutorial to 2024-10-19T02:55:24.161348+00:00, run_after=2024-10-20T02:55:24.161348+00:00
[2024-10-20T02:55:24.187+0000] {processor.py:179} INFO - Processing /home/airflow/.local/lib/python3.8/site-packages/airflow/example_dags/tutorial.py took 0.088 seconds
[2024-10-20T02:55:55.081+0000] {processor.py:157} INFO - Started process (PID=1148) to work on /home/airflow/.local/lib/python3.8/site-packages/airflow/example_dags/tutorial.py
[2024-10-20T02:55:55.083+0000] {processor.py:829} INFO - Processing file /home/airflow/.local/lib/python3.8/site-packages/airflow/example_dags/tutorial.py for tasks to queue
[2024-10-20T02:55:55.086+0000] {logging_mixin.py:154} INFO - [2024-10-20T02:55:55.086+0000] {dagbag.py:536} INFO - Filling up the DagBag from /home/airflow/.local/lib/python3.8/site-packages/airflow/example_dags/tutorial.py
[2024-10-20T02:55:55.093+0000] {processor.py:839} INFO - DAG(s) dict_keys(['tutorial']) retrieved from /home/airflow/.local/lib/python3.8/site-packages/airflow/example_dags/tutorial.py
[2024-10-20T02:55:55.118+0000] {logging_mixin.py:154} INFO - [2024-10-20T02:55:55.118+0000] {dag.py:2941} INFO - Sync 1 DAGs
[2024-10-20T02:55:55.304+0000] {logging_mixin.py:154} INFO - [2024-10-20T02:55:55.304+0000] {dag.py:3722} INFO - Setting next_dagrun for tutorial to 2024-10-19T02:55:55.304035+00:00, run_after=2024-10-20T02:55:55.304035+00:00
[2024-10-20T02:55:55.327+0000] {processor.py:179} INFO - Processing /home/airflow/.local/lib/python3.8/site-packages/airflow/example_dags/tutorial.py took 0.249 seconds
[2024-10-20T02:56:26.138+0000] {processor.py:157} INFO - Started process (PID=1204) to work on /home/airflow/.local/lib/python3.8/site-packages/airflow/example_dags/tutorial.py
[2024-10-20T02:56:26.139+0000] {processor.py:829} INFO - Processing file /home/airflow/.local/lib/python3.8/site-packages/airflow/example_dags/tutorial.py for tasks to queue
[2024-10-20T02:56:26.142+0000] {logging_mixin.py:154} INFO - [2024-10-20T02:56:26.142+0000] {dagbag.py:536} INFO - Filling up the DagBag from /home/airflow/.local/lib/python3.8/site-packages/airflow/example_dags/tutorial.py
[2024-10-20T02:56:26.147+0000] {processor.py:839} INFO - DAG(s) dict_keys(['tutorial']) retrieved from /home/airflow/.local/lib/python3.8/site-packages/airflow/example_dags/tutorial.py
[2024-10-20T02:56:26.171+0000] {logging_mixin.py:154} INFO - [2024-10-20T02:56:26.171+0000] {dag.py:2941} INFO - Sync 1 DAGs
[2024-10-20T02:56:26.195+0000] {logging_mixin.py:154} INFO - [2024-10-20T02:56:26.194+0000] {dag.py:3722} INFO - Setting next_dagrun for tutorial to 2024-10-19T02:56:26.194657+00:00, run_after=2024-10-20T02:56:26.194657+00:00
[2024-10-20T02:56:26.401+0000] {processor.py:179} INFO - Processing /home/airflow/.local/lib/python3.8/site-packages/airflow/example_dags/tutorial.py took 0.266 seconds
[2024-10-20T02:56:56.747+0000] {processor.py:157} INFO - Started process (PID=1260) to work on /home/airflow/.local/lib/python3.8/site-packages/airflow/example_dags/tutorial.py
[2024-10-20T02:56:56.748+0000] {processor.py:829} INFO - Processing file /home/airflow/.local/lib/python3.8/site-packages/airflow/example_dags/tutorial.py for tasks to queue
[2024-10-20T02:56:56.751+0000] {logging_mixin.py:154} INFO - [2024-10-20T02:56:56.751+0000] {dagbag.py:536} INFO - Filling up the DagBag from /home/airflow/.local/lib/python3.8/site-packages/airflow/example_dags/tutorial.py
[2024-10-20T02:56:56.757+0000] {processor.py:839} INFO - DAG(s) dict_keys(['tutorial']) retrieved from /home/airflow/.local/lib/python3.8/site-packages/airflow/example_dags/tutorial.py
[2024-10-20T02:56:56.778+0000] {logging_mixin.py:154} INFO - [2024-10-20T02:56:56.778+0000] {dag.py:2941} INFO - Sync 1 DAGs
[2024-10-20T02:56:56.800+0000] {logging_mixin.py:154} INFO - [2024-10-20T02:56:56.800+0000] {dag.py:3722} INFO - Setting next_dagrun for tutorial to 2024-10-19T02:56:56.800465+00:00, run_after=2024-10-20T02:56:56.800465+00:00
[2024-10-20T02:56:56.822+0000] {processor.py:179} INFO - Processing /home/airflow/.local/lib/python3.8/site-packages/airflow/example_dags/tutorial.py took 0.078 seconds
[2024-10-20T02:57:27.377+0000] {processor.py:157} INFO - Started process (PID=1317) to work on /home/airflow/.local/lib/python3.8/site-packages/airflow/example_dags/tutorial.py
[2024-10-20T02:57:27.378+0000] {processor.py:829} INFO - Processing file /home/airflow/.local/lib/python3.8/site-packages/airflow/example_dags/tutorial.py for tasks to queue
[2024-10-20T02:57:27.381+0000] {logging_mixin.py:154} INFO - [2024-10-20T02:57:27.380+0000] {dagbag.py:536} INFO - Filling up the DagBag from /home/airflow/.local/lib/python3.8/site-packages/airflow/example_dags/tutorial.py
[2024-10-20T02:57:27.386+0000] {processor.py:839} INFO - DAG(s) dict_keys(['tutorial']) retrieved from /home/airflow/.local/lib/python3.8/site-packages/airflow/example_dags/tutorial.py
[2024-10-20T02:57:27.410+0000] {logging_mixin.py:154} INFO - [2024-10-20T02:57:27.409+0000] {dag.py:2941} INFO - Sync 1 DAGs
[2024-10-20T02:57:27.431+0000] {logging_mixin.py:154} INFO - [2024-10-20T02:57:27.430+0000] {dag.py:3722} INFO - Setting next_dagrun for tutorial to 2024-10-19T02:57:27.430606+00:00, run_after=2024-10-20T02:57:27.430606+00:00
[2024-10-20T02:57:27.454+0000] {processor.py:179} INFO - Processing /home/airflow/.local/lib/python3.8/site-packages/airflow/example_dags/tutorial.py took 0.080 seconds
[2024-10-20T02:57:58.035+0000] {processor.py:157} INFO - Started process (PID=1373) to work on /home/airflow/.local/lib/python3.8/site-packages/airflow/example_dags/tutorial.py
[2024-10-20T02:57:58.036+0000] {processor.py:829} INFO - Processing file /home/airflow/.local/lib/python3.8/site-packages/airflow/example_dags/tutorial.py for tasks to queue
[2024-10-20T02:57:58.038+0000] {logging_mixin.py:154} INFO - [2024-10-20T02:57:58.038+0000] {dagbag.py:536} INFO - Filling up the DagBag from /home/airflow/.local/lib/python3.8/site-packages/airflow/example_dags/tutorial.py
[2024-10-20T02:57:58.045+0000] {processor.py:839} INFO - DAG(s) dict_keys(['tutorial']) retrieved from /home/airflow/.local/lib/python3.8/site-packages/airflow/example_dags/tutorial.py
[2024-10-20T02:57:58.071+0000] {logging_mixin.py:154} INFO - [2024-10-20T02:57:58.071+0000] {dag.py:2941} INFO - Sync 1 DAGs
[2024-10-20T02:57:58.308+0000] {logging_mixin.py:154} INFO - [2024-10-20T02:57:58.308+0000] {dag.py:3722} INFO - Setting next_dagrun for tutorial to 2024-10-19T02:57:58.307929+00:00, run_after=2024-10-20T02:57:58.307929+00:00
[2024-10-20T02:57:58.333+0000] {processor.py:179} INFO - Processing /home/airflow/.local/lib/python3.8/site-packages/airflow/example_dags/tutorial.py took 0.302 seconds
[2024-10-20T02:58:28.495+0000] {processor.py:157} INFO - Started process (PID=1430) to work on /home/airflow/.local/lib/python3.8/site-packages/airflow/example_dags/tutorial.py
[2024-10-20T02:58:28.496+0000] {processor.py:829} INFO - Processing file /home/airflow/.local/lib/python3.8/site-packages/airflow/example_dags/tutorial.py for tasks to queue
[2024-10-20T02:58:28.499+0000] {logging_mixin.py:154} INFO - [2024-10-20T02:58:28.499+0000] {dagbag.py:536} INFO - Filling up the DagBag from /home/airflow/.local/lib/python3.8/site-packages/airflow/example_dags/tutorial.py
[2024-10-20T02:58:28.504+0000] {processor.py:839} INFO - DAG(s) dict_keys(['tutorial']) retrieved from /home/airflow/.local/lib/python3.8/site-packages/airflow/example_dags/tutorial.py
[2024-10-20T02:58:28.526+0000] {logging_mixin.py:154} INFO - [2024-10-20T02:58:28.526+0000] {dag.py:2941} INFO - Sync 1 DAGs
[2024-10-20T02:58:28.548+0000] {logging_mixin.py:154} INFO - [2024-10-20T02:58:28.548+0000] {dag.py:3722} INFO - Setting next_dagrun for tutorial to 2024-10-19T02:58:28.547801+00:00, run_after=2024-10-20T02:58:28.547801+00:00
[2024-10-20T02:58:28.572+0000] {processor.py:179} INFO - Processing /home/airflow/.local/lib/python3.8/site-packages/airflow/example_dags/tutorial.py took 0.080 seconds
[2024-10-20T02:59:50.923+0000] {processor.py:157} INFO - Started process (PID=71) to work on /home/airflow/.local/lib/python3.8/site-packages/airflow/example_dags/tutorial.py
[2024-10-20T02:59:50.925+0000] {processor.py:829} INFO - Processing file /home/airflow/.local/lib/python3.8/site-packages/airflow/example_dags/tutorial.py for tasks to queue
[2024-10-20T02:59:50.928+0000] {logging_mixin.py:154} INFO - [2024-10-20T02:59:50.927+0000] {dagbag.py:536} INFO - Filling up the DagBag from /home/airflow/.local/lib/python3.8/site-packages/airflow/example_dags/tutorial.py
[2024-10-20T02:59:50.946+0000] {processor.py:839} INFO - DAG(s) dict_keys(['tutorial']) retrieved from /home/airflow/.local/lib/python3.8/site-packages/airflow/example_dags/tutorial.py
[2024-10-20T02:59:51.014+0000] {logging_mixin.py:154} INFO - [2024-10-20T02:59:51.014+0000] {dag.py:2941} INFO - Sync 1 DAGs
[2024-10-20T02:59:51.096+0000] {logging_mixin.py:154} INFO - [2024-10-20T02:59:51.096+0000] {dag.py:3722} INFO - Setting next_dagrun for tutorial to 2024-10-19T02:59:51.095497+00:00, run_after=2024-10-20T02:59:51.095497+00:00
[2024-10-20T02:59:51.153+0000] {processor.py:179} INFO - Processing /home/airflow/.local/lib/python3.8/site-packages/airflow/example_dags/tutorial.py took 0.234 seconds
[2024-10-20T03:00:21.574+0000] {processor.py:157} INFO - Started process (PID=136) to work on /home/airflow/.local/lib/python3.8/site-packages/airflow/example_dags/tutorial.py
[2024-10-20T03:00:21.575+0000] {processor.py:829} INFO - Processing file /home/airflow/.local/lib/python3.8/site-packages/airflow/example_dags/tutorial.py for tasks to queue
[2024-10-20T03:00:21.578+0000] {logging_mixin.py:154} INFO - [2024-10-20T03:00:21.577+0000] {dagbag.py:536} INFO - Filling up the DagBag from /home/airflow/.local/lib/python3.8/site-packages/airflow/example_dags/tutorial.py
[2024-10-20T03:00:21.584+0000] {processor.py:839} INFO - DAG(s) dict_keys(['tutorial']) retrieved from /home/airflow/.local/lib/python3.8/site-packages/airflow/example_dags/tutorial.py
[2024-10-20T03:00:21.606+0000] {logging_mixin.py:154} INFO - [2024-10-20T03:00:21.605+0000] {dag.py:2941} INFO - Sync 1 DAGs
[2024-10-20T03:00:21.628+0000] {logging_mixin.py:154} INFO - [2024-10-20T03:00:21.628+0000] {dag.py:3722} INFO - Setting next_dagrun for tutorial to 2024-10-19T03:00:21.627909+00:00, run_after=2024-10-20T03:00:21.627909+00:00
[2024-10-20T03:00:21.654+0000] {processor.py:179} INFO - Processing /home/airflow/.local/lib/python3.8/site-packages/airflow/example_dags/tutorial.py took 0.083 seconds
[2024-10-20T03:00:52.723+0000] {processor.py:157} INFO - Started process (PID=192) to work on /home/airflow/.local/lib/python3.8/site-packages/airflow/example_dags/tutorial.py
[2024-10-20T03:00:52.724+0000] {processor.py:829} INFO - Processing file /home/airflow/.local/lib/python3.8/site-packages/airflow/example_dags/tutorial.py for tasks to queue
[2024-10-20T03:00:52.729+0000] {logging_mixin.py:154} INFO - [2024-10-20T03:00:52.728+0000] {dagbag.py:536} INFO - Filling up the DagBag from /home/airflow/.local/lib/python3.8/site-packages/airflow/example_dags/tutorial.py
[2024-10-20T03:00:52.739+0000] {processor.py:839} INFO - DAG(s) dict_keys(['tutorial']) retrieved from /home/airflow/.local/lib/python3.8/site-packages/airflow/example_dags/tutorial.py
[2024-10-20T03:00:52.771+0000] {logging_mixin.py:154} INFO - [2024-10-20T03:00:52.771+0000] {dag.py:2941} INFO - Sync 1 DAGs
[2024-10-20T03:00:52.806+0000] {logging_mixin.py:154} INFO - [2024-10-20T03:00:52.805+0000] {dag.py:3722} INFO - Setting next_dagrun for tutorial to 2024-10-19T03:00:52.805406+00:00, run_after=2024-10-20T03:00:52.805406+00:00
[2024-10-20T03:00:52.842+0000] {processor.py:179} INFO - Processing /home/airflow/.local/lib/python3.8/site-packages/airflow/example_dags/tutorial.py took 0.123 seconds
[2024-10-20T03:01:22.874+0000] {processor.py:157} INFO - Started process (PID=248) to work on /home/airflow/.local/lib/python3.8/site-packages/airflow/example_dags/tutorial.py
[2024-10-20T03:01:22.875+0000] {processor.py:829} INFO - Processing file /home/airflow/.local/lib/python3.8/site-packages/airflow/example_dags/tutorial.py for tasks to queue
[2024-10-20T03:01:22.878+0000] {logging_mixin.py:154} INFO - [2024-10-20T03:01:22.878+0000] {dagbag.py:536} INFO - Filling up the DagBag from /home/airflow/.local/lib/python3.8/site-packages/airflow/example_dags/tutorial.py
[2024-10-20T03:01:22.884+0000] {processor.py:839} INFO - DAG(s) dict_keys(['tutorial']) retrieved from /home/airflow/.local/lib/python3.8/site-packages/airflow/example_dags/tutorial.py
[2024-10-20T03:01:22.908+0000] {logging_mixin.py:154} INFO - [2024-10-20T03:01:22.908+0000] {dag.py:2941} INFO - Sync 1 DAGs
[2024-10-20T03:01:22.932+0000] {logging_mixin.py:154} INFO - [2024-10-20T03:01:22.931+0000] {dag.py:3722} INFO - Setting next_dagrun for tutorial to 2024-10-19T03:01:22.931673+00:00, run_after=2024-10-20T03:01:22.931673+00:00
[2024-10-20T03:01:22.957+0000] {processor.py:179} INFO - Processing /home/airflow/.local/lib/python3.8/site-packages/airflow/example_dags/tutorial.py took 0.086 seconds
[2024-10-20T03:01:53.114+0000] {processor.py:157} INFO - Started process (PID=305) to work on /home/airflow/.local/lib/python3.8/site-packages/airflow/example_dags/tutorial.py
[2024-10-20T03:01:53.115+0000] {processor.py:829} INFO - Processing file /home/airflow/.local/lib/python3.8/site-packages/airflow/example_dags/tutorial.py for tasks to queue
[2024-10-20T03:01:53.118+0000] {logging_mixin.py:154} INFO - [2024-10-20T03:01:53.118+0000] {dagbag.py:536} INFO - Filling up the DagBag from /home/airflow/.local/lib/python3.8/site-packages/airflow/example_dags/tutorial.py
[2024-10-20T03:01:53.127+0000] {processor.py:839} INFO - DAG(s) dict_keys(['tutorial']) retrieved from /home/airflow/.local/lib/python3.8/site-packages/airflow/example_dags/tutorial.py
[2024-10-20T03:01:53.166+0000] {logging_mixin.py:154} INFO - [2024-10-20T03:01:53.165+0000] {dag.py:2941} INFO - Sync 1 DAGs
[2024-10-20T03:01:53.201+0000] {logging_mixin.py:154} INFO - [2024-10-20T03:01:53.201+0000] {dag.py:3722} INFO - Setting next_dagrun for tutorial to 2024-10-19T03:01:53.201224+00:00, run_after=2024-10-20T03:01:53.201224+00:00
[2024-10-20T03:01:53.244+0000] {processor.py:179} INFO - Processing /home/airflow/.local/lib/python3.8/site-packages/airflow/example_dags/tutorial.py took 0.134 seconds
[2024-10-20T03:02:23.816+0000] {processor.py:157} INFO - Started process (PID=361) to work on /home/airflow/.local/lib/python3.8/site-packages/airflow/example_dags/tutorial.py
[2024-10-20T03:02:23.817+0000] {processor.py:829} INFO - Processing file /home/airflow/.local/lib/python3.8/site-packages/airflow/example_dags/tutorial.py for tasks to queue
[2024-10-20T03:02:23.820+0000] {logging_mixin.py:154} INFO - [2024-10-20T03:02:23.820+0000] {dagbag.py:536} INFO - Filling up the DagBag from /home/airflow/.local/lib/python3.8/site-packages/airflow/example_dags/tutorial.py
[2024-10-20T03:02:23.829+0000] {processor.py:839} INFO - DAG(s) dict_keys(['tutorial']) retrieved from /home/airflow/.local/lib/python3.8/site-packages/airflow/example_dags/tutorial.py
[2024-10-20T03:02:23.856+0000] {logging_mixin.py:154} INFO - [2024-10-20T03:02:23.855+0000] {dag.py:2941} INFO - Sync 1 DAGs
[2024-10-20T03:02:23.885+0000] {logging_mixin.py:154} INFO - [2024-10-20T03:02:23.885+0000] {dag.py:3722} INFO - Setting next_dagrun for tutorial to 2024-10-19T03:02:23.884781+00:00, run_after=2024-10-20T03:02:23.884781+00:00
[2024-10-20T03:02:23.910+0000] {processor.py:179} INFO - Processing /home/airflow/.local/lib/python3.8/site-packages/airflow/example_dags/tutorial.py took 0.098 seconds
[2024-10-20T03:02:54.363+0000] {processor.py:157} INFO - Started process (PID=419) to work on /home/airflow/.local/lib/python3.8/site-packages/airflow/example_dags/tutorial.py
[2024-10-20T03:02:54.364+0000] {processor.py:829} INFO - Processing file /home/airflow/.local/lib/python3.8/site-packages/airflow/example_dags/tutorial.py for tasks to queue
[2024-10-20T03:02:54.367+0000] {logging_mixin.py:154} INFO - [2024-10-20T03:02:54.367+0000] {dagbag.py:536} INFO - Filling up the DagBag from /home/airflow/.local/lib/python3.8/site-packages/airflow/example_dags/tutorial.py
[2024-10-20T03:02:54.375+0000] {processor.py:839} INFO - DAG(s) dict_keys(['tutorial']) retrieved from /home/airflow/.local/lib/python3.8/site-packages/airflow/example_dags/tutorial.py
[2024-10-20T03:02:54.402+0000] {logging_mixin.py:154} INFO - [2024-10-20T03:02:54.402+0000] {dag.py:2941} INFO - Sync 1 DAGs
[2024-10-20T03:02:54.426+0000] {logging_mixin.py:154} INFO - [2024-10-20T03:02:54.426+0000] {dag.py:3722} INFO - Setting next_dagrun for tutorial to 2024-10-19T03:02:54.426009+00:00, run_after=2024-10-20T03:02:54.426009+00:00
[2024-10-20T03:02:54.449+0000] {processor.py:179} INFO - Processing /home/airflow/.local/lib/python3.8/site-packages/airflow/example_dags/tutorial.py took 0.090 seconds
[2024-10-20T03:03:25.492+0000] {processor.py:157} INFO - Started process (PID=476) to work on /home/airflow/.local/lib/python3.8/site-packages/airflow/example_dags/tutorial.py
[2024-10-20T03:03:25.493+0000] {processor.py:829} INFO - Processing file /home/airflow/.local/lib/python3.8/site-packages/airflow/example_dags/tutorial.py for tasks to queue
[2024-10-20T03:03:25.496+0000] {logging_mixin.py:154} INFO - [2024-10-20T03:03:25.496+0000] {dagbag.py:536} INFO - Filling up the DagBag from /home/airflow/.local/lib/python3.8/site-packages/airflow/example_dags/tutorial.py
[2024-10-20T03:03:25.503+0000] {processor.py:839} INFO - DAG(s) dict_keys(['tutorial']) retrieved from /home/airflow/.local/lib/python3.8/site-packages/airflow/example_dags/tutorial.py
[2024-10-20T03:03:25.526+0000] {logging_mixin.py:154} INFO - [2024-10-20T03:03:25.525+0000] {dag.py:2941} INFO - Sync 1 DAGs
[2024-10-20T03:03:25.548+0000] {logging_mixin.py:154} INFO - [2024-10-20T03:03:25.548+0000] {dag.py:3722} INFO - Setting next_dagrun for tutorial to 2024-10-19T03:03:25.548461+00:00, run_after=2024-10-20T03:03:25.548461+00:00
[2024-10-20T03:03:25.574+0000] {processor.py:179} INFO - Processing /home/airflow/.local/lib/python3.8/site-packages/airflow/example_dags/tutorial.py took 0.086 seconds
[2024-10-20T03:03:56.063+0000] {processor.py:157} INFO - Started process (PID=532) to work on /home/airflow/.local/lib/python3.8/site-packages/airflow/example_dags/tutorial.py
[2024-10-20T03:03:56.065+0000] {processor.py:829} INFO - Processing file /home/airflow/.local/lib/python3.8/site-packages/airflow/example_dags/tutorial.py for tasks to queue
[2024-10-20T03:03:56.067+0000] {logging_mixin.py:154} INFO - [2024-10-20T03:03:56.067+0000] {dagbag.py:536} INFO - Filling up the DagBag from /home/airflow/.local/lib/python3.8/site-packages/airflow/example_dags/tutorial.py
[2024-10-20T03:03:56.074+0000] {processor.py:839} INFO - DAG(s) dict_keys(['tutorial']) retrieved from /home/airflow/.local/lib/python3.8/site-packages/airflow/example_dags/tutorial.py
[2024-10-20T03:03:56.097+0000] {logging_mixin.py:154} INFO - [2024-10-20T03:03:56.096+0000] {dag.py:2941} INFO - Sync 1 DAGs
[2024-10-20T03:03:56.119+0000] {logging_mixin.py:154} INFO - [2024-10-20T03:03:56.119+0000] {dag.py:3722} INFO - Setting next_dagrun for tutorial to 2024-10-19T03:03:56.119189+00:00, run_after=2024-10-20T03:03:56.119189+00:00
[2024-10-20T03:03:56.143+0000] {processor.py:179} INFO - Processing /home/airflow/.local/lib/python3.8/site-packages/airflow/example_dags/tutorial.py took 0.082 seconds
[2024-10-20T03:04:26.275+0000] {processor.py:157} INFO - Started process (PID=588) to work on /home/airflow/.local/lib/python3.8/site-packages/airflow/example_dags/tutorial.py
[2024-10-20T03:04:26.276+0000] {processor.py:829} INFO - Processing file /home/airflow/.local/lib/python3.8/site-packages/airflow/example_dags/tutorial.py for tasks to queue
[2024-10-20T03:04:26.279+0000] {logging_mixin.py:154} INFO - [2024-10-20T03:04:26.279+0000] {dagbag.py:536} INFO - Filling up the DagBag from /home/airflow/.local/lib/python3.8/site-packages/airflow/example_dags/tutorial.py
[2024-10-20T03:04:26.286+0000] {processor.py:839} INFO - DAG(s) dict_keys(['tutorial']) retrieved from /home/airflow/.local/lib/python3.8/site-packages/airflow/example_dags/tutorial.py
[2024-10-20T03:04:26.314+0000] {logging_mixin.py:154} INFO - [2024-10-20T03:04:26.313+0000] {dag.py:2941} INFO - Sync 1 DAGs
[2024-10-20T03:04:26.344+0000] {logging_mixin.py:154} INFO - [2024-10-20T03:04:26.344+0000] {dag.py:3722} INFO - Setting next_dagrun for tutorial to 2024-10-19T03:04:26.344198+00:00, run_after=2024-10-20T03:04:26.344198+00:00
[2024-10-20T03:04:26.376+0000] {processor.py:179} INFO - Processing /home/airflow/.local/lib/python3.8/site-packages/airflow/example_dags/tutorial.py took 0.105 seconds
[2024-10-20T03:04:56.641+0000] {processor.py:157} INFO - Started process (PID=643) to work on /home/airflow/.local/lib/python3.8/site-packages/airflow/example_dags/tutorial.py
[2024-10-20T03:04:56.642+0000] {processor.py:829} INFO - Processing file /home/airflow/.local/lib/python3.8/site-packages/airflow/example_dags/tutorial.py for tasks to queue
[2024-10-20T03:04:56.645+0000] {logging_mixin.py:154} INFO - [2024-10-20T03:04:56.645+0000] {dagbag.py:536} INFO - Filling up the DagBag from /home/airflow/.local/lib/python3.8/site-packages/airflow/example_dags/tutorial.py
[2024-10-20T03:04:56.650+0000] {processor.py:839} INFO - DAG(s) dict_keys(['tutorial']) retrieved from /home/airflow/.local/lib/python3.8/site-packages/airflow/example_dags/tutorial.py
[2024-10-20T03:04:56.672+0000] {logging_mixin.py:154} INFO - [2024-10-20T03:04:56.671+0000] {dag.py:2941} INFO - Sync 1 DAGs
[2024-10-20T03:04:56.695+0000] {logging_mixin.py:154} INFO - [2024-10-20T03:04:56.694+0000] {dag.py:3722} INFO - Setting next_dagrun for tutorial to 2024-10-19T03:04:56.694706+00:00, run_after=2024-10-20T03:04:56.694706+00:00
[2024-10-20T03:04:56.718+0000] {processor.py:179} INFO - Processing /home/airflow/.local/lib/python3.8/site-packages/airflow/example_dags/tutorial.py took 0.080 seconds
[2024-10-20T03:05:26.939+0000] {processor.py:157} INFO - Started process (PID=699) to work on /home/airflow/.local/lib/python3.8/site-packages/airflow/example_dags/tutorial.py
[2024-10-20T03:05:26.941+0000] {processor.py:829} INFO - Processing file /home/airflow/.local/lib/python3.8/site-packages/airflow/example_dags/tutorial.py for tasks to queue
[2024-10-20T03:05:26.944+0000] {logging_mixin.py:154} INFO - [2024-10-20T03:05:26.943+0000] {dagbag.py:536} INFO - Filling up the DagBag from /home/airflow/.local/lib/python3.8/site-packages/airflow/example_dags/tutorial.py
[2024-10-20T03:05:26.949+0000] {processor.py:839} INFO - DAG(s) dict_keys(['tutorial']) retrieved from /home/airflow/.local/lib/python3.8/site-packages/airflow/example_dags/tutorial.py
[2024-10-20T03:05:26.972+0000] {logging_mixin.py:154} INFO - [2024-10-20T03:05:26.972+0000] {dag.py:2941} INFO - Sync 1 DAGs
[2024-10-20T03:05:26.995+0000] {logging_mixin.py:154} INFO - [2024-10-20T03:05:26.995+0000] {dag.py:3722} INFO - Setting next_dagrun for tutorial to 2024-10-19T03:05:26.995105+00:00, run_after=2024-10-20T03:05:26.995105+00:00
[2024-10-20T03:05:27.018+0000] {processor.py:179} INFO - Processing /home/airflow/.local/lib/python3.8/site-packages/airflow/example_dags/tutorial.py took 0.082 seconds
[2024-10-20T03:05:57.318+0000] {processor.py:157} INFO - Started process (PID=755) to work on /home/airflow/.local/lib/python3.8/site-packages/airflow/example_dags/tutorial.py
[2024-10-20T03:05:57.320+0000] {processor.py:829} INFO - Processing file /home/airflow/.local/lib/python3.8/site-packages/airflow/example_dags/tutorial.py for tasks to queue
[2024-10-20T03:05:57.322+0000] {logging_mixin.py:154} INFO - [2024-10-20T03:05:57.322+0000] {dagbag.py:536} INFO - Filling up the DagBag from /home/airflow/.local/lib/python3.8/site-packages/airflow/example_dags/tutorial.py
[2024-10-20T03:05:57.328+0000] {processor.py:839} INFO - DAG(s) dict_keys(['tutorial']) retrieved from /home/airflow/.local/lib/python3.8/site-packages/airflow/example_dags/tutorial.py
[2024-10-20T03:05:57.349+0000] {logging_mixin.py:154} INFO - [2024-10-20T03:05:57.348+0000] {dag.py:2941} INFO - Sync 1 DAGs
[2024-10-20T03:05:57.369+0000] {logging_mixin.py:154} INFO - [2024-10-20T03:05:57.369+0000] {dag.py:3722} INFO - Setting next_dagrun for tutorial to 2024-10-19T03:05:57.369540+00:00, run_after=2024-10-20T03:05:57.369540+00:00
[2024-10-20T03:05:57.395+0000] {processor.py:179} INFO - Processing /home/airflow/.local/lib/python3.8/site-packages/airflow/example_dags/tutorial.py took 0.079 seconds
[2024-10-20T03:06:27.761+0000] {processor.py:157} INFO - Started process (PID=811) to work on /home/airflow/.local/lib/python3.8/site-packages/airflow/example_dags/tutorial.py
[2024-10-20T03:06:27.762+0000] {processor.py:829} INFO - Processing file /home/airflow/.local/lib/python3.8/site-packages/airflow/example_dags/tutorial.py for tasks to queue
[2024-10-20T03:06:27.764+0000] {logging_mixin.py:154} INFO - [2024-10-20T03:06:27.764+0000] {dagbag.py:536} INFO - Filling up the DagBag from /home/airflow/.local/lib/python3.8/site-packages/airflow/example_dags/tutorial.py
[2024-10-20T03:06:27.769+0000] {processor.py:839} INFO - DAG(s) dict_keys(['tutorial']) retrieved from /home/airflow/.local/lib/python3.8/site-packages/airflow/example_dags/tutorial.py
[2024-10-20T03:06:27.791+0000] {logging_mixin.py:154} INFO - [2024-10-20T03:06:27.791+0000] {dag.py:2941} INFO - Sync 1 DAGs
[2024-10-20T03:06:27.814+0000] {logging_mixin.py:154} INFO - [2024-10-20T03:06:27.814+0000] {dag.py:3722} INFO - Setting next_dagrun for tutorial to 2024-10-19T03:06:27.814057+00:00, run_after=2024-10-20T03:06:27.814057+00:00
[2024-10-20T03:06:27.837+0000] {processor.py:179} INFO - Processing /home/airflow/.local/lib/python3.8/site-packages/airflow/example_dags/tutorial.py took 0.080 seconds
[2024-10-20T03:06:58.071+0000] {processor.py:157} INFO - Started process (PID=867) to work on /home/airflow/.local/lib/python3.8/site-packages/airflow/example_dags/tutorial.py
[2024-10-20T03:06:58.073+0000] {processor.py:829} INFO - Processing file /home/airflow/.local/lib/python3.8/site-packages/airflow/example_dags/tutorial.py for tasks to queue
[2024-10-20T03:06:58.076+0000] {logging_mixin.py:154} INFO - [2024-10-20T03:06:58.075+0000] {dagbag.py:536} INFO - Filling up the DagBag from /home/airflow/.local/lib/python3.8/site-packages/airflow/example_dags/tutorial.py
[2024-10-20T03:06:58.084+0000] {processor.py:839} INFO - DAG(s) dict_keys(['tutorial']) retrieved from /home/airflow/.local/lib/python3.8/site-packages/airflow/example_dags/tutorial.py
[2024-10-20T03:06:58.115+0000] {logging_mixin.py:154} INFO - [2024-10-20T03:06:58.115+0000] {dag.py:2941} INFO - Sync 1 DAGs
[2024-10-20T03:06:58.140+0000] {logging_mixin.py:154} INFO - [2024-10-20T03:06:58.140+0000] {dag.py:3722} INFO - Setting next_dagrun for tutorial to 2024-10-19T03:06:58.140146+00:00, run_after=2024-10-20T03:06:58.140146+00:00
[2024-10-20T03:06:58.168+0000] {processor.py:179} INFO - Processing /home/airflow/.local/lib/python3.8/site-packages/airflow/example_dags/tutorial.py took 0.101 seconds
[2024-10-20T03:07:28.553+0000] {processor.py:157} INFO - Started process (PID=923) to work on /home/airflow/.local/lib/python3.8/site-packages/airflow/example_dags/tutorial.py
[2024-10-20T03:07:28.554+0000] {processor.py:829} INFO - Processing file /home/airflow/.local/lib/python3.8/site-packages/airflow/example_dags/tutorial.py for tasks to queue
[2024-10-20T03:07:28.557+0000] {logging_mixin.py:154} INFO - [2024-10-20T03:07:28.557+0000] {dagbag.py:536} INFO - Filling up the DagBag from /home/airflow/.local/lib/python3.8/site-packages/airflow/example_dags/tutorial.py
[2024-10-20T03:07:28.565+0000] {processor.py:839} INFO - DAG(s) dict_keys(['tutorial']) retrieved from /home/airflow/.local/lib/python3.8/site-packages/airflow/example_dags/tutorial.py
[2024-10-20T03:07:28.589+0000] {logging_mixin.py:154} INFO - [2024-10-20T03:07:28.589+0000] {dag.py:2941} INFO - Sync 1 DAGs
[2024-10-20T03:07:28.615+0000] {logging_mixin.py:154} INFO - [2024-10-20T03:07:28.615+0000] {dag.py:3722} INFO - Setting next_dagrun for tutorial to 2024-10-19T03:07:28.615303+00:00, run_after=2024-10-20T03:07:28.615303+00:00
[2024-10-20T03:07:28.641+0000] {processor.py:179} INFO - Processing /home/airflow/.local/lib/python3.8/site-packages/airflow/example_dags/tutorial.py took 0.092 seconds
[2024-10-20T03:08:46.641+0000] {processor.py:157} INFO - Started process (PID=70) to work on /home/airflow/.local/lib/python3.8/site-packages/airflow/example_dags/tutorial.py
[2024-10-20T03:08:46.643+0000] {processor.py:829} INFO - Processing file /home/airflow/.local/lib/python3.8/site-packages/airflow/example_dags/tutorial.py for tasks to queue
[2024-10-20T03:08:46.646+0000] {logging_mixin.py:154} INFO - [2024-10-20T03:08:46.646+0000] {dagbag.py:536} INFO - Filling up the DagBag from /home/airflow/.local/lib/python3.8/site-packages/airflow/example_dags/tutorial.py
[2024-10-20T03:08:46.659+0000] {processor.py:839} INFO - DAG(s) dict_keys(['tutorial']) retrieved from /home/airflow/.local/lib/python3.8/site-packages/airflow/example_dags/tutorial.py
[2024-10-20T03:08:46.684+0000] {logging_mixin.py:154} INFO - [2024-10-20T03:08:46.683+0000] {dag.py:2941} INFO - Sync 1 DAGs
[2024-10-20T03:08:46.719+0000] {logging_mixin.py:154} INFO - [2024-10-20T03:08:46.719+0000] {dag.py:3722} INFO - Setting next_dagrun for tutorial to 2024-10-19T03:08:46.718771+00:00, run_after=2024-10-20T03:08:46.718771+00:00
[2024-10-20T03:08:46.761+0000] {processor.py:179} INFO - Processing /home/airflow/.local/lib/python3.8/site-packages/airflow/example_dags/tutorial.py took 0.124 seconds
[2024-10-20T03:09:16.804+0000] {processor.py:157} INFO - Started process (PID=124) to work on /home/airflow/.local/lib/python3.8/site-packages/airflow/example_dags/tutorial.py
[2024-10-20T03:09:16.805+0000] {processor.py:829} INFO - Processing file /home/airflow/.local/lib/python3.8/site-packages/airflow/example_dags/tutorial.py for tasks to queue
[2024-10-20T03:09:16.808+0000] {logging_mixin.py:154} INFO - [2024-10-20T03:09:16.808+0000] {dagbag.py:536} INFO - Filling up the DagBag from /home/airflow/.local/lib/python3.8/site-packages/airflow/example_dags/tutorial.py
[2024-10-20T03:09:16.815+0000] {processor.py:839} INFO - DAG(s) dict_keys(['tutorial']) retrieved from /home/airflow/.local/lib/python3.8/site-packages/airflow/example_dags/tutorial.py
[2024-10-20T03:09:16.844+0000] {logging_mixin.py:154} INFO - [2024-10-20T03:09:16.844+0000] {dag.py:2941} INFO - Sync 1 DAGs
[2024-10-20T03:09:16.872+0000] {logging_mixin.py:154} INFO - [2024-10-20T03:09:16.871+0000] {dag.py:3722} INFO - Setting next_dagrun for tutorial to 2024-10-19T03:09:16.871578+00:00, run_after=2024-10-20T03:09:16.871578+00:00
[2024-10-20T03:09:16.900+0000] {processor.py:179} INFO - Processing /home/airflow/.local/lib/python3.8/site-packages/airflow/example_dags/tutorial.py took 0.099 seconds
[2024-10-20T03:09:47.097+0000] {processor.py:157} INFO - Started process (PID=180) to work on /home/airflow/.local/lib/python3.8/site-packages/airflow/example_dags/tutorial.py
[2024-10-20T03:09:47.098+0000] {processor.py:829} INFO - Processing file /home/airflow/.local/lib/python3.8/site-packages/airflow/example_dags/tutorial.py for tasks to queue
[2024-10-20T03:09:47.100+0000] {logging_mixin.py:154} INFO - [2024-10-20T03:09:47.099+0000] {dagbag.py:536} INFO - Filling up the DagBag from /home/airflow/.local/lib/python3.8/site-packages/airflow/example_dags/tutorial.py
[2024-10-20T03:09:47.106+0000] {processor.py:839} INFO - DAG(s) dict_keys(['tutorial']) retrieved from /home/airflow/.local/lib/python3.8/site-packages/airflow/example_dags/tutorial.py
[2024-10-20T03:09:47.128+0000] {logging_mixin.py:154} INFO - [2024-10-20T03:09:47.127+0000] {dag.py:2941} INFO - Sync 1 DAGs
[2024-10-20T03:09:47.149+0000] {logging_mixin.py:154} INFO - [2024-10-20T03:09:47.148+0000] {dag.py:3722} INFO - Setting next_dagrun for tutorial to 2024-10-19T03:09:47.148764+00:00, run_after=2024-10-20T03:09:47.148764+00:00
[2024-10-20T03:09:47.170+0000] {processor.py:179} INFO - Processing /home/airflow/.local/lib/python3.8/site-packages/airflow/example_dags/tutorial.py took 0.076 seconds
[2024-10-20T03:10:17.388+0000] {processor.py:157} INFO - Started process (PID=243) to work on /home/airflow/.local/lib/python3.8/site-packages/airflow/example_dags/tutorial.py
[2024-10-20T03:10:17.389+0000] {processor.py:829} INFO - Processing file /home/airflow/.local/lib/python3.8/site-packages/airflow/example_dags/tutorial.py for tasks to queue
[2024-10-20T03:10:17.391+0000] {logging_mixin.py:154} INFO - [2024-10-20T03:10:17.391+0000] {dagbag.py:536} INFO - Filling up the DagBag from /home/airflow/.local/lib/python3.8/site-packages/airflow/example_dags/tutorial.py
[2024-10-20T03:10:17.396+0000] {processor.py:839} INFO - DAG(s) dict_keys(['tutorial']) retrieved from /home/airflow/.local/lib/python3.8/site-packages/airflow/example_dags/tutorial.py
[2024-10-20T03:10:17.418+0000] {logging_mixin.py:154} INFO - [2024-10-20T03:10:17.418+0000] {dag.py:2941} INFO - Sync 1 DAGs
[2024-10-20T03:10:17.439+0000] {logging_mixin.py:154} INFO - [2024-10-20T03:10:17.439+0000] {dag.py:3722} INFO - Setting next_dagrun for tutorial to 2024-10-19T03:10:17.439300+00:00, run_after=2024-10-20T03:10:17.439300+00:00
[2024-10-20T03:10:17.461+0000] {processor.py:179} INFO - Processing /home/airflow/.local/lib/python3.8/site-packages/airflow/example_dags/tutorial.py took 0.076 seconds
[2024-10-20T03:10:47.856+0000] {processor.py:157} INFO - Started process (PID=299) to work on /home/airflow/.local/lib/python3.8/site-packages/airflow/example_dags/tutorial.py
[2024-10-20T03:10:47.858+0000] {processor.py:829} INFO - Processing file /home/airflow/.local/lib/python3.8/site-packages/airflow/example_dags/tutorial.py for tasks to queue
[2024-10-20T03:10:47.861+0000] {logging_mixin.py:154} INFO - [2024-10-20T03:10:47.860+0000] {dagbag.py:536} INFO - Filling up the DagBag from /home/airflow/.local/lib/python3.8/site-packages/airflow/example_dags/tutorial.py
[2024-10-20T03:10:47.868+0000] {processor.py:839} INFO - DAG(s) dict_keys(['tutorial']) retrieved from /home/airflow/.local/lib/python3.8/site-packages/airflow/example_dags/tutorial.py
[2024-10-20T03:10:47.893+0000] {logging_mixin.py:154} INFO - [2024-10-20T03:10:47.893+0000] {dag.py:2941} INFO - Sync 1 DAGs
[2024-10-20T03:10:47.922+0000] {logging_mixin.py:154} INFO - [2024-10-20T03:10:47.922+0000] {dag.py:3722} INFO - Setting next_dagrun for tutorial to 2024-10-19T03:10:47.921883+00:00, run_after=2024-10-20T03:10:47.921883+00:00
[2024-10-20T03:10:47.952+0000] {processor.py:179} INFO - Processing /home/airflow/.local/lib/python3.8/site-packages/airflow/example_dags/tutorial.py took 0.099 seconds
[2024-10-20T03:11:18.027+0000] {processor.py:157} INFO - Started process (PID=354) to work on /home/airflow/.local/lib/python3.8/site-packages/airflow/example_dags/tutorial.py
[2024-10-20T03:11:18.028+0000] {processor.py:829} INFO - Processing file /home/airflow/.local/lib/python3.8/site-packages/airflow/example_dags/tutorial.py for tasks to queue
[2024-10-20T03:11:18.031+0000] {logging_mixin.py:154} INFO - [2024-10-20T03:11:18.031+0000] {dagbag.py:536} INFO - Filling up the DagBag from /home/airflow/.local/lib/python3.8/site-packages/airflow/example_dags/tutorial.py
[2024-10-20T03:11:18.037+0000] {processor.py:839} INFO - DAG(s) dict_keys(['tutorial']) retrieved from /home/airflow/.local/lib/python3.8/site-packages/airflow/example_dags/tutorial.py
[2024-10-20T03:11:18.062+0000] {logging_mixin.py:154} INFO - [2024-10-20T03:11:18.062+0000] {dag.py:2941} INFO - Sync 1 DAGs
[2024-10-20T03:11:18.088+0000] {logging_mixin.py:154} INFO - [2024-10-20T03:11:18.088+0000] {dag.py:3722} INFO - Setting next_dagrun for tutorial to 2024-10-19T03:11:18.088269+00:00, run_after=2024-10-20T03:11:18.088269+00:00
[2024-10-20T03:11:18.112+0000] {processor.py:179} INFO - Processing /home/airflow/.local/lib/python3.8/site-packages/airflow/example_dags/tutorial.py took 0.089 seconds
[2024-10-20T03:11:48.616+0000] {processor.py:157} INFO - Started process (PID=410) to work on /home/airflow/.local/lib/python3.8/site-packages/airflow/example_dags/tutorial.py
[2024-10-20T03:11:48.617+0000] {processor.py:829} INFO - Processing file /home/airflow/.local/lib/python3.8/site-packages/airflow/example_dags/tutorial.py for tasks to queue
[2024-10-20T03:11:48.619+0000] {logging_mixin.py:154} INFO - [2024-10-20T03:11:48.619+0000] {dagbag.py:536} INFO - Filling up the DagBag from /home/airflow/.local/lib/python3.8/site-packages/airflow/example_dags/tutorial.py
[2024-10-20T03:11:48.625+0000] {processor.py:839} INFO - DAG(s) dict_keys(['tutorial']) retrieved from /home/airflow/.local/lib/python3.8/site-packages/airflow/example_dags/tutorial.py
[2024-10-20T03:11:48.647+0000] {logging_mixin.py:154} INFO - [2024-10-20T03:11:48.647+0000] {dag.py:2941} INFO - Sync 1 DAGs
[2024-10-20T03:11:48.669+0000] {logging_mixin.py:154} INFO - [2024-10-20T03:11:48.669+0000] {dag.py:3722} INFO - Setting next_dagrun for tutorial to 2024-10-19T03:11:48.668883+00:00, run_after=2024-10-20T03:11:48.668883+00:00
[2024-10-20T03:11:48.689+0000] {processor.py:179} INFO - Processing /home/airflow/.local/lib/python3.8/site-packages/airflow/example_dags/tutorial.py took 0.076 seconds
[2024-10-20T03:12:18.917+0000] {processor.py:157} INFO - Started process (PID=466) to work on /home/airflow/.local/lib/python3.8/site-packages/airflow/example_dags/tutorial.py
[2024-10-20T03:12:18.919+0000] {processor.py:829} INFO - Processing file /home/airflow/.local/lib/python3.8/site-packages/airflow/example_dags/tutorial.py for tasks to queue
[2024-10-20T03:12:18.921+0000] {logging_mixin.py:154} INFO - [2024-10-20T03:12:18.921+0000] {dagbag.py:536} INFO - Filling up the DagBag from /home/airflow/.local/lib/python3.8/site-packages/airflow/example_dags/tutorial.py
[2024-10-20T03:12:18.927+0000] {processor.py:839} INFO - DAG(s) dict_keys(['tutorial']) retrieved from /home/airflow/.local/lib/python3.8/site-packages/airflow/example_dags/tutorial.py
[2024-10-20T03:12:18.952+0000] {logging_mixin.py:154} INFO - [2024-10-20T03:12:18.952+0000] {dag.py:2941} INFO - Sync 1 DAGs
[2024-10-20T03:12:18.980+0000] {logging_mixin.py:154} INFO - [2024-10-20T03:12:18.979+0000] {dag.py:3722} INFO - Setting next_dagrun for tutorial to 2024-10-19T03:12:18.979718+00:00, run_after=2024-10-20T03:12:18.979718+00:00
[2024-10-20T03:12:19.006+0000] {processor.py:179} INFO - Processing /home/airflow/.local/lib/python3.8/site-packages/airflow/example_dags/tutorial.py took 0.092 seconds
[2024-10-20T03:12:49.436+0000] {processor.py:157} INFO - Started process (PID=522) to work on /home/airflow/.local/lib/python3.8/site-packages/airflow/example_dags/tutorial.py
[2024-10-20T03:12:49.438+0000] {processor.py:829} INFO - Processing file /home/airflow/.local/lib/python3.8/site-packages/airflow/example_dags/tutorial.py for tasks to queue
[2024-10-20T03:12:49.440+0000] {logging_mixin.py:154} INFO - [2024-10-20T03:12:49.440+0000] {dagbag.py:536} INFO - Filling up the DagBag from /home/airflow/.local/lib/python3.8/site-packages/airflow/example_dags/tutorial.py
[2024-10-20T03:12:49.446+0000] {processor.py:839} INFO - DAG(s) dict_keys(['tutorial']) retrieved from /home/airflow/.local/lib/python3.8/site-packages/airflow/example_dags/tutorial.py
[2024-10-20T03:12:49.476+0000] {logging_mixin.py:154} INFO - [2024-10-20T03:12:49.475+0000] {dag.py:2941} INFO - Sync 1 DAGs
[2024-10-20T03:12:49.503+0000] {logging_mixin.py:154} INFO - [2024-10-20T03:12:49.503+0000] {dag.py:3722} INFO - Setting next_dagrun for tutorial to 2024-10-19T03:12:49.503119+00:00, run_after=2024-10-20T03:12:49.503119+00:00
[2024-10-20T03:12:49.532+0000] {processor.py:179} INFO - Processing /home/airflow/.local/lib/python3.8/site-packages/airflow/example_dags/tutorial.py took 0.099 seconds
[2024-10-20T03:13:19.942+0000] {processor.py:157} INFO - Started process (PID=578) to work on /home/airflow/.local/lib/python3.8/site-packages/airflow/example_dags/tutorial.py
[2024-10-20T03:13:19.944+0000] {processor.py:829} INFO - Processing file /home/airflow/.local/lib/python3.8/site-packages/airflow/example_dags/tutorial.py for tasks to queue
[2024-10-20T03:13:19.946+0000] {logging_mixin.py:154} INFO - [2024-10-20T03:13:19.946+0000] {dagbag.py:536} INFO - Filling up the DagBag from /home/airflow/.local/lib/python3.8/site-packages/airflow/example_dags/tutorial.py
[2024-10-20T03:13:19.952+0000] {processor.py:839} INFO - DAG(s) dict_keys(['tutorial']) retrieved from /home/airflow/.local/lib/python3.8/site-packages/airflow/example_dags/tutorial.py
[2024-10-20T03:13:19.977+0000] {logging_mixin.py:154} INFO - [2024-10-20T03:13:19.976+0000] {dag.py:2941} INFO - Sync 1 DAGs
[2024-10-20T03:13:20.003+0000] {logging_mixin.py:154} INFO - [2024-10-20T03:13:20.002+0000] {dag.py:3722} INFO - Setting next_dagrun for tutorial to 2024-10-19T03:13:20.002629+00:00, run_after=2024-10-20T03:13:20.002629+00:00
[2024-10-20T03:13:20.029+0000] {processor.py:179} INFO - Processing /home/airflow/.local/lib/python3.8/site-packages/airflow/example_dags/tutorial.py took 0.089 seconds
[2024-10-20T03:13:50.419+0000] {processor.py:157} INFO - Started process (PID=634) to work on /home/airflow/.local/lib/python3.8/site-packages/airflow/example_dags/tutorial.py
[2024-10-20T03:13:50.421+0000] {processor.py:829} INFO - Processing file /home/airflow/.local/lib/python3.8/site-packages/airflow/example_dags/tutorial.py for tasks to queue
[2024-10-20T03:13:50.425+0000] {logging_mixin.py:154} INFO - [2024-10-20T03:13:50.425+0000] {dagbag.py:536} INFO - Filling up the DagBag from /home/airflow/.local/lib/python3.8/site-packages/airflow/example_dags/tutorial.py
[2024-10-20T03:13:50.432+0000] {processor.py:839} INFO - DAG(s) dict_keys(['tutorial']) retrieved from /home/airflow/.local/lib/python3.8/site-packages/airflow/example_dags/tutorial.py
[2024-10-20T03:13:50.457+0000] {logging_mixin.py:154} INFO - [2024-10-20T03:13:50.457+0000] {dag.py:2941} INFO - Sync 1 DAGs
[2024-10-20T03:13:50.483+0000] {logging_mixin.py:154} INFO - [2024-10-20T03:13:50.483+0000] {dag.py:3722} INFO - Setting next_dagrun for tutorial to 2024-10-19T03:13:50.483418+00:00, run_after=2024-10-20T03:13:50.483418+00:00
[2024-10-20T03:13:50.519+0000] {processor.py:179} INFO - Processing /home/airflow/.local/lib/python3.8/site-packages/airflow/example_dags/tutorial.py took 0.103 seconds
[2024-10-20T03:14:20.893+0000] {processor.py:157} INFO - Started process (PID=690) to work on /home/airflow/.local/lib/python3.8/site-packages/airflow/example_dags/tutorial.py
[2024-10-20T03:14:20.895+0000] {processor.py:829} INFO - Processing file /home/airflow/.local/lib/python3.8/site-packages/airflow/example_dags/tutorial.py for tasks to queue
[2024-10-20T03:14:20.898+0000] {logging_mixin.py:154} INFO - [2024-10-20T03:14:20.897+0000] {dagbag.py:536} INFO - Filling up the DagBag from /home/airflow/.local/lib/python3.8/site-packages/airflow/example_dags/tutorial.py
[2024-10-20T03:14:20.905+0000] {processor.py:839} INFO - DAG(s) dict_keys(['tutorial']) retrieved from /home/airflow/.local/lib/python3.8/site-packages/airflow/example_dags/tutorial.py
[2024-10-20T03:14:20.930+0000] {logging_mixin.py:154} INFO - [2024-10-20T03:14:20.930+0000] {dag.py:2941} INFO - Sync 1 DAGs
[2024-10-20T03:14:20.956+0000] {logging_mixin.py:154} INFO - [2024-10-20T03:14:20.956+0000] {dag.py:3722} INFO - Setting next_dagrun for tutorial to 2024-10-19T03:14:20.956381+00:00, run_after=2024-10-20T03:14:20.956381+00:00
[2024-10-20T03:14:20.982+0000] {processor.py:179} INFO - Processing /home/airflow/.local/lib/python3.8/site-packages/airflow/example_dags/tutorial.py took 0.092 seconds
[2024-10-20T03:14:51.342+0000] {processor.py:157} INFO - Started process (PID=746) to work on /home/airflow/.local/lib/python3.8/site-packages/airflow/example_dags/tutorial.py
[2024-10-20T03:14:51.344+0000] {processor.py:829} INFO - Processing file /home/airflow/.local/lib/python3.8/site-packages/airflow/example_dags/tutorial.py for tasks to queue
[2024-10-20T03:14:51.347+0000] {logging_mixin.py:154} INFO - [2024-10-20T03:14:51.346+0000] {dagbag.py:536} INFO - Filling up the DagBag from /home/airflow/.local/lib/python3.8/site-packages/airflow/example_dags/tutorial.py
[2024-10-20T03:14:51.353+0000] {processor.py:839} INFO - DAG(s) dict_keys(['tutorial']) retrieved from /home/airflow/.local/lib/python3.8/site-packages/airflow/example_dags/tutorial.py
[2024-10-20T03:14:51.373+0000] {logging_mixin.py:154} INFO - [2024-10-20T03:14:51.373+0000] {dag.py:2941} INFO - Sync 1 DAGs
[2024-10-20T03:14:51.394+0000] {logging_mixin.py:154} INFO - [2024-10-20T03:14:51.394+0000] {dag.py:3722} INFO - Setting next_dagrun for tutorial to 2024-10-19T03:14:51.394053+00:00, run_after=2024-10-20T03:14:51.394053+00:00
[2024-10-20T03:14:51.415+0000] {processor.py:179} INFO - Processing /home/airflow/.local/lib/python3.8/site-packages/airflow/example_dags/tutorial.py took 0.076 seconds
[2024-10-20T03:15:21.850+0000] {processor.py:157} INFO - Started process (PID=802) to work on /home/airflow/.local/lib/python3.8/site-packages/airflow/example_dags/tutorial.py
[2024-10-20T03:15:21.851+0000] {processor.py:829} INFO - Processing file /home/airflow/.local/lib/python3.8/site-packages/airflow/example_dags/tutorial.py for tasks to queue
[2024-10-20T03:15:21.854+0000] {logging_mixin.py:154} INFO - [2024-10-20T03:15:21.854+0000] {dagbag.py:536} INFO - Filling up the DagBag from /home/airflow/.local/lib/python3.8/site-packages/airflow/example_dags/tutorial.py
[2024-10-20T03:15:21.859+0000] {processor.py:839} INFO - DAG(s) dict_keys(['tutorial']) retrieved from /home/airflow/.local/lib/python3.8/site-packages/airflow/example_dags/tutorial.py
[2024-10-20T03:15:21.883+0000] {logging_mixin.py:154} INFO - [2024-10-20T03:15:21.883+0000] {dag.py:2941} INFO - Sync 1 DAGs
[2024-10-20T03:15:21.907+0000] {logging_mixin.py:154} INFO - [2024-10-20T03:15:21.907+0000] {dag.py:3722} INFO - Setting next_dagrun for tutorial to 2024-10-19T03:15:21.907085+00:00, run_after=2024-10-20T03:15:21.907085+00:00
[2024-10-20T03:15:21.937+0000] {processor.py:179} INFO - Processing /home/airflow/.local/lib/python3.8/site-packages/airflow/example_dags/tutorial.py took 0.090 seconds
[2024-10-20T03:15:52.549+0000] {processor.py:157} INFO - Started process (PID=858) to work on /home/airflow/.local/lib/python3.8/site-packages/airflow/example_dags/tutorial.py
[2024-10-20T03:15:52.550+0000] {processor.py:829} INFO - Processing file /home/airflow/.local/lib/python3.8/site-packages/airflow/example_dags/tutorial.py for tasks to queue
[2024-10-20T03:15:52.553+0000] {logging_mixin.py:154} INFO - [2024-10-20T03:15:52.553+0000] {dagbag.py:536} INFO - Filling up the DagBag from /home/airflow/.local/lib/python3.8/site-packages/airflow/example_dags/tutorial.py
[2024-10-20T03:15:52.558+0000] {processor.py:839} INFO - DAG(s) dict_keys(['tutorial']) retrieved from /home/airflow/.local/lib/python3.8/site-packages/airflow/example_dags/tutorial.py
[2024-10-20T03:15:52.581+0000] {logging_mixin.py:154} INFO - [2024-10-20T03:15:52.580+0000] {dag.py:2941} INFO - Sync 1 DAGs
[2024-10-20T03:15:52.603+0000] {logging_mixin.py:154} INFO - [2024-10-20T03:15:52.603+0000] {dag.py:3722} INFO - Setting next_dagrun for tutorial to 2024-10-19T03:15:52.603386+00:00, run_after=2024-10-20T03:15:52.603386+00:00
[2024-10-20T03:15:52.626+0000] {processor.py:179} INFO - Processing /home/airflow/.local/lib/python3.8/site-packages/airflow/example_dags/tutorial.py took 0.080 seconds
[2024-10-20T03:16:23.318+0000] {processor.py:157} INFO - Started process (PID=914) to work on /home/airflow/.local/lib/python3.8/site-packages/airflow/example_dags/tutorial.py
[2024-10-20T03:16:23.319+0000] {processor.py:829} INFO - Processing file /home/airflow/.local/lib/python3.8/site-packages/airflow/example_dags/tutorial.py for tasks to queue
[2024-10-20T03:16:23.321+0000] {logging_mixin.py:154} INFO - [2024-10-20T03:16:23.321+0000] {dagbag.py:536} INFO - Filling up the DagBag from /home/airflow/.local/lib/python3.8/site-packages/airflow/example_dags/tutorial.py
[2024-10-20T03:16:23.326+0000] {processor.py:839} INFO - DAG(s) dict_keys(['tutorial']) retrieved from /home/airflow/.local/lib/python3.8/site-packages/airflow/example_dags/tutorial.py
[2024-10-20T03:16:23.349+0000] {logging_mixin.py:154} INFO - [2024-10-20T03:16:23.349+0000] {dag.py:2941} INFO - Sync 1 DAGs
[2024-10-20T03:16:23.374+0000] {logging_mixin.py:154} INFO - [2024-10-20T03:16:23.373+0000] {dag.py:3722} INFO - Setting next_dagrun for tutorial to 2024-10-19T03:16:23.373612+00:00, run_after=2024-10-20T03:16:23.373612+00:00
[2024-10-20T03:16:23.399+0000] {processor.py:179} INFO - Processing /home/airflow/.local/lib/python3.8/site-packages/airflow/example_dags/tutorial.py took 0.085 seconds
[2024-10-20T03:16:53.585+0000] {processor.py:157} INFO - Started process (PID=970) to work on /home/airflow/.local/lib/python3.8/site-packages/airflow/example_dags/tutorial.py
[2024-10-20T03:16:53.586+0000] {processor.py:829} INFO - Processing file /home/airflow/.local/lib/python3.8/site-packages/airflow/example_dags/tutorial.py for tasks to queue
[2024-10-20T03:16:53.588+0000] {logging_mixin.py:154} INFO - [2024-10-20T03:16:53.588+0000] {dagbag.py:536} INFO - Filling up the DagBag from /home/airflow/.local/lib/python3.8/site-packages/airflow/example_dags/tutorial.py
[2024-10-20T03:16:53.593+0000] {processor.py:839} INFO - DAG(s) dict_keys(['tutorial']) retrieved from /home/airflow/.local/lib/python3.8/site-packages/airflow/example_dags/tutorial.py
[2024-10-20T03:16:53.614+0000] {logging_mixin.py:154} INFO - [2024-10-20T03:16:53.614+0000] {dag.py:2941} INFO - Sync 1 DAGs
[2024-10-20T03:16:53.635+0000] {logging_mixin.py:154} INFO - [2024-10-20T03:16:53.634+0000] {dag.py:3722} INFO - Setting next_dagrun for tutorial to 2024-10-19T03:16:53.634677+00:00, run_after=2024-10-20T03:16:53.634677+00:00
[2024-10-20T03:16:53.657+0000] {processor.py:179} INFO - Processing /home/airflow/.local/lib/python3.8/site-packages/airflow/example_dags/tutorial.py took 0.076 seconds
[2024-10-20T03:17:24.155+0000] {processor.py:157} INFO - Started process (PID=1026) to work on /home/airflow/.local/lib/python3.8/site-packages/airflow/example_dags/tutorial.py
[2024-10-20T03:17:24.156+0000] {processor.py:829} INFO - Processing file /home/airflow/.local/lib/python3.8/site-packages/airflow/example_dags/tutorial.py for tasks to queue
[2024-10-20T03:17:24.158+0000] {logging_mixin.py:154} INFO - [2024-10-20T03:17:24.158+0000] {dagbag.py:536} INFO - Filling up the DagBag from /home/airflow/.local/lib/python3.8/site-packages/airflow/example_dags/tutorial.py
[2024-10-20T03:17:24.166+0000] {processor.py:839} INFO - DAG(s) dict_keys(['tutorial']) retrieved from /home/airflow/.local/lib/python3.8/site-packages/airflow/example_dags/tutorial.py
[2024-10-20T03:17:24.190+0000] {logging_mixin.py:154} INFO - [2024-10-20T03:17:24.190+0000] {dag.py:2941} INFO - Sync 1 DAGs
[2024-10-20T03:17:24.216+0000] {logging_mixin.py:154} INFO - [2024-10-20T03:17:24.216+0000] {dag.py:3722} INFO - Setting next_dagrun for tutorial to 2024-10-19T03:17:24.216122+00:00, run_after=2024-10-20T03:17:24.216122+00:00
[2024-10-20T03:17:24.243+0000] {processor.py:179} INFO - Processing /home/airflow/.local/lib/python3.8/site-packages/airflow/example_dags/tutorial.py took 0.091 seconds
[2024-10-20T07:21:03.051+0000] {processor.py:157} INFO - Started process (PID=78) to work on /home/airflow/.local/lib/python3.8/site-packages/airflow/example_dags/tutorial.py
[2024-10-20T07:21:03.056+0000] {processor.py:829} INFO - Processing file /home/airflow/.local/lib/python3.8/site-packages/airflow/example_dags/tutorial.py for tasks to queue
[2024-10-20T07:21:03.071+0000] {logging_mixin.py:154} INFO - [2024-10-20T07:21:03.068+0000] {dagbag.py:536} INFO - Filling up the DagBag from /home/airflow/.local/lib/python3.8/site-packages/airflow/example_dags/tutorial.py
[2024-10-20T07:21:03.116+0000] {processor.py:839} INFO - DAG(s) dict_keys(['tutorial']) retrieved from /home/airflow/.local/lib/python3.8/site-packages/airflow/example_dags/tutorial.py
[2024-10-20T07:21:03.247+0000] {logging_mixin.py:154} INFO - [2024-10-20T07:21:03.246+0000] {dag.py:2941} INFO - Sync 1 DAGs
[2024-10-20T07:21:03.310+0000] {logging_mixin.py:154} INFO - [2024-10-20T07:21:03.309+0000] {dag.py:3722} INFO - Setting next_dagrun for tutorial to 2024-10-19T07:21:03.309266+00:00, run_after=2024-10-20T07:21:03.309266+00:00
[2024-10-20T07:21:03.397+0000] {processor.py:179} INFO - Processing /home/airflow/.local/lib/python3.8/site-packages/airflow/example_dags/tutorial.py took 0.353 seconds
[2024-10-20T07:21:33.588+0000] {processor.py:157} INFO - Started process (PID=132) to work on /home/airflow/.local/lib/python3.8/site-packages/airflow/example_dags/tutorial.py
[2024-10-20T07:21:33.591+0000] {processor.py:829} INFO - Processing file /home/airflow/.local/lib/python3.8/site-packages/airflow/example_dags/tutorial.py for tasks to queue
[2024-10-20T07:21:33.595+0000] {logging_mixin.py:154} INFO - [2024-10-20T07:21:33.595+0000] {dagbag.py:536} INFO - Filling up the DagBag from /home/airflow/.local/lib/python3.8/site-packages/airflow/example_dags/tutorial.py
[2024-10-20T07:21:33.605+0000] {processor.py:839} INFO - DAG(s) dict_keys(['tutorial']) retrieved from /home/airflow/.local/lib/python3.8/site-packages/airflow/example_dags/tutorial.py
[2024-10-20T07:21:33.644+0000] {logging_mixin.py:154} INFO - [2024-10-20T07:21:33.644+0000] {dag.py:2941} INFO - Sync 1 DAGs
[2024-10-20T07:21:33.683+0000] {logging_mixin.py:154} INFO - [2024-10-20T07:21:33.682+0000] {dag.py:3722} INFO - Setting next_dagrun for tutorial to 2024-10-19T07:21:33.682377+00:00, run_after=2024-10-20T07:21:33.682377+00:00
[2024-10-20T07:21:33.725+0000] {processor.py:179} INFO - Processing /home/airflow/.local/lib/python3.8/site-packages/airflow/example_dags/tutorial.py took 0.142 seconds
[2024-10-20T07:22:04.126+0000] {processor.py:157} INFO - Started process (PID=188) to work on /home/airflow/.local/lib/python3.8/site-packages/airflow/example_dags/tutorial.py
[2024-10-20T07:22:04.128+0000] {processor.py:829} INFO - Processing file /home/airflow/.local/lib/python3.8/site-packages/airflow/example_dags/tutorial.py for tasks to queue
[2024-10-20T07:22:04.131+0000] {logging_mixin.py:154} INFO - [2024-10-20T07:22:04.131+0000] {dagbag.py:536} INFO - Filling up the DagBag from /home/airflow/.local/lib/python3.8/site-packages/airflow/example_dags/tutorial.py
[2024-10-20T07:22:04.140+0000] {processor.py:839} INFO - DAG(s) dict_keys(['tutorial']) retrieved from /home/airflow/.local/lib/python3.8/site-packages/airflow/example_dags/tutorial.py
[2024-10-20T07:22:04.176+0000] {logging_mixin.py:154} INFO - [2024-10-20T07:22:04.176+0000] {dag.py:2941} INFO - Sync 1 DAGs
[2024-10-20T07:22:04.216+0000] {logging_mixin.py:154} INFO - [2024-10-20T07:22:04.216+0000] {dag.py:3722} INFO - Setting next_dagrun for tutorial to 2024-10-19T07:22:04.215665+00:00, run_after=2024-10-20T07:22:04.215665+00:00
[2024-10-20T07:22:04.253+0000] {processor.py:179} INFO - Processing /home/airflow/.local/lib/python3.8/site-packages/airflow/example_dags/tutorial.py took 0.131 seconds
[2024-10-20T07:22:34.868+0000] {processor.py:157} INFO - Started process (PID=244) to work on /home/airflow/.local/lib/python3.8/site-packages/airflow/example_dags/tutorial.py
[2024-10-20T07:22:34.871+0000] {processor.py:829} INFO - Processing file /home/airflow/.local/lib/python3.8/site-packages/airflow/example_dags/tutorial.py for tasks to queue
[2024-10-20T07:22:34.877+0000] {logging_mixin.py:154} INFO - [2024-10-20T07:22:34.876+0000] {dagbag.py:536} INFO - Filling up the DagBag from /home/airflow/.local/lib/python3.8/site-packages/airflow/example_dags/tutorial.py
[2024-10-20T07:22:34.887+0000] {processor.py:839} INFO - DAG(s) dict_keys(['tutorial']) retrieved from /home/airflow/.local/lib/python3.8/site-packages/airflow/example_dags/tutorial.py
[2024-10-20T07:22:34.930+0000] {logging_mixin.py:154} INFO - [2024-10-20T07:22:34.930+0000] {dag.py:2941} INFO - Sync 1 DAGs
[2024-10-20T07:22:34.976+0000] {logging_mixin.py:154} INFO - [2024-10-20T07:22:34.976+0000] {dag.py:3722} INFO - Setting next_dagrun for tutorial to 2024-10-19T07:22:34.975927+00:00, run_after=2024-10-20T07:22:34.975927+00:00
[2024-10-20T07:22:35.026+0000] {processor.py:179} INFO - Processing /home/airflow/.local/lib/python3.8/site-packages/airflow/example_dags/tutorial.py took 0.164 seconds
[2024-10-20T07:23:05.822+0000] {processor.py:157} INFO - Started process (PID=300) to work on /home/airflow/.local/lib/python3.8/site-packages/airflow/example_dags/tutorial.py
[2024-10-20T07:23:05.824+0000] {processor.py:829} INFO - Processing file /home/airflow/.local/lib/python3.8/site-packages/airflow/example_dags/tutorial.py for tasks to queue
[2024-10-20T07:23:05.830+0000] {logging_mixin.py:154} INFO - [2024-10-20T07:23:05.830+0000] {dagbag.py:536} INFO - Filling up the DagBag from /home/airflow/.local/lib/python3.8/site-packages/airflow/example_dags/tutorial.py
[2024-10-20T07:23:05.842+0000] {processor.py:839} INFO - DAG(s) dict_keys(['tutorial']) retrieved from /home/airflow/.local/lib/python3.8/site-packages/airflow/example_dags/tutorial.py
[2024-10-20T07:23:05.891+0000] {logging_mixin.py:154} INFO - [2024-10-20T07:23:05.891+0000] {dag.py:2941} INFO - Sync 1 DAGs
[2024-10-20T07:23:05.947+0000] {logging_mixin.py:154} INFO - [2024-10-20T07:23:05.946+0000] {dag.py:3722} INFO - Setting next_dagrun for tutorial to 2024-10-19T07:23:05.944800+00:00, run_after=2024-10-20T07:23:05.944800+00:00
[2024-10-20T07:23:05.989+0000] {processor.py:179} INFO - Processing /home/airflow/.local/lib/python3.8/site-packages/airflow/example_dags/tutorial.py took 0.173 seconds
[2024-10-20T07:23:36.244+0000] {processor.py:157} INFO - Started process (PID=356) to work on /home/airflow/.local/lib/python3.8/site-packages/airflow/example_dags/tutorial.py
[2024-10-20T07:23:36.246+0000] {processor.py:829} INFO - Processing file /home/airflow/.local/lib/python3.8/site-packages/airflow/example_dags/tutorial.py for tasks to queue
[2024-10-20T07:23:36.250+0000] {logging_mixin.py:154} INFO - [2024-10-20T07:23:36.249+0000] {dagbag.py:536} INFO - Filling up the DagBag from /home/airflow/.local/lib/python3.8/site-packages/airflow/example_dags/tutorial.py
[2024-10-20T07:23:36.259+0000] {processor.py:839} INFO - DAG(s) dict_keys(['tutorial']) retrieved from /home/airflow/.local/lib/python3.8/site-packages/airflow/example_dags/tutorial.py
[2024-10-20T07:23:36.297+0000] {logging_mixin.py:154} INFO - [2024-10-20T07:23:36.297+0000] {dag.py:2941} INFO - Sync 1 DAGs
[2024-10-20T07:23:36.336+0000] {logging_mixin.py:154} INFO - [2024-10-20T07:23:36.336+0000] {dag.py:3722} INFO - Setting next_dagrun for tutorial to 2024-10-19T07:23:36.335989+00:00, run_after=2024-10-20T07:23:36.335989+00:00
[2024-10-20T07:23:36.372+0000] {processor.py:179} INFO - Processing /home/airflow/.local/lib/python3.8/site-packages/airflow/example_dags/tutorial.py took 0.132 seconds
[2024-10-20T07:24:06.583+0000] {processor.py:157} INFO - Started process (PID=412) to work on /home/airflow/.local/lib/python3.8/site-packages/airflow/example_dags/tutorial.py
[2024-10-20T07:24:06.585+0000] {processor.py:829} INFO - Processing file /home/airflow/.local/lib/python3.8/site-packages/airflow/example_dags/tutorial.py for tasks to queue
[2024-10-20T07:24:06.590+0000] {logging_mixin.py:154} INFO - [2024-10-20T07:24:06.589+0000] {dagbag.py:536} INFO - Filling up the DagBag from /home/airflow/.local/lib/python3.8/site-packages/airflow/example_dags/tutorial.py
[2024-10-20T07:24:06.601+0000] {processor.py:839} INFO - DAG(s) dict_keys(['tutorial']) retrieved from /home/airflow/.local/lib/python3.8/site-packages/airflow/example_dags/tutorial.py
[2024-10-20T07:24:06.649+0000] {logging_mixin.py:154} INFO - [2024-10-20T07:24:06.649+0000] {dag.py:2941} INFO - Sync 1 DAGs
[2024-10-20T07:24:06.705+0000] {logging_mixin.py:154} INFO - [2024-10-20T07:24:06.705+0000] {dag.py:3722} INFO - Setting next_dagrun for tutorial to 2024-10-19T07:24:06.704584+00:00, run_after=2024-10-20T07:24:06.704584+00:00
[2024-10-20T07:24:06.748+0000] {processor.py:179} INFO - Processing /home/airflow/.local/lib/python3.8/site-packages/airflow/example_dags/tutorial.py took 0.170 seconds
[2024-10-20T07:24:36.898+0000] {processor.py:157} INFO - Started process (PID=467) to work on /home/airflow/.local/lib/python3.8/site-packages/airflow/example_dags/tutorial.py
[2024-10-20T07:24:36.901+0000] {processor.py:829} INFO - Processing file /home/airflow/.local/lib/python3.8/site-packages/airflow/example_dags/tutorial.py for tasks to queue
[2024-10-20T07:24:36.907+0000] {logging_mixin.py:154} INFO - [2024-10-20T07:24:36.907+0000] {dagbag.py:536} INFO - Filling up the DagBag from /home/airflow/.local/lib/python3.8/site-packages/airflow/example_dags/tutorial.py
[2024-10-20T07:24:36.920+0000] {processor.py:839} INFO - DAG(s) dict_keys(['tutorial']) retrieved from /home/airflow/.local/lib/python3.8/site-packages/airflow/example_dags/tutorial.py
[2024-10-20T07:24:36.961+0000] {logging_mixin.py:154} INFO - [2024-10-20T07:24:36.961+0000] {dag.py:2941} INFO - Sync 1 DAGs
[2024-10-20T07:24:37.005+0000] {logging_mixin.py:154} INFO - [2024-10-20T07:24:37.004+0000] {dag.py:3722} INFO - Setting next_dagrun for tutorial to 2024-10-19T07:24:37.004089+00:00, run_after=2024-10-20T07:24:37.004089+00:00
[2024-10-20T07:24:37.045+0000] {processor.py:179} INFO - Processing /home/airflow/.local/lib/python3.8/site-packages/airflow/example_dags/tutorial.py took 0.153 seconds
[2024-10-20T07:26:03.024+0000] {processor.py:157} INFO - Started process (PID=519) to work on /home/airflow/.local/lib/python3.8/site-packages/airflow/example_dags/tutorial.py
[2024-10-20T07:26:03.026+0000] {processor.py:829} INFO - Processing file /home/airflow/.local/lib/python3.8/site-packages/airflow/example_dags/tutorial.py for tasks to queue
[2024-10-20T07:26:03.034+0000] {logging_mixin.py:154} INFO - [2024-10-20T07:26:03.033+0000] {dagbag.py:536} INFO - Filling up the DagBag from /home/airflow/.local/lib/python3.8/site-packages/airflow/example_dags/tutorial.py
[2024-10-20T07:26:03.050+0000] {processor.py:839} INFO - DAG(s) dict_keys(['tutorial']) retrieved from /home/airflow/.local/lib/python3.8/site-packages/airflow/example_dags/tutorial.py
[2024-10-20T07:26:03.113+0000] {logging_mixin.py:154} INFO - [2024-10-20T07:26:03.112+0000] {dag.py:2941} INFO - Sync 1 DAGs
[2024-10-20T07:26:03.170+0000] {logging_mixin.py:154} INFO - [2024-10-20T07:26:03.170+0000] {dag.py:3722} INFO - Setting next_dagrun for tutorial to 2024-10-19T07:26:03.169635+00:00, run_after=2024-10-20T07:26:03.169635+00:00
[2024-10-20T07:26:03.213+0000] {processor.py:179} INFO - Processing /home/airflow/.local/lib/python3.8/site-packages/airflow/example_dags/tutorial.py took 0.196 seconds
[2024-10-20T07:26:33.786+0000] {processor.py:157} INFO - Started process (PID=576) to work on /home/airflow/.local/lib/python3.8/site-packages/airflow/example_dags/tutorial.py
[2024-10-20T07:26:33.788+0000] {processor.py:829} INFO - Processing file /home/airflow/.local/lib/python3.8/site-packages/airflow/example_dags/tutorial.py for tasks to queue
[2024-10-20T07:26:33.791+0000] {logging_mixin.py:154} INFO - [2024-10-20T07:26:33.790+0000] {dagbag.py:536} INFO - Filling up the DagBag from /home/airflow/.local/lib/python3.8/site-packages/airflow/example_dags/tutorial.py
[2024-10-20T07:26:33.800+0000] {processor.py:839} INFO - DAG(s) dict_keys(['tutorial']) retrieved from /home/airflow/.local/lib/python3.8/site-packages/airflow/example_dags/tutorial.py
[2024-10-20T07:26:33.826+0000] {logging_mixin.py:154} INFO - [2024-10-20T07:26:33.826+0000] {dag.py:2941} INFO - Sync 1 DAGs
[2024-10-20T07:26:33.852+0000] {logging_mixin.py:154} INFO - [2024-10-20T07:26:33.852+0000] {dag.py:3722} INFO - Setting next_dagrun for tutorial to 2024-10-19T07:26:33.852370+00:00, run_after=2024-10-20T07:26:33.852370+00:00
[2024-10-20T07:26:33.881+0000] {processor.py:179} INFO - Processing /home/airflow/.local/lib/python3.8/site-packages/airflow/example_dags/tutorial.py took 0.114 seconds
[2024-10-20T07:27:05.010+0000] {processor.py:157} INFO - Started process (PID=632) to work on /home/airflow/.local/lib/python3.8/site-packages/airflow/example_dags/tutorial.py
[2024-10-20T07:27:05.012+0000] {processor.py:829} INFO - Processing file /home/airflow/.local/lib/python3.8/site-packages/airflow/example_dags/tutorial.py for tasks to queue
[2024-10-20T07:27:05.018+0000] {logging_mixin.py:154} INFO - [2024-10-20T07:27:05.017+0000] {dagbag.py:536} INFO - Filling up the DagBag from /home/airflow/.local/lib/python3.8/site-packages/airflow/example_dags/tutorial.py
[2024-10-20T07:27:05.029+0000] {processor.py:839} INFO - DAG(s) dict_keys(['tutorial']) retrieved from /home/airflow/.local/lib/python3.8/site-packages/airflow/example_dags/tutorial.py
[2024-10-20T07:27:05.076+0000] {logging_mixin.py:154} INFO - [2024-10-20T07:27:05.076+0000] {dag.py:2941} INFO - Sync 1 DAGs
[2024-10-20T07:27:05.128+0000] {logging_mixin.py:154} INFO - [2024-10-20T07:27:05.128+0000] {dag.py:3722} INFO - Setting next_dagrun for tutorial to 2024-10-19T07:27:05.127610+00:00, run_after=2024-10-20T07:27:05.127610+00:00
[2024-10-20T07:27:05.172+0000] {processor.py:179} INFO - Processing /home/airflow/.local/lib/python3.8/site-packages/airflow/example_dags/tutorial.py took 0.167 seconds
[2024-10-20T07:27:35.524+0000] {processor.py:157} INFO - Started process (PID=686) to work on /home/airflow/.local/lib/python3.8/site-packages/airflow/example_dags/tutorial.py
[2024-10-20T07:27:35.526+0000] {processor.py:829} INFO - Processing file /home/airflow/.local/lib/python3.8/site-packages/airflow/example_dags/tutorial.py for tasks to queue
[2024-10-20T07:27:35.530+0000] {logging_mixin.py:154} INFO - [2024-10-20T07:27:35.530+0000] {dagbag.py:536} INFO - Filling up the DagBag from /home/airflow/.local/lib/python3.8/site-packages/airflow/example_dags/tutorial.py
[2024-10-20T07:27:35.543+0000] {processor.py:839} INFO - DAG(s) dict_keys(['tutorial']) retrieved from /home/airflow/.local/lib/python3.8/site-packages/airflow/example_dags/tutorial.py
[2024-10-20T07:27:35.597+0000] {logging_mixin.py:154} INFO - [2024-10-20T07:27:35.596+0000] {dag.py:2941} INFO - Sync 1 DAGs
[2024-10-20T07:27:35.646+0000] {logging_mixin.py:154} INFO - [2024-10-20T07:27:35.645+0000] {dag.py:3722} INFO - Setting next_dagrun for tutorial to 2024-10-19T07:27:35.645304+00:00, run_after=2024-10-20T07:27:35.645304+00:00
[2024-10-20T07:27:35.696+0000] {processor.py:179} INFO - Processing /home/airflow/.local/lib/python3.8/site-packages/airflow/example_dags/tutorial.py took 0.178 seconds
