[2024-10-20T02:46:15.534+0000] {processor.py:157} INFO - Started process (PID=69) to work on /home/airflow/.local/lib/python3.8/site-packages/airflow/example_dags/tutorial_dag.py
[2024-10-20T02:46:15.536+0000] {processor.py:829} INFO - Processing file /home/airflow/.local/lib/python3.8/site-packages/airflow/example_dags/tutorial_dag.py for tasks to queue
[2024-10-20T02:46:15.540+0000] {logging_mixin.py:154} INFO - [2024-10-20T02:46:15.539+0000] {dagbag.py:536} INFO - Filling up the DagBag from /home/airflow/.local/lib/python3.8/site-packages/airflow/example_dags/tutorial_dag.py
[2024-10-20T02:46:15.551+0000] {processor.py:839} INFO - DAG(s) dict_keys(['tutorial_dag']) retrieved from /home/airflow/.local/lib/python3.8/site-packages/airflow/example_dags/tutorial_dag.py
[2024-10-20T02:46:15.572+0000] {logging_mixin.py:154} INFO - [2024-10-20T02:46:15.572+0000] {dag.py:2941} INFO - Sync 1 DAGs
[2024-10-20T02:46:15.595+0000] {logging_mixin.py:154} INFO - [2024-10-20T02:46:15.595+0000] {dag.py:3722} INFO - Setting next_dagrun for tutorial_dag to None, run_after=None
[2024-10-20T02:46:15.634+0000] {processor.py:179} INFO - Processing /home/airflow/.local/lib/python3.8/site-packages/airflow/example_dags/tutorial_dag.py took 0.104 seconds
[2024-10-20T02:46:46.288+0000] {processor.py:157} INFO - Started process (PID=123) to work on /home/airflow/.local/lib/python3.8/site-packages/airflow/example_dags/tutorial_dag.py
[2024-10-20T02:46:46.290+0000] {processor.py:829} INFO - Processing file /home/airflow/.local/lib/python3.8/site-packages/airflow/example_dags/tutorial_dag.py for tasks to queue
[2024-10-20T02:46:46.292+0000] {logging_mixin.py:154} INFO - [2024-10-20T02:46:46.292+0000] {dagbag.py:536} INFO - Filling up the DagBag from /home/airflow/.local/lib/python3.8/site-packages/airflow/example_dags/tutorial_dag.py
[2024-10-20T02:46:46.297+0000] {processor.py:839} INFO - DAG(s) dict_keys(['tutorial_dag']) retrieved from /home/airflow/.local/lib/python3.8/site-packages/airflow/example_dags/tutorial_dag.py
[2024-10-20T02:46:46.318+0000] {logging_mixin.py:154} INFO - [2024-10-20T02:46:46.318+0000] {dag.py:2941} INFO - Sync 1 DAGs
[2024-10-20T02:46:46.330+0000] {logging_mixin.py:154} INFO - [2024-10-20T02:46:46.330+0000] {dag.py:3722} INFO - Setting next_dagrun for tutorial_dag to None, run_after=None
[2024-10-20T02:46:46.351+0000] {processor.py:179} INFO - Processing /home/airflow/.local/lib/python3.8/site-packages/airflow/example_dags/tutorial_dag.py took 0.065 seconds
[2024-10-20T02:47:16.608+0000] {processor.py:157} INFO - Started process (PID=179) to work on /home/airflow/.local/lib/python3.8/site-packages/airflow/example_dags/tutorial_dag.py
[2024-10-20T02:47:16.609+0000] {processor.py:829} INFO - Processing file /home/airflow/.local/lib/python3.8/site-packages/airflow/example_dags/tutorial_dag.py for tasks to queue
[2024-10-20T02:47:16.611+0000] {logging_mixin.py:154} INFO - [2024-10-20T02:47:16.611+0000] {dagbag.py:536} INFO - Filling up the DagBag from /home/airflow/.local/lib/python3.8/site-packages/airflow/example_dags/tutorial_dag.py
[2024-10-20T02:47:16.617+0000] {processor.py:839} INFO - DAG(s) dict_keys(['tutorial_dag']) retrieved from /home/airflow/.local/lib/python3.8/site-packages/airflow/example_dags/tutorial_dag.py
[2024-10-20T02:47:16.640+0000] {logging_mixin.py:154} INFO - [2024-10-20T02:47:16.640+0000] {dag.py:2941} INFO - Sync 1 DAGs
[2024-10-20T02:47:16.655+0000] {logging_mixin.py:154} INFO - [2024-10-20T02:47:16.654+0000] {dag.py:3722} INFO - Setting next_dagrun for tutorial_dag to None, run_after=None
[2024-10-20T02:47:16.680+0000] {processor.py:179} INFO - Processing /home/airflow/.local/lib/python3.8/site-packages/airflow/example_dags/tutorial_dag.py took 0.075 seconds
[2024-10-20T02:47:47.085+0000] {processor.py:157} INFO - Started process (PID=235) to work on /home/airflow/.local/lib/python3.8/site-packages/airflow/example_dags/tutorial_dag.py
[2024-10-20T02:47:47.087+0000] {processor.py:829} INFO - Processing file /home/airflow/.local/lib/python3.8/site-packages/airflow/example_dags/tutorial_dag.py for tasks to queue
[2024-10-20T02:47:47.090+0000] {logging_mixin.py:154} INFO - [2024-10-20T02:47:47.089+0000] {dagbag.py:536} INFO - Filling up the DagBag from /home/airflow/.local/lib/python3.8/site-packages/airflow/example_dags/tutorial_dag.py
[2024-10-20T02:47:47.096+0000] {processor.py:839} INFO - DAG(s) dict_keys(['tutorial_dag']) retrieved from /home/airflow/.local/lib/python3.8/site-packages/airflow/example_dags/tutorial_dag.py
[2024-10-20T02:47:47.119+0000] {logging_mixin.py:154} INFO - [2024-10-20T02:47:47.119+0000] {dag.py:2941} INFO - Sync 1 DAGs
[2024-10-20T02:47:47.134+0000] {logging_mixin.py:154} INFO - [2024-10-20T02:47:47.134+0000] {dag.py:3722} INFO - Setting next_dagrun for tutorial_dag to None, run_after=None
[2024-10-20T02:47:47.162+0000] {processor.py:179} INFO - Processing /home/airflow/.local/lib/python3.8/site-packages/airflow/example_dags/tutorial_dag.py took 0.081 seconds
[2024-10-20T02:48:17.392+0000] {processor.py:157} INFO - Started process (PID=298) to work on /home/airflow/.local/lib/python3.8/site-packages/airflow/example_dags/tutorial_dag.py
[2024-10-20T02:48:17.394+0000] {processor.py:829} INFO - Processing file /home/airflow/.local/lib/python3.8/site-packages/airflow/example_dags/tutorial_dag.py for tasks to queue
[2024-10-20T02:48:17.396+0000] {logging_mixin.py:154} INFO - [2024-10-20T02:48:17.396+0000] {dagbag.py:536} INFO - Filling up the DagBag from /home/airflow/.local/lib/python3.8/site-packages/airflow/example_dags/tutorial_dag.py
[2024-10-20T02:48:17.401+0000] {processor.py:839} INFO - DAG(s) dict_keys(['tutorial_dag']) retrieved from /home/airflow/.local/lib/python3.8/site-packages/airflow/example_dags/tutorial_dag.py
[2024-10-20T02:48:17.424+0000] {logging_mixin.py:154} INFO - [2024-10-20T02:48:17.424+0000] {dag.py:2941} INFO - Sync 1 DAGs
[2024-10-20T02:48:17.441+0000] {logging_mixin.py:154} INFO - [2024-10-20T02:48:17.441+0000] {dag.py:3722} INFO - Setting next_dagrun for tutorial_dag to None, run_after=None
[2024-10-20T02:48:17.467+0000] {processor.py:179} INFO - Processing /home/airflow/.local/lib/python3.8/site-packages/airflow/example_dags/tutorial_dag.py took 0.078 seconds
[2024-10-20T02:48:48.076+0000] {processor.py:157} INFO - Started process (PID=354) to work on /home/airflow/.local/lib/python3.8/site-packages/airflow/example_dags/tutorial_dag.py
[2024-10-20T02:48:48.078+0000] {processor.py:829} INFO - Processing file /home/airflow/.local/lib/python3.8/site-packages/airflow/example_dags/tutorial_dag.py for tasks to queue
[2024-10-20T02:48:48.082+0000] {logging_mixin.py:154} INFO - [2024-10-20T02:48:48.081+0000] {dagbag.py:536} INFO - Filling up the DagBag from /home/airflow/.local/lib/python3.8/site-packages/airflow/example_dags/tutorial_dag.py
[2024-10-20T02:48:48.088+0000] {processor.py:839} INFO - DAG(s) dict_keys(['tutorial_dag']) retrieved from /home/airflow/.local/lib/python3.8/site-packages/airflow/example_dags/tutorial_dag.py
[2024-10-20T02:48:48.120+0000] {logging_mixin.py:154} INFO - [2024-10-20T02:48:48.120+0000] {dag.py:2941} INFO - Sync 1 DAGs
[2024-10-20T02:48:48.141+0000] {logging_mixin.py:154} INFO - [2024-10-20T02:48:48.140+0000] {dag.py:3722} INFO - Setting next_dagrun for tutorial_dag to None, run_after=None
[2024-10-20T02:48:48.178+0000] {processor.py:179} INFO - Processing /home/airflow/.local/lib/python3.8/site-packages/airflow/example_dags/tutorial_dag.py took 0.108 seconds
[2024-10-20T02:49:18.880+0000] {processor.py:157} INFO - Started process (PID=410) to work on /home/airflow/.local/lib/python3.8/site-packages/airflow/example_dags/tutorial_dag.py
[2024-10-20T02:49:18.881+0000] {processor.py:829} INFO - Processing file /home/airflow/.local/lib/python3.8/site-packages/airflow/example_dags/tutorial_dag.py for tasks to queue
[2024-10-20T02:49:18.884+0000] {logging_mixin.py:154} INFO - [2024-10-20T02:49:18.883+0000] {dagbag.py:536} INFO - Filling up the DagBag from /home/airflow/.local/lib/python3.8/site-packages/airflow/example_dags/tutorial_dag.py
[2024-10-20T02:49:18.889+0000] {processor.py:839} INFO - DAG(s) dict_keys(['tutorial_dag']) retrieved from /home/airflow/.local/lib/python3.8/site-packages/airflow/example_dags/tutorial_dag.py
[2024-10-20T02:49:18.912+0000] {logging_mixin.py:154} INFO - [2024-10-20T02:49:18.911+0000] {dag.py:2941} INFO - Sync 1 DAGs
[2024-10-20T02:49:18.925+0000] {logging_mixin.py:154} INFO - [2024-10-20T02:49:18.925+0000] {dag.py:3722} INFO - Setting next_dagrun for tutorial_dag to None, run_after=None
[2024-10-20T02:49:18.950+0000] {processor.py:179} INFO - Processing /home/airflow/.local/lib/python3.8/site-packages/airflow/example_dags/tutorial_dag.py took 0.073 seconds
[2024-10-20T02:49:49.247+0000] {processor.py:157} INFO - Started process (PID=466) to work on /home/airflow/.local/lib/python3.8/site-packages/airflow/example_dags/tutorial_dag.py
[2024-10-20T02:49:49.248+0000] {processor.py:829} INFO - Processing file /home/airflow/.local/lib/python3.8/site-packages/airflow/example_dags/tutorial_dag.py for tasks to queue
[2024-10-20T02:49:49.251+0000] {logging_mixin.py:154} INFO - [2024-10-20T02:49:49.251+0000] {dagbag.py:536} INFO - Filling up the DagBag from /home/airflow/.local/lib/python3.8/site-packages/airflow/example_dags/tutorial_dag.py
[2024-10-20T02:49:49.255+0000] {processor.py:839} INFO - DAG(s) dict_keys(['tutorial_dag']) retrieved from /home/airflow/.local/lib/python3.8/site-packages/airflow/example_dags/tutorial_dag.py
[2024-10-20T02:49:49.278+0000] {logging_mixin.py:154} INFO - [2024-10-20T02:49:49.278+0000] {dag.py:2941} INFO - Sync 1 DAGs
[2024-10-20T02:49:49.292+0000] {logging_mixin.py:154} INFO - [2024-10-20T02:49:49.292+0000] {dag.py:3722} INFO - Setting next_dagrun for tutorial_dag to None, run_after=None
[2024-10-20T02:49:49.318+0000] {processor.py:179} INFO - Processing /home/airflow/.local/lib/python3.8/site-packages/airflow/example_dags/tutorial_dag.py took 0.076 seconds
[2024-10-20T02:50:19.493+0000] {processor.py:157} INFO - Started process (PID=522) to work on /home/airflow/.local/lib/python3.8/site-packages/airflow/example_dags/tutorial_dag.py
[2024-10-20T02:50:19.494+0000] {processor.py:829} INFO - Processing file /home/airflow/.local/lib/python3.8/site-packages/airflow/example_dags/tutorial_dag.py for tasks to queue
[2024-10-20T02:50:19.497+0000] {logging_mixin.py:154} INFO - [2024-10-20T02:50:19.496+0000] {dagbag.py:536} INFO - Filling up the DagBag from /home/airflow/.local/lib/python3.8/site-packages/airflow/example_dags/tutorial_dag.py
[2024-10-20T02:50:19.502+0000] {processor.py:839} INFO - DAG(s) dict_keys(['tutorial_dag']) retrieved from /home/airflow/.local/lib/python3.8/site-packages/airflow/example_dags/tutorial_dag.py
[2024-10-20T02:50:19.528+0000] {logging_mixin.py:154} INFO - [2024-10-20T02:50:19.527+0000] {dag.py:2941} INFO - Sync 1 DAGs
[2024-10-20T02:50:19.542+0000] {logging_mixin.py:154} INFO - [2024-10-20T02:50:19.542+0000] {dag.py:3722} INFO - Setting next_dagrun for tutorial_dag to None, run_after=None
[2024-10-20T02:50:19.568+0000] {processor.py:179} INFO - Processing /home/airflow/.local/lib/python3.8/site-packages/airflow/example_dags/tutorial_dag.py took 0.077 seconds
[2024-10-20T02:50:50.052+0000] {processor.py:157} INFO - Started process (PID=578) to work on /home/airflow/.local/lib/python3.8/site-packages/airflow/example_dags/tutorial_dag.py
[2024-10-20T02:50:50.053+0000] {processor.py:829} INFO - Processing file /home/airflow/.local/lib/python3.8/site-packages/airflow/example_dags/tutorial_dag.py for tasks to queue
[2024-10-20T02:50:50.056+0000] {logging_mixin.py:154} INFO - [2024-10-20T02:50:50.055+0000] {dagbag.py:536} INFO - Filling up the DagBag from /home/airflow/.local/lib/python3.8/site-packages/airflow/example_dags/tutorial_dag.py
[2024-10-20T02:50:50.060+0000] {processor.py:839} INFO - DAG(s) dict_keys(['tutorial_dag']) retrieved from /home/airflow/.local/lib/python3.8/site-packages/airflow/example_dags/tutorial_dag.py
[2024-10-20T02:50:50.082+0000] {logging_mixin.py:154} INFO - [2024-10-20T02:50:50.081+0000] {dag.py:2941} INFO - Sync 1 DAGs
[2024-10-20T02:50:50.096+0000] {logging_mixin.py:154} INFO - [2024-10-20T02:50:50.095+0000] {dag.py:3722} INFO - Setting next_dagrun for tutorial_dag to None, run_after=None
[2024-10-20T02:50:50.121+0000] {processor.py:179} INFO - Processing /home/airflow/.local/lib/python3.8/site-packages/airflow/example_dags/tutorial_dag.py took 0.072 seconds
[2024-10-20T02:51:20.183+0000] {processor.py:157} INFO - Started process (PID=633) to work on /home/airflow/.local/lib/python3.8/site-packages/airflow/example_dags/tutorial_dag.py
[2024-10-20T02:51:20.185+0000] {processor.py:829} INFO - Processing file /home/airflow/.local/lib/python3.8/site-packages/airflow/example_dags/tutorial_dag.py for tasks to queue
[2024-10-20T02:51:20.187+0000] {logging_mixin.py:154} INFO - [2024-10-20T02:51:20.187+0000] {dagbag.py:536} INFO - Filling up the DagBag from /home/airflow/.local/lib/python3.8/site-packages/airflow/example_dags/tutorial_dag.py
[2024-10-20T02:51:20.192+0000] {processor.py:839} INFO - DAG(s) dict_keys(['tutorial_dag']) retrieved from /home/airflow/.local/lib/python3.8/site-packages/airflow/example_dags/tutorial_dag.py
[2024-10-20T02:51:20.214+0000] {logging_mixin.py:154} INFO - [2024-10-20T02:51:20.213+0000] {dag.py:2941} INFO - Sync 1 DAGs
[2024-10-20T02:51:20.229+0000] {logging_mixin.py:154} INFO - [2024-10-20T02:51:20.228+0000] {dag.py:3722} INFO - Setting next_dagrun for tutorial_dag to None, run_after=None
[2024-10-20T02:51:20.249+0000] {processor.py:179} INFO - Processing /home/airflow/.local/lib/python3.8/site-packages/airflow/example_dags/tutorial_dag.py took 0.068 seconds
[2024-10-20T02:51:50.419+0000] {processor.py:157} INFO - Started process (PID=689) to work on /home/airflow/.local/lib/python3.8/site-packages/airflow/example_dags/tutorial_dag.py
[2024-10-20T02:51:50.420+0000] {processor.py:829} INFO - Processing file /home/airflow/.local/lib/python3.8/site-packages/airflow/example_dags/tutorial_dag.py for tasks to queue
[2024-10-20T02:51:50.423+0000] {logging_mixin.py:154} INFO - [2024-10-20T02:51:50.423+0000] {dagbag.py:536} INFO - Filling up the DagBag from /home/airflow/.local/lib/python3.8/site-packages/airflow/example_dags/tutorial_dag.py
[2024-10-20T02:51:50.428+0000] {processor.py:839} INFO - DAG(s) dict_keys(['tutorial_dag']) retrieved from /home/airflow/.local/lib/python3.8/site-packages/airflow/example_dags/tutorial_dag.py
[2024-10-20T02:51:50.448+0000] {logging_mixin.py:154} INFO - [2024-10-20T02:51:50.448+0000] {dag.py:2941} INFO - Sync 1 DAGs
[2024-10-20T02:51:50.462+0000] {logging_mixin.py:154} INFO - [2024-10-20T02:51:50.462+0000] {dag.py:3722} INFO - Setting next_dagrun for tutorial_dag to None, run_after=None
[2024-10-20T02:51:50.487+0000] {processor.py:179} INFO - Processing /home/airflow/.local/lib/python3.8/site-packages/airflow/example_dags/tutorial_dag.py took 0.071 seconds
[2024-10-20T02:52:20.595+0000] {processor.py:157} INFO - Started process (PID=745) to work on /home/airflow/.local/lib/python3.8/site-packages/airflow/example_dags/tutorial_dag.py
[2024-10-20T02:52:20.596+0000] {processor.py:829} INFO - Processing file /home/airflow/.local/lib/python3.8/site-packages/airflow/example_dags/tutorial_dag.py for tasks to queue
[2024-10-20T02:52:20.599+0000] {logging_mixin.py:154} INFO - [2024-10-20T02:52:20.599+0000] {dagbag.py:536} INFO - Filling up the DagBag from /home/airflow/.local/lib/python3.8/site-packages/airflow/example_dags/tutorial_dag.py
[2024-10-20T02:52:20.608+0000] {processor.py:839} INFO - DAG(s) dict_keys(['tutorial_dag']) retrieved from /home/airflow/.local/lib/python3.8/site-packages/airflow/example_dags/tutorial_dag.py
[2024-10-20T02:52:20.632+0000] {logging_mixin.py:154} INFO - [2024-10-20T02:52:20.632+0000] {dag.py:2941} INFO - Sync 1 DAGs
[2024-10-20T02:52:20.646+0000] {logging_mixin.py:154} INFO - [2024-10-20T02:52:20.646+0000] {dag.py:3722} INFO - Setting next_dagrun for tutorial_dag to None, run_after=None
[2024-10-20T02:52:20.670+0000] {processor.py:179} INFO - Processing /home/airflow/.local/lib/python3.8/site-packages/airflow/example_dags/tutorial_dag.py took 0.079 seconds
[2024-10-20T02:52:50.893+0000] {processor.py:157} INFO - Started process (PID=801) to work on /home/airflow/.local/lib/python3.8/site-packages/airflow/example_dags/tutorial_dag.py
[2024-10-20T02:52:50.895+0000] {processor.py:829} INFO - Processing file /home/airflow/.local/lib/python3.8/site-packages/airflow/example_dags/tutorial_dag.py for tasks to queue
[2024-10-20T02:52:50.897+0000] {logging_mixin.py:154} INFO - [2024-10-20T02:52:50.897+0000] {dagbag.py:536} INFO - Filling up the DagBag from /home/airflow/.local/lib/python3.8/site-packages/airflow/example_dags/tutorial_dag.py
[2024-10-20T02:52:50.902+0000] {processor.py:839} INFO - DAG(s) dict_keys(['tutorial_dag']) retrieved from /home/airflow/.local/lib/python3.8/site-packages/airflow/example_dags/tutorial_dag.py
[2024-10-20T02:52:50.927+0000] {logging_mixin.py:154} INFO - [2024-10-20T02:52:50.926+0000] {dag.py:2941} INFO - Sync 1 DAGs
[2024-10-20T02:52:50.941+0000] {logging_mixin.py:154} INFO - [2024-10-20T02:52:50.940+0000] {dag.py:3722} INFO - Setting next_dagrun for tutorial_dag to None, run_after=None
[2024-10-20T02:52:50.969+0000] {processor.py:179} INFO - Processing /home/airflow/.local/lib/python3.8/site-packages/airflow/example_dags/tutorial_dag.py took 0.078 seconds
[2024-10-20T02:53:21.633+0000] {processor.py:157} INFO - Started process (PID=859) to work on /home/airflow/.local/lib/python3.8/site-packages/airflow/example_dags/tutorial_dag.py
[2024-10-20T02:53:21.635+0000] {processor.py:829} INFO - Processing file /home/airflow/.local/lib/python3.8/site-packages/airflow/example_dags/tutorial_dag.py for tasks to queue
[2024-10-20T02:53:21.639+0000] {logging_mixin.py:154} INFO - [2024-10-20T02:53:21.638+0000] {dagbag.py:536} INFO - Filling up the DagBag from /home/airflow/.local/lib/python3.8/site-packages/airflow/example_dags/tutorial_dag.py
[2024-10-20T02:53:21.645+0000] {processor.py:839} INFO - DAG(s) dict_keys(['tutorial_dag']) retrieved from /home/airflow/.local/lib/python3.8/site-packages/airflow/example_dags/tutorial_dag.py
[2024-10-20T02:53:21.673+0000] {logging_mixin.py:154} INFO - [2024-10-20T02:53:21.673+0000] {dag.py:2941} INFO - Sync 1 DAGs
[2024-10-20T02:53:21.689+0000] {logging_mixin.py:154} INFO - [2024-10-20T02:53:21.688+0000] {dag.py:3722} INFO - Setting next_dagrun for tutorial_dag to None, run_after=None
[2024-10-20T02:53:21.720+0000] {processor.py:179} INFO - Processing /home/airflow/.local/lib/python3.8/site-packages/airflow/example_dags/tutorial_dag.py took 0.091 seconds
[2024-10-20T02:53:52.216+0000] {processor.py:157} INFO - Started process (PID=917) to work on /home/airflow/.local/lib/python3.8/site-packages/airflow/example_dags/tutorial_dag.py
[2024-10-20T02:53:52.217+0000] {processor.py:829} INFO - Processing file /home/airflow/.local/lib/python3.8/site-packages/airflow/example_dags/tutorial_dag.py for tasks to queue
[2024-10-20T02:53:52.221+0000] {logging_mixin.py:154} INFO - [2024-10-20T02:53:52.220+0000] {dagbag.py:536} INFO - Filling up the DagBag from /home/airflow/.local/lib/python3.8/site-packages/airflow/example_dags/tutorial_dag.py
[2024-10-20T02:53:52.228+0000] {processor.py:839} INFO - DAG(s) dict_keys(['tutorial_dag']) retrieved from /home/airflow/.local/lib/python3.8/site-packages/airflow/example_dags/tutorial_dag.py
[2024-10-20T02:53:52.258+0000] {logging_mixin.py:154} INFO - [2024-10-20T02:53:52.258+0000] {dag.py:2941} INFO - Sync 1 DAGs
[2024-10-20T02:53:52.275+0000] {logging_mixin.py:154} INFO - [2024-10-20T02:53:52.274+0000] {dag.py:3722} INFO - Setting next_dagrun for tutorial_dag to None, run_after=None
[2024-10-20T02:53:52.302+0000] {processor.py:179} INFO - Processing /home/airflow/.local/lib/python3.8/site-packages/airflow/example_dags/tutorial_dag.py took 0.089 seconds
[2024-10-20T02:54:22.717+0000] {processor.py:157} INFO - Started process (PID=973) to work on /home/airflow/.local/lib/python3.8/site-packages/airflow/example_dags/tutorial_dag.py
[2024-10-20T02:54:22.718+0000] {processor.py:829} INFO - Processing file /home/airflow/.local/lib/python3.8/site-packages/airflow/example_dags/tutorial_dag.py for tasks to queue
[2024-10-20T02:54:22.722+0000] {logging_mixin.py:154} INFO - [2024-10-20T02:54:22.722+0000] {dagbag.py:536} INFO - Filling up the DagBag from /home/airflow/.local/lib/python3.8/site-packages/airflow/example_dags/tutorial_dag.py
[2024-10-20T02:54:22.729+0000] {processor.py:839} INFO - DAG(s) dict_keys(['tutorial_dag']) retrieved from /home/airflow/.local/lib/python3.8/site-packages/airflow/example_dags/tutorial_dag.py
[2024-10-20T02:54:22.760+0000] {logging_mixin.py:154} INFO - [2024-10-20T02:54:22.760+0000] {dag.py:2941} INFO - Sync 1 DAGs
[2024-10-20T02:54:22.776+0000] {logging_mixin.py:154} INFO - [2024-10-20T02:54:22.775+0000] {dag.py:3722} INFO - Setting next_dagrun for tutorial_dag to None, run_after=None
[2024-10-20T02:54:22.805+0000] {processor.py:179} INFO - Processing /home/airflow/.local/lib/python3.8/site-packages/airflow/example_dags/tutorial_dag.py took 0.091 seconds
[2024-10-20T02:54:53.234+0000] {processor.py:157} INFO - Started process (PID=1029) to work on /home/airflow/.local/lib/python3.8/site-packages/airflow/example_dags/tutorial_dag.py
[2024-10-20T02:54:53.235+0000] {processor.py:829} INFO - Processing file /home/airflow/.local/lib/python3.8/site-packages/airflow/example_dags/tutorial_dag.py for tasks to queue
[2024-10-20T02:54:53.237+0000] {logging_mixin.py:154} INFO - [2024-10-20T02:54:53.237+0000] {dagbag.py:536} INFO - Filling up the DagBag from /home/airflow/.local/lib/python3.8/site-packages/airflow/example_dags/tutorial_dag.py
[2024-10-20T02:54:53.242+0000] {processor.py:839} INFO - DAG(s) dict_keys(['tutorial_dag']) retrieved from /home/airflow/.local/lib/python3.8/site-packages/airflow/example_dags/tutorial_dag.py
[2024-10-20T02:54:53.266+0000] {logging_mixin.py:154} INFO - [2024-10-20T02:54:53.266+0000] {dag.py:2941} INFO - Sync 1 DAGs
[2024-10-20T02:54:53.279+0000] {logging_mixin.py:154} INFO - [2024-10-20T02:54:53.279+0000] {dag.py:3722} INFO - Setting next_dagrun for tutorial_dag to None, run_after=None
[2024-10-20T02:54:53.304+0000] {processor.py:179} INFO - Processing /home/airflow/.local/lib/python3.8/site-packages/airflow/example_dags/tutorial_dag.py took 0.074 seconds
[2024-10-20T02:55:23.990+0000] {processor.py:157} INFO - Started process (PID=1087) to work on /home/airflow/.local/lib/python3.8/site-packages/airflow/example_dags/tutorial_dag.py
[2024-10-20T02:55:23.991+0000] {processor.py:829} INFO - Processing file /home/airflow/.local/lib/python3.8/site-packages/airflow/example_dags/tutorial_dag.py for tasks to queue
[2024-10-20T02:55:23.994+0000] {logging_mixin.py:154} INFO - [2024-10-20T02:55:23.994+0000] {dagbag.py:536} INFO - Filling up the DagBag from /home/airflow/.local/lib/python3.8/site-packages/airflow/example_dags/tutorial_dag.py
[2024-10-20T02:55:23.999+0000] {processor.py:839} INFO - DAG(s) dict_keys(['tutorial_dag']) retrieved from /home/airflow/.local/lib/python3.8/site-packages/airflow/example_dags/tutorial_dag.py
[2024-10-20T02:55:24.024+0000] {logging_mixin.py:154} INFO - [2024-10-20T02:55:24.024+0000] {dag.py:2941} INFO - Sync 1 DAGs
[2024-10-20T02:55:24.040+0000] {logging_mixin.py:154} INFO - [2024-10-20T02:55:24.039+0000] {dag.py:3722} INFO - Setting next_dagrun for tutorial_dag to None, run_after=None
[2024-10-20T02:55:24.069+0000] {processor.py:179} INFO - Processing /home/airflow/.local/lib/python3.8/site-packages/airflow/example_dags/tutorial_dag.py took 0.083 seconds
[2024-10-20T02:55:54.787+0000] {processor.py:157} INFO - Started process (PID=1147) to work on /home/airflow/.local/lib/python3.8/site-packages/airflow/example_dags/tutorial_dag.py
[2024-10-20T02:55:54.788+0000] {processor.py:829} INFO - Processing file /home/airflow/.local/lib/python3.8/site-packages/airflow/example_dags/tutorial_dag.py for tasks to queue
[2024-10-20T02:55:54.791+0000] {logging_mixin.py:154} INFO - [2024-10-20T02:55:54.790+0000] {dagbag.py:536} INFO - Filling up the DagBag from /home/airflow/.local/lib/python3.8/site-packages/airflow/example_dags/tutorial_dag.py
[2024-10-20T02:55:54.796+0000] {processor.py:839} INFO - DAG(s) dict_keys(['tutorial_dag']) retrieved from /home/airflow/.local/lib/python3.8/site-packages/airflow/example_dags/tutorial_dag.py
[2024-10-20T02:55:54.821+0000] {logging_mixin.py:154} INFO - [2024-10-20T02:55:54.820+0000] {dag.py:2941} INFO - Sync 1 DAGs
[2024-10-20T02:55:54.836+0000] {logging_mixin.py:154} INFO - [2024-10-20T02:55:54.836+0000] {dag.py:3722} INFO - Setting next_dagrun for tutorial_dag to None, run_after=None
[2024-10-20T02:55:55.041+0000] {processor.py:179} INFO - Processing /home/airflow/.local/lib/python3.8/site-packages/airflow/example_dags/tutorial_dag.py took 0.257 seconds
[2024-10-20T02:56:25.113+0000] {processor.py:157} INFO - Started process (PID=1203) to work on /home/airflow/.local/lib/python3.8/site-packages/airflow/example_dags/tutorial_dag.py
[2024-10-20T02:56:25.115+0000] {processor.py:829} INFO - Processing file /home/airflow/.local/lib/python3.8/site-packages/airflow/example_dags/tutorial_dag.py for tasks to queue
[2024-10-20T02:56:25.117+0000] {logging_mixin.py:154} INFO - [2024-10-20T02:56:25.117+0000] {dagbag.py:536} INFO - Filling up the DagBag from /home/airflow/.local/lib/python3.8/site-packages/airflow/example_dags/tutorial_dag.py
[2024-10-20T02:56:25.122+0000] {processor.py:839} INFO - DAG(s) dict_keys(['tutorial_dag']) retrieved from /home/airflow/.local/lib/python3.8/site-packages/airflow/example_dags/tutorial_dag.py
[2024-10-20T02:56:25.146+0000] {logging_mixin.py:154} INFO - [2024-10-20T02:56:25.145+0000] {dag.py:2941} INFO - Sync 1 DAGs
[2024-10-20T02:56:25.158+0000] {logging_mixin.py:154} INFO - [2024-10-20T02:56:25.158+0000] {dag.py:3722} INFO - Setting next_dagrun for tutorial_dag to None, run_after=None
[2024-10-20T02:56:25.185+0000] {processor.py:179} INFO - Processing /home/airflow/.local/lib/python3.8/site-packages/airflow/example_dags/tutorial_dag.py took 0.075 seconds
[2024-10-20T02:56:55.669+0000] {processor.py:157} INFO - Started process (PID=1259) to work on /home/airflow/.local/lib/python3.8/site-packages/airflow/example_dags/tutorial_dag.py
[2024-10-20T02:56:55.670+0000] {processor.py:829} INFO - Processing file /home/airflow/.local/lib/python3.8/site-packages/airflow/example_dags/tutorial_dag.py for tasks to queue
[2024-10-20T02:56:55.673+0000] {logging_mixin.py:154} INFO - [2024-10-20T02:56:55.673+0000] {dagbag.py:536} INFO - Filling up the DagBag from /home/airflow/.local/lib/python3.8/site-packages/airflow/example_dags/tutorial_dag.py
[2024-10-20T02:56:55.678+0000] {processor.py:839} INFO - DAG(s) dict_keys(['tutorial_dag']) retrieved from /home/airflow/.local/lib/python3.8/site-packages/airflow/example_dags/tutorial_dag.py
[2024-10-20T02:56:55.700+0000] {logging_mixin.py:154} INFO - [2024-10-20T02:56:55.700+0000] {dag.py:2941} INFO - Sync 1 DAGs
[2024-10-20T02:56:55.712+0000] {logging_mixin.py:154} INFO - [2024-10-20T02:56:55.712+0000] {dag.py:3722} INFO - Setting next_dagrun for tutorial_dag to None, run_after=None
[2024-10-20T02:56:55.743+0000] {processor.py:179} INFO - Processing /home/airflow/.local/lib/python3.8/site-packages/airflow/example_dags/tutorial_dag.py took 0.076 seconds
[2024-10-20T02:57:26.107+0000] {processor.py:157} INFO - Started process (PID=1315) to work on /home/airflow/.local/lib/python3.8/site-packages/airflow/example_dags/tutorial_dag.py
[2024-10-20T02:57:26.108+0000] {processor.py:829} INFO - Processing file /home/airflow/.local/lib/python3.8/site-packages/airflow/example_dags/tutorial_dag.py for tasks to queue
[2024-10-20T02:57:26.111+0000] {logging_mixin.py:154} INFO - [2024-10-20T02:57:26.110+0000] {dagbag.py:536} INFO - Filling up the DagBag from /home/airflow/.local/lib/python3.8/site-packages/airflow/example_dags/tutorial_dag.py
[2024-10-20T02:57:26.119+0000] {processor.py:839} INFO - DAG(s) dict_keys(['tutorial_dag']) retrieved from /home/airflow/.local/lib/python3.8/site-packages/airflow/example_dags/tutorial_dag.py
[2024-10-20T02:57:26.349+0000] {logging_mixin.py:154} INFO - [2024-10-20T02:57:26.349+0000] {dag.py:2941} INFO - Sync 1 DAGs
[2024-10-20T02:57:26.362+0000] {logging_mixin.py:154} INFO - [2024-10-20T02:57:26.362+0000] {dag.py:3722} INFO - Setting next_dagrun for tutorial_dag to None, run_after=None
[2024-10-20T02:57:26.387+0000] {processor.py:179} INFO - Processing /home/airflow/.local/lib/python3.8/site-packages/airflow/example_dags/tutorial_dag.py took 0.284 seconds
[2024-10-20T02:57:56.728+0000] {processor.py:157} INFO - Started process (PID=1371) to work on /home/airflow/.local/lib/python3.8/site-packages/airflow/example_dags/tutorial_dag.py
[2024-10-20T02:57:56.729+0000] {processor.py:829} INFO - Processing file /home/airflow/.local/lib/python3.8/site-packages/airflow/example_dags/tutorial_dag.py for tasks to queue
[2024-10-20T02:57:56.732+0000] {logging_mixin.py:154} INFO - [2024-10-20T02:57:56.731+0000] {dagbag.py:536} INFO - Filling up the DagBag from /home/airflow/.local/lib/python3.8/site-packages/airflow/example_dags/tutorial_dag.py
[2024-10-20T02:57:56.737+0000] {processor.py:839} INFO - DAG(s) dict_keys(['tutorial_dag']) retrieved from /home/airflow/.local/lib/python3.8/site-packages/airflow/example_dags/tutorial_dag.py
[2024-10-20T02:57:56.760+0000] {logging_mixin.py:154} INFO - [2024-10-20T02:57:56.760+0000] {dag.py:2941} INFO - Sync 1 DAGs
[2024-10-20T02:57:56.947+0000] {logging_mixin.py:154} INFO - [2024-10-20T02:57:56.947+0000] {dag.py:3722} INFO - Setting next_dagrun for tutorial_dag to None, run_after=None
[2024-10-20T02:57:56.976+0000] {processor.py:179} INFO - Processing /home/airflow/.local/lib/python3.8/site-packages/airflow/example_dags/tutorial_dag.py took 0.250 seconds
[2024-10-20T02:58:27.478+0000] {processor.py:157} INFO - Started process (PID=1429) to work on /home/airflow/.local/lib/python3.8/site-packages/airflow/example_dags/tutorial_dag.py
[2024-10-20T02:58:27.479+0000] {processor.py:829} INFO - Processing file /home/airflow/.local/lib/python3.8/site-packages/airflow/example_dags/tutorial_dag.py for tasks to queue
[2024-10-20T02:58:27.482+0000] {logging_mixin.py:154} INFO - [2024-10-20T02:58:27.481+0000] {dagbag.py:536} INFO - Filling up the DagBag from /home/airflow/.local/lib/python3.8/site-packages/airflow/example_dags/tutorial_dag.py
[2024-10-20T02:58:27.487+0000] {processor.py:839} INFO - DAG(s) dict_keys(['tutorial_dag']) retrieved from /home/airflow/.local/lib/python3.8/site-packages/airflow/example_dags/tutorial_dag.py
[2024-10-20T02:58:27.511+0000] {logging_mixin.py:154} INFO - [2024-10-20T02:58:27.511+0000] {dag.py:2941} INFO - Sync 1 DAGs
[2024-10-20T02:58:27.524+0000] {logging_mixin.py:154} INFO - [2024-10-20T02:58:27.524+0000] {dag.py:3722} INFO - Setting next_dagrun for tutorial_dag to None, run_after=None
[2024-10-20T02:58:27.548+0000] {processor.py:179} INFO - Processing /home/airflow/.local/lib/python3.8/site-packages/airflow/example_dags/tutorial_dag.py took 0.074 seconds
[2024-10-20T02:59:50.757+0000] {processor.py:157} INFO - Started process (PID=70) to work on /home/airflow/.local/lib/python3.8/site-packages/airflow/example_dags/tutorial_dag.py
[2024-10-20T02:59:50.759+0000] {processor.py:829} INFO - Processing file /home/airflow/.local/lib/python3.8/site-packages/airflow/example_dags/tutorial_dag.py for tasks to queue
[2024-10-20T02:59:50.763+0000] {logging_mixin.py:154} INFO - [2024-10-20T02:59:50.763+0000] {dagbag.py:536} INFO - Filling up the DagBag from /home/airflow/.local/lib/python3.8/site-packages/airflow/example_dags/tutorial_dag.py
[2024-10-20T02:59:50.790+0000] {processor.py:839} INFO - DAG(s) dict_keys(['tutorial_dag']) retrieved from /home/airflow/.local/lib/python3.8/site-packages/airflow/example_dags/tutorial_dag.py
[2024-10-20T02:59:50.827+0000] {logging_mixin.py:154} INFO - [2024-10-20T02:59:50.826+0000] {dag.py:2941} INFO - Sync 1 DAGs
[2024-10-20T02:59:50.851+0000] {logging_mixin.py:154} INFO - [2024-10-20T02:59:50.851+0000] {dag.py:3722} INFO - Setting next_dagrun for tutorial_dag to None, run_after=None
[2024-10-20T02:59:50.885+0000] {processor.py:179} INFO - Processing /home/airflow/.local/lib/python3.8/site-packages/airflow/example_dags/tutorial_dag.py took 0.147 seconds
[2024-10-20T03:00:21.500+0000] {processor.py:157} INFO - Started process (PID=135) to work on /home/airflow/.local/lib/python3.8/site-packages/airflow/example_dags/tutorial_dag.py
[2024-10-20T03:00:21.501+0000] {processor.py:829} INFO - Processing file /home/airflow/.local/lib/python3.8/site-packages/airflow/example_dags/tutorial_dag.py for tasks to queue
[2024-10-20T03:00:21.503+0000] {logging_mixin.py:154} INFO - [2024-10-20T03:00:21.503+0000] {dagbag.py:536} INFO - Filling up the DagBag from /home/airflow/.local/lib/python3.8/site-packages/airflow/example_dags/tutorial_dag.py
[2024-10-20T03:00:21.508+0000] {processor.py:839} INFO - DAG(s) dict_keys(['tutorial_dag']) retrieved from /home/airflow/.local/lib/python3.8/site-packages/airflow/example_dags/tutorial_dag.py
[2024-10-20T03:00:21.530+0000] {logging_mixin.py:154} INFO - [2024-10-20T03:00:21.530+0000] {dag.py:2941} INFO - Sync 1 DAGs
[2024-10-20T03:00:21.542+0000] {logging_mixin.py:154} INFO - [2024-10-20T03:00:21.542+0000] {dag.py:3722} INFO - Setting next_dagrun for tutorial_dag to None, run_after=None
[2024-10-20T03:00:21.566+0000] {processor.py:179} INFO - Processing /home/airflow/.local/lib/python3.8/site-packages/airflow/example_dags/tutorial_dag.py took 0.068 seconds
[2024-10-20T03:00:52.589+0000] {processor.py:157} INFO - Started process (PID=191) to work on /home/airflow/.local/lib/python3.8/site-packages/airflow/example_dags/tutorial_dag.py
[2024-10-20T03:00:52.590+0000] {processor.py:829} INFO - Processing file /home/airflow/.local/lib/python3.8/site-packages/airflow/example_dags/tutorial_dag.py for tasks to queue
[2024-10-20T03:00:52.594+0000] {logging_mixin.py:154} INFO - [2024-10-20T03:00:52.593+0000] {dagbag.py:536} INFO - Filling up the DagBag from /home/airflow/.local/lib/python3.8/site-packages/airflow/example_dags/tutorial_dag.py
[2024-10-20T03:00:52.601+0000] {processor.py:839} INFO - DAG(s) dict_keys(['tutorial_dag']) retrieved from /home/airflow/.local/lib/python3.8/site-packages/airflow/example_dags/tutorial_dag.py
[2024-10-20T03:00:52.631+0000] {logging_mixin.py:154} INFO - [2024-10-20T03:00:52.631+0000] {dag.py:2941} INFO - Sync 1 DAGs
[2024-10-20T03:00:52.651+0000] {logging_mixin.py:154} INFO - [2024-10-20T03:00:52.651+0000] {dag.py:3722} INFO - Setting next_dagrun for tutorial_dag to None, run_after=None
[2024-10-20T03:00:52.685+0000] {processor.py:179} INFO - Processing /home/airflow/.local/lib/python3.8/site-packages/airflow/example_dags/tutorial_dag.py took 0.100 seconds
[2024-10-20T03:01:22.775+0000] {processor.py:157} INFO - Started process (PID=247) to work on /home/airflow/.local/lib/python3.8/site-packages/airflow/example_dags/tutorial_dag.py
[2024-10-20T03:01:22.776+0000] {processor.py:829} INFO - Processing file /home/airflow/.local/lib/python3.8/site-packages/airflow/example_dags/tutorial_dag.py for tasks to queue
[2024-10-20T03:01:22.779+0000] {logging_mixin.py:154} INFO - [2024-10-20T03:01:22.779+0000] {dagbag.py:536} INFO - Filling up the DagBag from /home/airflow/.local/lib/python3.8/site-packages/airflow/example_dags/tutorial_dag.py
[2024-10-20T03:01:22.784+0000] {processor.py:839} INFO - DAG(s) dict_keys(['tutorial_dag']) retrieved from /home/airflow/.local/lib/python3.8/site-packages/airflow/example_dags/tutorial_dag.py
[2024-10-20T03:01:22.806+0000] {logging_mixin.py:154} INFO - [2024-10-20T03:01:22.806+0000] {dag.py:2941} INFO - Sync 1 DAGs
[2024-10-20T03:01:22.819+0000] {logging_mixin.py:154} INFO - [2024-10-20T03:01:22.819+0000] {dag.py:3722} INFO - Setting next_dagrun for tutorial_dag to None, run_after=None
[2024-10-20T03:01:22.844+0000] {processor.py:179} INFO - Processing /home/airflow/.local/lib/python3.8/site-packages/airflow/example_dags/tutorial_dag.py took 0.072 seconds
[2024-10-20T03:01:52.966+0000] {processor.py:157} INFO - Started process (PID=304) to work on /home/airflow/.local/lib/python3.8/site-packages/airflow/example_dags/tutorial_dag.py
[2024-10-20T03:01:52.968+0000] {processor.py:829} INFO - Processing file /home/airflow/.local/lib/python3.8/site-packages/airflow/example_dags/tutorial_dag.py for tasks to queue
[2024-10-20T03:01:52.970+0000] {logging_mixin.py:154} INFO - [2024-10-20T03:01:52.970+0000] {dagbag.py:536} INFO - Filling up the DagBag from /home/airflow/.local/lib/python3.8/site-packages/airflow/example_dags/tutorial_dag.py
[2024-10-20T03:01:52.977+0000] {processor.py:839} INFO - DAG(s) dict_keys(['tutorial_dag']) retrieved from /home/airflow/.local/lib/python3.8/site-packages/airflow/example_dags/tutorial_dag.py
[2024-10-20T03:01:53.015+0000] {logging_mixin.py:154} INFO - [2024-10-20T03:01:53.015+0000] {dag.py:2941} INFO - Sync 1 DAGs
[2024-10-20T03:01:53.034+0000] {logging_mixin.py:154} INFO - [2024-10-20T03:01:53.033+0000] {dag.py:3722} INFO - Setting next_dagrun for tutorial_dag to None, run_after=None
[2024-10-20T03:01:53.069+0000] {processor.py:179} INFO - Processing /home/airflow/.local/lib/python3.8/site-packages/airflow/example_dags/tutorial_dag.py took 0.108 seconds
[2024-10-20T03:02:23.700+0000] {processor.py:157} INFO - Started process (PID=360) to work on /home/airflow/.local/lib/python3.8/site-packages/airflow/example_dags/tutorial_dag.py
[2024-10-20T03:02:23.701+0000] {processor.py:829} INFO - Processing file /home/airflow/.local/lib/python3.8/site-packages/airflow/example_dags/tutorial_dag.py for tasks to queue
[2024-10-20T03:02:23.704+0000] {logging_mixin.py:154} INFO - [2024-10-20T03:02:23.704+0000] {dagbag.py:536} INFO - Filling up the DagBag from /home/airflow/.local/lib/python3.8/site-packages/airflow/example_dags/tutorial_dag.py
[2024-10-20T03:02:23.710+0000] {processor.py:839} INFO - DAG(s) dict_keys(['tutorial_dag']) retrieved from /home/airflow/.local/lib/python3.8/site-packages/airflow/example_dags/tutorial_dag.py
[2024-10-20T03:02:23.747+0000] {logging_mixin.py:154} INFO - [2024-10-20T03:02:23.747+0000] {dag.py:2941} INFO - Sync 1 DAGs
[2024-10-20T03:02:23.766+0000] {logging_mixin.py:154} INFO - [2024-10-20T03:02:23.765+0000] {dag.py:3722} INFO - Setting next_dagrun for tutorial_dag to None, run_after=None
[2024-10-20T03:02:23.806+0000] {processor.py:179} INFO - Processing /home/airflow/.local/lib/python3.8/site-packages/airflow/example_dags/tutorial_dag.py took 0.109 seconds
[2024-10-20T03:02:54.360+0000] {processor.py:157} INFO - Started process (PID=418) to work on /home/airflow/.local/lib/python3.8/site-packages/airflow/example_dags/tutorial_dag.py
[2024-10-20T03:02:54.362+0000] {processor.py:829} INFO - Processing file /home/airflow/.local/lib/python3.8/site-packages/airflow/example_dags/tutorial_dag.py for tasks to queue
[2024-10-20T03:02:54.365+0000] {logging_mixin.py:154} INFO - [2024-10-20T03:02:54.364+0000] {dagbag.py:536} INFO - Filling up the DagBag from /home/airflow/.local/lib/python3.8/site-packages/airflow/example_dags/tutorial_dag.py
[2024-10-20T03:02:54.372+0000] {processor.py:839} INFO - DAG(s) dict_keys(['tutorial_dag']) retrieved from /home/airflow/.local/lib/python3.8/site-packages/airflow/example_dags/tutorial_dag.py
[2024-10-20T03:02:54.398+0000] {logging_mixin.py:154} INFO - [2024-10-20T03:02:54.398+0000] {dag.py:2941} INFO - Sync 1 DAGs
[2024-10-20T03:02:54.414+0000] {logging_mixin.py:154} INFO - [2024-10-20T03:02:54.414+0000] {dag.py:3722} INFO - Setting next_dagrun for tutorial_dag to None, run_after=None
[2024-10-20T03:02:54.438+0000] {processor.py:179} INFO - Processing /home/airflow/.local/lib/python3.8/site-packages/airflow/example_dags/tutorial_dag.py took 0.082 seconds
[2024-10-20T03:03:25.374+0000] {processor.py:157} INFO - Started process (PID=475) to work on /home/airflow/.local/lib/python3.8/site-packages/airflow/example_dags/tutorial_dag.py
[2024-10-20T03:03:25.375+0000] {processor.py:829} INFO - Processing file /home/airflow/.local/lib/python3.8/site-packages/airflow/example_dags/tutorial_dag.py for tasks to queue
[2024-10-20T03:03:25.378+0000] {logging_mixin.py:154} INFO - [2024-10-20T03:03:25.378+0000] {dagbag.py:536} INFO - Filling up the DagBag from /home/airflow/.local/lib/python3.8/site-packages/airflow/example_dags/tutorial_dag.py
[2024-10-20T03:03:25.384+0000] {processor.py:839} INFO - DAG(s) dict_keys(['tutorial_dag']) retrieved from /home/airflow/.local/lib/python3.8/site-packages/airflow/example_dags/tutorial_dag.py
[2024-10-20T03:03:25.412+0000] {logging_mixin.py:154} INFO - [2024-10-20T03:03:25.412+0000] {dag.py:2941} INFO - Sync 1 DAGs
[2024-10-20T03:03:25.426+0000] {logging_mixin.py:154} INFO - [2024-10-20T03:03:25.426+0000] {dag.py:3722} INFO - Setting next_dagrun for tutorial_dag to None, run_after=None
[2024-10-20T03:03:25.450+0000] {processor.py:179} INFO - Processing /home/airflow/.local/lib/python3.8/site-packages/airflow/example_dags/tutorial_dag.py took 0.081 seconds
[2024-10-20T03:03:55.989+0000] {processor.py:157} INFO - Started process (PID=531) to work on /home/airflow/.local/lib/python3.8/site-packages/airflow/example_dags/tutorial_dag.py
[2024-10-20T03:03:55.990+0000] {processor.py:829} INFO - Processing file /home/airflow/.local/lib/python3.8/site-packages/airflow/example_dags/tutorial_dag.py for tasks to queue
[2024-10-20T03:03:55.993+0000] {logging_mixin.py:154} INFO - [2024-10-20T03:03:55.992+0000] {dagbag.py:536} INFO - Filling up the DagBag from /home/airflow/.local/lib/python3.8/site-packages/airflow/example_dags/tutorial_dag.py
[2024-10-20T03:03:55.997+0000] {processor.py:839} INFO - DAG(s) dict_keys(['tutorial_dag']) retrieved from /home/airflow/.local/lib/python3.8/site-packages/airflow/example_dags/tutorial_dag.py
[2024-10-20T03:03:56.019+0000] {logging_mixin.py:154} INFO - [2024-10-20T03:03:56.019+0000] {dag.py:2941} INFO - Sync 1 DAGs
[2024-10-20T03:03:56.032+0000] {logging_mixin.py:154} INFO - [2024-10-20T03:03:56.032+0000] {dag.py:3722} INFO - Setting next_dagrun for tutorial_dag to None, run_after=None
[2024-10-20T03:03:56.057+0000] {processor.py:179} INFO - Processing /home/airflow/.local/lib/python3.8/site-packages/airflow/example_dags/tutorial_dag.py took 0.070 seconds
[2024-10-20T03:04:26.170+0000] {processor.py:157} INFO - Started process (PID=587) to work on /home/airflow/.local/lib/python3.8/site-packages/airflow/example_dags/tutorial_dag.py
[2024-10-20T03:04:26.171+0000] {processor.py:829} INFO - Processing file /home/airflow/.local/lib/python3.8/site-packages/airflow/example_dags/tutorial_dag.py for tasks to queue
[2024-10-20T03:04:26.173+0000] {logging_mixin.py:154} INFO - [2024-10-20T03:04:26.173+0000] {dagbag.py:536} INFO - Filling up the DagBag from /home/airflow/.local/lib/python3.8/site-packages/airflow/example_dags/tutorial_dag.py
[2024-10-20T03:04:26.178+0000] {processor.py:839} INFO - DAG(s) dict_keys(['tutorial_dag']) retrieved from /home/airflow/.local/lib/python3.8/site-packages/airflow/example_dags/tutorial_dag.py
[2024-10-20T03:04:26.203+0000] {logging_mixin.py:154} INFO - [2024-10-20T03:04:26.203+0000] {dag.py:2941} INFO - Sync 1 DAGs
[2024-10-20T03:04:26.216+0000] {logging_mixin.py:154} INFO - [2024-10-20T03:04:26.216+0000] {dag.py:3722} INFO - Setting next_dagrun for tutorial_dag to None, run_after=None
[2024-10-20T03:04:26.241+0000] {processor.py:179} INFO - Processing /home/airflow/.local/lib/python3.8/site-packages/airflow/example_dags/tutorial_dag.py took 0.074 seconds
[2024-10-20T03:04:56.641+0000] {processor.py:157} INFO - Started process (PID=642) to work on /home/airflow/.local/lib/python3.8/site-packages/airflow/example_dags/tutorial_dag.py
[2024-10-20T03:04:56.642+0000] {processor.py:829} INFO - Processing file /home/airflow/.local/lib/python3.8/site-packages/airflow/example_dags/tutorial_dag.py for tasks to queue
[2024-10-20T03:04:56.646+0000] {logging_mixin.py:154} INFO - [2024-10-20T03:04:56.646+0000] {dagbag.py:536} INFO - Filling up the DagBag from /home/airflow/.local/lib/python3.8/site-packages/airflow/example_dags/tutorial_dag.py
[2024-10-20T03:04:56.651+0000] {processor.py:839} INFO - DAG(s) dict_keys(['tutorial_dag']) retrieved from /home/airflow/.local/lib/python3.8/site-packages/airflow/example_dags/tutorial_dag.py
[2024-10-20T03:04:56.673+0000] {logging_mixin.py:154} INFO - [2024-10-20T03:04:56.673+0000] {dag.py:2941} INFO - Sync 1 DAGs
[2024-10-20T03:04:56.686+0000] {logging_mixin.py:154} INFO - [2024-10-20T03:04:56.686+0000] {dag.py:3722} INFO - Setting next_dagrun for tutorial_dag to None, run_after=None
[2024-10-20T03:04:56.711+0000] {processor.py:179} INFO - Processing /home/airflow/.local/lib/python3.8/site-packages/airflow/example_dags/tutorial_dag.py took 0.073 seconds
[2024-10-20T03:05:26.939+0000] {processor.py:157} INFO - Started process (PID=698) to work on /home/airflow/.local/lib/python3.8/site-packages/airflow/example_dags/tutorial_dag.py
[2024-10-20T03:05:26.941+0000] {processor.py:829} INFO - Processing file /home/airflow/.local/lib/python3.8/site-packages/airflow/example_dags/tutorial_dag.py for tasks to queue
[2024-10-20T03:05:26.944+0000] {logging_mixin.py:154} INFO - [2024-10-20T03:05:26.943+0000] {dagbag.py:536} INFO - Filling up the DagBag from /home/airflow/.local/lib/python3.8/site-packages/airflow/example_dags/tutorial_dag.py
[2024-10-20T03:05:26.949+0000] {processor.py:839} INFO - DAG(s) dict_keys(['tutorial_dag']) retrieved from /home/airflow/.local/lib/python3.8/site-packages/airflow/example_dags/tutorial_dag.py
[2024-10-20T03:05:26.972+0000] {logging_mixin.py:154} INFO - [2024-10-20T03:05:26.972+0000] {dag.py:2941} INFO - Sync 1 DAGs
[2024-10-20T03:05:26.986+0000] {logging_mixin.py:154} INFO - [2024-10-20T03:05:26.985+0000] {dag.py:3722} INFO - Setting next_dagrun for tutorial_dag to None, run_after=None
[2024-10-20T03:05:27.009+0000] {processor.py:179} INFO - Processing /home/airflow/.local/lib/python3.8/site-packages/airflow/example_dags/tutorial_dag.py took 0.073 seconds
[2024-10-20T03:05:57.317+0000] {processor.py:157} INFO - Started process (PID=754) to work on /home/airflow/.local/lib/python3.8/site-packages/airflow/example_dags/tutorial_dag.py
[2024-10-20T03:05:57.318+0000] {processor.py:829} INFO - Processing file /home/airflow/.local/lib/python3.8/site-packages/airflow/example_dags/tutorial_dag.py for tasks to queue
[2024-10-20T03:05:57.321+0000] {logging_mixin.py:154} INFO - [2024-10-20T03:05:57.320+0000] {dagbag.py:536} INFO - Filling up the DagBag from /home/airflow/.local/lib/python3.8/site-packages/airflow/example_dags/tutorial_dag.py
[2024-10-20T03:05:57.325+0000] {processor.py:839} INFO - DAG(s) dict_keys(['tutorial_dag']) retrieved from /home/airflow/.local/lib/python3.8/site-packages/airflow/example_dags/tutorial_dag.py
[2024-10-20T03:05:57.348+0000] {logging_mixin.py:154} INFO - [2024-10-20T03:05:57.348+0000] {dag.py:2941} INFO - Sync 1 DAGs
[2024-10-20T03:05:57.360+0000] {logging_mixin.py:154} INFO - [2024-10-20T03:05:57.360+0000] {dag.py:3722} INFO - Setting next_dagrun for tutorial_dag to None, run_after=None
[2024-10-20T03:05:57.383+0000] {processor.py:179} INFO - Processing /home/airflow/.local/lib/python3.8/site-packages/airflow/example_dags/tutorial_dag.py took 0.069 seconds
[2024-10-20T03:06:27.759+0000] {processor.py:157} INFO - Started process (PID=810) to work on /home/airflow/.local/lib/python3.8/site-packages/airflow/example_dags/tutorial_dag.py
[2024-10-20T03:06:27.760+0000] {processor.py:829} INFO - Processing file /home/airflow/.local/lib/python3.8/site-packages/airflow/example_dags/tutorial_dag.py for tasks to queue
[2024-10-20T03:06:27.762+0000] {logging_mixin.py:154} INFO - [2024-10-20T03:06:27.762+0000] {dagbag.py:536} INFO - Filling up the DagBag from /home/airflow/.local/lib/python3.8/site-packages/airflow/example_dags/tutorial_dag.py
[2024-10-20T03:06:27.767+0000] {processor.py:839} INFO - DAG(s) dict_keys(['tutorial_dag']) retrieved from /home/airflow/.local/lib/python3.8/site-packages/airflow/example_dags/tutorial_dag.py
[2024-10-20T03:06:27.787+0000] {logging_mixin.py:154} INFO - [2024-10-20T03:06:27.787+0000] {dag.py:2941} INFO - Sync 1 DAGs
[2024-10-20T03:06:27.799+0000] {logging_mixin.py:154} INFO - [2024-10-20T03:06:27.799+0000] {dag.py:3722} INFO - Setting next_dagrun for tutorial_dag to None, run_after=None
[2024-10-20T03:06:27.822+0000] {processor.py:179} INFO - Processing /home/airflow/.local/lib/python3.8/site-packages/airflow/example_dags/tutorial_dag.py took 0.066 seconds
[2024-10-20T03:06:58.068+0000] {processor.py:157} INFO - Started process (PID=866) to work on /home/airflow/.local/lib/python3.8/site-packages/airflow/example_dags/tutorial_dag.py
[2024-10-20T03:06:58.070+0000] {processor.py:829} INFO - Processing file /home/airflow/.local/lib/python3.8/site-packages/airflow/example_dags/tutorial_dag.py for tasks to queue
[2024-10-20T03:06:58.073+0000] {logging_mixin.py:154} INFO - [2024-10-20T03:06:58.073+0000] {dagbag.py:536} INFO - Filling up the DagBag from /home/airflow/.local/lib/python3.8/site-packages/airflow/example_dags/tutorial_dag.py
[2024-10-20T03:06:58.080+0000] {processor.py:839} INFO - DAG(s) dict_keys(['tutorial_dag']) retrieved from /home/airflow/.local/lib/python3.8/site-packages/airflow/example_dags/tutorial_dag.py
[2024-10-20T03:06:58.109+0000] {logging_mixin.py:154} INFO - [2024-10-20T03:06:58.109+0000] {dag.py:2941} INFO - Sync 1 DAGs
[2024-10-20T03:06:58.125+0000] {logging_mixin.py:154} INFO - [2024-10-20T03:06:58.125+0000] {dag.py:3722} INFO - Setting next_dagrun for tutorial_dag to None, run_after=None
[2024-10-20T03:06:58.150+0000] {processor.py:179} INFO - Processing /home/airflow/.local/lib/python3.8/site-packages/airflow/example_dags/tutorial_dag.py took 0.086 seconds
[2024-10-20T03:07:28.550+0000] {processor.py:157} INFO - Started process (PID=922) to work on /home/airflow/.local/lib/python3.8/site-packages/airflow/example_dags/tutorial_dag.py
[2024-10-20T03:07:28.551+0000] {processor.py:829} INFO - Processing file /home/airflow/.local/lib/python3.8/site-packages/airflow/example_dags/tutorial_dag.py for tasks to queue
[2024-10-20T03:07:28.555+0000] {logging_mixin.py:154} INFO - [2024-10-20T03:07:28.554+0000] {dagbag.py:536} INFO - Filling up the DagBag from /home/airflow/.local/lib/python3.8/site-packages/airflow/example_dags/tutorial_dag.py
[2024-10-20T03:07:28.562+0000] {processor.py:839} INFO - DAG(s) dict_keys(['tutorial_dag']) retrieved from /home/airflow/.local/lib/python3.8/site-packages/airflow/example_dags/tutorial_dag.py
[2024-10-20T03:07:28.586+0000] {logging_mixin.py:154} INFO - [2024-10-20T03:07:28.586+0000] {dag.py:2941} INFO - Sync 1 DAGs
[2024-10-20T03:07:28.601+0000] {logging_mixin.py:154} INFO - [2024-10-20T03:07:28.601+0000] {dag.py:3722} INFO - Setting next_dagrun for tutorial_dag to None, run_after=None
[2024-10-20T03:07:28.626+0000] {processor.py:179} INFO - Processing /home/airflow/.local/lib/python3.8/site-packages/airflow/example_dags/tutorial_dag.py took 0.079 seconds
[2024-10-20T03:08:46.509+0000] {processor.py:157} INFO - Started process (PID=69) to work on /home/airflow/.local/lib/python3.8/site-packages/airflow/example_dags/tutorial_dag.py
[2024-10-20T03:08:46.510+0000] {processor.py:829} INFO - Processing file /home/airflow/.local/lib/python3.8/site-packages/airflow/example_dags/tutorial_dag.py for tasks to queue
[2024-10-20T03:08:46.513+0000] {logging_mixin.py:154} INFO - [2024-10-20T03:08:46.513+0000] {dagbag.py:536} INFO - Filling up the DagBag from /home/airflow/.local/lib/python3.8/site-packages/airflow/example_dags/tutorial_dag.py
[2024-10-20T03:08:46.523+0000] {processor.py:839} INFO - DAG(s) dict_keys(['tutorial_dag']) retrieved from /home/airflow/.local/lib/python3.8/site-packages/airflow/example_dags/tutorial_dag.py
[2024-10-20T03:08:46.540+0000] {logging_mixin.py:154} INFO - [2024-10-20T03:08:46.540+0000] {dag.py:2941} INFO - Sync 1 DAGs
[2024-10-20T03:08:46.559+0000] {logging_mixin.py:154} INFO - [2024-10-20T03:08:46.559+0000] {dag.py:3722} INFO - Setting next_dagrun for tutorial_dag to None, run_after=None
[2024-10-20T03:08:46.591+0000] {processor.py:179} INFO - Processing /home/airflow/.local/lib/python3.8/site-packages/airflow/example_dags/tutorial_dag.py took 0.085 seconds
[2024-10-20T03:09:16.686+0000] {processor.py:157} INFO - Started process (PID=123) to work on /home/airflow/.local/lib/python3.8/site-packages/airflow/example_dags/tutorial_dag.py
[2024-10-20T03:09:16.687+0000] {processor.py:829} INFO - Processing file /home/airflow/.local/lib/python3.8/site-packages/airflow/example_dags/tutorial_dag.py for tasks to queue
[2024-10-20T03:09:16.690+0000] {logging_mixin.py:154} INFO - [2024-10-20T03:09:16.690+0000] {dagbag.py:536} INFO - Filling up the DagBag from /home/airflow/.local/lib/python3.8/site-packages/airflow/example_dags/tutorial_dag.py
[2024-10-20T03:09:16.695+0000] {processor.py:839} INFO - DAG(s) dict_keys(['tutorial_dag']) retrieved from /home/airflow/.local/lib/python3.8/site-packages/airflow/example_dags/tutorial_dag.py
[2024-10-20T03:09:16.720+0000] {logging_mixin.py:154} INFO - [2024-10-20T03:09:16.719+0000] {dag.py:2941} INFO - Sync 1 DAGs
[2024-10-20T03:09:16.735+0000] {logging_mixin.py:154} INFO - [2024-10-20T03:09:16.735+0000] {dag.py:3722} INFO - Setting next_dagrun for tutorial_dag to None, run_after=None
[2024-10-20T03:09:16.762+0000] {processor.py:179} INFO - Processing /home/airflow/.local/lib/python3.8/site-packages/airflow/example_dags/tutorial_dag.py took 0.080 seconds
[2024-10-20T03:09:47.011+0000] {processor.py:157} INFO - Started process (PID=179) to work on /home/airflow/.local/lib/python3.8/site-packages/airflow/example_dags/tutorial_dag.py
[2024-10-20T03:09:47.012+0000] {processor.py:829} INFO - Processing file /home/airflow/.local/lib/python3.8/site-packages/airflow/example_dags/tutorial_dag.py for tasks to queue
[2024-10-20T03:09:47.015+0000] {logging_mixin.py:154} INFO - [2024-10-20T03:09:47.014+0000] {dagbag.py:536} INFO - Filling up the DagBag from /home/airflow/.local/lib/python3.8/site-packages/airflow/example_dags/tutorial_dag.py
[2024-10-20T03:09:47.020+0000] {processor.py:839} INFO - DAG(s) dict_keys(['tutorial_dag']) retrieved from /home/airflow/.local/lib/python3.8/site-packages/airflow/example_dags/tutorial_dag.py
[2024-10-20T03:09:47.042+0000] {logging_mixin.py:154} INFO - [2024-10-20T03:09:47.042+0000] {dag.py:2941} INFO - Sync 1 DAGs
[2024-10-20T03:09:47.055+0000] {logging_mixin.py:154} INFO - [2024-10-20T03:09:47.054+0000] {dag.py:3722} INFO - Setting next_dagrun for tutorial_dag to None, run_after=None
[2024-10-20T03:09:47.077+0000] {processor.py:179} INFO - Processing /home/airflow/.local/lib/python3.8/site-packages/airflow/example_dags/tutorial_dag.py took 0.069 seconds
[2024-10-20T03:10:17.280+0000] {processor.py:157} INFO - Started process (PID=235) to work on /home/airflow/.local/lib/python3.8/site-packages/airflow/example_dags/tutorial_dag.py
[2024-10-20T03:10:17.281+0000] {processor.py:829} INFO - Processing file /home/airflow/.local/lib/python3.8/site-packages/airflow/example_dags/tutorial_dag.py for tasks to queue
[2024-10-20T03:10:17.284+0000] {logging_mixin.py:154} INFO - [2024-10-20T03:10:17.283+0000] {dagbag.py:536} INFO - Filling up the DagBag from /home/airflow/.local/lib/python3.8/site-packages/airflow/example_dags/tutorial_dag.py
[2024-10-20T03:10:17.288+0000] {processor.py:839} INFO - DAG(s) dict_keys(['tutorial_dag']) retrieved from /home/airflow/.local/lib/python3.8/site-packages/airflow/example_dags/tutorial_dag.py
[2024-10-20T03:10:17.309+0000] {logging_mixin.py:154} INFO - [2024-10-20T03:10:17.309+0000] {dag.py:2941} INFO - Sync 1 DAGs
[2024-10-20T03:10:17.322+0000] {logging_mixin.py:154} INFO - [2024-10-20T03:10:17.322+0000] {dag.py:3722} INFO - Setting next_dagrun for tutorial_dag to None, run_after=None
[2024-10-20T03:10:17.351+0000] {processor.py:179} INFO - Processing /home/airflow/.local/lib/python3.8/site-packages/airflow/example_dags/tutorial_dag.py took 0.074 seconds
[2024-10-20T03:10:47.722+0000] {processor.py:157} INFO - Started process (PID=297) to work on /home/airflow/.local/lib/python3.8/site-packages/airflow/example_dags/tutorial_dag.py
[2024-10-20T03:10:47.723+0000] {processor.py:829} INFO - Processing file /home/airflow/.local/lib/python3.8/site-packages/airflow/example_dags/tutorial_dag.py for tasks to queue
[2024-10-20T03:10:47.726+0000] {logging_mixin.py:154} INFO - [2024-10-20T03:10:47.725+0000] {dagbag.py:536} INFO - Filling up the DagBag from /home/airflow/.local/lib/python3.8/site-packages/airflow/example_dags/tutorial_dag.py
[2024-10-20T03:10:47.731+0000] {processor.py:839} INFO - DAG(s) dict_keys(['tutorial_dag']) retrieved from /home/airflow/.local/lib/python3.8/site-packages/airflow/example_dags/tutorial_dag.py
[2024-10-20T03:10:47.756+0000] {logging_mixin.py:154} INFO - [2024-10-20T03:10:47.756+0000] {dag.py:2941} INFO - Sync 1 DAGs
[2024-10-20T03:10:47.773+0000] {logging_mixin.py:154} INFO - [2024-10-20T03:10:47.773+0000] {dag.py:3722} INFO - Setting next_dagrun for tutorial_dag to None, run_after=None
[2024-10-20T03:10:47.806+0000] {processor.py:179} INFO - Processing /home/airflow/.local/lib/python3.8/site-packages/airflow/example_dags/tutorial_dag.py took 0.088 seconds
[2024-10-20T03:11:18.026+0000] {processor.py:157} INFO - Started process (PID=353) to work on /home/airflow/.local/lib/python3.8/site-packages/airflow/example_dags/tutorial_dag.py
[2024-10-20T03:11:18.027+0000] {processor.py:829} INFO - Processing file /home/airflow/.local/lib/python3.8/site-packages/airflow/example_dags/tutorial_dag.py for tasks to queue
[2024-10-20T03:11:18.030+0000] {logging_mixin.py:154} INFO - [2024-10-20T03:11:18.030+0000] {dagbag.py:536} INFO - Filling up the DagBag from /home/airflow/.local/lib/python3.8/site-packages/airflow/example_dags/tutorial_dag.py
[2024-10-20T03:11:18.036+0000] {processor.py:839} INFO - DAG(s) dict_keys(['tutorial_dag']) retrieved from /home/airflow/.local/lib/python3.8/site-packages/airflow/example_dags/tutorial_dag.py
[2024-10-20T03:11:18.062+0000] {logging_mixin.py:154} INFO - [2024-10-20T03:11:18.062+0000] {dag.py:2941} INFO - Sync 1 DAGs
[2024-10-20T03:11:18.077+0000] {logging_mixin.py:154} INFO - [2024-10-20T03:11:18.076+0000] {dag.py:3722} INFO - Setting next_dagrun for tutorial_dag to None, run_after=None
[2024-10-20T03:11:18.103+0000] {processor.py:179} INFO - Processing /home/airflow/.local/lib/python3.8/site-packages/airflow/example_dags/tutorial_dag.py took 0.080 seconds
[2024-10-20T03:11:48.509+0000] {processor.py:157} INFO - Started process (PID=409) to work on /home/airflow/.local/lib/python3.8/site-packages/airflow/example_dags/tutorial_dag.py
[2024-10-20T03:11:48.510+0000] {processor.py:829} INFO - Processing file /home/airflow/.local/lib/python3.8/site-packages/airflow/example_dags/tutorial_dag.py for tasks to queue
[2024-10-20T03:11:48.513+0000] {logging_mixin.py:154} INFO - [2024-10-20T03:11:48.512+0000] {dagbag.py:536} INFO - Filling up the DagBag from /home/airflow/.local/lib/python3.8/site-packages/airflow/example_dags/tutorial_dag.py
[2024-10-20T03:11:48.518+0000] {processor.py:839} INFO - DAG(s) dict_keys(['tutorial_dag']) retrieved from /home/airflow/.local/lib/python3.8/site-packages/airflow/example_dags/tutorial_dag.py
[2024-10-20T03:11:48.540+0000] {logging_mixin.py:154} INFO - [2024-10-20T03:11:48.540+0000] {dag.py:2941} INFO - Sync 1 DAGs
[2024-10-20T03:11:48.554+0000] {logging_mixin.py:154} INFO - [2024-10-20T03:11:48.554+0000] {dag.py:3722} INFO - Setting next_dagrun for tutorial_dag to None, run_after=None
[2024-10-20T03:11:48.579+0000] {processor.py:179} INFO - Processing /home/airflow/.local/lib/python3.8/site-packages/airflow/example_dags/tutorial_dag.py took 0.073 seconds
[2024-10-20T03:12:18.805+0000] {processor.py:157} INFO - Started process (PID=465) to work on /home/airflow/.local/lib/python3.8/site-packages/airflow/example_dags/tutorial_dag.py
[2024-10-20T03:12:18.806+0000] {processor.py:829} INFO - Processing file /home/airflow/.local/lib/python3.8/site-packages/airflow/example_dags/tutorial_dag.py for tasks to queue
[2024-10-20T03:12:18.808+0000] {logging_mixin.py:154} INFO - [2024-10-20T03:12:18.808+0000] {dagbag.py:536} INFO - Filling up the DagBag from /home/airflow/.local/lib/python3.8/site-packages/airflow/example_dags/tutorial_dag.py
[2024-10-20T03:12:18.814+0000] {processor.py:839} INFO - DAG(s) dict_keys(['tutorial_dag']) retrieved from /home/airflow/.local/lib/python3.8/site-packages/airflow/example_dags/tutorial_dag.py
[2024-10-20T03:12:18.838+0000] {logging_mixin.py:154} INFO - [2024-10-20T03:12:18.838+0000] {dag.py:2941} INFO - Sync 1 DAGs
[2024-10-20T03:12:18.852+0000] {logging_mixin.py:154} INFO - [2024-10-20T03:12:18.852+0000] {dag.py:3722} INFO - Setting next_dagrun for tutorial_dag to None, run_after=None
[2024-10-20T03:12:18.877+0000] {processor.py:179} INFO - Processing /home/airflow/.local/lib/python3.8/site-packages/airflow/example_dags/tutorial_dag.py took 0.075 seconds
[2024-10-20T03:12:49.435+0000] {processor.py:157} INFO - Started process (PID=521) to work on /home/airflow/.local/lib/python3.8/site-packages/airflow/example_dags/tutorial_dag.py
[2024-10-20T03:12:49.438+0000] {processor.py:829} INFO - Processing file /home/airflow/.local/lib/python3.8/site-packages/airflow/example_dags/tutorial_dag.py for tasks to queue
[2024-10-20T03:12:49.440+0000] {logging_mixin.py:154} INFO - [2024-10-20T03:12:49.440+0000] {dagbag.py:536} INFO - Filling up the DagBag from /home/airflow/.local/lib/python3.8/site-packages/airflow/example_dags/tutorial_dag.py
[2024-10-20T03:12:49.445+0000] {processor.py:839} INFO - DAG(s) dict_keys(['tutorial_dag']) retrieved from /home/airflow/.local/lib/python3.8/site-packages/airflow/example_dags/tutorial_dag.py
[2024-10-20T03:12:49.473+0000] {logging_mixin.py:154} INFO - [2024-10-20T03:12:49.473+0000] {dag.py:2941} INFO - Sync 1 DAGs
[2024-10-20T03:12:49.489+0000] {logging_mixin.py:154} INFO - [2024-10-20T03:12:49.489+0000] {dag.py:3722} INFO - Setting next_dagrun for tutorial_dag to None, run_after=None
[2024-10-20T03:12:49.516+0000] {processor.py:179} INFO - Processing /home/airflow/.local/lib/python3.8/site-packages/airflow/example_dags/tutorial_dag.py took 0.084 seconds
[2024-10-20T03:13:19.940+0000] {processor.py:157} INFO - Started process (PID=577) to work on /home/airflow/.local/lib/python3.8/site-packages/airflow/example_dags/tutorial_dag.py
[2024-10-20T03:13:19.941+0000] {processor.py:829} INFO - Processing file /home/airflow/.local/lib/python3.8/site-packages/airflow/example_dags/tutorial_dag.py for tasks to queue
[2024-10-20T03:13:19.944+0000] {logging_mixin.py:154} INFO - [2024-10-20T03:13:19.943+0000] {dagbag.py:536} INFO - Filling up the DagBag from /home/airflow/.local/lib/python3.8/site-packages/airflow/example_dags/tutorial_dag.py
[2024-10-20T03:13:19.949+0000] {processor.py:839} INFO - DAG(s) dict_keys(['tutorial_dag']) retrieved from /home/airflow/.local/lib/python3.8/site-packages/airflow/example_dags/tutorial_dag.py
[2024-10-20T03:13:19.974+0000] {logging_mixin.py:154} INFO - [2024-10-20T03:13:19.974+0000] {dag.py:2941} INFO - Sync 1 DAGs
[2024-10-20T03:13:19.988+0000] {logging_mixin.py:154} INFO - [2024-10-20T03:13:19.988+0000] {dag.py:3722} INFO - Setting next_dagrun for tutorial_dag to None, run_after=None
[2024-10-20T03:13:20.015+0000] {processor.py:179} INFO - Processing /home/airflow/.local/lib/python3.8/site-packages/airflow/example_dags/tutorial_dag.py took 0.078 seconds
[2024-10-20T03:13:50.417+0000] {processor.py:157} INFO - Started process (PID=633) to work on /home/airflow/.local/lib/python3.8/site-packages/airflow/example_dags/tutorial_dag.py
[2024-10-20T03:13:50.419+0000] {processor.py:829} INFO - Processing file /home/airflow/.local/lib/python3.8/site-packages/airflow/example_dags/tutorial_dag.py for tasks to queue
[2024-10-20T03:13:50.421+0000] {logging_mixin.py:154} INFO - [2024-10-20T03:13:50.421+0000] {dagbag.py:536} INFO - Filling up the DagBag from /home/airflow/.local/lib/python3.8/site-packages/airflow/example_dags/tutorial_dag.py
[2024-10-20T03:13:50.427+0000] {processor.py:839} INFO - DAG(s) dict_keys(['tutorial_dag']) retrieved from /home/airflow/.local/lib/python3.8/site-packages/airflow/example_dags/tutorial_dag.py
[2024-10-20T03:13:50.452+0000] {logging_mixin.py:154} INFO - [2024-10-20T03:13:50.451+0000] {dag.py:2941} INFO - Sync 1 DAGs
[2024-10-20T03:13:50.467+0000] {logging_mixin.py:154} INFO - [2024-10-20T03:13:50.467+0000] {dag.py:3722} INFO - Setting next_dagrun for tutorial_dag to None, run_after=None
[2024-10-20T03:13:50.494+0000] {processor.py:179} INFO - Processing /home/airflow/.local/lib/python3.8/site-packages/airflow/example_dags/tutorial_dag.py took 0.079 seconds
[2024-10-20T03:14:20.890+0000] {processor.py:157} INFO - Started process (PID=689) to work on /home/airflow/.local/lib/python3.8/site-packages/airflow/example_dags/tutorial_dag.py
[2024-10-20T03:14:20.891+0000] {processor.py:829} INFO - Processing file /home/airflow/.local/lib/python3.8/site-packages/airflow/example_dags/tutorial_dag.py for tasks to queue
[2024-10-20T03:14:20.894+0000] {logging_mixin.py:154} INFO - [2024-10-20T03:14:20.894+0000] {dagbag.py:536} INFO - Filling up the DagBag from /home/airflow/.local/lib/python3.8/site-packages/airflow/example_dags/tutorial_dag.py
[2024-10-20T03:14:20.900+0000] {processor.py:839} INFO - DAG(s) dict_keys(['tutorial_dag']) retrieved from /home/airflow/.local/lib/python3.8/site-packages/airflow/example_dags/tutorial_dag.py
[2024-10-20T03:14:20.925+0000] {logging_mixin.py:154} INFO - [2024-10-20T03:14:20.925+0000] {dag.py:2941} INFO - Sync 1 DAGs
[2024-10-20T03:14:20.940+0000] {logging_mixin.py:154} INFO - [2024-10-20T03:14:20.939+0000] {dag.py:3722} INFO - Setting next_dagrun for tutorial_dag to None, run_after=None
[2024-10-20T03:14:20.966+0000] {processor.py:179} INFO - Processing /home/airflow/.local/lib/python3.8/site-packages/airflow/example_dags/tutorial_dag.py took 0.079 seconds
[2024-10-20T03:14:51.241+0000] {processor.py:157} INFO - Started process (PID=745) to work on /home/airflow/.local/lib/python3.8/site-packages/airflow/example_dags/tutorial_dag.py
[2024-10-20T03:14:51.242+0000] {processor.py:829} INFO - Processing file /home/airflow/.local/lib/python3.8/site-packages/airflow/example_dags/tutorial_dag.py for tasks to queue
[2024-10-20T03:14:51.245+0000] {logging_mixin.py:154} INFO - [2024-10-20T03:14:51.245+0000] {dagbag.py:536} INFO - Filling up the DagBag from /home/airflow/.local/lib/python3.8/site-packages/airflow/example_dags/tutorial_dag.py
[2024-10-20T03:14:51.250+0000] {processor.py:839} INFO - DAG(s) dict_keys(['tutorial_dag']) retrieved from /home/airflow/.local/lib/python3.8/site-packages/airflow/example_dags/tutorial_dag.py
[2024-10-20T03:14:51.273+0000] {logging_mixin.py:154} INFO - [2024-10-20T03:14:51.273+0000] {dag.py:2941} INFO - Sync 1 DAGs
[2024-10-20T03:14:51.285+0000] {logging_mixin.py:154} INFO - [2024-10-20T03:14:51.285+0000] {dag.py:3722} INFO - Setting next_dagrun for tutorial_dag to None, run_after=None
[2024-10-20T03:14:51.305+0000] {processor.py:179} INFO - Processing /home/airflow/.local/lib/python3.8/site-packages/airflow/example_dags/tutorial_dag.py took 0.067 seconds
[2024-10-20T03:15:21.850+0000] {processor.py:157} INFO - Started process (PID=801) to work on /home/airflow/.local/lib/python3.8/site-packages/airflow/example_dags/tutorial_dag.py
[2024-10-20T03:15:21.851+0000] {processor.py:829} INFO - Processing file /home/airflow/.local/lib/python3.8/site-packages/airflow/example_dags/tutorial_dag.py for tasks to queue
[2024-10-20T03:15:21.853+0000] {logging_mixin.py:154} INFO - [2024-10-20T03:15:21.853+0000] {dagbag.py:536} INFO - Filling up the DagBag from /home/airflow/.local/lib/python3.8/site-packages/airflow/example_dags/tutorial_dag.py
[2024-10-20T03:15:21.858+0000] {processor.py:839} INFO - DAG(s) dict_keys(['tutorial_dag']) retrieved from /home/airflow/.local/lib/python3.8/site-packages/airflow/example_dags/tutorial_dag.py
[2024-10-20T03:15:21.883+0000] {logging_mixin.py:154} INFO - [2024-10-20T03:15:21.882+0000] {dag.py:2941} INFO - Sync 1 DAGs
[2024-10-20T03:15:21.896+0000] {logging_mixin.py:154} INFO - [2024-10-20T03:15:21.896+0000] {dag.py:3722} INFO - Setting next_dagrun for tutorial_dag to None, run_after=None
[2024-10-20T03:15:21.924+0000] {processor.py:179} INFO - Processing /home/airflow/.local/lib/python3.8/site-packages/airflow/example_dags/tutorial_dag.py took 0.077 seconds
[2024-10-20T03:15:52.547+0000] {processor.py:157} INFO - Started process (PID=857) to work on /home/airflow/.local/lib/python3.8/site-packages/airflow/example_dags/tutorial_dag.py
[2024-10-20T03:15:52.548+0000] {processor.py:829} INFO - Processing file /home/airflow/.local/lib/python3.8/site-packages/airflow/example_dags/tutorial_dag.py for tasks to queue
[2024-10-20T03:15:52.551+0000] {logging_mixin.py:154} INFO - [2024-10-20T03:15:52.551+0000] {dagbag.py:536} INFO - Filling up the DagBag from /home/airflow/.local/lib/python3.8/site-packages/airflow/example_dags/tutorial_dag.py
[2024-10-20T03:15:52.555+0000] {processor.py:839} INFO - DAG(s) dict_keys(['tutorial_dag']) retrieved from /home/airflow/.local/lib/python3.8/site-packages/airflow/example_dags/tutorial_dag.py
[2024-10-20T03:15:52.579+0000] {logging_mixin.py:154} INFO - [2024-10-20T03:15:52.579+0000] {dag.py:2941} INFO - Sync 1 DAGs
[2024-10-20T03:15:52.594+0000] {logging_mixin.py:154} INFO - [2024-10-20T03:15:52.593+0000] {dag.py:3722} INFO - Setting next_dagrun for tutorial_dag to None, run_after=None
[2024-10-20T03:15:52.615+0000] {processor.py:179} INFO - Processing /home/airflow/.local/lib/python3.8/site-packages/airflow/example_dags/tutorial_dag.py took 0.071 seconds
[2024-10-20T03:16:23.316+0000] {processor.py:157} INFO - Started process (PID=913) to work on /home/airflow/.local/lib/python3.8/site-packages/airflow/example_dags/tutorial_dag.py
[2024-10-20T03:16:23.317+0000] {processor.py:829} INFO - Processing file /home/airflow/.local/lib/python3.8/site-packages/airflow/example_dags/tutorial_dag.py for tasks to queue
[2024-10-20T03:16:23.320+0000] {logging_mixin.py:154} INFO - [2024-10-20T03:16:23.319+0000] {dagbag.py:536} INFO - Filling up the DagBag from /home/airflow/.local/lib/python3.8/site-packages/airflow/example_dags/tutorial_dag.py
[2024-10-20T03:16:23.324+0000] {processor.py:839} INFO - DAG(s) dict_keys(['tutorial_dag']) retrieved from /home/airflow/.local/lib/python3.8/site-packages/airflow/example_dags/tutorial_dag.py
[2024-10-20T03:16:23.347+0000] {logging_mixin.py:154} INFO - [2024-10-20T03:16:23.346+0000] {dag.py:2941} INFO - Sync 1 DAGs
[2024-10-20T03:16:23.359+0000] {logging_mixin.py:154} INFO - [2024-10-20T03:16:23.359+0000] {dag.py:3722} INFO - Setting next_dagrun for tutorial_dag to None, run_after=None
[2024-10-20T03:16:23.384+0000] {processor.py:179} INFO - Processing /home/airflow/.local/lib/python3.8/site-packages/airflow/example_dags/tutorial_dag.py took 0.071 seconds
[2024-10-20T03:16:53.584+0000] {processor.py:157} INFO - Started process (PID=969) to work on /home/airflow/.local/lib/python3.8/site-packages/airflow/example_dags/tutorial_dag.py
[2024-10-20T03:16:53.585+0000] {processor.py:829} INFO - Processing file /home/airflow/.local/lib/python3.8/site-packages/airflow/example_dags/tutorial_dag.py for tasks to queue
[2024-10-20T03:16:53.587+0000] {logging_mixin.py:154} INFO - [2024-10-20T03:16:53.587+0000] {dagbag.py:536} INFO - Filling up the DagBag from /home/airflow/.local/lib/python3.8/site-packages/airflow/example_dags/tutorial_dag.py
[2024-10-20T03:16:53.592+0000] {processor.py:839} INFO - DAG(s) dict_keys(['tutorial_dag']) retrieved from /home/airflow/.local/lib/python3.8/site-packages/airflow/example_dags/tutorial_dag.py
[2024-10-20T03:16:53.612+0000] {logging_mixin.py:154} INFO - [2024-10-20T03:16:53.612+0000] {dag.py:2941} INFO - Sync 1 DAGs
[2024-10-20T03:16:53.624+0000] {logging_mixin.py:154} INFO - [2024-10-20T03:16:53.624+0000] {dag.py:3722} INFO - Setting next_dagrun for tutorial_dag to None, run_after=None
[2024-10-20T03:16:53.646+0000] {processor.py:179} INFO - Processing /home/airflow/.local/lib/python3.8/site-packages/airflow/example_dags/tutorial_dag.py took 0.066 seconds
[2024-10-20T03:17:24.153+0000] {processor.py:157} INFO - Started process (PID=1025) to work on /home/airflow/.local/lib/python3.8/site-packages/airflow/example_dags/tutorial_dag.py
[2024-10-20T03:17:24.155+0000] {processor.py:829} INFO - Processing file /home/airflow/.local/lib/python3.8/site-packages/airflow/example_dags/tutorial_dag.py for tasks to queue
[2024-10-20T03:17:24.158+0000] {logging_mixin.py:154} INFO - [2024-10-20T03:17:24.157+0000] {dagbag.py:536} INFO - Filling up the DagBag from /home/airflow/.local/lib/python3.8/site-packages/airflow/example_dags/tutorial_dag.py
[2024-10-20T03:17:24.163+0000] {processor.py:839} INFO - DAG(s) dict_keys(['tutorial_dag']) retrieved from /home/airflow/.local/lib/python3.8/site-packages/airflow/example_dags/tutorial_dag.py
[2024-10-20T03:17:24.188+0000] {logging_mixin.py:154} INFO - [2024-10-20T03:17:24.188+0000] {dag.py:2941} INFO - Sync 1 DAGs
[2024-10-20T03:17:24.204+0000] {logging_mixin.py:154} INFO - [2024-10-20T03:17:24.204+0000] {dag.py:3722} INFO - Setting next_dagrun for tutorial_dag to None, run_after=None
[2024-10-20T03:17:24.232+0000] {processor.py:179} INFO - Processing /home/airflow/.local/lib/python3.8/site-packages/airflow/example_dags/tutorial_dag.py took 0.082 seconds
